Running 1m test @ http://erik-pc.local:8080/fruits
  4 threads and 100 connections
  Thread calibration: mean lat.: 487.098ms, rate sampling interval: 1725ms
  Thread calibration: mean lat.: 535.892ms, rate sampling interval: 1753ms
  Thread calibration: mean lat.: 387.202ms, rate sampling interval: 1262ms
  Thread calibration: mean lat.: 261.341ms, rate sampling interval: 1460ms
  Thread Stats   Avg      Stdev     Max   +/- Stdev
    Latency     2.89s     1.28s    6.09s    59.05%
    Req/Sec     6.43k   373.59     7.30k    69.77%
  Latency Distribution (HdrHistogram - Recorded Latency)
 50.000%    2.84s 
 75.000%    3.93s 
 90.000%    4.64s 
 99.000%    5.58s 
 99.900%    5.91s 
 99.990%    6.01s 
 99.999%    6.07s 
100.000%    6.10s 

  Detailed Percentile spectrum:
       Value   Percentile   TotalCount 1/(1-Percentile)

     552.447     0.000000            1         1.00
    1206.271     0.100000       128495         1.11
    1553.407     0.200000       256683         1.25
    1945.599     0.300000       384644         1.43
    2416.639     0.400000       513055         1.67
    2836.479     0.500000       640979         2.00
    3033.087     0.550000       705485         2.22
    3244.031     0.600000       769275         2.50
    3477.503     0.650000       833118         2.86
    3708.927     0.700000       897683         3.33
    3934.207     0.750000       961384         4.00
    4042.751     0.775000       993354         4.44
    4143.103     0.800000      1025328         5.00
    4263.935     0.825000      1058124         5.71
    4378.623     0.850000      1089765         6.67
    4509.695     0.875000      1121750         8.00
    4571.135     0.887500      1138219         8.89
    4636.671     0.900000      1154138        10.00
    4718.591     0.912500      1169544        11.43
    4800.511     0.925000      1186277        13.33
    4890.623     0.937500      1201958        16.00
    4943.871     0.943750      1209922        17.78
    4997.119     0.950000      1218047        20.00
    5058.559     0.956250      1225674        22.86
    5144.575     0.962500      1233818        26.67
    5255.167     0.968750      1241655        32.00
    5300.223     0.971875      1245752        35.56
    5345.279     0.975000      1249872        40.00
    5398.527     0.978125      1253841        45.71
    5447.679     0.981250      1257975        53.33
    5488.639     0.984375      1261916        64.00
    5513.215     0.985938      1263839        71.11
    5541.887     0.987500      1265841        80.00
    5566.463     0.989062      1267920        91.43
    5591.039     0.990625      1269772       106.67
    5623.807     0.992188      1271737       128.00
    5640.191     0.992969      1272770       142.22
    5656.575     0.993750      1273844       160.00
    5668.863     0.994531      1274659       182.86
    5689.343     0.995313      1275668       213.33
    5718.015     0.996094      1276707       256.00
    5738.495     0.996484      1277223       284.44
    5754.879     0.996875      1277662       320.00
    5775.359     0.997266      1278240       365.71
    5795.839     0.997656      1278733       426.67
    5820.415     0.998047      1279167       512.00
    5840.895     0.998242      1279409       568.89
    5861.375     0.998437      1279653       640.00
    5881.855     0.998633      1279945       731.43
    5898.239     0.998828      1280210       853.33
    5910.527     0.999023      1280407      1024.00
    5918.719     0.999121      1280556      1137.78
    5926.911     0.999219      1280700      1280.00
    5931.007     0.999316      1280779      1462.86
    5939.199     0.999414      1280926      1706.67
    5947.391     0.999512      1281082      2048.00
    5951.487     0.999561      1281152      2275.56
    5955.583     0.999609      1281214      2560.00
    5959.679     0.999658      1281263      2925.71
    5963.775     0.999707      1281314      3413.33
    5967.871     0.999756      1281363      4096.00
    5971.967     0.999780      1281397      4551.11
    5976.063     0.999805      1281421      5120.00
    5980.159     0.999829      1281447      5851.43
    5984.255     0.999854      1281475      6826.67
    5996.543     0.999878      1281500      8192.00
    6004.735     0.999890      1281516      9102.22
    6012.927     0.999902      1281529     10240.00
    6021.119     0.999915      1281546     11702.86
    6029.311     0.999927      1281561     13653.33
    6037.503     0.999939      1281579     16384.00
    6041.599     0.999945      1281587     18204.44
    6045.695     0.999951      1281595     20480.00
    6049.791     0.999957      1281604     23405.71
    6053.887     0.999963      1281617     27306.67
    6053.887     0.999969      1281617     32768.00
    6057.983     0.999973      1281624     36408.89
    6057.983     0.999976      1281624     40960.00
    6062.079     0.999979      1281634     46811.43
    6062.079     0.999982      1281634     54613.33
    6066.175     0.999985      1281638     65536.00
    6066.175     0.999986      1281638     72817.78
    6070.271     0.999988      1281639     81920.00
    6074.367     0.999989      1281641     93622.86
    6078.463     0.999991      1281643    109226.67
    6082.559     0.999992      1281647    131072.00
    6082.559     0.999993      1281647    145635.56
    6082.559     0.999994      1281647    163840.00
    6086.655     0.999995      1281649    187245.71
    6086.655     0.999995      1281649    218453.33
    6090.751     0.999996      1281651    262144.00
    6090.751     0.999997      1281651    291271.11
    6090.751     0.999997      1281651    327680.00
    6090.751     0.999997      1281651    374491.43
    6094.847     0.999998      1281653    436906.67
    6094.847     0.999998      1281653    524288.00
    6094.847     0.999998      1281653    582542.22
    6094.847     0.999998      1281653    655360.00
    6094.847     0.999999      1281653    748982.86
    6094.847     0.999999      1281653    873813.33
    6094.847     0.999999      1281653   1048576.00
    6094.847     0.999999      1281653   1165084.44
    6098.943     0.999999      1281654   1310720.00
    6098.943     1.000000      1281654          inf
#[Mean    =     2885.437, StdDeviation   =     1280.542]
#[Max     =     6094.848, Total count    =      1281654]
#[Buckets =           27, SubBuckets     =         2048]
----------------------------------------------------------
  1538179 requests in 1.00m, 249.38MB read
Requests/sec:  25628.00
Transfer/sec:      4.15MB
