Running 1m test @ http://erik-pc.local:8080/fruits
  4 threads and 100 connections
  Thread calibration: mean lat.: 1.609ms, rate sampling interval: 10ms
  Thread calibration: mean lat.: 1.605ms, rate sampling interval: 10ms
  Thread calibration: mean lat.: 1.554ms, rate sampling interval: 10ms
  Thread calibration: mean lat.: 1.577ms, rate sampling interval: 10ms
  Thread Stats   Avg      Stdev     Max   +/- Stdev
    Latency     1.60ms  577.08us   6.99ms   65.52%
    Req/Sec     3.96k   305.23     5.44k    72.48%
  Latency Distribution (HdrHistogram - Recorded Latency)
 50.000%    1.54ms
 75.000%    1.99ms
 90.000%    2.42ms
 99.000%    3.00ms
 99.900%    3.65ms
 99.990%    4.82ms
 99.999%    6.19ms
100.000%    6.99ms

  Detailed Percentile spectrum:
       Value   Percentile   TotalCount 1/(1-Percentile)

       0.330     0.000000            1         1.00
       0.895     0.100000        74993         1.11
       1.083     0.200000       149954         1.25
       1.237     0.300000       224626         1.43
       1.385     0.400000       299525         1.67
       1.536     0.500000       374291         2.00
       1.613     0.550000       411737         2.22
       1.695     0.600000       449227         2.50
       1.783     0.650000       486504         2.86
       1.882     0.700000       523823         3.33
       1.994     0.750000       561181         4.00
       2.057     0.775000       580020         4.44
       2.121     0.800000       598511         5.00
       2.191     0.825000       617633         5.71
       2.263     0.850000       635909         6.67
       2.341     0.875000       654907         8.00
       2.381     0.887500       663956         8.89
       2.425     0.900000       673497        10.00
       2.471     0.912500       682970        11.43
       2.519     0.925000       692281        13.33
       2.573     0.937500       701596        16.00
       2.601     0.943750       706078        17.78
       2.633     0.950000       710807        20.00
       2.669     0.956250       715483        22.86
       2.707     0.962500       720179        26.67
       2.751     0.968750       724870        32.00
       2.775     0.971875       727136        35.56
       2.801     0.975000       729472        40.00
       2.829     0.978125       731809        45.71
       2.863     0.981250       734175        53.33
       2.901     0.984375       736487        64.00
       2.923     0.985938       737599        71.11
       2.949     0.987500       738803        80.00
       2.977     0.989062       739963        91.43
       3.011     0.990625       741138       106.67
       3.051     0.992188       742323       128.00
       3.073     0.992969       742884       142.22
       3.099     0.993750       743461       160.00
       3.129     0.994531       744036       182.86
       3.163     0.995313       744638       213.33
       3.203     0.996094       745212       256.00
       3.229     0.996484       745498       284.44
       3.257     0.996875       745779       320.00
       3.291     0.997266       746072       365.71
       3.341     0.997656       746368       426.67
       3.393     0.998047       746669       512.00
       3.423     0.998242       746804       568.89
       3.463     0.998437       746956       640.00
       3.511     0.998633       747095       731.43
       3.575     0.998828       747244       853.33
       3.659     0.999023       747386      1024.00
       3.713     0.999121       747459      1137.78
       3.783     0.999219       747535      1280.00
       3.861     0.999316       747607      1462.86
       3.937     0.999414       747678      1706.67
       4.029     0.999512       747751      2048.00
       4.093     0.999561       747788      2275.56
       4.159     0.999609       747825      2560.00
       4.227     0.999658       747863      2925.71
       4.315     0.999707       747900      3413.33
       4.391     0.999756       747934      4096.00
       4.427     0.999780       747952      4551.11
       4.471     0.999805       747970      5120.00
       4.555     0.999829       747989      5851.43
       4.643     0.999854       748007      6826.67
       4.767     0.999878       748026      8192.00
       4.787     0.999890       748034      9102.22
       4.831     0.999902       748044     10240.00
       4.931     0.999915       748053     11702.86
       5.019     0.999927       748062     13653.33
       5.087     0.999939       748071     16384.00
       5.123     0.999945       748075     18204.44
       5.179     0.999951       748080     20480.00
       5.235     0.999957       748085     23405.71
       5.255     0.999963       748089     27306.67
       5.323     0.999969       748094     32768.00
       5.355     0.999973       748096     36408.89
       5.423     0.999976       748098     40960.00
       5.519     0.999979       748101     46811.43
       5.551     0.999982       748103     54613.33
       5.867     0.999985       748105     65536.00
       5.871     0.999986       748106     72817.78
       6.051     0.999988       748107     81920.00
       6.187     0.999989       748109     93622.86
       6.259     0.999991       748110    109226.67
       6.283     0.999992       748111    131072.00
       6.283     0.999993       748111    145635.56
       6.623     0.999994       748112    163840.00
       6.675     0.999995       748113    187245.71
       6.675     0.999995       748113    218453.33
       6.699     0.999996       748114    262144.00
       6.699     0.999997       748114    291271.11
       6.699     0.999997       748114    327680.00
       6.743     0.999997       748115    374491.43
       6.743     0.999998       748115    436906.67
       6.743     0.999998       748115    524288.00
       6.743     0.999998       748115    582542.22
       6.743     0.999998       748115    655360.00
       6.995     0.999999       748116    748982.86
       6.995     1.000000       748116          inf
#[Mean    =        1.604, StdDeviation   =        0.577]
#[Max     =        6.992, Total count    =       748116]
#[Buckets =           27, SubBuckets     =         2048]
----------------------------------------------------------
  899117 requests in 1.00m, 145.77MB read
Requests/sec:  14985.23
Transfer/sec:      2.43MB
