Running 1m test @ http://erik-pc.local:8080/fruits
  4 threads and 100 connections
  Thread calibration: mean lat.: 17.551ms, rate sampling interval: 78ms
  Thread calibration: mean lat.: 18.205ms, rate sampling interval: 78ms
  Thread calibration: mean lat.: 18.564ms, rate sampling interval: 80ms
  Thread calibration: mean lat.: 18.336ms, rate sampling interval: 79ms
  Thread Stats   Avg      Stdev     Max   +/- Stdev
    Latency    18.55ms   15.04ms  72.77ms   49.74%
    Req/Sec     5.54k     1.29k    8.85k    61.71%
  Latency Distribution (HdrHistogram - Recorded Latency)
 50.000%   17.20ms
 75.000%   31.52ms
 90.000%   39.90ms
 99.000%   49.15ms
 99.900%   55.39ms
 99.990%   63.71ms
 99.999%   69.95ms
100.000%   72.83ms

  Detailed Percentile spectrum:
       Value   Percentile   TotalCount 1/(1-Percentile)

       0.291     0.000000            1         1.00
       1.190     0.100000       109772         1.11
       1.835     0.200000       219622         1.25
       4.123     0.300000       329323         1.43
      10.951     0.400000       439164         1.67
      17.199     0.500000       548875         2.00
      20.207     0.550000       603876         2.22
      23.135     0.600000       658830         2.50
      25.983     0.650000       713486         2.86
      28.783     0.700000       768497         3.33
      31.519     0.750000       823258         4.00
      32.895     0.775000       851152         4.44
      34.239     0.800000       878397         5.00
      35.615     0.825000       906137         5.71
      36.991     0.850000       933210         6.67
      38.399     0.875000       960530         8.00
      39.135     0.887500       974327         8.89
      39.903     0.900000       987931        10.00
      40.735     0.912500      1002073        11.43
      41.567     0.925000      1015578        13.33
      42.495     0.937500      1029433        16.00
      42.975     0.943750      1036217        17.78
      43.519     0.950000      1043123        20.00
      44.095     0.956250      1049949        22.86
      44.703     0.962500      1056525        26.67
      45.439     0.968750      1063455        32.00
      45.823     0.971875      1066794        35.56
      46.239     0.975000      1070191        40.00
      46.719     0.978125      1073772        45.71
      47.199     0.981250      1077151        53.33
      47.807     0.984375      1080599        64.00
      48.127     0.985938      1082221        71.11
      48.479     0.987500      1083955        80.00
      48.895     0.989062      1085708        91.43
      49.343     0.990625      1087369       106.67
      49.887     0.992188      1089073       128.00
      50.207     0.992969      1089947       142.22
      50.527     0.993750      1090808       160.00
      50.879     0.994531      1091648       182.86
      51.263     0.995313      1092509       213.33
      51.743     0.996094      1093341       256.00
      52.031     0.996484      1093790       284.44
      52.351     0.996875      1094225       320.00
      52.703     0.997266      1094661       365.71
      53.087     0.997656      1095076       426.67
      53.567     0.998047      1095492       512.00
      53.855     0.998242      1095702       568.89
      54.207     0.998437      1095920       640.00
      54.591     0.998633      1096138       731.43
      55.039     0.998828      1096350       853.33
      55.455     0.999023      1096558      1024.00
      55.807     0.999121      1096672      1137.78
      56.191     0.999219      1096772      1280.00
      56.607     0.999316      1096878      1462.86
      57.119     0.999414      1096989      1706.67
      57.727     0.999512      1097095      2048.00
      58.047     0.999561      1097146      2275.56
      58.431     0.999609      1097204      2560.00
      59.039     0.999658      1097253      2925.71
      59.743     0.999707      1097309      3413.33
      60.351     0.999756      1097362      4096.00
      60.671     0.999780      1097392      4551.11
      61.151     0.999805      1097414      5120.00
      61.631     0.999829      1097444      5851.43
      62.271     0.999854      1097468      6826.67
      62.783     0.999878      1097496      8192.00
      63.263     0.999890      1097508      9102.22
      63.839     0.999902      1097521     10240.00
      64.223     0.999915      1097535     11702.86
      64.863     0.999927      1097548     13653.33
      65.727     0.999939      1097562     16384.00
      65.919     0.999945      1097569     18204.44
      66.111     0.999951      1097575     20480.00
      66.751     0.999957      1097582     23405.71
      67.135     0.999963      1097588     27306.67
      67.711     0.999969      1097596     32768.00
      68.031     0.999973      1097598     36408.89
      68.607     0.999976      1097603     40960.00
      68.799     0.999979      1097605     46811.43
      68.927     0.999982      1097608     54613.33
      69.311     0.999985      1097613     65536.00
      69.311     0.999986      1097613     72817.78
      69.631     0.999988      1097615     81920.00
      69.951     0.999989      1097617     93622.86
      70.207     0.999991      1097619    109226.67
      70.271     0.999992      1097620    131072.00
      70.975     0.999993      1097622    145635.56
      70.975     0.999994      1097622    163840.00
      71.295     0.999995      1097623    187245.71
      71.295     0.999995      1097623    218453.33
      71.871     0.999996      1097625    262144.00
      71.871     0.999997      1097625    291271.11
      71.871     0.999997      1097625    327680.00
      72.319     0.999997      1097626    374491.43
      72.319     0.999998      1097626    436906.67
      72.319     0.999998      1097626    524288.00
      72.639     0.999998      1097627    582542.22
      72.639     0.999998      1097627    655360.00
      72.639     0.999999      1097627    748982.86
      72.639     0.999999      1097627    873813.33
      72.639     0.999999      1097627   1048576.00
      72.831     0.999999      1097628   1165084.44
      72.831     1.000000      1097628          inf
#[Mean    =       18.553, StdDeviation   =       15.042]
#[Max     =       72.768, Total count    =      1097628]
#[Buckets =           27, SubBuckets     =         2048]
----------------------------------------------------------
  1318416 requests in 1.00m, 213.75MB read
Requests/sec:  21964.65
Transfer/sec:      3.56MB
