Running 1m test @ http://erik-pc.local:8080/fruits
  4 threads and 100 connections
  Thread calibration: mean lat.: 2.353ms, rate sampling interval: 10ms
  Thread calibration: mean lat.: 2.386ms, rate sampling interval: 10ms
  Thread calibration: mean lat.: 2.419ms, rate sampling interval: 10ms
  Thread calibration: mean lat.: 2.356ms, rate sampling interval: 10ms
  Thread Stats   Avg      Stdev     Max   +/- Stdev
    Latency     2.39ms  835.65us  10.40ms   66.00%
    Req/Sec     5.28k   739.45     8.33k    74.00%
  Latency Distribution (HdrHistogram - Recorded Latency)
 50.000%    2.41ms
 75.000%    3.00ms
 90.000%    3.44ms
 99.000%    4.15ms
 99.900%    5.66ms
 99.990%    8.19ms
 99.999%    9.69ms
100.000%   10.41ms

  Detailed Percentile spectrum:
       Value   Percentile   TotalCount 1/(1-Percentile)

       0.370     0.000000            1         1.00
       1.289     0.100000        99976         1.11
       1.627     0.200000       199813         1.25
       1.906     0.300000       299416         1.43
       2.163     0.400000       399736         1.67
       2.407     0.500000       499046         2.00
       2.527     0.550000       549305         2.22
       2.645     0.600000       599053         2.50
       2.763     0.650000       649004         2.86
       2.881     0.700000       698609         3.33
       2.999     0.750000       748169         4.00
       3.061     0.775000       773083         4.44
       3.127     0.800000       798163         5.00
       3.195     0.825000       823121         5.71
       3.269     0.850000       847905         6.67
       3.351     0.875000       873421         8.00
       3.393     0.887500       885308         8.89
       3.441     0.900000       897784        10.00
       3.493     0.912500       910636        11.43
       3.549     0.925000       922782        13.33
       3.613     0.937500       935269        16.00
       3.649     0.943750       941607        17.78
       3.687     0.950000       947746        20.00
       3.729     0.956250       953932        22.86
       3.777     0.962500       960184        26.67
       3.831     0.968750       966536        32.00
       3.861     0.971875       969555        35.56
       3.893     0.975000       972569        40.00
       3.931     0.978125       975811        45.71
       3.971     0.981250       978839        53.33
       4.021     0.984375       981975        64.00
       4.049     0.985938       983543        71.11
       4.081     0.987500       985076        80.00
       4.123     0.989062       986718        91.43
       4.167     0.990625       988168       106.67
       4.227     0.992188       989795       128.00
       4.263     0.992969       990518       142.22
       4.307     0.993750       991308       160.00
       4.363     0.994531       992081       182.86
       4.431     0.995313       992847       213.33
       4.523     0.996094       993619       256.00
       4.591     0.996484       994023       284.44
       4.663     0.996875       994395       320.00
       4.759     0.997266       994774       365.71
       4.879     0.997656       995173       426.67
       5.027     0.998047       995562       512.00
       5.111     0.998242       995748       568.89
       5.215     0.998437       995955       640.00
       5.327     0.998633       996142       731.43
       5.475     0.998828       996336       853.33
       5.679     0.999023       996526      1024.00
       5.811     0.999121       996624      1137.78
       5.931     0.999219       996723      1280.00
       6.071     0.999316       996819      1462.86
       6.247     0.999414       996916      1706.67
       6.435     0.999512       997013      2048.00
       6.547     0.999561       997062      2275.56
       6.663     0.999609       997112      2560.00
       6.815     0.999658       997160      2925.71
       6.991     0.999707       997208      3413.33
       7.251     0.999756       997257      4096.00
       7.407     0.999780       997282      4551.11
       7.543     0.999805       997306      5120.00
       7.655     0.999829       997331      5851.43
       7.779     0.999854       997355      6826.67
       7.991     0.999878       997380      8192.00
       8.091     0.999890       997391      9102.22
       8.271     0.999902       997403     10240.00
       8.407     0.999915       997415     11702.86
       8.599     0.999927       997427     13653.33
       8.759     0.999939       997440     16384.00
       8.871     0.999945       997446     18204.44
       9.015     0.999951       997452     20480.00
       9.167     0.999957       997458     23405.71
       9.255     0.999963       997464     27306.67
       9.319     0.999969       997470     32768.00
       9.463     0.999973       997473     36408.89
       9.527     0.999976       997477     40960.00
       9.535     0.999979       997479     46811.43
       9.559     0.999982       997482     54613.33
       9.607     0.999985       997485     65536.00
       9.623     0.999986       997487     72817.78
       9.639     0.999988       997489     81920.00
       9.687     0.999989       997490     93622.86
       9.759     0.999991       997491    109226.67
       9.839     0.999992       997493    131072.00
       9.895     0.999993       997494    145635.56
       9.895     0.999994       997494    163840.00
      10.071     0.999995       997495    187245.71
      10.143     0.999995       997496    218453.33
      10.175     0.999996       997497    262144.00
      10.175     0.999997       997497    291271.11
      10.175     0.999997       997497    327680.00
      10.295     0.999997       997498    374491.43
      10.295     0.999998       997498    436906.67
      10.319     0.999998       997499    524288.00
      10.319     0.999998       997499    582542.22
      10.319     0.999998       997499    655360.00
      10.319     0.999999       997499    748982.86
      10.319     0.999999       997499    873813.33
      10.407     0.999999       997500   1048576.00
      10.407     1.000000       997500          inf
#[Mean    =        2.388, StdDeviation   =        0.836]
#[Max     =       10.400, Total count    =       997500]
#[Buckets =           27, SubBuckets     =         2048]
----------------------------------------------------------
  1198805 requests in 1.00m, 194.36MB read
Requests/sec:  19979.55
Transfer/sec:      3.24MB
