Running 1m test @ http://erik-pc.local:8080/fruits
  4 threads and 100 connections
  Thread calibration: mean lat.: 1.659ms, rate sampling interval: 10ms
  Thread calibration: mean lat.: 1.581ms, rate sampling interval: 10ms
  Thread calibration: mean lat.: 1.595ms, rate sampling interval: 10ms
  Thread calibration: mean lat.: 1.617ms, rate sampling interval: 10ms
  Thread Stats   Avg      Stdev     Max   +/- Stdev
    Latency     1.61ms  636.91us  10.05ms   68.96%
    Req/Sec     6.59k   654.17     9.90k    69.24%
  Latency Distribution (HdrHistogram - Recorded Latency)
 50.000%    1.51ms
 75.000%    2.00ms
 90.000%    2.48ms
 99.000%    3.37ms
 99.900%    4.57ms
 99.990%    6.17ms
 99.999%    8.69ms
100.000%   10.06ms

  Detailed Percentile spectrum:
       Value   Percentile   TotalCount 1/(1-Percentile)

       0.305     0.000000            1         1.00
       0.867     0.100000       125021         1.11
       1.074     0.200000       249781         1.25
       1.226     0.300000       374224         1.43
       1.368     0.400000       498957         1.67
       1.508     0.500000       623960         2.00
       1.585     0.550000       686327         2.22
       1.670     0.600000       748372         2.50
       1.764     0.650000       811029         2.86
       1.873     0.700000       873216         3.33
       2.001     0.750000       935443         4.00
       2.071     0.775000       967035         4.44
       2.141     0.800000       997515         5.00
       2.217     0.825000      1029229         5.71
       2.297     0.850000      1060475         6.67
       2.383     0.875000      1091104         8.00
       2.431     0.887500      1107098         8.89
       2.481     0.900000      1122676        10.00
       2.535     0.912500      1138051        11.43
       2.597     0.925000      1153683        13.33
       2.669     0.937500      1169231        16.00
       2.709     0.943750      1176834        17.78
       2.753     0.950000      1184626        20.00
       2.801     0.956250      1192570        22.86
       2.855     0.962500      1200186        26.67
       2.921     0.968750      1208013        32.00
       2.963     0.971875      1211954        35.56
       3.009     0.975000      1215760        40.00
       3.061     0.978125      1219612        45.71
       3.121     0.981250      1223570        53.33
       3.189     0.984375      1227442        64.00
       3.227     0.985938      1229396        71.11
       3.273     0.987500      1231324        80.00
       3.327     0.989062      1233261        91.43
       3.391     0.990625      1235240       106.67
       3.469     0.992188      1237184       128.00
       3.515     0.992969      1238140       142.22
       3.567     0.993750      1239097       160.00
       3.631     0.994531      1240078       182.86
       3.703     0.995313      1241058       213.33
       3.791     0.996094      1242017       256.00
       3.843     0.996484      1242514       284.44
       3.901     0.996875      1243002       320.00
       3.975     0.997266      1243482       365.71
       4.065     0.997656      1243967       426.67
       4.159     0.998047      1244452       512.00
       4.215     0.998242      1244699       568.89
       4.287     0.998437      1244944       640.00
       4.371     0.998633      1245187       731.43
       4.463     0.998828      1245426       853.33
       4.591     0.999023      1245675      1024.00
       4.663     0.999121      1245791      1137.78
       4.747     0.999219      1245913      1280.00
       4.847     0.999316      1246036      1462.86
       4.975     0.999414      1246156      1706.67
       5.123     0.999512      1246279      2048.00
       5.203     0.999561      1246343      2275.56
       5.275     0.999609      1246403      2560.00
       5.359     0.999658      1246461      2925.71
       5.451     0.999707      1246521      3413.33
       5.595     0.999756      1246582      4096.00
       5.643     0.999780      1246615      4551.11
       5.739     0.999805      1246643      5120.00
       5.839     0.999829      1246673      5851.43
       5.911     0.999854      1246704      6826.67
       6.039     0.999878      1246735      8192.00
       6.123     0.999890      1246751      9102.22
       6.187     0.999902      1246767     10240.00
       6.303     0.999915      1246780     11702.86
       6.355     0.999927      1246795     13653.33
       6.427     0.999939      1246810     16384.00
       6.547     0.999945      1246819     18204.44
       6.623     0.999951      1246826     20480.00
       6.727     0.999957      1246833     23405.71
       6.811     0.999963      1246841     27306.67
       7.079     0.999969      1246848     32768.00
       7.215     0.999973      1246853     36408.89
       7.351     0.999976      1246856     40960.00
       7.479     0.999979      1246860     46811.43
       7.743     0.999982      1246864     54613.33
       7.903     0.999985      1246868     65536.00
       8.155     0.999986      1246869     72817.78
       8.631     0.999988      1246871     81920.00
       8.695     0.999989      1246874     93622.86
       8.903     0.999991      1246875    109226.67
       8.935     0.999992      1246877    131072.00
       9.135     0.999993      1246878    145635.56
       9.159     0.999994      1246880    163840.00
       9.159     0.999995      1246880    187245.71
       9.279     0.999995      1246881    218453.33
       9.487     0.999996      1246882    262144.00
       9.487     0.999997      1246882    291271.11
       9.535     0.999997      1246883    327680.00
       9.535     0.999997      1246883    374491.43
       9.663     0.999998      1246884    436906.67
       9.663     0.999998      1246884    524288.00
       9.663     0.999998      1246884    582542.22
       9.991     0.999998      1246885    655360.00
       9.991     0.999999      1246885    748982.86
       9.991     0.999999      1246885    873813.33
       9.991     0.999999      1246885   1048576.00
       9.991     0.999999      1246885   1165084.44
      10.055     0.999999      1246886   1310720.00
      10.055     1.000000      1246886          inf
#[Mean    =        1.610, StdDeviation   =        0.637]
#[Max     =       10.048, Total count    =      1246886]
#[Buckets =           27, SubBuckets     =         2048]
----------------------------------------------------------
  1492622 requests in 1.00m, 241.99MB read
Requests/sec:  24876.99
Transfer/sec:      4.03MB
