Running 1m test @ http://erik-pc.local:8080/fruits
  4 threads and 100 connections
  Thread calibration: mean lat.: 23.538ms, rate sampling interval: 101ms
  Thread calibration: mean lat.: 23.348ms, rate sampling interval: 96ms
  Thread calibration: mean lat.: 21.716ms, rate sampling interval: 85ms
  Thread calibration: mean lat.: 20.142ms, rate sampling interval: 78ms
  Thread Stats   Avg      Stdev     Max   +/- Stdev
    Latency   253.85ms  375.71ms   2.83s    89.90%
    Req/Sec     8.95k     2.19k   18.62k    71.93%
  Latency Distribution (HdrHistogram - Recorded Latency)
 50.000%  111.68ms
 75.000%  312.32ms
 90.000%  633.34ms
 99.000%    1.86s 
 99.900%    2.62s 
 99.990%    2.80s 
 99.999%    2.82s 
100.000%    2.84s 

  Detailed Percentile spectrum:
       Value   Percentile   TotalCount 1/(1-Percentile)

       0.348     0.000000            1         1.00
      10.975     0.100000       177531         1.11
      26.319     0.200000       355015         1.25
      40.127     0.300000       532552         1.43
      70.527     0.400000       709954         1.67
     111.679     0.500000       887347         2.00
     137.215     0.550000       976386         2.22
     167.551     0.600000      1064936         2.50
     203.775     0.650000      1153695         2.86
     248.447     0.700000      1242259         3.33
     312.319     0.750000      1331001         4.00
     353.791     0.775000      1375400         4.44
     402.943     0.800000      1419746         5.00
     452.351     0.825000      1464079         5.71
     503.039     0.850000      1508509         6.67
     557.055     0.875000      1552821         8.00
     591.871     0.887500      1575052         8.89
     633.343     0.900000      1597253        10.00
     688.639     0.912500      1619474        11.43
     773.119     0.925000      1641576        13.33
     903.167     0.937500      1663749        16.00
     973.823     0.943750      1674868        17.78
    1046.527     0.950000      1685963        20.00
    1120.255     0.956250      1697060        22.86
    1201.151     0.962500      1708172        26.67
    1278.975     0.968750      1719278        32.00
    1330.175     0.971875      1724795        35.56
    1384.447     0.975000      1730351        40.00
    1441.791     0.978125      1735837        45.71
    1547.263     0.981250      1741392        53.33
    1689.599     0.984375      1746913        64.00
    1747.967     0.985938      1749705        71.11
    1813.503     0.987500      1752515        80.00
    1842.175     0.989062      1755247        91.43
    1887.231     0.990625      1758010       106.67
    2031.615     0.992188      1760777       128.00
    2121.727     0.992969      1762184       142.22
    2224.127     0.993750      1763560       160.00
    2297.855     0.994531      1764977       182.86
    2353.151     0.995313      1766332       213.33
    2406.399     0.996094      1767720       256.00
    2433.023     0.996484      1768447       284.44
    2455.551     0.996875      1769172       320.00
    2471.935     0.997266      1769810       365.71
    2490.367     0.997656      1770512       426.67
    2512.895     0.998047      1771191       512.00
    2527.231     0.998242      1771538       568.89
    2543.615     0.998437      1771876       640.00
    2562.047     0.998633      1772226       731.43
    2580.479     0.998828      1772562       853.33
    2621.439     0.999023      1772908      1024.00
    2641.919     0.999121      1773097      1137.78
    2680.831     0.999219      1773275      1280.00
    2695.167     0.999316      1773448      1462.86
    2707.455     0.999414      1773611      1706.67
    2719.743     0.999512      1773783      2048.00
    2748.415     0.999561      1773866      2275.56
    2758.655     0.999609      1773961      2560.00
    2764.799     0.999658      1774036      2925.71
    2772.991     0.999707      1774136      3413.33
    2779.135     0.999756      1774235      4096.00
    2781.183     0.999780      1774268      4551.11
    2783.231     0.999805      1774299      5120.00
    2787.327     0.999829      1774356      5851.43
    2789.375     0.999854      1774383      6826.67
    2793.471     0.999878      1774442      8192.00
    2795.519     0.999890      1774460      9102.22
    2797.567     0.999902      1774482     10240.00
    2799.615     0.999915      1774495     11702.86
    2803.711     0.999927      1774524     13653.33
    2805.759     0.999939      1774543     16384.00
    2807.807     0.999945      1774556     18204.44
    2807.807     0.999951      1774556     20480.00
    2809.855     0.999957      1774570     23405.71
    2811.903     0.999963      1774580     27306.67
    2813.951     0.999969      1774592     32768.00
    2815.999     0.999973      1774600     36408.89
    2815.999     0.999976      1774600     40960.00
    2818.047     0.999979      1774608     46811.43
    2820.095     0.999982      1774616     54613.33
    2820.095     0.999985      1774616     65536.00
    2822.143     0.999986      1774621     72817.78
    2822.143     0.999988      1774621     81920.00
    2824.191     0.999989      1774627     93622.86
    2824.191     0.999991      1774627    109226.67
    2826.239     0.999992      1774631    131072.00
    2826.239     0.999993      1774631    145635.56
    2826.239     0.999994      1774631    163840.00
    2828.287     0.999995      1774633    187245.71
    2828.287     0.999995      1774633    218453.33
    2832.383     0.999996      1774636    262144.00
    2832.383     0.999997      1774636    291271.11
    2832.383     0.999997      1774636    327680.00
    2834.431     0.999997      1774639    374491.43
    2834.431     0.999998      1774639    436906.67
    2834.431     0.999998      1774639    524288.00
    2834.431     0.999998      1774639    582542.22
    2834.431     0.999998      1774639    655360.00
    2834.431     0.999999      1774639    748982.86
    2834.431     0.999999      1774639    873813.33
    2836.479     0.999999      1774641   1048576.00
    2836.479     1.000000      1774641          inf
#[Mean    =      253.854, StdDeviation   =      375.707]
#[Max     =     2834.432, Total count    =      1774641]
#[Buckets =           27, SubBuckets     =         2048]
----------------------------------------------------------
  2136985 requests in 1.00m, 346.46MB read
Requests/sec:  35616.60
Transfer/sec:      5.77MB
