Running 1m test @ http://erik-pc.local:8080/greeting/Bob
  4 threads and 100 connections
  Thread calibration: mean lat.: 1.318ms, rate sampling interval: 10ms
  Thread calibration: mean lat.: 1.316ms, rate sampling interval: 10ms
  Thread calibration: mean lat.: 1.318ms, rate sampling interval: 10ms
  Thread calibration: mean lat.: 1.330ms, rate sampling interval: 10ms
  Thread Stats   Avg      Stdev     Max   +/- Stdev
    Latency     1.32ms  633.14us   8.97ms   65.27%
    Req/Sec    21.06k     1.52k   27.78k    69.38%
  Latency Distribution (HdrHistogram - Recorded Latency)
 50.000%    1.29ms
 75.000%    1.74ms
 90.000%    2.20ms
 99.000%    2.81ms
 99.900%    3.44ms
 99.990%    4.84ms
 99.999%    7.26ms
100.000%    8.98ms

  Detailed Percentile spectrum:
       Value   Percentile   TotalCount 1/(1-Percentile)

       0.113     0.000000            1         1.00
       0.505     0.100000       400111         1.11
       0.730     0.200000       799427         1.25
       0.918     0.300000      1197873         1.43
       1.101     0.400000      1598133         1.67
       1.288     0.500000      1997196         2.00
       1.375     0.550000      2194469         2.22
       1.463     0.600000      2395158         2.50
       1.550     0.650000      2593795         2.86
       1.641     0.700000      2794756         3.33
       1.742     0.750000      2993000         4.00
       1.800     0.775000      3093677         4.44
       1.863     0.800000      3193180         5.00
       1.934     0.825000      3292028         5.71
       2.015     0.850000      3392127         6.67
       2.105     0.875000      3492649         8.00
       2.153     0.887500      3542496         8.89
       2.203     0.900000      3591778        10.00
       2.257     0.912500      3641675        11.43
       2.313     0.925000      3691073        13.33
       2.373     0.937500      3741295        16.00
       2.405     0.943750      3766089        17.78
       2.439     0.950000      3791101        20.00
       2.477     0.956250      3816302        22.86
       2.517     0.962500      3841008        26.67
       2.563     0.968750      3865904        32.00
       2.587     0.971875      3878124        35.56
       2.615     0.975000      3891067        40.00
       2.643     0.978125      3902876        45.71
       2.677     0.981250      3915698        53.33
       2.715     0.984375      3928147        64.00
       2.735     0.985938      3933888        71.11
       2.761     0.987500      3940513        80.00
       2.787     0.989062      3946384        91.43
       2.819     0.990625      3952839       106.67
       2.855     0.992188      3958881       128.00
       2.877     0.992969      3962024       142.22
       2.901     0.993750      3965039       160.00
       2.931     0.994531      3968246       182.86
       2.965     0.995313      3971282       213.33
       3.007     0.996094      3974383       256.00
       3.033     0.996484      3975945       284.44
       3.063     0.996875      3977476       320.00
       3.099     0.997266      3979036       365.71
       3.145     0.997656      3980625       426.67
       3.207     0.998047      3982179       512.00
       3.241     0.998242      3982931       568.89
       3.283     0.998437      3983746       640.00
       3.327     0.998633      3984488       731.43
       3.385     0.998828      3985279       853.33
       3.455     0.999023      3986055      1024.00
       3.503     0.999121      3986454      1137.78
       3.551     0.999219      3986837      1280.00
       3.617     0.999316      3987221      1462.86
       3.693     0.999414      3987607      1706.67
       3.787     0.999512      3988004      2048.00
       3.855     0.999561      3988195      2275.56
       3.923     0.999609      3988385      2560.00
       4.003     0.999658      3988581      2925.71
       4.099     0.999707      3988781      3413.33
       4.195     0.999756      3988973      4096.00
       4.259     0.999780      3989067      4551.11
       4.339     0.999805      3989167      5120.00
       4.427     0.999829      3989264      5851.43
       4.531     0.999854      3989362      6826.67
       4.659     0.999878      3989456      8192.00
       4.763     0.999890      3989505      9102.22
       4.879     0.999902      3989555     10240.00
       5.027     0.999915      3989604     11702.86
       5.259     0.999927      3989651     13653.33
       5.479     0.999939      3989700     16384.00
       5.567     0.999945      3989726     18204.44
       5.747     0.999951      3989751     20480.00
       5.919     0.999957      3989773     23405.71
       6.203     0.999963      3989798     27306.67
       6.347     0.999969      3989822     32768.00
       6.471     0.999973      3989834     36408.89
       6.563     0.999976      3989846     40960.00
       6.687     0.999979      3989858     46811.43
       6.931     0.999982      3989870     54613.33
       7.123     0.999985      3989883     65536.00
       7.139     0.999986      3989889     72817.78
       7.195     0.999988      3989895     81920.00
       7.247     0.999989      3989901     93622.86
       7.447     0.999991      3989907    109226.67
       7.775     0.999992      3989913    131072.00
       7.871     0.999993      3989916    145635.56
       7.903     0.999994      3989919    163840.00
       7.975     0.999995      3989922    187245.71
       8.043     0.999995      3989925    218453.33
       8.091     0.999996      3989928    262144.00
       8.175     0.999997      3989930    291271.11
       8.247     0.999997      3989931    327680.00
       8.399     0.999997      3989933    374491.43
       8.543     0.999998      3989934    436906.67
       8.615     0.999998      3989936    524288.00
       8.631     0.999998      3989937    582542.22
       8.631     0.999998      3989937    655360.00
       8.719     0.999999      3989938    748982.86
       8.751     0.999999      3989939    873813.33
       8.895     0.999999      3989940   1048576.00
       8.895     0.999999      3989940   1165084.44
       8.895     0.999999      3989940   1310720.00
       8.919     0.999999      3989941   1497965.71
       8.919     0.999999      3989941   1747626.67
       8.943     1.000000      3989942   2097152.00
       8.943     1.000000      3989942   2330168.89
       8.943     1.000000      3989942   2621440.00
       8.943     1.000000      3989942   2995931.43
       8.943     1.000000      3989942   3495253.33
       8.975     1.000000      3989943   4194304.00
       8.975     1.000000      3989943          inf
#[Mean    =        1.320, StdDeviation   =        0.633]
#[Max     =        8.968, Total count    =      3989943]
#[Buckets =           27, SubBuckets     =         2048]
----------------------------------------------------------
  4795044 requests in 1.00m, 333.82MB read
Requests/sec:  79918.30
Transfer/sec:      5.56MB
