Running 1m test @ http://erik-pc.local:8080/greeting/Bob
  4 threads and 100 connections
  Thread calibration: mean lat.: 92.092ms, rate sampling interval: 322ms
  Thread calibration: mean lat.: 165.409ms, rate sampling interval: 560ms
  Thread calibration: mean lat.: 134.966ms, rate sampling interval: 441ms
  Thread calibration: mean lat.: 77.442ms, rate sampling interval: 290ms
  Thread Stats   Avg      Stdev     Max   +/- Stdev
    Latency   790.04ms  437.95ms   2.61s    67.08%
    Req/Sec    29.35k     1.50k   32.90k    64.33%
  Latency Distribution (HdrHistogram - Recorded Latency)
 50.000%  747.52ms
 75.000%    1.07s 
 90.000%    1.35s 
 99.000%    2.13s 
 99.900%    2.50s 
 99.990%    2.58s 
 99.999%    2.60s 
100.000%    2.61s 

  Detailed Percentile spectrum:
       Value   Percentile   TotalCount 1/(1-Percentile)

       5.311     0.000000            1         1.00
     256.383     0.100000       584920         1.11
     380.671     0.200000      1169481         1.25
     509.951     0.300000      1754353         1.43
     625.663     0.400000      2339735         1.67
     747.519     0.500000      2923561         2.00
     808.447     0.550000      3215581         2.22
     874.495     0.600000      3507655         2.50
     930.815     0.650000      3799593         2.86
     996.863     0.700000      4093602         3.33
    1067.007     0.750000      4384731         4.00
    1105.919     0.775000      4531147         4.44
    1147.903     0.800000      4677020         5.00
    1189.887     0.825000      4825716         5.71
    1234.943     0.850000      4969930         6.67
    1293.311     0.875000      5116742         8.00
    1321.983     0.887500      5188820         8.89
    1351.679     0.900000      5261305        10.00
    1381.375     0.912500      5335255        11.43
    1419.263     0.925000      5407852        13.33
    1471.487     0.937500      5480151        16.00
    1504.255     0.943750      5517764        17.78
    1532.927     0.950000      5554048        20.00
    1574.911     0.956250      5589865        22.86
    1646.591     0.962500      5626507        26.67
    1725.439     0.968750      5662849        32.00
    1767.423     0.971875      5681096        35.56
    1811.455     0.975000      5699394        40.00
    1852.415     0.978125      5717767        45.71
    1914.879     0.981250      5735812        53.33
    1992.703     0.984375      5754103        64.00
    2032.639     0.985938      5763207        71.11
    2075.647     0.987500      5772355        80.00
    2109.439     0.989062      5781925        91.43
    2138.111     0.990625      5790938       106.67
    2168.831     0.992188      5799875       128.00
    2189.311     0.992969      5804452       142.22
    2217.983     0.993750      5808837       160.00
    2260.991     0.994531      5813430       182.86
    2301.951     0.995313      5818188       213.33
    2344.959     0.996094      5822653       256.00
    2361.343     0.996484      5824918       284.44
    2377.727     0.996875      5827141       320.00
    2400.255     0.997266      5829529       365.71
    2422.783     0.997656      5831754       426.67
    2443.263     0.998047      5834027       512.00
    2455.551     0.998242      5835243       568.89
    2467.839     0.998437      5836393       640.00
    2480.127     0.998633      5837384       731.43
    2494.463     0.998828      5838659       853.33
    2504.703     0.999023      5839765      1024.00
    2510.847     0.999121      5840326      1137.78
    2516.991     0.999219      5840887      1280.00
    2523.135     0.999316      5841426      1462.86
    2529.279     0.999414      5841991      1706.67
    2537.471     0.999512      5842634      2048.00
    2541.567     0.999561      5842901      2275.56
    2545.663     0.999609      5843190      2560.00
    2549.759     0.999658      5843454      2925.71
    2553.855     0.999707      5843696      3413.33
    2559.999     0.999756      5844035      4096.00
    2562.047     0.999780      5844147      4551.11
    2564.095     0.999805      5844265      5120.00
    2568.191     0.999829      5844463      5851.43
    2570.239     0.999854      5844561      6826.67
    2574.335     0.999878      5844714      8192.00
    2576.383     0.999890      5844795      9102.22
    2576.383     0.999902      5844795     10240.00
    2580.479     0.999915      5844918     11702.86
    2582.527     0.999927      5844967     13653.33
    2584.575     0.999939      5845018     16384.00
    2586.623     0.999945      5845060     18204.44
    2588.671     0.999951      5845101     20480.00
    2590.719     0.999957      5845148     23405.71
    2592.767     0.999963      5845176     27306.67
    2594.815     0.999969      5845204     32768.00
    2594.815     0.999973      5845204     36408.89
    2596.863     0.999976      5845236     40960.00
    2598.911     0.999979      5845261     46811.43
    2598.911     0.999982      5845261     54613.33
    2600.959     0.999985      5845284     65536.00
    2600.959     0.999986      5845284     72817.78
    2603.007     0.999988      5845307     81920.00
    2603.007     0.999989      5845307     93622.86
    2605.055     0.999991      5845332    109226.67
    2605.055     0.999992      5845332    131072.00
    2605.055     0.999993      5845332    145635.56
    2605.055     0.999994      5845332    163840.00
    2605.055     0.999995      5845332    187245.71
    2607.103     0.999995      5845344    218453.33
    2607.103     0.999996      5845344    262144.00
    2607.103     0.999997      5845344    291271.11
    2609.151     0.999997      5845358    327680.00
    2609.151     0.999997      5845358    374491.43
    2609.151     0.999998      5845358    436906.67
    2609.151     0.999998      5845358    524288.00
    2609.151     0.999998      5845358    582542.22
    2609.151     0.999998      5845358    655360.00
    2609.151     0.999999      5845358    748982.86
    2609.151     0.999999      5845358    873813.33
    2609.151     0.999999      5845358   1048576.00
    2609.151     0.999999      5845358   1165084.44
    2611.199     0.999999      5845363   1310720.00
    2611.199     1.000000      5845363          inf
#[Mean    =      790.039, StdDeviation   =      437.949]
#[Max     =     2609.152, Total count    =      5845363]
#[Buckets =           27, SubBuckets     =         2048]
----------------------------------------------------------
  7027324 requests in 1.00m, 489.23MB read
Requests/sec: 117111.63
Transfer/sec:      8.15MB
