Running 1m test @ http://erik-pc.local:8080/greeting/Bob
  4 threads and 100 connections
  Thread calibration: mean lat.: 1.204ms, rate sampling interval: 10ms
  Thread calibration: mean lat.: 1.217ms, rate sampling interval: 10ms
  Thread calibration: mean lat.: 1.375ms, rate sampling interval: 10ms
  Thread calibration: mean lat.: 1.220ms, rate sampling interval: 10ms
  Thread Stats   Avg      Stdev     Max   +/- Stdev
    Latency     1.26ms  527.30us   4.40ms   61.89%
    Req/Sec     2.64k   326.87     4.22k    84.43%
  Latency Distribution (HdrHistogram - Recorded Latency)
 50.000%    1.20ms
 75.000%    1.66ms
 90.000%    1.99ms
 99.000%    2.48ms
 99.900%    2.98ms
 99.990%    3.76ms
 99.999%    4.28ms
100.000%    4.40ms

  Detailed Percentile spectrum:
       Value   Percentile   TotalCount 1/(1-Percentile)

       0.258     0.000000            1         1.00
       0.599     0.100000        50136         1.11
       0.741     0.200000        99750         1.25
       0.889     0.300000       149917         1.43
       1.036     0.400000       199589         1.67
       1.200     0.500000       249496         2.00
       1.287     0.550000       274415         2.22
       1.372     0.600000       299462         2.50
       1.458     0.650000       324249         2.86
       1.555     0.700000       349325         3.33
       1.658     0.750000       374216         4.00
       1.710     0.775000       386552         4.44
       1.765     0.800000       399132         5.00
       1.819     0.825000       411574         5.71
       1.876     0.850000       424004         6.67
       1.934     0.875000       436531         8.00
       1.962     0.887500       442738         8.89
       1.991     0.900000       448979        10.00
       2.022     0.912500       455302        11.43
       2.057     0.925000       461452        13.33
       2.097     0.937500       467765        16.00
       2.121     0.943750       470917        17.78
       2.147     0.950000       473968        20.00
       2.175     0.956250       476944        22.86
       2.211     0.962500       480208        26.67
       2.251     0.968750       483280        32.00
       2.273     0.971875       484766        35.56
       2.299     0.975000       486306        40.00
       2.327     0.978125       487927        45.71
       2.357     0.981250       489423        53.33
       2.395     0.984375       491036        64.00
       2.415     0.985938       491763        71.11
       2.437     0.987500       492529        80.00
       2.465     0.989062       493336        91.43
       2.495     0.990625       494084       106.67
       2.535     0.992188       494880       128.00
       2.557     0.992969       495255       142.22
       2.579     0.993750       495639       160.00
       2.605     0.994531       496021       182.86
       2.639     0.995313       496432       213.33
       2.675     0.996094       496806       256.00
       2.693     0.996484       496995       284.44
       2.723     0.996875       497192       320.00
       2.759     0.997266       497390       365.71
       2.795     0.997656       497582       426.67
       2.831     0.998047       497774       512.00
       2.855     0.998242       497878       568.89
       2.879     0.998437       497969       640.00
       2.907     0.998633       498069       731.43
       2.939     0.998828       498164       853.33
       2.985     0.999023       498262      1024.00
       3.019     0.999121       498313      1137.78
       3.055     0.999219       498359      1280.00
       3.093     0.999316       498412      1462.86
       3.133     0.999414       498456      1706.67
       3.191     0.999512       498506      2048.00
       3.225     0.999561       498530      2275.56
       3.255     0.999609       498554      2560.00
       3.295     0.999658       498579      2925.71
       3.343     0.999707       498602      3413.33
       3.419     0.999756       498627      4096.00
       3.445     0.999780       498640      4551.11
       3.501     0.999805       498652      5120.00
       3.539     0.999829       498663      5851.43
       3.607     0.999854       498676      6826.67
       3.675     0.999878       498688      8192.00
       3.729     0.999890       498694      9102.22
       3.757     0.999902       498700     10240.00
       3.841     0.999915       498706     11702.86
       3.899     0.999927       498712     13653.33
       3.955     0.999939       498718     16384.00
       3.977     0.999945       498721     18204.44
       4.003     0.999951       498724     20480.00
       4.071     0.999957       498727     23405.71
       4.111     0.999963       498730     27306.67
       4.127     0.999969       498733     32768.00
       4.139     0.999973       498735     36408.89
       4.155     0.999976       498736     40960.00
       4.191     0.999979       498738     46811.43
       4.203     0.999982       498739     54613.33
       4.239     0.999985       498741     65536.00
       4.247     0.999986       498742     72817.78
       4.247     0.999988       498742     81920.00
       4.283     0.999989       498743     93622.86
       4.303     0.999991       498744    109226.67
       4.307     0.999992       498745    131072.00
       4.307     0.999993       498745    145635.56
       4.307     0.999994       498745    163840.00
       4.315     0.999995       498746    187245.71
       4.315     0.999995       498746    218453.33
       4.387     0.999996       498747    262144.00
       4.387     0.999997       498747    291271.11
       4.387     0.999997       498747    327680.00
       4.387     0.999997       498747    374491.43
       4.387     0.999998       498747    436906.67
       4.403     0.999998       498748    524288.00
       4.403     1.000000       498748          inf
#[Mean    =        1.256, StdDeviation   =        0.527]
#[Max     =        4.400, Total count    =       498748]
#[Buckets =           27, SubBuckets     =         2048]
----------------------------------------------------------
  599430 requests in 1.00m, 49.73MB read
Requests/sec:   9990.31
Transfer/sec:    848.79KB
