Running 1m test @ http://erik-pc.local:8080/greeting/Bob
  4 threads and 100 connections
  Thread calibration: mean lat.: 1.121ms, rate sampling interval: 10ms
  Thread calibration: mean lat.: 1.152ms, rate sampling interval: 10ms
  Thread calibration: mean lat.: 1.108ms, rate sampling interval: 10ms
  Thread calibration: mean lat.: 1.097ms, rate sampling interval: 10ms
  Thread Stats   Avg      Stdev     Max   +/- Stdev
    Latency     1.13ms  521.82us   4.93ms   64.20%
    Req/Sec    13.15k   743.99    17.22k    73.33%
  Latency Distribution (HdrHistogram - Recorded Latency)
 50.000%    1.07ms
 75.000%    1.52ms
 90.000%    1.85ms
 99.000%    2.38ms
 99.900%    2.89ms
 99.990%    3.52ms
 99.999%    4.21ms
100.000%    4.93ms

  Detailed Percentile spectrum:
       Value   Percentile   TotalCount 1/(1-Percentile)

       0.142     0.000000            1         1.00
       0.480     0.100000       249545         1.11
       0.644     0.200000       498904         1.25
       0.782     0.300000       749042         1.43
       0.921     0.400000       998103         1.67
       1.073     0.500000      1247988         2.00
       1.147     0.550000      1371703         2.22
       1.228     0.600000      1497239         2.50
       1.319     0.650000      1622115         2.86
       1.419     0.700000      1746861         3.33
       1.521     0.750000      1870566         4.00
       1.572     0.775000      1933433         4.44
       1.622     0.800000      1995700         5.00
       1.675     0.825000      2058339         5.71
       1.730     0.850000      2120334         6.67
       1.787     0.875000      2182164         8.00
       1.817     0.887500      2213992         8.89
       1.848     0.900000      2244833        10.00
       1.883     0.912500      2276404        11.43
       1.922     0.925000      2307119        13.33
       1.970     0.937500      2338105        16.00
       2.000     0.943750      2353923        17.78
       2.033     0.950000      2369199        20.00
       2.067     0.956250      2385054        22.86
       2.099     0.962500      2400566        26.67
       2.131     0.968750      2415985        32.00
       2.149     0.971875      2424039        35.56
       2.169     0.975000      2431821        40.00
       2.193     0.978125      2439533        45.71
       2.223     0.981250      2447224        53.33
       2.263     0.984375      2454892        64.00
       2.287     0.985938      2458741        71.11
       2.317     0.987500      2462811        80.00
       2.351     0.989062      2466514        91.43
       2.391     0.990625      2470398       106.67
       2.439     0.992188      2474361       128.00
       2.465     0.992969      2476232       142.22
       2.495     0.993750      2478230       160.00
       2.529     0.994531      2480199       182.86
       2.563     0.995313      2482110       213.33
       2.605     0.996094      2484088       256.00
       2.629     0.996484      2485042       284.44
       2.657     0.996875      2486003       320.00
       2.687     0.997266      2486976       365.71
       2.719     0.997656      2487909       426.67
       2.761     0.998047      2488923       512.00
       2.781     0.998242      2489383       568.89
       2.803     0.998437      2489865       640.00
       2.831     0.998633      2490362       731.43
       2.861     0.998828      2490856       853.33
       2.895     0.999023      2491332      1024.00
       2.913     0.999121      2491571      1137.78
       2.933     0.999219      2491826      1280.00
       2.953     0.999316      2492054      1462.86
       2.979     0.999414      2492293      1706.67
       3.017     0.999512      2492538      2048.00
       3.045     0.999561      2492658      2275.56
       3.077     0.999609      2492785      2560.00
       3.117     0.999658      2492905      2925.71
       3.161     0.999707      2493024      3413.33
       3.233     0.999756      2493146      4096.00
       3.275     0.999780      2493208      4551.11
       3.325     0.999805      2493267      5120.00
       3.373     0.999829      2493329      5851.43
       3.411     0.999854      2493389      6826.67
       3.461     0.999878      2493450      8192.00
       3.491     0.999890      2493482      9102.22
       3.521     0.999902      2493512     10240.00
       3.555     0.999915      2493541     11702.86
       3.593     0.999927      2493573     13653.33
       3.665     0.999939      2493601     16384.00
       3.707     0.999945      2493618     18204.44
       3.743     0.999951      2493632     20480.00
       3.795     0.999957      2493647     23405.71
       3.827     0.999963      2493662     27306.67
       3.869     0.999969      2493677     32768.00
       3.903     0.999973      2493686     36408.89
       3.971     0.999976      2493693     40960.00
       3.999     0.999979      2493700     46811.43
       4.087     0.999982      2493708     54613.33
       4.127     0.999985      2493716     65536.00
       4.155     0.999986      2493719     72817.78
       4.167     0.999988      2493723     81920.00
       4.195     0.999989      2493727     93622.86
       4.263     0.999991      2493731    109226.67
       4.295     0.999992      2493734    131072.00
       4.303     0.999993      2493736    145635.56
       4.323     0.999994      2493738    163840.00
       4.331     0.999995      2493740    187245.71
       4.411     0.999995      2493742    218453.33
       4.459     0.999996      2493744    262144.00
       4.463     0.999997      2493745    291271.11
       4.571     0.999997      2493746    327680.00
       4.579     0.999997      2493747    374491.43
       4.583     0.999998      2493748    436906.67
       4.623     0.999998      2493749    524288.00
       4.623     0.999998      2493749    582542.22
       4.659     0.999998      2493750    655360.00
       4.659     0.999999      2493750    748982.86
       4.667     0.999999      2493751    873813.33
       4.667     0.999999      2493751   1048576.00
       4.667     0.999999      2493751   1165084.44
       4.687     0.999999      2493752   1310720.00
       4.687     0.999999      2493752   1497965.71
       4.687     0.999999      2493752   1747626.67
       4.687     1.000000      2493752   2097152.00
       4.687     1.000000      2493752   2330168.89
       4.931     1.000000      2493753   2621440.00
       4.931     1.000000      2493753          inf
#[Mean    =        1.130, StdDeviation   =        0.522]
#[Max     =        4.928, Total count    =      2493753]
#[Buckets =           27, SubBuckets     =         2048]
----------------------------------------------------------
  2996993 requests in 1.00m, 208.65MB read
Requests/sec:  49949.63
Transfer/sec:      3.48MB
