Running 1m test @ http://erik-pc.local:8080/greeting/Bob
  4 threads and 100 connections
  Thread calibration: mean lat.: 21.122ms, rate sampling interval: 94ms
  Thread calibration: mean lat.: 20.726ms, rate sampling interval: 93ms
  Thread calibration: mean lat.: 22.886ms, rate sampling interval: 94ms
  Thread calibration: mean lat.: 20.868ms, rate sampling interval: 93ms
  Thread Stats   Avg      Stdev     Max   +/- Stdev
    Latency    23.35ms   17.16ms  80.64ms   54.10%
    Req/Sec    10.06k     1.08k   13.49k    71.84%
  Latency Distribution (HdrHistogram - Recorded Latency)
 50.000%   22.78ms
 75.000%   38.24ms
 90.000%   47.26ms
 99.000%   55.74ms
 99.900%   63.58ms
 99.990%   71.93ms
 99.999%   77.38ms
100.000%   80.70ms

  Detailed Percentile spectrum:
       Value   Percentile   TotalCount 1/(1-Percentile)

       0.171     0.000000            1         1.00
       1.175     0.100000       199593         1.11
       2.747     0.200000       399110         1.25
       9.879     0.300000       598711         1.43
      16.431     0.400000       798280         1.67
      22.783     0.500000       998071         2.00
      25.903     0.550000      1097772         2.22
      29.007     0.600000      1197526         2.50
      32.095     0.650000      1297239         2.86
      35.167     0.700000      1397031         3.33
      38.239     0.750000      1497154         4.00
      39.775     0.775000      1547491         4.44
      41.279     0.800000      1596861         5.00
      42.783     0.825000      1646766         5.71
      44.255     0.850000      1696258         6.67
      45.759     0.875000      1746741         8.00
      46.495     0.887500      1771670         8.89
      47.263     0.900000      1796799        10.00
      48.031     0.912500      1821674        11.43
      48.799     0.925000      1845891        13.33
      49.663     0.937500      1871535        16.00
      50.111     0.943750      1883471        17.78
      50.591     0.950000      1895805        20.00
      51.103     0.956250      1908442        22.86
      51.647     0.962500      1920830        26.67
      52.287     0.968750      1933313        32.00
      52.639     0.971875      1939315        35.56
      53.023     0.975000      1945645        40.00
      53.439     0.978125      1951977        45.71
      53.887     0.981250      1958172        53.33
      54.399     0.984375      1964344        64.00
      54.719     0.985938      1967589        71.11
      55.071     0.987500      1970537        80.00
      55.487     0.989062      1973650        91.43
      55.935     0.990625      1976741       106.67
      56.447     0.992188      1979880       128.00
      56.735     0.992969      1981383       142.22
      57.119     0.993750      1983034       160.00
      57.535     0.994531      1984542       182.86
      58.047     0.995313      1986096       213.33
      58.623     0.996094      1987604       256.00
      58.975     0.996484      1988375       284.44
      59.359     0.996875      1989148       320.00
      59.839     0.997266      1989970       365.71
      60.447     0.997656      1990741       426.67
      61.119     0.998047      1991515       512.00
      61.503     0.998242      1991898       568.89
      61.887     0.998437      1992267       640.00
      62.431     0.998633      1992661       731.43
      63.007     0.998828      1993056       853.33
      63.679     0.999023      1993437      1024.00
      64.095     0.999121      1993637      1137.78
      64.543     0.999219      1993837      1280.00
      65.119     0.999316      1994029      1462.86
      65.791     0.999414      1994226      1706.67
      66.559     0.999512      1994423      2048.00
      66.943     0.999561      1994520      2275.56
      67.391     0.999609      1994609      2560.00
      67.903     0.999658      1994703      2925.71
      68.479     0.999707      1994800      3413.33
      69.055     0.999756      1994899      4096.00
      69.439     0.999780      1994948      4551.11
      69.887     0.999805      1994996      5120.00
      70.271     0.999829      1995043      5851.43
      70.847     0.999854      1995096      6826.67
      71.359     0.999878      1995143      8192.00
      71.679     0.999890      1995166      9102.22
      72.063     0.999902      1995193     10240.00
      72.383     0.999915      1995213     11702.86
      72.895     0.999927      1995240     13653.33
      73.151     0.999939      1995262     16384.00
      73.471     0.999945      1995278     18204.44
      73.727     0.999951      1995286     20480.00
      74.175     0.999957      1995299     23405.71
      74.431     0.999963      1995311     27306.67
      75.071     0.999969      1995323     32768.00
      75.455     0.999973      1995330     36408.89
      75.583     0.999976      1995335     40960.00
      75.839     0.999979      1995342     46811.43
      76.351     0.999982      1995347     54613.33
      76.735     0.999985      1995353     65536.00
      76.927     0.999986      1995357     72817.78
      77.119     0.999988      1995359     81920.00
      77.375     0.999989      1995363     93622.86
      77.567     0.999991      1995365    109226.67
      77.759     0.999992      1995368    131072.00
      77.823     0.999993      1995370    145635.56
      77.887     0.999994      1995371    163840.00
      78.143     0.999995      1995373    187245.71
      78.591     0.999995      1995374    218453.33
      78.847     0.999996      1995377    262144.00
      78.847     0.999997      1995377    291271.11
      78.847     0.999997      1995377    327680.00
      78.975     0.999997      1995379    374491.43
      78.975     0.999998      1995379    436906.67
      79.167     0.999998      1995380    524288.00
      79.167     0.999998      1995380    582542.22
      79.167     0.999998      1995380    655360.00
      79.743     0.999999      1995381    748982.86
      79.743     0.999999      1995381    873813.33
      79.871     0.999999      1995382   1048576.00
      79.871     0.999999      1995382   1165084.44
      79.871     0.999999      1995382   1310720.00
      79.871     0.999999      1995382   1497965.71
      79.871     0.999999      1995382   1747626.67
      80.703     1.000000      1995383   2097152.00
      80.703     1.000000      1995383          inf
#[Mean    =       23.345, StdDeviation   =       17.162]
#[Max     =       80.640, Total count    =      1995383]
#[Buckets =           27, SubBuckets     =         2048]
----------------------------------------------------------
  2387086 requests in 1.00m, 198.06MB read
Requests/sec:  39776.22
Transfer/sec:      3.30MB
