Running 1m test @ http://erik-pc.local:8080/greeting/Bob
  4 threads and 100 connections
  Thread calibration: mean lat.: 251.216ms, rate sampling interval: 849ms
  Thread calibration: mean lat.: 253.762ms, rate sampling interval: 869ms
  Thread calibration: mean lat.: 263.729ms, rate sampling interval: 994ms
  Thread calibration: mean lat.: 263.162ms, rate sampling interval: 947ms
  Thread Stats   Avg      Stdev     Max   +/- Stdev
    Latency     1.59s   708.09ms   3.67s    62.28%
    Req/Sec    29.18k   816.75    31.30k    65.44%
  Latency Distribution (HdrHistogram - Recorded Latency)
 50.000%    1.56s 
 75.000%    2.12s 
 90.000%    2.53s 
 99.000%    3.31s 
 99.900%    3.58s 
 99.990%    3.65s 
 99.999%    3.67s 
100.000%    3.68s 

  Detailed Percentile spectrum:
       Value   Percentile   TotalCount 1/(1-Percentile)

     280.575     0.000000            1         1.00
     664.575     0.100000       582507         1.11
     881.663     0.200000      1164377         1.25
    1103.871     0.300000      1745110         1.43
    1343.487     0.400000      2326426         1.67
    1560.575     0.500000      2908588         2.00
    1671.167     0.550000      3199128         2.22
    1778.687     0.600000      3489453         2.50
    1893.375     0.650000      3780921         2.86
    2011.135     0.700000      4073590         3.33
    2121.727     0.750000      4364587         4.00
    2177.023     0.775000      4508252         4.44
    2238.463     0.800000      4652548         5.00
    2303.999     0.825000      4797793         5.71
    2377.727     0.850000      4946383         6.67
    2449.407     0.875000      5089575         8.00
    2486.271     0.887500      5162057         8.89
    2525.183     0.900000      5235879        10.00
    2570.239     0.912500      5309281        11.43
    2617.343     0.925000      5380160        13.33
    2674.687     0.937500      5453658        16.00
    2713.599     0.943750      5488683        17.78
    2756.607     0.950000      5524786        20.00
    2807.807     0.956250      5562525        22.86
    2859.007     0.962500      5597940        26.67
    2926.591     0.968750      5633856        32.00
    2985.983     0.971875      5652446        35.56
    3047.423     0.975000      5670749        40.00
    3108.863     0.978125      5688927        45.71
    3160.063     0.981250      5706744        53.33
    3219.455     0.984375      5724970        64.00
    3241.983     0.985938      5734097        71.11
    3266.559     0.987500      5743368        80.00
    3291.135     0.989062      5752251        91.43
    3330.047     0.990625      5761263       106.67
    3364.863     0.992188      5770562       128.00
    3383.295     0.992969      5774931       142.22
    3405.823     0.993750      5779201       160.00
    3438.591     0.994531      5783763       182.86
    3471.359     0.995313      5788417       213.33
    3500.031     0.996094      5793031       256.00
    3512.319     0.996484      5795059       284.44
    3524.607     0.996875      5797528       320.00
    3534.847     0.997266      5800116       365.71
    3543.039     0.997656      5802320       426.67
    3551.231     0.998047      5804477       512.00
    3555.327     0.998242      5805509       568.89
    3559.423     0.998437      5806471       640.00
    3565.567     0.998633      5807741       731.43
    3571.711     0.998828      5808887       853.33
    3577.855     0.999023      5809865      1024.00
    3581.951     0.999121      5810446      1137.78
    3588.095     0.999219      5811193      1280.00
    3592.191     0.999316      5811651      1462.86
    3598.335     0.999414      5812211      1706.67
    3604.479     0.999512      5812689      2048.00
    3608.575     0.999561      5812967      2275.56
    3614.719     0.999609      5813300      2560.00
    3618.815     0.999658      5813515      2925.71
    3624.959     0.999707      5813806      3413.33
    3631.103     0.999756      5814127      4096.00
    3633.151     0.999780      5814237      4551.11
    3637.247     0.999805      5814457      5120.00
    3639.295     0.999829      5814560      5851.43
    3641.343     0.999854      5814655      6826.67
    3645.439     0.999878      5814848      8192.00
    3647.487     0.999890      5814948      9102.22
    3647.487     0.999902      5814948     10240.00
    3649.535     0.999915      5815042     11702.86
    3651.583     0.999927      5815127     13653.33
    3653.631     0.999939      5815195     16384.00
    3653.631     0.999945      5815195     18204.44
    3655.679     0.999951      5815247     20480.00
    3657.727     0.999957      5815291     23405.71
    3657.727     0.999963      5815291     27306.67
    3659.775     0.999969      5815329     32768.00
    3661.823     0.999973      5815367     36408.89
    3661.823     0.999976      5815367     40960.00
    3663.871     0.999979      5815397     46811.43
    3663.871     0.999982      5815397     54613.33
    3665.919     0.999985      5815429     65536.00
    3665.919     0.999986      5815429     72817.78
    3667.967     0.999988      5815450     81920.00
    3667.967     0.999989      5815450     93622.86
    3667.967     0.999991      5815450    109226.67
    3670.015     0.999992      5815471    131072.00
    3670.015     0.999993      5815471    145635.56
    3670.015     0.999994      5815471    163840.00
    3670.015     0.999995      5815471    187245.71
    3672.063     0.999995      5815486    218453.33
    3672.063     0.999996      5815486    262144.00
    3672.063     0.999997      5815486    291271.11
    3672.063     0.999997      5815486    327680.00
    3674.111     0.999997      5815494    374491.43
    3674.111     0.999998      5815494    436906.67
    3674.111     0.999998      5815494    524288.00
    3674.111     0.999998      5815494    582542.22
    3674.111     0.999998      5815494    655360.00
    3676.159     0.999999      5815502    748982.86
    3676.159     1.000000      5815502          inf
#[Mean    =     1589.222, StdDeviation   =      708.095]
#[Max     =     3674.112, Total count    =      5815502]
#[Buckets =           27, SubBuckets     =         2048]
----------------------------------------------------------
  6983948 requests in 1.00m, 486.21MB read
Requests/sec: 116369.28
Transfer/sec:      8.10MB
