Running 1m test @ http://erik-pc.local:8080/greeting/Bob
  4 threads and 100 connections
  Thread calibration: mean lat.: 1.498ms, rate sampling interval: 10ms
  Thread calibration: mean lat.: 1.759ms, rate sampling interval: 10ms
  Thread calibration: mean lat.: 1.647ms, rate sampling interval: 10ms
  Thread calibration: mean lat.: 1.655ms, rate sampling interval: 10ms
  Thread Stats   Avg      Stdev     Max   +/- Stdev
    Latency     1.65ms  801.71us   6.02ms   67.20%
    Req/Sec     5.28k   823.41     8.33k    80.19%
  Latency Distribution (HdrHistogram - Recorded Latency)
 50.000%    1.52ms
 75.000%    2.16ms
 90.000%    2.78ms
 99.000%    3.80ms
 99.900%    4.28ms
 99.990%    4.63ms
 99.999%    5.41ms
100.000%    6.02ms

  Detailed Percentile spectrum:
       Value   Percentile   TotalCount 1/(1-Percentile)

       0.190     0.000000            1         1.00
       0.699     0.100000       100108         1.11
       0.930     0.200000       199935         1.25
       1.130     0.300000       299611         1.43
       1.319     0.400000       399282         1.67
       1.523     0.500000       498995         2.00
       1.634     0.550000       548834         2.22
       1.756     0.600000       598797         2.50
       1.884     0.650000       648727         2.86
       2.020     0.700000       698436         3.33
       2.165     0.750000       748719         4.00
       2.241     0.775000       773122         4.44
       2.325     0.800000       798515         5.00
       2.415     0.825000       822949         5.71
       2.517     0.850000       847937         6.67
       2.635     0.875000       872900         8.00
       2.705     0.887500       885587         8.89
       2.779     0.900000       897811        10.00
       2.863     0.912500       910465        11.43
       2.955     0.925000       922780        13.33
       3.061     0.937500       935252        16.00
       3.117     0.943750       941475        17.78
       3.175     0.950000       947647        20.00
       3.243     0.956250       954021        22.86
       3.317     0.962500       960238        26.67
       3.403     0.968750       966440        32.00
       3.449     0.971875       969544        35.56
       3.499     0.975000       972668        40.00
       3.553     0.978125       975702        45.71
       3.609     0.981250       978834        53.33
       3.673     0.984375       982013        64.00
       3.705     0.985938       983499        71.11
       3.741     0.987500       985055        80.00
       3.777     0.989062       986594        91.43
       3.821     0.990625       988209       106.67
       3.869     0.992188       989778       128.00
       3.893     0.992969       990530       142.22
       3.921     0.993750       991324       160.00
       3.951     0.994531       992046       182.86
       3.985     0.995313       992857       213.33
       4.021     0.996094       993622       256.00
       4.041     0.996484       994003       284.44
       4.063     0.996875       994393       320.00
       4.087     0.997266       994776       365.71
       4.119     0.997656       995211       426.67
       4.151     0.998047       995577       512.00
       4.171     0.998242       995780       568.89
       4.191     0.998437       995965       640.00
       4.215     0.998633       996141       731.43
       4.247     0.998828       996333       853.33
       4.283     0.999023       996544      1024.00
       4.299     0.999121       996638      1137.78
       4.319     0.999219       996733      1280.00
       4.343     0.999316       996825      1462.86
       4.371     0.999414       996921      1706.67
       4.403     0.999512       997018      2048.00
       4.423     0.999561       997064      2275.56
       4.443     0.999609       997116      2560.00
       4.459     0.999658       997162      2925.71
       4.479     0.999707       997215      3413.33
       4.499     0.999756       997259      4096.00
       4.511     0.999780       997286      4551.11
       4.531     0.999805       997309      5120.00
       4.547     0.999829       997332      5851.43
       4.575     0.999854       997362      6826.67
       4.599     0.999878       997380      8192.00
       4.615     0.999890       997394      9102.22
       4.639     0.999902       997407     10240.00
       4.667     0.999915       997417     11702.86
       4.695     0.999927       997427     13653.33
       4.747     0.999939       997440     16384.00
       4.763     0.999945       997446     18204.44
       4.775     0.999951       997452     20480.00
       4.803     0.999957       997459     23405.71
       4.827     0.999963       997464     27306.67
       4.899     0.999969       997470     32768.00
       4.919     0.999973       997473     36408.89
       4.975     0.999976       997476     40960.00
       5.015     0.999979       997479     46811.43
       5.043     0.999982       997482     54613.33
       5.115     0.999985       997485     65536.00
       5.187     0.999986       997487     72817.78
       5.267     0.999988       997488     81920.00
       5.407     0.999989       997490     93622.86
       5.423     0.999991       997491    109226.67
       5.451     0.999992       997493    131072.00
       5.631     0.999993       997494    145635.56
       5.631     0.999994       997494    163840.00
       5.667     0.999995       997495    187245.71
       5.675     0.999995       997496    218453.33
       5.691     0.999996       997497    262144.00
       5.691     0.999997       997497    291271.11
       5.691     0.999997       997497    327680.00
       5.723     0.999997       997498    374491.43
       5.723     0.999998       997498    436906.67
       6.007     0.999998       997499    524288.00
       6.007     0.999998       997499    582542.22
       6.007     0.999998       997499    655360.00
       6.007     0.999999       997499    748982.86
       6.007     0.999999       997499    873813.33
       6.023     0.999999       997500   1048576.00
       6.023     1.000000       997500          inf
#[Mean    =        1.651, StdDeviation   =        0.802]
#[Max     =        6.020, Total count    =       997500]
#[Buckets =           27, SubBuckets     =         2048]
----------------------------------------------------------
  1198809 requests in 1.00m, 83.46MB read
Requests/sec:  19979.86
Transfer/sec:      1.39MB
