Running 1m test @ http://erik-pc.local:8080/fruits
  4 threads and 100 connections
  Thread calibration: mean lat.: 1.881ms, rate sampling interval: 10ms
  Thread calibration: mean lat.: 1.910ms, rate sampling interval: 10ms
  Thread calibration: mean lat.: 1.945ms, rate sampling interval: 10ms
  Thread calibration: mean lat.: 1.826ms, rate sampling interval: 10ms
  Thread Stats   Avg      Stdev     Max   +/- Stdev
    Latency     1.89ms  680.06us   9.90ms   74.00%
    Req/Sec     2.64k   362.46     5.22k    79.64%
  Latency Distribution (HdrHistogram - Recorded Latency)
 50.000%    1.87ms
 75.000%    2.27ms
 90.000%    2.62ms
 99.000%    3.38ms
 99.900%    7.86ms
 99.990%    9.03ms
 99.999%    9.65ms
100.000%    9.91ms

  Detailed Percentile spectrum:
       Value   Percentile   TotalCount 1/(1-Percentile)

       0.553     0.000000            1         1.00
       1.078     0.100000        49920         1.11
       1.341     0.200000        99868         1.25
       1.541     0.300000       149648         1.43
       1.714     0.400000       199506         1.67
       1.871     0.500000       249725         2.00
       1.949     0.550000       274436         2.22
       2.026     0.600000       299318         2.50
       2.103     0.650000       324261         2.86
       2.185     0.700000       349763         3.33
       2.269     0.750000       374491         4.00
       2.315     0.775000       386987         4.44
       2.363     0.800000       399004         5.00
       2.417     0.825000       411852         5.71
       2.475     0.850000       424075         6.67
       2.541     0.875000       436521         8.00
       2.579     0.887500       442853         8.89
       2.619     0.900000       449115        10.00
       2.663     0.912500       455345        11.43
       2.713     0.925000       461558        13.33
       2.769     0.937500       467667        16.00
       2.801     0.943750       470818        17.78
       2.837     0.950000       473883        20.00
       2.877     0.956250       477009        22.86
       2.921     0.962500       480114        26.67
       2.975     0.968750       483250        32.00
       3.005     0.971875       484745        35.56
       3.041     0.975000       486367        40.00
       3.081     0.978125       487869        45.71
       3.129     0.981250       489403        53.33
       3.191     0.984375       490970        64.00
       3.229     0.985938       491746        71.11
       3.275     0.987500       492519        80.00
       3.337     0.989062       493305        91.43
       3.419     0.990625       494078       106.67
       3.557     0.992188       494853       128.00
       3.695     0.992969       495242       142.22
       3.917     0.993750       495631       160.00
       4.235     0.994531       496026       182.86
       4.819     0.995313       496411       213.33
       6.027     0.996094       496802       256.00
       6.395     0.996484       496995       284.44
       6.655     0.996875       497191       320.00
       6.887     0.997266       497387       365.71
       7.071     0.997656       497580       426.67
       7.275     0.998047       497776       512.00
       7.399     0.998242       497872       568.89
       7.511     0.998437       497969       640.00
       7.639     0.998633       498067       731.43
       7.755     0.998828       498165       853.33
       7.879     0.999023       498262      1024.00
       7.967     0.999121       498311      1137.78
       8.043     0.999219       498360      1280.00
       8.147     0.999316       498411      1462.86
       8.239     0.999414       498459      1706.67
       8.351     0.999512       498508      2048.00
       8.415     0.999561       498533      2275.56
       8.471     0.999609       498555      2560.00
       8.519     0.999658       498578      2925.71
       8.607     0.999707       498603      3413.33
       8.687     0.999756       498627      4096.00
       8.735     0.999780       498641      4551.11
       8.775     0.999805       498651      5120.00
       8.815     0.999829       498663      5851.43
       8.903     0.999854       498675      6826.67
       8.959     0.999878       498688      8192.00
       8.999     0.999890       498694      9102.22
       9.047     0.999902       498700     10240.00
       9.095     0.999915       498707     11702.86
       9.135     0.999927       498712     13653.33
       9.183     0.999939       498718     16384.00
       9.223     0.999945       498721     18204.44
       9.271     0.999951       498724     20480.00
       9.327     0.999957       498727     23405.71
       9.399     0.999963       498730     27306.67
       9.431     0.999969       498733     32768.00
       9.471     0.999973       498735     36408.89
       9.511     0.999976       498736     40960.00
       9.519     0.999979       498738     46811.43
       9.527     0.999982       498739     54613.33
       9.559     0.999985       498741     65536.00
       9.647     0.999986       498742     72817.78
       9.647     0.999988       498742     81920.00
       9.655     0.999989       498743     93622.86
       9.711     0.999991       498744    109226.67
       9.727     0.999992       498745    131072.00
       9.727     0.999993       498745    145635.56
       9.727     0.999994       498745    163840.00
       9.775     0.999995       498746    187245.71
       9.775     0.999995       498746    218453.33
       9.879     0.999996       498747    262144.00
       9.879     0.999997       498747    291271.11
       9.879     0.999997       498747    327680.00
       9.879     0.999997       498747    374491.43
       9.879     0.999998       498747    436906.67
       9.911     0.999998       498748    524288.00
       9.911     1.000000       498748          inf
#[Mean    =        1.889, StdDeviation   =        0.680]
#[Max     =        9.904, Total count    =       498748]
#[Buckets =           27, SubBuckets     =         2048]
----------------------------------------------------------
  599431 requests in 1.00m, 97.18MB read
Requests/sec:   9990.34
Transfer/sec:      1.62MB
