Running 1m test @ http://erik-pc.local:8080/fruits
  4 threads and 100 connections
  Thread calibration: mean lat.: 85.163ms, rate sampling interval: 511ms
  Thread calibration: mean lat.: 188.677ms, rate sampling interval: 849ms
  Thread calibration: mean lat.: 193.099ms, rate sampling interval: 998ms
  Thread calibration: mean lat.: 182.871ms, rate sampling interval: 1245ms
  Thread Stats   Avg      Stdev     Max   +/- Stdev
    Latency     1.15s     1.27s    6.24s    84.26%
    Req/Sec     4.59k     0.92k    6.80k    71.72%
  Latency Distribution (HdrHistogram - Recorded Latency)
 50.000%  691.20ms
 75.000%    1.54s 
 90.000%    3.19s 
 99.000%    5.50s 
 99.900%    6.10s 
 99.990%    6.16s 
 99.999%    6.23s 
100.000%    6.24s 

  Detailed Percentile spectrum:
       Value   Percentile   TotalCount 1/(1-Percentile)

       0.557     0.000000            1         1.00
      59.743     0.100000        91337         1.11
     164.991     0.200000       182729         1.25
     288.255     0.300000       274116         1.43
     454.143     0.400000       365441         1.67
     691.199     0.500000       456821         2.00
     840.703     0.550000       502377         2.22
    1004.031     0.600000       548165         2.50
    1164.287     0.650000       593860         2.86
    1339.391     0.700000       639507         3.33
    1542.143     0.750000       685153         4.00
    1687.551     0.775000       707923         4.44
    1953.791     0.800000       730716         5.00
    2144.255     0.825000       753548         5.71
    2488.319     0.850000       776593         6.67
    2727.935     0.875000       799250         8.00
    2965.503     0.887500       810701         8.89
    3194.879     0.900000       822118        10.00
    3358.719     0.912500       833526        11.43
    3559.423     0.925000       844908        13.33
    3715.071     0.937500       856388        16.00
    3788.799     0.943750       862076        17.78
    3885.055     0.950000       867723        20.00
    3995.647     0.956250       873469        22.86
    4239.359     0.962500       879148        26.67
    4403.199     0.968750       885025        32.00
    4448.255     0.971875       887717        35.56
    4567.039     0.975000       890567        40.00
    4747.263     0.978125       893463        45.71
    4825.087     0.981250       896385        53.33
    5054.463     0.984375       899108        64.00
    5234.687     0.985938       900535        71.11
    5345.279     0.987500       901982        80.00
    5435.391     0.989062       903401        91.43
    5558.271     0.990625       904859       106.67
    5631.999     0.992188       906245       128.00
    5672.959     0.992969       906956       142.22
    5799.935     0.993750       907661       160.00
    5853.183     0.994531       908417       182.86
    5914.623     0.995313       909137       213.33
    5943.295     0.996094       909930       256.00
    5951.487     0.996484       910217       284.44
    5963.775     0.996875       910605       320.00
    5980.159     0.997266       910912       365.71
    6021.119     0.997656       911256       426.67
    6041.599     0.998047       911596       512.00
    6053.887     0.998242       911816       568.89
    6066.175     0.998437       911984       640.00
    6082.559     0.998633       912157       731.43
    6094.847     0.998828       912327       853.33
    6107.135     0.999023       912552      1024.00
    6111.231     0.999121       912636      1137.78
    6115.327     0.999219       912717      1280.00
    6119.423     0.999316       912806      1462.86
    6123.519     0.999414       912889      1706.67
    6127.615     0.999512       912955      2048.00
    6131.711     0.999561       913027      2275.56
    6131.711     0.999609       913027      2560.00
    6135.807     0.999658       913094      2925.71
    6139.903     0.999707       913146      3413.33
    6143.999     0.999756       913188      4096.00
    6143.999     0.999780       913188      4551.11
    6148.095     0.999805       913220      5120.00
    6148.095     0.999829       913220      5851.43
    6152.191     0.999854       913242      6826.67
    6156.287     0.999878       913258      8192.00
    6160.383     0.999890       913275      9102.22
    6164.479     0.999902       913286     10240.00
    6168.575     0.999915       913307     11702.86
    6168.575     0.999927       913307     13653.33
    6172.671     0.999939       913325     16384.00
    6172.671     0.999945       913325     18204.44
    6172.671     0.999951       913325     20480.00
    6176.767     0.999957       913340     23405.71
    6176.767     0.999963       913340     27306.67
    6180.863     0.999969       913346     32768.00
    6180.863     0.999973       913346     36408.89
    6184.959     0.999976       913349     40960.00
    6209.535     0.999979       913350     46811.43
    6217.727     0.999982       913353     54613.33
    6225.919     0.999985       913361     65536.00
    6225.919     0.999986       913361     72817.78
    6225.919     0.999988       913361     81920.00
    6225.919     0.999989       913361     93622.86
    6225.919     0.999991       913361    109226.67
    6234.111     0.999992       913366    131072.00
    6234.111     0.999993       913366    145635.56
    6234.111     0.999994       913366    163840.00
    6234.111     0.999995       913366    187245.71
    6234.111     0.999995       913366    218453.33
    6234.111     0.999996       913366    262144.00
    6234.111     0.999997       913366    291271.11
    6238.207     0.999997       913368    327680.00
    6238.207     0.999997       913368    374491.43
    6238.207     0.999998       913368    436906.67
    6238.207     0.999998       913368    524288.00
    6238.207     0.999998       913368    582542.22
    6238.207     0.999998       913368    655360.00
    6238.207     0.999999       913368    748982.86
    6238.207     0.999999       913368    873813.33
    6242.303     0.999999       913369   1048576.00
    6242.303     1.000000       913369          inf
#[Mean    =     1151.264, StdDeviation   =     1266.321]
#[Max     =     6238.208, Total count    =       913369]
#[Buckets =           27, SubBuckets     =         2048]
----------------------------------------------------------
  1098508 requests in 1.00m, 178.10MB read
Requests/sec:  18308.71
Transfer/sec:      2.97MB
