Running 1m test @ http://erik-pc.local:8080/fruits
  4 threads and 100 connections
  Thread calibration: mean lat.: 1.504ms, rate sampling interval: 10ms
  Thread calibration: mean lat.: 1.539ms, rate sampling interval: 10ms
  Thread calibration: mean lat.: 1.541ms, rate sampling interval: 10ms
  Thread calibration: mean lat.: 1.553ms, rate sampling interval: 10ms
  Thread Stats   Avg      Stdev     Max   +/- Stdev
    Latency     1.51ms  465.03us   7.23ms   70.89%
    Req/Sec     1.32k   173.12     2.56k    77.14%
  Latency Distribution (HdrHistogram - Recorded Latency)
 50.000%    1.46ms
 75.000%    1.79ms
 90.000%    2.08ms
 99.000%    2.62ms
 99.900%    5.72ms
 99.990%    6.53ms
 99.999%    7.00ms
100.000%    7.24ms

  Detailed Percentile spectrum:
       Value   Percentile   TotalCount 1/(1-Percentile)

       0.581     0.000000            1         1.00
       0.972     0.100000        24948         1.11
       1.112     0.200000        50012         1.25
       1.233     0.300000        74870         1.43
       1.346     0.400000        99783         1.67
       1.463     0.500000       124829         2.00
       1.522     0.550000       137175         2.22
       1.584     0.600000       149683         2.50
       1.648     0.650000       162093         2.86
       1.715     0.700000       174591         3.33
       1.789     0.750000       187131         4.00
       1.828     0.775000       193410         4.44
       1.869     0.800000       199506         5.00
       1.913     0.825000       205788         5.71
       1.962     0.850000       212000         6.67
       2.016     0.875000       218285         8.00
       2.045     0.887500       221399         8.89
       2.079     0.900000       224584        10.00
       2.113     0.912500       227709        11.43
       2.151     0.925000       230810        13.33
       2.195     0.937500       233828        16.00
       2.221     0.943750       235380        17.78
       2.249     0.950000       236957        20.00
       2.281     0.956250       238490        22.86
       2.319     0.962500       240026        26.67
       2.367     0.968750       241623        32.00
       2.393     0.971875       242374        35.56
       2.425     0.975000       243173        40.00
       2.457     0.978125       243932        45.71
       2.493     0.981250       244702        53.33
       2.535     0.984375       245496        64.00
       2.555     0.985938       245886        71.11
       2.579     0.987500       246288        80.00
       2.603     0.989062       246658        91.43
       2.635     0.990625       247054       106.67
       2.665     0.992188       247425       128.00
       2.685     0.992969       247626       142.22
       2.705     0.993750       247818       160.00
       2.727     0.994531       248018       182.86
       2.753     0.995313       248209       213.33
       2.789     0.996094       248403       256.00
       2.809     0.996484       248505       284.44
       2.843     0.996875       248595       320.00
       2.887     0.997266       248692       365.71
       3.005     0.997656       248788       426.67
       5.119     0.998047       248885       512.00
       5.295     0.998242       248934       568.89
       5.419     0.998437       248985       640.00
       5.507     0.998633       249032       731.43
       5.627     0.998828       249080       853.33
       5.727     0.999023       249130      1024.00
       5.787     0.999121       249154      1137.78
       5.831     0.999219       249178      1280.00
       5.923     0.999316       249203      1462.86
       5.999     0.999414       249226      1706.67
       6.099     0.999512       249251      2048.00
       6.147     0.999561       249265      2275.56
       6.187     0.999609       249277      2560.00
       6.219     0.999658       249287      2925.71
       6.251     0.999707       249299      3413.33
       6.295     0.999756       249312      4096.00
       6.363     0.999780       249319      4551.11
       6.395     0.999805       249324      5120.00
       6.435     0.999829       249330      5851.43
       6.467     0.999854       249336      6826.67
       6.515     0.999878       249342      8192.00
       6.531     0.999890       249345      9102.22
       6.543     0.999902       249349     10240.00
       6.563     0.999915       249351     11702.86
       6.595     0.999927       249354     13653.33
       6.627     0.999939       249357     16384.00
       6.687     0.999945       249360     18204.44
       6.687     0.999951       249360     20480.00
       6.715     0.999957       249362     23405.71
       6.735     0.999963       249364     27306.67
       6.751     0.999969       249365     32768.00
       6.759     0.999973       249366     36408.89
       6.759     0.999976       249366     40960.00
       6.839     0.999979       249367     46811.43
       6.963     0.999982       249368     54613.33
       6.999     0.999985       249370     65536.00
       6.999     0.999986       249370     72817.78
       6.999     0.999988       249370     81920.00
       6.999     0.999989       249370     93622.86
       6.999     0.999991       249370    109226.67
       7.187     0.999992       249371    131072.00
       7.187     0.999993       249371    145635.56
       7.187     0.999994       249371    163840.00
       7.187     0.999995       249371    187245.71
       7.187     0.999995       249371    218453.33
       7.235     0.999996       249372    262144.00
       7.235     1.000000       249372          inf
#[Mean    =        1.508, StdDeviation   =        0.465]
#[Max     =        7.232, Total count    =       249372]
#[Buckets =           27, SubBuckets     =         2048]
----------------------------------------------------------
  299742 requests in 1.00m, 48.60MB read
Requests/sec:   4995.57
Transfer/sec:    829.34KB
