Running 1m test @ http://erik-pc.local:8080/fruits
  4 threads and 100 connections
  Thread calibration: mean lat.: 2.194ms, rate sampling interval: 10ms
  Thread calibration: mean lat.: 2.240ms, rate sampling interval: 10ms
  Thread calibration: mean lat.: 2.235ms, rate sampling interval: 10ms
  Thread calibration: mean lat.: 2.195ms, rate sampling interval: 10ms
  Thread Stats   Avg      Stdev     Max   +/- Stdev
    Latency     2.21ms  621.15us   7.86ms   70.65%
    Req/Sec     1.32k   184.48     2.22k    73.80%
  Latency Distribution (HdrHistogram - Recorded Latency)
 50.000%    2.26ms
 75.000%    2.61ms
 90.000%    2.90ms
 99.000%    3.39ms
 99.900%    6.38ms
 99.990%    7.31ms
 99.999%    7.84ms
100.000%    7.86ms

  Detailed Percentile spectrum:
       Value   Percentile   TotalCount 1/(1-Percentile)

       0.700     0.000000            1         1.00
       1.312     0.100000        24961         1.11
       1.705     0.200000        49928         1.25
       1.950     0.300000        74845         1.43
       2.121     0.400000       100066         1.67
       2.259     0.500000       124811         2.00
       2.327     0.550000       137521         2.22
       2.393     0.600000       149711         2.50
       2.463     0.650000       162384         2.86
       2.537     0.700000       174757         3.33
       2.613     0.750000       187273         4.00
       2.651     0.775000       193296         4.44
       2.693     0.800000       199575         5.00
       2.737     0.825000       205737         5.71
       2.785     0.850000       212003         6.67
       2.839     0.875000       218362         8.00
       2.867     0.887500       221490         8.89
       2.897     0.900000       224527        10.00
       2.931     0.912500       227634        11.43
       2.969     0.925000       230755        13.33
       3.011     0.937500       233862        16.00
       3.035     0.943750       235432        17.78
       3.059     0.950000       236909        20.00
       3.089     0.956250       238536        22.86
       3.119     0.962500       240075        26.67
       3.157     0.968750       241634        32.00
       3.177     0.971875       242360        35.56
       3.201     0.975000       243157        40.00
       3.229     0.978125       243961        45.71
       3.259     0.981250       244697        53.33
       3.297     0.984375       245520        64.00
       3.319     0.985938       245893        71.11
       3.343     0.987500       246273        80.00
       3.371     0.989062       246669        91.43
       3.407     0.990625       247037       106.67
       3.459     0.992188       247428       128.00
       3.489     0.992969       247630       142.22
       3.527     0.993750       247824       160.00
       3.579     0.994531       248009       182.86
       3.673     0.995313       248205       213.33
       4.571     0.996094       248398       256.00
       5.115     0.996484       248498       284.44
       5.331     0.996875       248593       320.00
       5.539     0.997266       248691       365.71
       5.735     0.997656       248790       426.67
       5.903     0.998047       248885       512.00
       5.995     0.998242       248934       568.89
       6.103     0.998437       248986       640.00
       6.191     0.998633       249034       731.43
       6.299     0.998828       249081       853.33
       6.391     0.999023       249130      1024.00
       6.455     0.999121       249153      1137.78
       6.527     0.999219       249178      1280.00
       6.603     0.999316       249202      1462.86
       6.675     0.999414       249226      1706.67
       6.771     0.999512       249251      2048.00
       6.803     0.999561       249265      2275.56
       6.855     0.999609       249275      2560.00
       6.911     0.999658       249288      2925.71
       6.963     0.999707       249300      3413.33
       7.051     0.999756       249313      4096.00
       7.087     0.999780       249318      4551.11
       7.119     0.999805       249324      5120.00
       7.151     0.999829       249330      5851.43
       7.191     0.999854       249337      6826.67
       7.239     0.999878       249342      8192.00
       7.271     0.999890       249345      9102.22
       7.311     0.999902       249348     10240.00
       7.367     0.999915       249351     11702.86
       7.407     0.999927       249354     13653.33
       7.443     0.999939       249357     16384.00
       7.523     0.999945       249359     18204.44
       7.531     0.999951       249360     20480.00
       7.575     0.999957       249362     23405.71
       7.659     0.999963       249363     27306.67
       7.727     0.999969       249365     32768.00
       7.751     0.999973       249366     36408.89
       7.751     0.999976       249366     40960.00
       7.759     0.999979       249367     46811.43
       7.791     0.999982       249368     54613.33
       7.799     0.999985       249369     65536.00
       7.799     0.999986       249369     72817.78
       7.799     0.999988       249369     81920.00
       7.835     0.999989       249370     93622.86
       7.835     0.999991       249370    109226.67
       7.839     0.999992       249371    131072.00
       7.839     0.999993       249371    145635.56
       7.839     0.999994       249371    163840.00
       7.839     0.999995       249371    187245.71
       7.839     0.999995       249371    218453.33
       7.859     0.999996       249372    262144.00
       7.859     1.000000       249372          inf
#[Mean    =        2.208, StdDeviation   =        0.621]
#[Max     =        7.856, Total count    =       249372]
#[Buckets =           27, SubBuckets     =         2048]
----------------------------------------------------------
  299740 requests in 1.00m, 48.60MB read
Requests/sec:   4995.57
Transfer/sec:    829.34KB
