Running 1m test @ http://erik-pc.local:8080/greeting/Bob
  4 threads and 100 connections
  Thread calibration: mean lat.: 1.482ms, rate sampling interval: 10ms
  Thread calibration: mean lat.: 1.315ms, rate sampling interval: 10ms
  Thread calibration: mean lat.: 1.405ms, rate sampling interval: 10ms
  Thread calibration: mean lat.: 1.379ms, rate sampling interval: 10ms
  Thread Stats   Avg      Stdev     Max   +/- Stdev
    Latency     1.39ms  576.57us   5.59ms   63.69%
    Req/Sec     2.64k   349.18     4.22k    84.03%
  Latency Distribution (HdrHistogram - Recorded Latency)
 50.000%    1.35ms
 75.000%    1.83ms
 90.000%    2.16ms
 99.000%    2.76ms
 99.900%    3.52ms
 99.990%    4.78ms
 99.999%    5.38ms
100.000%    5.59ms

  Detailed Percentile spectrum:
       Value   Percentile   TotalCount 1/(1-Percentile)

       0.264     0.000000            1         1.00
       0.656     0.100000        49903         1.11
       0.839     0.200000        99941         1.25
       1.006     0.300000       149807         1.43
       1.175     0.400000       199520         1.67
       1.346     0.500000       249577         2.00
       1.438     0.550000       274415         2.22
       1.534     0.600000       299358         2.50
       1.631     0.650000       324387         2.86
       1.729     0.700000       349173         3.33
       1.825     0.750000       374231         4.00
       1.873     0.775000       386661         4.44
       1.922     0.800000       399057         5.00
       1.976     0.825000       411568         5.71
       2.033     0.850000       424083         6.67
       2.095     0.875000       436755         8.00
       2.125     0.887500       442674         8.89
       2.159     0.900000       449062        10.00
       2.195     0.912500       455276        11.43
       2.237     0.925000       461553        13.33
       2.285     0.937500       467803        16.00
       2.311     0.943750       470743        17.78
       2.343     0.950000       473851        20.00
       2.379     0.956250       477010        22.86
       2.421     0.962500       480109        26.67
       2.469     0.968750       483182        32.00
       2.497     0.971875       484756        35.56
       2.529     0.975000       486374        40.00
       2.561     0.978125       487844        45.71
       2.603     0.981250       489423        53.33
       2.651     0.984375       490978        64.00
       2.679     0.985938       491785        71.11
       2.707     0.987500       492543        80.00
       2.739     0.989062       493294        91.43
       2.777     0.990625       494086       106.67
       2.823     0.992188       494885       128.00
       2.847     0.992969       495246       142.22
       2.875     0.993750       495645       160.00
       2.903     0.994531       496027       182.86
       2.943     0.995313       496425       213.33
       2.993     0.996094       496808       256.00
       3.019     0.996484       496996       284.44
       3.051     0.996875       497194       320.00
       3.091     0.997266       497385       365.71
       3.143     0.997656       497583       426.67
       3.201     0.998047       497776       512.00
       3.241     0.998242       497875       568.89
       3.289     0.998437       497972       640.00
       3.351     0.998633       498067       731.43
       3.435     0.998828       498164       853.33
       3.539     0.999023       498263      1024.00
       3.605     0.999121       498311      1137.78
       3.677     0.999219       498359      1280.00
       3.785     0.999316       498408      1462.86
       3.877     0.999414       498456      1706.67
       3.993     0.999512       498505      2048.00
       4.075     0.999561       498529      2275.56
       4.147     0.999609       498554      2560.00
       4.235     0.999658       498579      2925.71
       4.323     0.999707       498602      3413.33
       4.427     0.999756       498629      4096.00
       4.487     0.999780       498640      4551.11
       4.523     0.999805       498652      5120.00
       4.579     0.999829       498664      5851.43
       4.655     0.999854       498676      6826.67
       4.727     0.999878       498688      8192.00
       4.771     0.999890       498694      9102.22
       4.799     0.999902       498700     10240.00
       4.823     0.999915       498706     11702.86
       4.875     0.999927       498713     13653.33
       4.947     0.999939       498718     16384.00
       4.979     0.999945       498721     18204.44
       5.003     0.999951       498724     20480.00
       5.051     0.999957       498727     23405.71
       5.119     0.999963       498730     27306.67
       5.135     0.999969       498733     32768.00
       5.191     0.999973       498735     36408.89
       5.195     0.999976       498736     40960.00
       5.283     0.999979       498738     46811.43
       5.315     0.999982       498739     54613.33
       5.359     0.999985       498741     65536.00
       5.371     0.999986       498742     72817.78
       5.371     0.999988       498742     81920.00
       5.375     0.999989       498743     93622.86
       5.383     0.999991       498744    109226.67
       5.423     0.999992       498745    131072.00
       5.423     0.999993       498745    145635.56
       5.423     0.999994       498745    163840.00
       5.503     0.999995       498746    187245.71
       5.503     0.999995       498746    218453.33
       5.579     0.999996       498747    262144.00
       5.579     0.999997       498747    291271.11
       5.579     0.999997       498747    327680.00
       5.579     0.999997       498747    374491.43
       5.579     0.999998       498747    436906.67
       5.595     0.999998       498748    524288.00
       5.595     1.000000       498748          inf
#[Mean    =        1.392, StdDeviation   =        0.577]
#[Max     =        5.592, Total count    =       498748]
#[Buckets =           27, SubBuckets     =         2048]
----------------------------------------------------------
  599434 requests in 1.00m, 41.73MB read
Requests/sec:   9990.22
Transfer/sec:    712.19KB
