  47280 1001      20   0 1338792 363656  42964 S   6.7   2.2  51:20.01 application
  47280 1001      20   0 1339816 364448  42964 S 400.0   2.2  51:24.05 application
  47280 1001      20   0 1339816 364448  42964 S 401.0   2.2  51:28.06 application
  47280 1001      20   0 1339816 364448  42964 S 400.0   2.2  51:32.06 application
  47280 1001      20   0 1339816 364448  42964 S 401.0   2.2  51:36.07 application
  47280 1001      20   0 1339816 364448  42964 S 402.0   2.2  51:40.09 application
  47280 1001      20   0 1340840 364976  42964 S 401.0   2.2  51:44.10 application
  47280 1001      20   0 1340840 364976  42964 S 402.0   2.2  51:48.12 application
  47280 1001      20   0 1340840 364976  42964 S 398.0   2.2  51:52.10 application
  47280 1001      20   0 1340840 365240  42964 S 400.0   2.2  51:56.14 application
  47280 1001      20   0 1340840 365240  42964 S 400.0   2.2  52:00.14 application
  47280 1001      20   0 1340840 365504  42964 S 398.0   2.2  52:04.12 application
  47280 1001      20   0 1340840 365504  42964 S 405.0   2.2  52:08.17 application
  47280 1001      20   0 1340840 365504  42964 S 399.0   2.2  52:12.16 application
  47280 1001      20   0 1340840 365504  42964 S 401.0   2.2  52:16.17 application
  47280 1001      20   0 1340840 365504  42964 S 400.0   2.2  52:20.17 application
  47280 1001      20   0 1340840 365504  42964 S 400.0   2.2  52:24.17 application
  47280 1001      20   0 1340840 365504  42964 S 398.0   2.2  52:28.19 application
  47280 1001      20   0 1341864 365768  42964 S 402.0   2.2  52:32.21 application
  47280 1001      20   0 1341864 365768  42964 S 401.0   2.2  52:36.22 application
  47280 1001      20   0 1341864 365768  42964 S 400.0   2.2  52:40.22 application
  47280 1001      20   0 1341864 366032  42964 S 400.0   2.2  52:44.22 application
  47280 1001      20   0 1341864 366032  42964 S 400.0   2.2  52:48.22 application
  47280 1001      20   0 1341864 366032  42964 S 397.0   2.2  52:52.19 application
  47280 1001      20   0 1341864 366032  42964 S 406.0   2.2  52:56.25 application
  47280 1001      20   0 1341864 366296  42964 S 400.0   2.2  53:00.25 application
  47280 1001      20   0 1341864 366296  42964 S 397.0   2.2  53:04.26 application
  47280 1001      20   0 1341864 366296  42964 S 400.0   2.2  53:08.26 application
  47280 1001      20   0 1341864 366560  42964 S 399.0   2.2  53:12.25 application
  47280 1001      20   0 1341864 366560  42964 S 404.0   2.2  53:16.29 application
  47280 1001      20   0 1342888 366560  42964 S 400.0   2.2  53:20.29 application
  47280 1001      20   0 1342888 366824  42964 S 400.0   2.2  53:24.29 application
  47280 1001      20   0 1342888 367088  42964 S 399.0   2.3  53:28.28 application
  47280 1001      20   0 1342888 367088  42964 S 401.0   2.3  53:32.29 application
  47280 1001      20   0 1342888 367352  42964 S 400.0   2.3  53:36.29 application
  47280 1001      20   0 1342888 367616  42964 S 396.0   2.3  53:40.29 application
  47280 1001      20   0 1342888 367616  42964 S 401.0   2.3  53:44.30 application
  47280 1001      20   0 1342888 367616  42964 S 399.0   2.3  53:48.29 application
  47280 1001      20   0 1342888 367616  42964 S 400.0   2.3  53:52.29 application
  47280 1001      20   0 1342888 367880  42964 S 401.0   2.3  53:56.30 application
  47280 1001      20   0 1342888 367880  42964 S 400.0   2.3  54:00.30 application
  47280 1001      20   0 1343912 367880  42964 S 400.0   2.3  54:04.30 application
  47280 1001      20   0 1343912 367880  42964 S 399.0   2.3  54:08.29 application
  47280 1001      20   0 1343912 367880  42964 S 396.0   2.3  54:12.29 application
  47280 1001      20   0 1343912 367880  42964 S 400.0   2.3  54:16.29 application
  47280 1001      20   0 1343912 367880  42964 S 400.0   2.3  54:20.29 application
  47280 1001      20   0 1343912 368144  42964 S 401.0   2.3  54:24.30 application
  47280 1001      20   0 1343912 368144  42964 S 399.0   2.3  54:28.29 application
  47280 1001      20   0 1343912 368144  42964 S 401.0   2.3  54:32.30 application
  47280 1001      20   0 1343