  47950 1001      20   0 5774056 459276  47240 S   0.0   2.8  26:17.55 application
  47950 1001      20   0 5774056 460332  47240 S 399.0   2.8  26:21.54 application
  47950 1001      20   0 5826304 463500  47240 S 399.0   2.8  26:25.53 application
  47950 1001      20   0 5827328 464028  47240 S 400.0   2.8  26:29.53 application
  47950 1001      20   0 5827328 464552  47240 S 400.0   2.8  26:33.53 application
  47950 1001      20   0 5828352 464816  47240 S 401.0   2.9  26:37.54 application
  47950 1001      20   0 5828352 464816  47240 S 399.0   2.9  26:41.53 application
  47950 1001      20   0 5828352 464816  47240 S 401.0   2.9  26:45.54 application
  47950 1001      20   0 5946136 466928  47240 S 396.0   2.9  26:49.54 application
  47950 1001      20   0 5946136 467192  47240 S 401.0   2.9  26:53.55 application
  47950 1001      20   0 5946136 467720  47240 S 400.0   2.9  26:57.55 application
  47950 1001      20   0 5947160 468248  47240 S 402.0   2.9  27:01.57 application
  47950 1001      20   0 5947160 468512  47240 S 400.0   2.9  27:05.57 application
  47950 1001      20   0 5947160 468776  47240 S 402.0   2.9  27:09.59 application
  47950 1001      20   0 5948184 468776  47240 S 401.0   2.9  27:13.60 application
  47950 1001      20   0 5948184 469564  47240 S 400.0   2.9  27:17.60 application
  47950 1001      20   0 5948184 469828  47240 S 401.0   2.9  27:21.61 application
  47950 1001      20   0 5949208 470616  47240 S 403.0   2.9  27:25.64 application
  47950 1001      20   0 5949208 470880  47240 S 395.0   2.9  27:29.63 application
  47950 1001      20   0 5950232 471144  47240 S 404.0   2.9  27:33.67 application
  47950 1001      20   0 5950232 471932  47240 S 397.0   2.9  27:37.64 application
  47950 1001      20   0 5950232 472192  47240 S 404.0   2.9  27:41.68 application
  47950 1001      20   0 5951256 472720  47240 S 402.0   2.9  27:45.70 application
  47950 1001      20   0 5951256 472984  47240 S 401.0   2.9  27:49.71 application
  47950 1001      20   0 5951256 473508  47240 S 392.0   2.9  27:53.63 application
  47950 1001      20   0 6617916 476412  47240 S 405.0   2.9  27:57.68 application
  47950 1001      20   0 6618940 476412  47240 S 406.0   2.9  28:01.74 application
  47950 1001      20   0 6618940 476676  47240 S 395.0   2.9  28:05.73 application
  47950 1001      20   0 6618940 477204  47240 S 398.0   2.9  28:09.71 application
  47950 1001      20   0 6619964 477468  47240 S 406.0   2.9  28:13.77 application
  47950 1001      20   0 6619964 477732  47240 S 396.0   2.9  28:17.73 application
  47950 1001      20   0 6620988 477996  47240 S 409.0   2.9  28:21.82 application
  47950 1001      20   0 6620988 478520  47240 S 401.0   2.9  28:25.83 application
  47950 1001      20   0 6620988 479312  47240 S 392.0   2.9  28:29.75 application
  47950 1001      20   0 6622012 479576  47240 S 410.0   2.9  28:33.85 application
  47950 1001      20   0 6622012 480104  47240 S 398.0   2.9  28:37.83 application
  47950 1001      20   0 6622012 480364  47240 S 401.0   2.9  28:41.84 application
  47950 1001      20   0 6623036 480624  47240 S 387.1   2.9  28:45.75 application
  47950 1001      20   0 6623036 481152  47240 S 411.0   3.0  28:49.86 application
  47950 1001      20   0 6624060 481412  47240 S 401.0   3.0  28:53.87 application
  47950 1001      20   0 6624060 481940  47240 S 394.0   3.0  28:57.81 application
  47950 1001      20   0 6624060 482468  47240 S 405.0   3.0  29:01.86 application
  47950 1001      20   0 6625084 482468  47240 S 393.0   3.0  29:05.79 application
  47950 1001      20   0 6625084 482996  47240 S 413.0   3.0  29:09.92 application
  47950 1001      20   0 6626108 483524  47240 S 398.0   3.0  29:13.90 application
  47950 1001      20   0 6626108 484048  47240 S 401.0   3.0  29:17.91 application
  47950 1001      20   0 6626108 484576  47240 S 396.0   3.0  29:21.87 application
  47950 1001      20   0 6627132 484840  47240 S 401.0   3.0  29:25.92 application
  47950 1001      20   0 6627132 485104  47240 S 400.0   3.0  29:29.92 application
  47950 1001      20   0 6627