  47280 1001      20   0 1293736 317720  42964 S  93.3   1.9   8:42.62 application
  47280 1001      20   0 1293736 318248  42964 S 243.0   2.0   8:45.05 application
  47280 1001      20   0 1293736 318248  42964 S 316.0   2.0   8:48.21 application
  47280 1001      20   0 1293736 318512  42964 S 313.0   2.0   8:51.34 application
  47280 1001      20   0 1293736 318512  42964 S 309.0   2.0   8:54.43 application
  47280 1001      20   0 1293736 318512  42964 S 304.0   2.0   8:57.47 application
  47280 1001      20   0 1293736 318512  42964 S 299.0   2.0   9:00.49 application
  47280 1001      20   0 1293736 318512  42964 S 304.0   2.0   9:03.53 application
  47280 1001      20   0 1293736 318512  42964 S 303.0   2.0   9:06.56 application
  47280 1001      20   0 1293736 318512  42964 S 306.0   2.0   9:09.62 application
  47280 1001      20   0 1293736 318512  42964 S 304.0   2.0   9:12.66 application
  47280 1001      20   0 1293736 318512  42964 S 300.0   2.0   9:15.66 application
  47280 1001      20   0 1293736 318512  42964 S 297.0   2.0   9:18.63 application
  47280 1001      20   0 1294760 318512  42964 S 299.0   2.0   9:21.62 application
  47280 1001      20   0 1294760 318512  42964 S 302.0   2.0   9:24.67 application
  47280 1001      20   0 1294760 318512  42964 S 305.0   2.0   9:27.72 application
  47280 1001      20   0 1294760 318512  42964 S 304.0   2.0   9:30.76 application
  47280 1001      20   0 1294760 318776  42964 S 301.0   2.0   9:33.77 application
  47280 1001      20   0 1294760 318776  42964 S 304.0   2.0   9:36.81 application
  47280 1001      20   0 1294760 318776  42964 S 299.0   2.0   9:39.80 application
  47280 1001      20   0 1294760 318776  42964 S 298.0   2.0   9:42.78 application
  47280 1001      20   0 1294760 318776  42964 S 297.0   2.0   9:45.75 application
  47280 1001      20   0 1294760 318776  42964 S 302.0   2.0   9:48.77 application
  47280 1001      20   0 1294760 318776  42964 S 299.0   2.0   9:51.79 application
  47280 1001      20   0 1294760 319040  42964 S 294.0   2.0   9:54.73 application
  47280 1001      20   0 1294760 319040  42964 S 299.0   2.0   9:57.72 application
  47280 1001      20   0 1294760 319040  42964 S 300.0   2.0  10:00.72 application
  47280 1001      20   0 1294760 319040  42964 S 298.0   2.0  10:03.70 application
  47280 1001      20   0 1294760 319040  42964 S 301.0   2.0  10:06.71 application
  47280 1001      20   0 1294760 319040  42964 S 303.0   2.0  10:09.74 application
  47280 1001      20   0 1294760 319304  42964 S 302.0   2.0  10:12.76 application
  47280 1001      20   0 1294760 319304  42964 S 299.0   2.0  10:15.78 application
  47280 1001      20   0 1294760 319304  42964 S 304.0   2.0  10:18.82 application
  47280 1001      20   0 1294760 319304  42964 S 305.0   2.0  10:21.87 application
  47280 1001      20   0 1294760 319304  42964 S 304.0   2.0  10:24.91 application
  47280 1001      20   0 1294760 319304  42964 S 306.0   2.0  10:27.97 application
  47280 1001      20   0 1294760 319304  42964 S 307.0   2.0  10:31.04 application
  47280 1001      20   0 1294760 319304  42964 S 305.0   2.0  10:34.09 application
  47280 1001      20   0 1294760 319304  42964 S 305.0   2.0  10:37.17 application
  47280 1001      20   0 1294760 319304  42964 S 303.0   2.0  10:40.20 application
  47280 1001      20   0 1294760 319304  42964 S 305.0   2.0  10:43.25 application
  47280 1001      20   0 1294760 319304  42964 S 306.0   2.0  10:46.31 application
  47280 1001      20   0 1294760 319304  42964 S 315.0   2.0  10:49.46 application
  47280 1001      20   0 1294760 319304  42964 S 310.0   2.0  10:52.56 application
  47280 1001      20   0 1294760 319304  42964 S 306.0   2.0  10:55.62 application
  47280 1001      20   0 1294760 319304  42964 S 302.0   2.0  10:58.67 application
  47280 1001      20   0 1294760 319304  42964 S 303.0   2.0  11:01.70 application
  47280 1001      20   0 1294760 319304  42964 S 304.0   2.0  11:04.74 application
  47280 1001      20   0 1294760 319304  42964 S 306.0   2.0  11:07.80 application
  47280 1001      20   0 1294