  47950 1001      20   0 3391124 344100  47112 S 106.7   2.1   6:49.90 application
  47950 1001      20   0 3391124 344628  47112 S 271.0   2.1   6:52.61 application
  47950 1001      20   0 3391124 344892  47112 S 349.0   2.1   6:56.10 application
  47950 1001      20   0 3392148 345156  47112 S 349.0   2.1   6:59.59 application
  47950 1001      20   0 3392148 345156  47112 S 349.0   2.1   7:03.08 application
  47950 1001      20   0 3392148 345420  47112 S 348.0   2.1   7:06.56 application
  47950 1001      20   0 3392148 345420  47112 S 346.0   2.1   7:10.02 application
  47950 1001      20   0 3392148 345684  47112 S 350.0   2.1   7:13.52 application
  47950 1001      20   0 3393172 345684  47112 S 343.6   2.1   7:16.99 application
  47950 1001      20   0 3393172 345684  47112 S 350.0   2.1   7:20.49 application
  47950 1001      20   0 3393172 345684  47112 S 345.0   2.1   7:23.94 application
  47950 1001      20   0 3393172 345948  47112 S 348.0   2.1   7:27.42 application
  47950 1001      20   0 3393172 346476  47112 S 351.0   2.1   7:30.93 application
  47950 1001      20   0 3393172 346476  47112 S 351.0   2.1   7:34.44 application
  47950 1001      20   0 3394196 346740  47112 S 346.0   2.1   7:37.90 application
  47950 1001      20   0 3394196 347316  47112 S 349.0   2.1   7:41.39 application
  47950 1001      20   0 3386000 348096  47112 S 347.0   2.1   7:44.86 application
  47950 1001      20   0 3386000 348624  47112 S 349.0   2.1   7:48.35 application
  47950 1001      20   0 3386000 348888  47112 S 344.6   2.1   7:51.83 application
  47950 1001      20   0 3387024 350104  47112 S 349.0   2.1   7:55.32 application
  47950 1001      20   0 3388048 350104  47112 S 350.0   2.1   7:58.82 application
  47950 1001      20   0 3388048 350104  47112 S 352.0   2.1   8:02.34 application
  47950 1001      20   0 3388048 350632  47112 S 344.0   2.1   8:05.78 application
  47950 1001      20   0 3388048 350632  47112 S 350.0   2.1   8:09.28 application
  47950 1001      20   0 3388048 350896  47112 S 349.0   2.2   8:12.77 application
  47950 1001      20   0 3389072 350896  47112 S 348.0   2.2   8:16.25 application
  47950 1001      20   0 3389072 350896  47112 S 350.0   2.2   8:19.75 application
  47950 1001      20   0 3389072 351160  47112 S 350.0   2.2   8:23.25 application
  47950 1001      20   0 3389072 351160  47112 S 348.5   2.2   8:26.77 application
  47950 1001      20   0 3389072 351160  47112 S 349.0   2.2   8:30.26 application
  47950 1001      20   0 3389072 351684  47112 S 349.0   2.2   8:33.75 application
  47950 1001      20   0 3390096 351948  47112 S 348.0   2.2   8:37.23 application
  47950 1001      20   0 3390096 351948  47112 S 347.0   2.2   8:40.70 application
  47950 1001      20   0 3390096 352212  47112 S 346.0   2.2   8:44.16 application
  47950 1001      20   0 3390096 352212  47112 S 346.0   2.2   8:47.62 application
  47950 1001      20   0 3390096 352740  47112 S 350.0   2.2   8:51.12 application
  47950 1001      20   0 3390096 352740  47112 S 351.0   2.2   8:54.63 application
  47950 1001      20   0 3391120 352740  47112 S 351.0   2.2   8:58.14 application
  47950 1001      20   0 3391120 353004  47112 S 346.5   2.2   9:01.64 application
  47950 1001      20   0 3391120 353004  47112 S 346.0   2.2   9:05.10 application
  47950 1001      20   0 3391120 353268  47112 S 347.0   2.2   9:08.57 application
  47950 1001      20   0 3391120 353268  47112 S 346.0   2.2   9:12.03 application
  47950 1001      20   0 3392144 353528  47112 S 351.0   2.2   9:15.54 application
  47950 1001      20   0 3392144 353528  47112 S 346.0   2.2   9:19.00 application
  47950 1001      20   0 3392144 353792  47112 S 351.0   2.2   9:22.51 application
  47950 1001      20   0 3392144 354056  47112 S 350.0   2.2   9:26.01 application
  47950 1001      20   0 3392144 354580  47112 S 353.0   2.2   9:29.54 application
  47950 1001      20   0 3392144 354580  47112 S 349.0   2.2   9:33.03 application
  47950 1001      20   0 3393168 355108  47112 S 347.5   2.2   9:36.54 application
  47950 1001      20   0 3393