  47950 1001      20   0 5767932 412052  47240 S   6.2   2.5  18:17.66 application
  47950 1001      20   0 5768956 412576  47240 S 398.0   2.5  18:21.64 application
  47950 1001      20   0 5769980 413368  47240 S 400.0   2.5  18:25.64 application
  47950 1001      20   0 5769980 413632  47240 S 400.0   2.5  18:29.64 application
  47950 1001      20   0 5769980 413632  47240 S 399.0   2.5  18:33.63 application
  47950 1001      20   0 5771004 414160  47240 S 401.0   2.5  18:37.64 application
  47950 1001      20   0 5771004 414424  47240 S 400.0   2.5  18:41.64 application
  47950 1001      20   0 5771004 414688  47240 S 399.0   2.5  18:45.63 application
  47950 1001      20   0 5772028 414688  47240 S 397.0   2.5  18:49.64 application
  47950 1001      20   0 5772028 414952  47240 S 401.0   2.5  18:53.65 application
  47950 1001      20   0 5772028 415216  47240 S 401.0   2.5  18:57.66 application
  47950 1001      20   0 5773052 415740  47240 S 401.0   2.5  19:01.67 application
  47950 1001      20   0 5773052 416268  47240 S 401.0   2.6  19:05.68 application
  47950 1001      20   0 5773052 416528  47240 S 399.0   2.6  19:09.67 application
  47950 1001      20   0 5774076 416908  47240 S 403.0   2.6  19:13.70 application
  47950 1001      20   0 5774076 417432  47240 S 400.0   2.6  19:17.70 application
  47950 1001      20   0 5774076 417696  47240 S 404.0   2.6  19:21.74 application
  47950 1001      20   0 5775100 418456  47240 S 399.0   2.6  19:25.73 application
  47950 1001      20   0 5775100 418716  47240 S 398.0   2.6  19:29.75 application
  47950 1001      20   0 5775100 418980  47240 S 398.0   2.6  19:33.73 application
  47950 1001      20   0 5776124 419244  47240 S 405.0   2.6  19:37.78 application
  47950 1001      20   0 5776124 419508  47240 S 400.0   2.6  19:41.78 application
  47950 1001      20   0 5776124 420032  47240 S 401.0   2.6  19:45.79 application
  47950 1001      20   0 5777148 420296  47240 S 401.0   2.6  19:49.80 application
  47950 1001      20   0 5777148 420556  47240 S 398.0   2.6  19:53.78 application
  47950 1001      20   0 5777148 420820  47240 S 404.0   2.6  19:57.82 application
  47950 1001      20   0 5778172 421628  47240 S 399.0   2.6  20:01.81 application
  47950 1001      20   0 5778172 421892  47240 S 397.0   2.6  20:05.78 application
  47950 1001      20   0 5778172 422156  47240 S 403.0   2.6  20:09.85 application
  47950 1001      20   0 5779196 422420  47240 S 402.0   2.6  20:13.87 application
  47950 1001      20   0 5779196 422948  47240 S 403.0   2.6  20:17.90 application
  47950 1001      20   0 5780220 423212  47240 S 401.0   2.6  20:21.91 application
  47950 1001      20   0 5763828 424428  47240 S 398.0   2.6  20:25.89 application
  47950 1001      20   0 5763828 424692  47240 S 405.0   2.6  20:29.94 application
  47950 1001      20   0 5764852 424956  47240 S 395.0   2.6  20:33.89 application
  47950 1001      20   0 5764852 424956  47240 S 397.0   2.6  20:37.86 application
  47950 1001      20   0 5764852 424956  47240 S 406.0   2.6  20:41.92 application
  47950 1001      20   0 5765876 425220  47240 S 399.0   2.6  20:45.91 application
  47950 1001      20   0 5765876 425748  47240 S 400.0   2.6  20:49.95 application
  47950 1001      20   0 5765876 426012  47240 S 400.0   2.6  20:53.95 application
  47950 1001      20   0 5766900 426012  47240 S 392.0   2.6  20:57.87 application
  47950 1001      20   0 5767924 426540  47240 S 410.0   2.6  21:01.97 application
  47950 1001      20   0 5767924 427064  47240 S 403.0   2.6  21:06.00 application
  47950 1001      20   0 5767924 427592  47240 S 398.0   2.6  21:09.98 application
  47950 1001      20   0 5768948 428100  47240 S 401.0   2.6  21:13.99 application
  47950 1001      20   0 5768948 428364  47240 S 402.0   2.6  21:18.01 application
  47950 1001      20   0 5769972 428628  47240 S 400.0   2.6  21:22.01 application
  47950 1001      20   0 5769972 429156  47240 S 400.0   2.6  21:26.01 application
  47950 1001      20   0 5769972 429416  47240 S 396.0   2.6  21:30.01 application
  47950 1001      20   0 5769