  47280 1001      20   0 1289640 314696  42832 S  80.0   1.9   3:54.73 application
  47280 1001      20   0 1290664 315224  42836 S 191.0   1.9   3:56.64 application
  47280 1001      20   0 1290664 315224  42836 S 188.0   1.9   3:58.52 application
  47280 1001      20   0 1290664 315224  42836 S 190.1   1.9   4:00.44 application
  47280 1001      20   0 1290664 315224  42836 S 190.0   1.9   4:02.34 application
  47280 1001      20   0 1290664 315224  42836 S 195.0   1.9   4:04.29 application
  47280 1001      20   0 1290664 315224  42836 S 189.0   1.9   4:06.18 application
  47280 1001      20   0 1290664 315224  42836 S 192.0   1.9   4:08.10 application
  47280 1001      20   0 1290664 315224  42836 S 194.0   1.9   4:10.04 application
  47280 1001      20   0 1290664 315224  42836 S 194.0   1.9   4:11.98 application
  47280 1001      20   0 1290664 315224  42836 S 190.0   1.9   4:13.88 application
  47280 1001      20   0 1290664 315224  42836 S 192.1   1.9   4:15.82 application
  47280 1001      20   0 1290664 315224  42836 S 200.0   1.9   4:17.82 application
  47280 1001      20   0 1290664 315224  42836 S 196.0   1.9   4:19.78 application
  47280 1001      20   0 1290664 315224  42836 S 194.0   1.9   4:21.72 application
  47280 1001      20   0 1290664 315224  42836 S 196.0   1.9   4:23.68 application
  47280 1001      20   0 1290664 315224  42836 S 199.0   1.9   4:25.67 application
  47280 1001      20   0 1290664 315224  42836 S 190.0   1.9   4:27.57 application
  47280 1001      20   0 1290664 315224  42836 S 193.0   1.9   4:29.50 application
  47280 1001      20   0 1290664 315224  42836 S 192.0   1.9   4:31.42 application
  47280 1001      20   0 1290664 315224  42836 S 193.1   1.9   4:33.37 application
  47280 1001      20   0 1290664 315224  42836 S 200.0   1.9   4:35.37 application
  47280 1001      20   0 1290664 315224  42836 S 196.0   1.9   4:37.33 application
  47280 1001      20   0 1290664 315224  42836 S 193.0   1.9   4:39.26 application
  47280 1001      20   0 1290664 315224  42836 S 188.0   1.9   4:41.14 application
  47280 1001      20   0 1290664 315224  42836 S 196.0   1.9   4:43.10 application
  47280 1001      20   0 1290664 315224  42836 S 193.0   1.9   4:45.03 application
  47280 1001      20   0 1290664 315224  42836 S 197.0   1.9   4:47.00 application
  47280 1001      20   0 1290664 315224  42836 S 191.0   1.9   4:48.91 application
  47280 1001      20   0 1290664 315224  42836 S 194.1   1.9   4:50.87 application
  47280 1001      20   0 1290664 315224  42836 S 199.0   1.9   4:52.86 application
  47280 1001      20   0 1290664 315224  42836 S 197.0   1.9   4:54.83 application
  47280 1001      20   0 1291688 315224  42836 S 191.0   1.9   4:56.74 application
  47280 1001      20   0 1291688 315488  42836 S 190.0   1.9   4:58.64 application
  47280 1001      20   0 1291688 315488  42836 S 194.0   1.9   5:00.58 application
  47280 1001      20   0 1291688 315488  42836 S 190.0   1.9   5:02.48 application
  47280 1001      20   0 1291688 315488  42836 S 190.0   1.9   5:04.38 application
  47280 1001      20   0 1291688 315488  42836 S 193.0   1.9   5:06.31 application
  47280 1001      20   0 1291688 315488  42836 S 191.1   1.9   5:08.24 application
  47280 1001      20   0 1291688 315488  42836 S 195.0   1.9   5:10.19 application
  47280 1001      20   0 1291688 315488  42836 S 195.0   1.9   5:12.14 application
  47280 1001      20   0 1291688 315488  42836 S 198.0   1.9   5:14.12 application
  47280 1001      20   0 1291688 315488  42836 S 193.0   1.9   5:16.05 application
  47280 1001      20   0 1291688 315488  42836 S 195.0   1.9   5:18.00 application
  47280 1001      20   0 1291688 315488  42836 S 199.0   1.9   5:19.99 application
  47280 1001      20   0 1291688 315488  42836 S 198.0   1.9   5:21.97 application
  47280 1001      20   0 1291688 315488  42836 S 197.0   1.9   5:23.96 application
  47280 1001      20   0 1291688 315872  42964 S 199.0   1.9   5:25.95 application
  47280 1001      20   0 1291688 315872  42964 S 200.0   1.9   5:27.95 application
  47280 1001      20   0 1291