  28858 root      20   0 9220604 985708  29088 S 433.3   6.0  91:49.19 java
  28858 root      20   0 9220604 985708  29088 S 406.0   6.0  91:53.25 java
  28858 root      20   0 9220604 985708  29088 S 400.0   6.0  91:57.25 java
  28858 root      20   0 9220604 985708  29088 S 399.0   6.0  92:01.24 java
  28858 root      20   0 9220604 985708  29088 S 396.0   6.0  92:05.24 java
  28858 root      20   0 9220604 985708  29088 S 401.0   6.0  92:09.25 java
  28858 root      20   0 9220604 985708  29088 S 400.0   6.0  92:13.25 java
  28858 root      20   0 9220604 985708  29088 S 400.0   6.0  92:17.25 java
  28858 root      20   0 9220604 985708  29088 S 399.0   6.0  92:21.24 java
  28858 root      20   0 9220604 986324  29088 S 400.0   6.0  92:25.24 java
  28858 root      20   0 9220604 986324  29088 S 400.0   6.0  92:29.24 java
  28858 root      20   0 9220604 986324  29088 S 401.0   6.0  92:33.25 java
  28858 root      20   0 9220604 986324  29088 S 396.0   6.0  92:37.25 java
  28858 root      20   0 9220604 986324  29088 S 400.0   6.0  92:41.25 java
  28858 root      20   0 9220604 986324  29088 S 400.0   6.0  92:45.25 java
  28858 root      20   0 9220604 986324  29088 S 399.0   6.0  92:49.24 java
  28858 root      20   0 9220604 986324  29088 S 401.0   6.0  92:53.25 java
  28858 root      20   0 9220604 986324  29088 S 400.0   6.0  92:57.25 java
  28858 root      20   0 9220604 986324  29088 S 400.0   6.0  93:01.25 java
  28858 root      20   0 9220604 986324  29088 S 396.0   6.0  93:05.25 java
  28858 root      20   0 9220604 986324  29088 S 400.0   6.0  93:09.25 java
  28858 root      20   0 9220604 986324  29088 S 401.0   6.0  93:13.26 java
  28858 root      20   0 9220604 986324  29088 S 401.0   6.0  93:17.27 java
  28858 root      20   0 9220604 986324  29088 S 400.0   6.0  93:21.27 java
  28858 root      20   0 9220604 986324  29088 S 401.0   6.0  93:25.28 java
  28858 root      20   0 9220604 986324  29088 S 400.0   6.0  93:29.28 java
  28858 root      20   0 9220604 986324  29088 S 401.0   6.0  93:33.29 java
  28858 root      20   0 9220604 986324  29088 S 402.0   6.0  93:37.31 java
  28858 root      20   0 9220604 986324  29088 S 395.0   6.0  93:41.30 java
  28858 root      20   0 9220604 986324  29088 S 401.0   6.0  93:45.31 java
  28858 root      20   0 9220604 986324  29088 S 402.0   6.0  93:49.33 java
  28858 root      20   0 9220604 986324  29088 S 401.0   6.0  93:53.34 java
  28858 root      20   0 9220604 986324  29088 S 401.0   6.0  93:57.35 java
  28858 root      20   0 9220604 986324  29088 S 400.0   6.0  94:01.35 java
  28858 root      20   0 9220604 986324  29088 S 402.0   6.0  94:05.37 java
  28858 root      20   0 9220604 986324  29088 S 399.0   6.0  94:09.36 java
  28858 root      20   0 9220604 986324  29088 S 398.0   6.0  94:13.38 java
  28858 root      20   0 9220604 986324  29088 S 401.0   6.0  94:17.39 java
  28858 root      20   0 9220604 986324  29088 S 400.0   6.0  94:21.39 java
  28858 root      20   0 9220604 986324  29088 S 401.0   6.0  94:25.40 java
  28858 root      20   0 9220604 986324  29088 S 401.0   6.0  94:29.41 java
  28858 root      20   0 9220604 986324  29088 S 401.0   6.0  94:33.42 java
  28858 root      20   0 9220604 986324  29088 S 401.0   6.0  94:37.43 java
  28858 root      20   0 9220604 986324  29088 S 398.0   6.0  94:41.41 java
  28858 root      20   0 9220604 986324  29088 S 400.0   6.0  94:45.45 java
  28858 root      20   0 9220604 986324  29088 S 401.0   6.0  94:49.46 java
  28858 root      20   0 9220604 986324  29088 S 399.0   6.0  94:53.45 java
  28858 root      20   0 9220604 986324  29088 S 403.0   6.0  94:57.48 java
  28858 root      20   0 9220604 986324  29088 S 400.0   6.0  95:01.48 java
  28858 root      20   0 9220604 986324  29088 S 401.0   6.0  95:05.49 java
  28858 root      20   0 9220604 986324  29088 S 401.0   6.0  95:09.50 java
  28858 root      20   0 9220604 986324  29088 S 396.0   6.0  95:13.50 java
  28858 root      20   0 9220604 986324  29088 S 401.0   6.0  95:17.51 java
  28858 root      20   0 9220604 986324  29088 S 399.0   6.0  95:21.