  28858 root      20   0 9218556 387252  29088 S  73.3   2.4   3:53.95 java
  28858 root      20   0 9218556 387252  29088 S 110.9   2.4   3:55.07 java
  28858 root      20   0 9218556 387252  29088 S 113.0   2.4   3:56.20 java
  28858 root      20   0 9218556 387252  29088 S 110.0   2.4   3:57.30 java
  28858 root      20   0 9218556 387252  29088 S 109.0   2.4   3:58.39 java
  28858 root      20   0 9218556 387308  29088 S 113.0   2.4   3:59.52 java
  28858 root      20   0 9218556 387308  29088 S 112.0   2.4   4:00.64 java
  28858 root      20   0 9218556 387308  29088 S 116.0   2.4   4:01.80 java
  28858 root      20   0 9218556 387308  29088 S 116.0   2.4   4:02.96 java
  28858 root      20   0 9218556 387308  29088 S 116.8   2.4   4:04.14 java
  28858 root      20   0 9218556 387364  29088 S 114.0   2.4   4:05.28 java
  28858 root      20   0 9218556 387364  29088 S 115.0   2.4   4:06.43 java
  28858 root      20   0 9218556 387364  29088 S 112.0   2.4   4:07.55 java
  28858 root      20   0 9218556 387364  29088 S 114.0   2.4   4:08.69 java
  28858 root      20   0 9218556 387364  29088 S 124.0   2.4   4:09.93 java
  28858 root      20   0 9218556 387392  29088 S 116.0   2.4   4:11.09 java
  28858 root      20   0 9218556 387392  29088 S 114.0   2.4   4:12.23 java
  28858 root      20   0 9218556 387392  29088 S 114.0   2.4   4:13.37 java
  28858 root      20   0 9218556 387392  29088 S 112.9   2.4   4:14.51 java
  28858 root      20   0 9218556 387392  29088 S 112.0   2.4   4:15.63 java
  28858 root      20   0 9218556 387392  29088 S 112.0   2.4   4:16.75 java
  28858 root      20   0 9218556 387392  29088 S 114.0   2.4   4:17.89 java
  28858 root      20   0 9218556 387392  29088 S 116.0   2.4   4:19.05 java
  28858 root      20   0 9218556 387392  29088 S 115.0   2.4   4:20.20 java
  28858 root      20   0 9218556 387392  29088 S 113.0   2.4   4:21.33 java
  28858 root      20   0 9218556 387392  29088 S 113.0   2.4   4:22.46 java
  28858 root      20   0 9218556 387392  29088 S 114.9   2.4   4:23.62 java
  28858 root      20   0 9218556 387392  29088 S 111.0   2.4   4:24.73 java
  28858 root      20   0 9218556 387392  29088 S 116.0   2.4   4:25.89 java
  28858 root      20   0 9218556 387392  29088 S 112.0   2.4   4:27.01 java
  28858 root      20   0 9218556 387392  29088 S 113.0   2.4   4:28.14 java
  28858 root      20   0 9218556 387392  29088 S 110.0   2.4   4:29.24 java
  28858 root      20   0 9218556 387392  29088 S 118.0   2.4   4:30.42 java
  28858 root      20   0 9218556 387392  29088 S 119.0   2.4   4:31.61 java
  28858 root      20   0 9218556 387392  29088 S 114.9   2.4   4:32.77 java
  28858 root      20   0 9218556 387392  29088 S 119.0   2.4   4:33.96 java
  28858 root      20   0 9218556 387392  29088 S 116.0   2.4   4:35.12 java
  28858 root      20   0 9218556 387392  29088 S 118.0   2.4   4:36.30 java
  28858 root      20   0 9218556 387392  29088 S 116.0   2.4   4:37.46 java
  28858 root      20   0 9218556 387392  29088 S 115.0   2.4   4:38.61 java
  28858 root      20   0 9218556 387392  29088 S 116.0   2.4   4:39.77 java
  28858 root      20   0 9218556 387392  29088 S 114.9   2.4   4:40.93 java
  28858 root      20   0 9218556 387392  29088 S 113.0   2.4   4:42.06 java
  28858 root      20   0 9218556 387392  29088 S 115.0   2.4   4:43.21 java
  28858 root      20   0 9218556 387392  29088 S 116.0   2.4   4:44.37 java
  28858 root      20   0 9218556 387392  29088 S 110.0   2.4   4:45.47 java
  28858 root      20   0 9218556 387392  29088 S 110.0   2.4   4:46.57 java
  28858 root      20   0 9218556 387392  29088 S 114.0   2.4   4:47.71 java
  28858 root      20   0 9218556 387392  29088 S 115.0   2.4   4:48.86 java
  28858 root      20   0 9218556 387392  29088 S 115.8   2.4   4:50.03 java
  28858 root      20   0 9218556 387392  29088 S 119.0   2.4   4:51.22 java
  28858 root      20   0 9218556 387392  29088 S 115.0   2.4   4:52.37 java
  28858 root      20   0 9218556 387392  29088 S 118.0   2.4   4:53.55 java
  28858 root      20   0 9218556 387392  29088 S 114.0   2.4   4:54.