  30028 root      20   0   13.1g 634876  29012 S  80.0   3.9   3:53.12 java
  30028 root      20   0   13.1g 635056  29012 S 187.0   3.9   3:54.99 java
  30028 root      20   0   13.1g 635056  29012 S 182.0   3.9   3:56.81 java
  30028 root      20   0   13.1g 635056  29012 S 183.0   3.9   3:58.64 java
  30028 root      20   0   13.1g 635056  29012 S 182.0   3.9   4:00.46 java
  30028 root      20   0   13.1g 635056  29012 S 181.0   3.9   4:02.27 java
  30028 root      20   0   13.1g 635084  29012 S 180.2   3.9   4:04.09 java
  30028 root      20   0   13.1g 635200  29012 S 183.0   3.9   4:05.92 java
  30028 root      20   0   13.1g 635320  29012 S 183.0   3.9   4:07.75 java
  30028 root      20   0   13.1g 635320  29012 S 183.0   3.9   4:09.58 java
  30028 root      20   0   13.1g 635320  29012 S 184.0   3.9   4:11.42 java
  30028 root      20   0   13.1g 635320  29012 S 181.0   3.9   4:13.23 java
  30028 root      20   0   13.1g 635432  29012 S 183.0   3.9   4:15.06 java
  30028 root      20   0   13.1g 635524  29012 S 182.0   3.9   4:16.88 java
  30028 root      20   0   13.1g 635596  29012 S 182.0   3.9   4:18.70 java
  30028 root      20   0   13.1g 635596  29012 S 181.2   3.9   4:20.53 java
  30028 root      20   0   13.1g 635596  29012 S 184.0   3.9   4:22.37 java
  30028 root      20   0   13.1g 635596  29012 S 182.0   3.9   4:24.19 java
  30028 root      20   0   13.1g 635844  29012 S 185.0   3.9   4:26.04 java
  30028 root      20   0   13.1g 635844  29012 S 182.0   3.9   4:27.86 java
  30028 root      20   0   13.1g 635844  29012 S 179.0   3.9   4:29.65 java
  30028 root      20   0   13.1g 635900  29012 S 193.0   3.9   4:31.58 java
  30028 root      20   0   13.1g 635900  29012 S 183.0   3.9   4:33.41 java
  30028 root      20   0   13.1g 637236  29012 S 181.0   3.9   4:35.22 java
  30028 root      20   0   13.1g 637236  29012 S 182.0   3.9   4:37.04 java
  30028 root      20   0   13.1g 637236  29012 S 183.0   3.9   4:38.87 java
  30028 root      20   0   13.1g 637236  29012 S 179.2   3.9   4:40.68 java
  30028 root      20   0   13.1g 637236  29012 S 183.0   3.9   4:42.51 java
  30028 root      20   0   13.1g 637236  29012 S 180.0   3.9   4:44.31 java
  30028 root      20   0   13.1g 637236  29012 S 185.0   3.9   4:46.16 java
  30028 root      20   0   13.1g 637236  29012 S 184.0   3.9   4:48.00 java
  30028 root      20   0   13.1g 637356  29012 S 182.0   3.9   4:49.82 java
  30028 root      20   0   13.1g 637356  29012 S 181.0   3.9   4:51.63 java
  30028 root      20   0   13.1g 637356  29012 S 181.0   3.9   4:53.44 java
  30028 root      20   0   13.1g 637356  29012 S 181.0   3.9   4:55.25 java
  30028 root      20   0   13.1g 637580  29012 S 179.2   3.9   4:57.06 java
  30028 root      20   0   13.1g 637580  29012 S 183.0   3.9   4:58.89 java
  30028 root      20   0   13.1g 637580  29012 S 186.0   3.9   5:00.75 java
  30028 root      20   0   13.1g 637580  29012 S 182.0   3.9   5:02.57 java
  30028 root      20   0   13.1g 637580  29012 S 179.0   3.9   5:04.36 java
  30028 root      20   0   13.1g 637580  29012 S 183.0   3.9   5:06.19 java
  30028 root      20   0   13.1g 637672  29012 S 182.0   3.9   5:08.01 java
  30028 root      20   0   13.1g 637672  29012 S 185.0   3.9   5:09.86 java
  30028 root      20   0   13.1g 637672  29012 S 188.0   3.9   5:11.74 java
  30028 root      20   0   13.1g 637672  29012 S 185.0   3.9   5:13.59 java
  30028 root      20   0   13.1g 637672  29012 S 183.2   3.9   5:15.44 java
  30028 root      20   0   13.1g 637672  29012 S 181.0   3.9   5:17.25 java
  30028 root      20   0   13.1g 637936  29012 S 185.0   3.9   5:19.10 java
  30028 root      20   0   13.1g 638068  29012 S 187.0   3.9   5:20.97 java
  30028 root      20   0   13.1g 638068  29012 S 183.0   3.9   5:22.80 java
  30028 root      20   0   13.1g 638068  29012 S 184.0   3.9   5:24.64 java
  30028 root      20   0   13.1g 638068  29012 S 181.0   3.9   5:26.45 java
  30028 root      20   0   13.1g 638320  29012 S 185.0   3.9   5:28.30 java
  30028 root      20   0   13.1g 638320  29012 S 186.0   3.9   5:30.