  28858 root      20   0 9220604 585808  29088 S 106.7   3.6  55:49.21 java
  28858 root      20   0 9220604 585808  29088 S 385.0   3.6  55:53.06 java
  28858 root      20   0 9220604 585808  29088 S 406.0   3.6  55:57.12 java
  28858 root      20   0 9220604 585808  29088 S 401.0   3.6  56:01.13 java
  28858 root      20   0 9220604 585808  29088 S 400.0   3.6  56:05.13 java
  28858 root      20   0 9220604 586116  29088 S 401.0   3.6  56:09.14 java
  28858 root      20   0 9220604 586116  29088 S 397.0   3.6  56:13.15 java
  28858 root      20   0 9220604 586116  29088 S 397.0   3.6  56:17.12 java
  28858 root      20   0 9220604 586116  29088 S 406.0   3.6  56:21.18 java
  28858 root      20   0 9220604 586116  29088 S 397.0   3.6  56:25.15 java
  28858 root      20   0 9220604 586116  29088 S 401.0   3.6  56:29.16 java
  28858 root      20   0 9220604 586116  29088 S 404.0   3.6  56:33.20 java
  28858 root      20   0 9220604 586116  29088 S 399.0   3.6  56:37.19 java
  28858 root      20   0 9220604 586116  29088 S 397.0   3.6  56:41.16 java
  28858 root      20   0 9220604 586116  29088 S 404.0   3.6  56:45.20 java
  28858 root      20   0 9220604 586116  29088 S 398.0   3.6  56:49.22 java
  28858 root      20   0 9220604 586116  29088 S 401.0   3.6  56:53.23 java
  28858 root      20   0 9220604 586116  29088 S 400.0   3.6  56:57.23 java
  28858 root      20   0 9220604 586116  29088 S 400.0   3.6  57:01.23 java
  28858 root      20   0 9220604 586116  29088 S 400.0   3.6  57:05.23 java
  28858 root      20   0 9220604 586116  29088 S 400.0   3.6  57:09.23 java
  28858 root      20   0 9220604 586116  29088 S 401.0   3.6  57:13.24 java
  28858 root      20   0 9220604 586116  29088 S 395.0   3.6  57:17.23 java
  28858 root      20   0 9220604 586116  29088 S 400.0   3.6  57:21.23 java
  28858 root      20   0 9220604 586116  29088 S 400.0   3.6  57:25.23 java
  28858 root      20   0 9220604 586116  29088 S 398.0   3.6  57:29.21 java
  28858 root      20   0 9220604 586116  29088 S 403.0   3.6  57:33.24 java
  28858 root      20   0 9220604 586116  29088 S 399.0   3.6  57:37.23 java
  28858 root      20   0 9220604 586116  29088 S 401.0   3.6  57:41.24 java
  28858 root      20   0 9220604 586116  29088 S 399.0   3.6  57:45.23 java
  28858 root      20   0 9220604 586116  29088 S 396.0   3.6  57:49.23 java
  28858 root      20   0 9220604 586116  29088 S 400.0   3.6  57:53.23 java
  28858 root      20   0 9220604 586116  29088 S 400.0   3.6  57:57.23 java
  28858 root      20   0 9220604 586116  29088 S 400.0   3.6  58:01.23 java
  28858 root      20   0 9220604 586116  29088 S 400.0   3.6  58:05.23 java
  28858 root      20   0 9220604 586116  29088 S 401.0   3.6  58:09.24 java
  28858 root      20   0 9220604 586116  29088 S 399.0   3.6  58:13.23 java
  28858 root      20   0 9220604 586116  29088 S 400.0   3.6  58:17.23 java
  28858 root      20   0 9220604 586116  29088 S 397.0   3.6  58:21.24 java
  28858 root      20   0 9220604 586116  29088 S 399.0   3.6  58:25.23 java
  28858 root      20   0 9220604 586116  29088 S 401.0   3.6  58:29.24 java
  28858 root      20   0 9220604 586116  29088 S 400.0   3.6  58:33.24 java
  28858 root      20   0 9220604 586116  29088 S 399.0   3.6  58:37.23 java
  28858 root      20   0 9220604 586116  29088 S 400.0   3.6  58:41.23 java
  28858 root      20   0 9220604 586116  29088 S 400.0   3.6  58:45.23 java
  28858 root      20   0 9220604 586116  29088 S 400.0   3.6  58:49.23 java
  28858 root      20   0 9220604 586116  29088 S 396.0   3.6  58:53.23 java
  28858 root      20   0 9220604 586116  29088 S 401.0   3.6  58:57.24 java
  28858 root      20   0 9220604 586116  29088 S 401.0   3.6  59:01.25 java
  28858 root      20   0 9220604 586116  29088 S 401.0   3.6  59:05.26 java
  28858 root      20   0 9220604 586116  29088 S 401.0   3.6  59:09.27 java
  28858 root      20   0 9220604 586116  29088 S 400.0   3.6  59:13.27 java
  28858 root      20   0 9220604 586116  29088 S 400.0   3.6  59:17.27 java
  28858 root      20   0 9220604 586116  29088 S 402.0   3.6  59:21.