  28858 root      20   0 9220604 586768  29088 S 133.3   3.6  63:48.70 java
  28858 root      20   0 9220604 586768  29088 S 415.0   3.6  63:52.85 java
  28858 root      20   0 9220604 586768  29088 S 398.0   3.6  63:56.83 java
  28858 root      20   0 9220604 586768  29088 S 398.0   3.6  64:00.85 java
  28858 root      20   0 9220604 586768  29088 S 401.0   3.6  64:04.86 java
  28858 root      20   0 9220604 586916  29088 S 399.0   3.6  64:08.85 java
  28858 root      20   0 9220604 586916  29088 S 404.0   3.6  64:12.89 java
  28858 root      20   0 9220604 586916  29088 S 401.0   3.6  64:16.90 java
  28858 root      20   0 9220604 586916  29088 S 400.0   3.6  64:20.90 java
  28858 root      20   0 9220604 586916  29088 S 400.0   3.6  64:24.90 java
  28858 root      20   0 9220604 586916  29088 S 403.0   3.6  64:28.93 java
  28858 root      20   0 9220604 586916  29088 S 396.0   3.6  64:32.93 java
  28858 root      20   0 9220604 586916  29088 S 399.0   3.6  64:36.92 java
  28858 root      20   0 9220604 586916  29088 S 401.0   3.6  64:40.93 java
  28858 root      20   0 9220604 586916  29088 S 398.0   3.6  64:44.91 java
  28858 root      20   0 9220604 586916  29088 S 401.0   3.6  64:48.92 java
  28858 root      20   0 9220604 586916  29088 S 402.0   3.6  64:52.94 java
  28858 root      20   0 9220604 586916  29088 S 400.0   3.6  64:56.94 java
  28858 root      20   0 9220604 586916  29088 S 399.0   3.6  65:00.93 java
  28858 root      20   0 9220604 586916  29088 S 398.0   3.6  65:04.95 java
  28858 root      20   0 9220604 586916  29088 S 400.0   3.6  65:08.95 java
  28858 root      20   0 9220604 586916  29088 S 400.0   3.6  65:12.95 java
  28858 root      20   0 9220604 586916  29088 S 400.0   3.6  65:16.95 java
  28858 root      20   0 9220604 586916  29088 S 401.0   3.6  65:20.96 java
  28858 root      20   0 9220604 586916  29088 S 399.0   3.6  65:24.95 java
  28858 root      20   0 9220604 586916  29088 S 400.0   3.6  65:28.95 java
  28858 root      20   0 9220604 586916  29088 S 400.0   3.6  65:32.95 java
  28858 root      20   0 9220604 586916  29088 S 396.0   3.6  65:36.95 java
  28858 root      20   0 9220604 586916  29088 S 400.0   3.6  65:40.95 java
  28858 root      20   0 9220604 587056  29088 S 400.0   3.6  65:44.95 java
  28858 root      20   0 9220604 587056  29088 S 400.0   3.6  65:48.95 java
  28858 root      20   0 9220604 587056  29088 S 400.0   3.6  65:52.95 java
  28858 root      20   0 9220604 587208  29088 S 400.0   3.6  65:56.95 java
  28858 root      20   0 9220604 587208  29088 S 400.0   3.6  66:00.95 java
  28858 root      20   0 9220604 587208  29088 S 400.0   3.6  66:04.95 java
  28858 root      20   0 9220604 587208  29088 S 396.0   3.6  66:08.95 java
  28858 root      20   0 9220604 587208  29088 S 400.0   3.6  66:12.95 java
  28858 root      20   0 9220604 587208  29088 S 400.0   3.6  66:16.95 java
  28858 root      20   0 9220604 587208  29088 S 400.0   3.6  66:20.95 java
  28858 root      20   0 9220604 587208  29088 S 400.0   3.6  66:24.95 java
  28858 root      20   0 9220604 587208  29088 S 400.0   3.6  66:28.95 java
  28858 root      20   0 9220604 587208  29088 S 400.0   3.6  66:32.95 java
  28858 root      20   0 9220604 587208  29088 S 400.0   3.6  66:36.95 java
  28858 root      20   0 9220604 587208  29088 S 397.0   3.6  66:40.96 java
  28858 root      20   0 9220604 587208  29088 S 400.0   3.6  66:44.96 java
  28858 root      20   0 9220604 587208  29088 S 401.0   3.6  66:48.97 java
  28858 root      20   0 9220604 587208  29088 S 400.0   3.6  66:52.97 java
  28858 root      20   0 9220604 587208  29088 S 401.0   3.6  66:56.98 java
  28858 root      20   0 9220604 587208  29088 S 402.0   3.6  67:01.00 java
  28858 root      20   0 9220604 587208  29088 S 400.0   3.6  67:05.00 java
  28858 root      20   0 9220604 587208  29088 S 401.0   3.6  67:09.01 java
  28858 root      20   0 9220604 587208  29088 S 398.0   3.6  67:13.03 java
  28858 root      20   0 9220604 587208  29088 S 400.0   3.6  67:17.03 java
  28858 root      20   0 9220604 587208  29088 S 402.0   3.6  67:21.