  28858 root      20   0 9218556 386256  29088 S 100.0   2.4   2:46.82 java
  28858 root      20   0 9218556 386256  29088 S 108.0   2.4   2:47.90 java
  28858 root      20   0 9218556 386256  29088 S 107.0   2.4   2:48.97 java
  28858 root      20   0 9218556 386256  29088 S 109.9   2.4   2:50.08 java
  28858 root      20   0 9218556 386256  29088 S 113.0   2.4   2:51.21 java
  28858 root      20   0 9218556 386280  29088 S 114.0   2.4   2:52.35 java
  28858 root      20   0 9218556 386280  29088 S 107.0   2.4   2:53.42 java
  28858 root      20   0 9218556 386280  29088 S 113.0   2.4   2:54.55 java
  28858 root      20   0 9218556 386280  29088 S 117.0   2.4   2:55.72 java
  28858 root      20   0 9218556 386280  29088 S 111.0   2.4   2:56.83 java
  28858 root      20   0 9218556 386316  29088 S 112.0   2.4   2:57.95 java
  28858 root      20   0 9218556 386316  29088 S 111.9   2.4   2:59.08 java
  28858 root      20   0 9218556 387112  29088 S 114.0   2.4   3:00.22 java
  28858 root      20   0 9218556 387112  29088 S 115.0   2.4   3:01.37 java
  28858 root      20   0 9218556 387112  29088 S 115.0   2.4   3:02.52 java
  28858 root      20   0 9218556 387112  29088 S 117.0   2.4   3:03.69 java
  28858 root      20   0 9218556 387112  29088 S 118.0   2.4   3:04.87 java
  28858 root      20   0 9218556 387112  29088 S 119.0   2.4   3:06.06 java
  28858 root      20   0 9218556 387112  29088 S 117.0   2.4   3:07.23 java
  28858 root      20   0 9218556 387112  29088 S 107.9   2.4   3:08.32 java
  28858 root      20   0 9218556 387112  29088 S 107.0   2.4   3:09.39 java
  28858 root      20   0 9218556 387112  29088 S 110.0   2.4   3:10.49 java
  28858 root      20   0 9218556 387112  29088 S 110.0   2.4   3:11.59 java
  28858 root      20   0 9218556 387112  29088 S 110.0   2.4   3:12.69 java
  28858 root      20   0 9218556 387112  29088 S 107.0   2.4   3:13.76 java
  28858 root      20   0 9218556 387112  29088 S 112.0   2.4   3:14.88 java
  28858 root      20   0 9218556 387112  29088 S 110.0   2.4   3:15.98 java
  28858 root      20   0 9218556 387112  29088 S 114.0   2.4   3:17.12 java
  28858 root      20   0 9218556 387112  29088 S 116.0   2.4   3:18.28 java
  28858 root      20   0 9218556 387112  29088 S 114.9   2.4   3:19.44 java
  28858 root      20   0 9218556 387112  29088 S 113.0   2.4   3:20.57 java
  28858 root      20   0 9218556 387112  29088 S 108.0   2.4   3:21.65 java
  28858 root      20   0 9218556 387112  29088 S 107.0   2.4   3:22.72 java
  28858 root      20   0 9218556 387112  29088 S 107.0   2.4   3:23.79 java
  28858 root      20   0 9218556 387112  29088 S 110.0   2.4   3:24.89 java
  28858 root      20   0 9218556 387112  29088 S 113.0   2.4   3:26.02 java
  28858 root      20   0 9218556 387112  29088 S 112.0   2.4   3:27.14 java
  28858 root      20   0 9218556 387112  29088 S 109.9   2.4   3:28.25 java
  28858 root      20   0 9218556 387112  29088 S 115.0   2.4   3:29.40 java
  28858 root      20   0 9218556 387112  29088 S 112.0   2.4   3:30.52 java
  28858 root      20   0 9218556 387112  29088 S 110.0   2.4   3:31.62 java
  28858 root      20   0 9218556 387112  29088 S 111.0   2.4   3:32.73 java
  28858 root      20   0 9218556 387112  29088 S 110.0   2.4   3:33.83 java
  28858 root      20   0 9218556 387112  29088 S 111.0   2.4   3:34.94 java
  28858 root      20   0 9218556 387112  29088 S 109.0   2.4   3:36.03 java
  28858 root      20   0 9218556 387112  29088 S 114.0   2.4   3:37.17 java
  28858 root      20   0 9218556 387112  29088 S 112.9   2.4   3:38.31 java
  28858 root      20   0 9218556 387112  29088 S 117.0   2.4   3:39.48 java
  28858 root      20   0 9218556 387112  29088 S 115.0   2.4   3:40.63 java
  28858 root      20   0 9218556 387112  29088 S 118.0   2.4   3:41.81 java
  28858 root      20   0 9218556 387112  29088 S 118.0   2.4   3:42.99 java
  28858 root      20   0 9218556 387112  29088 S 115.0   2.4   3:44.14 java
  28858 root      20   0 9218556 387112  29088 S 113.0   2.4   3:45.27 java
  28858 root      20   0 9218556 387112  29088 S 115.0   2.4   3:46.