  28858 root      20   0 9220604 392368  29088 S   0.0   2.4  31:59.07 java
  28858 root      20   0 9220604 392432  29088 S 290.0   2.4  32:01.97 java
  28858 root      20   0 9220604 392432  29088 S 401.0   2.4  32:05.98 java
  28858 root      20   0 9220604 392432  29088 S 387.0   2.4  32:09.85 java
  28858 root      20   0 9220604 392736  29088 S 382.0   2.4  32:13.67 java
  28858 root      20   0 9220604 392888  29088 S 380.2   2.4  32:17.51 java
  28858 root      20   0 9220604 392888  29088 S 383.0   2.4  32:21.34 java
  28858 root      20   0 9220604 392888  29088 S 392.0   2.4  32:25.26 java
  28858 root      20   0 9220604 392888  29088 S 401.0   2.4  32:29.27 java
  28858 root      20   0 9220604 392888  29088 S 391.0   2.4  32:33.18 java
  28858 root      20   0 9220604 392888  29088 S 383.0   2.4  32:37.01 java
  28858 root      20   0 9220604 392888  29088 S 389.0   2.4  32:40.90 java
  28858 root      20   0 9220604 392888  29088 S 395.0   2.4  32:44.85 java
  28858 root      20   0 9220604 392888  29088 S 390.0   2.4  32:48.75 java
  28858 root      20   0 9220604 392888  29088 S 395.0   2.4  32:52.74 java
  28858 root      20   0 9220604 392888  29088 S 398.0   2.4  32:56.72 java
  28858 root      20   0 9220604 392888  29088 S 405.0   2.4  33:00.77 java
  28858 root      20   0 9220604 392888  29088 S 395.0   2.4  33:04.72 java
  28858 root      20   0 9220604 392888  29088 S 393.0   2.4  33:08.65 java
  28858 root      20   0 9220604 392888  29088 S 381.0   2.4  33:12.46 java
  28858 root      20   0 9220604 392888  29088 S 384.0   2.4  33:16.30 java
  28858 root      20   0 9220604 392888  29088 S 392.0   2.4  33:20.22 java
  28858 root      20   0 9220604 392888  29088 S 385.0   2.4  33:24.07 java
  28858 root      20   0 9220604 392888  29088 S 377.2   2.4  33:27.88 java
  28858 root      20   0 9220604 392888  29088 S 393.0   2.4  33:31.81 java
  28858 root      20   0 9220604 392912  29088 S 384.0   2.4  33:35.65 java
  28858 root      20   0 9220604 392912  29088 S 389.0   2.4  33:39.54 java
  28858 root      20   0 9220604 392912  29088 S 398.0   2.4  33:43.52 java
  28858 root      20   0 9220604 392912  29088 S 401.0   2.4  33:47.53 java
  28858 root      20   0 9220604 392912  29088 S 390.0   2.4  33:51.43 java
  28858 root      20   0 9220604 392912  29088 S 386.0   2.4  33:55.29 java
  28858 root      20   0 9220604 392912  29088 S 383.2   2.4  33:59.16 java
  28858 root      20   0 9220604 392912  29088 S 389.0   2.4  34:03.05 java
  28858 root      20   0 9220604 392912  29088 S 394.0   2.4  34:06.99 java
  28858 root      20   0 9220604 392912  29088 S 394.0   2.4  34:10.93 java
  28858 root      20   0 9220604 392912  29088 S 394.0   2.4  34:14.87 java
  28858 root      20   0 9220604 392912  29088 S 387.0   2.4  34:18.74 java
  28858 root      20   0 9220604 392912  29088 S 394.0   2.4  34:22.68 java
  28858 root      20   0 9220604 392912  29088 S 394.0   2.4  34:26.62 java
  28858 root      20   0 9220604 392912  29088 S 391.1   2.4  34:30.57 java
  28858 root      20   0 9220604 392912  29088 S 399.0   2.4  34:34.56 java
  28858 root      20   0 9220604 392912  29088 S 389.0   2.4  34:38.45 java
  28858 root      20   0 9220604 392912  29088 S 373.0   2.4  34:42.18 java
  28858 root      20   0 9220604 392912  29088 S 391.0   2.4  34:46.09 java
  28858 root      20   0 9220604 392912  29088 S 395.0   2.4  34:50.04 java
  28858 root      20   0 9220604 392912  29088 S 393.0   2.4  34:53.97 java
  28858 root      20   0 9220604 392912  29088 S 397.0   2.4  34:57.94 java
  28858 root      20   0 9220604 392912  29088 S 386.1   2.4  35:01.84 java
  28858 root      20   0 9220604 392912  29088 S 389.0   2.4  35:05.73 java
  28858 root      20   0 9220604 392912  29088 S 393.0   2.4  35:09.66 java
  28858 root      20   0 9220604 392912  29088 S 389.0   2.4  35:13.55 java
  28858 root      20   0 9220604 392912  29088 S 391.0   2.4  35:17.46 java
  28858 root      20   0 9220604 392912  29088 S 401.0   2.4  35:21.47 java
  28858 root      20   0 9220604 392912  29088 S 396.0   2.4  35:25.