  28858 root      20   0 9220604 388980  29088 S  66.7   2.4  10:19.81 java
  28858 root      20   0 9220604 388980  29088 S 162.0   2.4  10:21.43 java
  28858 root      20   0 9220604 388980  29088 S 211.9   2.4  10:23.57 java
  28858 root      20   0 9220604 388980  29088 S 211.0   2.4  10:25.68 java
  28858 root      20   0 9220604 388980  29088 S 200.0   2.4  10:27.68 java
  28858 root      20   0 9220604 388980  29088 S 199.0   2.4  10:29.67 java
  28858 root      20   0 9220604 388980  29088 S 208.0   2.4  10:31.75 java
  28858 root      20   0 9220604 388980  29088 S 201.0   2.4  10:33.76 java
  28858 root      20   0 9220604 389472  29088 S 194.0   2.4  10:35.70 java
  28858 root      20   0 9220604 389472  29088 S 208.0   2.4  10:37.78 java
  28858 root      20   0 9220604 389472  29088 S 205.0   2.4  10:39.83 java
  28858 root      20   0 9220604 389472  29088 S 197.0   2.4  10:41.82 java
  28858 root      20   0 9220604 389472  29088 S 198.0   2.4  10:43.80 java
  28858 root      20   0 9220604 389472  29088 S 198.0   2.4  10:45.78 java
  28858 root      20   0 9220604 389472  29088 S 200.0   2.4  10:47.78 java
  28858 root      20   0 9220604 389472  29088 S 197.0   2.4  10:49.75 java
  28858 root      20   0 9220604 389472  29088 S 199.0   2.4  10:51.74 java
  28858 root      20   0 9220604 389472  29088 S 210.0   2.4  10:53.84 java
  28858 root      20   0 9220604 389472  29088 S 207.0   2.4  10:55.91 java
  28858 root      20   0 9220604 389472  29088 S 202.0   2.4  10:57.93 java
  28858 root      20   0 9220604 389472  29088 S 200.0   2.4  10:59.95 java
  28858 root      20   0 9220604 389472  29088 S 197.0   2.4  11:01.92 java
  28858 root      20   0 9220604 389472  29088 S 200.0   2.4  11:03.92 java
  28858 root      20   0 9220604 389472  29088 S 203.0   2.4  11:05.95 java
  28858 root      20   0 9220604 389472  29088 S 206.0   2.4  11:08.01 java
  28858 root      20   0 9220604 389472  29088 S 209.0   2.4  11:10.10 java
  28858 root      20   0 9220604 389472  29088 S 193.0   2.4  11:12.03 java
  28858 root      20   0 9220604 389472  29088 S 196.0   2.4  11:14.01 java
  28858 root      20   0 9220604 389472  29088 S 203.0   2.4  11:16.04 java
  28858 root      20   0 9220604 389472  29088 S 200.0   2.4  11:18.04 java
  28858 root      20   0 9220604 389472  29088 S 205.0   2.4  11:20.09 java
  28858 root      20   0 9220604 389472  29088 S 198.0   2.4  11:22.07 java
  28858 root      20   0 9220604 389472  29088 S 206.0   2.4  11:24.13 java
  28858 root      20   0 9220604 389472  29088 S 203.0   2.4  11:26.16 java
  28858 root      20   0 9220604 389472  29088 S 193.1   2.4  11:28.11 java
  28858 root      20   0 9220604 389472  29088 S 195.0   2.4  11:30.06 java
  28858 root      20   0 9220604 389472  29088 S 203.0   2.4  11:32.09 java
  28858 root      20   0 9220604 389472  29088 S 199.0   2.4  11:34.08 java
  28858 root      20   0 9220604 389496  29088 S 193.0   2.4  11:36.01 java
  28858 root      20   0 9220604 389496  29088 S 197.0   2.4  11:37.98 java
  28858 root      20   0 9220604 389496  29088 S 211.0   2.4  11:40.09 java
  28858 root      20   0 9220604 389496  29088 S 205.0   2.4  11:42.14 java
  28858 root      20   0 9220604 389496  29088 S 200.0   2.4  11:44.14 java
  28858 root      20   0 9220604 389496  29088 S 203.0   2.4  11:46.17 java
  28858 root      20   0 9220604 389496  29088 S 201.0   2.4  11:48.20 java
  28858 root      20   0 9220604 389496  29088 S 198.0   2.4  11:50.18 java
  28858 root      20   0 9220604 389496  29088 S 210.0   2.4  11:52.28 java
  28858 root      20   0 9220604 389496  29088 S 211.0   2.4  11:54.39 java
  28858 root      20   0 9220604 389496  29088 S 196.0   2.4  11:56.35 java
  28858 root      20   0 9220604 389496  29088 S 207.0   2.4  11:58.42 java
  28858 root      20   0 9220604 389496  29088 S 206.0   2.4  12:00.48 java
  28858 root      20   0 9220604 389496  29088 S 205.0   2.4  12:02.53 java
  28858 root      20   0 9220604 389496  29088 S 200.0   2.4  12:04.53 java
  28858 root      20   0 9220604 389496  29088 S 202.0   2.4  12:06.