  28858 root      20   0 8619452 169224  29088 S 540.0   1.0   0:05.09 java
  28858 root      20   0 9218556 206108  29088 S 400.0   1.3   0:09.09 java
  28858 root      20   0 9218556 300332  29088 S 401.0   1.8   0:13.10 java
  28858 root      20   0 9218556 330344  29088 S 396.0   2.0   0:17.06 java
  28858 root      20   0 9218556 373752  29088 S 228.0   2.3   0:19.34 java
  28858 root      20   0 9218556 388772  29088 S  46.0   2.4   0:19.80 java
  28858 root      20   0 9218556 389828  29088 S  43.0   2.4   0:20.23 java
  28858 root      20   0 9218556 390696  29088 S  44.0   2.4   0:20.67 java
  28858 root      20   0 9218556 390696  29088 S  42.6   2.4   0:21.10 java
  28858 root      20   0 9218556 377924  29088 S  46.0   2.3   0:21.56 java
  28858 root      20   0 9218556 377924  29088 S  41.0   2.3   0:21.97 java
  28858 root      20   0 9218556 377924  29088 S  45.0   2.3   0:22.42 java
  28858 root      20   0 9218556 377924  29088 S  43.0   2.3   0:22.85 java
  28858 root      20   0 9218556 377924  29088 S  45.0   2.3   0:23.30 java
  28858 root      20   0 9218556 377924  29088 S  44.0   2.3   0:23.74 java
  28858 root      20   0 9218556 377924  29088 S  45.0   2.3   0:24.19 java
  28858 root      20   0 9218556 377924  29088 S  42.6   2.3   0:24.62 java
  28858 root      20   0 9218556 377924  29088 S  42.0   2.3   0:25.04 java
  28858 root      20   0 9218556 377924  29088 S  43.0   2.3   0:25.47 java
  28858 root      20   0 9218556 377924  29088 S  42.0   2.3   0:25.89 java
  28858 root      20   0 9218556 377924  29088 S  43.0   2.3   0:26.32 java
  28858 root      20   0 9218556 377924  29088 S  41.0   2.3   0:26.73 java
  28858 root      20   0 9218556 377924  29088 S  42.0   2.3   0:27.15 java
  28858 root      20   0 9218556 377924  29088 S  40.0   2.3   0:27.55 java
  28858 root      20   0 9218556 378188  29088 S  42.6   2.3   0:27.98 java
  28858 root      20   0 9218556 378188  29088 S  40.0   2.3   0:28.38 java
  28858 root      20   0 9218556 378188  29088 S  44.0   2.3   0:28.82 java
  28858 root      20   0 9218556 378188  29088 S  40.0   2.3   0:29.22 java
  28858 root      20   0 9218556 378188  29088 S  44.0   2.3   0:29.66 java
  28858 root      20   0 9218556 378188  29088 S  38.0   2.3   0:30.04 java
  28858 root      20   0 9218556 382780  29088 S  44.0   2.3   0:30.48 java
  28858 root      20   0 9218556 382780  29088 S  39.6   2.3   0:30.88 java
  28858 root      20   0 9218556 382780  29088 S  40.0   2.3   0:31.28 java
  28858 root      20   0 9218556 382780  29088 S  40.0   2.3   0:31.68 java
  28858 root      20   0 9218556 382780  29088 S  40.0   2.3   0:32.08 java
  28858 root      20   0 9218556 382780  29088 S  41.0   2.3   0:32.49 java
  28858 root      20   0 9218556 382780  29088 S  40.0   2.3   0:32.89 java
  28858 root      20   0 9218556 382780  29088 S  40.0   2.3   0:33.29 java
  28858 root      20   0 9218556 382780  29088 S  41.0   2.3   0:33.70 java
  28858 root      20   0 9218556 382780  29088 S  39.6   2.3   0:34.10 java
  28858 root      20   0 9218556 382780  29088 S  41.0   2.3   0:34.51 java
  28858 root      20   0 9218556 382780  29088 S  41.0   2.3   0:34.92 java
  28858 root      20   0 9218556 382780  29088 S  40.0   2.3   0:35.32 java
  28858 root      20   0 9218556 382780  29088 S  41.0   2.3   0:35.73 java
  28858 root      20   0 9218556 382780  29088 S  42.0   2.3   0:36.15 java
  28858 root      20   0 9218556 382780  29088 S  40.0   2.3   0:36.55 java
  28858 root      20   0 9218556 382780  29088 S  40.0   2.3   0:36.95 java
  28858 root      20   0 9218556 382780  29088 S  39.6   2.3   0:37.35 java
  28858 root      20   0 9218556 382780  29088 S  42.0   2.3   0:37.77 java
  28858 root      20   0 9218556 382780  29088 S  38.0   2.3   0:38.15 java
  28858 root      20   0 9218556 382780  29088 S  40.0   2.3   0:38.55 java
  28858 root      20   0 9218556 382780  29088 S  39.0   2.3   0:38.94 java
  28858 root      20   0 9218556 382780  29088 S  39.0   2.3   0:39.33 java
  28858 root      20   0 9218556 382780  29088 S  40.0   2.3   0:39.