  28858 root      20   0 9218556 384824  29088 S  86.7   2.4   1:06.58 java
  28858 root      20   0 9218556 384824  29088 S  82.0   2.4   1:07.40 java
  28858 root      20   0 9218556 384824  29088 S  81.2   2.4   1:08.22 java
  28858 root      20   0 9218556 384824  29088 S  82.0   2.4   1:09.04 java
  28858 root      20   0 9218556 384824  29088 S  80.0   2.4   1:09.84 java
  28858 root      20   0 9218556 384824  29088 S  84.0   2.4   1:10.68 java
  28858 root      20   0 9218556 384936  29088 S  84.0   2.4   1:11.52 java
  28858 root      20   0 9218556 384936  29088 S  81.0   2.4   1:12.33 java
  28858 root      20   0 9218556 384936  29088 S  83.0   2.4   1:13.16 java
  28858 root      20   0 9218556 384936  29088 S  84.0   2.4   1:14.00 java
  28858 root      20   0 9218556 384936  29088 S  82.2   2.4   1:14.83 java
  28858 root      20   0 9218556 384960  29088 S  86.0   2.4   1:15.69 java
  28858 root      20   0 9218556 384960  29088 S  83.0   2.4   1:16.52 java
  28858 root      20   0 9218556 384960  29088 S  85.0   2.4   1:17.37 java
  28858 root      20   0 9218556 384960  29088 S  84.0   2.4   1:18.21 java
  28858 root      20   0 9218556 384960  29088 S  84.0   2.4   1:19.05 java
  28858 root      20   0 9218556 384960  29088 S  86.0   2.4   1:19.91 java
  28858 root      20   0 9218556 385180  29088 S  85.0   2.4   1:20.76 java
  28858 root      20   0 9218556 385180  29088 S  84.2   2.4   1:21.61 java
  28858 root      20   0 9218556 385180  29088 S  86.0   2.4   1:22.47 java
  28858 root      20   0 9218556 385180  29088 S  82.0   2.4   1:23.29 java
  28858 root      20   0 9218556 385432  29088 S  84.0   2.4   1:24.13 java
  28858 root      20   0 9218556 385612  29088 S  85.0   2.4   1:24.98 java
  28858 root      20   0 9218556 385612  29088 S  84.0   2.4   1:25.82 java
  28858 root      20   0 9218556 385612  29088 S  82.0   2.4   1:26.64 java
  28858 root      20   0 9218556 385612  29088 S  84.0   2.4   1:27.48 java
  28858 root      20   0 9218556 385612  29088 S  81.2   2.4   1:28.30 java
  28858 root      20   0 9218556 385612  29088 S  81.0   2.4   1:29.11 java
  28858 root      20   0 9218556 385612  29088 S  82.0   2.4   1:29.93 java
  28858 root      20   0 9218556 385612  29088 S  82.0   2.4   1:30.75 java
  28858 root      20   0 9218556 385612  29088 S  82.0   2.4   1:31.57 java
  28858 root      20   0 9218556 385612  29088 S  81.0   2.4   1:32.38 java
  28858 root      20   0 9218556 385612  29088 S  84.0   2.4   1:33.22 java
  28858 root      20   0 9218556 385612  29088 S  81.0   2.4   1:34.03 java
  28858 root      20   0 9218556 385612  29088 S  82.2   2.4   1:34.86 java
  28858 root      20   0 9218556 385612  29088 S  82.0   2.4   1:35.68 java
  28858 root      20   0 9218556 385612  29088 S  81.0   2.4   1:36.49 java
  28858 root      20   0 9218556 385612  29088 S  84.0   2.4   1:37.33 java
  28858 root      20   0 9218556 385612  29088 S  82.0   2.4   1:38.15 java
  28858 root      20   0 9218556 385612  29088 S  83.0   2.4   1:38.98 java
  28858 root      20   0 9218556 385612  29088 S  83.0   2.4   1:39.81 java
  28858 root      20   0 9218556 385612  29088 S  82.0   2.4   1:40.63 java
  28858 root      20   0 9218556 385612  29088 S  80.2   2.4   1:41.44 java
  28858 root      20   0 9218556 385612  29088 S  81.0   2.4   1:42.25 java
  28858 root      20   0 9218556 385612  29088 S  81.0   2.4   1:43.06 java
  28858 root      20   0 9218556 385612  29088 S  81.0   2.4   1:43.87 java
  28858 root      20   0 9218556 385612  29088 S  79.0   2.4   1:44.66 java
  28858 root      20   0 9218556 385612  29088 S  80.0   2.4   1:45.46 java
  28858 root      20   0 9218556 385612  29088 S  78.0   2.4   1:46.24 java
  28858 root      20   0 9218556 385612  29088 S  81.0   2.4   1:47.05 java
  28858 root      20   0 9218556 385612  29088 S  81.2   2.4   1:47.87 java
  28858 root      20   0 9218556 385612  29088 S  82.0   2.4   1:48.69 java
  28858 root      20   0 9218556 385612  29088 S  79.0   2.4   1:49.48 java
  28858 root      20   0 9218556 385612  29088 S  78.0   2.4   1:50.