  30028 root      20   0   13.1g 670460  29012 S 166.7   4.1  21:38.21 java
  30028 root      20   0   13.1g 680752  29012 S 412.0   4.2  21:42.33 java
  30028 root      20   0   13.1g 680752  29012 S 408.0   4.2  21:46.41 java
  30028 root      20   0   13.1g 680892  29012 S 400.0   4.2  21:50.41 java
  30028 root      20   0   13.1g 680892  29012 S 401.0   4.2  21:54.42 java
  30028 root      20   0   13.1g 676760  29012 S 400.0   4.1  21:58.42 java
  30028 root      20   0   13.1g 677436  29012 S 396.0   4.2  22:02.42 java
  30028 root      20   0   13.1g 677564  29012 S 401.0   4.2  22:06.43 java
  30028 root      20   0   13.1g 678820  29012 S 400.0   4.2  22:10.43 java
  30028 root      20   0   13.1g 678820  29012 S 399.0   4.2  22:14.42 java
  30028 root      20   0   13.1g 678820  29012 S 401.0   4.2  22:18.43 java
  30028 root      20   0   13.1g 679072  29012 S 399.0   4.2  22:22.42 java
  30028 root      20   0   13.1g 679608  29012 S 400.0   4.2  22:26.42 java
  30028 root      20   0   13.1g 679608  29012 S 400.0   4.2  22:30.42 java
  30028 root      20   0   13.1g 679608  29012 S 400.0   4.2  22:34.42 java
  30028 root      20   0   13.1g 679608  29012 S 400.0   4.2  22:38.42 java
  30028 root      20   0   13.1g 679636  29012 S 397.0   4.2  22:42.43 java
  30028 root      20   0   13.1g 679904  29012 S 399.0   4.2  22:46.42 java
  30028 root      20   0   13.1g 679904  29012 S 401.0   4.2  22:50.43 java
  30028 root      20   0   13.1g 679904  29012 S 399.0   4.2  22:54.42 java
  30028 root      20   0   13.1g 680016  29012 S 400.0   4.2  22:58.42 java
  30028 root      20   0   13.1g 680016  29012 S 401.0   4.2  23:02.43 java
  30028 root      20   0   13.1g 680016  29012 S 399.0   4.2  23:06.42 java
  30028 root      20   0   13.1g 680780  29012 S 401.0   4.2  23:10.43 java
  30028 root      20   0   13.1g 680780  29012 S 395.0   4.2  23:14.42 java
  30028 root      20   0   13.1g 680780  29012 S 401.0   4.2  23:18.43 java
  30028 root      20   0   13.1g 680780  29012 S 399.0   4.2  23:22.42 java
  30028 root      20   0   13.1g 680780  29012 S 401.0   4.2  23:26.43 java
  30028 root      20   0   13.1g 680780  29012 S 399.0   4.2  23:30.42 java
  30028 root      20   0   13.1g 680780  29012 S 401.0   4.2  23:34.43 java
  30028 root      20   0   13.1g 680780  29012 S 400.0   4.2  23:38.43 java
  30028 root      20   0   13.1g 680848  29012 S 395.0   4.2  23:42.42 java
  30028 root      20   0   13.1g 680972  29012 S 401.0   4.2  23:46.43 java
  30028 root      20   0   13.1g 680972  29012 S 400.0   4.2  23:50.43 java
  30028 root      20   0   13.1g 680972  29012 S 400.0   4.2  23:54.43 java
  30028 root      20   0   13.1g 680972  29012 S 399.0   4.2  23:58.42 java
  30028 root      20   0   13.1g 680972  29012 S 400.0   4.2  24:02.42 java
  30028 root      20   0   13.1g 680972  29012 S 401.0   4.2  24:06.43 java
  30028 root      20   0   13.1g 681224  29012 S 396.0   4.2  24:10.43 java
  30028 root      20   0   13.1g 681224  29012 S 400.0   4.2  24:14.43 java
  30028 root      20   0   13.1g 681224  29012 S 401.0   4.2  24:18.44 java
  30028 root      20   0   13.1g 681224  29012 S 401.0   4.2  24:22.45 java
  30028 root      20   0   13.1g 681224  29012 S 401.0   4.2  24:26.46 java
  30028 root      20   0   13.1g 681224  29012 S 402.0   4.2  24:30.48 java
  30028 root      20   0   13.1g 681224  29012 S 398.0   4.2  24:34.46 java
  30028 root      20   0   13.1g 681224  29012 S 401.0   4.2  24:38.47 java
  30028 root      20   0   13.1g 681336  29012 S 403.0   4.2  24:42.50 java
  30028 root      20   0   13.1g 681456  29012 S 400.0   4.2  24:46.50 java
  30028 root      20   0   13.1g 681456  29012 S 399.0   4.2  24:50.53 java
  30028 root      20   0   13.1g 681456  29012 S 397.0   4.2  24:54.50 java
  30028 root      20   0   13.1g 681456  29012 S 403.0   4.2  24:58.53 java
  30028 root      20   0   13.1g 681456  29012 S 401.0   4.2  25:02.54 java
  30028 root      20   0   13.1g 681456  29012 S 397.0   4.2  25:06.51 java
  30028 root      20   0   13.1g 681600  29012 S 404.0   4.2  25:10.