  28858 root      20   0 9220604 509512  29088 S 413.3   3.1  51:50.22 java
  28858 root      20   0 9220604 509512  29088 S 400.0   3.1  51:54.22 java
  28858 root      20   0 9220604 509512  29088 S 396.0   3.1  51:58.22 java
  28858 root      20   0 9220604 509512  29088 S 404.0   3.1  52:02.26 java
  28858 root      20   0 9220604 509880  29088 S 399.0   3.1  52:06.25 java
  28858 root      20   0 9220604 510028  29088 S 403.0   3.1  52:10.28 java
  28858 root      20   0 9220604 510028  29088 S 394.0   3.1  52:14.22 java
  28858 root      20   0 9220604 510028  29088 S 405.0   3.1  52:18.27 java
  28858 root      20   0 9220604 510028  29088 S 400.0   3.1  52:22.27 java
  28858 root      20   0 9220604 510028  29088 S 401.0   3.1  52:26.28 java
  28858 root      20   0 9220604 510028  29088 S 396.0   3.1  52:30.28 java
  28858 root      20   0 9220604 510028  29088 S 399.0   3.1  52:34.27 java
  28858 root      20   0 9220604 510028  29088 S 401.0   3.1  52:38.28 java
  28858 root      20   0 9220604 510028  29088 S 401.0   3.1  52:42.29 java
  28858 root      20   0 9220604 510028  29088 S 400.0   3.1  52:46.29 java
  28858 root      20   0 9220604 510028  29088 S 399.0   3.1  52:50.28 java
  28858 root      20   0 9220604 510028  29088 S 400.0   3.1  52:54.28 java
  28858 root      20   0 9220604 510028  29088 S 400.0   3.1  52:58.28 java
  28858 root      20   0 9220604 510028  29088 S 396.0   3.1  53:02.28 java
  28858 root      20   0 9220604 510272  29088 S 401.0   3.1  53:06.29 java
  28858 root      20   0 9220604 510272  29088 S 399.0   3.1  53:10.28 java
  28858 root      20   0 9220604 510272  29088 S 400.0   3.1  53:14.28 java
  28858 root      20   0 9220604 510272  29088 S 400.0   3.1  53:18.28 java
  28858 root      20   0 9220604 510424  29088 S 400.0   3.1  53:22.28 java
  28858 root      20   0 9220604 510424  29088 S 401.0   3.1  53:26.29 java
  28858 root      20   0 9220604 510424  29088 S 395.0   3.1  53:30.28 java
  28858 root      20   0 9220604 510424  29088 S 400.0   3.1  53:34.28 java
  28858 root      20   0 9220604 510424  29088 S 401.0   3.1  53:38.29 java
  28858 root      20   0 9220604 510424  29088 S 400.0   3.1  53:42.29 java
  28858 root      20   0 9220604 510424  29088 S 399.0   3.1  53:46.28 java
  28858 root      20   0 9220604 510424  29088 S 400.0   3.1  53:50.28 java
  28858 root      20   0 9220604 510424  29088 S 400.0   3.1  53:54.28 java
  28858 root      20   0 9220604 510424  29088 S 400.0   3.1  53:58.28 java
  28858 root      20   0 9220604 585808  29088 S 397.0   3.6  54:02.29 java
  28858 root      20   0 9220604 585808  29088 S 400.0   3.6  54:06.29 java
  28858 root      20   0 9220604 585808  29088 S 401.0   3.6  54:10.30 java
  28858 root      20   0 9220604 585808  29088 S 401.0   3.6  54:14.31 java
  28858 root      20   0 9220604 585808  29088 S 401.0   3.6  54:18.32 java
  28858 root      20   0 9220604 585808  29088 S 400.0   3.6  54:22.32 java
  28858 root      20   0 9220604 585808  29088 S 401.0   3.6  54:26.33 java
  28858 root      20   0 9220604 585808  29088 S 397.0   3.6  54:30.34 java
  28858 root      20   0 9220604 585808  29088 S 402.0   3.6  54:34.36 java
  28858 root      20   0 9220604 585808  29088 S 400.0   3.6  54:38.36 java
  28858 root      20   0 9220604 585808  29088 S 402.0   3.6  54:42.38 java
  28858 root      20   0 9220604 585808  29088 S 401.0   3.6  54:46.39 java
  28858 root      20   0 9220604 585808  29088 S 399.0   3.6  54:50.38 java
  28858 root      20   0 9220604 585808  29088 S 402.0   3.6  54:54.40 java
  28858 root      20   0 9220604 585808  29088 S 397.0   3.6  54:58.41 java
  28858 root      20   0 9220604 585808  29088 S 401.0   3.6  55:02.42 java
  28858 root      20   0 9220604 585808  29088 S 402.0   3.6  55:06.44 java
  28858 root      20   0 9220604 585808  29088 S 399.0   3.6  55:10.43 java
  28858 root      20   0 9220604 585808  29088 S 402.0   3.6  55:14.45 java
  28858 root      20   0 9220604 585808  29088 S 400.0   3.6  55:18.45 java
  28858 root      20   0 9220604 585808  29088 S 402.0   3.6  55:22.