  28858 root      20   0 9220604 983776  29088 S 460.0   6.0  75:49.64 java
  28858 root      20   0 9220604 983776  29088 S 395.0   6.0  75:53.63 java
  28858 root      20   0 9220604 983776  29088 S 399.0   6.0  75:57.62 java
  28858 root      20   0 9220604 983776  29088 S 400.0   6.0  76:01.62 java
  28858 root      20   0 9220604 983776  29088 S 405.0   6.0  76:05.67 java
  28858 root      20   0 9220604 983956  29088 S 399.0   6.0  76:09.66 java
  28858 root      20   0 9220604 983956  29088 S 400.0   6.0  76:13.66 java
  28858 root      20   0 9220604 983956  29088 S 401.0   6.0  76:17.67 java
  28858 root      20   0 9220604 983956  29088 S 400.0   6.0  76:21.67 java
  28858 root      20   0 9220604 984284  29088 S 398.0   6.0  76:25.69 java
  28858 root      20   0 9220604 984284  29088 S 399.0   6.0  76:29.68 java
  28858 root      20   0 9220604 984284  29088 S 403.0   6.0  76:33.71 java
  28858 root      20   0 9220604 984284  29088 S 400.0   6.0  76:37.71 java
  28858 root      20   0 9220604 984284  29088 S 397.0   6.0  76:41.68 java
  28858 root      20   0 9220604 984284  29088 S 402.0   6.0  76:45.70 java
  28858 root      20   0 9220604 984284  29088 S 404.0   6.0  76:49.74 java
  28858 root      20   0 9220604 984284  29088 S 395.0   6.0  76:53.73 java
  28858 root      20   0 9220604 984284  29088 S 402.0   6.0  76:57.75 java
  28858 root      20   0 9220604 984284  29088 S 397.0   6.0  77:01.72 java
  28858 root      20   0 9220604 984284  29088 S 404.0   6.0  77:05.76 java
  28858 root      20   0 9220604 984284  29088 S 402.0   6.0  77:09.78 java
  28858 root      20   0 9220604 984284  29088 S 399.0   6.0  77:13.77 java
  28858 root      20   0 9220604 984284  29088 S 400.0   6.0  77:17.77 java
  28858 root      20   0 9220604 984284  29088 S 400.0   6.0  77:21.77 java
  28858 root      20   0 9220604 984284  29088 S 397.0   6.0  77:25.78 java
  28858 root      20   0 9220604 984284  29088 S 400.0   6.0  77:29.78 java
  28858 root      20   0 9220604 984284  29088 S 399.0   6.0  77:33.77 java
  28858 root      20   0 9220604 984284  29088 S 400.0   6.0  77:37.77 java
  28858 root      20   0 9220604 984284  29088 S 401.0   6.0  77:41.78 java
  28858 root      20   0 9220604 984284  29088 S 399.0   6.0  77:45.77 java
  28858 root      20   0 9220604 984284  29088 S 400.0   6.0  77:49.77 java
  28858 root      20   0 9220604 984284  29088 S 400.0   6.0  77:53.77 java
  28858 root      20   0 9220604 984284  29088 S 400.0   6.0  77:57.77 java
  28858 root      20   0 9220604 984284  29088 S 396.0   6.0  78:01.77 java
  28858 root      20   0 9220604 984284  29088 S 401.0   6.0  78:05.78 java
  28858 root      20   0 9220604 984284  29088 S 400.0   6.0  78:09.78 java
  28858 root      20   0 9220604 984284  29088 S 399.0   6.0  78:13.77 java
  28858 root      20   0 9220604 984284  29088 S 400.0   6.0  78:17.77 java
  28858 root      20   0 9220604 984284  29088 S 401.0   6.0  78:21.78 java
  28858 root      20   0 9220604 984284  29088 S 399.0   6.0  78:25.77 java
  28858 root      20   0 9220604 984284  29088 S 400.0   6.0  78:29.77 java
  28858 root      20   0 9220604 984456  29088 S 396.0   6.0  78:33.77 java
  28858 root      20   0 9220604 984456  29088 S 401.0   6.0  78:37.78 java
  28858 root      20   0 9220604 984456  29088 S 400.0   6.0  78:41.78 java
  28858 root      20   0 9220604 984456  29088 S 400.0   6.0  78:45.78 java
  28858 root      20   0 9220604 984456  29088 S 399.0   6.0  78:49.77 java
  28858 root      20   0 9220604 984456  29088 S 400.0   6.0  78:53.77 java
  28858 root      20   0 9220604 984456  29088 S 400.0   6.0  78:57.77 java
  28858 root      20   0 9220604 984456  29088 S 401.0   6.0  79:01.78 java
  28858 root      20   0 9220604 984456  29088 S 396.0   6.0  79:05.78 java
  28858 root      20   0 9220604 984456  29088 S 401.0   6.0  79:09.79 java
  28858 root      20   0 9220604 984456  29088 S 400.0   6.0  79:13.79 java
  28858 root      20   0 9220604 984456  29088 S 401.0   6.0  79:17.80 java
  28858 root      20   0 9220604 984456  29088 S 401.0   6.0  79:21.