Running 1m test @ http://erik-pc.local:8080/greeting/Bob
  4 threads and 100 connections
  Thread calibration: mean lat.: 1.206ms, rate sampling interval: 10ms
  Thread calibration: mean lat.: 1.213ms, rate sampling interval: 10ms
  Thread calibration: mean lat.: 1.220ms, rate sampling interval: 10ms
  Thread calibration: mean lat.: 1.224ms, rate sampling interval: 10ms
  Thread Stats   Avg      Stdev     Max   +/- Stdev
    Latency     1.22ms  528.33us   5.65ms   64.02%
    Req/Sec    10.55k   794.34    14.33k    75.43%
  Latency Distribution (HdrHistogram - Recorded Latency)
 50.000%    1.17ms
 75.000%    1.63ms
 90.000%    1.93ms
 99.000%    2.48ms
 99.900%    3.17ms
 99.990%    4.09ms
 99.999%    4.68ms
100.000%    5.65ms

  Detailed Percentile spectrum:
       Value   Percentile   TotalCount 1/(1-Percentile)

       0.188     0.000000            1         1.00
       0.547     0.100000       199647         1.11
       0.738     0.200000       399981         1.25
       0.881     0.300000       599228         1.43
       1.018     0.400000       799222         1.67
       1.167     0.500000       998395         2.00
       1.249     0.550000      1097460         2.22
       1.341     0.600000      1197248         2.50
       1.439     0.650000      1297559         2.86
       1.538     0.700000      1396966         3.33
       1.634     0.750000      1496558         4.00
       1.680     0.775000      1546183         4.44
       1.727     0.800000      1596169         5.00
       1.775     0.825000      1646587         5.71
       1.824     0.850000      1696222         6.67
       1.876     0.875000      1746286         8.00
       1.904     0.887500      1771380         8.89
       1.933     0.900000      1795907        10.00
       1.965     0.912500      1820468        11.43
       2.001     0.925000      1845583        13.33
       2.041     0.937500      1870313        16.00
       2.065     0.943750      1883521        17.78
       2.091     0.950000      1896086        20.00
       2.119     0.956250      1908261        22.86
       2.151     0.962500      1920449        26.67
       2.191     0.968750      1933015        32.00
       2.215     0.971875      1939326        35.56
       2.241     0.975000      1945268        40.00
       2.275     0.978125      1951624        45.71
       2.313     0.981250      1957630        53.33
       2.361     0.984375      1963862        64.00
       2.391     0.985938      1967113        71.11
       2.423     0.987500      1970148        80.00
       2.459     0.989062      1973298        91.43
       2.499     0.990625      1976332       106.67
       2.547     0.992188      1979410       128.00
       2.575     0.992969      1980986       142.22
       2.607     0.993750      1982593       160.00
       2.643     0.994531      1984139       182.86
       2.683     0.995313      1985704       213.33
       2.731     0.996094      1987226       256.00
       2.763     0.996484      1988000       284.44
       2.799     0.996875      1988804       320.00
       2.835     0.997266      1989558       365.71
       2.881     0.997656      1990353       426.67
       2.939     0.998047      1991098       512.00
       2.979     0.998242      1991499       568.89
       3.023     0.998437      1991883       640.00
       3.067     0.998633      1992279       731.43
       3.117     0.998828      1992668       853.33
       3.177     0.999023      1993051      1024.00
       3.209     0.999121      1993244      1137.78
       3.249     0.999219      1993439      1280.00
       3.293     0.999316      1993636      1462.86
       3.347     0.999414      1993826      1706.67
       3.423     0.999512      1994020      2048.00
       3.461     0.999561      1994120      2275.56
       3.515     0.999609      1994214      2560.00
       3.577     0.999658      1994313      2925.71
       3.647     0.999707      1994411      3413.33
       3.717     0.999756      1994506      4096.00
       3.763     0.999780      1994555      4551.11
       3.817     0.999805      1994604      5120.00
       3.875     0.999829      1994653      5851.43
       3.949     0.999854      1994702      6826.67
       4.015     0.999878      1994750      8192.00
       4.057     0.999890      1994776      9102.22
       4.095     0.999902      1994799     10240.00
       4.139     0.999915      1994828     11702.86
       4.191     0.999927      1994847     13653.33
       4.255     0.999939      1994872     16384.00
       4.291     0.999945      1994885     18204.44
       4.315     0.999951      1994897     20480.00
       4.359     0.999957      1994908     23405.71
       4.399     0.999963      1994922     27306.67
       4.443     0.999969      1994933     32768.00
       4.467     0.999973      1994940     36408.89
       4.487     0.999976      1994945     40960.00
       4.511     0.999979      1994952     46811.43
       4.555     0.999982      1994957     54613.33
       4.611     0.999985      1994963     65536.00
       4.623     0.999986      1994966     72817.78
       4.651     0.999988      1994969     81920.00
       4.679     0.999989      1994974     93622.86
       4.703     0.999991      1994975    109226.67
       4.715     0.999992      1994978    131072.00
       4.735     0.999993      1994980    145635.56
       4.739     0.999994      1994981    163840.00
       4.779     0.999995      1994983    187245.71
       4.791     0.999995      1994984    218453.33
       4.851     0.999996      1994986    262144.00
       4.895     0.999997      1994987    291271.11
       4.895     0.999997      1994987    327680.00
       4.911     0.999997      1994989    374491.43
       4.911     0.999998      1994989    436906.67
       4.947     0.999998      1994990    524288.00
       4.947     0.999998      1994990    582542.22
       4.947     0.999998      1994990    655360.00
       4.967     0.999999      1994991    748982.86
       4.967     0.999999      1994991    873813.33
       5.275     0.999999      1994992   1048576.00
       5.275     0.999999      1994992   1165084.44
       5.275     0.999999      1994992   1310720.00
       5.275     0.999999      1994992   1497965.71
       5.275     0.999999      1994992   1747626.67
       5.651     1.000000      1994993   2097152.00
       5.651     1.000000      1994993          inf
#[Mean    =        1.225, StdDeviation   =        0.528]
#[Max     =        5.648, Total count    =      1994993]
#[Buckets =           27, SubBuckets     =         2048]
----------------------------------------------------------
  2397577 requests in 1.00m, 198.93MB read
Requests/sec:  39959.89
Transfer/sec:      3.32MB
