Running 1m test @ http://erik-pc.local:8080/greeting/Bob
  4 threads and 100 connections
  Thread calibration: mean lat.: 1.190ms, rate sampling interval: 10ms
  Thread calibration: mean lat.: 1.121ms, rate sampling interval: 10ms
  Thread calibration: mean lat.: 1.208ms, rate sampling interval: 10ms
  Thread calibration: mean lat.: 1.202ms, rate sampling interval: 10ms
  Thread Stats   Avg      Stdev     Max   +/- Stdev
    Latency     1.16ms  542.87us   5.04ms   68.87%
    Req/Sec     2.63k   364.80     4.22k    83.93%
  Latency Distribution (HdrHistogram - Recorded Latency)
 50.000%    1.09ms
 75.000%    1.51ms
 90.000%    1.87ms
 99.000%    2.78ms
 99.900%    3.70ms
 99.990%    4.43ms
 99.999%    4.86ms
100.000%    5.05ms

  Detailed Percentile spectrum:
       Value   Percentile   TotalCount 1/(1-Percentile)

       0.165     0.000000            1         1.00
       0.539     0.100000        50153         1.11
       0.677     0.200000        99919         1.25
       0.801     0.300000       149929         1.43
       0.933     0.400000       199557         1.67
       1.086     0.500000       249673         2.00
       1.166     0.550000       274400         2.22
       1.249     0.600000       299416         2.50
       1.334     0.650000       324193         2.86
       1.423     0.700000       349289         3.33
       1.513     0.750000       374278         4.00
       1.560     0.775000       386618         4.44
       1.611     0.800000       399238         5.00
       1.664     0.825000       411683         5.71
       1.722     0.850000       423976         6.67
       1.789     0.875000       436511         8.00
       1.825     0.887500       442698         8.89
       1.865     0.900000       448982        10.00
       1.911     0.912500       455171        11.43
       1.961     0.925000       461354        13.33
       2.025     0.937500       467608        16.00
       2.063     0.943750       470804        17.78
       2.105     0.950000       473964        20.00
       2.151     0.956250       477032        22.86
       2.205     0.962500       480074        26.67
       2.273     0.968750       483170        32.00
       2.315     0.971875       484738        35.56
       2.363     0.975000       486307        40.00
       2.417     0.978125       487841        45.71
       2.487     0.981250       489433        53.33
       2.573     0.984375       490984        64.00
       2.623     0.985938       491737        71.11
       2.681     0.987500       492527        80.00
       2.741     0.989062       493294        91.43
       2.809     0.990625       494075       106.67
       2.895     0.992188       494864       128.00
       2.947     0.992969       495257       142.22
       2.999     0.993750       495642       160.00
       3.053     0.994531       496022       182.86
       3.117     0.995313       496417       213.33
       3.189     0.996094       496802       256.00
       3.233     0.996484       497000       284.44
       3.277     0.996875       497195       320.00
       3.325     0.997266       497385       365.71
       3.387     0.997656       497584       426.67
       3.451     0.998047       497781       512.00
       3.495     0.998242       497876       568.89
       3.535     0.998437       497973       640.00
       3.581     0.998633       498069       731.43
       3.645     0.998828       498164       853.33
       3.707     0.999023       498263      1024.00
       3.743     0.999121       498310      1137.78
       3.793     0.999219       498359      1280.00
       3.837     0.999316       498410      1462.86
       3.873     0.999414       498456      1706.67
       3.941     0.999512       498505      2048.00
       3.981     0.999561       498531      2275.56
       4.003     0.999609       498554      2560.00
       4.049     0.999658       498578      2925.71
       4.119     0.999707       498604      3413.33
       4.175     0.999756       498630      4096.00
       4.199     0.999780       498639      4551.11
       4.251     0.999805       498651      5120.00
       4.299     0.999829       498664      5851.43
       4.327     0.999854       498676      6826.67
       4.363     0.999878       498688      8192.00
       4.423     0.999890       498695      9102.22
       4.443     0.999902       498700     10240.00
       4.487     0.999915       498706     11702.86
       4.511     0.999927       498712     13653.33
       4.567     0.999939       498718     16384.00
       4.591     0.999945       498721     18204.44
       4.627     0.999951       498724     20480.00
       4.667     0.999957       498727     23405.71
       4.687     0.999963       498730     27306.67
       4.735     0.999969       498733     32768.00
       4.767     0.999973       498735     36408.89
       4.779     0.999976       498736     40960.00
       4.831     0.999979       498739     46811.43
       4.831     0.999982       498739     54613.33
       4.835     0.999985       498741     65536.00
       4.847     0.999986       498742     72817.78
       4.847     0.999988       498742     81920.00
       4.855     0.999989       498743     93622.86
       4.867     0.999991       498744    109226.67
       4.899     0.999992       498745    131072.00
       4.899     0.999993       498745    145635.56
       4.899     0.999994       498745    163840.00
       4.919     0.999995       498746    187245.71
       4.919     0.999995       498746    218453.33
       5.039     0.999996       498747    262144.00
       5.039     0.999997       498747    291271.11
       5.039     0.999997       498747    327680.00
       5.039     0.999997       498747    374491.43
       5.039     0.999998       498747    436906.67
       5.047     0.999998       498748    524288.00
       5.047     1.000000       498748          inf
#[Mean    =        1.163, StdDeviation   =        0.543]
#[Max     =        5.044, Total count    =       498748]
#[Buckets =           27, SubBuckets     =         2048]
----------------------------------------------------------
  599432 requests in 1.00m, 41.73MB read
Requests/sec:   9990.29
Transfer/sec:    712.20KB
