Running 1m test @ http://erik-pc.local:8080/greeting/Bob
  4 threads and 100 connections
  Thread calibration: mean lat.: 238.419ms, rate sampling interval: 921ms
  Thread calibration: mean lat.: 284.612ms, rate sampling interval: 1160ms
  Thread calibration: mean lat.: 321.640ms, rate sampling interval: 1123ms
  Thread calibration: mean lat.: 264.177ms, rate sampling interval: 1013ms
  Thread Stats   Avg      Stdev     Max   +/- Stdev
    Latency     2.36s   979.78ms   4.51s    59.66%
    Req/Sec    32.99k     1.08k   36.69k    67.20%
  Latency Distribution (HdrHistogram - Recorded Latency)
 50.000%    2.48s 
 75.000%    3.18s 
 90.000%    3.58s 
 99.000%    4.11s 
 99.900%    4.32s 
 99.990%    4.46s 
 99.999%    4.50s 
100.000%    4.51s 

  Detailed Percentile spectrum:
       Value   Percentile   TotalCount 1/(1-Percentile)

     341.759     0.000000            1         1.00
     946.687     0.100000       657515         1.11
    1312.767     0.200000      1315268         1.25
    1681.407     0.300000      1972623         1.43
    2056.191     0.400000      2630028         1.67
    2478.079     0.500000      3289164         2.00
    2664.447     0.550000      3616230         2.22
    2809.855     0.600000      3945946         2.50
    2934.783     0.650000      4275892         2.86
    3055.615     0.700000      4605959         3.33
    3182.591     0.750000      4934909         4.00
    3244.031     0.775000      5096525         4.44
    3301.375     0.800000      5260854         5.00
    3371.007     0.825000      5425049         5.71
    3432.447     0.850000      5590761         6.67
    3502.079     0.875000      5753807         8.00
    3536.895     0.887500      5834285         8.89
    3575.807     0.900000      5917353        10.00
    3622.911     0.912500      5998816        11.43
    3682.303     0.925000      6082163        13.33
    3741.695     0.937500      6165677        16.00
    3772.415     0.943750      6205374        17.78
    3805.183     0.950000      6245982        20.00
    3835.903     0.956250      6286031        22.86
    3872.767     0.962500      6328324        26.67
    3923.967     0.968750      6368359        32.00
    3952.639     0.971875      6390638        35.56
    3973.119     0.975000      6410309        40.00
    3999.743     0.978125      6430690        45.71
    4028.415     0.981250      6451186        53.33
    4050.943     0.984375      6471365        64.00
    4063.231     0.985938      6481985        71.11
    4077.567     0.987500      6491943        80.00
    4095.999     0.989062      6501794        91.43
    4116.479     0.990625      6512074       106.67
    4134.911     0.992188      6522225       128.00
    4145.151     0.992969      6527757       142.22
    4157.439     0.993750      6533240       160.00
    4169.727     0.994531      6537748       182.86
    4186.111     0.995313      6542811       213.33
    4206.591     0.996094      6548916       256.00
    4214.783     0.996484      6550827       284.44
    4227.071     0.996875      6553354       320.00
    4239.359     0.997266      6555753       365.71
    4255.743     0.997656      6558217       426.67
    4276.223     0.998047      6560925       512.00
    4284.415     0.998242      6562117       568.89
    4292.607     0.998437      6563360       640.00
    4300.799     0.998633      6564639       731.43
    4308.991     0.998828      6565870       853.33
    4321.279     0.999023      6567146      1024.00
    4329.471     0.999121      6567900      1137.78
    4337.663     0.999219      6568416      1280.00
    4349.951     0.999316      6569278      1462.86
    4358.143     0.999414      6569736      1706.67
    4374.527     0.999512      6570328      2048.00
    4386.815     0.999561      6570715      2275.56
    4403.199     0.999609      6571047      2560.00
    4419.583     0.999658      6571388      2925.71
    4427.775     0.999707      6571740      3413.33
    4435.967     0.999756      6572003      4096.00
    4440.063     0.999780      6572165      4551.11
    4444.159     0.999805      6572315      5120.00
    4448.255     0.999829      6572447      5851.43
    4452.351     0.999854      6572596      6826.67
    4460.543     0.999878      6572839      8192.00
    4460.543     0.999890      6572839      9102.22
    4464.639     0.999902      6572947     10240.00
    4468.735     0.999915      6573030     11702.86
    4472.831     0.999927      6573079     13653.33
    4476.927     0.999939      6573144     16384.00
    4481.023     0.999945      6573217     18204.44
    4481.023     0.999951      6573217     20480.00
    4485.119     0.999957      6573314     23405.71
    4485.119     0.999963      6573314     27306.67
    4489.215     0.999969      6573419     32768.00
    4489.215     0.999973      6573419     36408.89
    4489.215     0.999976      6573419     40960.00
    4489.215     0.999979      6573419     46811.43
    4489.215     0.999982      6573419     54613.33
    4493.311     0.999985      6573461     65536.00
    4493.311     0.999986      6573461     72817.78
    4493.311     0.999988      6573461     81920.00
    4493.311     0.999989      6573461     93622.86
    4501.503     0.999991      6573494    109226.67
    4501.503     0.999992      6573494    131072.00
    4501.503     0.999993      6573494    145635.56
    4501.503     0.999994      6573494    163840.00
    4501.503     0.999995      6573494    187245.71
    4505.599     0.999995      6573523    218453.33
    4505.599     0.999996      6573523    262144.00
    4505.599     0.999997      6573523    291271.11
    4505.599     0.999997      6573523    327680.00
    4505.599     0.999997      6573523    374491.43
    4505.599     0.999998      6573523    436906.67
    4505.599     0.999998      6573523    524288.00
    4505.599     0.999998      6573523    582542.22
    4505.599     0.999998      6573523    655360.00
    4505.599     0.999999      6573523    748982.86
    4505.599     0.999999      6573523    873813.33
    4505.599     0.999999      6573523   1048576.00
    4509.695     0.999999      6573529   1165084.44
    4509.695     1.000000      6573529          inf
#[Mean    =     2357.179, StdDeviation   =      979.782]
#[Max     =     4505.600, Total count    =      6573529]
#[Buckets =           27, SubBuckets     =         2048]
----------------------------------------------------------
  7876888 requests in 1.00m, 548.37MB read
Requests/sec: 131282.90
Transfer/sec:      9.14MB
