Running 1m test @ http://erik-pc.local:8080/greeting/Bob
  4 threads and 100 connections
  Thread calibration: mean lat.: 4.613ms, rate sampling interval: 30ms
  Thread calibration: mean lat.: 4.673ms, rate sampling interval: 30ms
  Thread calibration: mean lat.: 4.568ms, rate sampling interval: 30ms
  Thread calibration: mean lat.: 4.803ms, rate sampling interval: 31ms
  Thread Stats   Avg      Stdev     Max   +/- Stdev
    Latency     5.09ms    6.56ms  45.50ms   83.37%
    Req/Sec    27.96k     8.21k   58.69k    70.95%
  Latency Distribution (HdrHistogram - Recorded Latency)
 50.000%    1.85ms
 75.000%    6.88ms
 90.000%   15.94ms
 99.000%   26.51ms
 99.900%   33.09ms
 99.990%   38.97ms
 99.999%   41.79ms
100.000%   45.53ms

  Detailed Percentile spectrum:
       Value   Percentile   TotalCount 1/(1-Percentile)

       0.106     0.000000            1         1.00
       0.620     0.100000       549746         1.11
       0.936     0.200000      1098429         1.25
       1.224     0.300000      1646529         1.43
       1.514     0.400000      2196037         1.67
       1.852     0.500000      2743959         2.00
       2.067     0.550000      3019500         2.22
       2.337     0.600000      3291872         2.50
       2.753     0.650000      3566709         2.86
       4.199     0.700000      3840522         3.33
       6.875     0.750000      4114801         4.00
       8.263     0.775000      4252553         4.44
       9.671     0.800000      4389608         5.00
      11.127     0.825000      4526350         5.71
      12.655     0.850000      4663923         6.67
      14.247     0.875000      4800670         8.00
      15.079     0.887500      4869195         8.89
      15.943     0.900000      4938050        10.00
      16.847     0.912500      5006995        11.43
      17.807     0.925000      5075372        13.33
      18.863     0.937500      5144013        16.00
      19.439     0.943750      5178385        17.78
      20.047     0.950000      5212081        20.00
      20.719     0.956250      5246463        22.86
      21.455     0.962500      5280894        26.67
      22.271     0.968750      5315030        32.00
      22.719     0.971875      5331954        35.56
      23.215     0.975000      5349268        40.00
      23.759     0.978125      5366542        45.71
      24.351     0.981250      5383591        53.33
      25.023     0.984375      5400854        64.00
      25.391     0.985938      5409386        71.11
      25.791     0.987500      5417900        80.00
      26.223     0.989062      5426408        91.43
      26.719     0.990625      5435010       106.67
      27.279     0.992188      5443536       128.00
      27.599     0.992969      5447804       142.22
      27.935     0.993750      5451922       160.00
      28.351     0.994531      5456292       182.86
      28.815     0.995313      5460550       213.33
      29.375     0.996094      5464841       256.00
      29.695     0.996484      5466984       284.44
      30.031     0.996875      5469097       320.00
      30.399     0.997266      5471200       365.71
      30.847     0.997656      5473391       426.67
      31.359     0.998047      5475520       512.00
      31.631     0.998242      5476554       568.89
      31.951     0.998437      5477638       640.00
      32.287     0.998633      5478693       731.43
      32.687     0.998828      5479776       853.33
      33.151     0.999023      5480868      1024.00
      33.407     0.999121      5481383      1137.78
      33.727     0.999219      5481960      1280.00
      34.079     0.999316      5482480      1462.86
      34.431     0.999414      5482981      1706.67
      34.975     0.999512      5483551      2048.00
      35.199     0.999561      5483783      2275.56
      35.487     0.999609      5484067      2560.00
      35.807     0.999658      5484326      2925.71
      36.223     0.999707      5484587      3413.33
      36.671     0.999756      5484860      4096.00
      36.959     0.999780      5484986      4551.11
      37.279     0.999805      5485125      5120.00
      37.663     0.999829      5485261      5851.43
      38.047     0.999854      5485389      6826.67
      38.495     0.999878      5485533      8192.00
      38.751     0.999890      5485589      9102.22
      39.039     0.999902      5485661     10240.00
      39.327     0.999915      5485724     11702.86
      39.679     0.999927      5485792     13653.33
      39.967     0.999939      5485856     16384.00
      40.127     0.999945      5485889     18204.44
      40.319     0.999951      5485925     20480.00
      40.479     0.999957      5485958     23405.71
      40.671     0.999963      5485997     27306.67
      40.831     0.999969      5486024     32768.00
      40.927     0.999973      5486044     36408.89
      41.023     0.999976      5486059     40960.00
      41.119     0.999979      5486075     46811.43
      41.279     0.999982      5486092     54613.33
      41.439     0.999985      5486107     65536.00
      41.567     0.999986      5486115     72817.78
      41.663     0.999988      5486124     81920.00
      41.791     0.999989      5486135     93622.86
      41.951     0.999991      5486142    109226.67
      42.079     0.999992      5486152    131072.00
      42.111     0.999993      5486154    145635.56
      42.239     0.999994      5486160    163840.00
      42.303     0.999995      5486161    187245.71
      42.399     0.999995      5486165    218453.33
      42.527     0.999996      5486170    262144.00
      42.655     0.999997      5486172    291271.11
      42.847     0.999997      5486174    327680.00
      43.007     0.999997      5486176    374491.43
      43.199     0.999998      5486178    436906.67
      43.487     0.999998      5486180    524288.00
      43.615     0.999998      5486181    582542.22
      43.967     0.999998      5486182    655360.00
      44.095     0.999999      5486183    748982.86
      44.287     0.999999      5486184    873813.33
      44.575     0.999999      5486185   1048576.00
      44.671     0.999999      5486186   1165084.44
      44.671     0.999999      5486186   1310720.00
      44.927     0.999999      5486187   1497965.71
      44.927     0.999999      5486187   1747626.67
      45.119     1.000000      5486188   2097152.00
      45.119     1.000000      5486188   2330168.89
      45.119     1.000000      5486188   2621440.00
      45.215     1.000000      5486189   2995931.43
      45.215     1.000000      5486189   3495253.33
      45.215     1.000000      5486189   4194304.00
      45.215     1.000000      5486189   4660337.78
      45.215     1.000000      5486189   5242880.00
      45.535     1.000000      5486190   5991862.86
      45.535     1.000000      5486190          inf
#[Mean    =        5.086, StdDeviation   =        6.560]
#[Max     =       45.504, Total count    =      5486190]
#[Buckets =           27, SubBuckets     =         2048]
----------------------------------------------------------
  6593205 requests in 1.00m, 459.01MB read
Requests/sec: 109886.88
Transfer/sec:      7.65MB
