Running 1m test @ http://erik-pc.local:8080/greeting/Bob
  4 threads and 100 connections
  Thread calibration: mean lat.: 11.244ms, rate sampling interval: 60ms
  Thread calibration: mean lat.: 10.919ms, rate sampling interval: 58ms
  Thread calibration: mean lat.: 10.993ms, rate sampling interval: 59ms
  Thread calibration: mean lat.: 12.177ms, rate sampling interval: 60ms
  Thread Stats   Avg      Stdev     Max   +/- Stdev
    Latency    12.63ms   11.98ms  50.69ms   72.90%
    Req/Sec    12.60k     4.49k   21.23k    56.25%
  Latency Distribution (HdrHistogram - Recorded Latency)
 50.000%    9.02ms
 75.000%   22.90ms
 90.000%   30.93ms
 99.000%   38.56ms
 99.900%   42.88ms
 99.990%   46.17ms
 99.999%   48.45ms
100.000%   50.72ms

  Detailed Percentile spectrum:
       Value   Percentile   TotalCount 1/(1-Percentile)

       0.171     0.000000            1         1.00
       0.832     0.100000       249699         1.11
       1.228     0.200000       499039         1.25
       1.712     0.300000       747996         1.43
       2.981     0.400000       997098         1.67
       9.015     0.500000      1246355         2.00
      11.911     0.550000      1371292         2.22
      14.719     0.600000      1495781         2.50
      17.487     0.650000      1620418         2.86
      20.207     0.700000      1745066         3.33
      22.895     0.750000      1869929         4.00
      24.223     0.775000      1932136         4.44
      25.551     0.800000      1994714         5.00
      26.879     0.825000      2057113         5.71
      28.191     0.850000      2118806         6.67
      29.551     0.875000      2181786         8.00
      30.223     0.887500      2212500         8.89
      30.927     0.900000      2243612        10.00
      31.647     0.912500      2274773        11.43
      32.399     0.925000      2306113        13.33
      33.215     0.937500      2337659        16.00
      33.631     0.943750      2352690        17.78
      34.079     0.950000      2368070        20.00
      34.559     0.956250      2383850        22.86
      35.071     0.962500      2399371        26.67
      35.679     0.968750      2415603        32.00
      35.967     0.971875      2422694        35.56
      36.319     0.975000      2430888        40.00
      36.671     0.978125      2438363        45.71
      37.087     0.981250      2446495        53.33
      37.535     0.984375      2454007        64.00
      37.791     0.985938      2457861        71.11
      38.079     0.987500      2461924        80.00
      38.367     0.989062      2465621        91.43
      38.719     0.990625      2469642       106.67
      39.071     0.992188      2473251       128.00
      39.295     0.992969      2475241       142.22
      39.551     0.993750      2477270       160.00
      39.807     0.994531      2479072       182.86
      40.127     0.995313      2481153       213.33
      40.447     0.996094      2482994       256.00
      40.671     0.996484      2484075       284.44
      40.863     0.996875      2484935       320.00
      41.119     0.997266      2485973       365.71
      41.375     0.997656      2486857       426.67
      41.695     0.998047      2487823       512.00
      41.919     0.998242      2488383       568.89
      42.111     0.998437      2488834       640.00
      42.335     0.998633      2489283       731.43
      42.623     0.998828      2489808       853.33
      42.911     0.999023      2490262      1024.00
      43.103     0.999121      2490518      1137.78
      43.295     0.999219      2490770      1280.00
      43.519     0.999316      2490984      1462.86
      43.775     0.999414      2491240      1706.67
      44.031     0.999512      2491475      2048.00
      44.191     0.999561      2491591      2275.56
      44.383     0.999609      2491713      2560.00
      44.575     0.999658      2491835      2925.71
      44.799     0.999707      2491959      3413.33
      45.023     0.999756      2492071      4096.00
      45.183     0.999780      2492134      4551.11
      45.311     0.999805      2492193      5120.00
      45.503     0.999829      2492258      5851.43
      45.759     0.999854      2492322      6826.67
      45.951     0.999878      2492375      8192.00
      46.111     0.999890      2492410      9102.22
      46.207     0.999902      2492439     10240.00
      46.431     0.999915      2492465     11702.86
      46.591     0.999927      2492495     13653.33
      46.847     0.999939      2492528     16384.00
      46.943     0.999945      2492545     18204.44
      47.071     0.999951      2492558     20480.00
      47.231     0.999957      2492573     23405.71
      47.423     0.999963      2492587     27306.67
      47.615     0.999969      2492601     32768.00
      47.743     0.999973      2492610     36408.89
      47.807     0.999976      2492617     40960.00
      47.903     0.999979      2492625     46811.43
      48.031     0.999982      2492632     54613.33
      48.191     0.999985      2492640     65536.00
      48.223     0.999986      2492644     72817.78
      48.287     0.999988      2492647     81920.00
      48.415     0.999989      2492651     93622.86
      48.607     0.999991      2492657    109226.67
      48.671     0.999992      2492658    131072.00
      48.799     0.999993      2492661    145635.56
      48.863     0.999994      2492663    163840.00
      49.055     0.999995      2492664    187245.71
      49.119     0.999995      2492667    218453.33
      49.151     0.999996      2492668    262144.00
      49.215     0.999997      2492669    291271.11
      49.311     0.999997      2492670    327680.00
      49.663     0.999997      2492671    374491.43
      49.887     0.999998      2492672    436906.67
      49.919     0.999998      2492674    524288.00
      49.919     0.999998      2492674    582542.22
      49.919     0.999998      2492674    655360.00
      49.919     0.999999      2492674    748982.86
      49.951     0.999999      2492676    873813.33
      49.951     0.999999      2492676   1048576.00
      49.951     0.999999      2492676   1165084.44
      49.951     0.999999      2492676   1310720.00
      49.951     0.999999      2492676   1497965.71
      49.951     0.999999      2492676   1747626.67
      49.951     1.000000      2492676   2097152.00
      49.951     1.000000      2492676   2330168.89
      50.719     1.000000      2492677   2621440.00
      50.719     1.000000      2492677          inf
#[Mean    =       12.627, StdDeviation   =       11.984]
#[Max     =       50.688, Total count    =      2492677]
#[Buckets =           27, SubBuckets     =         2048]
----------------------------------------------------------
  2983988 requests in 1.00m, 247.58MB read
Requests/sec:  49729.11
Transfer/sec:      4.13MB
