Running 1m test @ http://erik-pc.local:8080/greeting/Bob
  4 threads and 100 connections
  Thread calibration: mean lat.: 1.078ms, rate sampling interval: 10ms
  Thread calibration: mean lat.: 1.083ms, rate sampling interval: 10ms
  Thread calibration: mean lat.: 1.043ms, rate sampling interval: 10ms
  Thread calibration: mean lat.: 1.163ms, rate sampling interval: 10ms
  Thread Stats   Avg      Stdev     Max   +/- Stdev
    Latency     1.09ms  472.29us   6.49ms   64.11%
    Req/Sec     7.90k   547.88    12.44k    78.70%
  Latency Distribution (HdrHistogram - Recorded Latency)
 50.000%    1.07ms
 75.000%    1.43ms
 90.000%    1.70ms
 99.000%    2.22ms
 99.900%    2.83ms
 99.990%    4.02ms
 99.999%    5.59ms
100.000%    6.49ms

  Detailed Percentile spectrum:
       Value   Percentile   TotalCount 1/(1-Percentile)

       0.140     0.000000            1         1.00
       0.477     0.100000       150016         1.11
       0.631     0.200000       299290         1.25
       0.788     0.300000       449744         1.43
       0.932     0.400000       599527         1.67
       1.068     0.500000       748938         2.00
       1.136     0.550000       823941         2.22
       1.205     0.600000       897845         2.50
       1.277     0.650000       972687         2.86
       1.355     0.700000      1047831         3.33
       1.434     0.750000      1122500         4.00
       1.474     0.775000      1160483         4.44
       1.514     0.800000      1197871         5.00
       1.554     0.825000      1234824         5.71
       1.596     0.850000      1271998         6.67
       1.644     0.875000      1309542         8.00
       1.671     0.887500      1328015         8.89
       1.701     0.900000      1346938        10.00
       1.734     0.912500      1365699        11.43
       1.771     0.925000      1384190        13.33
       1.814     0.937500      1402771        16.00
       1.839     0.943750      1412255        17.78
       1.866     0.950000      1421617        20.00
       1.897     0.956250      1431066        22.86
       1.931     0.962500      1440237        26.67
       1.972     0.968750      1449616        32.00
       1.996     0.971875      1454345        35.56
       2.022     0.975000      1458950        40.00
       2.051     0.978125      1463592        45.71
       2.085     0.981250      1468336        53.33
       2.125     0.984375      1473031        64.00
       2.147     0.985938      1475252        71.11
       2.171     0.987500      1477566        80.00
       2.201     0.989062      1479961        91.43
       2.235     0.990625      1482288       106.67
       2.275     0.992188      1484592       128.00
       2.301     0.992969      1485775       142.22
       2.331     0.993750      1486931       160.00
       2.365     0.994531      1488096       182.86
       2.405     0.995313      1489262       213.33
       2.453     0.996094      1490414       256.00
       2.483     0.996484      1491005       284.44
       2.517     0.996875      1491580       320.00
       2.553     0.997266      1492165       365.71
       2.597     0.997656      1492742       426.67
       2.645     0.998047      1493314       512.00
       2.677     0.998242      1493619       568.89
       2.711     0.998437      1493914       640.00
       2.747     0.998633      1494202       731.43
       2.787     0.998828      1494488       853.33
       2.837     0.999023      1494777      1024.00
       2.869     0.999121      1494927      1137.78
       2.905     0.999219      1495069      1280.00
       2.941     0.999316      1495213      1462.86
       2.997     0.999414      1495362      1706.67
       3.053     0.999512      1495506      2048.00
       3.083     0.999561      1495578      2275.56
       3.123     0.999609      1495651      2560.00
       3.177     0.999658      1495725      2925.71
       3.255     0.999707      1495798      3413.33
       3.347     0.999756      1495871      4096.00
       3.415     0.999780      1495907      4551.11
       3.511     0.999805      1495943      5120.00
       3.619     0.999829      1495980      5851.43
       3.735     0.999854      1496016      6826.67
       3.881     0.999878      1496053      8192.00
       3.953     0.999890      1496071      9102.22
       4.067     0.999902      1496092     10240.00
       4.159     0.999915      1496108     11702.86
       4.271     0.999927      1496126     13653.33
       4.387     0.999939      1496144     16384.00
       4.487     0.999945      1496153     18204.44
       4.551     0.999951      1496162     20480.00
       4.631     0.999957      1496172     23405.71
       4.775     0.999963      1496181     27306.67
       4.987     0.999969      1496190     32768.00
       5.039     0.999973      1496194     36408.89
       5.099     0.999976      1496199     40960.00
       5.127     0.999979      1496204     46811.43
       5.187     0.999982      1496208     54613.33
       5.275     0.999985      1496213     65536.00
       5.375     0.999986      1496215     72817.78
       5.479     0.999988      1496217     81920.00
       5.595     0.999989      1496220     93622.86
       5.651     0.999991      1496222    109226.67
       5.803     0.999992      1496224    131072.00
       5.807     0.999993      1496226    145635.56
       5.807     0.999994      1496226    163840.00
       6.151     0.999995      1496228    187245.71
       6.263     0.999995      1496229    218453.33
       6.291     0.999996      1496231    262144.00
       6.291     0.999997      1496231    291271.11
       6.291     0.999997      1496231    327680.00
       6.319     0.999997      1496232    374491.43
       6.319     0.999998      1496232    436906.67
       6.327     0.999998      1496233    524288.00
       6.327     0.999998      1496233    582542.22
       6.327     0.999998      1496233    655360.00
       6.331     0.999999      1496234    748982.86
       6.331     0.999999      1496234    873813.33
       6.331     0.999999      1496234   1048576.00
       6.331     0.999999      1496234   1165084.44
       6.331     0.999999      1496234   1310720.00
       6.495     0.999999      1496235   1497965.71
       6.495     1.000000      1496235          inf
#[Mean    =        1.088, StdDeviation   =        0.472]
#[Max     =        6.492, Total count    =      1496235]
#[Buckets =           27, SubBuckets     =         2048]
----------------------------------------------------------
  1791167 requests in 1.00m, 124.70MB read
Requests/sec:  29852.39
Transfer/sec:      2.08MB
