Running 1m test @ http://erik-pc.local:8080/greeting/Bob
  4 threads and 100 connections
  Thread calibration: mean lat.: 403.350ms, rate sampling interval: 1430ms
  Thread calibration: mean lat.: 187.228ms, rate sampling interval: 911ms
  Thread calibration: mean lat.: 60.804ms, rate sampling interval: 253ms
  Thread calibration: mean lat.: 194.172ms, rate sampling interval: 760ms
  Thread Stats   Avg      Stdev     Max   +/- Stdev
    Latency     1.39s   913.74ms   4.24s    62.82%
    Req/Sec    33.16k     7.18k   57.34k    81.38%
  Latency Distribution (HdrHistogram - Recorded Latency)
 50.000%    1.21s 
 75.000%    2.12s 
 90.000%    2.70s 
 99.000%    3.52s 
 99.900%    4.03s 
 99.990%    4.19s 
 99.999%    4.23s 
100.000%    4.24s 

  Detailed Percentile spectrum:
       Value   Percentile   TotalCount 1/(1-Percentile)

       0.138     0.000000            1         1.00
     236.031     0.100000       662824         1.11
     547.839     0.200000      1326601         1.25
     774.655     0.300000      1989411         1.43
     989.695     0.400000      2652500         1.67
    1208.319     0.500000      3315663         2.00
    1336.319     0.550000      3644987         2.22
    1492.991     0.600000      3977294         2.50
    1698.815     0.650000      4308136         2.86
    1911.807     0.700000      4639263         3.33
    2119.679     0.750000      4972398         4.00
    2215.935     0.775000      5138914         4.44
    2303.999     0.800000      5303583         5.00
    2394.111     0.825000      5470224         5.71
    2494.463     0.850000      5635839         6.67
    2592.767     0.875000      5799173         8.00
    2643.967     0.887500      5881981         8.89
    2703.359     0.900000      5966996        10.00
    2762.751     0.912500      6047555        11.43
    2840.575     0.925000      6131933        13.33
    2922.495     0.937500      6213695        16.00
    2953.215     0.943750      6255766        17.78
    2985.983     0.950000      6296688        20.00
    3026.943     0.956250      6338617        22.86
    3102.719     0.962500      6379286        26.67
    3184.639     0.968750      6421217        32.00
    3219.455     0.971875      6441869        35.56
    3250.175     0.975000      6462436        40.00
    3289.087     0.978125      6482976        45.71
    3323.903     0.981250      6503323        53.33
    3360.767     0.984375      6524216        64.00
    3387.391     0.985938      6534041        71.11
    3436.543     0.987500      6544436        80.00
    3489.791     0.989062      6554849        91.43
    3553.279     0.990625      6565082       106.67
    3610.623     0.992188      6575463       128.00
    3659.775     0.992969      6580761       142.22
    3688.447     0.993750      6586250       160.00
    3715.071     0.994531      6591114       182.86
    3739.647     0.995313      6596191       213.33
    3762.175     0.996094      6601687       256.00
    3770.367     0.996484      6604047       284.44
    3782.655     0.996875      6606676       320.00
    3817.471     0.997266      6609120       365.71
    3856.383     0.997656      6611754       426.67
    3909.631     0.998047      6614246       512.00
    3944.447     0.998242      6615601       568.89
    3973.119     0.998437      6616856       640.00
    3991.551     0.998633      6618204       731.43
    4009.983     0.998828      6619461       853.33
    4034.559     0.999023      6620711      1024.00
    4059.135     0.999121      6621394      1137.78
    4104.191     0.999219      6622023      1280.00
    4122.623     0.999316      6622687      1462.86
    4134.911     0.999414      6623430      1706.67
    4143.103     0.999512      6623974      2048.00
    4149.247     0.999561      6624368      2275.56
    4153.343     0.999609      6624642      2560.00
    4157.439     0.999658      6624917      2925.71
    4163.583     0.999707      6625309      3413.33
    4167.679     0.999756      6625564      4096.00
    4171.775     0.999780      6625800      4551.11
    4173.823     0.999805      6625926      5120.00
    4177.919     0.999829      6626135      5851.43
    4179.967     0.999854      6626213      6826.67
    4186.111     0.999878      6626417      8192.00
    4188.159     0.999890      6626478      9102.22
    4190.207     0.999902      6626567     10240.00
    4192.255     0.999915      6626651     11702.86
    4194.303     0.999927      6626719     13653.33
    4198.399     0.999939      6626808     16384.00
    4202.495     0.999945      6626882     18204.44
    4202.495     0.999951      6626882     20480.00
    4206.591     0.999957      6626992     23405.71
    4206.591     0.999963      6626992     27306.67
    4206.591     0.999969      6626992     32768.00
    4210.687     0.999973      6627030     36408.89
    4210.687     0.999976      6627030     40960.00
    4214.783     0.999979      6627056     46811.43
    4218.879     0.999982      6627075     54613.33
    4222.975     0.999985      6627110     65536.00
    4222.975     0.999986      6627110     72817.78
    4222.975     0.999988      6627110     81920.00
    4227.071     0.999989      6627125     93622.86
    4227.071     0.999991      6627125    109226.67
    4231.167     0.999992      6627140    131072.00
    4231.167     0.999993      6627140    145635.56
    4235.263     0.999994      6627178    163840.00
    4235.263     0.999995      6627178    187245.71
    4235.263     0.999995      6627178    218453.33
    4235.263     0.999996      6627178    262144.00
    4235.263     0.999997      6627178    291271.11
    4235.263     0.999997      6627178    327680.00
    4235.263     0.999997      6627178    374491.43
    4235.263     0.999998      6627178    436906.67
    4235.263     0.999998      6627178    524288.00
    4235.263     0.999998      6627178    582542.22
    4235.263     0.999998      6627178    655360.00
    4235.263     0.999999      6627178    748982.86
    4235.263     0.999999      6627178    873813.33
    4235.263     0.999999      6627178   1048576.00
    4235.263     0.999999      6627178   1165084.44
    4235.263     0.999999      6627178   1310720.00
    4235.263     0.999999      6627178   1497965.71
    4235.263     0.999999      6627178   1747626.67
    4235.263     1.000000      6627178   2097152.00
    4239.359     1.000000      6627181   2330168.89
    4239.359     1.000000      6627181          inf
#[Mean    =     1387.687, StdDeviation   =      913.735]
#[Max     =     4235.264, Total count    =      6627181]
#[Buckets =           27, SubBuckets     =         2048]
----------------------------------------------------------
  7986577 requests in 1.00m, 556.01MB read
Requests/sec: 133077.09
Transfer/sec:      9.26MB
