Running 1m test @ http://erik-pc.local:8080/greeting/Bob
  4 threads and 100 connections
  Thread calibration: mean lat.: 2.011ms, rate sampling interval: 10ms
  Thread calibration: mean lat.: 1.570ms, rate sampling interval: 10ms
  Thread calibration: mean lat.: 1.954ms, rate sampling interval: 10ms
  Thread calibration: mean lat.: 1.515ms, rate sampling interval: 10ms
  Thread Stats   Avg      Stdev     Max   +/- Stdev
    Latency     1.75ms  836.08us   6.20ms   65.75%
    Req/Sec     5.28k   803.03     8.33k    83.32%
  Latency Distribution (HdrHistogram - Recorded Latency)
 50.000%    1.63ms
 75.000%    2.28ms
 90.000%    3.02ms
 99.000%    3.77ms
 99.900%    4.18ms
 99.990%    4.70ms
 99.999%    5.33ms
100.000%    6.20ms

  Detailed Percentile spectrum:
       Value   Percentile   TotalCount 1/(1-Percentile)

       0.246     0.000000            1         1.00
       0.756     0.100000        99812         1.11
       0.985     0.200000       199955         1.25
       1.181     0.300000       299575         1.43
       1.385     0.400000       399451         1.67
       1.632     0.500000       499060         2.00
       1.765     0.550000       548987         2.22
       1.897     0.600000       598653         2.50
       2.022     0.650000       648468         2.86
       2.145     0.700000       698682         3.33
       2.281     0.750000       748266         4.00
       2.365     0.775000       773559         4.44
       2.465     0.800000       798288         5.00
       2.591     0.825000       823220         5.71
       2.737     0.850000       848156         6.67
       2.881     0.875000       872942         8.00
       2.951     0.887500       885348         8.89
       3.021     0.900000       898028        10.00
       3.089     0.912500       910358        11.43
       3.161     0.925000       922707        13.33
       3.241     0.937500       935379        16.00
       3.283     0.943750       941491        17.78
       3.329     0.950000       947779        20.00
       3.377     0.956250       954113        22.86
       3.427     0.962500       960302        26.67
       3.481     0.968750       966473        32.00
       3.511     0.971875       969579        35.56
       3.543     0.975000       972604        40.00
       3.579     0.978125       975715        45.71
       3.619     0.981250       978850        53.33
       3.663     0.984375       981940        64.00
       3.689     0.985938       983529        71.11
       3.717     0.987500       985093        80.00
       3.747     0.989062       986668        91.43
       3.777     0.990625       988155       106.67
       3.815     0.992188       989763       128.00
       3.837     0.992969       990518       142.22
       3.863     0.993750       991290       160.00
       3.891     0.994531       992081       182.86
       3.921     0.995313       992840       213.33
       3.955     0.996094       993619       256.00
       3.975     0.996484       994013       284.44
       3.995     0.996875       994388       320.00
       4.017     0.997266       994791       365.71
       4.045     0.997656       995188       426.67
       4.073     0.998047       995569       512.00
       4.091     0.998242       995763       568.89
       4.107     0.998437       995944       640.00
       4.127     0.998633       996140       731.43
       4.151     0.998828       996340       853.33
       4.179     0.999023       996534      1024.00
       4.195     0.999121       996636      1137.78
       4.211     0.999219       996727      1280.00
       4.239     0.999316       996829      1462.86
       4.263     0.999414       996922      1706.67
       4.295     0.999512       997013      2048.00
       4.319     0.999561       997061      2275.56
       4.343     0.999609       997114      2560.00
       4.363     0.999658       997160      2925.71
       4.399     0.999707       997212      3413.33
       4.435     0.999756       997258      4096.00
       4.451     0.999780       997281      4551.11
       4.499     0.999805       997307      5120.00
       4.535     0.999829       997330      5851.43
       4.587     0.999854       997353      6826.67
       4.659     0.999878       997379      8192.00
       4.679     0.999890       997390      9102.22
       4.719     0.999902       997402     10240.00
       4.755     0.999915       997415     11702.86
       4.811     0.999927       997426     13653.33
       4.879     0.999939       997440     16384.00
       4.911     0.999945       997445     18204.44
       4.939     0.999951       997454     20480.00
       4.959     0.999957       997457     23405.71
       4.995     0.999963       997464     27306.67
       5.015     0.999969       997470     32768.00
       5.031     0.999973       997472     36408.89
       5.055     0.999976       997475     40960.00
       5.083     0.999979       997479     46811.43
       5.103     0.999982       997481     54613.33
       5.171     0.999985       997484     65536.00
       5.235     0.999986       997486     72817.78
       5.267     0.999988       997487     81920.00
       5.331     0.999989       997489     93622.86
       5.423     0.999991       997490    109226.67
       5.515     0.999992       997492    131072.00
       5.579     0.999993       997493    145635.56
       5.579     0.999994       997493    163840.00
       5.591     0.999995       997494    187245.71
       5.847     0.999995       997495    218453.33
       5.867     0.999996       997496    262144.00
       5.867     0.999997       997496    291271.11
       5.867     0.999997       997496    327680.00
       5.887     0.999997       997497    374491.43
       5.887     0.999998       997497    436906.67
       6.187     0.999998       997498    524288.00
       6.187     0.999998       997498    582542.22
       6.187     0.999998       997498    655360.00
       6.187     0.999999       997498    748982.86
       6.187     0.999999       997498    873813.33
       6.199     0.999999       997499   1048576.00
       6.199     1.000000       997499          inf
#[Mean    =        1.753, StdDeviation   =        0.836]
#[Max     =        6.196, Total count    =       997499]
#[Buckets =           27, SubBuckets     =         2048]
----------------------------------------------------------
  1194140 requests in 1.00m, 99.08MB read
Requests/sec:  19901.66
Transfer/sec:      1.65MB
