Running 1m test @ http://erik-pc.local:8080/greeting/Bob
  4 threads and 100 connections
  Thread calibration: mean lat.: 1.132ms, rate sampling interval: 10ms
  Thread calibration: mean lat.: 1.170ms, rate sampling interval: 10ms
  Thread calibration: mean lat.: 1.203ms, rate sampling interval: 10ms
  Thread calibration: mean lat.: 1.143ms, rate sampling interval: 10ms
  Thread Stats   Avg      Stdev     Max   +/- Stdev
    Latency     1.16ms  493.95us   5.30ms   62.57%
    Req/Sec    10.52k   739.76    13.89k    78.33%
  Latency Distribution (HdrHistogram - Recorded Latency)
 50.000%    1.14ms
 75.000%    1.55ms
 90.000%    1.81ms
 99.000%    2.28ms
 99.900%    2.81ms
 99.990%    3.30ms
 99.999%    3.87ms
100.000%    5.30ms

  Detailed Percentile spectrum:
       Value   Percentile   TotalCount 1/(1-Percentile)

       0.170     0.000000            1         1.00
       0.511     0.100000       200002         1.11
       0.682     0.200000       400009         1.25
       0.838     0.300000       599764         1.43
       0.984     0.400000       798373         1.67
       1.136     0.500000       998025         2.00
       1.216     0.550000      1097435         2.22
       1.298     0.600000      1197890         2.50
       1.382     0.650000      1296852         2.86
       1.465     0.700000      1397690         3.33
       1.549     0.750000      1497192         4.00
       1.590     0.775000      1547270         4.44
       1.630     0.800000      1596679         5.00
       1.671     0.825000      1646723         5.71
       1.713     0.850000      1695893         6.67
       1.759     0.875000      1745885         8.00
       1.785     0.887500      1771377         8.89
       1.811     0.900000      1795829        10.00
       1.840     0.912500      1820467        11.43
       1.872     0.925000      1845703        13.33
       1.907     0.937500      1870385        16.00
       1.927     0.943750      1882855        17.78
       1.950     0.950000      1895660        20.00
       1.975     0.956250      1908122        22.86
       2.003     0.962500      1920564        26.67
       2.036     0.968750      1932813        32.00
       2.055     0.971875      1938905        35.56
       2.077     0.975000      1945091        40.00
       2.105     0.978125      1951758        45.71
       2.135     0.981250      1957625        53.33
       2.173     0.984375      1963840        64.00
       2.197     0.985938      1967054        71.11
       2.223     0.987500      1970064        80.00
       2.255     0.989062      1973210        91.43
       2.293     0.990625      1976365       106.67
       2.339     0.992188      1979393       128.00
       2.367     0.992969      1980991       142.22
       2.397     0.993750      1982582       160.00
       2.429     0.994531      1984089       182.86
       2.469     0.995313      1985643       213.33
       2.511     0.996094      1987187       256.00
       2.537     0.996484      1987988       284.44
       2.561     0.996875      1988734       320.00
       2.591     0.997266      1989568       365.71
       2.623     0.997656      1990326       426.67
       2.661     0.998047      1991069       512.00
       2.685     0.998242      1991475       568.89
       2.713     0.998437      1991861       640.00
       2.741     0.998633      1992236       731.43
       2.777     0.998828      1992635       853.33
       2.817     0.999023      1993029      1024.00
       2.837     0.999121      1993209      1137.78
       2.863     0.999219      1993405      1280.00
       2.891     0.999316      1993597      1462.86
       2.925     0.999414      1993795      1706.67
       2.959     0.999512      1993986      2048.00
       2.981     0.999561      1994090      2275.56
       3.007     0.999609      1994190      2560.00
       3.033     0.999658      1994285      2925.71
       3.067     0.999707      1994378      3413.33
       3.109     0.999756      1994476      4096.00
       3.133     0.999780      1994522      4551.11
       3.161     0.999805      1994575      5120.00
       3.185     0.999829      1994620      5851.43
       3.221     0.999854      1994669      6826.67
       3.255     0.999878      1994718      8192.00
       3.277     0.999890      1994741      9102.22
       3.299     0.999902      1994767     10240.00
       3.327     0.999915      1994790     11702.86
       3.365     0.999927      1994814     13653.33
       3.417     0.999939      1994839     16384.00
       3.441     0.999945      1994851     18204.44
       3.487     0.999951      1994863     20480.00
       3.525     0.999957      1994875     23405.71
       3.555     0.999963      1994887     27306.67
       3.595     0.999969      1994900     32768.00
       3.611     0.999973      1994906     36408.89
       3.635     0.999976      1994914     40960.00
       3.655     0.999979      1994918     46811.43
       3.695     0.999982      1994924     54613.33
       3.727     0.999985      1994930     65536.00
       3.745     0.999986      1994933     72817.78
       3.827     0.999988      1994936     81920.00
       3.857     0.999989      1994939     93622.86
       3.929     0.999991      1994942    109226.67
       4.303     0.999992      1994945    131072.00
       4.399     0.999993      1994947    145635.56
       4.411     0.999994      1994948    163840.00
       4.527     0.999995      1994950    187245.71
       4.535     0.999995      1994951    218453.33
       4.651     0.999996      1994953    262144.00
       4.715     0.999997      1994954    291271.11
       4.715     0.999997      1994954    327680.00
       4.967     0.999997      1994955    374491.43
       5.095     0.999998      1994956    436906.67
       5.107     0.999998      1994957    524288.00
       5.107     0.999998      1994957    582542.22
       5.107     0.999998      1994957    655360.00
       5.163     0.999999      1994958    748982.86
       5.163     0.999999      1994958    873813.33
       5.171     0.999999      1994959   1048576.00
       5.171     0.999999      1994959   1165084.44
       5.171     0.999999      1994959   1310720.00
       5.171     0.999999      1994959   1497965.71
       5.171     0.999999      1994959   1747626.67
       5.303     1.000000      1994960   2097152.00
       5.303     1.000000      1994960          inf
#[Mean    =        1.160, StdDeviation   =        0.494]
#[Max     =        5.300, Total count    =      1994960]
#[Buckets =           27, SubBuckets     =         2048]
----------------------------------------------------------
  2388160 requests in 1.00m, 166.26MB read
Requests/sec:  39803.10
Transfer/sec:      2.77MB
