Running 1m test @ http://erik-pc.local:8080/greeting/Bob
  4 threads and 100 connections
  Thread calibration: mean lat.: 1.164ms, rate sampling interval: 10ms
  Thread calibration: mean lat.: 1.166ms, rate sampling interval: 10ms
  Thread calibration: mean lat.: 1.134ms, rate sampling interval: 10ms
  Thread calibration: mean lat.: 1.097ms, rate sampling interval: 10ms
  Thread Stats   Avg      Stdev     Max   +/- Stdev
    Latency     1.14ms  516.52us   4.52ms   63.53%
    Req/Sec    15.80k     1.02k   20.67k    73.26%
  Latency Distribution (HdrHistogram - Recorded Latency)
 50.000%    1.09ms
 75.000%    1.53ms
 90.000%    1.85ms
 99.000%    2.38ms
 99.900%    2.91ms
 99.990%    3.40ms
 99.999%    3.98ms
100.000%    4.53ms

  Detailed Percentile spectrum:
       Value   Percentile   TotalCount 1/(1-Percentile)

       0.115     0.000000            1         1.00
       0.501     0.100000       299581         1.11
       0.651     0.200000       600554         1.25
       0.799     0.300000       898866         1.43
       0.942     0.400000      1199043         1.67
       1.093     0.500000      1496631         2.00
       1.173     0.550000      1646602         2.22
       1.254     0.600000      1795651         2.50
       1.341     0.650000      1946304         2.86
       1.433     0.700000      2095606         3.33
       1.527     0.750000      2244648         4.00
       1.576     0.775000      2320599         4.44
       1.625     0.800000      2394785         5.00
       1.676     0.825000      2469265         5.71
       1.730     0.850000      2544383         6.67
       1.787     0.875000      2619110         8.00
       1.818     0.887500      2656427         8.89
       1.850     0.900000      2693338        10.00
       1.886     0.912500      2731364        11.43
       1.925     0.925000      2768884        13.33
       1.967     0.937500      2805844        16.00
       1.990     0.943750      2824308        17.78
       2.016     0.950000      2843415        20.00
       2.043     0.956250      2861797        22.86
       2.075     0.962500      2880794        26.67
       2.113     0.968750      2899723        32.00
       2.135     0.971875      2908773        35.56
       2.161     0.975000      2918367        40.00
       2.189     0.978125      2927355        45.71
       2.223     0.981250      2936430        53.33
       2.267     0.984375      2945894        64.00
       2.293     0.985938      2950671        71.11
       2.321     0.987500      2955175        80.00
       2.355     0.989062      2959955        91.43
       2.393     0.990625      2964674       106.67
       2.437     0.992188      2969206       128.00
       2.463     0.992969      2971540       142.22
       2.493     0.993750      2973930       160.00
       2.525     0.994531      2976164       182.86
       2.565     0.995313      2978586       213.33
       2.611     0.996094      2980889       256.00
       2.639     0.996484      2982022       284.44
       2.667     0.996875      2983210       320.00
       2.699     0.997266      2984369       365.71
       2.733     0.997656      2985524       426.67
       2.773     0.998047      2986718       512.00
       2.793     0.998242      2987270       568.89
       2.817     0.998437      2987875       640.00
       2.847     0.998633      2988472       731.43
       2.877     0.998828      2989026       853.33
       2.919     0.999023      2989606      1024.00
       2.941     0.999121      2989900      1137.78
       2.969     0.999219      2990193      1280.00
       2.999     0.999316      2990475      1462.86
       3.033     0.999414      2990773      1706.67
       3.071     0.999512      2991063      2048.00
       3.091     0.999561      2991212      2275.56
       3.109     0.999609      2991349      2560.00
       3.133     0.999658      2991499      2925.71
       3.165     0.999707      2991642      3413.33
       3.203     0.999756      2991792      4096.00
       3.221     0.999780      2991860      4551.11
       3.243     0.999805      2991938      5120.00
       3.269     0.999829      2992007      5851.43
       3.309     0.999854      2992078      6826.67
       3.357     0.999878      2992151      8192.00
       3.379     0.999890      2992188      9102.22
       3.407     0.999902      2992227     10240.00
       3.437     0.999915      2992261     11702.86
       3.475     0.999927      2992297     13653.33
       3.515     0.999939      2992335     16384.00
       3.531     0.999945      2992353     18204.44
       3.547     0.999951      2992370     20480.00
       3.593     0.999957      2992390     23405.71
       3.625     0.999963      2992407     27306.67
       3.673     0.999969      2992425     32768.00
       3.687     0.999973      2992434     36408.89
       3.707     0.999976      2992443     40960.00
       3.725     0.999979      2992453     46811.43
       3.751     0.999982      2992462     54613.33
       3.799     0.999985      2992471     65536.00
       3.851     0.999986      2992475     72817.78
       3.877     0.999988      2992480     81920.00
       3.965     0.999989      2992485     93622.86
       4.029     0.999991      2992489    109226.67
       4.119     0.999992      2992494    131072.00
       4.135     0.999993      2992496    145635.56
       4.155     0.999994      2992498    163840.00
       4.227     0.999995      2992503    187245.71
       4.227     0.999995      2992503    218453.33
       4.259     0.999996      2992505    262144.00
       4.275     0.999997      2992507    291271.11
       4.275     0.999997      2992507    327680.00
       4.327     0.999997      2992509    374491.43
       4.359     0.999998      2992510    436906.67
       4.363     0.999998      2992511    524288.00
       4.363     0.999998      2992511    582542.22
       4.375     0.999998      2992512    655360.00
       4.403     0.999999      2992513    748982.86
       4.403     0.999999      2992513    873813.33
       4.443     0.999999      2992514   1048576.00
       4.443     0.999999      2992514   1165084.44
       4.443     0.999999      2992514   1310720.00
       4.511     0.999999      2992515   1497965.71
       4.511     0.999999      2992515   1747626.67
       4.511     1.000000      2992515   2097152.00
       4.511     1.000000      2992515   2330168.89
       4.511     1.000000      2992515   2621440.00
       4.527     1.000000      2992516   2995931.43
       4.527     1.000000      2992516          inf
#[Mean    =        1.142, StdDeviation   =        0.517]
#[Max     =        4.524, Total count    =      2992516]
#[Buckets =           27, SubBuckets     =         2048]
----------------------------------------------------------
  3582280 requests in 1.00m, 249.39MB read
Requests/sec:  59704.09
Transfer/sec:      4.16MB
