  42465 root      20   0   13.6g 698608  29044 S 146.7   4.3  32:17.10 java
  42465 root      20   0   13.6g 698608  29044 S 378.0   4.3  32:20.88 java
  42465 root      20   0   13.6g 700944  29044 S 401.0   4.3  32:24.89 java
  42465 root      20   0   13.6g 700944  29044 S 396.0   4.3  32:28.89 java
  42465 root      20   0   13.6g 700944  29044 S 399.0   4.3  32:32.88 java
  42465 root      20   0   13.6g 700944  29044 S 400.0   4.3  32:36.88 java
  42465 root      20   0   13.6g 700944  29044 S 400.0   4.3  32:40.88 java
  42465 root      20   0   13.6g 700944  29044 S 401.0   4.3  32:44.89 java
  42465 root      20   0   13.6g 700944  29044 S 400.0   4.3  32:48.89 java
  42465 root      20   0   13.6g 701060  29044 S 399.0   4.3  32:52.88 java
  42465 root      20   0   13.6g 701060  29044 S 400.0   4.3  32:56.88 java
  42465 root      20   0   13.6g 701060  29044 S 397.0   4.3  33:00.89 java
  42465 root      20   0   13.6g 701236  29044 S 401.0   4.3  33:04.90 java
  42465 root      20   0   13.6g 701236  29044 S 401.0   4.3  33:08.91 java
  42465 root      20   0   13.6g 701236  29044 S 401.0   4.3  33:12.92 java
  42465 root      20   0   13.6g 701236  29044 S 400.0   4.3  33:16.92 java
  42465 root      20   0   13.6g 701344  29044 S 401.0   4.3  33:20.93 java
  42465 root      20   0   13.6g 701344  29044 S 401.0   4.3  33:24.94 java
  42465 root      20   0   13.6g 701740  29044 S 402.0   4.3  33:28.96 java
  42465 root      20   0   13.6g 701740  29044 S 399.0   4.3  33:32.95 java
  42465 root      20   0   13.6g 701876  29044 S 403.0   4.3  33:36.98 java
  42465 root      20   0   13.6g 701876  29044 S 396.0   4.3  33:40.98 java
  42465 root      20   0   13.6g 701876  29044 S 401.0   4.3  33:44.99 java
  42465 root      20   0   13.6g 701876  29044 S 402.0   4.3  33:49.01 java
  42465 root      20   0   13.6g 701876  29044 S 398.0   4.3  33:52.99 java
  42465 root      20   0   13.6g 701876  29044 S 401.0   4.3  33:57.00 java
  42465 root      20   0   13.6g 701876  29044 S 402.0   4.3  34:01.02 java
  42465 root      20   0   13.6g 701876  29044 S 403.0   4.3  34:05.05 java
  42465 root      20   0   13.6g 701876  29044 S 395.0   4.3  34:09.00 java
  42465 root      20   0   13.6g 701876  29044 S 406.0   4.3  34:13.06 java
  42465 root      20   0   13.6g 701876  29044 S 402.0   4.3  34:17.08 java
  42465 root      20   0   13.6g 701960  29044 S 395.0   4.3  34:21.07 java
  42465 root      20   0   13.6g 701960  29044 S 397.0   4.3  34:25.04 java
  42465 root      20   0   13.6g 701960  29044 S 402.0   4.3  34:29.06 java
  42465 root      20   0   13.6g 701960  29044 S 405.0   4.3  34:33.11 java
  42465 root      20   0   13.6g 702336  29044 S 397.0   4.3  34:37.08 java
  42465 root      20   0   13.6g 702336  29044 S 403.0   4.3  34:41.11 java
  42465 root      20   0   13.6g 702336  29044 S 402.0   4.3  34:45.13 java
  42465 root      20   0   13.6g 702336  29044 S 399.0   4.3  34:49.12 java
  42465 root      20   0   13.6g 702336  29044 S 402.0   4.3  34:53.14 java
  42465 root      20   0   13.6g 702336  29044 S 403.0   4.3  34:57.17 java
  42465 root      20   0   13.6g 702336  29044 S 391.1   4.3  35:01.12 java
  42465 root      20   0   13.6g 702336  29044 S 404.0   4.3  35:05.16 java
  42465 root      20   0   13.6g 702336  29044 S 403.0   4.3  35:09.19 java
  42465 root      20   0   13.6g 702484  29044 S 396.0   4.3  35:13.15 java
  42465 root      20   0   13.6g 702484  29044 S 404.0   4.3  35:17.19 java
  42465 root      20   0   13.6g 702484  29044 S 400.0   4.3  35:21.19 java
  42465 root      20   0   13.6g 702484  29044 S 400.0   4.3  35:25.19 java
  42465 root      20   0   13.6g 702700  29044 S 402.0   4.3  35:29.21 java
  42465 root      20   0   13.6g 702700  29044 S 397.0   4.3  35:33.18 java
  42465 root      20   0   13.6g 702700  29044 S 403.0   4.3  35:37.21 java
  42465 root      20   0   13.6g 702700  29044 S 399.0   4.3  35:41.24 java
  42465 root      20   0   13.6g 702700  29044 S 396.0   4.3  35:45.20 java
  42465 root      20   0   13.6g 702700  29044 S 406.0   4.3  35:49.