  43399 root      20   0   13.6g 643204  29068 S  80.0   3.9  23:40.20 java
  43399 root      20   0   13.6g 643204  29068 S 339.0   3.9  23:43.59 java
  43399 root      20   0   13.6g 643204  29068 S 412.0   3.9  23:47.71 java
  43399 root      20   0   13.6g 643384  29068 S 403.0   3.9  23:51.74 java
  43399 root      20   0   13.6g 643384  29068 S 400.0   3.9  23:55.74 java
  43399 root      20   0   13.6g 643384  29068 S 401.0   3.9  23:59.75 java
  43399 root      20   0   13.6g 643384  29068 S 400.0   3.9  24:03.75 java
  43399 root      20   0   13.6g 643384  29068 S 399.0   3.9  24:07.74 java
  43399 root      20   0   13.6g 643384  29068 S 401.0   3.9  24:11.75 java
  43399 root      20   0   13.6g 643504  29068 S 396.0   3.9  24:15.75 java
  43399 root      20   0   13.6g 643504  29068 S 400.0   3.9  24:19.75 java
  43399 root      20   0   13.6g 643556  29068 S 401.0   3.9  24:23.76 java
  43399 root      20   0   13.6g 643656  29068 S 399.0   3.9  24:27.75 java
  43399 root      20   0   13.6g 643656  29068 S 400.0   3.9  24:31.75 java
  43399 root      20   0   13.6g 643656  29068 S 401.0   3.9  24:35.76 java
  43399 root      20   0   13.6g 643656  29068 S 399.0   3.9  24:39.75 java
  43399 root      20   0   13.6g 643656  29068 S 401.0   3.9  24:43.76 java
  43399 root      20   0   13.6g 643656  29068 S 399.0   3.9  24:47.75 java
  43399 root      20   0   13.6g 643896  29068 S 397.0   3.9  24:51.76 java
  43399 root      20   0   13.6g 643896  29068 S 400.0   3.9  24:55.76 java
  43399 root      20   0   13.6g 643896  29068 S 400.0   3.9  24:59.76 java
  43399 root      20   0   13.6g 643896  29068 S 400.0   3.9  25:03.76 java
  43399 root      20   0   13.6g 643896  29068 S 400.0   3.9  25:07.76 java
  43399 root      20   0   13.6g 644028  29068 S 399.0   3.9  25:11.75 java
  43399 root      20   0   13.6g 644160  29068 S 401.0   3.9  25:15.76 java
  43399 root      20   0   13.6g 644160  29068 S 395.0   3.9  25:19.75 java
  43399 root      20   0   13.6g 644160  29068 S 401.0   3.9  25:23.76 java
  43399 root      20   0   13.6g 644160  29068 S 399.0   3.9  25:27.75 java
  43399 root      20   0   13.6g 644160  29068 S 400.0   3.9  25:31.75 java
  43399 root      20   0   13.6g 644456  29068 S 401.0   4.0  25:35.76 java
  43399 root      20   0   13.6g 644456  29068 S 400.0   4.0  25:39.76 java
  43399 root      20   0   13.6g 644456  29068 S 399.0   4.0  25:43.75 java
  43399 root      20   0   13.6g 644456  29068 S 396.0   4.0  25:47.75 java
  43399 root      20   0   13.6g 644456  29068 S 400.0   4.0  25:51.75 java
  43399 root      20   0   13.6g 644480  29068 S 401.0   4.0  25:55.76 java
  43399 root      20   0   13.6g 644480  29068 S 400.0   4.0  25:59.76 java
  43399 root      20   0   13.6g 644480  29068 S 400.0   4.0  26:03.76 java
  43399 root      20   0   13.6g 644480  29068 S 399.0   4.0  26:07.75 java
  43399 root      20   0   13.6g 644480  29068 S 400.0   4.0  26:11.75 java
  43399 root      20   0   13.6g 644480  29068 S 400.0   4.0  26:15.75 java
  43399 root      20   0   13.6g 644480  29068 S 397.0   4.0  26:19.76 java
  43399 root      20   0   13.6g 644480  29068 S 401.0   4.0  26:23.77 java
  43399 root      20   0   13.6g 644480  29068 S 401.0   4.0  26:27.78 java
  43399 root      20   0   13.6g 644480  29068 S 401.0   4.0  26:31.79 java
  43399 root      20   0   13.6g 644480  29068 S 401.0   4.0  26:35.80 java
  43399 root      20   0   13.6g 644480  29068 S 399.0   4.0  26:39.79 java
  43399 root      20   0   13.6g 644480  29068 S 403.0   4.0  26:43.82 java
  43399 root      20   0   13.6g 644480  29068 S 400.0   4.0  26:47.82 java
  43399 root      20   0   13.6g 644480  29068 S 401.0   4.0  26:51.83 java
  43399 root      20   0   13.6g 644480  29068 S 401.0   4.0  26:55.84 java
  43399 root      20   0   13.6g 644480  29068 S 398.0   4.0  26:59.86 java
  43399 root      20   0   13.6g 644480  29068 S 398.0   4.0  27:03.84 java
  43399 root      20   0   13.6g 644480  29068 S 404.0   4.0  27:07.88 java
  43399 root      20   0   13.6g 644480  29068 S 399.0   4.0  27:11.