  41596 root      20   0 9226748 458280  28976 S   0.0   2.8  29:01.09 java
  41596 root      20   0 9226748 458280  28976 S 315.0   2.8  29:04.24 java
  41596 root      20   0 9226748 458280  28976 S 369.0   2.8  29:07.93 java
  41596 root      20   0 9226748 458280  28976 S 373.0   2.8  29:11.66 java
  41596 root      20   0 9226748 458512  28976 S 378.0   2.8  29:15.44 java
  41596 root      20   0 9226748 458512  28976 S 365.0   2.8  29:19.09 java
  41596 root      20   0 9226748 458512  28976 S 364.0   2.8  29:22.73 java
  41596 root      20   0 9226748 458512  28976 S 370.3   2.8  29:26.47 java
  41596 root      20   0 9226748 458512  28976 S 375.0   2.8  29:30.22 java
  41596 root      20   0 9226748 458512  28976 S 382.0   2.8  29:34.04 java
  41596 root      20   0 9226748 458512  28976 S 362.0   2.8  29:37.66 java
  41596 root      20   0 9226748 458512  28976 S 370.0   2.8  29:41.36 java
  41596 root      20   0 9226748 458512  28976 S 365.0   2.8  29:45.01 java
  41596 root      20   0 9226748 458512  28976 S 370.0   2.8  29:48.71 java
  41596 root      20   0 9226748 458512  28976 S 369.0   2.8  29:52.40 java
  41596 root      20   0 9226748 458512  28976 S 365.0   2.8  29:56.05 java
  41596 root      20   0 9226748 458512  28976 S 378.0   2.8  29:59.83 java
  41596 root      20   0 9226748 458512  28976 S 359.4   2.8  30:03.46 java
  41596 root      20   0 9226748 458512  28976 S 377.0   2.8  30:07.23 java
  41596 root      20   0 9226748 458512  28976 S 371.0   2.8  30:10.94 java
  41596 root      20   0 9226748 458512  28976 S 367.0   2.8  30:14.61 java
  41596 root      20   0 9226748 458512  28976 S 373.0   2.8  30:18.34 java
  41596 root      20   0 9226748 458512  28976 S 368.0   2.8  30:22.02 java
  41596 root      20   0 9226748 458512  28976 S 368.0   2.8  30:25.70 java
  41596 root      20   0 9226748 458512  28976 S 369.0   2.8  30:29.39 java
  41596 root      20   0 9226748 458512  28976 S 372.0   2.8  30:33.11 java
  41596 root      20   0 9226748 458512  28976 S 362.0   2.8  30:36.73 java
  41596 root      20   0 9226748 458512  28976 S 369.3   2.8  30:40.46 java
  41596 root      20   0 9226748 458512  28976 S 372.0   2.8  30:44.18 java
  41596 root      20   0 9226748 458512  28976 S 365.0   2.8  30:47.83 java
  41596 root      20   0 9226748 458512  28976 S 373.0   2.8  30:51.56 java
  41596 root      20   0 9226748 458512  28976 S 371.0   2.8  30:55.27 java
  41596 root      20   0 9226748 458512  28976 S 369.0   2.8  30:58.96 java
  41596 root      20   0 9226748 458512  28976 S 368.0   2.8  31:02.64 java
  41596 root      20   0 9226748 458512  28976 S 364.0   2.8  31:06.28 java
  41596 root      20   0 9226748 458744  28976 S 370.0   2.8  31:09.98 java
  41596 root      20   0 9226748 458744  28976 S 365.0   2.8  31:13.63 java
  41596 root      20   0 9226748 458744  28976 S 360.4   2.8  31:17.27 java
  41596 root      20   0 9226748 458744  28976 S 372.0   2.8  31:20.99 java
  41596 root      20   0 9226748 458744  28976 S 365.0   2.8  31:24.64 java
  41596 root      20   0 9226748 458744  28976 S 372.0   2.8  31:28.36 java
  41596 root      20   0 9226748 458744  28976 S 372.0   2.8  31:32.08 java
  41596 root      20   0 9226748 458744  28976 S 368.0   2.8  31:35.76 java
  41596 root      20   0 9226748 458744  28976 S 369.0   2.8  31:39.45 java
  41596 root      20   0 9226748 458744  28976 S 363.0   2.8  31:43.08 java
  41596 root      20   0 9226748 458744  28976 S 375.0   2.8  31:46.83 java
  41596 root      20   0 9226748 458744  28976 S 370.0   2.8  31:50.53 java
  41596 root      20   0 9226748 458744  28976 S 365.3   2.8  31:54.22 java
  41596 root      20   0 9226748 458744  28976 S 368.0   2.8  31:57.90 java
  41596 root      20   0 9226748 458744  28976 S 368.0   2.8  32:01.58 java
  41596 root      20   0 9226748 458744  28976 S 374.0   2.8  32:05.32 java
  41596 root      20   0 9226748 458744  28976 S 371.0   2.8  32:09.03 java
  41596 root      20   0 9226748 458744  28976 S 370.0   2.8  32:12.73 java
  41596 root      20   0 9226748 458744  28976 S 372.0   2.8  32:16.