  43399 root      20   0   13.6g 605212  29068 S   0.0   3.7   2:47.84 java
  43399 root      20   0   13.6g 605440  29068 S 193.0   3.7   2:49.77 java
  43399 root      20   0   13.6g 605440  29068 S 176.0   3.7   2:51.53 java
  43399 root      20   0   13.6g 605500  29068 S 180.0   3.7   2:53.33 java
  43399 root      20   0   13.6g 605500  29068 S 176.2   3.7   2:55.11 java
  43399 root      20   0   13.6g 605500  29068 S 183.0   3.7   2:56.94 java
  43399 root      20   0   13.6g 605500  29068 S 181.0   3.7   2:58.75 java
  43399 root      20   0   13.6g 605500  29068 S 176.0   3.7   3:00.51 java
  43399 root      20   0   13.6g 605500  29068 S 177.0   3.7   3:02.28 java
  43399 root      20   0   13.6g 605500  29068 S 176.0   3.7   3:04.04 java
  43399 root      20   0   13.6g 605500  29068 S 176.0   3.7   3:05.80 java
  43399 root      20   0   13.6g 605500  29068 S 177.0   3.7   3:07.57 java
  43399 root      20   0   13.6g 605500  29068 S 175.0   3.7   3:09.32 java
  43399 root      20   0   13.6g 605500  29068 S 176.0   3.7   3:11.08 java
  43399 root      20   0   13.6g 605500  29068 S 176.2   3.7   3:12.86 java
  43399 root      20   0   13.6g 605500  29068 S 176.0   3.7   3:14.62 java
  43399 root      20   0   13.6g 605500  29068 S 176.0   3.7   3:16.38 java
  43399 root      20   0   13.6g 605500  29068 S 176.0   3.7   3:18.14 java
  43399 root      20   0   13.6g 605500  29068 S 177.0   3.7   3:19.91 java
  43399 root      20   0   13.6g 605500  29068 S 176.0   3.7   3:21.67 java
  43399 root      20   0   13.6g 606676  29068 S 176.0   3.7   3:23.43 java
  43399 root      20   0   13.6g 607308  29068 S 177.0   3.7   3:25.20 java
  43399 root      20   0   13.6g 607308  29068 S 176.0   3.7   3:26.96 java
  43399 root      20   0   13.6g 607848  29068 S 178.0   3.7   3:28.74 java
  43399 root      20   0   13.6g 607848  29068 S 174.3   3.7   3:30.50 java
  43399 root      20   0   13.6g 607848  29068 S 177.0   3.7   3:32.27 java
  43399 root      20   0   13.6g 607848  29068 S 177.0   3.7   3:34.04 java
  43399 root      20   0   13.6g 607848  29068 S 178.0   3.7   3:35.82 java
  43399 root      20   0   13.6g 607848  29068 S 175.0   3.7   3:37.57 java
  43399 root      20   0   13.6g 607848  29068 S 177.0   3.7   3:39.34 java
  43399 root      20   0   13.6g 607848  29068 S 177.0   3.7   3:41.11 java
  43399 root      20   0   13.6g 607980  29068 S 178.0   3.7   3:42.89 java
  43399 root      20   0   13.6g 607980  29068 S 174.0   3.7   3:44.63 java
  43399 root      20   0   13.6g 607980  29068 S 175.0   3.7   3:46.38 java
  43399 root      20   0   13.6g 607980  29068 S 175.2   3.7   3:48.15 java
  43399 root      20   0   13.6g 607980  29068 S 176.0   3.7   3:49.91 java
  43399 root      20   0   13.6g 607980  29068 S 177.0   3.7   3:51.68 java
  43399 root      20   0   13.6g 607980  29068 S 177.0   3.7   3:53.45 java
  43399 root      20   0   13.6g 607980  29068 S 174.0   3.7   3:55.19 java
  43399 root      20   0   13.6g 607980  29068 S 178.0   3.7   3:56.97 java
  43399 root      20   0   13.6g 607980  29068 S 177.0   3.7   3:58.74 java
  43399 root      20   0   13.6g 607980  29068 S 175.0   3.7   4:00.49 java
  43399 root      20   0   13.6g 608560  29068 S 177.0   3.7   4:02.26 java
  43399 root      20   0   13.6g 608560  29068 S 176.0   3.7   4:04.02 java
  43399 root      20   0   13.6g 608648  29068 S 172.3   3.7   4:05.76 java
  43399 root      20   0   13.6g 608648  29068 S 175.0   3.7   4:07.51 java
  43399 root      20   0   13.6g 608648  29068 S 176.0   3.7   4:09.27 java
  43399 root      20   0   13.6g 608760  29068 S 176.0   3.7   4:11.03 java
  43399 root      20   0   13.6g 608760  29068 S 175.0   3.7   4:12.78 java
  43399 root      20   0   13.6g 608760  29068 S 179.0   3.7   4:14.57 java
  43399 root      20   0   13.6g 608760  29068 S 176.0   3.7   4:16.33 java
  43399 root      20   0   13.6g 608760  29068 S 176.0   3.7   4:18.09 java
  43399 root      20   0   13.6g 608760  29068 S 175.0   3.7   4:19.84 java
  43399 root      20   0   13.6g 608760  29068 S 175.0   3.7   4:21.