  41596 root      20   0 8421808 177340  28944 S 400.0   1.1   0:04.68 java
  41596 root      20   0 9224700 264920  28976 S 404.0   1.6   0:08.72 java
  41596 root      20   0 9226748 287572  28976 S 401.0   1.8   0:12.73 java
  41596 root      20   0 9226748 319664  28976 S 400.0   2.0   0:16.73 java
  41596 root      20   0 9226748 361280  28976 S 401.0   2.2   0:20.74 java
  41596 root      20   0 9226748 393164  28976 S 400.0   2.4   0:24.74 java
  41596 root      20   0 9228980 457500  28976 S 400.0   2.8   0:28.74 java
  41596 root      20   0 9226748 457324  28976 S 396.0   2.8   0:32.74 java
  41596 root      20   0 9226748 461248  28976 S 400.0   2.8   0:36.74 java
  41596 root      20   0 9226748 462020  28976 S 401.0   2.8   0:40.75 java
  41596 root      20   0 9226748 465116  28976 S 399.0   2.9   0:44.74 java
  41596 root      20   0 9226748 466080  28976 S 399.0   2.9   0:48.73 java
  41596 root      20   0 9226748 466372  28976 S 224.0   2.9   0:50.97 java
  41596 root      20   0 9226748 466604  28976 S  83.0   2.9   0:51.80 java
  41596 root      20   0 9226748 425748  28976 S  86.0   2.6   0:52.66 java
  41596 root      20   0 9226748 425748  28976 S  82.0   2.6   0:53.48 java
  41596 root      20   0 9226748 425748  28976 S  81.0   2.6   0:54.29 java
  41596 root      20   0 9226748 429608  28976 S  79.2   2.6   0:55.09 java
  41596 root      20   0 9226748 429608  28976 S  78.0   2.6   0:55.87 java
  41596 root      20   0 9226748 429816  28976 S  82.0   2.6   0:56.69 java
  41596 root      20   0 9226748 429816  28976 S  78.0   2.6   0:57.47 java
  41596 root      20   0 9226748 429816  28976 S  79.0   2.6   0:58.26 java
  41596 root      20   0 9226748 429816  28976 S  78.0   2.6   0:59.04 java
  41596 root      20   0 9226748 429816  28976 S  78.0   2.6   0:59.82 java
  41596 root      20   0 9226748 429816  28976 S  77.0   2.6   1:00.59 java
  41596 root      20   0 9226748 429816  28976 S  77.0   2.6   1:01.36 java
  41596 root      20   0 9226748 429816  28976 S  77.0   2.6   1:02.13 java
  41596 root      20   0 9226748 429816  28976 S  77.2   2.6   1:02.91 java
  41596 root      20   0 9226748 429816  28976 S  77.0   2.6   1:03.68 java
  41596 root      20   0 9226748 429816  28976 S  78.0   2.6   1:04.46 java
  41596 root      20   0 9226748 429816  28976 S  78.0   2.6   1:05.24 java
  41596 root      20   0 9226748 429816  28976 S  78.0   2.6   1:06.02 java
  41596 root      20   0 9226748 429816  28976 S  76.0   2.6   1:06.78 java
  41596 root      20   0 9226748 429816  28976 S  78.0   2.6   1:07.56 java
  41596 root      20   0 9226748 429816  28976 S  77.0   2.6   1:08.33 java
  41596 root      20   0 9226748 429912  28976 S  77.0   2.6   1:09.10 java
  41596 root      20   0 9226748 429912  28976 S  77.0   2.6   1:09.87 java
  41596 root      20   0 9226748 429912  28976 S  76.2   2.6   1:10.64 java
  41596 root      20   0 9226748 429912  28976 S  76.0   2.6   1:11.40 java
  41596 root      20   0 9226748 429912  28976 S  77.0   2.6   1:12.17 java
  41596 root      20   0 9226748 429912  28976 S  77.0   2.6   1:12.94 java
  41596 root      20   0 9226748 429912  28976 S  77.0   2.6   1:13.71 java
  41596 root      20   0 9226748 429912  28976 S  77.0   2.6   1:14.48 java
  41596 root      20   0 9226748 429912  28976 S  76.0   2.6   1:15.24 java
  41596 root      20   0 9226748 429912  28976 S  76.0   2.6   1:16.00 java
  41596 root      20   0 9226748 429912  28976 S  77.0   2.6   1:16.77 java
  41596 root      20   0 9226748 429912  28976 S  75.0   2.6   1:17.52 java
  41596 root      20   0 9226748 429912  28976 S  76.2   2.6   1:18.29 java
  41596 root      20   0 9226748 429912  28976 S  76.0   2.6   1:19.05 java
  41596 root      20   0 9226748 429912  28976 S  77.0   2.6   1:19.82 java
  41596 root      20   0 9226748 429912  28976 S  77.0   2.6   1:20.59 java
  41596 root      20   0 9226748 429912  28976 S  75.0   2.6   1:21.34 java
  41596 root      20   0 9226748 429912  28976 S  76.0   2.6   1:22.10 java
  41596 root      20   0 9226748 429912  28976 S  77.0   2.6   1:22.