  41596 root      20   0 9226748 656700  28976 S   6.7   4.0  52:05.56 java
  41596 root      20   0 9226748 656700  28976 S 322.0   4.0  52:08.78 java
  41596 root      20   0 9226748 656700  28976 S 396.0   4.0  52:12.74 java
  41596 root      20   0 9226748 656700  28976 S 396.0   4.0  52:16.70 java
  41596 root      20   0 9226748 656700  28976 S 394.1   4.0  52:20.68 java
  41596 root      20   0 9226748 657136  28976 S 400.0   4.0  52:24.68 java
  41596 root      20   0 9226748 657336  28976 S 399.0   4.0  52:28.67 java
  41596 root      20   0 9226748 657336  28976 S 399.0   4.0  52:32.66 java
  41596 root      20   0 9226748 657336  28976 S 396.0   4.0  52:36.62 java
  41596 root      20   0 9226748 657336  28976 S 399.0   4.0  52:40.61 java
  41596 root      20   0 9226748 657336  28976 S 397.0   4.0  52:44.58 java
  41596 root      20   0 9226748 657336  28976 S 400.0   4.0  52:48.58 java
  41596 root      20   0 9226748 657336  28976 S 397.0   4.0  52:52.55 java
  41596 root      20   0 9226748 657336  28976 S 399.0   4.0  52:56.54 java
  41596 root      20   0 9226748 657336  28976 S 392.1   4.0  53:00.50 java
  41596 root      20   0 9226748 657336  28976 S 397.0   4.0  53:04.47 java
  41596 root      20   0 9226748 657336  28976 S 400.0   4.0  53:08.47 java
  41596 root      20   0 9226748 657336  28976 S 391.0   4.0  53:12.38 java
  41596 root      20   0 9226748 657336  28976 S 399.0   4.0  53:16.37 java
  41596 root      20   0 9226748 657572  28976 S 400.0   4.0  53:20.37 java
  41596 root      20   0 9226748 657572  28976 S 399.0   4.0  53:24.36 java
  41596 root      20   0 9226748 657572  28976 S 400.0   4.0  53:28.36 java
  41596 root      20   0 9226748 657572  28976 S 397.0   4.0  53:32.33 java
  41596 root      20   0 9226748 657572  28976 S 401.0   4.0  53:36.34 java
  41596 root      20   0 9226748 657572  28976 S 393.1   4.0  53:40.31 java
  41596 root      20   0 9226748 657572  28976 S 400.0   4.0  53:44.31 java
  41596 root      20   0 9226748 657572  28976 S 401.0   4.0  53:48.32 java
  41596 root      20   0 9226748 657572  28976 S 401.0   4.0  53:52.33 java
  41596 root      20   0 9226748 657572  28976 S 399.0   4.0  53:56.32 java
  41596 root      20   0 9226748 657572  28976 S 399.0   4.0  54:00.31 java
  41596 root      20   0 9226748 657572  28976 S 400.0   4.0  54:04.31 java
  41596 root      20   0 9226748 657572  28976 S 398.0   4.0  54:08.29 java
  41596 root      20   0 9226748 657572  28976 S 399.0   4.0  54:12.28 java
  41596 root      20   0 9226748 657572  28976 S 397.0   4.0  54:16.25 java
  41596 root      20   0 9226748 657572  28976 S 395.0   4.0  54:20.24 java
  41596 root      20   0 9226748 657572  28976 S 394.0   4.0  54:24.18 java
  41596 root      20   0 9226748 657572  28976 S 398.0   4.0  54:28.16 java
  41596 root      20   0 9226748 657572  28976 S 401.0   4.0  54:32.17 java
  41596 root      20   0 9226748 657572  28976 S 399.0   4.0  54:36.16 java
  41596 root      20   0 9226748 657572  28976 S 397.0   4.0  54:40.13 java
  41596 root      20   0 9226748 657572  28976 S 397.0   4.0  54:44.10 java
  41596 root      20   0 9226748 657572  28976 S 400.0   4.0  54:48.10 java
  41596 root      20   0 9226748 657572  28976 S 400.0   4.0  54:52.10 java
  41596 root      20   0 9226748 657572  28976 S 395.0   4.0  54:56.05 java
  41596 root      20   0 9226748 657572  28976 S 395.0   4.0  55:00.04 java
  41596 root      20   0 9226748 657764  28976 S 396.0   4.0  55:04.00 java
  41596 root      20   0 9226748 657764  28976 S 398.0   4.0  55:07.98 java
  41596 root      20   0 9226748 657764  28976 S 397.0   4.0  55:11.95 java
  41596 root      20   0 9226748 657764  28976 S 400.0   4.0  55:15.95 java
  41596 root      20   0 9226748 657764  28976 S 398.0   4.0  55:19.93 java
  41596 root      20   0 9226748 657764  28976 S 400.0   4.0  55:23.93 java
  41596 root      20   0 9226748 657764  28976 S 399.0   4.0  55:27.92 java
  41596 root      20   0 9226748 657764  28976 S 398.0   4.0  55:31.90 java
  41596 root      20   0 9226748 657764  28976 S 395.0   4.0  55:35.