  43399 root      20   0   13.6g 838900  29068 S 100.0   5.1  55:39.56 java
  43399 root      20   0   13.6g 838900  29068 S 413.0   5.1  55:43.69 java
  43399 root      20   0   13.6g 838900  29068 S 401.0   5.1  55:47.70 java
  43399 root      20   0   13.6g 838900  29068 S 409.0   5.1  55:51.79 java
  43399 root      20   0   13.6g 838900  29068 S 400.0   5.1  55:55.79 java
  43399 root      20   0   13.6g 838940  29068 S 395.0   5.1  55:59.74 java
  43399 root      20   0   13.6g 838940  29068 S 400.0   5.1  56:03.74 java
  43399 root      20   0   13.6g 838940  29068 S 409.0   5.1  56:07.83 java
  43399 root      20   0   13.6g 838940  29068 S 396.0   5.1  56:11.79 java
  43399 root      20   0   13.6g 838940  29068 S 405.0   5.1  56:15.84 java
  43399 root      20   0   13.6g 838940  29068 S 387.1   5.1  56:19.75 java
  43399 root      20   0   13.6g 839176  29068 S 406.0   5.1  56:23.81 java
  43399 root      20   0   13.6g 839176  29068 S 400.0   5.1  56:27.81 java
  43399 root      20   0   13.6g 839316  29068 S 405.0   5.1  56:31.86 java
  43399 root      20   0   13.6g 839316  29068 S 399.0   5.1  56:35.85 java
  43399 root      20   0   13.6g 839316  29068 S 400.0   5.1  56:39.85 java
  43399 root      20   0   13.6g 839316  29068 S 400.0   5.1  56:43.85 java
  43399 root      20   0   13.6g 839316  29068 S 396.0   5.1  56:47.81 java
  43399 root      20   0   13.6g 839316  29068 S 405.0   5.1  56:51.86 java
  43399 root      20   0   13.6g 839316  29068 S 400.0   5.1  56:55.86 java
  43399 root      20   0   13.6g 839316  29068 S 396.0   5.1  56:59.86 java
  43399 root      20   0   13.6g 839316  29068 S 399.0   5.1  57:03.85 java
  43399 root      20   0   13.6g 839316  29068 S 401.0   5.1  57:07.86 java
  43399 root      20   0   13.6g 840600  29068 S 399.0   5.2  57:11.85 java
  43399 root      20   0   13.6g 840600  29068 S 401.0   5.2  57:15.86 java
  43399 root      20   0   13.6g 840600  29068 S 399.0   5.2  57:19.85 java
  43399 root      20   0   13.6g 840600  29068 S 401.0   5.2  57:23.86 java
  43399 root      20   0   13.6g 840600  29068 S 400.0   5.2  57:27.86 java
  43399 root      20   0   13.6g 840600  29068 S 400.0   5.2  57:31.86 java
  43399 root      20   0   13.6g 840600  29068 S 395.0   5.2  57:35.85 java
  43399 root      20   0   13.6g 840600  29068 S 401.0   5.2  57:39.86 java
  43399 root      20   0   13.6g 840600  29068 S 400.0   5.2  57:43.86 java
  43399 root      20   0   13.6g 840600  29068 S 400.0   5.2  57:47.86 java
  43399 root      20   0   13.6g 840848  29068 S 400.0   5.2  57:51.86 java
  43399 root      20   0   13.6g 840848  29068 S 400.0   5.2  57:55.86 java
  43399 root      20   0   13.6g 840848  29068 S 400.0   5.2  57:59.86 java
  43399 root      20   0   13.6g 840848  29068 S 399.0   5.2  58:03.85 java
  43399 root      20   0   13.6g 840848  29068 S 396.0   5.2  58:07.85 java
  43399 root      20   0   13.6g 840848  29068 S 401.0   5.2  58:11.86 java
  43399 root      20   0   13.6g 840848  29068 S 400.0   5.2  58:15.86 java
  43399 root      20   0   13.6g 840848  29068 S 399.0   5.2  58:19.85 java
  43399 root      20   0   13.6g 840848  29068 S 401.0   5.2  58:23.86 java
  43399 root      20   0   13.6g 841328  29068 S 399.0   5.2  58:27.85 java
  43399 root      20   0   13.6g 841328  29068 S 400.0   5.2  58:31.85 java
  43399 root      20   0   13.6g 841328  29068 S 401.0   5.2  58:35.86 java
  43399 root      20   0   13.6g 841328  29068 S 395.0   5.2  58:39.85 java
  43399 root      20   0   13.6g 841328  29068 S 400.0   5.2  58:43.85 java
  43399 root      20   0   13.6g 841328  29068 S 400.0   5.2  58:47.85 java
  43399 root      20   0   13.6g 841328  29068 S 400.0   5.2  58:51.85 java
  43399 root      20   0   13.6g 841328  29068 S 399.0   5.2  58:55.84 java
  43399 root      20   0   13.6g 841328  29068 S 400.0   5.2  58:59.84 java
  43399 root      20   0   13.6g 841404  29068 S 400.0   5.2  59:03.84 java
  43399 root      20   0   13.6g 841404  29068 S 401.0   5.2  59:07.85 java
  43399 root      20   0   13.6g 841404  29068 S 399.0   5.2  59:11.