  43399 root      20   0   13.6g 750016  29068 S 106.7   4.6  47:39.73 java
  43399 root      20   0   13.6g 750016  29068 S 399.0   4.6  47:43.76 java
  43399 root      20   0   13.6g 750016  29068 S 400.0   4.6  47:47.76 java
  43399 root      20   0   13.6g 750016  29068 S 400.0   4.6  47:51.76 java
  43399 root      20   0   13.6g 750016  29068 S 400.0   4.6  47:55.76 java
  43399 root      20   0   13.6g 750016  29068 S 400.0   4.6  47:59.76 java
  43399 root      20   0   13.6g 750016  29068 S 400.0   4.6  48:03.76 java
  43399 root      20   0   13.6g 750016  29068 S 400.0   4.6  48:07.76 java
  43399 root      20   0   13.6g 750016  29068 S 396.0   4.6  48:11.76 java
  43399 root      20   0   13.6g 750172  29068 S 401.0   4.6  48:15.77 java
  43399 root      20   0   13.6g 750172  29068 S 401.0   4.6  48:19.78 java
  43399 root      20   0   13.6g 750172  29068 S 401.0   4.6  48:23.79 java
  43399 root      20   0   13.6g 750172  29068 S 401.0   4.6  48:27.80 java
  43399 root      20   0   13.6g 750172  29068 S 401.0   4.6  48:31.81 java
  43399 root      20   0   13.6g 750212  29068 S 401.0   4.6  48:35.82 java
  43399 root      20   0   13.6g 750212  29068 S 401.0   4.6  48:39.83 java
  43399 root      20   0   13.6g 750212  29068 S 398.0   4.6  48:43.81 java
  43399 root      20   0   13.6g 750212  29068 S 404.0   4.6  48:47.85 java
  43399 root      20   0   13.6g 750212  29068 S 397.0   4.6  48:51.86 java
  43399 root      20   0   13.6g 750212  29068 S 400.0   4.6  48:55.86 java
  43399 root      20   0   13.6g 750212  29068 S 398.0   4.6  48:59.84 java
  43399 root      20   0   13.6g 750212  29068 S 402.0   4.6  49:03.86 java
  43399 root      20   0   13.6g 750212  29068 S 402.0   4.6  49:07.88 java
  43399 root      20   0   13.6g 750212  29068 S 402.0   4.6  49:11.90 java
  43399 root      20   0   13.6g 750212  29068 S 399.0   4.6  49:15.89 java
  43399 root      20   0   13.6g 750212  29068 S 403.0   4.6  49:19.92 java
  43399 root      20   0   13.6g 750212  29068 S 397.0   4.6  49:23.89 java
  43399 root      20   0   13.6g 750212  29068 S 404.0   4.6  49:27.93 java
  43399 root      20   0   13.6g 750580  29068 S 397.0   4.6  49:31.94 java
  43399 root      20   0   13.6g 750708  29068 S 398.0   4.6  49:35.92 java
  43399 root      20   0   13.6g 750708  29068 S 404.0   4.6  49:39.96 java
  43399 root      20   0   13.6g 750840  29068 S 401.0   4.6  49:43.97 java
  43399 root      20   0   13.6g 750840  29068 S 400.0   4.6  49:47.97 java
  43399 root      20   0   13.6g 750840  29068 S 401.0   4.6  49:51.98 java
  43399 root      20   0   13.6g 751120  29068 S 394.0   4.6  49:55.92 java
  43399 root      20   0   13.6g 751120  29068 S 407.0   4.6  49:59.99 java
  43399 root      20   0   13.6g 751120  29068 S 402.0   4.6  50:04.01 java
  43399 root      20   0   13.6g 751120  29068 S 401.0   4.6  50:08.02 java
  43399 root      20   0   13.6g 751120  29068 S 398.0   4.6  50:12.04 java
  43399 root      20   0   13.6g 751120  29068 S 398.0   4.6  50:16.02 java
  43399 root      20   0   13.6g 751120  29068 S 400.0   4.6  50:20.02 java
  43399 root      20   0   13.6g 751120  29068 S 398.0   4.6  50:24.00 java
  43399 root      20   0   13.6g 751120  29068 S 407.0   4.6  50:28.07 java
  43399 root      20   0   13.6g 751120  29068 S 393.0   4.6  50:32.00 java
  43399 root      20   0   13.6g 751120  29068 S 407.0   4.6  50:36.07 java
  43399 root      20   0   13.6g 751120  29068 S 398.0   4.6  50:40.05 java
  43399 root      20   0   13.6g 751120  29068 S 406.0   4.6  50:44.11 java
  43399 root      20   0   13.6g 751120  29068 S 400.0   4.6  50:48.11 java
  43399 root      20   0   13.6g 751120  29068 S 397.0   4.6  50:52.12 java
  43399 root      20   0   13.6g 751120  29068 S 400.0   4.6  50:56.12 java
  43399 root      20   0   13.6g 751120  29068 S 398.0   4.6  51:00.10 java
  43399 root      20   0   13.6g 751560  29068 S 403.0   4.6  51:04.13 java
  43399 root      20   0   13.6g 751560  29068 S 397.0   4.6  51:08.10 java
  43399 root      20   0   13.6g 751560  29068 S 404.0   4.6  51:12.