  43399 root      20   0   13.6g 719720  29068 S   0.0   4.4  35:39.30 java
  43399 root      20   0   13.6g 719720  29068 S 389.0   4.4  35:43.19 java
  43399 root      20   0   13.6g 719720  29068 S 400.0   4.4  35:47.19 java
  43399 root      20   0   13.6g 719888  29068 S 401.0   4.4  35:51.20 java
  43399 root      20   0   13.6g 719888  29068 S 404.0   4.4  35:55.24 java
  43399 root      20   0   13.6g 720064  29068 S 399.0   4.4  35:59.23 java
  43399 root      20   0   13.6g 720064  29068 S 404.0   4.4  36:03.27 java
  43399 root      20   0   13.6g 720304  29068 S 394.0   4.4  36:07.21 java
  43399 root      20   0   13.6g 720304  29068 S 401.0   4.4  36:11.26 java
  43399 root      20   0   13.6g 720304  29068 S 401.0   4.4  36:15.27 java
  43399 root      20   0   13.6g 721952  29068 S 402.0   4.4  36:19.29 java
  43399 root      20   0   13.6g 721952  29068 S 400.0   4.4  36:23.29 java
  43399 root      20   0   13.6g 721952  29068 S 399.0   4.4  36:27.28 java
  43399 root      20   0   13.6g 721952  29068 S 404.0   4.4  36:31.32 java
  43399 root      20   0   13.6g 721952  29068 S 397.0   4.4  36:35.29 java
  43399 root      20   0   13.6g 721952  29068 S 403.0   4.4  36:39.32 java
  43399 root      20   0   13.6g 721952  29068 S 399.0   4.4  36:43.31 java
  43399 root      20   0   13.6g 721952  29068 S 403.0   4.4  36:47.34 java
  43399 root      20   0   13.6g 721952  29068 S 398.0   4.4  36:51.36 java
  43399 root      20   0   13.6g 722080  29068 S 401.0   4.4  36:55.37 java
  43399 root      20   0   13.6g 722080  29068 S 400.0   4.4  36:59.37 java
  43399 root      20   0   13.6g 722080  29068 S 398.0   4.4  37:03.35 java
  43399 root      20   0   13.6g 722080  29068 S 398.0   4.4  37:07.33 java
  43399 root      20   0   13.6g 722080  29068 S 404.0   4.4  37:11.37 java
  43399 root      20   0   13.6g 722080  29068 S 401.0   4.4  37:15.38 java
  43399 root      20   0   13.6g 722080  29068 S 395.0   4.4  37:19.33 java
  43399 root      20   0   13.6g 722080  29068 S 405.0   4.4  37:23.38 java
  43399 root      20   0   13.6g 722080  29068 S 400.0   4.4  37:27.38 java
  43399 root      20   0   13.6g 722080  29068 S 395.0   4.4  37:31.37 java
  43399 root      20   0   13.6g 722080  29068 S 401.0   4.4  37:35.38 java
  43399 root      20   0   13.6g 722080  29068 S 399.0   4.4  37:39.37 java
  43399 root      20   0   13.6g 722724  29068 S 401.0   4.4  37:43.38 java
  43399 root      20   0   13.6g 722724  29068 S 400.0   4.4  37:47.38 java
  43399 root      20   0   13.6g 722724  29068 S 399.0   4.4  37:51.37 java
  43399 root      20   0   13.6g 722724  29068 S 401.0   4.4  37:55.38 java
  43399 root      20   0   13.6g 722724  29068 S 400.0   4.4  37:59.38 java
  43399 root      20   0   13.6g 722724  29068 S 400.0   4.4  38:03.38 java
  43399 root      20   0   13.6g 722724  29068 S 400.0   4.4  38:07.38 java
  43399 root      20   0   13.6g 722724  29068 S 396.0   4.4  38:11.38 java
  43399 root      20   0   13.6g 722724  29068 S 400.0   4.4  38:15.38 java
  43399 root      20   0   13.6g 722724  29068 S 400.0   4.4  38:19.38 java
  43399 root      20   0   13.6g 722724  29068 S 400.0   4.4  38:23.38 java
  43399 root      20   0   13.6g 722724  29068 S 400.0   4.4  38:27.38 java
  43399 root      20   0   13.6g 722724  29068 S 400.0   4.4  38:31.38 java
  43399 root      20   0   13.6g 722724  29068 S 400.0   4.4  38:35.38 java
  43399 root      20   0   13.6g 722724  29068 S 400.0   4.4  38:39.38 java
  43399 root      20   0   13.6g 722852  29068 S 396.0   4.4  38:43.38 java
  43399 root      20   0   13.6g 722852  29068 S 399.0   4.4  38:47.37 java
  43399 root      20   0   13.6g 722852  29068 S 401.0   4.4  38:51.38 java
  43399 root      20   0   13.6g 722852  29068 S 400.0   4.4  38:55.38 java
  43399 root      20   0   13.6g 722852  29068 S 400.0   4.4  38:59.38 java
  43399 root      20   0   13.6g 722852  29068 S 400.0   4.4  39:03.38 java
  43399 root      20   0   13.6g 722852  29068 S 400.0   4.4  39:07.38 java
  43399 root      20   0   13.6g 723368  29068 S 396.0   4.4  39:11.