  43399 root      20   0   13.6g 751952  29068 S   0.0   4.6  51:39.38 java
  43399 root      20   0   13.6g 751980  29068 S 370.0   4.6  51:43.08 java
  43399 root      20   0   13.6g 752180  29068 S 401.0   4.6  51:47.09 java
  43399 root      20   0   13.6g 752180  29068 S 396.0   4.6  51:51.09 java
  43399 root      20   0   13.6g 752180  29068 S 399.0   4.6  51:55.08 java
  43399 root      20   0   13.6g 752180  29068 S 403.0   4.6  51:59.11 java
  43399 root      20   0   13.6g 752176  29068 S 400.0   4.6  52:03.11 java
  43399 root      20   0   13.6g 752176  29068 S 402.0   4.6  52:07.13 java
  43399 root      20   0   13.6g 752176  29068 S 400.0   4.6  52:11.13 java
  43399 root      20   0   13.6g 752340  29068 S 401.0   4.6  52:15.14 java
  43399 root      20   0   13.6g 752576  29068 S 399.0   4.6  52:19.13 java
  43399 root      20   0   13.6g 752576  29068 S 401.0   4.6  52:23.14 java
  43399 root      20   0   13.6g 752576  29068 S 400.0   4.6  52:27.14 java
  43399 root      20   0   13.6g 752576  29068 S 399.0   4.6  52:31.17 java
  43399 root      20   0   13.6g 752576  29068 S 400.0   4.6  52:35.17 java
  43399 root      20   0   13.6g 752576  29068 S 400.0   4.6  52:39.17 java
  43399 root      20   0   13.6g 752696  29068 S 399.0   4.6  52:43.16 java
  43399 root      20   0   13.6g 752696  29068 S 401.0   4.6  52:47.17 java
  43399 root      20   0   13.6g 752844  29068 S 404.0   4.6  52:51.21 java
  43399 root      20   0   13.6g 752844  29068 S 403.0   4.6  52:55.24 java
  43399 root      20   0   13.6g 752844  29068 S 400.0   4.6  52:59.24 java
  43399 root      20   0   13.6g 752844  29068 S 401.0   4.6  53:03.25 java
  43399 root      20   0   13.6g 752844  29068 S 396.0   4.6  53:07.21 java
  43399 root      20   0   13.6g 752844  29068 S 401.0   4.6  53:11.26 java
  43399 root      20   0   13.6g 752844  29068 S 401.0   4.6  53:15.27 java
  43399 root      20   0   13.6g 838188  29068 S 401.0   5.1  53:19.28 java
  43399 root      20   0   13.6g 838452  29068 S 398.0   5.1  53:23.26 java
  43399 root      20   0   13.6g 838452  29068 S 403.0   5.1  53:27.29 java
  43399 root      20   0   13.6g 838452  29068 S 400.0   5.1  53:31.29 java
  43399 root      20   0   13.6g 838452  29068 S 401.0   5.1  53:35.30 java
  43399 root      20   0   13.6g 838452  29068 S 401.0   5.1  53:39.31 java
  43399 root      20   0   13.6g 838452  29068 S 402.0   5.1  53:43.33 java
  43399 root      20   0   13.6g 838452  29068 S 399.0   5.1  53:47.32 java
  43399 root      20   0   13.6g 838452  29068 S 396.0   5.1  53:51.32 java
  43399 root      20   0   13.6g 838452  29068 S 399.0   5.1  53:55.31 java
  43399 root      20   0   13.6g 838452  29068 S 405.0   5.1  53:59.36 java
  43399 root      20   0   13.6g 838452  29068 S 398.0   5.1  54:03.34 java
  43399 root      20   0   13.6g 838528  29068 S 405.0   5.1  54:07.39 java
  43399 root      20   0   13.6g 838528  29068 S 402.0   5.1  54:11.41 java
  43399 root      20   0   13.6g 838528  29068 S 399.0   5.1  54:15.40 java
  43399 root      20   0   13.6g 838528  29068 S 397.0   5.1  54:19.37 java
  43399 root      20   0   13.6g 838528  29068 S 402.0   5.1  54:23.39 java
  43399 root      20   0   13.6g 838528  29068 S 403.0   5.1  54:27.42 java
  43399 root      20   0   13.6g 838528  29068 S 396.0   5.1  54:31.42 java
  43399 root      20   0   13.6g 838528  29068 S 403.0   5.1  54:35.45 java
  43399 root      20   0   13.6g 838528  29068 S 398.0   5.1  54:39.43 java
  43399 root      20   0   13.6g 838528  29068 S 399.0   5.1  54:43.42 java
  43399 root      20   0   13.6g 838528  29068 S 399.0   5.1  54:47.41 java
  43399 root      20   0   13.6g 838528  29068 S 405.0   5.1  54:51.46 java
  43399 root      20   0   13.6g 838528  29068 S 400.0   5.1  54:55.46 java
  43399 root      20   0   13.6g 838600  29068 S 399.0   5.1  54:59.45 java
  43399 root      20   0   13.6g 838600  29068 S 401.0   5.1  55:03.46 java
  43399 root      20   0   13.6g 838600  29068 S 397.0   5.1  55:07.43 java
  43399 root      20   0   13.6g 838600  29068 S 398.0   5.1  55:11.