  42846 root      20   0 9226748 528496  29068 S   0.0   3.2  43:27.31 java
  42846 root      20   0 9226748 528496  29068 S 376.0   3.2  43:31.07 java
  42846 root      20   0 9226748 528496  29068 S 396.0   3.2  43:35.03 java
  42846 root      20   0 9226748 528496  29068 S 396.0   3.2  43:38.99 java
  42846 root      20   0 9226748 528720  29068 S 396.0   3.2  43:42.95 java
  42846 root      20   0 9226748 528720  29068 S 386.0   3.2  43:46.81 java
  42846 root      20   0 9226748 528720  29068 S 391.1   3.2  43:50.76 java
  42846 root      20   0 9226748 528720  29068 S 398.0   3.2  43:54.74 java
  42846 root      20   0 9226748 528720  29068 S 393.0   3.2  43:58.67 java
  42846 root      20   0 9226748 528720  29068 S 390.0   3.2  44:02.57 java
  42846 root      20   0 9226748 528720  29068 S 398.0   3.2  44:06.55 java
  42846 root      20   0 9226748 528720  29068 S 394.0   3.2  44:10.49 java
  42846 root      20   0 9226748 528932  29068 S 390.0   3.2  44:14.39 java
  42846 root      20   0 9226748 528932  29068 S 395.0   3.2  44:18.34 java
  42846 root      20   0 9226748 528932  29068 S 394.0   3.2  44:22.28 java
  42846 root      20   0 9226748 528932  29068 S 396.0   3.2  44:26.24 java
  42846 root      20   0 9226748 529144  29068 S 386.1   3.2  44:30.14 java
  42846 root      20   0 9226748 529144  29068 S 393.0   3.2  44:34.07 java
  42846 root      20   0 9226748 529144  29068 S 399.0   3.2  44:38.06 java
  42846 root      20   0 9226748 529144  29068 S 393.0   3.2  44:41.99 java
  42846 root      20   0 9226748 529144  29068 S 395.0   3.2  44:45.94 java
  42846 root      20   0 9226748 529144  29068 S 384.0   3.2  44:49.78 java
  42846 root      20   0 9226748 529144  29068 S 390.0   3.2  44:53.68 java
  42846 root      20   0 9226748 529144  29068 S 395.0   3.2  44:57.63 java
  42846 root      20   0 9226748 529144  29068 S 388.0   3.2  45:01.51 java
  42846 root      20   0 9226748 529144  29068 S 395.0   3.2  45:05.46 java
  42846 root      20   0 9226748 529144  29068 S 388.1   3.2  45:09.38 java
  42846 root      20   0 9226748 529144  29068 S 397.0   3.2  45:13.35 java
  42846 root      20   0 9226748 529144  29068 S 397.0   3.2  45:17.32 java
  42846 root      20   0 9226748 529144  29068 S 390.0   3.2  45:21.22 java
  42846 root      20   0 9226748 529144  29068 S 395.0   3.2  45:25.17 java
  42846 root      20   0 9226748 529144  29068 S 395.0   3.2  45:29.12 java
  42846 root      20   0 9226748 529144  29068 S 395.0   3.2  45:33.07 java
  42846 root      20   0 9226748 529144  29068 S 395.0   3.2  45:37.02 java
  42846 root      20   0 9226748 529144  29068 S 391.0   3.2  45:40.93 java
  42846 root      20   0 9226748 529144  29068 S 394.0   3.2  45:44.87 java
  42846 root      20   0 9226748 529144  29068 S 392.1   3.2  45:48.83 java
  42846 root      20   0 9226748 529144  29068 S 387.0   3.2  45:52.70 java
  42846 root      20   0 9226748 529144  29068 S 400.0   3.2  45:56.70 java
  42846 root      20   0 9226748 529144  29068 S 398.0   3.2  46:00.68 java
  42846 root      20   0 9226748 529144  29068 S 390.0   3.2  46:04.58 java
  42846 root      20   0 9226748 529144  29068 S 393.0   3.2  46:08.51 java
  42846 root      20   0 9226748 529596  29068 S 388.0   3.2  46:12.39 java
  42846 root      20   0 9226748 529596  29068 S 392.0   3.2  46:16.31 java
  42846 root      20   0 9226748 529596  29068 S 395.0   3.2  46:20.26 java
  42846 root      20   0 9226748 529596  29068 S 393.0   3.2  46:24.19 java
  42846 root      20   0 9226748 529856  29068 S 388.1   3.2  46:28.11 java
  42846 root      20   0 9226748 529856  29068 S 396.0   3.2  46:32.07 java
  42846 root      20   0 9226748 592528  29068 S 398.0   3.6  46:36.05 java
  42846 root      20   0 9226748 592528  29068 S 393.0   3.6  46:39.98 java
  42846 root      20   0 9226748 592528  29068 S 391.0   3.6  46:43.89 java
  42846 root      20   0 9226748 592528  29068 S 387.0   3.6  46:47.76 java
  42846 root      20   0 9226748 592528  29068 S 393.0   3.6  46:51.69 java
  42846 root      20   0 9226748 592528  29068 S 392.0   3.6  46:55.