  42846 root      20   0 9226748 472444  29068 S   0.0   2.9  35:44.60 java
  42846 root      20   0 9226748 472444  29068 S 384.0   2.9  35:48.44 java
  42846 root      20   0 9226748 472676  29068 S 388.0   2.9  35:52.32 java
  42846 root      20   0 9226748 473600  29068 S 375.0   2.9  35:56.07 java
  42846 root      20   0 9226748 473600  29068 S 391.0   2.9  35:59.98 java
  42846 root      20   0 9226748 473600  29068 S 390.0   2.9  36:03.88 java
  42846 root      20   0 9226748 473600  29068 S 386.1   2.9  36:07.78 java
  42846 root      20   0 9226748 473600  29068 S 386.0   2.9  36:11.64 java
  42846 root      20   0 9226748 473764  29068 S 395.0   2.9  36:15.59 java
  42846 root      20   0 9226748 473764  29068 S 390.0   2.9  36:19.49 java
  42846 root      20   0 9226748 473764  29068 S 385.0   2.9  36:23.34 java
  42846 root      20   0 9226748 473764  29068 S 386.0   2.9  36:27.20 java
  42846 root      20   0 9226748 473764  29068 S 390.0   2.9  36:31.10 java
  42846 root      20   0 9226748 473764  29068 S 390.0   2.9  36:35.00 java
  42846 root      20   0 9226748 473764  29068 S 385.0   2.9  36:38.85 java
  42846 root      20   0 9226748 473764  29068 S 393.0   2.9  36:42.78 java
  42846 root      20   0 9226748 473764  29068 S 386.1   2.9  36:46.68 java
  42846 root      20   0 9226748 474000  29068 S 390.0   2.9  36:50.58 java
  42846 root      20   0 9226748 474000  29068 S 387.0   2.9  36:54.45 java
  42846 root      20   0 9226748 474240  29068 S 388.0   2.9  36:58.33 java
  42846 root      20   0 9226748 474240  29068 S 390.0   2.9  37:02.23 java
  42846 root      20   0 9226748 474240  29068 S 383.0   2.9  37:06.06 java
  42846 root      20   0 9226748 474240  29068 S 385.0   2.9  37:09.91 java
  42846 root      20   0 9226748 474240  29068 S 389.0   2.9  37:13.80 java
  42846 root      20   0 9226748 474240  29068 S 393.0   2.9  37:17.73 java
  42846 root      20   0 9226748 474484  29068 S 387.0   2.9  37:21.60 java
  42846 root      20   0 9226748 474484  29068 S 382.2   2.9  37:25.46 java
  42846 root      20   0 9226748 474484  29068 S 384.0   2.9  37:29.30 java
  42846 root      20   0 9226748 474484  29068 S 388.0   2.9  37:33.18 java
  42846 root      20   0 9226748 474484  29068 S 387.0   2.9  37:37.05 java
  42846 root      20   0 9226748 474484  29068 S 391.0   2.9  37:40.96 java
  42846 root      20   0 9226748 474484  29068 S 384.0   2.9  37:44.80 java
  42846 root      20   0 9226748 474484  29068 S 389.0   2.9  37:48.69 java
  42846 root      20   0 9226748 474484  29068 S 388.0   2.9  37:52.57 java
  42846 root      20   0 9226748 474484  29068 S 387.0   2.9  37:56.44 java
  42846 root      20   0 9226748 474484  29068 S 390.0   2.9  38:00.34 java
  42846 root      20   0 9226748 474484  29068 S 378.2   2.9  38:04.16 java
  42846 root      20   0 9226748 474484  29068 S 392.0   2.9  38:08.08 java
  42846 root      20   0 9226748 474484  29068 S 388.0   2.9  38:11.96 java
  42846 root      20   0 9226748 474484  29068 S 390.0   2.9  38:15.86 java
  42846 root      20   0 9226748 474484  29068 S 384.0   2.9  38:19.70 java
  42846 root      20   0 9226748 474484  29068 S 380.0   2.9  38:23.50 java
  42846 root      20   0 9226748 474484  29068 S 390.0   2.9  38:27.40 java
  42846 root      20   0 9226748 474484  29068 S 387.0   2.9  38:31.27 java
  42846 root      20   0 9226748 526892  29068 S 387.0   3.2  38:35.14 java
  42846 root      20   0 9226748 526892  29068 S 390.0   3.2  38:39.04 java
  42846 root      20   0 9226748 526892  29068 S 383.2   3.2  38:42.91 java
  42846 root      20   0 9226748 526892  29068 S 381.0   3.2  38:46.72 java
  42846 root      20   0 9226748 526892  29068 S 386.0   3.2  38:50.58 java
  42846 root      20   0 9226748 526892  29068 S 387.0   3.2  38:54.45 java
  42846 root      20   0 9226748 527116  29068 S 386.0   3.2  38:58.31 java
  42846 root      20   0 9226748 527116  29068 S 387.0   3.2  39:02.18 java
  42846 root      20   0 9226748 527116  29068 S 396.0   3.2  39:06.14 java
  42846 root      20   0 9226748 527116  29068 S 381.0   3.2  39:09.