  42846 root      20   0 9226748 462624  29068 S   0.0   2.8   5:32.61 java
  42846 root      20   0 9226748 462768  29068 S 221.0   2.8   5:34.82 java
  42846 root      20   0 9226748 462768  29068 S 227.0   2.8   5:37.09 java
  42846 root      20   0 9226748 462768  29068 S 231.0   2.8   5:39.40 java
  42846 root      20   0 9226748 462768  29068 S 228.0   2.8   5:41.68 java
  42846 root      20   0 9226748 462768  29068 S 223.0   2.8   5:43.91 java
  42846 root      20   0 9226748 462768  29068 S 224.8   2.8   5:46.18 java
  42846 root      20   0 9226748 463276  29068 S 229.0   2.8   5:48.47 java
  42846 root      20   0 9226748 463276  29068 S 231.0   2.8   5:50.78 java
  42846 root      20   0 9226748 463276  29068 S 227.0   2.8   5:53.05 java
  42846 root      20   0 9226748 463276  29068 S 222.0   2.8   5:55.27 java
  42846 root      20   0 9226748 463276  29068 S 229.0   2.8   5:57.56 java
  42846 root      20   0 9226748 463276  29068 S 227.0   2.8   5:59.83 java
  42846 root      20   0 9226748 463276  29068 S 227.0   2.8   6:02.10 java
  42846 root      20   0 9226748 463276  29068 S 228.0   2.8   6:04.38 java
  42846 root      20   0 9226748 463276  29068 S 226.0   2.8   6:06.64 java
  42846 root      20   0 9226748 463276  29068 S 225.7   2.8   6:08.92 java
  42846 root      20   0 9226748 463276  29068 S 230.0   2.8   6:11.22 java
  42846 root      20   0 9226748 463276  29068 S 228.0   2.8   6:13.50 java
  42846 root      20   0 9226748 463276  29068 S 226.0   2.8   6:15.76 java
  42846 root      20   0 9226748 463276  29068 S 229.0   2.8   6:18.05 java
  42846 root      20   0 9226748 463276  29068 S 229.0   2.8   6:20.34 java
  42846 root      20   0 9226748 463276  29068 S 227.0   2.8   6:22.61 java
  42846 root      20   0 9226748 463276  29068 S 226.0   2.8   6:24.87 java
  42846 root      20   0 9226748 463276  29068 S 227.0   2.8   6:27.14 java
  42846 root      20   0 9226748 463276  29068 S 229.0   2.8   6:29.43 java
  42846 root      20   0 9226748 463276  29068 S 223.8   2.8   6:31.69 java
  42846 root      20   0 9226748 463276  29068 S 224.0   2.8   6:33.93 java
  42846 root      20   0 9226748 463276  29068 S 225.0   2.8   6:36.18 java
  42846 root      20   0 9226748 463276  29068 S 226.0   2.8   6:38.44 java
  42846 root      20   0 9226748 463276  29068 S 225.0   2.8   6:40.69 java
  42846 root      20   0 9226748 463276  29068 S 226.0   2.8   6:42.95 java
  42846 root      20   0 9226748 463276  29068 S 223.0   2.8   6:45.18 java
  42846 root      20   0 9226748 463276  29068 S 226.0   2.8   6:47.44 java
  42846 root      20   0 9226748 463276  29068 S 225.0   2.8   6:49.69 java
  42846 root      20   0 9226748 463276  29068 S 228.0   2.8   6:51.97 java
  42846 root      20   0 9226748 463276  29068 S 223.8   2.8   6:54.23 java
  42846 root      20   0 9226748 463276  29068 S 230.0   2.8   6:56.53 java
  42846 root      20   0 9226748 463276  29068 S 229.0   2.8   6:58.82 java
  42846 root      20   0 9226748 463276  29068 S 224.0   2.8   7:01.06 java
  42846 root      20   0 9226748 463276  29068 S 228.0   2.8   7:03.34 java
  42846 root      20   0 9226748 463276  29068 S 228.0   2.8   7:05.62 java
  42846 root      20   0 9226748 463276  29068 S 225.0   2.8   7:07.87 java
  42846 root      20   0 9226748 463276  29068 S 228.0   2.8   7:10.15 java
  42846 root      20   0 9226748 463276  29068 S 230.0   2.8   7:12.45 java
  42846 root      20   0 9226748 463276  29068 S 226.0   2.8   7:14.71 java
  42846 root      20   0 9226748 463276  29068 S 223.8   2.8   7:16.97 java
  42846 root      20   0 9226748 463276  29068 S 227.0   2.8   7:19.24 java
  42846 root      20   0 9226748 463276  29068 S 229.0   2.8   7:21.53 java
  42846 root      20   0 9226748 463276  29068 S 226.0   2.8   7:23.79 java
  42846 root      20   0 9226748 463276  29068 S 227.0   2.8   7:26.06 java
  42846 root      20   0 9226748 463276  29068 S 225.0   2.8   7:28.31 java
  42846 root      20   0 9226748 463276  29068 S 227.0   2.8   7:30.58 java
  42846 root      20   0 9226748 463276  29068 S 225.0   2.8   7:32.