  43399 root      20   0   13.6g 732988  29068 S   0.0   4.5  43:39.49 java
  43399 root      20   0   13.6g 755200  29068 S 398.0   4.6  43:43.47 java
  43399 root      20   0   13.6g 755200  29068 S 395.0   4.6  43:47.42 java
  43399 root      20   0   13.6g 755200  29068 S 404.0   4.6  43:51.46 java
  43399 root      20   0   13.6g 755520  29068 S 401.0   4.6  43:55.47 java
  43399 root      20   0   13.6g 755616  29068 S 405.0   4.6  43:59.52 java
  43399 root      20   0   13.6g 748032  29068 S 401.0   4.6  44:03.53 java
  43399 root      20   0   13.6g 748032  29068 S 391.1   4.6  44:07.48 java
  43399 root      20   0   13.6g 748032  29068 S 403.0   4.6  44:11.51 java
  43399 root      20   0   13.6g 748320  29068 S 402.0   4.6  44:15.53 java
  43399 root      20   0   13.6g 748320  29068 S 399.0   4.6  44:19.52 java
  43399 root      20   0   13.6g 744380  29068 S 396.0   4.6  44:23.48 java
  43399 root      20   0   13.6g 745832  29068 S 405.0   4.6  44:27.53 java
  43399 root      20   0   13.6g 746964  29068 S 401.0   4.6  44:31.54 java
  43399 root      20   0   13.6g 747224  29068 S 401.0   4.6  44:35.55 java
  43399 root      20   0   13.6g 747224  29068 S 400.0   4.6  44:39.55 java
  43399 root      20   0   13.6g 747224  29068 S 401.0   4.6  44:43.56 java
  43399 root      20   0   13.6g 747408  29068 S 395.0   4.6  44:47.55 java
  43399 root      20   0   13.6g 747408  29068 S 401.0   4.6  44:51.56 java
  43399 root      20   0   13.6g 747408  29068 S 399.0   4.6  44:55.55 java
  43399 root      20   0   13.6g 748732  29068 S 401.0   4.6  44:59.56 java
  43399 root      20   0   13.6g 748732  29068 S 399.0   4.6  45:03.55 java
  43399 root      20   0   13.6g 748732  29068 S 400.0   4.6  45:07.55 java
  43399 root      20   0   13.6g 748732  29068 S 400.0   4.6  45:11.55 java
  43399 root      20   0   13.6g 748732  29068 S 400.0   4.6  45:15.55 java
  43399 root      20   0   13.6g 748732  29068 S 396.0   4.6  45:19.55 java
  43399 root      20   0   13.6g 748732  29068 S 400.0   4.6  45:23.55 java
  43399 root      20   0   13.6g 748732  29068 S 400.0   4.6  45:27.55 java
  43399 root      20   0   13.6g 749244  29068 S 400.0   4.6  45:31.55 java
  43399 root      20   0   13.6g 749244  29068 S 400.0   4.6  45:35.55 java
  43399 root      20   0   13.6g 749364  29068 S 399.0   4.6  45:39.54 java
  43399 root      20   0   13.6g 749364  29068 S 400.0   4.6  45:43.54 java
  43399 root      20   0   13.6g 749364  29068 S 401.0   4.6  45:47.55 java
  43399 root      20   0   13.6g 749364  29068 S 395.0   4.6  45:51.54 java
  43399 root      20   0   13.6g 749364  29068 S 401.0   4.6  45:55.55 java
  43399 root      20   0   13.6g 749608  29068 S 399.0   4.6  45:59.54 java
  43399 root      20   0   13.6g 749608  29068 S 400.0   4.6  46:03.54 java
  43399 root      20   0   13.6g 749608  29068 S 400.0   4.6  46:07.54 java
  43399 root      20   0   13.6g 749608  29068 S 400.0   4.6  46:11.54 java
  43399 root      20   0   13.6g 749608  29068 S 400.0   4.6  46:15.54 java
  43399 root      20   0   13.6g 749608  29068 S 400.0   4.6  46:19.54 java
  43399 root      20   0   13.6g 749608  29068 S 396.0   4.6  46:23.54 java
  43399 root      20   0   13.6g 749608  29068 S 400.0   4.6  46:27.54 java
  43399 root      20   0   13.6g 749608  29068 S 401.0   4.6  46:31.55 java
  43399 root      20   0   13.6g 749608  29068 S 400.0   4.6  46:35.55 java
  43399 root      20   0   13.6g 749608  29068 S 400.0   4.6  46:39.55 java
  43399 root      20   0   13.6g 749608  29068 S 400.0   4.6  46:43.55 java
  43399 root      20   0   13.6g 749608  29068 S 399.0   4.6  46:47.54 java
  43399 root      20   0   13.6g 749608  29068 S 400.0   4.6  46:51.54 java
  43399 root      20   0   13.6g 749608  29068 S 397.0   4.6  46:55.55 java
  43399 root      20   0   13.6g 749608  29068 S 399.0   4.6  46:59.54 java
  43399 root      20   0   13.6g 749608  29068 S 400.0   4.6  47:03.54 java
  43399 root      20   0   13.6g 749608  29068 S 400.0   4.6  47:07.54 java
  43399 root      20   0   13.6g 749608  29068 S 400.0   4.6  47:11.