  43399 root      20   0   13.6g 611476  29068 S   0.0   3.7   6:18.86 java
  43399 root      20   0   13.6g 611864  29068 S 190.0   3.8   6:20.76 java
  43399 root      20   0   13.6g 611864  29068 S 272.0   3.8   6:23.48 java
  43399 root      20   0   13.6g 611864  29068 S 278.0   3.8   6:26.26 java
  43399 root      20   0   13.6g 611864  29068 S 277.0   3.8   6:29.03 java
  43399 root      20   0   13.6g 611864  29068 S 279.0   3.8   6:31.82 java
  43399 root      20   0   13.6g 611864  29068 S 279.0   3.8   6:34.61 java
  43399 root      20   0   13.6g 611864  29068 S 278.0   3.8   6:37.39 java
  43399 root      20   0   13.6g 611864  29068 S 278.0   3.8   6:40.17 java
  43399 root      20   0   13.6g 611864  29068 S 280.0   3.8   6:42.97 java
  43399 root      20   0   13.6g 612176  29068 S 275.2   3.8   6:45.75 java
  43399 root      20   0   13.6g 612176  29068 S 281.0   3.8   6:48.56 java
  43399 root      20   0   13.6g 612176  29068 S 281.0   3.8   6:51.37 java
  43399 root      20   0   13.6g 612176  29068 S 281.0   3.8   6:54.18 java
  43399 root      20   0   13.6g 612692  29068 S 279.0   3.8   6:56.97 java
  43399 root      20   0   13.6g 612836  29068 S 277.0   3.8   6:59.74 java
  43399 root      20   0   13.6g 612836  29068 S 279.0   3.8   7:02.53 java
  43399 root      20   0   13.6g 612836  29068 S 280.0   3.8   7:05.33 java
  43399 root      20   0   13.6g 612836  29068 S 281.0   3.8   7:08.14 java
  43399 root      20   0   13.6g 612992  29068 S 275.0   3.8   7:10.89 java
  43399 root      20   0   13.6g 612992  29068 S 278.2   3.8   7:13.70 java
  43399 root      20   0   13.6g 612992  29068 S 275.0   3.8   7:16.45 java
  43399 root      20   0   13.6g 612992  29068 S 278.0   3.8   7:19.23 java
  43399 root      20   0   13.6g 612992  29068 S 281.0   3.8   7:22.04 java
  43399 root      20   0   13.6g 612992  29068 S 281.0   3.8   7:24.85 java
  43399 root      20   0   13.6g 612992  29068 S 284.0   3.8   7:27.69 java
  43399 root      20   0   13.6g 613084  29068 S 281.0   3.8   7:30.50 java
  43399 root      20   0   13.6g 613084  29068 S 280.0   3.8   7:33.30 java
  43399 root      20   0   13.6g 613084  29068 S 280.0   3.8   7:36.10 java
  43399 root      20   0   13.6g 613084  29068 S 278.0   3.8   7:38.88 java
  43399 root      20   0   13.6g 613084  29068 S 278.2   3.8   7:41.69 java
  43399 root      20   0   13.6g 613892  29068 S 279.0   3.8   7:44.48 java
  43399 root      20   0   13.6g 613892  29068 S 280.0   3.8   7:47.28 java
  43399 root      20   0   13.6g 613892  29068 S 282.0   3.8   7:50.10 java
  43399 root      20   0   13.6g 613892  29068 S 279.0   3.8   7:52.89 java
  43399 root      20   0   13.6g 615156  29068 S 277.0   3.8   7:55.66 java
  43399 root      20   0   13.6g 615340  29068 S 280.0   3.8   7:58.46 java
  43399 root      20   0   13.6g 615340  29068 S 279.0   3.8   8:01.25 java
  43399 root      20   0   13.6g 615588  29068 S 275.0   3.8   8:04.00 java
  43399 root      20   0   13.6g 615588  29068 S 280.0   3.8   8:06.80 java
  43399 root      20   0   13.6g 615812  29068 S 276.2   3.8   8:09.59 java
  43399 root      20   0   13.6g 615812  29068 S 279.0   3.8   8:12.38 java
  43399 root      20   0   13.6g 615812  29068 S 279.0   3.8   8:15.17 java
  43399 root      20   0   13.6g 615812  29068 S 280.0   3.8   8:17.97 java
  43399 root      20   0   13.6g 615812  29068 S 280.0   3.8   8:20.77 java
  43399 root      20   0   13.6g 615812  29068 S 281.0   3.8   8:23.58 java
  43399 root      20   0   13.6g 615916  29068 S 278.0   3.8   8:26.36 java
  43399 root      20   0   13.6g 615916  29068 S 280.0   3.8   8:29.16 java
  43399 root      20   0   13.6g 616052  29068 S 280.0   3.8   8:31.96 java
  43399 root      20   0   13.6g 616052  29068 S 280.0   3.8   8:34.76 java
  43399 root      20   0   13.6g 616052  29068 S 278.2   3.8   8:37.57 java
  43399 root      20   0   13.6g 616052  29068 S 280.0   3.8   8:40.37 java
  43399 root      20   0   13.6g 616052  29068 S 282.0   3.8   8:43.19 java
  43399 root      20   0   13.6g 616052  29068 S 283.0   3.8   8:46.