  43399 root      20   0   13.6g 645612  29068 S   0.0   4.0  27:39.40 java
  43399 root      20   0   13.6g 645612  29068 S 377.2   4.0  27:43.21 java
  43399 root      20   0   13.6g 645612  29068 S 400.0   4.0  27:47.21 java
  43399 root      20   0   13.6g 645612  29068 S 400.0   4.0  27:51.21 java
  43399 root      20   0   13.6g 645612  29068 S 399.0   4.0  27:55.20 java
  43399 root      20   0   13.6g 645612  29068 S 401.0   4.0  27:59.21 java
  43399 root      20   0   13.6g 645612  29068 S 400.0   4.0  28:03.21 java
  43399 root      20   0   13.6g 645612  29068 S 400.0   4.0  28:07.21 java
  43399 root      20   0   13.6g 645612  29068 S 399.0   4.0  28:11.20 java
  43399 root      20   0   13.6g 645768  29068 S 397.0   4.0  28:15.21 java
  43399 root      20   0   13.6g 645768  29068 S 401.0   4.0  28:19.22 java
  43399 root      20   0   13.6g 645964  29068 S 402.0   4.0  28:23.24 java
  43399 root      20   0   13.6g 645964  29068 S 400.0   4.0  28:27.24 java
  43399 root      20   0   13.6g 645964  29068 S 400.0   4.0  28:31.24 java
  43399 root      20   0   13.6g 646144  29068 S 402.0   4.0  28:35.26 java
  43399 root      20   0   13.6g 646144  29068 S 401.0   4.0  28:39.27 java
  43399 root      20   0   13.6g 646144  29068 S 402.0   4.0  28:43.29 java
  43399 root      20   0   13.6g 646144  29068 S 398.0   4.0  28:47.27 java
  43399 root      20   0   13.6g 646144  29068 S 403.0   4.0  28:51.30 java
  43399 root      20   0   13.6g 646144  29068 S 395.0   4.0  28:55.29 java
  43399 root      20   0   13.6g 646528  29068 S 401.0   4.0  28:59.30 java
  43399 root      20   0   13.6g 647228  29068 S 401.0   4.0  29:03.31 java
  43399 root      20   0   13.6g 647228  29068 S 400.0   4.0  29:07.31 java
  43399 root      20   0   13.6g 647228  29068 S 404.0   4.0  29:11.35 java
  43399 root      20   0   13.6g 647228  29068 S 397.0   4.0  29:15.32 java
  43399 root      20   0   13.6g 647228  29068 S 404.0   4.0  29:19.36 java
  43399 root      20   0   13.6g 647228  29068 S 399.0   4.0  29:23.35 java
  43399 root      20   0   13.6g 647228  29068 S 402.0   4.0  29:27.37 java
  43399 root      20   0   13.6g 647228  29068 S 398.0   4.0  29:31.35 java
  43399 root      20   0   13.6g 647228  29068 S 395.0   4.0  29:35.34 java
  43399 root      20   0   13.6g 647228  29068 S 404.0   4.0  29:39.38 java
  43399 root      20   0   13.6g 647228  29068 S 403.0   4.0  29:43.41 java
  43399 root      20   0   13.6g 647228  29068 S 402.0   4.0  29:47.43 java
  43399 root      20   0   13.6g 647228  29068 S 401.0   4.0  29:51.44 java
  43399 root      20   0   13.6g 647228  29068 S 401.0   4.0  29:55.45 java
  43399 root      20   0   13.6g 647228  29068 S 400.0   4.0  29:59.45 java
  43399 root      20   0   13.6g 647228  29068 S 399.0   4.0  30:03.44 java
  43399 root      20   0   13.6g 647228  29068 S 405.0   4.0  30:07.49 java
  43399 root      20   0   13.6g 647228  29068 S 398.0   4.0  30:11.47 java
  43399 root      20   0   13.6g 647228  29068 S 392.1   4.0  30:15.43 java
  43399 root      20   0   13.6g 647228  29068 S 406.0   4.0  30:19.49 java
  43399 root      20   0   13.6g 647228  29068 S 399.0   4.0  30:23.48 java
  43399 root      20   0   13.6g 648532  29068 S 403.0   4.0  30:27.51 java
  43399 root      20   0   13.6g 648532  29068 S 397.0   4.0  30:31.48 java
  43399 root      20   0   13.6g 648532  29068 S 400.0   4.0  30:35.48 java
  43399 root      20   0   13.6g 648532  29068 S 405.0   4.0  30:39.53 java
  43399 root      20   0   13.6g 648532  29068 S 400.0   4.0  30:43.53 java
  43399 root      20   0   13.6g 649576  29068 S 399.0   4.0  30:47.52 java
  43399 root      20   0   13.6g 649576  29068 S 401.0   4.0  30:51.53 java
  43399 root      20   0   13.6g 649576  29068 S 395.0   4.0  30:55.52 java
  43399 root      20   0   13.6g 649576  29068 S 403.0   4.0  30:59.55 java
  43399 root      20   0   13.6g 649576  29068 S 401.0   4.0  31:03.56 java
  43399 root      20   0   13.6g 649576  29068 S 400.0   4.0  31:07.56 java
  43399 root      20   0   13.6g 649576  29068 S 399.0   4.0  31:11.