Running 1m test @ http://erik-pc.local:8080/fruits
  4 threads and 100 connections
  Thread calibration: mean lat.: 1.463ms, rate sampling interval: 10ms
  Thread calibration: mean lat.: 1.444ms, rate sampling interval: 10ms
  Thread calibration: mean lat.: 1.429ms, rate sampling interval: 10ms
  Thread calibration: mean lat.: 1.431ms, rate sampling interval: 10ms
  Thread Stats   Avg      Stdev     Max   +/- Stdev
    Latency     1.44ms  455.78us   7.20ms   72.61%
    Req/Sec     1.32k   192.88     2.67k    79.14%
  Latency Distribution (HdrHistogram - Recorded Latency)
 50.000%    1.36ms
 75.000%    1.69ms
 90.000%    2.02ms
 99.000%    2.66ms
 99.900%    5.24ms
 99.990%    6.24ms
 99.999%    6.93ms
100.000%    7.20ms

  Detailed Percentile spectrum:
       Value   Percentile   TotalCount 1/(1-Percentile)

       0.551     0.000000            1         1.00
       0.944     0.100000        25091         1.11
       1.068     0.200000        49919         1.25
       1.172     0.300000        74934         1.43
       1.267     0.400000        99784         1.67
       1.364     0.500000       124727         2.00
       1.418     0.550000       137278         2.22
       1.473     0.600000       149638         2.50
       1.535     0.650000       162159         2.86
       1.607     0.700000       174603         3.33
       1.688     0.750000       187095         4.00
       1.733     0.775000       193334         4.44
       1.779     0.800000       199595         5.00
       1.831     0.825000       205824         5.71
       1.884     0.850000       212003         6.67
       1.943     0.875000       218255         8.00
       1.977     0.887500       221395         8.89
       2.015     0.900000       224524        10.00
       2.059     0.912500       227636        11.43
       2.109     0.925000       230709        13.33
       2.171     0.937500       233815        16.00
       2.207     0.943750       235347        17.78
       2.253     0.950000       236928        20.00
       2.305     0.956250       238494        22.86
       2.363     0.962500       240035        26.67
       2.429     0.968750       241630        32.00
       2.459     0.971875       242391        35.56
       2.489     0.975000       243175        40.00
       2.521     0.978125       243948        45.71
       2.553     0.981250       244736        53.33
       2.587     0.984375       245501        64.00
       2.607     0.985938       245887        71.11
       2.625     0.987500       246261        80.00
       2.647     0.989062       246662        91.43
       2.671     0.990625       247056       106.67
       2.697     0.992188       247441       128.00
       2.715     0.992969       247634       142.22
       2.733     0.993750       247833       160.00
       2.755     0.994531       248022       182.86
       2.781     0.995313       248206       213.33
       2.819     0.996094       248403       256.00
       2.843     0.996484       248496       284.44
       2.875     0.996875       248594       320.00
       2.925     0.997266       248692       365.71
       3.037     0.997656       248788       426.67
       4.179     0.998047       248886       512.00
       4.499     0.998242       248934       568.89
       4.755     0.998437       248984       640.00
       4.951     0.998633       249032       731.43
       5.107     0.998828       249080       853.33
       5.255     0.999023       249132      1024.00
       5.327     0.999121       249153      1137.78
       5.395     0.999219       249178      1280.00
       5.467     0.999316       249202      1462.86
       5.543     0.999414       249226      1706.67
       5.647     0.999512       249252      2048.00
       5.687     0.999561       249264      2275.56
       5.747     0.999609       249275      2560.00
       5.831     0.999658       249288      2925.71
       5.939     0.999707       249300      3413.33
       5.987     0.999756       249312      4096.00
       6.063     0.999780       249318      4551.11
       6.087     0.999805       249324      5120.00
       6.115     0.999829       249331      5851.43
       6.139     0.999854       249336      6826.67
       6.167     0.999878       249342      8192.00
       6.203     0.999890       249345      9102.22
       6.247     0.999902       249348     10240.00
       6.287     0.999915       249351     11702.86
       6.371     0.999927       249354     13653.33
       6.395     0.999939       249358     16384.00
       6.407     0.999945       249359     18204.44
       6.411     0.999951       249360     20480.00
       6.519     0.999957       249362     23405.71
       6.535     0.999963       249363     27306.67
       6.575     0.999969       249365     32768.00
       6.647     0.999973       249366     36408.89
       6.647     0.999976       249366     40960.00
       6.675     0.999979       249367     46811.43
       6.795     0.999982       249368     54613.33
       6.803     0.999985       249369     65536.00
       6.803     0.999986       249369     72817.78
       6.803     0.999988       249369     81920.00
       6.931     0.999989       249370     93622.86
       6.931     0.999991       249370    109226.67
       6.999     0.999992       249371    131072.00
       6.999     0.999993       249371    145635.56
       6.999     0.999994       249371    163840.00
       6.999     0.999995       249371    187245.71
       6.999     0.999995       249371    218453.33
       7.203     0.999996       249372    262144.00
       7.203     1.000000       249372          inf
#[Mean    =        1.441, StdDeviation   =        0.456]
#[Max     =        7.200, Total count    =       249372]
#[Buckets =           27, SubBuckets     =         2048]
----------------------------------------------------------
  299743 requests in 1.00m, 48.60MB read
Requests/sec:   4995.60
Transfer/sec:    829.35KB
