  23540 1001      20   0 1544616 575212  48192 S 166.7   3.5  36:58.56 application
  23540 1001      20   0 1544616 575212  48192 S 402.0   3.5  37:02.58 application
  23540 1001      20   0 1544616 575212  48192 S 396.0   3.5  37:06.58 application
  23540 1001      20   0 1544616 575212  48192 S 400.0   3.5  37:10.58 application
  23540 1001      20   0 1544616 575212  48192 S 400.0   3.5  37:14.58 application
  23540 1001      20   0 1544616 575212  48192 S 401.0   3.5  37:18.59 application
  23540 1001      20   0 1544616 575212  48192 S 402.0   3.5  37:22.61 application
  23540 1001      20   0 1544616 575212  48192 S 400.0   3.5  37:26.61 application
  23540 1001      20   0 1544616 575212  48192 S 401.0   3.5  37:30.62 application
  23540 1001      20   0 1544616 575212  48192 S 401.0   3.5  37:34.63 application
  23540 1001      20   0 1544616 575212  48192 S 400.0   3.5  37:38.63 application
  23540 1001      20   0 1544616 575212  48192 S 401.0   3.5  37:42.64 application
  23540 1001      20   0 1544616 575212  48192 S 397.0   3.5  37:46.65 application
  23540 1001      20   0 1544616 575212  48192 S 398.0   3.5  37:50.63 application
  23540 1001      20   0 1544616 575212  48192 S 402.0   3.5  37:54.65 application
  23540 1001      20   0 1544616 575212  48192 S 402.0   3.5  37:58.67 application
  23540 1001      20   0 1544616 575212  48192 S 400.0   3.5  38:02.67 application
  23540 1001      20   0 1544616 575212  48192 S 401.0   3.5  38:06.68 application
  23540 1001      20   0 1544616 575212  48192 S 401.0   3.5  38:10.69 application
  23540 1001      20   0 1544616 575212  48192 S 401.0   3.5  38:14.70 application
  23540 1001      20   0 1544616 575212  48192 S 398.0   3.5  38:18.68 application
  23540 1001      20   0 1544616 575212  48192 S 403.0   3.5  38:22.71 application
  23540 1001      20   0 1544616 575212  48192 S 401.0   3.5  38:26.72 application
  23540 1001      20   0 1544616 575212  48192 S 396.0   3.5  38:30.72 application
  23540 1001      20   0 1544616 575212  48192 S 401.0   3.5  38:34.73 application
  23540 1001      20   0 1544616 575212  48192 S 401.0   3.5  38:38.74 application
  23540 1001      20   0 1544616 575212  48192 S 400.0   3.5  38:42.74 application
  23540 1001      20   0 1544616 575212  48192 S 401.0   3.5  38:46.75 application
  23540 1001      20   0 1544616 575212  48192 S 401.0   3.5  38:50.76 application
  23540 1001      20   0 1544616 575212  48192 S 398.0   3.5  38:54.74 application
  23540 1001      20   0 1544616 575212  48192 S 403.0   3.5  38:58.77 application
  23540 1001      20   0 1544616 575212  48192 S 398.0   3.5  39:02.75 application
  23540 1001      20   0 1544616 575212  48192 S 404.0   3.5  39:06.79 application
  23540 1001      20   0 1544616 575212  48192 S 396.0   3.5  39:10.79 application
  23540 1001      20   0 1544616 575212  48192 S 401.0   3.5  39:14.80 application
  23540 1001      20   0 1544616 575212  48192 S 400.0   3.5  39:18.80 application
  23540 1001      20   0 1544616 575212  48192 S 400.0   3.5  39:22.80 application
  23540 1001      20   0 1544616 575212  48192 S 403.0   3.5  39:26.83 application
  23540 1001      20   0 1544616 575212  48192 S 398.0   3.5  39:30.81 application
  23540 1001      20   0 1544616 575212  48192 S 402.0   3.5  39:34.83 application
  23540 1001      20   0 1544616 575212  48192 S 399.0   3.5  39:38.82 application
  23540 1001      20   0 1544616 575212  48192 S 403.0   3.5  39:42.85 application
  23540 1001      20   0 1544616 575212  48192 S 396.0   3.5  39:46.85 application
  23540 1001      20   0 1544616 575212  48192 S 401.0   3.5  39:50.86 application
  23540 1001      20   0 1544616 575212  48192 S 400.0   3.5  39:54.86 application
  23540 1001      20   0 1544616 575212  48192 S 401.0   3.5  39:58.87 application
  23540 1001      20   0 1544616 575212  48192 S 402.0   3.5  40:02.89 application
  23540 1001      20   0 1544616 575212  48192 S 399.0   3.5  40:06.88 application
  23540 1001      20   0 1544616 575212  48192 S 400.0   3.5  40:10.88 application
  23540 1001      20   0 1544