  24181 1001      20   0 7954284 479128  52276 S 153.3   2.9  22:06.96 application
  24181 1001      20   0 7956332 480708  52276 S 404.0   2.9  22:11.00 application
  24181 1001      20   0 7957356 481764  52276 S 400.0   3.0  22:15.00 application
  24181 1001      20   0 7957356 482288  52276 S 400.0   3.0  22:19.00 application
  24181 1001      20   0 7957356 482288  52276 S 399.0   3.0  22:22.99 application
  24181 1001      20   0 7958380 483080  52276 S 397.0   3.0  22:27.00 application
  24181 1001      20   0 7958380 483344  52276 S 403.0   3.0  22:31.03 application
  24181 1001      20   0 7959404 483872  52276 S 400.0   3.0  22:35.03 application
  24181 1001      20   0 7959404 484132  52276 S 401.0   3.0  22:39.04 application
  24181 1001      20   0 7960428 484924  52276 S 402.0   3.0  22:43.06 application
  24181 1001      20   0 7960428 484924  52276 S 401.0   3.0  22:47.07 application
  24181 1001      20   0 7960428 485452  52276 S 400.0   3.0  22:51.07 application
  24181 1001      20   0 7961452 485716  52276 S 402.0   3.0  22:55.09 application
  24181 1001      20   0 7928668 487104  52276 S 401.0   3.0  22:59.10 application
  24181 1001      20   0 7921496 488020  52276 S 401.0   3.0  23:03.11 application
  24181 1001      20   0 7929692 488804  52276 S 397.0   3.0  23:07.12 application
  24181 1001      20   0 7931740 490916  52276 S 401.0   3.0  23:11.13 application
  24181 1001      20   0 7932764 491704  52276 S 401.0   3.0  23:15.14 application
  24181 1001      20   0 7933788 492496  52276 S 401.0   3.0  23:19.15 application
  24181 1001      20   0 7933788 493024  52276 S 401.0   3.0  23:23.16 application
  24181 1001      20   0 7934812 493816  52276 S 400.0   3.0  23:27.16 application
  24181 1001      20   0 7934812 494604  52276 S 402.0   3.0  23:31.18 application
  24181 1001      20   0 7935836 494868  52276 S 403.0   3.0  23:35.21 application
  24181 1001      20   0 7935836 495660  52276 S 400.0   3.0  23:39.21 application
  24181 1001      20   0 7936860 496184  52276 S 397.0   3.0  23:43.22 application
  24181 1001      20   0 7977840 496444  52276 S 401.0   3.0  23:47.23 application
  24181 1001      20   0 7980912 499084  52276 S 403.0   3.1  23:51.26 application
  24181 1001      20   0 7980912 499612  52276 S 398.0   3.1  23:55.24 application
  24181 1001      20   0 7981936 500140  52276 S 400.0   3.1  23:59.24 application
  24181 1001      20   0 7981936 500664  52276 S 401.0   3.1  24:03.25 application
  24181 1001      20   0 7982960 501188  52276 S 405.0   3.1  24:07.30 application
  24181 1001      20   0 7982960 501716  52276 S 398.0   3.1  24:11.28 application
  24181 1001      20   0 7983984 502240  52276 S 402.0   3.1  24:15.30 application
  24181 1001      20   0 7985008 502764  52276 S 401.0   3.1  24:19.31 application
  24181 1001      20   0 7985008 503292  52276 S 401.0   3.1  24:23.32 application
  24181 1001      20   0 7986032 503552  52276 S 398.0   3.1  24:27.34 application
  24181 1001      20   0 7986032 504080  52276 S 401.0   3.1  24:31.35 application
  24181 1001      20   0 7987056 504604  52276 S 399.0   3.1  24:35.34 application
  24181 1001      20   0 7987056 505660  52276 S 405.0   3.1  24:39.39 application
  24181 1001      20   0 7988080 506184  52276 S 397.0   3.1  24:43.36 application
  24181 1001      20   0 7988080 506712  52276 S 401.0   3.1  24:47.37 application
  24181 1001      20   0 7989104 506976  52276 S 398.0   3.1  24:51.35 application
  24181 1001      20   0 7989104 507504  52276 S 402.0   3.1  24:55.37 application
  24181 1001      20   0 7990128 508024  52276 S 398.0   3.1  24:59.35 application
  24181 1001      20   0 7990128 508288  52276 S 404.0   3.1  25:03.39 application
  24181 1001      20   0 7991152 508816  52276 S 393.1   3.1  25:07.36 application
  24181 1001      20   0 7992176 509344  52276 S 404.0   3.1  25:11.40 application
  24181 1001      20   0 7992176 510136  52276 S 399.0   3.1  25:15.39 application
  24181 1001      20   0 7993200 511192  52276 S 400.0   3.1  25:19.39 application
  24181 1001      20   0 7994