  24181 1001      20   0 4098708 344344  52140 S   0.0   2.1   3:22.02 application
  24181 1001      20   0 4116124 345664  52140 S 317.0   2.1   3:25.19 application
  24181 1001      20   0 4125344 345928  52140 S 333.7   2.1   3:28.56 application
  24181 1001      20   0 4125344 346508  52204 S 338.0   2.1   3:31.94 application
  24181 1001      20   0 4125344 346508  52204 S 336.0   2.1   3:35.30 application
  24181 1001      20   0 4150956 347560  52204 S 338.0   2.1   3:38.68 application
  24181 1001      20   0 4151980 347560  52204 S 336.0   2.1   3:42.04 application
  24181 1001      20   0 4151980 348088  52204 S 338.0   2.1   3:45.42 application
  24181 1001      20   0 4160176 348352  52204 S 339.0   2.1   3:48.81 application
  24181 1001      20   0 4161200 348612  52204 S 337.0   2.1   3:52.18 application
  24181 1001      20   0 4161200 348876  52204 S 340.0   2.1   3:55.58 application
  24181 1001      20   0 4161200 349140  52204 S 336.0   2.1   3:58.94 application
  24181 1001      20   0 4170420 349668  52204 S 333.7   2.1   4:02.31 application
  24181 1001      20   0 4170420 349668  52204 S 336.0   2.1   4:05.67 application
  24181 1001      20   0 4170420 349932  52204 S 338.0   2.1   4:09.05 application
  24181 1001      20   0 4170420 350196  52204 S 340.0   2.1   4:12.45 application
  24181 1001      20   0 4170420 350520  52268 S 336.0   2.1   4:15.81 application
  24181 1001      20   0 4171444 350520  52268 S 337.0   2.1   4:19.18 application
  24181 1001      20   0 4171444 350784  52268 S 337.0   2.2   4:22.55 application
  24181 1001      20   0 4171444 351048  52268 S 338.0   2.2   4:25.93 application
  24181 1001      20   0 4171444 351312  52268 S 337.0   2.2   4:29.30 application
  24181 1001      20   0 4172468 351576  52268 S 334.7   2.2   4:32.68 application
  24181 1001      20   0 4172468 351840  52268 S 338.0   2.2   4:36.06 application
  24181 1001      20   0 4172468 352096  52272 S 337.0   2.2   4:39.43 application
  24181 1001      20   0 4172468 352096  52272 S 335.0   2.2   4:42.78 application
  24181 1001      20   0 4173492 352360  52272 S 340.0   2.2   4:46.18 application
  24181 1001      20   0 4173492 352360  52272 S 337.0   2.2   4:49.55 application
  24181 1001      20   0 4173492 352360  52272 S 338.0   2.2   4:52.93 application
  24181 1001      20   0 4173492 352620  52272 S 338.0   2.2   4:56.31 application
  24181 1001      20   0 4182712 353412  52272 S 339.0   2.2   4:59.70 application
  24181 1001      20   0 4182712 353676  52272 S 339.0   2.2   5:03.09 application
  24181 1001      20   0 4182712 353940  52272 S 336.0   2.2   5:06.45 application
  24181 1001      20   0 4183736 354204  52272 S 333.7   2.2   5:09.82 application
  24181 1001      20   0 4183736 354204  52272 S 337.0   2.2   5:13.19 application
  24181 1001      20   0 4183736 354204  52272 S 337.0   2.2   5:16.56 application
  24181 1001      20   0 4183736 354204  52272 S 338.0   2.2   5:19.94 application
  24181 1001      20   0 4184760 354992  52272 S 339.0   2.2   5:23.33 application
  24181 1001      20   0 4184760 355256  52272 S 336.0   2.2   5:26.69 application
  24181 1001      20   0 4184760 355256  52272 S 338.0   2.2   5:30.07 application
  24181 1001      20   0 4184760 355520  52272 S 338.0   2.2   5:33.45 application
  24181 1001      20   0 4184760 356048  52272 S 339.0   2.2   5:36.84 application
  24181 1001      20   0 4184760 356308  52272 S 336.0   2.2   5:40.20 application
  24181 1001      20   0 4185784 356572  52272 S 333.7   2.2   5:43.57 application
  24181 1001      20   0 4185784 356832  52272 S 338.0   2.2   5:46.95 application
  24181 1001      20   0 4185784 357092  52272 S 339.0   2.2   5:50.34 application
  24181 1001      20   0 4186808 357356  52272 S 338.0   2.2   5:53.72 application
  24181 1001      20   0 4186808 357356  52272 S 337.0   2.2   5:57.09 application
  24181 1001      20   0 4186808 357620  52272 S 337.0   2.2   6:00.46 application
  24181 1001      20   0 4186808 358148  52272 S 339.0   2.2   6:03.85 application
  24181 1001      20   0 4204