  24181 1001      20   0 6104872 406480  52276 S 131.2   2.5  14:07.12 application
  24181 1001      20   0 6096676 407576  52276 S 404.0   2.5  14:11.16 application
  24181 1001      20   0 6097700 408124  52276 S 400.0   2.5  14:15.16 application
  24181 1001      20   0 6097700 408384  52276 S 401.0   2.5  14:19.17 application
  24181 1001      20   0 6082332 409556  52276 S 399.0   2.5  14:23.16 application
  24181 1001      20   0 6083356 410476  52276 S 400.0   2.5  14:27.16 application
  24181 1001      20   0 6109992 412588  52276 S 400.0   2.5  14:31.16 application
  24181 1001      20   0 6111016 413372  52276 S 396.0   2.5  14:35.16 application
  24181 1001      20   0 6111016 413636  52276 S 402.0   2.5  14:39.18 application
  24181 1001      20   0 6111016 413900  52276 S 400.0   2.5  14:43.18 application
  24181 1001      20   0 6112040 414428  52276 S 401.0   2.5  14:47.19 application
  24181 1001      20   0 6112040 414692  52276 S 402.0   2.5  14:51.21 application
  24181 1001      20   0 6113064 415484  52276 S 401.0   2.5  14:55.22 application
  24181 1001      20   0 6113064 415748  52276 S 401.0   2.5  14:59.23 application
  24181 1001      20   0 6114088 416008  52276 S 402.0   2.6  15:03.25 application
  24181 1001      20   0 6114088 416272  52276 S 400.0   2.6  15:07.25 application
  24181 1001      20   0 6114088 416536  52276 S 401.0   2.6  15:11.26 application
  24181 1001      20   0 6115112 417064  52276 S 402.0   2.6  15:15.28 application
  24181 1001      20   0 6115112 417324  52276 S 397.0   2.6  15:19.29 application
  24181 1001      20   0 6116136 417852  52276 S 401.0   2.6  15:23.30 application
  24181 1001      20   0 6116136 418908  52276 S 398.0   2.6  15:27.28 application
  24181 1001      20   0 6117160 419168  52276 S 405.0   2.6  15:31.33 application
  24181 1001      20   0 6707016 419956  52276 S 398.0   2.6  15:35.31 application
  24181 1001      20   0 6710088 422596  52276 S 404.0   2.6  15:39.35 application
  24181 1001      20   0 6710088 422860  52276 S 401.0   2.6  15:43.36 application
  24181 1001      20   0 6711112 423644  52276 S 397.0   2.6  15:47.33 application
  24181 1001      20   0 6711112 423908  52276 S 405.0   2.6  15:51.38 application
  24181 1001      20   0 6712136 424168  52276 S 398.0   2.6  15:55.40 application
  24181 1001      20   0 6712136 424168  52276 S 401.0   2.6  15:59.41 application
  24181 1001      20   0 6712136 424696  52276 S 397.0   2.6  16:03.38 application
  24181 1001      20   0 6712136 424696  52276 S 404.0   2.6  16:07.42 application
  24181 1001      20   0 6713160 425488  52276 S 399.0   2.6  16:11.41 application
  24181 1001      20   0 6713160 426008  52276 S 401.0   2.6  16:15.42 application
  24181 1001      20   0 6714184 426268  52276 S 401.0   2.6  16:19.43 application
  24181 1001      20   0 6714184 427060  52276 S 401.0   2.6  16:23.44 application
  24181 1001      20   0 6715208 427324  52276 S 398.0   2.6  16:27.42 application
  24181 1001      20   0 6715208 427588  52276 S 403.0   2.6  16:31.45 application
  24181 1001      20   0 6715208 428116  52276 S 398.0   2.6  16:35.43 application
  24181 1001      20   0 6716232 428644  52276 S 399.0   2.6  16:39.46 application
  24181 1001      20   0 6716232 428908  52276 S 400.0   2.6  16:43.46 application
  24181 1001      20   0 6716232 428908  52276 S 398.0   2.6  16:47.44 application
  24181 1001      20   0 6717256 429700  52276 S 403.0   2.6  16:51.47 application
  24181 1001      20   0 6717256 430228  52276 S 399.0   2.6  16:55.46 application
  24181 1001      20   0 6718280 430492  52276 S 403.0   2.6  16:59.49 application
  24181 1001      20   0 7976844 436032  52276 S 402.0   2.7  17:03.51 application
  24181 1001      20   0 7977868 436296  52276 S 396.0   2.7  17:07.47 application
  24181 1001      20   0 7977868 436560  52276 S 401.0   2.7  17:11.48 application
  24181 1001      20   0 7977868 437088  52276 S 402.0   2.7  17:15.50 application
  24181 1001      20   0 7977868 437088  52276 S 394.1   2.7  17:19.48 application
  24181 1001      20   0 7978