Running 1m test @ http://erik-pc.local:8080/greeting/Bob
  4 threads and 100 connections
  Thread calibration: mean lat.: 14.977ms, rate sampling interval: 69ms
  Thread calibration: mean lat.: 14.924ms, rate sampling interval: 69ms
  Thread calibration: mean lat.: 14.319ms, rate sampling interval: 67ms
  Thread calibration: mean lat.: 14.751ms, rate sampling interval: 69ms
  Thread Stats   Avg      Stdev     Max   +/- Stdev
    Latency    14.85ms   13.17ms  53.22ms   52.12%
    Req/Sec    12.59k     3.90k   20.06k    56.76%
  Latency Distribution (HdrHistogram - Recorded Latency)
 50.000%   12.41ms
 75.000%   26.30ms
 90.000%   34.37ms
 99.000%   41.98ms
 99.900%   46.01ms
 99.990%   49.09ms
 99.999%   51.39ms
100.000%   53.25ms

  Detailed Percentile spectrum:
       Value   Percentile   TotalCount 1/(1-Percentile)

       0.166     0.000000            1         1.00
       0.858     0.100000       249711         1.11
       1.322     0.200000       499351         1.25
       1.944     0.300000       748620         1.43
       6.459     0.400000       998144         1.67
      12.415     0.500000      1247600         2.00
      15.287     0.550000      1372409         2.22
      18.111     0.600000      1497287         2.50
      20.879     0.650000      1621807         2.86
      23.615     0.700000      1746791         3.33
      26.303     0.750000      1871342         4.00
      27.647     0.775000      1934403         4.44
      28.975     0.800000      1996665         5.00
      30.303     0.825000      2059122         5.71
      31.615     0.850000      2120829         6.67
      32.959     0.875000      2183160         8.00
      33.663     0.887500      2215114         8.89
      34.367     0.900000      2246178        10.00
      35.103     0.912500      2277593        11.43
      35.871     0.925000      2309015        13.33
      36.671     0.937500      2339682        16.00
      37.119     0.943750      2355715        17.78
      37.567     0.950000      2371247        20.00
      38.047     0.956250      2386733        22.86
      38.559     0.962500      2402197        26.67
      39.135     0.968750      2417742        32.00
      39.423     0.971875      2425137        35.56
      39.743     0.975000      2432690        40.00
      40.127     0.978125      2440810        45.71
      40.511     0.981250      2448321        53.33
      40.959     0.984375      2456117        64.00
      41.215     0.985938      2460078        71.11
      41.471     0.987500      2463873        80.00
      41.791     0.989062      2468075        91.43
      42.111     0.990625      2471866       106.67
      42.495     0.992188      2475658       128.00
      42.687     0.992969      2477487       142.22
      42.911     0.993750      2479421       160.00
      43.199     0.994531      2481503       182.86
      43.487     0.995313      2483445       213.33
      43.807     0.996094      2485350       256.00
      43.999     0.996484      2486366       284.44
      44.191     0.996875      2487246       320.00
      44.415     0.997266      2488237       365.71
      44.671     0.997656      2489242       426.67
      44.959     0.998047      2490216       512.00
      45.119     0.998242      2490639       568.89
      45.311     0.998437      2491147       640.00
      45.535     0.998633      2491650       731.43
      45.759     0.998828      2492100       853.33
      46.047     0.999023      2492601      1024.00
      46.239     0.999121      2492833      1137.78
      46.431     0.999219      2493093      1280.00
      46.623     0.999316      2493325      1462.86
      46.847     0.999414      2493557      1706.67
      47.135     0.999512      2493804      2048.00
      47.327     0.999561      2493923      2275.56
      47.487     0.999609      2494043      2560.00
      47.647     0.999658      2494157      2925.71
      47.839     0.999707      2494283      3413.33
      48.063     0.999756      2494407      4096.00
      48.159     0.999780      2494455      4551.11
      48.351     0.999805      2494524      5120.00
      48.543     0.999829      2494580      5851.43
      48.735     0.999854      2494645      6826.67
      48.895     0.999878      2494699      8192.00
      48.991     0.999890      2494733      9102.22
      49.119     0.999902      2494759     10240.00
      49.279     0.999915      2494788     11702.86
      49.503     0.999927      2494819     13653.33
      49.663     0.999939      2494849     16384.00
      49.759     0.999945      2494862     18204.44
      49.919     0.999951      2494886     20480.00
      49.951     0.999957      2494893     23405.71
      50.175     0.999963      2494910     27306.67
      50.335     0.999969      2494923     32768.00
      50.463     0.999973      2494931     36408.89
      50.559     0.999976      2494940     40960.00
      50.751     0.999979      2494946     46811.43
      50.847     0.999982      2494955     54613.33
      50.943     0.999985      2494961     65536.00
      51.135     0.999986      2494966     72817.78
      51.263     0.999988      2494969     81920.00
      51.391     0.999989      2494974     93622.86
      51.455     0.999991      2494977    109226.67
      51.647     0.999992      2494981    131072.00
      51.679     0.999993      2494983    145635.56
      51.711     0.999994      2494984    163840.00
      51.839     0.999995      2494986    187245.71
      51.999     0.999995      2494989    218453.33
      52.063     0.999996      2494990    262144.00
      52.095     0.999997      2494991    291271.11
      52.191     0.999997      2494993    327680.00
      52.191     0.999997      2494993    374491.43
      52.255     0.999998      2494994    436906.67
      52.383     0.999998      2494995    524288.00
      52.383     0.999998      2494995    582542.22
      52.479     0.999998      2494996    655360.00
      52.479     0.999999      2494996    748982.86
      52.607     0.999999      2494997    873813.33
      52.607     0.999999      2494997   1048576.00
      52.607     0.999999      2494997   1165084.44
      52.671     0.999999      2494998   1310720.00
      52.671     0.999999      2494998   1497965.71
      52.671     0.999999      2494998   1747626.67
      52.671     1.000000      2494998   2097152.00
      52.671     1.000000      2494998   2330168.89
      53.247     1.000000      2494999   2621440.00
      53.247     1.000000      2494999          inf
#[Mean    =       14.854, StdDeviation   =       13.166]
#[Max     =       53.216, Total count    =      2494999]
#[Buckets =           27, SubBuckets     =         2048]
----------------------------------------------------------
  2985213 requests in 1.00m, 247.68MB read
Requests/sec:  49753.26
Transfer/sec:      4.13MB
