Running 1m test @ http://erik-pc.local:8080/greeting/Bob
  4 threads and 100 connections
  Thread calibration: mean lat.: 1.304ms, rate sampling interval: 10ms
  Thread calibration: mean lat.: 1.312ms, rate sampling interval: 10ms
  Thread calibration: mean lat.: 1.304ms, rate sampling interval: 10ms
  Thread calibration: mean lat.: 1.299ms, rate sampling interval: 10ms
  Thread Stats   Avg      Stdev     Max   +/- Stdev
    Latency     1.30ms  606.18us   6.28ms   65.53%
    Req/Sec    21.08k     1.47k   27.33k    70.29%
  Latency Distribution (HdrHistogram - Recorded Latency)
 50.000%    1.27ms
 75.000%    1.71ms
 90.000%    2.14ms
 99.000%    2.71ms
 99.900%    3.27ms
 99.990%    3.90ms
 99.999%    4.84ms
100.000%    6.28ms

  Detailed Percentile spectrum:
       Value   Percentile   TotalCount 1/(1-Percentile)

       0.119     0.000000            1         1.00
       0.515     0.100000       399945         1.11
       0.736     0.200000       799100         1.25
       0.913     0.300000      1198867         1.43
       1.088     0.400000      1597896         1.67
       1.267     0.500000      1995624         2.00
       1.354     0.550000      2196211         2.22
       1.438     0.600000      2394196         2.50
       1.523     0.650000      2593619         2.86
       1.610     0.700000      2794956         3.33
       1.705     0.750000      2993828         4.00
       1.759     0.775000      3092826         4.44
       1.818     0.800000      3192276         5.00
       1.885     0.825000      3292222         5.71
       1.961     0.850000      3392136         6.67
       2.049     0.875000      3492871         8.00
       2.095     0.887500      3541882         8.89
       2.143     0.900000      3591143        10.00
       2.195     0.912500      3642258        11.43
       2.249     0.925000      3691994        13.33
       2.307     0.937500      3741638        16.00
       2.339     0.943750      3766876        17.78
       2.371     0.950000      3790708        20.00
       2.407     0.956250      3816658        22.86
       2.445     0.962500      3841660        26.67
       2.485     0.968750      3865415        32.00
       2.509     0.971875      3878145        35.56
       2.535     0.975000      3891222        40.00
       2.561     0.978125      3903230        45.71
       2.591     0.981250      3915479        53.33
       2.627     0.984375      3928270        64.00
       2.645     0.985938      3933975        71.11
       2.667     0.987500      3940304        80.00
       2.691     0.989062      3946518        91.43
       2.719     0.990625      3952687       106.67
       2.753     0.992188      3958891       128.00
       2.775     0.992969      3962168       142.22
       2.799     0.993750      3965329       160.00
       2.827     0.994531      3968402       182.86
       2.857     0.995313      3971333       213.33
       2.897     0.996094      3974455       256.00
       2.923     0.996484      3976085       284.44
       2.951     0.996875      3977637       320.00
       2.985     0.997266      3979167       365.71
       3.029     0.997656      3980715       426.67
       3.081     0.998047      3982278       512.00
       3.111     0.998242      3983024       568.89
       3.149     0.998437      3983827       640.00
       3.189     0.998633      3984602       731.43
       3.229     0.998828      3985375       853.33
       3.281     0.999023      3986161      1024.00
       3.309     0.999121      3986543      1137.78
       3.341     0.999219      3986927      1280.00
       3.375     0.999316      3987306      1462.86
       3.413     0.999414      3987698      1706.67
       3.457     0.999512      3988085      2048.00
       3.485     0.999561      3988288      2275.56
       3.511     0.999609      3988473      2560.00
       3.549     0.999658      3988671      2925.71
       3.593     0.999707      3988864      3413.33
       3.635     0.999756      3989059      4096.00
       3.661     0.999780      3989163      4551.11
       3.693     0.999805      3989255      5120.00
       3.733     0.999829      3989351      5851.43
       3.773     0.999854      3989447      6826.67
       3.833     0.999878      3989546      8192.00
       3.867     0.999890      3989593      9102.22
       3.903     0.999902      3989644     10240.00
       3.947     0.999915      3989694     11702.86
       3.993     0.999927      3989739     13653.33
       4.059     0.999939      3989789     16384.00
       4.089     0.999945      3989812     18204.44
       4.135     0.999951      3989837     20480.00
       4.175     0.999957      3989861     23405.71
       4.211     0.999963      3989885     27306.67
       4.263     0.999969      3989910     32768.00
       4.283     0.999973      3989923     36408.89
       4.347     0.999976      3989934     40960.00
       4.411     0.999979      3989946     46811.43
       4.491     0.999982      3989958     54613.33
       4.659     0.999985      3989972     65536.00
       4.695     0.999986      3989977     72817.78
       4.739     0.999988      3989983     81920.00
       4.795     0.999989      3989989     93622.86
       4.875     0.999991      3989996    109226.67
       4.927     0.999992      3990001    131072.00
       4.963     0.999993      3990004    145635.56
       5.031     0.999994      3990007    163840.00
       5.075     0.999995      3990010    187245.71
       5.091     0.999995      3990013    218453.33
       5.123     0.999996      3990016    262144.00
       5.247     0.999997      3990018    291271.11
       5.251     0.999997      3990019    327680.00
       5.323     0.999997      3990021    374491.43
       5.343     0.999998      3990022    436906.67
       5.431     0.999998      3990024    524288.00
       5.443     0.999998      3990025    582542.22
       5.443     0.999998      3990025    655360.00
       5.495     0.999999      3990026    748982.86
       5.723     0.999999      3990027    873813.33
       5.791     0.999999      3990028   1048576.00
       5.791     0.999999      3990028   1165084.44
       5.791     0.999999      3990028   1310720.00
       5.979     0.999999      3990029   1497965.71
       5.979     0.999999      3990029   1747626.67
       6.119     1.000000      3990030   2097152.00
       6.119     1.000000      3990030   2330168.89
       6.119     1.000000      3990030   2621440.00
       6.119     1.000000      3990030   2995931.43
       6.119     1.000000      3990030   3495253.33
       6.283     1.000000      3990031   4194304.00
       6.283     1.000000      3990031          inf
#[Mean    =        1.297, StdDeviation   =        0.606]
#[Max     =        6.280, Total count    =      3990031]
#[Buckets =           27, SubBuckets     =         2048]
----------------------------------------------------------
  4795128 requests in 1.00m, 333.83MB read
Requests/sec:  79918.55
Transfer/sec:      5.56MB
