Running 1m test @ http://erik-pc.local:8080/greeting/Bob
  4 threads and 100 connections
  Thread calibration: mean lat.: 52.554ms, rate sampling interval: 256ms
  Thread calibration: mean lat.: 46.715ms, rate sampling interval: 230ms
  Thread calibration: mean lat.: 56.632ms, rate sampling interval: 276ms
  Thread calibration: mean lat.: 276.034ms, rate sampling interval: 836ms
  Thread Stats   Avg      Stdev     Max   +/- Stdev
    Latency   977.89ms  764.11ms   3.41s    79.46%
    Req/Sec    33.50k     2.56k   40.73k    67.95%
  Latency Distribution (HdrHistogram - Recorded Latency)
 50.000%  713.73ms
 75.000%    1.24s 
 90.000%    2.39s 
 99.000%    3.15s 
 99.900%    3.34s 
 99.990%    3.40s 
 99.999%    3.41s 
100.000%    3.42s 

  Detailed Percentile spectrum:
       Value   Percentile   TotalCount 1/(1-Percentile)

       0.565     0.000000            1         1.00
     279.295     0.100000       663977         1.11
     413.951     0.200000      1328150         1.25
     505.343     0.300000      1993169         1.43
     595.967     0.400000      2658944         1.67
     713.727     0.500000      3321356         2.00
     788.991     0.550000      3653377         2.22
     885.247     0.600000      3984025         2.50
     997.887     0.650000      4316460         2.86
    1120.255     0.700000      4647942         3.33
    1243.135     0.750000      4981424         4.00
    1319.935     0.775000      5147054         4.44
    1397.759     0.800000      5312061         5.00
    1507.327     0.825000      5478241         5.71
    1645.567     0.850000      5644168         6.67
    1901.567     0.875000      5809726         8.00
    2185.215     0.887500      5893000         8.89
    2387.967     0.900000      5976463        10.00
    2519.039     0.912500      6059687        11.43
    2609.151     0.925000      6141780        13.33
    2713.599     0.937500      6225647        16.00
    2766.847     0.943750      6267410        17.78
    2803.711     0.950000      6309428        20.00
    2854.911     0.956250      6349158        22.86
    2916.351     0.962500      6391148        26.67
    2967.551     0.968750      6432671        32.00
    2992.127     0.971875      6453509        35.56
    3020.799     0.975000      6475870        40.00
    3037.183     0.978125      6495771        45.71
    3067.903     0.981250      6516016        53.33
    3096.575     0.984375      6536860        64.00
    3106.815     0.985938      6546792        71.11
    3119.103     0.987500      6556709        80.00
    3139.583     0.989062      6567554        91.43
    3155.967     0.990625      6577408       106.67
    3178.495     0.992188      6588130       128.00
    3192.831     0.992969      6593486       142.22
    3209.215     0.993750      6598648       160.00
    3227.647     0.994531      6603759       182.86
    3239.935     0.995313      6609788       213.33
    3246.079     0.996094      6613853       256.00
    3250.175     0.996484      6616411       284.44
    3256.319     0.996875      6619971       320.00
    3260.415     0.997266      6622017       365.71
    3266.559     0.997656      6624394       426.67
    3278.847     0.998047      6626722       512.00
    3291.135     0.998242      6627999       568.89
    3303.423     0.998437      6629296       640.00
    3315.711     0.998633      6630697       731.43
    3325.951     0.998828      6631955       853.33
    3336.191     0.999023      6633187      1024.00
    3342.335     0.999121      6633854      1137.78
    3350.527     0.999219      6634591      1280.00
    3358.719     0.999316      6635204      1462.86
    3366.911     0.999414      6635779      1706.67
    3375.103     0.999512      6636460      2048.00
    3379.199     0.999561      6636927      2275.56
    3381.247     0.999609      6637151      2560.00
    3383.295     0.999658      6637387      2925.71
    3387.391     0.999707      6637866      3413.33
    3389.439     0.999756      6638104      4096.00
    3391.487     0.999780      6638306      4551.11
    3393.535     0.999805      6638502      5120.00
    3395.583     0.999829      6638694      5851.43
    3395.583     0.999854      6638694      6826.67
    3397.631     0.999878      6638887      8192.00
    3399.679     0.999890      6639062      9102.22
    3399.679     0.999902      6639062     10240.00
    3401.727     0.999915      6639198     11702.86
    3401.727     0.999927      6639198     13653.33
    3403.775     0.999939      6639331     16384.00
    3403.775     0.999945      6639331     18204.44
    3403.775     0.999951      6639331     20480.00
    3405.823     0.999957      6639434     23405.71
    3405.823     0.999963      6639434     27306.67
    3407.871     0.999969      6639504     32768.00
    3407.871     0.999973      6639504     36408.89
    3407.871     0.999976      6639504     40960.00
    3407.871     0.999979      6639504     46811.43
    3409.919     0.999982      6639568     54613.33
    3409.919     0.999985      6639568     65536.00
    3409.919     0.999986      6639568     72817.78
    3409.919     0.999988      6639568     81920.00
    3409.919     0.999989      6639568     93622.86
    3411.967     0.999991      6639604    109226.67
    3411.967     0.999992      6639604    131072.00
    3411.967     0.999993      6639604    145635.56
    3411.967     0.999994      6639604    163840.00
    3411.967     0.999995      6639604    187245.71
    3414.015     0.999995      6639625    218453.33
    3414.015     0.999996      6639625    262144.00
    3414.015     0.999997      6639625    291271.11
    3414.015     0.999997      6639625    327680.00
    3414.015     0.999997      6639625    374491.43
    3414.015     0.999998      6639625    436906.67
    3416.063     0.999998      6639638    524288.00
    3416.063     1.000000      6639638          inf
#[Mean    =      977.895, StdDeviation   =      764.106]
#[Max     =     3414.016, Total count    =      6639638]
#[Buckets =           27, SubBuckets     =         2048]
----------------------------------------------------------
  8010516 requests in 1.00m, 557.68MB read
Requests/sec: 133470.00
Transfer/sec:      9.29MB
