Running 1m test @ http://erik-pc.local:8080/greeting/Bob
  4 threads and 100 connections
  Thread calibration: mean lat.: 1502.370ms, rate sampling interval: 5402ms
  Thread calibration: mean lat.: 1530.606ms, rate sampling interval: 5410ms
  Thread calibration: mean lat.: 1498.527ms, rate sampling interval: 5369ms
  Thread calibration: mean lat.: 1551.181ms, rate sampling interval: 5525ms
  Thread Stats   Avg      Stdev     Max   +/- Stdev
    Latency    10.54s     4.37s   18.99s    57.73%
    Req/Sec     8.03k    79.25     8.19k    75.00%
  Latency Distribution (HdrHistogram - Recorded Latency)
 50.000%   10.54s 
 75.000%   14.34s 
 90.000%   16.60s 
 99.000%   17.99s 
 99.900%   18.71s 
 99.990%   18.91s 
 99.999%   18.99s 
100.000%   19.01s 

  Detailed Percentile spectrum:
       Value   Percentile   TotalCount 1/(1-Percentile)

    2863.103     0.000000            1         1.00
    4481.023     0.100000       160677         1.11
    6012.927     0.200000       320913         1.25
    7557.119     0.300000       481212         1.43
    9011.199     0.400000       641509         1.67
   10543.103     0.500000       802177         2.00
   11263.999     0.550000       882361         2.22
   11984.895     0.600000       962734         2.50
   12787.711     0.650000      1042052         2.86
   13574.143     0.700000      1122844         3.33
   14335.999     0.750000      1203082         4.00
   14721.023     0.775000      1242660         4.44
   15097.855     0.800000      1282941         5.00
   15482.879     0.825000      1322648         5.71
   15876.095     0.850000      1363206         6.67
   16236.543     0.875000      1403022         8.00
   16424.959     0.887500      1423686         8.89
   16596.991     0.900000      1443007        10.00
   16777.215     0.912500      1462947        11.43
   16973.823     0.925000      1484348        13.33
   17154.047     0.937500      1504211        16.00
   17235.967     0.943750      1513007        17.78
   17334.271     0.950000      1523571        20.00
   17432.575     0.956250      1534266        22.86
   17514.495     0.962500      1543601        26.67
   17612.799     0.968750      1554345        32.00
   17661.951     0.971875      1559702        35.56
   17694.719     0.975000      1563182        40.00
   17743.871     0.978125      1568556        45.71
   17793.023     0.981250      1573617        53.33
   17842.175     0.984375      1578149        64.00
   17874.943     0.985938      1580762        71.11
   17924.095     0.987500      1584048        80.00
   17956.863     0.989062      1585847        91.43
   18022.399     0.990625      1588732       106.67
   18087.935     0.992188      1590885       128.00
   18137.087     0.992969      1592135       142.22
   18186.239     0.993750      1593202       160.00
   18268.159     0.994531      1594652       182.86
   18333.695     0.995313      1595781       213.33
   18415.615     0.996094      1596999       256.00
   18448.383     0.996484      1597496       284.44
   18497.535     0.996875      1598368       320.00
   18530.303     0.997266      1598960       365.71
   18563.071     0.997656      1599532       426.67
   18595.839     0.998047      1600043       512.00
   18628.607     0.998242      1600519       568.89
   18644.991     0.998437      1600748       640.00
   18661.375     0.998633      1601003       731.43
   18694.143     0.998828      1601472       853.33
   18710.527     0.999023      1601710      1024.00
   18726.911     0.999121      1601915      1137.78
   18726.911     0.999219      1601915      1280.00
   18743.295     0.999316      1602090      1462.86
   18759.679     0.999414      1602252      1706.67
   18776.063     0.999512      1602409      2048.00
   18792.447     0.999561      1602519      2275.56
   18792.447     0.999609      1602519      2560.00
   18808.831     0.999658      1602625      2925.71
   18825.215     0.999707      1602726      3413.33
   18841.599     0.999756      1602802      4096.00
   18841.599     0.999780      1602802      4551.11
   18857.983     0.999805      1602852      5120.00
   18874.367     0.999829      1602901      5851.43
   18874.367     0.999854      1602901      6826.67
   18890.751     0.999878      1602947      8192.00
   18907.135     0.999890      1602985      9102.22
   18907.135     0.999902      1602985     10240.00
   18923.519     0.999915      1603016     11702.86
   18923.519     0.999927      1603016     13653.33
   18939.903     0.999939      1603053     16384.00
   18939.903     0.999945      1603053     18204.44
   18939.903     0.999951      1603053     20480.00
   18956.287     0.999957      1603087     23405.71
   18956.287     0.999963      1603087     27306.67
   18956.287     0.999969      1603087     32768.00
   18956.287     0.999973      1603087     36408.89
   18972.671     0.999976      1603099     40960.00
   18972.671     0.999979      1603099     46811.43
   18972.671     0.999982      1603099     54613.33
   18989.055     0.999985      1603114     65536.00
   18989.055     0.999986      1603114     72817.78
   18989.055     0.999988      1603114     81920.00
   18989.055     0.999989      1603114     93622.86
   18989.055     0.999991      1603114    109226.67
   19005.439     0.999992      1603127    131072.00
   19005.439     1.000000      1603127          inf
#[Mean    =    10541.027, StdDeviation   =     4368.323]
#[Max     =    18989.056, Total count    =      1603127]
#[Buckets =           27, SubBuckets     =         2048]
----------------------------------------------------------
  1927528 requests in 1.00m, 159.93MB read
Requests/sec:  32125.72
Transfer/sec:      2.67MB
