Running 1m test @ http://erik-pc.local:8080/greeting/Bob
  4 threads and 100 connections
  Thread calibration: mean lat.: 1.577ms, rate sampling interval: 10ms
  Thread calibration: mean lat.: 1.373ms, rate sampling interval: 10ms
  Thread calibration: mean lat.: 1.271ms, rate sampling interval: 10ms
  Thread calibration: mean lat.: 1.236ms, rate sampling interval: 10ms
  Thread Stats   Avg      Stdev     Max   +/- Stdev
    Latency     1.37ms  624.82us   8.90ms   72.46%
    Req/Sec     2.64k   357.67     5.55k    86.33%
  Latency Distribution (HdrHistogram - Recorded Latency)
 50.000%    1.23ms
 75.000%    1.71ms
 90.000%    2.21ms
 99.000%    3.02ms
 99.900%    6.30ms
 99.990%    7.68ms
 99.999%    8.56ms
100.000%    8.91ms

  Detailed Percentile spectrum:
       Value   Percentile   TotalCount 1/(1-Percentile)

       0.346     0.000000            1         1.00
       0.719     0.100000        50124         1.11
       0.860     0.200000       100081         1.25
       0.985     0.300000       149737         1.43
       1.107     0.400000       199867         1.67
       1.234     0.500000       249714         2.00
       1.304     0.550000       274579         2.22
       1.382     0.600000       299355         2.50
       1.475     0.650000       324419         2.86
       1.584     0.700000       349307         3.33
       1.711     0.750000       374186         4.00
       1.783     0.775000       386570         4.44
       1.859     0.800000       399001         5.00
       1.942     0.825000       411542         5.71
       2.028     0.850000       423941         6.67
       2.117     0.875000       436601         8.00
       2.163     0.887500       442840         8.89
       2.209     0.900000       448956        10.00
       2.257     0.912500       455127        11.43
       2.317     0.925000       461522        13.33
       2.379     0.937500       467655        16.00
       2.413     0.943750       470800        17.78
       2.449     0.950000       473865        20.00
       2.491     0.956250       476999        22.86
       2.539     0.962500       480125        26.67
       2.595     0.968750       483216        32.00
       2.631     0.971875       484765        35.56
       2.671     0.975000       486270        40.00
       2.723     0.978125       487881        45.71
       2.789     0.981250       489421        53.33
       2.861     0.984375       490956        64.00
       2.901     0.985938       491731        71.11
       2.941     0.987500       492545        80.00
       2.987     0.989062       493304        91.43
       3.035     0.990625       494065       106.67
       3.095     0.992188       494854       128.00
       3.135     0.992969       495243       142.22
       3.185     0.993750       495622       160.00
       3.257     0.994531       496013       182.86
       3.359     0.995313       496401       213.33
       3.505     0.996094       496790       256.00
       3.693     0.996484       496983       284.44
       4.671     0.996875       497178       320.00
       5.075     0.997266       497373       365.71
       5.331     0.997656       497568       426.67
       5.611     0.998047       497762       512.00
       5.743     0.998242       497863       568.89
       5.851     0.998437       497960       640.00
       5.999     0.998633       498056       731.43
       6.147     0.998828       498153       853.33
       6.323     0.999023       498250      1024.00
       6.403     0.999121       498299      1137.78
       6.507     0.999219       498348      1280.00
       6.619     0.999316       498397      1462.86
       6.723     0.999414       498444      1706.67
       6.859     0.999512       498495      2048.00
       6.923     0.999561       498517      2275.56
       7.011     0.999609       498542      2560.00
       7.103     0.999658       498566      2925.71
       7.207     0.999707       498591      3413.33
       7.291     0.999756       498617      4096.00
       7.331     0.999780       498627      4551.11
       7.383     0.999805       498641      5120.00
       7.447     0.999829       498652      5851.43
       7.519     0.999854       498664      6826.67
       7.631     0.999878       498677      8192.00
       7.663     0.999890       498682      9102.22
       7.691     0.999902       498688     10240.00
       7.723     0.999915       498694     11702.86
       7.819     0.999927       498700     13653.33
       7.895     0.999939       498706     16384.00
       7.987     0.999945       498710     18204.44
       8.011     0.999951       498714     20480.00
       8.027     0.999957       498715     23405.71
       8.079     0.999963       498718     27306.67
       8.099     0.999969       498721     32768.00
       8.103     0.999973       498723     36408.89
       8.119     0.999976       498724     40960.00
       8.351     0.999979       498726     46811.43
       8.423     0.999982       498727     54613.33
       8.487     0.999985       498729     65536.00
       8.503     0.999986       498730     72817.78
       8.503     0.999988       498730     81920.00
       8.559     0.999989       498731     93622.86
       8.583     0.999991       498732    109226.67
       8.599     0.999992       498733    131072.00
       8.599     0.999993       498733    145635.56
       8.599     0.999994       498733    163840.00
       8.647     0.999995       498734    187245.71
       8.647     0.999995       498734    218453.33
       8.679     0.999996       498735    262144.00
       8.679     0.999997       498735    291271.11
       8.679     0.999997       498735    327680.00
       8.679     0.999997       498735    374491.43
       8.679     0.999998       498735    436906.67
       8.911     0.999998       498736    524288.00
       8.911     1.000000       498736          inf
#[Mean    =        1.370, StdDeviation   =        0.625]
#[Max     =        8.904, Total count    =       498736]
#[Buckets =           27, SubBuckets     =         2048]
----------------------------------------------------------
  597081 requests in 1.00m, 49.54MB read
Requests/sec:   9951.13
Transfer/sec:    845.46KB
