Running 1m test @ http://erik-pc.local:8080/greeting/Bob
  4 threads and 100 connections
  Thread calibration: mean lat.: 2403.308ms, rate sampling interval: 8503ms
  Thread calibration: mean lat.: 2391.612ms, rate sampling interval: 8503ms
  Thread calibration: mean lat.: 2380.658ms, rate sampling interval: 8560ms
  Thread calibration: mean lat.: 2541.603ms, rate sampling interval: 8790ms
  Thread Stats   Avg      Stdev     Max   +/- Stdev
    Latency    16.80s     6.89s   29.20s    57.66%
    Req/Sec     7.81k    94.50     7.95k    75.00%
  Latency Distribution (HdrHistogram - Recorded Latency)
 50.000%   16.92s 
 75.000%   22.79s 
 90.000%   26.26s 
 99.000%   28.41s 
 99.900%   28.93s 
 99.990%   29.11s 
 99.999%   29.21s 
100.000%   29.21s 

  Detailed Percentile spectrum:
       Value   Percentile   TotalCount 1/(1-Percentile)

    4583.423     0.000000            4         1.00
    7151.615     0.100000       156120         1.11
    9609.215     0.200000       312219         1.25
   12066.815     0.300000       468165         1.43
   14557.183     0.400000       624210         1.67
   16924.671     0.500000       780222         2.00
   18087.935     0.550000       857781         2.22
   19234.815     0.600000       936206         2.50
   20414.463     0.650000      1014212         2.86
   21610.495     0.700000      1093099         3.33
   22790.143     0.750000      1170543         4.00
   23379.967     0.775000      1209231         4.44
   23969.791     0.800000      1247821         5.00
   24559.615     0.825000      1287689         5.71
   25116.671     0.850000      1326456         6.67
   25690.111     0.875000      1365184         8.00
   25985.023     0.887500      1385167         8.89
   26263.551     0.900000      1404276        10.00
   26542.079     0.912500      1423394        11.43
   26836.991     0.925000      1443745        13.33
   27115.519     0.937500      1462603        16.00
   27262.975     0.943750      1472756        17.78
   27410.431     0.950000      1482606        20.00
   27541.503     0.956250      1491564        22.86
   27705.343     0.962500      1502257        26.67
   27852.799     0.968750      1511915        32.00
   27918.335     0.971875      1515867        35.56
   28000.255     0.975000      1520599        40.00
   28082.175     0.978125      1525534        45.71
   28164.095     0.981250      1530648        53.33
   28246.015     0.984375      1535545        64.00
   28295.167     0.985938      1538498        71.11
   28327.935     0.987500      1540408        80.00
   28377.087     0.989062      1543074        91.43
   28426.239     0.990625      1545669       106.67
   28475.391     0.992188      1548057       128.00
   28491.775     0.992969      1548668       142.22
   28524.543     0.993750      1550158       160.00
   28557.311     0.994531      1551330       182.86
   28590.079     0.995313      1552465       213.33
   28639.231     0.996094      1553713       256.00
   28655.615     0.996484      1554098       284.44
   28688.383     0.996875      1554706       320.00
   28721.151     0.997266      1555388       365.71
   28770.303     0.997656      1556120       426.67
   28803.071     0.998047      1556496       512.00
   28819.455     0.998242      1556818       568.89
   28852.223     0.998437      1557123       640.00
   28868.607     0.998633      1557446       731.43
   28917.759     0.998828      1557969       853.33
   28934.143     0.999023      1558091      1024.00
   28950.527     0.999121      1558251      1137.78
   28966.911     0.999219      1558475      1280.00
   28966.911     0.999316      1558475      1462.86
   28999.679     0.999414      1558684      1706.67
   29016.063     0.999512      1558878      2048.00
   29016.063     0.999561      1558878      2275.56
   29032.447     0.999609      1558981      2560.00
   29048.831     0.999658      1559088      2925.71
   29048.831     0.999707      1559088      3413.33
   29065.215     0.999756      1559238      4096.00
   29065.215     0.999780      1559238      4551.11
   29065.215     0.999805      1559238      5120.00
   29081.599     0.999829      1559315      5851.43
   29081.599     0.999854      1559315      6826.67
   29114.367     0.999878      1559427      8192.00
   29114.367     0.999890      1559427      9102.22
   29114.367     0.999902      1559427     10240.00
   29114.367     0.999915      1559427     11702.86
   29114.367     0.999927      1559427     13653.33
   29130.751     0.999939      1559450     16384.00
   29147.135     0.999945      1559465     18204.44
   29147.135     0.999951      1559465     20480.00
   29163.519     0.999957      1559492     23405.71
   29163.519     0.999963      1559492     27306.67
   29163.519     0.999969      1559492     32768.00
   29179.903     0.999973      1559513     36408.89
   29179.903     0.999976      1559513     40960.00
   29179.903     0.999979      1559513     46811.43
   29179.903     0.999982      1559513     54613.33
   29212.671     0.999985      1559539     65536.00
   29212.671     1.000000      1559539          inf
#[Mean    =    16801.154, StdDeviation   =     6889.363]
#[Max     =    29196.288, Total count    =      1559539]
#[Buckets =           27, SubBuckets     =         2048]
----------------------------------------------------------
  1877515 requests in 1.00m, 155.78MB read
Requests/sec:  31287.94
Transfer/sec:      2.60MB
