Running 1m test @ http://erik-pc.local:8080/greeting/Bob
  4 threads and 100 connections
  Thread calibration: mean lat.: 16.323ms, rate sampling interval: 76ms
  Thread calibration: mean lat.: 16.500ms, rate sampling interval: 76ms
  Thread calibration: mean lat.: 16.248ms, rate sampling interval: 75ms
  Thread calibration: mean lat.: 16.354ms, rate sampling interval: 76ms
  Thread Stats   Avg      Stdev     Max   +/- Stdev
    Latency    16.35ms   14.28ms  59.65ms   48.35%
    Req/Sec    10.07k     2.65k   15.09k    59.76%
  Latency Distribution (HdrHistogram - Recorded Latency)
 50.000%   14.00ms
 75.000%   28.70ms
 90.000%   37.44ms
 99.000%   45.60ms
 99.900%   49.47ms
 99.990%   52.42ms
 99.999%   56.26ms
100.000%   59.68ms

  Detailed Percentile spectrum:
       Value   Percentile   TotalCount 1/(1-Percentile)

       0.176     0.000000            1         1.00
       0.913     0.100000       199709         1.11
       1.408     0.200000       399214         1.25
       2.073     0.300000       598864         1.43
       7.779     0.400000       798234         1.67
      13.999     0.500000       997705         2.00
      17.007     0.550000      1097777         2.22
      19.967     0.600000      1197545         2.50
      22.895     0.650000      1297203         2.86
      25.807     0.700000      1396866         3.33
      28.703     0.750000      1496560         4.00
      30.143     0.775000      1546594         4.44
      31.567     0.800000      1596447         5.00
      33.023     0.825000      1646994         5.71
      34.431     0.850000      1696184         6.67
      35.935     0.875000      1746854         8.00
      36.671     0.887500      1772007         8.89
      37.439     0.900000      1796544        10.00
      38.239     0.912500      1821170        11.43
      39.071     0.925000      1846620        13.33
      39.935     0.937500      1870836        16.00
      40.415     0.943750      1883291        17.78
      40.927     0.950000      1895863        20.00
      41.439     0.956250      1908107        22.86
      42.015     0.962500      1920948        26.67
      42.623     0.968750      1933429        32.00
      42.975     0.971875      1939771        35.56
      43.327     0.975000      1945758        40.00
      43.711     0.978125      1951802        45.71
      44.159     0.981250      1958464        53.33
      44.607     0.984375      1964546        64.00
      44.831     0.985938      1967479        71.11
      45.087     0.987500      1970496        80.00
      45.407     0.989062      1973815        91.43
      45.759     0.990625      1976865       106.67
      46.175     0.992188      1979987       128.00
      46.399     0.992969      1981601       142.22
      46.623     0.993750      1983124       160.00
      46.847     0.994531      1984582       182.86
      47.103     0.995313      1986194       213.33
      47.391     0.996094      1987744       256.00
      47.551     0.996484      1988511       284.44
      47.711     0.996875      1989224       320.00
      47.935     0.997266      1990000       365.71
      48.191     0.997656      1990795       426.67
      48.479     0.998047      1991525       512.00
      48.639     0.998242      1991925       568.89
      48.831     0.998437      1992318       640.00
      49.055     0.998633      1992736       731.43
      49.247     0.998828      1993090       853.33
      49.503     0.999023      1993490      1024.00
      49.631     0.999121      1993705      1137.78
      49.727     0.999219      1993854      1280.00
      49.887     0.999316      1994068      1462.86
      50.015     0.999414      1994240      1706.67
      50.207     0.999512      1994450      2048.00
      50.335     0.999561      1994538      2275.56
      50.463     0.999609      1994634      2560.00
      50.655     0.999658      1994733      2925.71
      50.879     0.999707      1994826      3413.33
      51.167     0.999756      1994923      4096.00
      51.359     0.999780      1994976      4551.11
      51.519     0.999805      1995022      5120.00
      51.743     0.999829      1995079      5851.43
      51.903     0.999854      1995118      6826.67
      52.159     0.999878      1995169      8192.00
      52.319     0.999890      1995190      9102.22
      52.479     0.999902      1995219     10240.00
      52.639     0.999915      1995238     11702.86
      52.799     0.999927      1995265     13653.33
      53.023     0.999939      1995285     16384.00
      53.247     0.999945      1995297     18204.44
      53.503     0.999951      1995310     20480.00
      53.855     0.999957      1995321     23405.71
      54.143     0.999963      1995333     27306.67
      54.431     0.999969      1995347     32768.00
      54.591     0.999973      1995353     36408.89
      54.719     0.999976      1995358     40960.00
      54.975     0.999979      1995364     46811.43
      55.263     0.999982      1995370     54613.33
      55.583     0.999985      1995377     65536.00
      55.615     0.999986      1995379     72817.78
      55.935     0.999988      1995382     81920.00
      56.159     0.999989      1995385     93622.86
      56.383     0.999991      1995388    109226.67
      56.511     0.999992      1995391    131072.00
      56.703     0.999993      1995393    145635.56
      56.863     0.999994      1995394    163840.00
      57.151     0.999995      1995396    187245.71
      57.183     0.999995      1995397    218453.33
      57.311     0.999996      1995399    262144.00
      57.343     0.999997      1995400    291271.11
      57.343     0.999997      1995400    327680.00
      57.695     0.999997      1995401    374491.43
      57.887     0.999998      1995402    436906.67
      58.047     0.999998      1995403    524288.00
      58.047     0.999998      1995403    582542.22
      58.047     0.999998      1995403    655360.00
      58.079     0.999999      1995405    748982.86
      58.079     0.999999      1995405    873813.33
      58.079     0.999999      1995405   1048576.00
      58.079     0.999999      1995405   1165084.44
      58.079     0.999999      1995405   1310720.00
      58.079     0.999999      1995405   1497965.71
      58.079     0.999999      1995405   1747626.67
      59.679     1.000000      1995406   2097152.00
      59.679     1.000000      1995406          inf
#[Mean    =       16.352, StdDeviation   =       14.277]
#[Max     =       59.648, Total count    =      1995406]
#[Buckets =           27, SubBuckets     =         2048]
----------------------------------------------------------
  2397126 requests in 1.00m, 166.88MB read
Requests/sec:  39929.57
Transfer/sec:      2.78MB
