Running 1m test @ http://erik-pc.local:8080/greeting/Bob
  4 threads and 100 connections
  Thread calibration: mean lat.: 2546.445ms, rate sampling interval: 9478ms
  Thread calibration: mean lat.: 2452.252ms, rate sampling interval: 8781ms
  Thread calibration: mean lat.: 2610.024ms, rate sampling interval: 9584ms
  Thread calibration: mean lat.: 2531.250ms, rate sampling interval: 9469ms
  Thread Stats   Avg      Stdev     Max   +/- Stdev
    Latency    18.47s     7.71s   32.19s    57.55%
    Req/Sec    14.01k   121.80    14.19k    80.00%
  Latency Distribution (HdrHistogram - Recorded Latency)
 50.000%   18.51s 
 75.000%   25.18s 
 90.000%   29.15s 
 99.000%   31.54s 
 99.900%   31.92s 
 99.990%   32.06s 
 99.999%   32.19s 
100.000%   32.21s 

  Detailed Percentile spectrum:
       Value   Percentile   TotalCount 1/(1-Percentile)

    4734.975     0.000000            1         1.00
    7790.591     0.100000       280013         1.11
   10444.799     0.200000       560236         1.25
   13099.007     0.300000       839856         1.43
   15810.559     0.400000      1119325         1.67
   18513.919     0.500000      1399559         2.00
   19824.639     0.550000      1539596         2.22
   21151.743     0.600000      1679931         2.50
   22511.615     0.650000      1820081         2.86
   23838.719     0.700000      1959757         3.33
   25182.207     0.750000      2099376         4.00
   25853.951     0.775000      2168722         4.44
   26509.311     0.800000      2239241         5.00
   27131.903     0.825000      2307972         5.71
   27820.031     0.850000      2378596         6.67
   28475.391     0.875000      2448835         8.00
   28803.071     0.887500      2483704         8.89
   29147.135     0.900000      2519537        10.00
   29474.815     0.912500      2553972        11.43
   29802.495     0.925000      2588752        13.33
   30130.175     0.937500      2623556        16.00
   30294.015     0.943750      2640811        17.78
   30457.855     0.950000      2658316        20.00
   30621.695     0.956250      2675273        22.86
   30801.919     0.962500      2694398        26.67
   30965.759     0.968750      2711620        32.00
   31031.295     0.971875      2718944        35.56
   31113.215     0.975000      2727788        40.00
   31195.135     0.978125      2736840        45.71
   31277.055     0.981250      2745587        53.33
   31358.975     0.984375      2754394        64.00
   31408.127     0.985938      2759217        71.11
   31457.279     0.987500      2763434        80.00
   31506.431     0.989062      2767593        91.43
   31555.583     0.990625      2771529       106.67
   31621.119     0.992188      2776728       128.00
   31653.887     0.992969      2778971       142.22
   31670.271     0.993750      2780628       160.00
   31703.039     0.994531      2782913       182.86
   31735.807     0.995313      2785543       213.33
   31768.575     0.996094      2787716       256.00
   31768.575     0.996484      2787716       284.44
   31801.343     0.996875      2789780       320.00
   31817.727     0.997266      2790647       365.71
   31834.111     0.997656      2791462       426.67
   31850.495     0.998047      2792212       512.00
   31866.879     0.998242      2792844       568.89
   31883.263     0.998437      2793747       640.00
   31883.263     0.998633      2793747       731.43
   31899.647     0.998828      2794369       853.33
   31916.031     0.999023      2794910      1024.00
   31932.415     0.999121      2795398      1137.78
   31932.415     0.999219      2795398      1280.00
   31948.799     0.999316      2795851      1462.86
   31965.183     0.999414      2796285      1706.67
   31965.183     0.999512      2796285      2048.00
   31981.567     0.999561      2796523      2275.56
   31981.567     0.999609      2796523      2560.00
   31997.951     0.999658      2796812      2925.71
   31997.951     0.999707      2796812      3413.33
   32014.335     0.999756      2796994      4096.00
   32014.335     0.999780      2796994      4551.11
   32014.335     0.999805      2796994      5120.00
   32030.719     0.999829      2797096      5851.43
   32047.103     0.999854      2797232      6826.67
   32047.103     0.999878      2797232      8192.00
   32047.103     0.999890      2797232      9102.22
   32063.487     0.999902      2797375     10240.00
   32063.487     0.999915      2797375     11702.86
   32063.487     0.999927      2797375     13653.33
   32063.487     0.999939      2797375     16384.00
   32079.871     0.999945      2797410     18204.44
   32079.871     0.999951      2797410     20480.00
   32096.255     0.999957      2797426     23405.71
   32145.407     0.999963      2797469     27306.67
   32145.407     0.999969      2797469     32768.00
   32145.407     0.999973      2797469     36408.89
   32178.175     0.999976      2797476     40960.00
   32194.559     0.999979      2797526     46811.43
   32194.559     0.999982      2797526     54613.33
   32194.559     0.999985      2797526     65536.00
   32194.559     0.999986      2797526     72817.78
   32194.559     0.999988      2797526     81920.00
   32194.559     0.999989      2797526     93622.86
   32194.559     0.999991      2797526    109226.67
   32194.559     0.999992      2797526    131072.00
   32194.559     0.999993      2797526    145635.56
   32194.559     0.999994      2797526    163840.00
   32194.559     0.999995      2797526    187245.71
   32210.943     0.999995      2797539    218453.33
   32210.943     1.000000      2797539          inf
#[Mean    =    18468.458, StdDeviation   =     7708.751]
#[Max     =    32194.560, Total count    =      2797539]
#[Buckets =           27, SubBuckets     =         2048]
----------------------------------------------------------
  3355137 requests in 1.00m, 233.58MB read
Requests/sec:  55874.17
Transfer/sec:      3.89MB
