Running 1m test @ http://erik-pc.local:8080/greeting/Bob
  4 threads and 100 connections
  Thread calibration: mean lat.: 2215.498ms, rate sampling interval: 7958ms
  Thread calibration: mean lat.: 2217.035ms, rate sampling interval: 7897ms
  Thread calibration: mean lat.: 2189.620ms, rate sampling interval: 7823ms
  Thread calibration: mean lat.: 2216.211ms, rate sampling interval: 7913ms
  Thread Stats   Avg      Stdev     Max   +/- Stdev
    Latency    15.23s     6.28s   26.56s    57.92%
    Req/Sec    14.09k   126.97    14.31k    75.00%
  Latency Distribution (HdrHistogram - Recorded Latency)
 50.000%   15.20s 
 75.000%   20.66s 
 90.000%   23.97s 
 99.000%   25.95s 
 99.900%   26.33s 
 99.990%   26.48s 
 99.999%   26.56s 
100.000%   26.57s 

  Detailed Percentile spectrum:
       Value   Percentile   TotalCount 1/(1-Percentile)

    4247.551     0.000000            4         1.00
    6524.927     0.100000       281489         1.11
    8773.631     0.200000       562408         1.25
   10936.319     0.300000       844135         1.43
   13041.663     0.400000      1124786         1.67
   15196.159     0.500000      1405155         2.00
   16277.503     0.550000      1546465         2.22
   17334.271     0.600000      1686381         2.50
   18448.383     0.650000      1827578         2.86
   19578.879     0.700000      1968873         3.33
   20660.223     0.750000      2107898         4.00
   21233.663     0.775000      2179517         4.44
   21774.335     0.800000      2248864         5.00
   22315.007     0.825000      2318756         5.71
   22872.063     0.850000      2388876         6.67
   23429.119     0.875000      2460363         8.00
   23691.263     0.887500      2494459         8.89
   23969.791     0.900000      2530377        10.00
   24231.935     0.912500      2564304        11.43
   24510.463     0.925000      2600125        13.33
   24788.991     0.937500      2635613        16.00
   24936.447     0.943750      2654018        17.78
   25067.519     0.950000      2670909        20.00
   25214.975     0.956250      2689016        22.86
   25346.047     0.962500      2706540        26.67
   25477.119     0.968750      2723150        32.00
   25542.655     0.971875      2731887        35.56
   25608.191     0.975000      2740664        40.00
   25673.727     0.978125      2748735        45.71
   25739.263     0.981250      2757450        53.33
   25821.183     0.984375      2767163        64.00
   25853.951     0.985938      2771174        71.11
   25886.719     0.987500      2775143        80.00
   25935.871     0.989062      2780625        91.43
   25968.639     0.990625      2783798       106.67
   26017.791     0.992188      2789336       128.00
   26034.175     0.992969      2790947       142.22
   26066.943     0.993750      2793995       160.00
   26083.327     0.994531      2795204       182.86
   26116.095     0.995313      2797959       213.33
   26148.863     0.996094      2800310       256.00
   26148.863     0.996484      2800310       284.44
   26165.247     0.996875      2801415       320.00
   26198.015     0.997266      2803111       365.71
   26214.399     0.997656      2804031       426.67
   26247.167     0.998047      2805312       512.00
   26247.167     0.998242      2805312       568.89
   26263.551     0.998437      2805945       640.00
   26279.935     0.998633      2806406       731.43
   26296.319     0.998828      2806905       853.33
   26329.087     0.999023      2807768      1024.00
   26329.087     0.999121      2807768      1137.78
   26345.471     0.999219      2808161      1280.00
   26361.855     0.999316      2808401      1462.86
   26378.239     0.999414      2808739      1706.67
   26394.623     0.999512      2809056      2048.00
   26394.623     0.999561      2809056      2275.56
   26394.623     0.999609      2809056      2560.00
   26411.007     0.999658      2809190      2925.71
   26427.391     0.999707      2809500      3413.33
   26427.391     0.999756      2809500      4096.00
   26443.775     0.999780      2809630      4551.11
   26443.775     0.999805      2809630      5120.00
   26460.159     0.999829      2809716      5851.43
   26476.543     0.999854      2809878      6826.67
   26476.543     0.999878      2809878      8192.00
   26476.543     0.999890      2809878      9102.22
   26476.543     0.999902      2809878     10240.00
   26492.927     0.999915      2809913     11702.86
   26509.311     0.999927      2810016     13653.33
   26509.311     0.999939      2810016     16384.00
   26509.311     0.999945      2810016     18204.44
   26509.311     0.999951      2810016     20480.00
   26509.311     0.999957      2810016     23405.71
   26525.695     0.999963      2810050     27306.67
   26525.695     0.999969      2810050     32768.00
   26542.079     0.999973      2810074     36408.89
   26542.079     0.999976      2810074     40960.00
   26542.079     0.999979      2810074     46811.43
   26558.463     0.999982      2810130     54613.33
   26558.463     0.999985      2810130     65536.00
   26558.463     0.999986      2810130     72817.78
   26558.463     0.999988      2810130     81920.00
   26558.463     0.999989      2810130     93622.86
   26558.463     0.999991      2810130    109226.67
   26558.463     0.999992      2810130    131072.00
   26558.463     0.999993      2810130    145635.56
   26558.463     0.999994      2810130    163840.00
   26558.463     0.999995      2810130    187245.71
   26558.463     0.999995      2810130    218453.33
   26558.463     0.999996      2810130    262144.00
   26558.463     0.999997      2810130    291271.11
   26558.463     0.999997      2810130    327680.00
   26558.463     0.999997      2810130    374491.43
   26558.463     0.999998      2810130    436906.67
   26558.463     0.999998      2810130    524288.00
   26558.463     0.999998      2810130    582542.22
   26558.463     0.999998      2810130    655360.00
   26558.463     0.999999      2810130    748982.86
   26558.463     0.999999      2810130    873813.33
   26558.463     0.999999      2810130   1048576.00
   26558.463     0.999999      2810130   1165084.44
   26558.463     0.999999      2810130   1310720.00
   26558.463     0.999999      2810130   1497965.71
   26558.463     0.999999      2810130   1747626.67
   26558.463     1.000000      2810130   2097152.00
   26558.463     1.000000      2810130   2330168.89
   26558.463     1.000000      2810130   2621440.00
   26574.847     1.000000      2810131   2995931.43
   26574.847     1.000000      2810131          inf
#[Mean    =    15232.769, StdDeviation   =     6277.652]
#[Max     =    26558.464, Total count    =      2810131]
#[Buckets =           27, SubBuckets     =         2048]
----------------------------------------------------------
  3379908 requests in 1.00m, 235.30MB read
Requests/sec:  56332.35
Transfer/sec:      3.92MB
