Running 1m test @ http://erik-pc.local:8080/greeting/Bob
  4 threads and 100 connections
  Thread calibration: mean lat.: 1340.553ms, rate sampling interval: 4771ms
  Thread calibration: mean lat.: 1370.720ms, rate sampling interval: 4833ms
  Thread calibration: mean lat.: 1413.031ms, rate sampling interval: 5107ms
  Thread calibration: mean lat.: 1341.447ms, rate sampling interval: 4743ms
  Thread Stats   Avg      Stdev     Max   +/- Stdev
    Latency     9.14s     3.76s   16.81s    58.00%
    Req/Sec     7.77k   130.06     8.02k    66.67%
  Latency Distribution (HdrHistogram - Recorded Latency)
 50.000%    9.04s 
 75.000%   12.40s 
 90.000%   14.41s 
 99.000%   15.73s 
 99.900%   16.38s 
 99.990%   16.73s 
 99.999%   16.81s 
100.000%   16.83s 

  Detailed Percentile spectrum:
       Value   Percentile   TotalCount 1/(1-Percentile)

    2455.551     0.000000            2         1.00
    4032.511     0.100000       155061         1.11
    5275.647     0.200000       309909         1.25
    6500.351     0.300000       464919         1.43
    7729.151     0.400000       620268         1.67
    9035.775     0.500000       775029         2.00
    9715.711     0.550000       852463         2.22
   10387.455     0.600000       929971         2.50
   11091.967     0.650000      1007885         2.86
   11755.519     0.700000      1085088         3.33
   12402.687     0.750000      1162522         4.00
   12738.559     0.775000      1201527         4.44
   13082.623     0.800000      1240247         5.00
   13418.495     0.825000      1278658         5.71
   13746.175     0.850000      1317005         6.67
   14082.047     0.875000      1356198         8.00
   14245.887     0.887500      1375658         8.89
   14409.727     0.900000      1394965        10.00
   14565.375     0.912500      1414115        11.43
   14721.023     0.925000      1433531        13.33
   14876.671     0.937500      1452693        16.00
   14958.591     0.943750      1462540        17.78
   15048.703     0.950000      1472728        20.00
   15130.623     0.956250      1481978        22.86
   15220.735     0.962500      1491935        26.67
   15310.847     0.968750      1501371        32.00
   15359.999     0.971875      1506341        35.56
   15409.151     0.975000      1510974        40.00
   15458.303     0.978125      1515525        45.71
   15515.647     0.981250      1520512        53.33
   15581.183     0.984375      1525474        64.00
   15613.951     0.985938      1527787        71.11
   15654.911     0.987500      1530356        80.00
   15695.871     0.989062      1532523        91.43
   15753.215     0.990625      1535134       106.67
   15810.559     0.992188      1537389       128.00
   15851.519     0.992969      1538636       142.22
   15892.479     0.993750      1539716       160.00
   15949.823     0.994531      1541006       182.86
   16007.167     0.995313      1542259       213.33
   16064.511     0.996094      1543425       256.00
   16097.279     0.996484      1544034       284.44
   16130.047     0.996875      1544562       320.00
   16171.007     0.997266      1545253       365.71
   16203.775     0.997656      1545758       426.67
   16244.735     0.998047      1546370       512.00
   16269.311     0.998242      1546712       568.89
   16293.887     0.998437      1546975       640.00
   16326.655     0.998633      1547285       731.43
   16359.423     0.998828      1547614       853.33
   16383.999     0.999023      1547851      1024.00
   16400.383     0.999121      1548007      1137.78
   16416.767     0.999219      1548177      1280.00
   16433.151     0.999316      1548309      1462.86
   16457.727     0.999414      1548456      1706.67
   16490.495     0.999512      1548629      2048.00
   16506.879     0.999561      1548703      2275.56
   16523.263     0.999609      1548773      2560.00
   16539.647     0.999658      1548845      2925.71
   16556.031     0.999707      1548909      3413.33
   16580.607     0.999756      1548997      4096.00
   16596.991     0.999780      1549039      4551.11
   16605.183     0.999805      1549065      5120.00
   16621.567     0.999829      1549101      5851.43
   16654.335     0.999854      1549137      6826.67
   16703.487     0.999878      1549176      8192.00
   16719.871     0.999890      1549206      9102.22
   16728.063     0.999902      1549216     10240.00
   16736.255     0.999915      1549230     11702.86
   16752.639     0.999927      1549261     13653.33
   16760.831     0.999939      1549279     16384.00
   16760.831     0.999945      1549279     18204.44
   16769.023     0.999951      1549300     20480.00
   16769.023     0.999957      1549300     23405.71
   16777.215     0.999963      1549317     27306.67
   16777.215     0.999969      1549317     32768.00
   16793.599     0.999973      1549345     36408.89
   16793.599     0.999976      1549345     40960.00
   16793.599     0.999979      1549345     46811.43
   16793.599     0.999982      1549345     54613.33
   16793.599     0.999985      1549345     65536.00
   16793.599     0.999986      1549345     72817.78
   16793.599     0.999988      1549345     81920.00
   16809.983     0.999989      1549355     93622.86
   16809.983     0.999991      1549355    109226.67
   16809.983     0.999992      1549355    131072.00
   16809.983     0.999993      1549355    145635.56
   16809.983     0.999994      1549355    163840.00
   16809.983     0.999995      1549355    187245.71
   16809.983     0.999995      1549355    218453.33
   16826.367     0.999996      1549362    262144.00
   16826.367     1.000000      1549362          inf
#[Mean    =     9141.397, StdDeviation   =     3764.455]
#[Max     =    16809.984, Total count    =      1549362]
#[Buckets =           27, SubBuckets     =         2048]
----------------------------------------------------------
  1858124 requests in 1.00m, 154.17MB read
Requests/sec:  30960.34
Transfer/sec:      2.57MB
