Running 1m test @ http://erik-pc.local:8080/greeting/Bob
  4 threads and 100 connections
  Thread calibration: mean lat.: 1.356ms, rate sampling interval: 10ms
  Thread calibration: mean lat.: 1.376ms, rate sampling interval: 10ms
  Thread calibration: mean lat.: 1.437ms, rate sampling interval: 10ms
  Thread calibration: mean lat.: 1.413ms, rate sampling interval: 10ms
  Thread Stats   Avg      Stdev     Max   +/- Stdev
    Latency     1.44ms  515.63us   7.18ms   65.01%
    Req/Sec     2.64k   426.64     4.22k    82.52%
  Latency Distribution (HdrHistogram - Recorded Latency)
 50.000%    1.40ms
 75.000%    1.84ms
 90.000%    2.09ms
 99.000%    2.51ms
 99.900%    4.86ms
 99.990%    5.96ms
 99.999%    6.95ms
100.000%    7.19ms

  Detailed Percentile spectrum:
       Value   Percentile   TotalCount 1/(1-Percentile)

       0.279     0.000000            1         1.00
       0.792     0.100000        49941         1.11
       0.960     0.200000       100000         1.25
       1.099     0.300000       149936         1.43
       1.240     0.400000       199503         1.67
       1.397     0.500000       249462         2.00
       1.488     0.550000       274428         2.22
       1.584     0.600000       299461         2.50
       1.676     0.650000       324457         2.86
       1.760     0.700000       349353         3.33
       1.840     0.750000       374278         4.00
       1.879     0.775000       386798         4.44
       1.918     0.800000       399152         5.00
       1.957     0.825000       411500         5.71
       1.998     0.850000       424240         6.67
       2.040     0.875000       436417         8.00
       2.065     0.887500       443024         8.89
       2.089     0.900000       448989        10.00
       2.117     0.912500       455472        11.43
       2.145     0.925000       461345        13.33
       2.181     0.937500       467896        16.00
       2.199     0.943750       470779        17.78
       2.221     0.950000       473971        20.00
       2.245     0.956250       477044        22.86
       2.273     0.962500       480195        26.67
       2.303     0.968750       483191        32.00
       2.323     0.971875       484860        35.56
       2.343     0.975000       486325        40.00
       2.367     0.978125       487921        45.71
       2.395     0.981250       489460        53.33
       2.429     0.984375       491006        64.00
       2.449     0.985938       491803        71.11
       2.471     0.987500       492570        80.00
       2.495     0.989062       493365        91.43
       2.523     0.990625       494108       106.67
       2.559     0.992188       494875       128.00
       2.579     0.992969       495269       142.22
       2.601     0.993750       495639       160.00
       2.627     0.994531       496030       182.86
       2.659     0.995313       496413       213.33
       2.703     0.996094       496805       256.00
       2.729     0.996484       497009       284.44
       2.759     0.996875       497192       320.00
       2.793     0.997266       497388       365.71
       2.849     0.997656       497584       426.67
       2.949     0.998047       497775       512.00
       3.063     0.998242       497874       568.89
       3.239     0.998437       497969       640.00
       4.359     0.998633       498067       731.43
       4.667     0.998828       498165       853.33
       4.883     0.999023       498264      1024.00
       4.951     0.999121       498311      1137.78
       5.043     0.999219       498361      1280.00
       5.127     0.999316       498410      1462.86
       5.211     0.999414       498456      1706.67
       5.307     0.999512       498508      2048.00
       5.355     0.999561       498530      2275.56
       5.395     0.999609       498555      2560.00
       5.463     0.999658       498578      2925.71
       5.523     0.999707       498602      3413.33
       5.643     0.999756       498627      4096.00
       5.707     0.999780       498639      4551.11
       5.759     0.999805       498652      5120.00
       5.807     0.999829       498664      5851.43
       5.847     0.999854       498675      6826.67
       5.899     0.999878       498690      8192.00
       5.935     0.999890       498694      9102.22
       5.975     0.999902       498700     10240.00
       6.095     0.999915       498706     11702.86
       6.399     0.999927       498713     13653.33
       6.447     0.999939       498719     16384.00
       6.499     0.999945       498721     18204.44
       6.527     0.999951       498724     20480.00
       6.611     0.999957       498728     23405.71
       6.631     0.999963       498731     27306.67
       6.751     0.999969       498733     32768.00
       6.775     0.999973       498735     36408.89
       6.815     0.999976       498736     40960.00
       6.847     0.999979       498738     46811.43
       6.867     0.999982       498739     54613.33
       6.891     0.999985       498741     65536.00
       6.939     0.999986       498742     72817.78
       6.939     0.999988       498742     81920.00
       6.947     0.999989       498743     93622.86
       6.963     0.999991       498744    109226.67
       6.999     0.999992       498745    131072.00
       6.999     0.999993       498745    145635.56
       6.999     0.999994       498745    163840.00
       7.011     0.999995       498746    187245.71
       7.011     0.999995       498746    218453.33
       7.071     0.999996       498747    262144.00
       7.071     0.999997       498747    291271.11
       7.071     0.999997       498747    327680.00
       7.071     0.999997       498747    374491.43
       7.071     0.999998       498747    436906.67
       7.187     0.999998       498748    524288.00
       7.187     1.000000       498748          inf
#[Mean    =        1.435, StdDeviation   =        0.516]
#[Max     =        7.184, Total count    =       498748]
#[Buckets =           27, SubBuckets     =         2048]
----------------------------------------------------------
  599436 requests in 1.00m, 41.73MB read
Requests/sec:   9990.36
Transfer/sec:    712.20KB
