Running 1m test @ http://erik-pc.local:8080/greeting/Bob
  4 threads and 100 connections
  Thread calibration: mean lat.: 1491.401ms, rate sampling interval: 5341ms
  Thread calibration: mean lat.: 1492.268ms, rate sampling interval: 5382ms
  Thread calibration: mean lat.: 1457.063ms, rate sampling interval: 5201ms
  Thread calibration: mean lat.: 1454.688ms, rate sampling interval: 5218ms
  Thread Stats   Avg      Stdev     Max   +/- Stdev
    Latency    10.32s     4.24s   18.09s    57.97%
    Req/Sec    14.12k   170.25    14.45k    66.67%
  Latency Distribution (HdrHistogram - Recorded Latency)
 50.000%   10.35s 
 75.000%   14.00s 
 90.000%   16.19s 
 99.000%   17.56s 
 99.900%   17.94s 
 99.990%   18.07s 
 99.999%   18.10s 
100.000%   18.10s 

  Detailed Percentile spectrum:
       Value   Percentile   TotalCount 1/(1-Percentile)

    2615.295     0.000000            1         1.00
    4403.199     0.100000       282240         1.11
    5922.815     0.200000       563390         1.25
    7405.567     0.300000       844931         1.43
    8912.895     0.400000      1125897         1.67
   10346.495     0.500000      1407650         2.00
   11083.775     0.550000      1548836         2.22
   11804.671     0.600000      1690100         2.50
   12525.567     0.650000      1830189         2.86
   13271.039     0.700000      1971025         3.33
   14000.127     0.750000      2111014         4.00
   14360.575     0.775000      2182245         4.44
   14712.831     0.800000      2252221         5.00
   15081.471     0.825000      2322567         5.71
   15450.111     0.850000      2393737         6.67
   15802.367     0.875000      2462952         8.00
   15990.783     0.887500      2498366         8.89
   16187.391     0.900000      2533838        10.00
   16367.615     0.912500      2569316        11.43
   16547.839     0.925000      2604573        13.33
   16719.871     0.937500      2638861        16.00
   16809.983     0.943750      2656693        17.78
   16908.287     0.950000      2676777        20.00
   16990.207     0.956250      2692480        22.86
   17088.511     0.962500      2710811        26.67
   17186.815     0.968750      2728656        32.00
   17235.967     0.971875      2737520        35.56
   17285.119     0.975000      2746002        40.00
   17334.271     0.978125      2754205        45.71
   17399.807     0.981250      2763888        53.33
   17448.959     0.984375      2771015        64.00
   17481.727     0.985938      2775507        71.11
   17514.495     0.987500      2780374        80.00
   17547.263     0.989062      2785075        91.43
   17580.031     0.990625      2789403       106.67
   17612.799     0.992188      2793066       128.00
   17629.183     0.992969      2794764       142.22
   17661.951     0.993750      2797931       160.00
   17678.335     0.994531      2799469       182.86
   17711.103     0.995313      2802200       213.33
   17743.871     0.996094      2804546       256.00
   17760.255     0.996484      2805441       284.44
   17776.639     0.996875      2806383       320.00
   17793.023     0.997266      2807124       365.71
   17825.791     0.997656      2808358       426.67
   17858.559     0.998047      2809541       512.00
   17874.943     0.998242      2810017       568.89
   17891.327     0.998437      2810555       640.00
   17907.711     0.998633      2811009       731.43
   17924.095     0.998828      2811515       853.33
   17940.479     0.999023      2811960      1024.00
   17956.863     0.999121      2812492      1137.78
   17956.863     0.999219      2812492      1280.00
   17973.247     0.999316      2812871      1462.86
   17973.247     0.999414      2812871      1706.67
   17989.631     0.999512      2813174      2048.00
   18006.015     0.999561      2813540      2275.56
   18006.015     0.999609      2813540      2560.00
   18006.015     0.999658      2813540      2925.71
   18022.399     0.999707      2813798      3413.33
   18038.783     0.999756      2814004      4096.00
   18038.783     0.999780      2814004      4551.11
   18038.783     0.999805      2814004      5120.00
   18055.167     0.999829      2814160      5851.43
   18055.167     0.999854      2814160      6826.67
   18055.167     0.999878      2814160      8192.00
   18071.551     0.999890      2814345      9102.22
   18071.551     0.999902      2814345     10240.00
   18071.551     0.999915      2814345     11702.86
   18071.551     0.999927      2814345     13653.33
   18071.551     0.999939      2814345     16384.00
   18087.935     0.999945      2814465     18204.44
   18087.935     0.999951      2814465     20480.00
   18087.935     0.999957      2814465     23405.71
   18087.935     0.999963      2814465     27306.67
   18087.935     0.999969      2814465     32768.00
   18087.935     0.999973      2814465     36408.89
   18087.935     0.999976      2814465     40960.00
   18087.935     0.999979      2814465     46811.43
   18087.935     0.999982      2814465     54613.33
   18087.935     0.999985      2814465     65536.00
   18087.935     0.999986      2814465     72817.78
   18104.319     0.999988      2814501     81920.00
   18104.319     1.000000      2814501          inf
#[Mean    =    10324.056, StdDeviation   =     4244.410]
#[Max     =    18087.936, Total count    =      2814501]
#[Buckets =           27, SubBuckets     =         2048]
----------------------------------------------------------
  3382066 requests in 1.00m, 235.45MB read
Requests/sec:  56357.63
Transfer/sec:      3.92MB
