Running 1m test @ http://erik-pc.local:8080/greeting/Bob
  4 threads and 100 connections
  Thread calibration: mean lat.: 1.780ms, rate sampling interval: 10ms
  Thread calibration: mean lat.: 1.660ms, rate sampling interval: 10ms
  Thread calibration: mean lat.: 1.964ms, rate sampling interval: 10ms
  Thread calibration: mean lat.: 1.407ms, rate sampling interval: 10ms
  Thread Stats   Avg      Stdev     Max   +/- Stdev
    Latency     4.37ms   48.16ms   1.00s    99.68%
    Req/Sec     5.28k   797.92    13.22k    83.60%
  Latency Distribution (HdrHistogram - Recorded Latency)
 50.000%    1.47ms
 75.000%    2.15ms
 90.000%    2.87ms
 99.000%    3.80ms
 99.900%  906.75ms
 99.990%  997.38ms
 99.999%    1.00s 
100.000%    1.00s 

  Detailed Percentile spectrum:
       Value   Percentile   TotalCount 1/(1-Percentile)

       0.245     0.000000            1         1.00
       0.702     0.100000        99639         1.11
       0.923     0.200000       198901         1.25
       1.108     0.300000       298379         1.43
       1.278     0.400000       397777         1.67
       1.469     0.500000       497436         2.00
       1.584     0.550000       546810         2.22
       1.717     0.600000       596745         2.50
       1.862     0.650000       646419         2.86
       2.008     0.700000       696182         3.33
       2.153     0.750000       746264         4.00
       2.227     0.775000       770495         4.44
       2.315     0.800000       795513         5.00
       2.423     0.825000       820270         5.71
       2.553     0.850000       845106         6.67
       2.707     0.875000       870026         8.00
       2.789     0.887500       882432         8.89
       2.871     0.900000       894842        10.00
       2.953     0.912500       907146        11.43
       3.039     0.925000       919588        13.33
       3.129     0.937500       932041        16.00
       3.173     0.943750       938201        17.78
       3.221     0.950000       944496        20.00
       3.271     0.956250       950796        22.86
       3.323     0.962500       956830        26.67
       3.385     0.968750       963146        32.00
       3.419     0.971875       966184        35.56
       3.459     0.975000       969316        40.00
       3.503     0.978125       972386        45.71
       3.555     0.981250       975536        53.33
       3.619     0.984375       978598        64.00
       3.659     0.985938       980169        71.11
       3.703     0.987500       981683        80.00
       3.759     0.989062       983272        91.43
       3.829     0.990625       984803       106.67
       3.927     0.992188       986345       128.00
       4.003     0.992969       987111       142.22
       4.119     0.993750       987902       160.00
       4.299     0.994531       988672       182.86
       4.987     0.995313       989443       213.33
       6.095     0.996094       990220       256.00
       7.131     0.996484       990606       284.44
     693.247     0.996875       990997       320.00
     732.671     0.997266       991384       365.71
     771.071     0.997656       991773       426.67
     810.495     0.998047       992167       512.00
     830.975     0.998242       992360       568.89
     849.407     0.998437       992548       640.00
     867.839     0.998633       992744       731.43
     887.295     0.998828       992940       853.33
     907.775     0.999023       993144      1024.00
     917.503     0.999121       993236      1137.78
     927.231     0.999219       993331      1280.00
     937.471     0.999316       993432      1462.86
     947.199     0.999414       993523      1706.67
     956.927     0.999512       993616      2048.00
     962.047     0.999561       993667      2275.56
     967.167     0.999609       993715      2560.00
     972.287     0.999658       993768      2925.71
     976.895     0.999707       993812      3413.33
     981.503     0.999756       993858      4096.00
     983.039     0.999780       993885      4551.11
     986.623     0.999805       993907      5120.00
     988.159     0.999829       993940      5851.43
     991.743     0.999854       993959      6826.67
     993.791     0.999878       993987      8192.00
     994.303     0.999890       993994      9102.22
     997.375     0.999902       994011     10240.00
     997.887     0.999915       994028     11702.86
     997.887     0.999927       994028     13653.33
     998.399     0.999939       994043     16384.00
     998.911     0.999945       994048     18204.44
     999.935     0.999951       994052     20480.00
    1001.983     0.999957       994062     23405.71
    1002.495     0.999963       994078     27306.67
    1002.495     0.999969       994078     32768.00
    1002.495     0.999973       994078     36408.89
    1002.495     0.999976       994078     40960.00
    1003.007     0.999979       994092     46811.43
    1003.007     0.999982       994092     54613.33
    1003.007     0.999985       994092     65536.00
    1003.007     0.999986       994092     72817.78
    1003.007     0.999988       994092     81920.00
    1003.007     0.999989       994092     93622.86
    1003.007     0.999991       994092    109226.67
    1003.519     0.999992       994097    131072.00
    1003.519     0.999993       994097    145635.56
    1003.519     0.999994       994097    163840.00
    1003.519     0.999995       994097    187245.71
    1003.519     0.999995       994097    218453.33
    1003.519     0.999996       994097    262144.00
    1003.519     0.999997       994097    291271.11
    1003.519     0.999997       994097    327680.00
    1004.031     0.999997       994100    374491.43
    1004.031     1.000000       994100          inf
#[Mean    =        4.368, StdDeviation   =       48.157]
#[Max     =     1003.520, Total count    =       994100]
#[Buckets =           27, SubBuckets     =         2048]
----------------------------------------------------------
  1190721 requests in 1.00m, 82.90MB read
Requests/sec:  19844.84
Transfer/sec:      1.38MB
