Running 1m test @ http://erik-pc.local:8080/greeting/Bob
  4 threads and 100 connections
  Thread calibration: mean lat.: 1.421ms, rate sampling interval: 10ms
  Thread calibration: mean lat.: 1.396ms, rate sampling interval: 10ms
  Thread calibration: mean lat.: 1.312ms, rate sampling interval: 10ms
  Thread calibration: mean lat.: 1.367ms, rate sampling interval: 10ms
  Thread Stats   Avg      Stdev     Max   +/- Stdev
    Latency     1.37ms  597.55us   8.10ms   70.03%
    Req/Sec    10.55k   841.87    15.89k    78.39%
  Latency Distribution (HdrHistogram - Recorded Latency)
 50.000%    1.29ms
 75.000%    1.73ms
 90.000%    2.14ms
 99.000%    2.95ms
 99.900%    5.03ms
 99.990%    6.58ms
 99.999%    7.61ms
100.000%    8.10ms

  Detailed Percentile spectrum:
       Value   Percentile   TotalCount 1/(1-Percentile)

       0.199     0.000000            1         1.00
       0.657     0.100000       199959         1.11
       0.885     0.200000       399227         1.25
       1.049     0.300000       598520         1.43
       1.176     0.400000       798527         1.67
       1.294     0.500000       998983         2.00
       1.360     0.550000      1098391         2.22
       1.433     0.600000      1197329         2.50
       1.521     0.650000      1296770         2.86
       1.620     0.700000      1397049         3.33
       1.726     0.750000      1496507         4.00
       1.785     0.775000      1546727         4.44
       1.846     0.800000      1596235         5.00
       1.910     0.825000      1646149         5.71
       1.980     0.850000      1695912         6.67
       2.059     0.875000      1746591         8.00
       2.101     0.887500      1771323         8.89
       2.145     0.900000      1795464        10.00
       2.195     0.912500      1821142        11.43
       2.249     0.925000      1845914        13.33
       2.311     0.937500      1870706        16.00
       2.347     0.943750      1883189        17.78
       2.385     0.950000      1895706        20.00
       2.427     0.956250      1907906        22.86
       2.479     0.962500      1920576        26.67
       2.539     0.968750      1932765        32.00
       2.575     0.971875      1939167        35.56
       2.613     0.975000      1945220        40.00
       2.657     0.978125      1951474        45.71
       2.707     0.981250      1957605        53.33
       2.769     0.984375      1963799        64.00
       2.809     0.985938      1966962        71.11
       2.853     0.987500      1970062        80.00
       2.907     0.989062      1973141        91.43
       2.977     0.990625      1976280       106.67
       3.075     0.992188      1979376       128.00
       3.143     0.992969      1980957       142.22
       3.231     0.993750      1982476       160.00
       3.357     0.994531      1984052       182.86
       3.525     0.995313      1985594       213.33
       3.747     0.996094      1987155       256.00
       3.877     0.996484      1987930       284.44
       4.011     0.996875      1988712       320.00
       4.155     0.997266      1989495       365.71
       4.311     0.997656      1990271       426.67
       4.467     0.998047      1991061       512.00
       4.559     0.998242      1991444       568.89
       4.659     0.998437      1991837       640.00
       4.771     0.998633      1992215       731.43
       4.903     0.998828      1992610       853.33
       5.047     0.999023      1992997      1024.00
       5.127     0.999121      1993195      1137.78
       5.211     0.999219      1993387      1280.00
       5.311     0.999316      1993582      1462.86
       5.423     0.999414      1993779      1706.67
       5.543     0.999512      1993968      2048.00
       5.611     0.999561      1994070      2275.56
       5.699     0.999609      1994163      2560.00
       5.791     0.999658      1994261      2925.71
       5.895     0.999707      1994364      3413.33
       5.999     0.999756      1994456      4096.00
       6.063     0.999780      1994504      4551.11
       6.131     0.999805      1994554      5120.00
       6.203     0.999829      1994602      5851.43
       6.303     0.999854      1994650      6826.67
       6.447     0.999878      1994699      8192.00
       6.523     0.999890      1994723      9102.22
       6.587     0.999902      1994748     10240.00
       6.647     0.999915      1994774     11702.86
       6.715     0.999927      1994796     13653.33
       6.783     0.999939      1994821     16384.00
       6.879     0.999945      1994835     18204.44
       6.927     0.999951      1994845     20480.00
       7.007     0.999957      1994858     23405.71
       7.099     0.999963      1994869     27306.67
       7.211     0.999969      1994882     32768.00
       7.247     0.999973      1994888     36408.89
       7.279     0.999976      1994894     40960.00
       7.323     0.999979      1994900     46811.43
       7.391     0.999982      1994907     54613.33
       7.419     0.999985      1994912     65536.00
       7.467     0.999986      1994915     72817.78
       7.527     0.999988      1994919     81920.00
       7.611     0.999989      1994921     93622.86
       7.647     0.999991      1994924    109226.67
       7.679     0.999992      1994927    131072.00
       7.715     0.999993      1994929    145635.56
       7.739     0.999994      1994931    163840.00
       7.755     0.999995      1994932    187245.71
       7.803     0.999995      1994933    218453.33
       7.871     0.999996      1994935    262144.00
       7.879     0.999997      1994936    291271.11
       7.879     0.999997      1994936    327680.00
       7.903     0.999997      1994937    374491.43
       7.955     0.999998      1994938    436906.67
       7.979     0.999998      1994939    524288.00
       7.979     0.999998      1994939    582542.22
       7.979     0.999998      1994939    655360.00
       7.999     0.999999      1994940    748982.86
       7.999     0.999999      1994940    873813.33
       8.047     0.999999      1994941   1048576.00
       8.047     0.999999      1994941   1165084.44
       8.047     0.999999      1994941   1310720.00
       8.047     0.999999      1994941   1497965.71
       8.047     0.999999      1994941   1747626.67
       8.099     1.000000      1994942   2097152.00
       8.099     1.000000      1994942          inf
#[Mean    =        1.373, StdDeviation   =        0.598]
#[Max     =        8.096, Total count    =      1994942]
#[Buckets =           27, SubBuckets     =         2048]
----------------------------------------------------------
  2397541 requests in 1.00m, 166.91MB read
Requests/sec:  39959.65
Transfer/sec:      2.78MB
