Running 1m test @ http://erik-pc.local:8080/greeting/Bob
  4 threads and 100 connections
  Thread calibration: mean lat.: 1.241ms, rate sampling interval: 10ms
  Thread calibration: mean lat.: 1.207ms, rate sampling interval: 10ms
  Thread calibration: mean lat.: 1.221ms, rate sampling interval: 10ms
  Thread calibration: mean lat.: 1.236ms, rate sampling interval: 10ms
  Thread Stats   Avg      Stdev     Max   +/- Stdev
    Latency     1.20ms  536.30us   7.54ms   66.34%
    Req/Sec     7.92k   615.23    12.56k    76.60%
  Latency Distribution (HdrHistogram - Recorded Latency)
 50.000%    1.15ms
 75.000%    1.58ms
 90.000%    1.88ms
 99.000%    2.57ms
 99.900%    4.23ms
 99.990%    5.72ms
 99.999%    6.86ms
100.000%    7.54ms

  Detailed Percentile spectrum:
       Value   Percentile   TotalCount 1/(1-Percentile)

       0.194     0.000000            1         1.00
       0.549     0.100000       149779         1.11
       0.702     0.200000       299816         1.25
       0.844     0.300000       449432         1.43
       0.992     0.400000       599256         1.67
       1.146     0.500000       748155         2.00
       1.226     0.550000       822956         2.22
       1.310     0.600000       898389         2.50
       1.396     0.650000       972585         2.86
       1.484     0.700000      1047433         3.33
       1.575     0.750000      1122883         4.00
       1.621     0.775000      1160342         4.44
       1.668     0.800000      1197452         5.00
       1.717     0.825000      1234997         5.71
       1.767     0.850000      1272265         6.67
       1.822     0.875000      1309751         8.00
       1.852     0.887500      1328241         8.89
       1.885     0.900000      1346880        10.00
       1.921     0.912500      1365458        11.43
       1.963     0.925000      1384183        13.33
       2.012     0.937500      1402807        16.00
       2.039     0.943750      1412275        17.78
       2.069     0.950000      1421740        20.00
       2.101     0.956250      1430779        22.86
       2.139     0.962500      1440323        26.67
       2.185     0.968750      1449824        32.00
       2.211     0.971875      1454348        35.56
       2.243     0.975000      1459007        40.00
       2.281     0.978125      1463579        45.71
       2.329     0.981250      1468203        53.33
       2.393     0.984375      1472867        64.00
       2.433     0.985938      1475248        71.11
       2.477     0.987500      1477613        80.00
       2.529     0.989062      1479923        91.43
       2.593     0.990625      1482210       106.67
       2.675     0.992188      1484559       128.00
       2.723     0.992969      1485728       142.22
       2.777     0.993750      1486889       160.00
       2.841     0.994531      1488069       182.86
       2.913     0.995313      1489224       213.33
       3.011     0.996094      1490385       256.00
       3.071     0.996484      1490970       284.44
       3.141     0.996875      1491548       320.00
       3.239     0.997266      1492132       365.71
       3.381     0.997656      1492719       426.67
       3.607     0.998047      1493302       512.00
       3.723     0.998242      1493594       568.89
       3.837     0.998437      1493885       640.00
       3.959     0.998633      1494177       731.43
       4.107     0.998828      1494474       853.33
       4.247     0.999023      1494772      1024.00
       4.315     0.999121      1494907      1137.78
       4.411     0.999219      1495054      1280.00
       4.519     0.999316      1495203      1462.86
       4.647     0.999414      1495347      1706.67
       4.767     0.999512      1495495      2048.00
       4.827     0.999561      1495565      2275.56
       4.903     0.999609      1495638      2560.00
       4.979     0.999658      1495712      2925.71
       5.091     0.999707      1495788      3413.33
       5.195     0.999756      1495858      4096.00
       5.267     0.999780      1495895      4551.11
       5.351     0.999805      1495931      5120.00
       5.435     0.999829      1495967      5851.43
       5.515     0.999854      1496003      6826.67
       5.607     0.999878      1496041      8192.00
       5.687     0.999890      1496059      9102.22
       5.727     0.999902      1496076     10240.00
       5.835     0.999915      1496095     11702.86
       5.963     0.999927      1496113     13653.33
       6.067     0.999939      1496131     16384.00
       6.147     0.999945      1496140     18204.44
       6.247     0.999951      1496149     20480.00
       6.323     0.999957      1496160     23405.71
       6.427     0.999963      1496169     27306.67
       6.463     0.999969      1496177     32768.00
       6.503     0.999973      1496182     36408.89
       6.527     0.999976      1496186     40960.00
       6.603     0.999979      1496192     46811.43
       6.643     0.999982      1496195     54613.33
       6.699     0.999985      1496200     65536.00
       6.751     0.999986      1496202     72817.78
       6.803     0.999988      1496204     81920.00
       6.859     0.999989      1496207     93622.86
       6.895     0.999991      1496209    109226.67
       6.963     0.999992      1496211    131072.00
       6.995     0.999993      1496212    145635.56
       7.127     0.999994      1496213    163840.00
       7.215     0.999995      1496216    187245.71
       7.215     0.999995      1496216    218453.33
       7.231     0.999996      1496217    262144.00
       7.231     0.999997      1496217    291271.11
       7.235     0.999997      1496218    327680.00
       7.247     0.999997      1496219    374491.43
       7.247     0.999998      1496219    436906.67
       7.343     0.999998      1496220    524288.00
       7.343     0.999998      1496220    582542.22
       7.343     0.999998      1496220    655360.00
       7.519     0.999999      1496221    748982.86
       7.519     0.999999      1496221    873813.33
       7.519     0.999999      1496221   1048576.00
       7.519     0.999999      1496221   1165084.44
       7.519     0.999999      1496221   1310720.00
       7.543     0.999999      1496222   1497965.71
       7.543     1.000000      1496222          inf
#[Mean    =        1.199, StdDeviation   =        0.536]
#[Max     =        7.540, Total count    =      1496222]
#[Buckets =           27, SubBuckets     =         2048]
----------------------------------------------------------
  1791144 requests in 1.00m, 124.70MB read
Requests/sec:  29852.09
Transfer/sec:      2.08MB
