Running 1m test @ http://erik-pc.local:8080/greeting/Bob
  4 threads and 100 connections
  Thread calibration: mean lat.: 1.387ms, rate sampling interval: 10ms
  Thread calibration: mean lat.: 1.365ms, rate sampling interval: 10ms
  Thread calibration: mean lat.: 1.229ms, rate sampling interval: 10ms
  Thread calibration: mean lat.: 1.258ms, rate sampling interval: 10ms
  Thread Stats   Avg      Stdev     Max   +/- Stdev
    Latency     1.31ms  537.08us   6.29ms   66.59%
    Req/Sec     2.64k   365.41     4.22k    82.37%
  Latency Distribution (HdrHistogram - Recorded Latency)
 50.000%    1.24ms
 75.000%    1.65ms
 90.000%    2.06ms
 99.000%    2.69ms
 99.900%    3.44ms
 99.990%    4.78ms
 99.999%    5.46ms
100.000%    6.30ms

  Detailed Percentile spectrum:
       Value   Percentile   TotalCount 1/(1-Percentile)

       0.257     0.000000            1         1.00
       0.657     0.100000        49941         1.11
       0.815     0.200000        99886         1.25
       0.964     0.300000       149849         1.43
       1.107     0.400000       199563         1.67
       1.242     0.500000       249524         2.00
       1.310     0.550000       274624         2.22
       1.382     0.600000       299384         2.50
       1.461     0.650000       324197         2.86
       1.550     0.700000       349188         3.33
       1.648     0.750000       374101         4.00
       1.702     0.775000       386674         4.44
       1.757     0.800000       399059         5.00
       1.819     0.825000       411629         5.71
       1.887     0.850000       424029         6.67
       1.964     0.875000       436502         8.00
       2.008     0.887500       442713         8.89
       2.057     0.900000       449021        10.00
       2.109     0.912500       455201        11.43
       2.165     0.925000       461395        13.33
       2.223     0.937500       467656        16.00
       2.253     0.943750       470695        17.78
       2.287     0.950000       473952        20.00
       2.321     0.956250       476949        22.86
       2.361     0.962500       480174        26.67
       2.403     0.968750       483247        32.00
       2.427     0.971875       484782        35.56
       2.455     0.975000       486362        40.00
       2.487     0.978125       487893        45.71
       2.525     0.981250       489448        53.33
       2.573     0.984375       491009        64.00
       2.599     0.985938       491736        71.11
       2.631     0.987500       492516        80.00
       2.667     0.989062       493303        91.43
       2.707     0.990625       494104       106.67
       2.751     0.992188       494853       128.00
       2.779     0.992969       495263       142.22
       2.809     0.993750       495645       160.00
       2.845     0.994531       496027       182.86
       2.885     0.995313       496415       213.33
       2.935     0.996094       496807       256.00
       2.965     0.996484       497000       284.44
       2.997     0.996875       497191       320.00
       3.037     0.997266       497388       365.71
       3.089     0.997656       497581       426.67
       3.145     0.998047       497776       512.00
       3.179     0.998242       497873       568.89
       3.219     0.998437       497972       640.00
       3.271     0.998633       498068       731.43
       3.345     0.998828       498165       853.33
       3.457     0.999023       498262      1024.00
       3.549     0.999121       498310      1137.78
       3.653     0.999219       498360      1280.00
       3.767     0.999316       498409      1462.86
       3.871     0.999414       498457      1706.67
       3.991     0.999512       498505      2048.00
       4.053     0.999561       498529      2275.56
       4.139     0.999609       498554      2560.00
       4.219     0.999658       498580      2925.71
       4.299     0.999707       498605      3413.33
       4.415     0.999756       498627      4096.00
       4.491     0.999780       498640      4551.11
       4.531     0.999805       498651      5120.00
       4.631     0.999829       498664      5851.43
       4.675     0.999854       498678      6826.67
       4.707     0.999878       498690      8192.00
       4.735     0.999890       498694      9102.22
       4.791     0.999902       498700     10240.00
       4.871     0.999915       498706     11702.86
       4.951     0.999927       498712     13653.33
       5.059     0.999939       498718     16384.00
       5.095     0.999945       498721     18204.44
       5.127     0.999951       498724     20480.00
       5.155     0.999957       498727     23405.71
       5.167     0.999963       498730     27306.67
       5.243     0.999969       498733     32768.00
       5.275     0.999973       498735     36408.89
       5.291     0.999976       498736     40960.00
       5.327     0.999979       498738     46811.43
       5.415     0.999982       498739     54613.33
       5.435     0.999985       498742     65536.00
       5.435     0.999986       498742     72817.78
       5.435     0.999988       498742     81920.00
       5.459     0.999989       498743     93622.86
       5.479     0.999991       498744    109226.67
       5.559     0.999992       498745    131072.00
       5.559     0.999993       498745    145635.56
       5.559     0.999994       498745    163840.00
       5.911     0.999995       498746    187245.71
       5.911     0.999995       498746    218453.33
       6.071     0.999996       498747    262144.00
       6.071     0.999997       498747    291271.11
       6.071     0.999997       498747    327680.00
       6.071     0.999997       498747    374491.43
       6.071     0.999998       498747    436906.67
       6.295     0.999998       498748    524288.00
       6.295     1.000000       498748          inf
#[Mean    =        1.306, StdDeviation   =        0.537]
#[Max     =        6.292, Total count    =       498748]
#[Buckets =           27, SubBuckets     =         2048]
----------------------------------------------------------
  599431 requests in 1.00m, 41.73MB read
Requests/sec:   9990.26
Transfer/sec:    712.20KB
