Running 1m test @ http://erik-pc.local:8080/greeting/Bob
  4 threads and 100 connections
  Thread calibration: mean lat.: 1.197ms, rate sampling interval: 10ms
  Thread calibration: mean lat.: 1.208ms, rate sampling interval: 10ms
  Thread calibration: mean lat.: 1.176ms, rate sampling interval: 10ms
  Thread calibration: mean lat.: 1.209ms, rate sampling interval: 10ms
  Thread Stats   Avg      Stdev     Max   +/- Stdev
    Latency     1.21ms  514.93us   6.76ms   63.37%
    Req/Sec    10.55k   792.03    13.89k    76.30%
  Latency Distribution (HdrHistogram - Recorded Latency)
 50.000%    1.15ms
 75.000%    1.61ms
 90.000%    1.90ms
 99.000%    2.39ms
 99.900%    3.01ms
 99.990%    4.05ms
 99.999%    4.74ms
100.000%    6.76ms

  Detailed Percentile spectrum:
       Value   Percentile   TotalCount 1/(1-Percentile)

       0.198     0.000000            1         1.00
       0.536     0.100000       199601         1.11
       0.733     0.200000       399744         1.25
       0.879     0.300000       599285         1.43
       1.009     0.400000       798632         1.67
       1.152     0.500000       997595         2.00
       1.235     0.550000      1098240         2.22
       1.326     0.600000      1197847         2.50
       1.422     0.650000      1297549         2.86
       1.517     0.700000      1396917         3.33
       1.610     0.750000      1496264         4.00
       1.656     0.775000      1546354         4.44
       1.703     0.800000      1596168         5.00
       1.751     0.825000      1646662         5.71
       1.799     0.850000      1696452         6.67
       1.849     0.875000      1746447         8.00
       1.875     0.887500      1771078         8.89
       1.902     0.900000      1795770        10.00
       1.932     0.912500      1820827        11.43
       1.965     0.925000      1845924        13.33
       2.002     0.937500      1870585        16.00
       2.023     0.943750      1882931        17.78
       2.047     0.950000      1895619        20.00
       2.073     0.956250      1907912        22.86
       2.105     0.962500      1920852        26.67
       2.141     0.968750      1932950        32.00
       2.161     0.971875      1938932        35.56
       2.187     0.975000      1945510        40.00
       2.213     0.978125      1951465        45.71
       2.245     0.981250      1957629        53.33
       2.285     0.984375      1963950        64.00
       2.309     0.985938      1966991        71.11
       2.335     0.987500      1970058        80.00
       2.367     0.989062      1973276        91.43
       2.401     0.990625      1976310       106.67
       2.441     0.992188      1979441       128.00
       2.465     0.992969      1981009       142.22
       2.491     0.993750      1982575       160.00
       2.519     0.994531      1984064       182.86
       2.555     0.995313      1985703       213.33
       2.595     0.996094      1987232       256.00
       2.619     0.996484      1987984       284.44
       2.649     0.996875      1988727       320.00
       2.685     0.997266      1989532       365.71
       2.729     0.997656      1990301       426.67
       2.781     0.998047      1991073       512.00
       2.813     0.998242      1991458       568.89
       2.851     0.998437      1991848       640.00
       2.893     0.998633      1992227       731.43
       2.947     0.998828      1992619       853.33
       3.013     0.999023      1993008      1024.00
       3.059     0.999121      1993204      1137.78
       3.115     0.999219      1993401      1280.00
       3.179     0.999316      1993592      1462.86
       3.253     0.999414      1993788      1706.67
       3.345     0.999512      1993982      2048.00
       3.393     0.999561      1994079      2275.56
       3.443     0.999609      1994175      2560.00
       3.503     0.999658      1994275      2925.71
       3.571     0.999707      1994370      3413.33
       3.659     0.999756      1994468      4096.00
       3.715     0.999780      1994516      4551.11
       3.761     0.999805      1994567      5120.00
       3.823     0.999829      1994615      5851.43
       3.895     0.999854      1994662      6826.67
       3.993     0.999878      1994714      8192.00
       4.025     0.999890      1994736      9102.22
       4.057     0.999902      1994761     10240.00
       4.103     0.999915      1994785     11702.86
       4.199     0.999927      1994808     13653.33
       4.251     0.999939      1994833     16384.00
       4.283     0.999945      1994845     18204.44
       4.323     0.999951      1994857     20480.00
       4.367     0.999957      1994869     23405.71
       4.399     0.999963      1994881     27306.67
       4.419     0.999969      1994895     32768.00
       4.447     0.999973      1994900     36408.89
       4.495     0.999976      1994906     40960.00
       4.519     0.999979      1994912     46811.43
       4.583     0.999982      1994920     54613.33
       4.611     0.999985      1994925     65536.00
       4.631     0.999986      1994927     72817.78
       4.651     0.999988      1994930     81920.00
       4.683     0.999989      1994933     93622.86
       4.747     0.999991      1994936    109226.67
       4.783     0.999992      1994939    131072.00
       4.859     0.999993      1994941    145635.56
       4.879     0.999994      1994943    163840.00
       4.967     0.999995      1994944    187245.71
       5.027     0.999995      1994945    218453.33
       5.071     0.999996      1994947    262144.00
       5.183     0.999997      1994948    291271.11
       5.183     0.999997      1994948    327680.00
       5.995     0.999997      1994949    374491.43
       6.435     0.999998      1994950    436906.67
       6.443     0.999998      1994951    524288.00
       6.443     0.999998      1994951    582542.22
       6.443     0.999998      1994951    655360.00
       6.595     0.999999      1994952    748982.86
       6.595     0.999999      1994952    873813.33
       6.703     0.999999      1994953   1048576.00
       6.703     0.999999      1994953   1165084.44
       6.703     0.999999      1994953   1310720.00
       6.703     0.999999      1994953   1497965.71
       6.703     0.999999      1994953   1747626.67
       6.763     1.000000      1994954   2097152.00
       6.763     1.000000      1994954          inf
#[Mean    =        1.208, StdDeviation   =        0.515]
#[Max     =        6.760, Total count    =      1994954]
#[Buckets =           27, SubBuckets     =         2048]
----------------------------------------------------------
  2397548 requests in 1.00m, 198.92MB read
Requests/sec:  39959.81
Transfer/sec:      3.32MB
