Running 1m test @ http://erik-pc.local:8080/greeting/Bob
  4 threads and 100 connections
  Thread calibration: mean lat.: 1.061ms, rate sampling interval: 10ms
  Thread calibration: mean lat.: 1.132ms, rate sampling interval: 10ms
  Thread calibration: mean lat.: 1.090ms, rate sampling interval: 10ms
  Thread calibration: mean lat.: 1.070ms, rate sampling interval: 10ms
  Thread Stats   Avg      Stdev     Max   +/- Stdev
    Latency     1.10ms  479.12us   5.16ms   62.62%
    Req/Sec     7.91k   545.45    11.11k    75.93%
  Latency Distribution (HdrHistogram - Recorded Latency)
 50.000%    1.07ms
 75.000%    1.46ms
 90.000%    1.74ms
 99.000%    2.24ms
 99.900%    2.77ms
 99.990%    3.23ms
 99.999%    3.76ms
100.000%    5.16ms

  Detailed Percentile spectrum:
       Value   Percentile   TotalCount 1/(1-Percentile)

       0.180     0.000000            1         1.00
       0.484     0.100000       149795         1.11
       0.631     0.200000       299787         1.25
       0.781     0.300000       449699         1.43
       0.930     0.400000       599460         1.67
       1.068     0.500000       748370         2.00
       1.136     0.550000       823617         2.22
       1.209     0.600000       898589         2.50
       1.288     0.650000       972823         2.86
       1.373     0.700000      1048080         3.33
       1.458     0.750000      1122526         4.00
       1.502     0.775000      1159763         4.44
       1.547     0.800000      1197601         5.00
       1.592     0.825000      1234470         5.71
       1.639     0.850000      1271797         6.67
       1.689     0.875000      1309402         8.00
       1.716     0.887500      1328494         8.89
       1.743     0.900000      1346864        10.00
       1.772     0.912500      1365412        11.43
       1.806     0.925000      1384439        13.33
       1.845     0.937500      1403156        16.00
       1.867     0.943750      1412228        17.78
       1.892     0.950000      1421763        20.00
       1.920     0.956250      1431017        22.86
       1.954     0.962500      1440374        26.67
       1.994     0.968750      1449631        32.00
       2.017     0.971875      1454248        35.56
       2.042     0.975000      1458850        40.00
       2.071     0.978125      1463616        45.71
       2.103     0.981250      1468171        53.33
       2.143     0.984375      1473019        64.00
       2.165     0.985938      1475340        71.11
       2.189     0.987500      1477545        80.00
       2.221     0.989062      1479981        91.43
       2.255     0.990625      1482259       106.67
       2.299     0.992188      1484594       128.00
       2.323     0.992969      1485740       142.22
       2.351     0.993750      1486907       160.00
       2.383     0.994531      1488081       182.86
       2.419     0.995313      1489231       213.33
       2.463     0.996094      1490384       256.00
       2.487     0.996484      1490971       284.44
       2.517     0.996875      1491582       320.00
       2.545     0.997266      1492145       365.71
       2.579     0.997656      1492730       426.67
       2.619     0.998047      1493322       512.00
       2.645     0.998242      1493615       568.89
       2.671     0.998437      1493910       640.00
       2.701     0.998633      1494191       731.43
       2.733     0.998828      1494477       853.33
       2.773     0.999023      1494780      1024.00
       2.793     0.999121      1494914      1137.78
       2.817     0.999219      1495058      1280.00
       2.845     0.999316      1495211      1462.86
       2.873     0.999414      1495354      1706.67
       2.905     0.999512      1495504      2048.00
       2.921     0.999561      1495570      2275.56
       2.945     0.999609      1495641      2560.00
       2.965     0.999658      1495713      2925.71
       2.995     0.999707      1495789      3413.33
       3.027     0.999756      1495859      4096.00
       3.049     0.999780      1495898      4551.11
       3.071     0.999805      1495932      5120.00
       3.103     0.999829      1495970      5851.43
       3.133     0.999854      1496006      6826.67
       3.181     0.999878      1496044      8192.00
       3.207     0.999890      1496060      9102.22
       3.241     0.999902      1496078     10240.00
       3.271     0.999915      1496099     11702.86
       3.305     0.999927      1496115     13653.33
       3.343     0.999939      1496133     16384.00
       3.359     0.999945      1496142     18204.44
       3.381     0.999951      1496151     20480.00
       3.419     0.999957      1496161     23405.71
       3.457     0.999963      1496171     27306.67
       3.511     0.999969      1496179     32768.00
       3.543     0.999973      1496183     36408.89
       3.607     0.999976      1496188     40960.00
       3.629     0.999979      1496193     46811.43
       3.681     0.999982      1496197     54613.33
       3.715     0.999985      1496202     65536.00
       3.727     0.999986      1496204     72817.78
       3.745     0.999988      1496206     81920.00
       3.755     0.999989      1496209     93622.86
       3.795     0.999991      1496211    109226.67
       3.809     0.999992      1496213    131072.00
       3.823     0.999993      1496214    145635.56
       3.885     0.999994      1496215    163840.00
       4.067     0.999995      1496217    187245.71
       4.255     0.999995      1496218    218453.33
       4.439     0.999996      1496219    262144.00
       4.439     0.999997      1496219    291271.11
       4.507     0.999997      1496220    327680.00
       4.583     0.999997      1496222    374491.43
       4.583     0.999998      1496222    436906.67
       4.583     0.999998      1496222    524288.00
       4.583     0.999998      1496222    582542.22
       4.583     0.999998      1496222    655360.00
       5.071     0.999999      1496223    748982.86
       5.071     0.999999      1496223    873813.33
       5.071     0.999999      1496223   1048576.00
       5.071     0.999999      1496223   1165084.44
       5.071     0.999999      1496223   1310720.00
       5.159     0.999999      1496224   1497965.71
       5.159     1.000000      1496224          inf
#[Mean    =        1.099, StdDeviation   =        0.479]
#[Max     =        5.156, Total count    =      1496224]
#[Buckets =           27, SubBuckets     =         2048]
----------------------------------------------------------
  1791131 requests in 1.00m, 124.70MB read
Requests/sec:  29852.38
Transfer/sec:      2.08MB
