Running 1m test @ http://erik-pc.local:8080/greeting/Bob
  4 threads and 100 connections
  Thread calibration: mean lat.: 236.131ms, rate sampling interval: 864ms
  Thread calibration: mean lat.: 255.708ms, rate sampling interval: 967ms
  Thread calibration: mean lat.: 319.337ms, rate sampling interval: 1186ms
  Thread calibration: mean lat.: 343.378ms, rate sampling interval: 1179ms
  Thread Stats   Avg      Stdev     Max   +/- Stdev
    Latency     2.04s   864.21ms   4.08s    58.84%
    Req/Sec    32.69k     1.05k   35.63k    68.23%
  Latency Distribution (HdrHistogram - Recorded Latency)
 50.000%    2.12s 
 75.000%    2.74s 
 90.000%    3.14s 
 99.000%    3.73s 
 99.900%    3.96s 
 99.990%    4.06s 
 99.999%    4.07s 
100.000%    4.08s 

  Detailed Percentile spectrum:
       Value   Percentile   TotalCount 1/(1-Percentile)

     336.383     0.000000            1         1.00
     827.391     0.100000       651415         1.11
    1113.087     0.200000      1303584         1.25
    1440.767     0.300000      1956227         1.43
    1774.591     0.400000      2605882         1.67
    2121.727     0.500000      3260385         2.00
    2265.087     0.550000      3585382         2.22
    2404.351     0.600000      3910424         2.50
    2514.943     0.650000      4235150         2.86
    2613.247     0.700000      4564596         3.33
    2744.319     0.750000      4889610         4.00
    2809.855     0.775000      5048744         4.44
    2879.487     0.800000      5211984         5.00
    2947.071     0.825000      5374143         5.71
    3004.415     0.850000      5538242         6.67
    3071.999     0.875000      5701365         8.00
    3102.719     0.887500      5783226         8.89
    3137.535     0.900000      5866600        10.00
    3168.255     0.912500      5945761        11.43
    3207.167     0.925000      6025716        13.33
    3260.415     0.937500      6109111        16.00
    3287.039     0.943750      6149967        17.78
    3313.663     0.950000      6190846        20.00
    3356.671     0.956250      6229632        22.86
    3409.919     0.962500      6271065        26.67
    3463.167     0.968750      6311571        32.00
    3500.031     0.971875      6331573        35.56
    3532.799     0.975000      6352338        40.00
    3567.615     0.978125      6372523        45.71
    3610.623     0.981250      6392458        53.33
    3653.631     0.984375      6412463        64.00
    3676.159     0.985938      6423112        71.11
    3700.735     0.987500      6432709        80.00
    3723.263     0.989062      6443423        91.43
    3741.695     0.990625      6453006       106.67
    3770.367     0.992188      6463430       128.00
    3782.655     0.992969      6468762       142.22
    3801.087     0.993750      6473518       160.00
    3833.855     0.994531      6478488       182.86
    3850.239     0.995313      6484146       213.33
    3860.479     0.996094      6489037       256.00
    3866.623     0.996484      6491787       284.44
    3872.767     0.996875      6493975       320.00
    3880.959     0.997266      6496344       365.71
    3895.295     0.997656      6498987       426.67
    3915.775     0.998047      6501526       512.00
    3926.015     0.998242      6502724       568.89
    3936.255     0.998437      6503957       640.00
    3944.447     0.998633      6505168       731.43
    3954.687     0.998828      6506653       853.33
    3962.879     0.999023      6507678      1024.00
    3971.071     0.999121      6508434      1137.78
    3981.311     0.999219      6509023      1280.00
    3991.551     0.999316      6509630      1462.86
    4001.791     0.999414      6510325      1706.67
    4009.983     0.999512      6510891      2048.00
    4014.079     0.999561      6511205      2275.56
    4018.175     0.999609      6511516      2560.00
    4024.319     0.999658      6511844      2925.71
    4030.463     0.999707      6512129      3413.33
    4038.655     0.999756      6512489      4096.00
    4040.703     0.999780      6512598      4551.11
    4044.799     0.999805      6512864      5120.00
    4046.847     0.999829      6513005      5851.43
    4048.895     0.999854      6513117      6826.67
    4052.991     0.999878      6513300      8192.00
    4055.039     0.999890      6513388      9102.22
    4055.039     0.999902      6513388     10240.00
    4057.087     0.999915      6513478     11702.86
    4059.135     0.999927      6513580     13653.33
    4061.183     0.999939      6513675     16384.00
    4061.183     0.999945      6513675     18204.44
    4063.231     0.999951      6513754     20480.00
    4063.231     0.999957      6513754     23405.71
    4065.279     0.999963      6513816     27306.67
    4067.327     0.999969      6513866     32768.00
    4067.327     0.999973      6513866     36408.89
    4067.327     0.999976      6513866     40960.00
    4069.375     0.999979      6513901     46811.43
    4069.375     0.999982      6513901     54613.33
    4071.423     0.999985      6513932     65536.00
    4071.423     0.999986      6513932     72817.78
    4073.471     0.999988      6513953     81920.00
    4073.471     0.999989      6513953     93622.86
    4075.519     0.999991      6513971    109226.67
    4075.519     0.999992      6513971    131072.00
    4077.567     0.999993      6513993    145635.56
    4077.567     0.999994      6513993    163840.00
    4077.567     0.999995      6513993    187245.71
    4077.567     0.999995      6513993    218453.33
    4077.567     0.999996      6513993    262144.00
    4079.615     0.999997      6514001    291271.11
    4079.615     0.999997      6514001    327680.00
    4079.615     0.999997      6514001    374491.43
    4081.663     0.999998      6514010    436906.67
    4081.663     0.999998      6514010    524288.00
    4081.663     0.999998      6514010    582542.22
    4081.663     0.999998      6514010    655360.00
    4081.663     0.999999      6514010    748982.86
    4081.663     0.999999      6514010    873813.33
    4081.663     0.999999      6514010   1048576.00
    4083.711     0.999999      6514016   1165084.44
    4083.711     1.000000      6514016          inf
#[Mean    =     2037.511, StdDeviation   =      864.207]
#[Max     =     4081.664, Total count    =      6514016]
#[Buckets =           27, SubBuckets     =         2048]
----------------------------------------------------------
  7824297 requests in 1.00m, 544.71MB read
Requests/sec: 130404.62
Transfer/sec:      9.08MB
