  13047 root      20   0 9226748 650096  29100 S   0.0   4.0  51:15.46 java
  13047 root      20   0 9226748 650096  29100 S 319.0   4.0  51:18.65 java
  13047 root      20   0 9226748 650096  29100 S 398.0   4.0  51:22.63 java
  13047 root      20   0 9226748 650096  29100 S 393.1   4.0  51:26.60 java
  13047 root      20   0 9226748 650096  29100 S 400.0   4.0  51:30.60 java
  13047 root      20   0 9226748 650772  29100 S 398.0   4.0  51:34.58 java
  13047 root      20   0 9226748 650772  29100 S 399.0   4.0  51:38.57 java
  13047 root      20   0 9226748 650772  29100 S 396.0   4.0  51:42.53 java
  13047 root      20   0 9226748 650772  29100 S 400.0   4.0  51:46.53 java
  13047 root      20   0 9226748 650772  29100 S 397.0   4.0  51:50.50 java
  13047 root      20   0 9226748 650772  29100 S 401.0   4.0  51:54.51 java
  13047 root      20   0 9226748 650772  29100 S 401.0   4.0  51:58.52 java
  13047 root      20   0 9226748 650772  29100 S 399.0   4.0  52:02.51 java
  13047 root      20   0 9226748 650772  29100 S 393.1   4.0  52:06.48 java
  13047 root      20   0 9226748 650772  29100 S 399.0   4.0  52:10.47 java
  13047 root      20   0 9226748 650772  29100 S 401.0   4.0  52:14.48 java
  13047 root      20   0 9226748 650772  29100 S 401.0   4.0  52:18.49 java
  13047 root      20   0 9226748 650772  29100 S 394.0   4.0  52:22.43 java
  13047 root      20   0 9226748 650772  29100 S 399.0   4.0  52:26.42 java
  13047 root      20   0 9226748 650772  29100 S 399.0   4.0  52:30.41 java
  13047 root      20   0 9226748 650772  29100 S 401.0   4.0  52:34.42 java
  13047 root      20   0 9226748 650772  29100 S 399.0   4.0  52:38.41 java
  13047 root      20   0 9226748 651008  29100 S 393.0   4.0  52:42.34 java
  13047 root      20   0 9226748 738040  29100 S 396.0   4.5  52:46.34 java
  13047 root      20   0 9226748 738040  29100 S 398.0   4.5  52:50.32 java
  13047 root      20   0 9226748 738040  29100 S 399.0   4.5  52:54.31 java
  13047 root      20   0 9226748 738040  29100 S 400.0   4.5  52:58.31 java
  13047 root      20   0 9226748 738040  29100 S 398.0   4.5  53:02.29 java
  13047 root      20   0 9226748 738040  29100 S 399.0   4.5  53:06.28 java
  13047 root      20   0 9226748 738040  29100 S 400.0   4.5  53:10.28 java
  13047 root      20   0 9226748 738040  29100 S 395.0   4.5  53:14.23 java
  13047 root      20   0 9226748 738040  29100 S 400.0   4.5  53:18.23 java
  13047 root      20   0 9226748 738040  29100 S 396.0   4.5  53:22.19 java
  13047 root      20   0 9226748 738040  29100 S 395.0   4.5  53:26.18 java
  13047 root      20   0 9226748 738040  29100 S 395.0   4.5  53:30.13 java
  13047 root      20   0 9226748 738040  29100 S 398.0   4.5  53:34.11 java
  13047 root      20   0 9226748 738040  29100 S 399.0   4.5  53:38.10 java
  13047 root      20   0 9226748 738040  29100 S 394.0   4.5  53:42.04 java
  13047 root      20   0 9226748 738040  29100 S 401.0   4.5  53:46.05 java
  13047 root      20   0 9226748 738040  29100 S 397.0   4.5  53:50.02 java
  13047 root      20   0 9226748 738040  29100 S 398.0   4.5  53:54.00 java
  13047 root      20   0 9226748 738040  29100 S 393.1   4.5  53:57.97 java
  13047 root      20   0 9226748 738040  29100 S 398.0   4.5  54:01.95 java
  13047 root      20   0 9226748 738040  29100 S 397.0   4.5  54:05.92 java
  13047 root      20   0 9226748 738040  29100 S 398.0   4.5  54:09.90 java
  13047 root      20   0 9226748 738040  29100 S 399.0   4.5  54:13.89 java
  13047 root      20   0 9226748 738040  29100 S 398.0   4.5  54:17.87 java
  13047 root      20   0 9226748 738040  29100 S 397.0   4.5  54:21.84 java
  13047 root      20   0 9226748 738040  29100 S 394.0   4.5  54:25.78 java
  13047 root      20   0 9226748 738040  29100 S 394.1   4.5  54:29.76 java
  13047 root      20   0 9226748 738040  29100 S 399.0   4.5  54:33.75 java
  13047 root      20   0 9226748 738040  29100 S 400.0   4.5  54:37.75 java
  13047 root      20   0 9226748 738040  29100 S 398.0   4.5  54:41.73 java
  13047 root      20   0 9226748 738040  29100 S 396.0   4.5  54:45.