  13979 root      20   0   13.6g 550132  29028 S  80.0   3.4   9:34.49 java
  13979 root      20   0   13.6g 550132  29028 S 277.0   3.4   9:37.26 java
  13979 root      20   0   13.6g 550132  29028 S 278.0   3.4   9:40.04 java
  13979 root      20   0   13.6g 550132  29028 S 276.0   3.4   9:42.80 java
  13979 root      20   0   13.6g 550132  29028 S 273.0   3.4   9:45.53 java
  13979 root      20   0   13.6g 550372  29028 S 266.0   3.4   9:48.19 java
  13979 root      20   0   13.6g 550372  29028 S 272.0   3.4   9:50.91 java
  13979 root      20   0   13.6g 550372  29028 S 270.3   3.4   9:53.64 java
  13979 root      20   0   13.6g 550372  29028 S 275.0   3.4   9:56.39 java
  13979 root      20   0   13.6g 550372  29028 S 272.0   3.4   9:59.11 java
  13979 root      20   0   13.6g 550704  29028 S 274.0   3.4  10:01.85 java
  13979 root      20   0   13.6g 550804  29028 S 274.0   3.4  10:04.59 java
  13979 root      20   0   13.6g 550804  29028 S 277.0   3.4  10:07.36 java
  13979 root      20   0   13.6g 550804  29028 S 276.0   3.4  10:10.12 java
  13979 root      20   0   13.6g 550804  29028 S 274.0   3.4  10:12.86 java
  13979 root      20   0   13.6g 551472  29028 S 271.0   3.4  10:15.57 java
  13979 root      20   0   13.6g 551472  29028 S 272.0   3.4  10:18.29 java
  13979 root      20   0   13.6g 551472  29028 S 269.3   3.4  10:21.01 java
  13979 root      20   0   13.6g 551472  29028 S 276.0   3.4  10:23.77 java
  13979 root      20   0   13.6g 551472  29028 S 270.0   3.4  10:26.47 java
  13979 root      20   0   13.6g 551492  29028 S 269.0   3.4  10:29.16 java
  13979 root      20   0   13.6g 551492  29028 S 272.0   3.4  10:31.88 java
  13979 root      20   0   13.6g 551492  29028 S 273.0   3.4  10:34.61 java
  13979 root      20   0   13.6g 551492  29028 S 271.0   3.4  10:37.32 java
  13979 root      20   0   13.6g 551492  29028 S 270.0   3.4  10:40.02 java
  13979 root      20   0   13.6g 551492  29028 S 275.0   3.4  10:42.77 java
  13979 root      20   0   13.6g 551492  29028 S 277.0   3.4  10:45.54 java
  13979 root      20   0   13.6g 551492  29028 S 271.3   3.4  10:48.28 java
  13979 root      20   0   13.6g 551492  29028 S 276.0   3.4  10:51.04 java
  13979 root      20   0   13.6g 551492  29028 S 275.0   3.4  10:53.79 java
  13979 root      20   0   13.6g 551492  29028 S 271.0   3.4  10:56.50 java
  13979 root      20   0   13.6g 551492  29028 S 267.0   3.4  10:59.17 java
  13979 root      20   0   13.6g 551492  29028 S 272.0   3.4  11:01.89 java
  13979 root      20   0   13.6g 551492  29028 S 274.0   3.4  11:04.63 java
  13979 root      20   0   13.6g 551492  29028 S 277.0   3.4  11:07.40 java
  13979 root      20   0   13.6g 551608  29028 S 275.0   3.4  11:10.15 java
  13979 root      20   0   13.6g 551608  29028 S 275.0   3.4  11:12.90 java
  13979 root      20   0   13.6g 551608  29028 S 269.3   3.4  11:15.62 java
  13979 root      20   0   13.6g 551608  29028 S 274.0   3.4  11:18.36 java
  13979 root      20   0   13.6g 551608  29028 S 274.0   3.4  11:21.10 java
  13979 root      20   0   13.6g 551740  29028 S 276.0   3.4  11:23.86 java
  13979 root      20   0   13.6g 551740  29028 S 275.0   3.4  11:26.61 java
  13979 root      20   0   13.6g 551740  29028 S 275.0   3.4  11:29.36 java
  13979 root      20   0   13.6g 551740  29028 S 273.0   3.4  11:32.09 java
  13979 root      20   0   13.6g 551740  29028 S 272.0   3.4  11:34.81 java
  13979 root      20   0   13.6g 551740  29028 S 276.0   3.4  11:37.57 java
  13979 root      20   0   13.6g 551740  29028 S 277.0   3.4  11:40.34 java
  13979 root      20   0   13.6g 551740  29028 S 271.3   3.4  11:43.08 java
  13979 root      20   0   13.6g 551740  29028 S 277.0   3.4  11:45.85 java
  13979 root      20   0   13.6g 551740  29028 S 275.0   3.4  11:48.60 java
  13979 root      20   0   13.6g 551740  29028 S 275.0   3.4  11:51.35 java
  13979 root      20   0   13.6g 551740  29028 S 274.0   3.4  11:54.09 java
  13979 root      20   0   13.6g 551740  29028 S 271.0   3.4  11:56.80 java
  13979 root      20   0   13.6g 552000  29028 S 269.0   3.4  11:59.