  13047 root      20   0 9226748 573708  29100 S   0.0   3.5  35:48.34 java
  13047 root      20   0 9226748 573744  29100 S 307.0   3.5  35:51.41 java
  13047 root      20   0 9226748 573744  29100 S 386.0   3.5  35:55.27 java
  13047 root      20   0 9226748 573744  29100 S 382.0   3.5  35:59.09 java
  13047 root      20   0 9226748 574424  29100 S 383.0   3.5  36:02.92 java
  13047 root      20   0 9226748 574868  29100 S 378.2   3.5  36:06.74 java
  13047 root      20   0 9226748 574868  29100 S 379.0   3.5  36:10.53 java
  13047 root      20   0 9226748 574868  29100 S 377.0   3.5  36:14.30 java
  13047 root      20   0 9226748 574868  29100 S 374.0   3.5  36:18.04 java
  13047 root      20   0 9226748 574868  29100 S 377.0   3.5  36:21.81 java
  13047 root      20   0 9226748 575076  29100 S 386.0   3.5  36:25.67 java
  13047 root      20   0 9226748 575076  29100 S 387.0   3.5  36:29.54 java
  13047 root      20   0 9226748 575076  29100 S 385.0   3.5  36:33.39 java
  13047 root      20   0 9226748 575076  29100 S 379.0   3.5  36:37.18 java
  13047 root      20   0 9226748 575076  29100 S 375.0   3.5  36:40.93 java
  13047 root      20   0 9226748 575076  29100 S 372.3   3.5  36:44.69 java
  13047 root      20   0 9226748 575076  29100 S 387.0   3.5  36:48.56 java
  13047 root      20   0 9226748 575076  29100 S 392.0   3.5  36:52.48 java
  13047 root      20   0 9226748 575076  29100 S 380.0   3.5  36:56.28 java
  13047 root      20   0 9226748 575076  29100 S 378.0   3.5  37:00.06 java
  13047 root      20   0 9226748 575076  29100 S 384.0   3.5  37:03.90 java
  13047 root      20   0 9226748 575076  29100 S 367.0   3.5  37:07.57 java
  13047 root      20   0 9226748 575076  29100 S 384.0   3.5  37:11.41 java
  13047 root      20   0 9226748 575076  29100 S 387.0   3.5  37:15.28 java
  13047 root      20   0 9226748 575076  29100 S 375.2   3.5  37:19.07 java
  13047 root      20   0 9226748 575076  29100 S 388.0   3.5  37:22.95 java
  13047 root      20   0 9226748 575076  29100 S 381.0   3.5  37:26.76 java
  13047 root      20   0 9226748 575076  29100 S 387.0   3.5  37:30.63 java
  13047 root      20   0 9226748 575076  29100 S 380.0   3.5  37:34.43 java
  13047 root      20   0 9226748 575076  29100 S 389.0   3.5  37:38.32 java
  13047 root      20   0 9226748 575076  29100 S 384.0   3.5  37:42.16 java
  13047 root      20   0 9226748 575076  29100 S 385.0   3.5  37:46.01 java
  13047 root      20   0 9226748 575076  29100 S 385.0   3.5  37:49.86 java
  13047 root      20   0 9226748 575076  29100 S 388.0   3.5  37:53.74 java
  13047 root      20   0 9226748 575076  29100 S 373.3   3.5  37:57.51 java
  13047 root      20   0 9226748 575076  29100 S 384.0   3.5  38:01.35 java
  13047 root      20   0 9226748 575076  29100 S 386.0   3.5  38:05.21 java
  13047 root      20   0 9226748 575076  29100 S 372.0   3.5  38:08.93 java
  13047 root      20   0 9226748 575076  29100 S 386.0   3.5  38:12.79 java
  13047 root      20   0 9226748 575076  29100 S 391.0   3.5  38:16.70 java
  13047 root      20   0 9226748 575312  29100 S 380.0   3.5  38:20.50 java
  13047 root      20   0 9226748 575312  29100 S 393.0   3.5  38:24.43 java
  13047 root      20   0 9226748 575312  29100 S 380.0   3.5  38:28.23 java
  13047 root      20   0 9226748 575312  29100 S 389.0   3.5  38:32.12 java
  13047 root      20   0 9226748 575312  29100 S 379.2   3.5  38:35.95 java
  13047 root      20   0 9226748 575312  29100 S 390.0   3.5  38:39.85 java
  13047 root      20   0 9226748 575312  29100 S 367.0   3.5  38:43.52 java
  13047 root      20   0 9226748 575312  29100 S 385.0   3.5  38:47.37 java
  13047 root      20   0 9226748 575312  29100 S 387.0   3.5  38:51.24 java
  13047 root      20   0 9226748 575312  29100 S 382.0   3.5  38:55.06 java
  13047 root      20   0 9226748 575312  29100 S 390.0   3.5  38:58.96 java
  13047 root      20   0 9226748 575312  29100 S 378.0   3.5  39:02.74 java
  13047 root      20   0 9226748 575312  29100 S 387.0   3.5  39:06.61 java
  13047 root      20   0 9226748 575312  29100 S 385.0   3.5  39:10.