  13047 root      20   0 9226748 569556  29100 S 100.0   3.5  19:05.93 java
  13047 root      20   0 9226748 569556  29100 S 301.0   3.5  19:08.97 java
  13047 root      20   0 9226748 569556  29100 S 293.0   3.5  19:11.90 java
  13047 root      20   0 9226748 569556  29100 S 289.0   3.5  19:14.79 java
  13047 root      20   0 9226748 569556  29100 S 301.0   3.5  19:17.80 java
  13047 root      20   0 9226748 569748  29100 S 301.0   3.5  19:20.81 java
  13047 root      20   0 9226748 569748  29100 S 299.0   3.5  19:23.80 java
  13047 root      20   0 9226748 569748  29100 S 305.0   3.5  19:26.85 java
  13047 root      20   0 9226748 569748  29100 S 300.0   3.5  19:29.85 java
  13047 root      20   0 9226748 569748  29100 S 295.0   3.5  19:32.80 java
  13047 root      20   0 9226748 569748  29100 S 305.0   3.5  19:35.85 java
  13047 root      20   0 9226748 569748  29100 S 302.0   3.5  19:38.90 java
  13047 root      20   0 9226748 569932  29100 S 292.0   3.5  19:41.82 java
  13047 root      20   0 9226748 569932  29100 S 308.0   3.5  19:44.90 java
  13047 root      20   0 9226748 569932  29100 S 296.0   3.5  19:47.86 java
  13047 root      20   0 9226748 569932  29100 S 315.0   3.5  19:51.01 java
  13047 root      20   0 9226748 569932  29100 S 320.0   3.5  19:54.21 java
  13047 root      20   0 9226748 569932  29100 S 295.0   3.5  19:57.16 java
  13047 root      20   0 9226748 569932  29100 S 306.0   3.5  20:00.22 java
  13047 root      20   0 9226748 569932  29100 S 296.0   3.5  20:03.18 java
  13047 root      20   0 9226748 569932  29100 S 312.0   3.5  20:06.30 java
  13047 root      20   0 9226748 570124  29100 S 308.9   3.5  20:09.42 java
  13047 root      20   0 9226748 570124  29100 S 314.0   3.5  20:12.56 java
  13047 root      20   0 9226748 570124  29100 S 314.0   3.5  20:15.70 java
  13047 root      20   0 9226748 570124  29100 S 308.0   3.5  20:18.78 java
  13047 root      20   0 9226748 570124  29100 S 314.0   3.5  20:21.92 java
  13047 root      20   0 9226748 570124  29100 S 310.0   3.5  20:25.02 java
  13047 root      20   0 9226748 570124  29100 S 298.0   3.5  20:28.00 java
  13047 root      20   0 9226748 570124  29100 S 299.0   3.5  20:30.99 java
  13047 root      20   0 9226748 570124  29100 S 294.0   3.5  20:33.93 java
  13047 root      20   0 9226748 570124  29100 S 288.0   3.5  20:36.81 java
  13047 root      20   0 9226748 570124  29100 S 299.0   3.5  20:39.83 java
  13047 root      20   0 9226748 570124  29100 S 309.0   3.5  20:42.92 java
  13047 root      20   0 9226748 570124  29100 S 312.0   3.5  20:46.04 java
  13047 root      20   0 9226748 570124  29100 S 307.0   3.5  20:49.11 java
  13047 root      20   0 9226748 570124  29100 S 315.0   3.5  20:52.26 java
  13047 root      20   0 9226748 570124  29100 S 300.0   3.5  20:55.26 java
  13047 root      20   0 9226748 570124  29100 S 298.0   3.5  20:58.24 java
  13047 root      20   0 9226748 570124  29100 S 316.0   3.5  21:01.40 java
  13047 root      20   0 9226748 570124  29100 S 303.0   3.5  21:04.43 java
  13047 root      20   0 9226748 570124  29100 S 308.0   3.5  21:07.51 java
  13047 root      20   0 9226748 570124  29100 S 290.1   3.5  21:10.44 java
  13047 root      20   0 9226748 570124  29100 S 301.0   3.5  21:13.45 java
  13047 root      20   0 9226748 570124  29100 S 311.0   3.5  21:16.56 java
  13047 root      20   0 9226748 570124  29100 S 302.0   3.5  21:19.58 java
  13047 root      20   0 9226748 570124  29100 S 304.0   3.5  21:22.62 java
  13047 root      20   0 9226748 570124  29100 S 318.0   3.5  21:25.80 java
  13047 root      20   0 9226748 570124  29100 S 318.0   3.5  21:28.98 java
  13047 root      20   0 9226748 570124  29100 S 309.0   3.5  21:32.07 java
  13047 root      20   0 9226748 570124  29100 S 313.0   3.5  21:35.20 java
  13047 root      20   0 9226748 570124  29100 S 316.0   3.5  21:38.36 java
  13047 root      20   0 9226748 570124  29100 S 291.1   3.5  21:41.30 java
  13047 root      20   0 9226748 570124  29100 S 313.0   3.5  21:44.43 java
  13047 root      20   0 9226748 570124  29100 S 317.0   3.5  21:47.