  12546 root      20   0 9226748 551616  29180 S   0.0   3.4   2:19.56 java
  12546 root      20   0 9226748 552180  29180 S 148.0   3.4   2:21.04 java
  12546 root      20   0 9226748 552180  29180 S 144.6   3.4   2:22.50 java
  12546 root      20   0 9226748 552180  29180 S 145.0   3.4   2:23.95 java
  12546 root      20   0 9226748 552296  29180 S 147.0   3.4   2:25.42 java
  12546 root      20   0 9226748 552296  29180 S 141.0   3.4   2:26.83 java
  12546 root      20   0 9226748 552296  29180 S 144.0   3.4   2:28.27 java
  12546 root      20   0 9226748 552296  29180 S 144.0   3.4   2:29.71 java
  12546 root      20   0 9226748 552296  29180 S 146.0   3.4   2:31.17 java
  12546 root      20   0 9226748 552296  29180 S 144.0   3.4   2:32.61 java
  12546 root      20   0 9226748 552296  29180 S 145.0   3.4   2:34.06 java
  12546 root      20   0 9226748 552296  29180 S 145.0   3.4   2:35.51 java
  12546 root      20   0 9226748 552296  29180 S 144.6   3.4   2:36.97 java
  12546 root      20   0 9226748 552652  29180 S 144.0   3.4   2:38.41 java
  12546 root      20   0 9226748 552652  29180 S 144.0   3.4   2:39.85 java
  12546 root      20   0 9226748 552652  29180 S 143.0   3.4   2:41.28 java
  12546 root      20   0 9226748 552652  29180 S 147.0   3.4   2:42.75 java
  12546 root      20   0 9226748 552652  29180 S 145.0   3.4   2:44.20 java
  12546 root      20   0 9226748 552652  29180 S 147.0   3.4   2:45.67 java
  12546 root      20   0 9226748 552652  29180 S 143.0   3.4   2:47.10 java
  12546 root      20   0 9226748 552652  29180 S 146.0   3.4   2:48.56 java
  12546 root      20   0 9226748 552652  29180 S 140.6   3.4   2:49.98 java
  12546 root      20   0 9226748 552652  29180 S 146.0   3.4   2:51.44 java
  12546 root      20   0 9226748 552652  29180 S 144.0   3.4   2:52.88 java
  12546 root      20   0 9226748 552652  29180 S 146.0   3.4   2:54.34 java
  12546 root      20   0 9226748 552652  29180 S 145.0   3.4   2:55.79 java
  12546 root      20   0 9226748 552652  29180 S 146.0   3.4   2:57.25 java
  12546 root      20   0 9226748 552652  29180 S 145.0   3.4   2:58.70 java
  12546 root      20   0 9226748 552652  29180 S 147.0   3.4   3:00.17 java
  12546 root      20   0 9226748 552652  29180 S 143.0   3.4   3:01.60 java
  12546 root      20   0 9226748 552652  29180 S 145.0   3.4   3:03.05 java
  12546 root      20   0 9226748 552652  29180 S 144.0   3.4   3:04.49 java
  12546 root      20   0 9226748 552652  29180 S 142.6   3.4   3:05.93 java
  12546 root      20   0 9226748 552652  29180 S 144.0   3.4   3:07.37 java
  12546 root      20   0 9226748 552652  29180 S 145.0   3.4   3:08.82 java
  12546 root      20   0 9226748 552652  29180 S 145.0   3.4   3:10.27 java
  12546 root      20   0 9226748 552652  29180 S 145.0   3.4   3:11.72 java
  12546 root      20   0 9226748 552652  29180 S 146.0   3.4   3:13.18 java
  12546 root      20   0 9226748 552652  29180 S 144.0   3.4   3:14.62 java
  12546 root      20   0 9226748 552652  29180 S 143.0   3.4   3:16.05 java
  12546 root      20   0 9226748 552652  29180 S 144.0   3.4   3:17.49 java
  12546 root      20   0 9226748 552652  29180 S 145.0   3.4   3:18.94 java
  12546 root      20   0 9226748 552652  29180 S 142.6   3.4   3:20.38 java
  12546 root      20   0 9226748 552652  29180 S 145.0   3.4   3:21.83 java
  12546 root      20   0 9226748 552652  29180 S 145.0   3.4   3:23.28 java
  12546 root      20   0 9226748 552652  29180 S 145.0   3.4   3:24.73 java
  12546 root      20   0 9226748 552652  29180 S 144.0   3.4   3:26.17 java
  12546 root      20   0 9226748 552652  29180 S 145.0   3.4   3:27.62 java
  12546 root      20   0 9226748 552652  29180 S 143.0   3.4   3:29.05 java
  12546 root      20   0 9226748 552652  29180 S 144.0   3.4   3:30.49 java
  12546 root      20   0 9226748 552652  29180 S 144.0   3.4   3:31.93 java
  12546 root      20   0 9226748 552652  29180 S 144.6   3.4   3:33.39 java
  12546 root      20   0 9226748 552652  29180 S 143.0   3.4   3:34.82 java
  12546 root      20   0 9226748 552652  29180 S 146.0   3.4   3:36.