  12546 root      20   0 9226748 560392  29180 S   0.0   3.4  28:32.96 java
  12546 root      20   0 9226748 560476  29180 S 386.0   3.4  28:36.82 java
  12546 root      20   0 9226748 560476  29180 S 361.0   3.4  28:40.43 java
  12546 root      20   0 9226748 560476  29180 S 355.4   3.4  28:44.02 java
  12546 root      20   0 9226748 560476  29180 S 349.0   3.4  28:47.51 java
  12546 root      20   0 9226748 561112  29180 S 359.0   3.4  28:51.10 java
  12546 root      20   0 9226748 561112  29180 S 359.0   3.4  28:54.69 java
  12546 root      20   0 9226748 561112  29180 S 355.0   3.4  28:58.24 java
  12546 root      20   0 9226748 561112  29180 S 353.0   3.4  29:01.77 java
  12546 root      20   0 9226748 561112  29180 S 348.0   3.4  29:05.25 java
  12546 root      20   0 9226748 561336  29180 S 362.0   3.4  29:08.87 java
  12546 root      20   0 9226748 561336  29180 S 349.0   3.4  29:12.36 java
  12546 root      20   0 9226748 561336  29180 S 364.4   3.4  29:16.04 java
  12546 root      20   0 9226748 561336  29180 S 353.0   3.4  29:19.57 java
  12546 root      20   0 9226748 561336  29180 S 357.0   3.4  29:23.14 java
  12546 root      20   0 9226748 561336  29180 S 362.0   3.4  29:26.76 java
  12546 root      20   0 9226748 561336  29180 S 363.0   3.4  29:30.39 java
  12546 root      20   0 9226748 561336  29180 S 352.0   3.4  29:33.91 java
  12546 root      20   0 9226748 561536  29180 S 360.0   3.4  29:37.51 java
  12546 root      20   0 9226748 561536  29180 S 356.0   3.4  29:41.07 java
  12546 root      20   0 9226748 561536  29180 S 364.0   3.4  29:44.71 java
  12546 root      20   0 9226748 561536  29180 S 351.0   3.4  29:48.22 java
  12546 root      20   0 9226748 561536  29180 S 364.0   3.4  29:51.86 java
  12546 root      20   0 9226748 561536  29180 S 356.4   3.4  29:55.46 java
  12546 root      20   0 9226748 561536  29180 S 359.0   3.4  29:59.05 java
  12546 root      20   0 9226748 561536  29180 S 356.0   3.4  30:02.61 java
  12546 root      20   0 9226748 561536  29180 S 360.0   3.4  30:06.21 java
  12546 root      20   0 9226748 561536  29180 S 353.0   3.4  30:09.74 java
  12546 root      20   0 9226748 561536  29180 S 351.0   3.4  30:13.25 java
  12546 root      20   0 9226748 561740  29180 S 362.0   3.4  30:16.87 java
  12546 root      20   0 9226748 561740  29180 S 355.0   3.4  30:20.42 java
  12546 root      20   0 9226748 561740  29180 S 355.0   3.4  30:23.97 java
  12546 root      20   0 9226748 561740  29180 S 354.0   3.4  30:27.51 java
  12546 root      20   0 9226748 561740  29180 S 352.5   3.4  30:31.07 java
  12546 root      20   0 9226748 561740  29180 S 356.0   3.4  30:34.63 java
  12546 root      20   0 9226748 561760  29180 S 357.0   3.4  30:38.20 java
  12546 root      20   0 9226748 561760  29180 S 356.0   3.4  30:41.76 java
  12546 root      20   0 9226748 561760  29180 S 355.0   3.4  30:45.31 java
  12546 root      20   0 9226748 561760  29180 S 357.0   3.4  30:48.88 java
  12546 root      20   0 9226748 561760  29180 S 359.0   3.4  30:52.47 java
  12546 root      20   0 9226748 561760  29180 S 368.0   3.4  30:56.15 java
  12546 root      20   0 9226748 561760  29180 S 361.0   3.4  30:59.76 java
  12546 root      20   0 9226748 561760  29180 S 352.5   3.4  31:03.32 java
  12546 root      20   0 9226748 561760  29180 S 361.0   3.4  31:06.93 java
  12546 root      20   0 9226748 561760  29180 S 359.0   3.4  31:10.52 java
  12546 root      20   0 9226748 561760  29180 S 348.0   3.4  31:14.00 java
  12546 root      20   0 9226748 561760  29180 S 361.0   3.4  31:17.61 java
  12546 root      20   0 9226748 561760  29180 S 357.0   3.4  31:21.18 java
  12546 root      20   0 9226748 561760  29180 S 363.0   3.4  31:24.81 java
  12546 root      20   0 9226748 561760  29180 S 360.0   3.4  31:28.41 java
  12546 root      20   0 9226748 561760  29180 S 345.0   3.4  31:31.86 java
  12546 root      20   0 9226748 561760  29180 S 369.0   3.4  31:35.55 java
  12546 root      20   0 9226748 561760  29180 S 354.0   3.4  31:39.09 java
  12546 root      20   0 9226748 561760  29180 S 350.5   3.4  31:42.