  13979 root      20   0   13.6g 563008  29028 S   0.0   3.5  20:10.82 java
  13979 root      20   0   13.6g 563008  29028 S 248.5   3.5  20:13.33 java
  13979 root      20   0   13.6g 563008  29028 S 405.0   3.5  20:17.38 java
  13979 root      20   0   13.6g 563008  29028 S 403.0   3.5  20:21.41 java
  13979 root      20   0   13.6g 563008  29028 S 399.0   3.5  20:25.40 java
  13979 root      20   0   13.6g 563008  29028 S 402.0   3.5  20:29.42 java
  13979 root      20   0   13.6g 563008  29028 S 398.0   3.5  20:33.40 java
  13979 root      20   0   13.6g 563008  29028 S 401.0   3.5  20:37.41 java
  13979 root      20   0   13.6g 614148  29028 S 404.0   3.8  20:41.45 java
  13979 root      20   0   13.6g 614316  29028 S 397.0   3.8  20:45.42 java
  13979 root      20   0   13.6g 614428  29028 S 401.0   3.8  20:49.43 java
  13979 root      20   0   13.6g 614912  29028 S 393.1   3.8  20:53.40 java
  13979 root      20   0   13.6g 615488  29028 S 405.0   3.8  20:57.45 java
  13979 root      20   0   13.6g 615488  29028 S 399.0   3.8  21:01.44 java
  13979 root      20   0   13.6g 615488  29028 S 400.0   3.8  21:05.44 java
  13979 root      20   0   13.6g 615488  29028 S 401.0   3.8  21:09.45 java
  13979 root      20   0   13.6g 615488  29028 S 399.0   3.8  21:13.44 java
  13979 root      20   0   13.6g 615488  29028 S 403.0   3.8  21:17.47 java
  13979 root      20   0   13.6g 615664  29028 S 399.0   3.8  21:21.46 java
  13979 root      20   0   13.6g 616548  29028 S 399.0   3.8  21:25.45 java
  13979 root      20   0   13.6g 616548  29028 S 400.0   3.8  21:29.45 java
  13979 root      20   0   13.6g 616944  29028 S 396.0   3.8  21:33.45 java
  13979 root      20   0   13.6g 617052  29028 S 401.0   3.8  21:37.46 java
  13979 root      20   0   13.6g 617052  29028 S 400.0   3.8  21:41.46 java
  13979 root      20   0   13.6g 678336  29028 S 400.0   4.2  21:45.46 java
  13979 root      20   0   13.6g 678336  29028 S 400.0   4.2  21:49.46 java
  13979 root      20   0   13.6g 681904  29028 S 400.0   4.2  21:53.46 java
  13979 root      20   0   13.6g 681992  29028 S 400.0   4.2  21:57.46 java
  13979 root      20   0   13.6g 681992  29028 S 400.0   4.2  22:01.46 java
  13979 root      20   0   13.6g 681992  29028 S 400.0   4.2  22:05.46 java
  13979 root      20   0   13.6g 681992  29028 S 396.0   4.2  22:09.46 java
  13979 root      20   0   13.6g 681992  29028 S 400.0   4.2  22:13.46 java
  13979 root      20   0   13.6g 682252  29028 S 400.0   4.2  22:17.46 java
  13979 root      20   0   13.6g 682252  29028 S 400.0   4.2  22:21.46 java
  13979 root      20   0   13.6g 682312  29028 S 400.0   4.2  22:25.46 java
  13979 root      20   0   13.6g 682364  29028 S 400.0   4.2  22:29.46 java
  13979 root      20   0   13.6g 682364  29028 S 400.0   4.2  22:33.46 java
  13979 root      20   0   13.6g 682364  29028 S 396.0   4.2  22:37.46 java
  13979 root      20   0   13.6g 682364  29028 S 400.0   4.2  22:41.46 java
  13979 root      20   0   13.6g 682364  29028 S 401.0   4.2  22:45.47 java
  13979 root      20   0   13.6g 682628  29028 S 399.0   4.2  22:49.46 java
  13979 root      20   0   13.6g 682628  29028 S 401.0   4.2  22:53.47 java
  13979 root      20   0   13.6g 682628  29028 S 399.0   4.2  22:57.46 java
  13979 root      20   0   13.6g 682628  29028 S 400.0   4.2  23:01.46 java
  13979 root      20   0   13.6g 682628  29028 S 401.0   4.2  23:05.47 java
  13979 root      20   0   13.6g 682628  29028 S 395.0   4.2  23:09.46 java
  13979 root      20   0   13.6g 682628  29028 S 400.0   4.2  23:13.46 java
  13979 root      20   0   13.6g 682756  29028 S 400.0   4.2  23:17.46 java
  13979 root      20   0   13.6g 682756  29028 S 400.0   4.2  23:21.46 java
  13979 root      20   0   13.6g 682756  29028 S 400.0   4.2  23:25.46 java
  13979 root      20   0   13.6g 682756  29028 S 401.0   4.2  23:29.47 java
  13979 root      20   0   13.6g 683020  29028 S 399.0   4.2  23:33.46 java
  13979 root      20   0   13.6g 683020  29028 S 400.0   4.2  23:37.46 java
  13979 root      20   0   13.6g 683020  29028 S 397.0   4.2  23:41.