  13420 root      20   0   13.6g 205944  28976 S 380.0   1.3   0:05.96 java
  13420 root      20   0   13.7g 290292  28976 S 410.0   1.8   0:10.06 java
  13420 root      20   0   13.7g 295912  28976 S 396.0   1.8   0:14.06 java
  13420 root      20   0   13.7g 313984  28976 S 400.0   1.9   0:18.06 java
  13420 root      20   0   13.7g 341180  28976 S 401.0   2.1   0:22.07 java
  13420 root      20   0   13.7g 372740  28976 S 400.0   2.3   0:26.07 java
  13420 root      20   0   13.7g 383856  28976 S 399.0   2.4   0:30.06 java
  13420 root      20   0   13.7g 423144  28976 S 400.0   2.6   0:34.06 java
  13420 root      20   0   13.7g 431840  28976 S 401.0   2.6   0:38.07 java
  13420 root      20   0   13.7g 545220  28976 S 399.0   3.3   0:42.06 java
  13420 root      20   0   13.7g 609616  28976 S 396.0   3.7   0:46.06 java
  13420 root      20   0   13.7g 617796  28976 S 401.0   3.8   0:50.07 java
  13420 root      20   0   13.7g 615136  28976 S 399.0   3.8   0:54.06 java
  13420 root      20   0   13.7g 624024  28976 S 400.0   3.8   0:58.06 java
  13420 root      20   0   13.7g 623600  28976 S 401.0   3.8   1:02.07 java
  13420 root      20   0   13.7g 633964  28976 S 399.0   3.9   1:06.06 java
  13420 root      20   0   13.7g 663496  28976 S 400.0   4.1   1:10.06 java
  13420 root      20   0   13.7g 676284  28976 S 401.0   4.1   1:14.07 java
  13420 root      20   0   13.7g 678792  28976 S 395.0   4.2   1:18.06 java
  13420 root      20   0   13.7g 666948  29040 S 278.0   4.1   1:20.84 java
  13420 root      20   0   13.7g 667124  29040 S 108.0   4.1   1:21.92 java
  13420 root      20   0   13.7g 667124  29040 S 103.0   4.1   1:22.95 java
  13420 root      20   0   13.7g 667216  29040 S 107.0   4.1   1:24.02 java
  13420 root      20   0   13.7g 667216  29040 S  97.0   4.1   1:24.99 java
  13420 root      20   0   13.7g 642432  29040 S  93.0   3.9   1:25.92 java
  13420 root      20   0   13.7g 642432  29040 S  94.0   3.9   1:26.86 java
  13420 root      20   0   13.7g 642432  29040 S  95.0   3.9   1:27.81 java
  13420 root      20   0   13.7g 642432  29040 S  96.0   3.9   1:28.78 java
  13420 root      20   0   13.7g 642432  29040 S  96.0   3.9   1:29.74 java
  13420 root      20   0   13.7g 642432  29040 S  93.0   3.9   1:30.67 java
  13420 root      20   0   13.7g 642432  29040 S  92.0   3.9   1:31.59 java
  13420 root      20   0   13.7g 642536  29040 S  97.0   3.9   1:32.56 java
  13420 root      20   0   13.7g 642536  29040 S  90.0   3.9   1:33.46 java
  13420 root      20   0   13.7g 642536  29040 S  92.0   3.9   1:34.38 java
  13420 root      20   0   13.7g 642536  29040 S  95.0   3.9   1:35.33 java
  13420 root      20   0   13.7g 642536  29040 S  93.0   3.9   1:36.26 java
  13420 root      20   0   13.7g 642800  29040 S  91.0   3.9   1:37.17 java
  13420 root      20   0   13.7g 647736  29040 S  96.0   4.0   1:38.14 java
  13420 root      20   0   13.7g 647708  29040 S  92.0   4.0   1:39.06 java
  13420 root      20   0   13.7g 647708  29040 S  92.0   4.0   1:39.98 java
  13420 root      20   0   13.7g 647708  29040 S  93.0   4.0   1:40.91 java
  13420 root      20   0   13.7g 647708  29040 S  92.0   4.0   1:41.83 java
  13420 root      20   0   13.7g 647708  29040 S  92.0   4.0   1:42.75 java
  13420 root      20   0   13.7g 648532  29040 S  92.0   4.0   1:43.67 java
  13420 root      20   0   13.7g 648532  29040 S  92.0   4.0   1:44.59 java
  13420 root      20   0   13.6g 649764  29040 S  92.0   4.0   1:45.51 java
  13420 root      20   0   13.6g 649952  29040 S  93.0   4.0   1:46.44 java
  13420 root      20   0   13.6g 649952  29040 S  91.0   4.0   1:47.35 java
  13420 root      20   0   13.6g 650056  29040 S  92.1   4.0   1:48.28 java
  13420 root      20   0   13.6g 649912  29040 S  92.0   4.0   1:49.20 java
  13420 root      20   0   13.6g 649912  29040 S  91.0   4.0   1:50.11 java
  13420 root      20   0   13.6g 649912  29040 S  93.0   4.0   1:51.04 java
  13420 root      20   0   13.6g 649912  29040 S  91.0   4.0   1:51.95 java
  13420 root      20   0   13.6g 649912  29040 S  91.0   4.0   1:52.