  13047 root      20   0 9226748 567376  29100 S   0.0   3.5   9:53.74 java
  13047 root      20   0 9226748 567396  29100 S 305.0   3.5   9:56.79 java
  13047 root      20   0 9226748 567396  29100 S 317.0   3.5   9:59.96 java
  13047 root      20   0 9226748 567396  29100 S 315.8   3.5  10:03.15 java
  13047 root      20   0 9226748 567396  29100 S 316.0   3.5  10:06.31 java
  13047 root      20   0 9226748 567396  29100 S 320.0   3.5  10:09.51 java
  13047 root      20   0 9226748 567396  29100 S 318.0   3.5  10:12.69 java
  13047 root      20   0 9226748 567584  29100 S 308.0   3.5  10:15.77 java
  13047 root      20   0 9226748 567584  29100 S 312.0   3.5  10:18.89 java
  13047 root      20   0 9226748 567584  29100 S 315.0   3.5  10:22.04 java
  13047 root      20   0 9226748 567584  29100 S 315.0   3.5  10:25.19 java
  13047 root      20   0 9226748 567584  29100 S 317.0   3.5  10:28.36 java
  13047 root      20   0 9226748 567584  29100 S 312.0   3.5  10:31.48 java
  13047 root      20   0 9226748 567584  29100 S 312.9   3.5  10:34.64 java
  13047 root      20   0 9226748 567584  29100 S 320.0   3.5  10:37.84 java
  13047 root      20   0 9226748 567584  29100 S 314.0   3.5  10:40.98 java
  13047 root      20   0 9226748 567584  29100 S 320.0   3.5  10:44.18 java
  13047 root      20   0 9226748 567584  29100 S 313.0   3.5  10:47.31 java
  13047 root      20   0 9226748 567584  29100 S 312.0   3.5  10:50.43 java
  13047 root      20   0 9226748 567584  29100 S 315.0   3.5  10:53.58 java
  13047 root      20   0 9226748 567584  29100 S 318.0   3.5  10:56.76 java
  13047 root      20   0 9226748 567584  29100 S 317.0   3.5  10:59.93 java
  13047 root      20   0 9226748 567584  29100 S 312.0   3.5  11:03.05 java
  13047 root      20   0 9226748 567584  29100 S 314.9   3.5  11:06.23 java
  13047 root      20   0 9226748 567584  29100 S 313.0   3.5  11:09.36 java
  13047 root      20   0 9226748 567584  29100 S 311.0   3.5  11:12.47 java
  13047 root      20   0 9226748 567584  29100 S 317.0   3.5  11:15.64 java
  13047 root      20   0 9226748 567584  29100 S 321.0   3.5  11:18.85 java
  13047 root      20   0 9226748 567584  29100 S 317.0   3.5  11:22.02 java
  13047 root      20   0 9226748 567584  29100 S 319.0   3.5  11:25.21 java
  13047 root      20   0 9226748 567584  29100 S 319.0   3.5  11:28.40 java
  13047 root      20   0 9226748 567584  29100 S 320.0   3.5  11:31.60 java
  13047 root      20   0 9226748 567584  29100 S 315.0   3.5  11:34.75 java
  13047 root      20   0 9226748 567584  29100 S 315.8   3.5  11:37.94 java
  13047 root      20   0 9226748 567584  29100 S 320.0   3.5  11:41.14 java
  13047 root      20   0 9226748 567584  29100 S 319.0   3.5  11:44.33 java
  13047 root      20   0 9226748 567584  29100 S 310.0   3.5  11:47.43 java
  13047 root      20   0 9226748 567584  29100 S 319.0   3.5  11:50.62 java
  13047 root      20   0 9226748 567584  29100 S 316.0   3.5  11:53.78 java
  13047 root      20   0 9226748 567584  29100 S 317.0   3.5  11:56.95 java
  13047 root      20   0 9226748 567584  29100 S 316.0   3.5  12:00.11 java
  13047 root      20   0 9226748 567584  29100 S 314.0   3.5  12:03.25 java
  13047 root      20   0 9226748 567584  29100 S 323.0   3.5  12:06.48 java
  13047 root      20   0 9226748 567584  29100 S 311.9   3.5  12:09.63 java
  13047 root      20   0 9226748 567584  29100 S 312.0   3.5  12:12.75 java
  13047 root      20   0 9226748 567584  29100 S 318.0   3.5  12:15.93 java
  13047 root      20   0 9226748 567584  29100 S 319.0   3.5  12:19.12 java
  13047 root      20   0 9226748 567584  29100 S 312.0   3.5  12:22.24 java
  13047 root      20   0 9226748 567584  29100 S 317.0   3.5  12:25.41 java
  13047 root      20   0 9226748 567584  29100 S 318.0   3.5  12:28.59 java
  13047 root      20   0 9226748 567584  29100 S 318.0   3.5  12:31.77 java
  13047 root      20   0 9226748 567584  29100 S 314.0   3.5  12:34.91 java
  13047 root      20   0 9226748 567584  29100 S 316.0   3.5  12:38.07 java
  13047 root      20   0 9226748 567584  29100 S 314.9   3.5  12:41.