  13047 root      20   0 9226748 570124  29100 S   0.0   3.5  22:08.07 java
  13047 root      20   0 9226748 570124  29100 S 316.0   3.5  22:11.23 java
  13047 root      20   0 9226748 570124  29100 S 326.0   3.5  22:14.49 java
  13047 root      20   0 9226748 570124  29100 S 322.0   3.5  22:17.71 java
  13047 root      20   0 9226748 570124  29100 S 318.8   3.5  22:20.93 java
  13047 root      20   0 9226748 570756  29100 S 317.0   3.5  22:24.10 java
  13047 root      20   0 9226748 570756  29100 S 318.0   3.5  22:27.28 java
  13047 root      20   0 9226748 570756  29100 S 311.0   3.5  22:30.39 java
  13047 root      20   0 9226748 570756  29100 S 329.0   3.5  22:33.68 java
  13047 root      20   0 9226748 570756  29100 S 320.0   3.5  22:36.88 java
  13047 root      20   0 9226748 570756  29100 S 320.0   3.5  22:40.08 java
  13047 root      20   0 9226748 570756  29100 S 319.0   3.5  22:43.27 java
  13047 root      20   0 9226748 570756  29100 S 314.0   3.5  22:46.41 java
  13047 root      20   0 9226748 570756  29100 S 318.0   3.5  22:49.59 java
  13047 root      20   0 9226748 570756  29100 S 312.9   3.5  22:52.75 java
  13047 root      20   0 9226748 570756  29100 S 328.0   3.5  22:56.03 java
  13047 root      20   0 9226748 570756  29100 S 315.0   3.5  22:59.18 java
  13047 root      20   0 9226748 570756  29100 S 312.0   3.5  23:02.30 java
  13047 root      20   0 9226748 570756  29100 S 325.0   3.5  23:05.55 java
  13047 root      20   0 9226748 570756  29100 S 319.0   3.5  23:08.74 java
  13047 root      20   0 9226748 570756  29100 S 324.0   3.5  23:11.98 java
  13047 root      20   0 9226748 570756  29100 S 315.0   3.5  23:15.13 java
  13047 root      20   0 9226748 570756  29100 S 321.0   3.5  23:18.34 java
  13047 root      20   0 9226748 570968  29100 S 324.0   3.5  23:21.58 java
  13047 root      20   0 9226748 570968  29100 S 310.9   3.5  23:24.72 java
  13047 root      20   0 9226748 570968  29100 S 314.0   3.5  23:27.86 java
  13047 root      20   0 9226748 570968  29100 S 311.0   3.5  23:30.97 java
  13047 root      20   0 9226748 570968  29100 S 319.0   3.5  23:34.16 java
  13047 root      20   0 9226748 570968  29100 S 324.0   3.5  23:37.40 java
  13047 root      20   0 9226748 570968  29100 S 320.0   3.5  23:40.60 java
  13047 root      20   0 9226748 570968  29100 S 325.0   3.5  23:43.85 java
  13047 root      20   0 9226748 570968  29100 S 325.0   3.5  23:47.10 java
  13047 root      20   0 9226748 570968  29100 S 308.0   3.5  23:50.18 java
  13047 root      20   0 9226748 570968  29100 S 323.0   3.5  23:53.41 java
  13047 root      20   0 9226748 570968  29100 S 315.8   3.5  23:56.60 java
  13047 root      20   0 9226748 570968  29100 S 319.0   3.5  23:59.79 java
  13047 root      20   0 9226748 570968  29100 S 333.0   3.5  24:03.12 java
  13047 root      20   0 9226748 570968  29100 S 323.0   3.5  24:06.35 java
  13047 root      20   0 9226748 570992  29100 S 318.0   3.5  24:09.53 java
  13047 root      20   0 9226748 570992  29100 S 327.0   3.5  24:12.80 java
  13047 root      20   0 9226748 570992  29100 S 324.0   3.5  24:16.04 java
  13047 root      20   0 9226748 570992  29100 S 330.0   3.5  24:19.34 java
  13047 root      20   0 9226748 570992  29100 S 318.0   3.5  24:22.52 java
  13047 root      20   0 9226748 570992  29100 S 323.0   3.5  24:25.75 java
  13047 root      20   0 9226748 570992  29100 S 323.8   3.5  24:29.02 java
  13047 root      20   0 9226748 570992  29100 S 318.0   3.5  24:32.20 java
  13047 root      20   0 9226748 570992  29100 S 329.0   3.5  24:35.49 java
  13047 root      20   0 9226748 570992  29100 S 326.0   3.5  24:38.75 java
  13047 root      20   0 9226748 570992  29100 S 325.0   3.5  24:42.00 java
  13047 root      20   0 9226748 570992  29100 S 320.0   3.5  24:45.20 java
  13047 root      20   0 9226748 570992  29100 S 318.0   3.5  24:48.38 java
  13047 root      20   0 9226748 570992  29100 S 316.0   3.5  24:51.54 java
  13047 root      20   0 9226748 570992  29100 S 321.0   3.5  24:54.75 java
  13047 root      20   0 9226748 570992  29100 S 316.0   3.5  24:57.