  13047 root      20   0 9226748 738144  29100 S  73.3   4.5  55:13.72 java
  13047 root      20   0 9226748 738144  29100 S 332.0   4.5  55:17.04 java
  13047 root      20   0 9226748 738144  29100 S 395.0   4.5  55:20.99 java
  13047 root      20   0 9226748 738144  29100 S 396.0   4.5  55:24.95 java
  13047 root      20   0 9226748 738144  29100 S 396.0   4.5  55:28.91 java
  13047 root      20   0 9226748 738144  29100 S 399.0   4.5  55:32.90 java
  13047 root      20   0 9226748 738360  29100 S 397.0   4.5  55:36.87 java
  13047 root      20   0 9226748 738360  29100 S 397.0   4.5  55:40.88 java
  13047 root      20   0 9226748 738360  29100 S 398.0   4.5  55:44.86 java
  13047 root      20   0 9226748 738360  29100 S 401.0   4.5  55:48.87 java
  13047 root      20   0 9226748 738360  29100 S 397.0   4.5  55:52.84 java
  13047 root      20   0 9226748 738360  29100 S 401.0   4.5  55:56.85 java
  13047 root      20   0 9226748 738360  29100 S 400.0   4.5  56:00.85 java
  13047 root      20   0 9226748 738360  29100 S 397.0   4.5  56:04.82 java
  13047 root      20   0 9226748 738360  29100 S 402.0   4.5  56:08.84 java
  13047 root      20   0 9226748 738360  29100 S 398.0   4.5  56:12.82 java
  13047 root      20   0 9226748 738360  29100 S 397.0   4.5  56:16.79 java
  13047 root      20   0 9226748 738360  29100 S 397.0   4.5  56:20.80 java
  13047 root      20   0 9226748 738360  29100 S 396.0   4.5  56:24.76 java
  13047 root      20   0 9226748 738360  29100 S 398.0   4.5  56:28.74 java
  13047 root      20   0 9226748 738360  29100 S 394.0   4.5  56:32.68 java
  13047 root      20   0 9226748 738360  29100 S 400.0   4.5  56:36.68 java
  13047 root      20   0 9226748 738360  29100 S 399.0   4.5  56:40.67 java
  13047 root      20   0 9226748 738360  29100 S 398.0   4.5  56:44.65 java
  13047 root      20   0 9226748 738360  29100 S 399.0   4.5  56:48.64 java
  13047 root      20   0 9226748 738360  29100 S 399.0   4.5  56:52.63 java
  13047 root      20   0 9226748 738360  29100 S 396.0   4.5  56:56.59 java
  13047 root      20   0 9226748 738360  29100 S 393.1   4.5  57:00.56 java
  13047 root      20   0 9226748 738360  29100 S 399.0   4.5  57:04.55 java
  13047 root      20   0 9226748 738360  29100 S 398.0   4.5  57:08.53 java
  13047 root      20   0 9226748 738360  29100 S 400.0   4.5  57:12.53 java
  13047 root      20   0 9226748 738360  29100 S 394.0   4.5  57:16.47 java
  13047 root      20   0 9226748 738360  29100 S 398.0   4.5  57:20.45 java
  13047 root      20   0 9226748 738584  29100 S 399.0   4.5  57:24.44 java
  13047 root      20   0 9226748 738584  29100 S 398.0   4.5  57:28.42 java
  13047 root      20   0 9226748 738584  29100 S 396.0   4.5  57:32.42 java
  13047 root      20   0 9226748 738584  29100 S 396.0   4.5  57:36.38 java
  13047 root      20   0 9226748 738584  29100 S 398.0   4.5  57:40.36 java
  13047 root      20   0 9226748 738584  29100 S 395.0   4.5  57:44.31 java
  13047 root      20   0 9226748 738584  29100 S 399.0   4.5  57:48.30 java
  13047 root      20   0 9226748 738584  29100 S 398.0   4.5  57:52.28 java
  13047 root      20   0 9226748 738584  29100 S 390.0   4.5  57:56.18 java
  13047 root      20   0 9226748 738804  29100 S 396.0   4.5  58:00.14 java
  13047 root      20   0 9226748 738804  29100 S 395.0   4.5  58:04.13 java
  13047 root      20   0 9226748 738804  29100 S 397.0   4.5  58:08.10 java
  13047 root      20   0 9226748 738804  29100 S 400.0   4.5  58:12.10 java
  13047 root      20   0 9226748 738804  29100 S 399.0   4.5  58:16.09 java
  13047 root      20   0 9226748 738804  29100 S 399.0   4.5  58:20.08 java
  13047 root      20   0 9226748 739052  29100 S 397.0   4.5  58:24.05 java
  13047 root      20   0 9226748 739052  29100 S 399.0   4.5  58:28.04 java
  13047 root      20   0 9226748 739052  29100 S 401.0   4.5  58:32.05 java
  13047 root      20   0 9226748 739052  29100 S 395.0   4.5  58:36.04 java
  13047 root      20   0 9226748 739268  29100 S 400.0   4.5  58:40.04 java
  13047 root      20   0 9226748 739268  29100 S 400.0   4.5  58:44.