  12546 root      20   0 9226748 554660  29180 S  86.7   3.4   7:33.66 java
  12546 root      20   0 9226748 554660  29180 S 233.0   3.4   7:35.99 java
  12546 root      20   0 9226748 554660  29180 S 230.0   3.4   7:38.29 java
  12546 root      20   0 9226748 554916  29180 S 233.0   3.4   7:40.62 java
  12546 root      20   0 9226748 554916  29180 S 226.0   3.4   7:42.88 java
  12546 root      20   0 9226748 554916  29180 S 236.0   3.4   7:45.24 java
  12546 root      20   0 9226748 554916  29180 S 226.7   3.4   7:47.53 java
  12546 root      20   0 9226748 554916  29180 S 230.0   3.4   7:49.83 java
  12546 root      20   0 9226748 554916  29180 S 228.0   3.4   7:52.11 java
  12546 root      20   0 9226748 555268  29180 S 232.0   3.4   7:54.43 java
  12546 root      20   0 9226748 555268  29180 S 232.0   3.4   7:56.75 java
  12546 root      20   0 9226748 555268  29180 S 230.0   3.4   7:59.05 java
  12546 root      20   0 9226748 555268  29180 S 232.0   3.4   8:01.37 java
  12546 root      20   0 9226748 555268  29180 S 227.0   3.4   8:03.64 java
  12546 root      20   0 9226748 555268  29180 S 233.0   3.4   8:05.97 java
  12546 root      20   0 9226748 555268  29180 S 227.7   3.4   8:08.27 java
  12546 root      20   0 9226748 555268  29180 S 233.0   3.4   8:10.60 java
  12546 root      20   0 9226748 555268  29180 S 235.0   3.4   8:12.95 java
  12546 root      20   0 9226748 555268  29180 S 228.0   3.4   8:15.23 java
  12546 root      20   0 9226748 555268  29180 S 234.0   3.4   8:17.57 java
  12546 root      20   0 9226748 555268  29180 S 237.0   3.4   8:19.94 java
  12546 root      20   0 9226748 555268  29180 S 235.0   3.4   8:22.29 java
  12546 root      20   0 9226748 555268  29180 S 224.0   3.4   8:24.53 java
  12546 root      20   0 9226748 555268  29180 S 227.0   3.4   8:26.80 java
  12546 root      20   0 9226748 555268  29180 S 229.0   3.4   8:29.09 java
  12546 root      20   0 9226748 555268  29180 S 230.0   3.4   8:31.39 java
  12546 root      20   0 9226748 555268  29180 S 228.7   3.4   8:33.70 java
  12546 root      20   0 9226748 555268  29180 S 233.0   3.4   8:36.03 java
  12546 root      20   0 9226748 555268  29180 S 228.0   3.4   8:38.31 java
  12546 root      20   0 9226748 555268  29180 S 232.0   3.4   8:40.63 java
  12546 root      20   0 9226748 555268  29180 S 231.0   3.4   8:42.94 java
  12546 root      20   0 9226748 555268  29180 S 234.0   3.4   8:45.28 java
  12546 root      20   0 9226748 555268  29180 S 232.0   3.4   8:47.60 java
  12546 root      20   0 9226748 555432  29180 S 235.0   3.4   8:49.95 java
  12546 root      20   0 9226748 555432  29180 S 230.0   3.4   8:52.25 java
  12546 root      20   0 9226748 555432  29180 S 229.0   3.4   8:54.54 java
  12546 root      20   0 9226748 555432  29180 S 228.7   3.4   8:56.85 java
  12546 root      20   0 9226748 555432  29180 S 227.0   3.4   8:59.12 java
  12546 root      20   0 9226748 555432  29180 S 230.0   3.4   9:01.42 java
  12546 root      20   0 9226748 555432  29180 S 231.0   3.4   9:03.73 java
  12546 root      20   0 9226748 555432  29180 S 232.0   3.4   9:06.05 java
  12546 root      20   0 9226748 555432  29180 S 233.0   3.4   9:08.38 java
  12546 root      20   0 9226748 555432  29180 S 233.0   3.4   9:10.71 java
  12546 root      20   0 9226748 555432  29180 S 232.0   3.4   9:13.03 java
  12546 root      20   0 9226748 555432  29180 S 231.0   3.4   9:15.34 java
  12546 root      20   0 9226748 555432  29180 S 227.7   3.4   9:17.64 java
  12546 root      20   0 9226748 555432  29180 S 233.0   3.4   9:19.97 java
  12546 root      20   0 9226748 555432  29180 S 232.0   3.4   9:22.29 java
  12546 root      20   0 9226748 555432  29180 S 231.0   3.4   9:24.60 java
  12546 root      20   0 9226748 555432  29180 S 228.0   3.4   9:26.88 java
  12546 root      20   0 9226748 555432  29180 S 233.0   3.4   9:29.21 java
  12546 root      20   0 9226748 555432  29180 S 234.0   3.4   9:31.55 java
  12546 root      20   0 9226748 555432  29180 S 230.0   3.4   9:33.85 java
  12546 root      20   0 9226748 555432  29180 S 230.0   3.4   9:36.