  13979 root      20   0   13.6g 554356  29028 S   0.0   3.4  12:18.16 java
  13979 root      20   0   13.6g 554484  29028 S 308.0   3.4  12:21.24 java
  13979 root      20   0   13.6g 554484  29028 S 390.1   3.4  12:25.18 java
  13979 root      20   0   13.6g 554484  29028 S 397.0   3.4  12:29.15 java
  13979 root      20   0   13.6g 554484  29028 S 394.0   3.4  12:33.09 java
  13979 root      20   0   13.6g 554652  29028 S 394.0   3.4  12:37.03 java
  13979 root      20   0   13.6g 554676  29028 S 395.0   3.4  12:40.98 java
  13979 root      20   0   13.6g 554808  29028 S 397.0   3.4  12:44.95 java
  13979 root      20   0   13.6g 556564  29028 S 395.0   3.4  12:48.90 java
  13979 root      20   0   13.6g 556564  29028 S 397.0   3.4  12:52.87 java
  13979 root      20   0   13.6g 557360  29028 S 395.0   3.4  12:56.82 java
  13979 root      20   0   13.6g 557360  29028 S 393.0   3.4  13:00.75 java
  13979 root      20   0   13.6g 557360  29028 S 391.1   3.4  13:04.70 java
  13979 root      20   0   13.6g 557360  29028 S 395.0   3.4  13:08.65 java
  13979 root      20   0   13.6g 557452  29028 S 396.0   3.4  13:12.61 java
  13979 root      20   0   13.6g 557452  29028 S 394.0   3.4  13:16.55 java
  13979 root      20   0   13.6g 557452  29028 S 393.0   3.4  13:20.48 java
  13979 root      20   0   13.6g 557556  29028 S 396.0   3.4  13:24.44 java
  13979 root      20   0   13.6g 557556  29028 S 393.0   3.4  13:28.37 java
  13979 root      20   0   13.6g 557556  29028 S 395.0   3.4  13:32.32 java
  13979 root      20   0   13.6g 557556  29028 S 395.0   3.4  13:36.27 java
  13979 root      20   0   13.6g 557804  29028 S 395.0   3.4  13:40.22 java
  13979 root      20   0   13.6g 557804  29028 S 392.1   3.4  13:44.18 java
  13979 root      20   0   13.6g 558276  29028 S 396.0   3.4  13:48.14 java
  13979 root      20   0   13.6g 558276  29028 S 394.0   3.4  13:52.08 java
  13979 root      20   0   13.6g 558276  29028 S 394.0   3.4  13:56.02 java
  13979 root      20   0   13.6g 558276  29028 S 393.0   3.4  13:59.95 java
  13979 root      20   0   13.6g 558276  29028 S 396.0   3.4  14:03.91 java
  13979 root      20   0   13.6g 558276  29028 S 395.0   3.4  14:07.86 java
  13979 root      20   0   13.6g 558276  29028 S 397.0   3.4  14:11.83 java
  13979 root      20   0   13.6g 558276  29028 S 395.0   3.4  14:15.78 java
  13979 root      20   0   13.6g 558452  29028 S 395.0   3.4  14:19.73 java
  13979 root      20   0   13.6g 558528  29028 S 393.1   3.4  14:23.70 java
  13979 root      20   0   13.6g 558528  29028 S 395.0   3.4  14:27.65 java
  13979 root      20   0   13.6g 558528  29028 S 396.0   3.4  14:31.61 java
  13979 root      20   0   13.6g 558528  29028 S 395.0   3.4  14:35.56 java
  13979 root      20   0   13.6g 559144  29028 S 397.0   3.4  14:39.53 java
  13979 root      20   0   13.6g 559144  29028 S 395.0   3.4  14:43.48 java
  13979 root      20   0   13.6g 559144  29028 S 396.0   3.4  14:47.44 java
  13979 root      20   0   13.6g 559144  29028 S 396.0   3.4  14:51.40 java
  13979 root      20   0   13.6g 559144  29028 S 394.0   3.4  14:55.34 java
  13979 root      20   0   13.6g 560196  29028 S 396.0   3.4  14:59.30 java
  13979 root      20   0   13.6g 560196  29028 S 390.1   3.4  15:03.24 java
  13979 root      20   0   13.6g 560196  29028 S 394.0   3.4  15:07.18 java
  13979 root      20   0   13.6g 560196  29028 S 396.0   3.4  15:11.14 java
  13979 root      20   0   13.6g 560196  29028 S 394.0   3.4  15:15.08 java
  13979 root      20   0   13.6g 560196  29028 S 395.0   3.4  15:19.03 java
  13979 root      20   0   13.6g 560196  29028 S 396.0   3.4  15:22.99 java
  13979 root      20   0   13.6g 560196  29028 S 393.0   3.4  15:26.92 java
  13979 root      20   0   13.6g 560304  29028 S 395.0   3.4  15:30.87 java
  13979 root      20   0   13.6g 560304  29028 S 393.0   3.4  15:34.80 java
  13979 root      20   0   13.6g 560304  29028 S 395.0   3.4  15:38.75 java
  13979 root      20   0   13.6g 560304  29028 S 389.1   3.4  15:42.68 java
  13979 root      20   0   13.6g 560304  29028 S 396.0   3.4  15:46.