  13979 root      20   0   13.6g 685504  29028 S   0.0   4.2  28:10.20 java
  13979 root      20   0   13.6g 685504  29028 S 394.0   4.2  28:14.14 java
  13979 root      20   0   13.6g 685504  29028 S 402.0   4.2  28:18.16 java
  13979 root      20   0   13.6g 685504  29028 S 400.0   4.2  28:22.16 java
  13979 root      20   0   13.6g 685504  29028 S 399.0   4.2  28:26.15 java
  13979 root      20   0   13.6g 685504  29028 S 401.0   4.2  28:30.16 java
  13979 root      20   0   13.6g 685504  29028 S 400.0   4.2  28:34.16 java
  13979 root      20   0   13.6g 685656  29028 S 399.0   4.2  28:38.15 java
  13979 root      20   0   13.6g 685656  29028 S 398.0   4.2  28:42.13 java
  13979 root      20   0   13.6g 685936  29028 S 402.0   4.2  28:46.15 java
  13979 root      20   0   13.6g 685936  29028 S 397.0   4.2  28:50.16 java
  13979 root      20   0   13.6g 685936  29028 S 400.0   4.2  28:54.16 java
  13979 root      20   0   13.6g 686176  29028 S 400.0   4.2  28:58.16 java
  13979 root      20   0   13.6g 686176  29028 S 399.0   4.2  29:02.15 java
  13979 root      20   0   13.6g 686176  29028 S 401.0   4.2  29:06.16 java
  13979 root      20   0   13.6g 686176  29028 S 399.0   4.2  29:10.15 java
  13979 root      20   0   13.6g 686176  29028 S 401.0   4.2  29:14.16 java
  13979 root      20   0   13.6g 686448  29028 S 395.0   4.2  29:18.15 java
  13979 root      20   0   13.6g 686448  29028 S 401.0   4.2  29:22.16 java
  13979 root      20   0   13.6g 686448  29028 S 400.0   4.2  29:26.16 java
  13979 root      20   0   13.6g 686448  29028 S 400.0   4.2  29:30.16 java
  13979 root      20   0   13.6g 686448  29028 S 400.0   4.2  29:34.16 java
  13979 root      20   0   13.6g 686448  29028 S 400.0   4.2  29:38.16 java
  13979 root      20   0   13.6g 686848  29028 S 400.0   4.2  29:42.16 java
  13979 root      20   0   13.6g 686848  29028 S 400.0   4.2  29:46.16 java
  13979 root      20   0   13.6g 686848  29028 S 396.0   4.2  29:50.16 java
  13979 root      20   0   13.6g 686848  29028 S 400.0   4.2  29:54.16 java
  13979 root      20   0   13.6g 686848  29028 S 399.0   4.2  29:58.15 java
  13979 root      20   0   13.6g 686848  29028 S 401.0   4.2  30:02.16 java
  13979 root      20   0   13.6g 686848  29028 S 400.0   4.2  30:06.16 java
  13979 root      20   0   13.6g 686848  29028 S 399.0   4.2  30:10.15 java
  13979 root      20   0   13.6g 686848  29028 S 401.0   4.2  30:14.16 java
  13979 root      20   0   13.6g 686848  29028 S 399.0   4.2  30:18.15 java
  13979 root      20   0   13.6g 686848  29028 S 396.0   4.2  30:22.15 java
  13979 root      20   0   13.6g 686848  29028 S 401.0   4.2  30:26.16 java
  13979 root      20   0   13.6g 686848  29028 S 400.0   4.2  30:30.16 java
  13979 root      20   0   13.6g 686848  29028 S 399.0   4.2  30:34.15 java
  13979 root      20   0   13.6g 686848  29028 S 401.0   4.2  30:38.16 java
  13979 root      20   0   13.6g 686848  29028 S 399.0   4.2  30:42.15 java
  13979 root      20   0   13.6g 686848  29028 S 401.0   4.2  30:46.16 java
  13979 root      20   0   13.6g 686848  29028 S 396.0   4.2  30:50.16 java
  13979 root      20   0   13.6g 686848  29028 S 401.0   4.2  30:54.17 java
  13979 root      20   0   13.6g 686848  29028 S 401.0   4.2  30:58.18 java
  13979 root      20   0   13.6g 686848  29028 S 401.0   4.2  31:02.19 java
  13979 root      20   0   13.6g 687012  29028 S 401.0   4.2  31:06.20 java
  13979 root      20   0   13.6g 687024  29028 S 401.0   4.2  31:10.21 java
  13979 root      20   0   13.6g 687024  29028 S 401.0   4.2  31:14.22 java
  13979 root      20   0   13.6g 687024  29028 S 401.0   4.2  31:18.23 java
  13979 root      20   0   13.6g 687024  29028 S 401.0   4.2  31:22.24 java
  13979 root      20   0   13.6g 687024  29028 S 399.0   4.2  31:26.23 java
  13979 root      20   0   13.6g 687024  29028 S 397.0   4.2  31:30.24 java
  13979 root      20   0   13.6g 687024  29028 S 402.0   4.2  31:34.26 java
  13979 root      20   0   13.6g 687024  29028 S 399.0   4.2  31:38.25 java
  13979 root      20   0   13.6g 687024  29028 S 402.0   4.2  31:42.