Running 1m test @ http://erik-pc.local:8080/fruits
  4 threads and 100 connections
  Thread calibration: mean lat.: 16.624ms, rate sampling interval: 82ms
  Thread calibration: mean lat.: 17.194ms, rate sampling interval: 84ms
  Thread calibration: mean lat.: 16.045ms, rate sampling interval: 79ms
  Thread calibration: mean lat.: 16.542ms, rate sampling interval: 81ms
  Thread Stats   Avg      Stdev     Max   +/- Stdev
    Latency    17.42ms   16.25ms  78.21ms   67.77%
    Req/Sec     3.02k   684.09     4.19k    68.14%
  Latency Distribution (HdrHistogram - Recorded Latency)
 50.000%   13.14ms
 75.000%   31.49ms
 90.000%   41.60ms
 99.000%   52.96ms
 99.900%   61.69ms
 99.990%   68.86ms
 99.999%   73.98ms
100.000%   78.27ms

  Detailed Percentile spectrum:
       Value   Percentile   TotalCount 1/(1-Percentile)

       0.388     0.000000            1         1.00
       1.149     0.100000        59941         1.11
       1.577     0.200000       119686         1.25
       2.153     0.300000       179549         1.43
       5.207     0.400000       239291         1.67
      13.135     0.500000       299099         2.00
      17.039     0.550000       329095         2.22
      20.767     0.600000       358962         2.50
      24.447     0.650000       388862         2.86
      27.999     0.700000       418793         3.33
      31.487     0.750000       448755         4.00
      33.151     0.775000       463720         4.44
      34.847     0.800000       478803         5.00
      36.511     0.825000       493733         5.71
      38.175     0.850000       508705         6.67
      39.839     0.875000       523507         8.00
      40.703     0.887500       531049         8.89
      41.599     0.900000       538483        10.00
      42.559     0.912500       545987        11.43
      43.551     0.925000       553391        13.33
      44.639     0.937500       560798        16.00
      45.215     0.943750       564627        17.78
      45.855     0.950000       568391        20.00
      46.527     0.956250       572081        22.86
      47.263     0.962500       575817        26.67
      48.095     0.968750       579541        32.00
      48.575     0.971875       581415        35.56
      49.087     0.975000       583304        40.00
      49.695     0.978125       585181        45.71
      50.367     0.981250       586978        53.33
      51.167     0.984375       588893        64.00
      51.583     0.985938       589828        71.11
      52.031     0.987500       590743        80.00
      52.575     0.989062       591668        91.43
      53.183     0.990625       592584       106.67
      53.887     0.992188       593535       128.00
      54.303     0.992969       593981       142.22
      54.783     0.993750       594460       160.00
      55.295     0.994531       594918       182.86
      55.999     0.995313       595382       213.33
      56.671     0.996094       595857       256.00
      57.055     0.996484       596084       284.44
      57.567     0.996875       596323       320.00
      58.079     0.997266       596561       365.71
      58.687     0.997656       596791       426.67
      59.423     0.998047       597027       512.00
      59.775     0.998242       597138       568.89
      60.223     0.998437       597255       640.00
      60.671     0.998633       597372       731.43
      61.183     0.998828       597493       853.33
      61.823     0.999023       597601      1024.00
      62.207     0.999121       597661      1137.78
      62.591     0.999219       597718      1280.00
      63.007     0.999316       597776      1462.86
      63.487     0.999414       597836      1706.67
      64.159     0.999512       597895      2048.00
      64.447     0.999561       597922      2275.56
      64.863     0.999609       597953      2560.00
      65.311     0.999658       597980      2925.71
      65.791     0.999707       598009      3413.33
      66.239     0.999756       598039      4096.00
      66.623     0.999780       598054      4551.11
      67.071     0.999805       598070      5120.00
      67.327     0.999829       598082      5851.43
      67.903     0.999854       598098      6826.67
      68.351     0.999878       598112      8192.00
      68.607     0.999890       598119      9102.22
      68.927     0.999902       598126     10240.00
      69.695     0.999915       598133     11702.86
      69.951     0.999927       598141     13653.33
      71.039     0.999939       598150     16384.00
      71.167     0.999945       598152     18204.44
      71.295     0.999951       598157     20480.00
      71.423     0.999957       598161     23405.71
      71.679     0.999963       598164     27306.67
      71.935     0.999969       598166     32768.00
      72.319     0.999973       598168     36408.89
      72.575     0.999976       598170     40960.00
      72.831     0.999979       598172     46811.43
      73.151     0.999982       598174     54613.33
      73.215     0.999985       598175     65536.00
      73.279     0.999986       598176     72817.78
      73.535     0.999988       598177     81920.00
      73.983     0.999989       598178     93622.86
      74.879     0.999991       598179    109226.67
      75.327     0.999992       598180    131072.00
      75.327     0.999993       598180    145635.56
      75.647     0.999994       598181    163840.00
      75.647     0.999995       598181    187245.71
      76.607     0.999995       598182    218453.33
      76.607     0.999996       598182    262144.00
      76.607     0.999997       598182    291271.11
      77.311     0.999997       598183    327680.00
      77.311     0.999997       598183    374491.43
      77.311     0.999998       598183    436906.67
      77.311     0.999998       598183    524288.00
      77.311     0.999998       598183    582542.22
      78.271     0.999998       598184    655360.00
      78.271     1.000000       598184          inf
#[Mean    =       17.416, StdDeviation   =       16.246]
#[Max     =       78.208, Total count    =       598184]
#[Buckets =           27, SubBuckets     =         2048]
----------------------------------------------------------
  719012 requests in 1.00m, 116.57MB read
Requests/sec:  11983.48
Transfer/sec:      1.94MB
