Running 1m test @ http://erik-pc.local:8080/fruits
  4 threads and 100 connections
  Thread calibration: mean lat.: 12.230ms, rate sampling interval: 58ms
  Thread calibration: mean lat.: 13.924ms, rate sampling interval: 64ms
  Thread calibration: mean lat.: 11.763ms, rate sampling interval: 56ms
  Thread calibration: mean lat.: 11.613ms, rate sampling interval: 56ms
  Thread Stats   Avg      Stdev     Max   +/- Stdev
    Latency    12.10ms   11.28ms  79.68ms   76.84%
    Req/Sec     4.54k     1.47k    7.61k    57.09%
  Latency Distribution (HdrHistogram - Recorded Latency)
 50.000%    8.22ms
 75.000%   21.68ms
 90.000%   29.12ms
 99.000%   37.89ms
 99.900%   44.93ms
 99.990%   56.96ms
 99.999%   76.10ms
100.000%   79.74ms

  Detailed Percentile spectrum:
       Value   Percentile   TotalCount 1/(1-Percentile)

       0.439     0.000000            1         1.00
       1.216     0.100000        89975         1.11
       1.572     0.200000       179699         1.25
       2.008     0.300000       269384         1.43
       3.091     0.400000       359066         1.67
       8.223     0.500000       448818         2.00
      11.055     0.550000       493706         2.22
      13.799     0.600000       538598         2.50
      16.495     0.650000       583420         2.86
      19.119     0.700000       628461         3.33
      21.679     0.750000       673392         4.00
      22.911     0.775000       695629         4.44
      24.143     0.800000       718121         5.00
      25.343     0.825000       740457         5.71
      26.591     0.850000       762984         6.67
      27.839     0.875000       785465         8.00
      28.463     0.887500       796626         8.89
      29.119     0.900000       807931        10.00
      29.807     0.912500       819099        11.43
      30.559     0.925000       830393        13.33
      31.327     0.937500       841441        16.00
      31.759     0.943750       847050        17.78
      32.223     0.950000       852692        20.00
      32.751     0.956250       858347        22.86
      33.343     0.962500       863902        26.67
      34.015     0.968750       869545        32.00
      34.399     0.971875       872280        35.56
      34.847     0.975000       875160        40.00
      35.327     0.978125       877977        45.71
      35.871     0.981250       880765        53.33
      36.479     0.984375       883545        64.00
      36.831     0.985938       884977        71.11
      37.183     0.987500       886301        80.00
      37.631     0.989062       887757        91.43
      38.111     0.990625       889142       106.67
      38.687     0.992188       890530       128.00
      38.975     0.992969       891197       142.22
      39.359     0.993750       891925       160.00
      39.743     0.994531       892580       182.86
      40.223     0.995313       893295       213.33
      40.767     0.996094       894010       256.00
      41.087     0.996484       894374       284.44
      41.407     0.996875       894707       320.00
      41.823     0.997266       895051       365.71
      42.207     0.997656       895394       426.67
      42.751     0.998047       895742       512.00
      43.103     0.998242       895918       568.89
      43.519     0.998437       896095       640.00
      43.967     0.998633       896274       731.43
      44.447     0.998828       896438       853.33
      44.991     0.999023       896612      1024.00
      45.407     0.999121       896702      1137.78
      45.887     0.999219       896791      1280.00
      46.495     0.999316       896876      1462.86
      47.103     0.999414       896967      1706.67
      47.839     0.999512       897050      2048.00
      48.319     0.999561       897097      2275.56
      48.799     0.999609       897138      2560.00
      49.759     0.999658       897183      2925.71
      50.783     0.999707       897227      3413.33
      51.679     0.999756       897269      4096.00
      52.319     0.999780       897291      4551.11
      53.119     0.999805       897314      5120.00
      53.823     0.999829       897335      5851.43
      54.623     0.999854       897357      6826.67
      55.871     0.999878       897380      8192.00
      56.639     0.999890       897391      9102.22
      57.343     0.999902       897401     10240.00
      58.431     0.999915       897412     11702.86
      60.415     0.999927       897423     13653.33
      61.535     0.999939       897434     16384.00
      62.271     0.999945       897439     18204.44
      64.383     0.999951       897445     20480.00
      65.119     0.999957       897450     23405.71
      67.135     0.999963       897456     27306.67
      70.015     0.999969       897461     32768.00
      70.591     0.999973       897464     36408.89
      72.383     0.999976       897467     40960.00
      72.767     0.999979       897469     46811.43
      73.599     0.999982       897472     54613.33
      74.495     0.999985       897475     65536.00
      75.199     0.999986       897476     72817.78
      75.327     0.999988       897478     81920.00
      76.095     0.999989       897479     93622.86
      76.351     0.999991       897480    109226.67
      76.991     0.999992       897482    131072.00
      76.991     0.999993       897482    145635.56
      77.055     0.999994       897483    163840.00
      78.207     0.999995       897484    187245.71
      78.207     0.999995       897484    218453.33
      78.335     0.999996       897485    262144.00
      78.335     0.999997       897485    291271.11
      78.591     0.999997       897486    327680.00
      78.591     0.999997       897486    374491.43
      78.591     0.999998       897486    436906.67
      78.847     0.999998       897487    524288.00
      78.847     0.999998       897487    582542.22
      78.847     0.999998       897487    655360.00
      78.847     0.999999       897487    748982.86
      78.847     0.999999       897487    873813.33
      79.743     0.999999       897488   1048576.00
      79.743     1.000000       897488          inf
#[Mean    =       12.099, StdDeviation   =       11.282]
#[Max     =       79.680, Total count    =       897488]
#[Buckets =           27, SubBuckets     =         2048]
----------------------------------------------------------
  1078585 requests in 1.00m, 174.87MB read
Requests/sec:  17976.35
Transfer/sec:      2.91MB
