Running 1m test @ http://erik-pc.local:8080/fruits
  4 threads and 100 connections
  Thread calibration: mean lat.: 107.433ms, rate sampling interval: 544ms
  Thread calibration: mean lat.: 105.079ms, rate sampling interval: 453ms
  Thread calibration: mean lat.: 234.887ms, rate sampling interval: 885ms
  Thread calibration: mean lat.: 166.153ms, rate sampling interval: 751ms
  Thread Stats   Avg      Stdev     Max   +/- Stdev
    Latency     1.46s   929.97ms   4.51s    64.12%
    Req/Sec     3.82k   353.32     4.69k    69.35%
  Latency Distribution (HdrHistogram - Recorded Latency)
 50.000%    1.31s 
 75.000%    2.10s 
 90.000%    2.81s 
 99.000%    3.80s 
 99.900%    4.32s 
 99.990%    4.48s 
 99.999%    4.50s 
100.000%    4.51s 

  Detailed Percentile spectrum:
       Value   Percentile   TotalCount 1/(1-Percentile)

       0.567     0.000000            1         1.00
     362.751     0.100000        76004         1.11
     561.663     0.200000       152096         1.25
     809.983     0.300000       228063         1.43
    1048.063     0.400000       303960         1.67
    1306.623     0.500000       380041         2.00
    1433.599     0.550000       417943         2.22
    1572.863     0.600000       455925         2.50
    1745.919     0.650000       493944         2.86
    1919.999     0.700000       532030         3.33
    2097.151     0.750000       569959         4.00
    2183.167     0.775000       588908         4.44
    2287.615     0.800000       608129         5.00
    2396.159     0.825000       627083         5.71
    2521.087     0.850000       646037         6.67
    2666.495     0.875000       664983         8.00
    2736.127     0.887500       674536         8.89
    2811.903     0.900000       683930        10.00
    2887.679     0.912500       693488        11.43
    2965.503     0.925000       703142        13.33
    3045.375     0.937500       712509        16.00
    3102.719     0.943750       717238        17.78
    3182.591     0.950000       721957        20.00
    3264.511     0.956250       726660        22.86
    3346.431     0.962500       731375        26.67
    3446.783     0.968750       736204        32.00
    3493.887     0.971875       738543        35.56
    3543.039     0.975000       740886        40.00
    3598.335     0.978125       743310        45.71
    3641.343     0.981250       745725        53.33
    3682.303     0.984375       748083        64.00
    3706.879     0.985938       749264        71.11
    3733.503     0.987500       750375        80.00
    3776.511     0.989062       751606        91.43
    3819.519     0.990625       752764       106.67
    3860.479     0.992188       753988       128.00
    3883.007     0.992969       754574       142.22
    3911.679     0.993750       755117       160.00
    3950.591     0.994531       755740       182.86
    3991.551     0.995313       756310       213.33
    4048.895     0.996094       756903       256.00
    4081.663     0.996484       757202       284.44
    4108.287     0.996875       757493       320.00
    4139.007     0.997266       757798       365.71
    4177.919     0.997656       758086       426.67
    4235.263     0.998047       758389       512.00
    4255.743     0.998242       758546       568.89
    4272.127     0.998437       758681       640.00
    4288.511     0.998633       758834       731.43
    4308.991     0.998828       759009       853.33
    4325.375     0.999023       759143      1024.00
    4337.663     0.999121       759215      1137.78
    4349.951     0.999219       759288      1280.00
    4362.239     0.999316       759349      1462.86
    4382.719     0.999414       759423      1706.67
    4399.103     0.999512       759504      2048.00
    4407.295     0.999561       759535      2275.56
    4419.583     0.999609       759577      2560.00
    4427.775     0.999658       759613      2925.71
    4435.967     0.999707       759650      3413.33
    4444.159     0.999756       759686      4096.00
    4452.351     0.999780       759713      4551.11
    4456.447     0.999805       759726      5120.00
    4460.543     0.999829       759740      5851.43
    4468.735     0.999854       759764      6826.67
    4472.831     0.999878       759774      8192.00
    4476.927     0.999890       759787      9102.22
    4481.023     0.999902       759799     10240.00
    4485.119     0.999915       759810     11702.86
    4489.215     0.999927       759825     13653.33
    4489.215     0.999939       759825     16384.00
    4489.215     0.999945       759825     18204.44
    4493.311     0.999951       759837     20480.00
    4493.311     0.999957       759837     23405.71
    4497.407     0.999963       759848     27306.67
    4497.407     0.999969       759848     32768.00
    4497.407     0.999973       759848     36408.89
    4497.407     0.999976       759848     40960.00
    4501.503     0.999979       759859     46811.43
    4501.503     0.999982       759859     54613.33
    4501.503     0.999985       759859     65536.00
    4501.503     0.999986       759859     72817.78
    4501.503     0.999988       759859     81920.00
    4501.503     0.999989       759859     93622.86
    4505.599     0.999991       759864    109226.67
    4505.599     0.999992       759864    131072.00
    4505.599     0.999993       759864    145635.56
    4505.599     0.999994       759864    163840.00
    4505.599     0.999995       759864    187245.71
    4505.599     0.999995       759864    218453.33
    4505.599     0.999996       759864    262144.00
    4505.599     0.999997       759864    291271.11
    4505.599     0.999997       759864    327680.00
    4505.599     0.999997       759864    374491.43
    4509.695     0.999998       759866    436906.67
    4509.695     1.000000       759866          inf
#[Mean    =     1455.522, StdDeviation   =      929.974]
#[Max     =     4505.600, Total count    =       759866]
#[Buckets =           27, SubBuckets     =         2048]
----------------------------------------------------------
  915274 requests in 1.00m, 148.39MB read
Requests/sec:  15242.24
Transfer/sec:      2.47MB
