Running 1m test @ http://erik-pc.local:8080/fruits
  4 threads and 100 connections
  Thread calibration: mean lat.: 1.585ms, rate sampling interval: 10ms
  Thread calibration: mean lat.: 2.106ms, rate sampling interval: 10ms
  Thread calibration: mean lat.: 1.597ms, rate sampling interval: 10ms
  Thread calibration: mean lat.: 1.660ms, rate sampling interval: 10ms
  Thread Stats   Avg      Stdev     Max   +/- Stdev
    Latency     1.71ms  577.42us   8.46ms   69.48%
    Req/Sec     1.32k   621.93     2.78k    76.12%
  Latency Distribution (HdrHistogram - Recorded Latency)
 50.000%    1.68ms
 75.000%    2.04ms
 90.000%    2.43ms
 99.000%    2.98ms
 99.900%    6.60ms
 99.990%    7.61ms
 99.999%    8.16ms
100.000%    8.46ms

  Detailed Percentile spectrum:
       Value   Percentile   TotalCount 1/(1-Percentile)

       0.531     0.000000            1         1.00
       1.010     0.100000        24939         1.11
       1.198     0.200000        49976         1.25
       1.370     0.300000        74862         1.43
       1.535     0.400000        99838         1.67
       1.684     0.500000       124828         2.00
       1.752     0.550000       137309         2.22
       1.816     0.600000       149758         2.50
       1.883     0.650000       162118         2.86
       1.956     0.700000       174636         3.33
       2.038     0.750000       187133         4.00
       2.085     0.775000       193301         4.44
       2.139     0.800000       199587         5.00
       2.199     0.825000       205814         5.71
       2.267     0.850000       211977         6.67
       2.347     0.875000       218220         8.00
       2.391     0.887500       221326         8.89
       2.435     0.900000       224430        10.00
       2.485     0.912500       227621        11.43
       2.537     0.925000       230702        13.33
       2.595     0.937500       233858        16.00
       2.623     0.943750       235330        17.78
       2.655     0.950000       236914        20.00
       2.687     0.956250       238504        22.86
       2.721     0.962500       240043        26.67
       2.759     0.968750       241609        32.00
       2.779     0.971875       242403        35.56
       2.801     0.975000       243178        40.00
       2.825     0.978125       243938        45.71
       2.853     0.981250       244686        53.33
       2.889     0.984375       245482        64.00
       2.911     0.985938       245878        71.11
       2.935     0.987500       246249        80.00
       2.963     0.989062       246641        91.43
       2.999     0.990625       247025       106.67
       3.047     0.992188       247419       128.00
       3.077     0.992969       247610       142.22
       3.109     0.993750       247800       160.00
       3.157     0.994531       247992       182.86
       3.213     0.995313       248188       213.33
       3.303     0.996094       248385       256.00
       3.369     0.996484       248478       284.44
       3.481     0.996875       248575       320.00
       4.775     0.997266       248674       365.71
       5.335     0.997656       248770       426.67
       5.787     0.998047       248867       512.00
       5.979     0.998242       248916       568.89
       6.159     0.998437       248965       640.00
       6.295     0.998633       249015       731.43
       6.447     0.998828       249062       853.33
       6.627     0.999023       249111      1024.00
       6.667     0.999121       249135      1137.78
       6.735     0.999219       249161      1280.00
       6.831     0.999316       249184      1462.86
       6.919     0.999414       249208      1706.67
       7.011     0.999512       249234      2048.00
       7.063     0.999561       249246      2275.56
       7.111     0.999609       249257      2560.00
       7.187     0.999658       249269      2925.71
       7.231     0.999707       249281      3413.33
       7.323     0.999756       249295      4096.00
       7.367     0.999780       249300      4551.11
       7.427     0.999805       249306      5120.00
       7.471     0.999829       249312      5851.43
       7.519     0.999854       249318      6826.67
       7.567     0.999878       249324      8192.00
       7.579     0.999890       249327      9102.22
       7.611     0.999902       249330     10240.00
       7.667     0.999915       249333     11702.86
       7.727     0.999927       249336     13653.33
       7.803     0.999939       249339     16384.00
       7.863     0.999945       249341     18204.44
       7.875     0.999951       249342     20480.00
       7.903     0.999957       249344     23405.71
       7.911     0.999963       249345     27306.67
       7.955     0.999969       249347     32768.00
       7.975     0.999973       249348     36408.89
       7.975     0.999976       249348     40960.00
       7.979     0.999979       249349     46811.43
       7.995     0.999982       249350     54613.33
       8.083     0.999985       249351     65536.00
       8.083     0.999986       249351     72817.78
       8.083     0.999988       249351     81920.00
       8.163     0.999989       249352     93622.86
       8.163     0.999991       249352    109226.67
       8.187     0.999992       249353    131072.00
       8.187     0.999993       249353    145635.56
       8.187     0.999994       249353    163840.00
       8.187     0.999995       249353    187245.71
       8.187     0.999995       249353    218453.33
       8.463     0.999996       249354    262144.00
       8.463     1.000000       249354          inf
#[Mean    =        1.708, StdDeviation   =        0.577]
#[Max     =        8.456, Total count    =       249354]
#[Buckets =           27, SubBuckets     =         2048]
----------------------------------------------------------
  298559 requests in 1.00m, 48.40MB read
Requests/sec:   4975.86
Transfer/sec:    826.07KB
