Running 1m test @ http://erik-pc.local:8080/fruits
  4 threads and 100 connections
  Thread calibration: mean lat.: 266.402ms, rate sampling interval: 990ms
  Thread calibration: mean lat.: 225.774ms, rate sampling interval: 900ms
  Thread calibration: mean lat.: 269.730ms, rate sampling interval: 1046ms
  Thread calibration: mean lat.: 667.340ms, rate sampling interval: 2279ms
  Thread Stats   Avg      Stdev     Max   +/- Stdev
    Latency     2.08s   931.85ms   5.27s    65.97%
    Req/Sec     6.58k   447.10     7.70k    72.25%
  Latency Distribution (HdrHistogram - Recorded Latency)
 50.000%    2.00s 
 75.000%    2.69s 
 90.000%    3.38s 
 99.000%    4.38s 
 99.900%    4.92s 
 99.990%    5.23s 
 99.999%    5.26s 
100.000%    5.27s 

  Detailed Percentile spectrum:
       Value   Percentile   TotalCount 1/(1-Percentile)

      75.967     0.000000            1         1.00
     877.567     0.100000       131547         1.11
    1235.967     0.200000       263178         1.25
    1504.255     0.300000       394926         1.43
    1763.327     0.400000       526405         1.67
    2001.919     0.500000       657647         2.00
    2127.871     0.550000       723288         2.22
    2258.943     0.600000       789014         2.50
    2398.207     0.650000       855563         2.86
    2531.327     0.700000       921124         3.33
    2693.119     0.750000       986647         4.00
    2779.135     0.775000      1019066         4.44
    2869.247     0.800000      1051990         5.00
    2969.599     0.825000      1084899         5.71
    3096.575     0.850000      1117715         6.67
    3211.263     0.875000      1151008         8.00
    3291.135     0.887500      1167168         8.89
    3383.295     0.900000      1183633        10.00
    3467.263     0.912500      1200048        11.43
    3557.375     0.925000      1216629        13.33
    3663.871     0.937500      1232878        16.00
    3715.071     0.943750      1241285        17.78
    3764.223     0.950000      1249335        20.00
    3829.759     0.956250      1257580        22.86
    3899.391     0.962500      1265651        26.67
    3966.975     0.968750      1273995        32.00
    4003.839     0.971875      1278020        35.56
    4048.895     0.975000      1282067        40.00
    4108.287     0.978125      1286168        45.71
    4163.583     0.981250      1290410        53.33
    4222.975     0.984375      1294533        64.00
    4276.223     0.985938      1296442        71.11
    4317.183     0.987500      1298574        80.00
    4358.143     0.989062      1300703        91.43
    4403.199     0.990625      1302697       106.67
    4468.735     0.992188      1304719       128.00
    4509.695     0.992969      1305678       142.22
    4554.751     0.993750      1306713       160.00
    4603.903     0.994531      1307810       182.86
    4653.055     0.995313      1308761       213.33
    4710.399     0.996094      1309816       256.00
    4734.975     0.996484      1310333       284.44
    4755.455     0.996875      1310822       320.00
    4780.031     0.997266      1311346       365.71
    4804.607     0.997656      1311860       426.67
    4833.279     0.998047      1312416       512.00
    4845.567     0.998242      1312639       568.89
    4861.951     0.998437      1312901       640.00
    4882.431     0.998633      1313185       731.43
    4894.719     0.998828      1313386       853.33
    4927.487     0.999023      1313645      1024.00
    4960.255     0.999121      1313780      1137.78
    4984.831     0.999219      1313895      1280.00
    5021.695     0.999316      1314021      1462.86
    5058.559     0.999414      1314160      1706.67
    5124.095     0.999512      1314284      2048.00
    5140.479     0.999561      1314351      2275.56
    5156.863     0.999609      1314415      2560.00
    5169.151     0.999658      1314491      2925.71
    5181.439     0.999707      1314543      3413.33
    5197.823     0.999756      1314601      4096.00
    5206.015     0.999780      1314643      4551.11
    5210.111     0.999805      1314668      5120.00
    5214.207     0.999829      1314698      5851.43
    5218.303     0.999854      1314740      6826.67
    5222.399     0.999878      1314772      8192.00
    5226.495     0.999890      1314796      9102.22
    5226.495     0.999902      1314796     10240.00
    5230.591     0.999915      1314812     11702.86
    5234.687     0.999927      1314828     13653.33
    5238.783     0.999939      1314844     16384.00
    5242.879     0.999945      1314859     18204.44
    5242.879     0.999951      1314859     20480.00
    5246.975     0.999957      1314871     23405.71
    5246.975     0.999963      1314871     27306.67
    5251.071     0.999969      1314886     32768.00
    5251.071     0.999973      1314886     36408.89
    5251.071     0.999976      1314886     40960.00
    5255.167     0.999979      1314897     46811.43
    5255.167     0.999982      1314897     54613.33
    5259.263     0.999985      1314901     65536.00
    5259.263     0.999986      1314901     72817.78
    5263.359     0.999988      1314906     81920.00
    5263.359     0.999989      1314906     93622.86
    5263.359     0.999991      1314906    109226.67
    5267.455     0.999992      1314914    131072.00
    5267.455     0.999993      1314914    145635.56
    5267.455     0.999994      1314914    163840.00
    5267.455     0.999995      1314914    187245.71
    5267.455     0.999995      1314914    218453.33
    5267.455     0.999996      1314914    262144.00
    5267.455     0.999997      1314914    291271.11
    5267.455     0.999997      1314914    327680.00
    5271.551     0.999997      1314918    374491.43
    5271.551     1.000000      1314918          inf
#[Mean    =     2077.877, StdDeviation   =      931.854]
#[Max     =     5267.456, Total count    =      1314918]
#[Buckets =           27, SubBuckets     =         2048]
----------------------------------------------------------
  1578112 requests in 1.00m, 255.85MB read
Requests/sec:  26302.01
Transfer/sec:      4.26MB
