Running 1m test @ http://erik-pc.local:8080/fruits
  4 threads and 100 connections
  Thread calibration: mean lat.: 16.050ms, rate sampling interval: 77ms
  Thread calibration: mean lat.: 17.072ms, rate sampling interval: 79ms
  Thread calibration: mean lat.: 17.988ms, rate sampling interval: 79ms
  Thread calibration: mean lat.: 17.088ms, rate sampling interval: 78ms
  Thread Stats   Avg      Stdev     Max   +/- Stdev
    Latency    19.04ms   15.20ms  91.58ms   50.34%
    Req/Sec     5.54k     1.35k    8.53k    61.91%
  Latency Distribution (HdrHistogram - Recorded Latency)
 50.000%   17.90ms
 75.000%   32.17ms
 90.000%   40.42ms
 99.000%   49.76ms
 99.900%   58.53ms
 99.990%   71.42ms
 99.999%   79.87ms
100.000%   91.65ms

  Detailed Percentile spectrum:
       Value   Percentile   TotalCount 1/(1-Percentile)

       0.321     0.000000            1         1.00
       1.233     0.100000       109811         1.11
       1.882     0.200000       219523         1.25
       4.875     0.300000       329221         1.43
      11.671     0.400000       438890         1.67
      17.903     0.500000       548762         2.00
      20.895     0.550000       603641         2.22
      23.807     0.600000       658573         2.50
      26.655     0.650000       713263         2.86
      29.439     0.700000       768081         3.33
      32.175     0.750000       823229         4.00
      33.535     0.775000       850988         4.44
      34.879     0.800000       878221         5.00
      36.191     0.825000       905328         5.71
      37.535     0.850000       932745         6.67
      38.943     0.875000       960169         8.00
      39.679     0.887500       973777         8.89
      40.415     0.900000       987918        10.00
      41.183     0.912500      1001587        11.43
      41.983     0.925000      1014979        13.33
      42.911     0.937500      1028890        16.00
      43.423     0.943750      1035658        17.78
      43.967     0.950000      1042505        20.00
      44.543     0.956250      1049360        22.86
      45.151     0.962500      1056370        26.67
      45.823     0.968750      1063081        32.00
      46.207     0.971875      1066496        35.56
      46.623     0.975000      1069816        40.00
      47.103     0.978125      1073209        45.71
      47.679     0.981250      1076792        53.33
      48.319     0.984375      1080081        64.00
      48.703     0.985938      1081901        71.11
      49.087     0.987500      1083621        80.00
      49.471     0.989062      1085255        91.43
      49.951     0.990625      1086952       106.67
      50.527     0.992188      1088715       128.00
      50.847     0.992969      1089545       142.22
      51.231     0.993750      1090419       160.00
      51.647     0.994531      1091221       182.86
      52.159     0.995313      1092108       213.33
      52.767     0.996094      1092939       256.00
      53.119     0.996484      1093380       284.44
      53.503     0.996875      1093782       320.00
      53.951     0.997266      1094219       365.71
      54.495     0.997656      1094662       426.67
      55.135     0.998047      1095081       512.00
      55.519     0.998242      1095290       568.89
      56.031     0.998437      1095504       640.00
      56.575     0.998633      1095714       731.43
      57.567     0.998828      1095930       853.33
      58.623     0.999023      1096147      1024.00
      59.231     0.999121      1096247      1137.78
      59.935     0.999219      1096355      1280.00
      60.895     0.999316      1096460      1462.86
      61.951     0.999414      1096570      1706.67
      62.911     0.999512      1096676      2048.00
      63.519     0.999561      1096729      2275.56
      64.255     0.999609      1096785      2560.00
      64.991     0.999658      1096835      2925.71
      66.047     0.999707      1096892      3413.33
      67.199     0.999756      1096944      4096.00
      67.711     0.999780      1096969      4551.11
      68.287     0.999805      1096998      5120.00
      69.247     0.999829      1097025      5851.43
      69.823     0.999854      1097051      6826.67
      70.591     0.999878      1097079      8192.00
      71.103     0.999890      1097092      9102.22
      71.551     0.999902      1097103     10240.00
      72.127     0.999915      1097117     11702.86
      72.575     0.999927      1097130     13653.33
      73.599     0.999939      1097145     16384.00
      73.855     0.999945      1097150     18204.44
      74.239     0.999951      1097157     20480.00
      74.879     0.999957      1097164     23405.71
      75.967     0.999963      1097172     27306.67
      76.479     0.999969      1097177     32768.00
      76.735     0.999973      1097181     36408.89
      77.247     0.999976      1097184     40960.00
      77.823     0.999979      1097187     46811.43
      78.079     0.999982      1097191     54613.33
      78.847     0.999985      1097194     65536.00
      79.039     0.999986      1097195     72817.78
      79.231     0.999988      1097197     81920.00
      79.871     0.999989      1097199     93622.86
      80.063     0.999991      1097200    109226.67
      80.447     0.999992      1097202    131072.00
      80.639     0.999993      1097203    145635.56
      80.959     0.999994      1097204    163840.00
      83.199     0.999995      1097205    187245.71
      83.199     0.999995      1097205    218453.33
      85.311     0.999996      1097206    262144.00
      86.847     0.999997      1097207    291271.11
      86.847     0.999997      1097207    327680.00
      88.447     0.999997      1097208    374491.43
      88.447     0.999998      1097208    436906.67
      88.447     0.999998      1097208    524288.00
      89.727     0.999998      1097209    582542.22
      89.727     0.999998      1097209    655360.00
      89.727     0.999999      1097209    748982.86
      89.727     0.999999      1097209    873813.33
      89.727     0.999999      1097209   1048576.00
      91.647     0.999999      1097210   1165084.44
      91.647     1.000000      1097210          inf
#[Mean    =       19.042, StdDeviation   =       15.200]
#[Max     =       91.584, Total count    =      1097210]
#[Buckets =           27, SubBuckets     =         2048]
----------------------------------------------------------
  1312960 requests in 1.00m, 212.86MB read
Requests/sec:  21877.75
Transfer/sec:      3.55MB
