Running 1m test @ http://erik-pc.local:8080/fruits
  4 threads and 100 connections
  Thread calibration: mean lat.: 3.426ms, rate sampling interval: 19ms
  Thread calibration: mean lat.: 3.613ms, rate sampling interval: 20ms
  Thread calibration: mean lat.: 3.056ms, rate sampling interval: 15ms
  Thread calibration: mean lat.: 3.256ms, rate sampling interval: 16ms
  Thread Stats   Avg      Stdev     Max   +/- Stdev
    Latency     3.34ms    4.87ms  63.84ms   88.96%
    Req/Sec     8.25k     2.06k   22.87k    82.54%
  Latency Distribution (HdrHistogram - Recorded Latency)
 50.000%    1.61ms
 75.000%    2.48ms
 90.000%    9.28ms
 99.000%   23.89ms
 99.900%   33.82ms
 99.990%   45.12ms
 99.999%   56.67ms
100.000%   63.87ms

  Detailed Percentile spectrum:
       Value   Percentile   TotalCount 1/(1-Percentile)

       0.311     0.000000            1         1.00
       0.873     0.100000       160302         1.11
       1.061     0.200000       319797         1.25
       1.234     0.300000       479693         1.43
       1.412     0.400000       638833         1.67
       1.612     0.500000       798119         2.00
       1.730     0.550000       877827         2.22
       1.867     0.600000       957632         2.50
       2.035     0.650000      1037706         2.86
       2.233     0.700000      1117288         3.33
       2.477     0.750000      1197291         4.00
       2.627     0.775000      1237015         4.44
       2.839     0.800000      1276826         5.00
       3.255     0.825000      1316759         5.71
       4.627     0.850000      1356632         6.67
       6.831     0.875000      1396541         8.00
       8.015     0.887500      1416475         8.89
       9.279     0.900000      1436480        10.00
      10.599     0.912500      1456432        11.43
      11.991     0.925000      1476374        13.33
      13.487     0.937500      1496331        16.00
      14.279     0.943750      1506222        17.78
      15.119     0.950000      1516226        20.00
      16.023     0.956250      1526204        22.86
      17.007     0.962500      1536240        26.67
      18.111     0.968750      1546235        32.00
      18.719     0.971875      1551199        35.56
      19.359     0.975000      1556173        40.00
      20.063     0.978125      1561153        45.71
      20.847     0.981250      1566117        53.33
      21.775     0.984375      1571131        64.00
      22.271     0.985938      1573554        71.11
      22.831     0.987500      1576089        80.00
      23.471     0.989062      1578578        91.43
      24.191     0.990625      1581033       106.67
      25.103     0.992188      1583528       128.00
      25.615     0.992969      1584793       142.22
      26.159     0.993750      1586047       160.00
      26.767     0.994531      1587266       182.86
      27.407     0.995313      1588538       213.33
      28.127     0.996094      1589778       256.00
      28.543     0.996484      1590388       284.44
      29.007     0.996875      1591020       320.00
      29.519     0.997266      1591636       365.71
      30.127     0.997656      1592260       426.67
      30.895     0.998047      1592883       512.00
      31.343     0.998242      1593198       568.89
      31.839     0.998437      1593509       640.00
      32.399     0.998633      1593821       731.43
      33.055     0.998828      1594127       853.33
      33.951     0.999023      1594439      1024.00
      34.431     0.999121      1594605      1137.78
      34.975     0.999219      1594748      1280.00
      35.519     0.999316      1594902      1462.86
      36.287     0.999414      1595062      1706.67
      37.183     0.999512      1595215      2048.00
      37.855     0.999561      1595294      2275.56
      38.527     0.999609      1595372      2560.00
      39.295     0.999658      1595449      2925.71
      40.127     0.999707      1595529      3413.33
      40.863     0.999756      1595605      4096.00
      41.567     0.999780      1595643      4551.11
      42.143     0.999805      1595682      5120.00
      42.847     0.999829      1595724      5851.43
      43.423     0.999854      1595760      6826.67
      44.255     0.999878      1595801      8192.00
      44.735     0.999890      1595818      9102.22
      45.247     0.999902      1595839     10240.00
      45.759     0.999915      1595858     11702.86
      46.143     0.999927      1595878     13653.33
      46.975     0.999939      1595896     16384.00
      47.391     0.999945      1595906     18204.44
      48.095     0.999951      1595917     20480.00
      48.959     0.999957      1595925     23405.71
      49.919     0.999963      1595935     27306.67
      50.943     0.999969      1595945     32768.00
      51.583     0.999973      1595950     36408.89
      52.255     0.999976      1595955     40960.00
      52.703     0.999979      1595959     46811.43
      53.759     0.999982      1595964     54613.33
      54.495     0.999985      1595969     65536.00
      55.135     0.999986      1595972     72817.78
      55.807     0.999988      1595974     81920.00
      56.223     0.999989      1595976     93622.86
      58.239     0.999991      1595979    109226.67
      59.359     0.999992      1595981    131072.00
      60.799     0.999993      1595983    145635.56
      60.927     0.999994      1595984    163840.00
      61.471     0.999995      1595985    187245.71
      61.759     0.999995      1595986    218453.33
      62.079     0.999996      1595987    262144.00
      62.207     0.999997      1595988    291271.11
      62.367     0.999997      1595989    327680.00
      62.367     0.999997      1595989    374491.43
      62.847     0.999998      1595990    436906.67
      62.847     0.999998      1595990    524288.00
      63.551     0.999998      1595991    582542.22
      63.551     0.999998      1595991    655360.00
      63.551     0.999999      1595991    748982.86
      63.775     0.999999      1595992    873813.33
      63.775     0.999999      1595992   1048576.00
      63.775     0.999999      1595992   1165084.44
      63.775     0.999999      1595992   1310720.00
      63.775     0.999999      1595992   1497965.71
      63.871     0.999999      1595993   1747626.67
      63.871     1.000000      1595993          inf
#[Mean    =        3.342, StdDeviation   =        4.871]
#[Max     =       63.840, Total count    =      1595993]
#[Buckets =           27, SubBuckets     =         2048]
----------------------------------------------------------
  1918087 requests in 1.00m, 310.97MB read
Requests/sec:  31967.82
Transfer/sec:      5.18MB
