Running 1m test @ http://erik-pc.local:8080/fruits
  4 threads and 100 connections
  Thread calibration: mean lat.: 165.810ms, rate sampling interval: 781ms
  Thread calibration: mean lat.: 190.926ms, rate sampling interval: 1164ms
  Thread calibration: mean lat.: 175.865ms, rate sampling interval: 983ms
  Thread calibration: mean lat.: 123.469ms, rate sampling interval: 624ms
  Thread Stats   Avg      Stdev     Max   +/- Stdev
    Latency     1.17s     1.39s    6.41s    84.30%
    Req/Sec     8.97k     1.20k   11.15k    69.23%
  Latency Distribution (HdrHistogram - Recorded Latency)
 50.000%  552.96ms
 75.000%    1.90s 
 90.000%    3.33s 
 99.000%    5.74s 
 99.900%    6.28s 
 99.990%    6.38s 
 99.999%    6.40s 
100.000%    6.41s 

  Detailed Percentile spectrum:
       Value   Percentile   TotalCount 1/(1-Percentile)

       0.407     0.000000            1         1.00
      28.671     0.100000       178330         1.11
      92.863     0.200000       356643         1.25
     186.751     0.300000       534922         1.43
     316.159     0.400000       713324         1.67
     552.959     0.500000       891409         2.00
     696.831     0.550000       980504         2.22
     850.431     0.600000      1069568         2.50
    1103.871     0.650000      1158816         2.86
    1519.615     0.700000      1247840         3.33
    1900.543     0.750000      1336981         4.00
    2083.839     0.775000      1381616         4.44
    2297.855     0.800000      1426438         5.00
    2457.599     0.825000      1471041         5.71
    2617.343     0.850000      1515431         6.67
    2910.207     0.875000      1559881         8.00
    3135.487     0.887500      1582096         8.89
    3330.047     0.900000      1604536        10.00
    3489.791     0.912500      1626615        11.43
    3651.583     0.925000      1648999        13.33
    3831.807     0.937500      1671325        16.00
    3969.023     0.943750      1682451        17.78
    4167.679     0.950000      1693459        20.00
    4288.511     0.956250      1704667        22.86
    4456.447     0.962500      1715811        26.67
    4800.511     0.968750      1726976        32.00
    4907.007     0.971875      1732569        35.56
    5160.959     0.975000      1738012        40.00
    5332.991     0.978125      1743615        45.71
    5406.719     0.981250      1749242        53.33
    5505.023     0.984375      1754834        64.00
    5586.943     0.985938      1757592        71.11
    5672.959     0.987500      1760357        80.00
    5713.919     0.989062      1763070        91.43
    5750.783     0.990625      1765843       106.67
    5808.127     0.992188      1768683       128.00
    5853.183     0.992969      1770078       142.22
    5898.239     0.993750      1771441       160.00
    5963.775     0.994531      1772842       182.86
    6025.215     0.995313      1774257       213.33
    6057.983     0.996094      1775654       256.00
    6103.039     0.996484      1776305       284.44
    6131.711     0.996875      1777044       320.00
    6176.767     0.997266      1777719       365.71
    6197.247     0.997656      1778526       426.67
    6213.631     0.998047      1779232       512.00
    6217.727     0.998242      1779434       568.89
    6230.015     0.998437      1779861       640.00
    6246.399     0.998633      1780182       731.43
    6266.879     0.998828      1780508       853.33
    6283.263     0.999023      1780819      1024.00
    6291.455     0.999121      1781031      1137.78
    6299.647     0.999219      1781244      1280.00
    6303.743     0.999316      1781345      1462.86
    6311.935     0.999414      1781554      1706.67
    6320.127     0.999512      1781702      2048.00
    6328.319     0.999561      1781798      2275.56
    6336.511     0.999609      1781870      2560.00
    6348.799     0.999658      1781977      2925.71
    6356.991     0.999707      1782070      3413.33
    6361.087     0.999756      1782135      4096.00
    6365.183     0.999780      1782203      4551.11
    6365.183     0.999805      1782203      5120.00
    6369.279     0.999829      1782261      5851.43
    6373.375     0.999854      1782305      6826.67
    6377.471     0.999878      1782362      8192.00
    6377.471     0.999890      1782362      9102.22
    6381.567     0.999902      1782404     10240.00
    6381.567     0.999915      1782404     11702.86
    6385.663     0.999927      1782443     13653.33
    6385.663     0.999939      1782443     16384.00
    6389.759     0.999945      1782481     18204.44
    6389.759     0.999951      1782481     20480.00
    6389.759     0.999957      1782481     23405.71
    6393.855     0.999963      1782510     27306.67
    6393.855     0.999969      1782510     32768.00
    6393.855     0.999973      1782510     36408.89
    6393.855     0.999976      1782510     40960.00
    6397.951     0.999979      1782528     46811.43
    6397.951     0.999982      1782528     54613.33
    6397.951     0.999985      1782528     65536.00
    6397.951     0.999986      1782528     72817.78
    6402.047     0.999988      1782538     81920.00
    6402.047     0.999989      1782538     93622.86
    6402.047     0.999991      1782538    109226.67
    6402.047     0.999992      1782538    131072.00
    6402.047     0.999993      1782538    145635.56
    6406.143     0.999994      1782545    163840.00
    6406.143     0.999995      1782545    187245.71
    6406.143     0.999995      1782545    218453.33
    6406.143     0.999996      1782545    262144.00
    6406.143     0.999997      1782545    291271.11
    6406.143     0.999997      1782545    327680.00
    6410.239     0.999997      1782550    374491.43
    6410.239     1.000000      1782550          inf
#[Mean    =     1170.019, StdDeviation   =     1394.638]
#[Max     =     6406.144, Total count    =      1782550]
#[Buckets =           27, SubBuckets     =         2048]
----------------------------------------------------------
  2141728 requests in 1.00m, 347.23MB read
Requests/sec:  35695.64
Transfer/sec:      5.79MB
