Running 1m test @ http://erik-pc.local:8080/fruits
  4 threads and 100 connections
  Thread calibration: mean lat.: 5.963ms, rate sampling interval: 38ms
  Thread calibration: mean lat.: 5.220ms, rate sampling interval: 32ms
  Thread calibration: mean lat.: 5.212ms, rate sampling interval: 32ms
  Thread calibration: mean lat.: 6.820ms, rate sampling interval: 39ms
  Thread Stats   Avg      Stdev     Max   +/- Stdev
    Latency     7.15ms    8.46ms  86.59ms   82.16%
    Req/Sec     8.63k     2.82k   19.31k    67.06%
  Latency Distribution (HdrHistogram - Recorded Latency)
 50.000%    2.26ms
 75.000%   11.80ms
 90.000%   20.46ms
 99.000%   32.80ms
 99.900%   46.85ms
 99.990%   70.59ms
 99.999%   82.24ms
100.000%   86.65ms

  Detailed Percentile spectrum:
       Value   Percentile   TotalCount 1/(1-Percentile)

       0.299     0.000000            1         1.00
       0.968     0.100000       169932         1.11
       1.215     0.200000       339535         1.25
       1.456     0.300000       509023         1.43
       1.746     0.400000       678467         1.67
       2.257     0.500000       848133         2.00
       2.669     0.550000       932878         2.22
       3.919     0.600000      1017409         2.50
       6.571     0.650000      1102210         2.86
       9.199     0.700000      1186945         3.33
      11.799     0.750000      1271764         4.00
      13.111     0.775000      1314317         4.44
      14.439     0.800000      1356545         5.00
      15.807     0.825000      1399093         5.71
      17.231     0.850000      1441263         6.67
      18.783     0.875000      1483951         8.00
      19.599     0.887500      1504993         8.89
      20.463     0.900000      1526144        10.00
      21.375     0.912500      1547245        11.43
      22.351     0.925000      1568449        13.33
      23.471     0.937500      1589797        16.00
      24.079     0.943750      1600226        17.78
      24.767     0.950000      1610851        20.00
      25.535     0.956250      1621602        22.86
      26.367     0.962500      1632092        26.67
      27.327     0.968750      1642617        32.00
      27.871     0.971875      1648003        35.56
      28.479     0.975000      1653227        40.00
      29.119     0.978125      1658532        45.71
      29.871     0.981250      1663827        53.33
      30.735     0.984375      1669120        64.00
      31.231     0.985938      1671760        71.11
      31.743     0.987500      1674400        80.00
      32.383     0.989062      1677088        91.43
      33.087     0.990625      1679773       106.67
      33.951     0.992188      1682402       128.00
      34.463     0.992969      1683725       142.22
      35.039     0.993750      1685016       160.00
      35.711     0.994531      1686324       182.86
      36.575     0.995313      1687665       213.33
      37.631     0.996094      1688988       256.00
      38.239     0.996484      1689662       284.44
      38.975     0.996875      1690298       320.00
      39.871     0.997266      1690969       365.71
      40.863     0.997656      1691638       426.67
      42.111     0.998047      1692296       512.00
      42.783     0.998242      1692622       568.89
      43.615     0.998437      1692942       640.00
      44.543     0.998633      1693280       731.43
      45.759     0.998828      1693607       853.33
      47.039     0.999023      1693939      1024.00
      47.775     0.999121      1694103      1137.78
      48.671     0.999219      1694267      1280.00
      49.727     0.999316      1694435      1462.86
      50.815     0.999414      1694604      1706.67
      52.031     0.999512      1694764      2048.00
      53.119     0.999561      1694847      2275.56
      53.919     0.999609      1694930      2560.00
      55.295     0.999658      1695013      2925.71
      56.767     0.999707      1695095      3413.33
      58.559     0.999756      1695180      4096.00
      59.583     0.999780      1695219      4551.11
      61.087     0.999805      1695261      5120.00
      62.783     0.999829      1695302      5851.43
      65.343     0.999854      1695343      6826.67
      68.351     0.999878      1695385      8192.00
      69.439     0.999890      1695405      9102.22
      70.783     0.999902      1695426     10240.00
      72.511     0.999915      1695447     11702.86
      73.791     0.999927      1695468     13653.33
      75.135     0.999939      1695489     16384.00
      75.839     0.999945      1695498     18204.44
      76.671     0.999951      1695510     20480.00
      77.183     0.999957      1695520     23405.71
      77.823     0.999963      1695529     27306.67
      78.783     0.999969      1695541     32768.00
      79.039     0.999973      1695545     36408.89
      79.295     0.999976      1695551     40960.00
      79.743     0.999979      1695555     46811.43
      80.447     0.999982      1695560     54613.33
      80.959     0.999985      1695566     65536.00
      81.343     0.999986      1695569     72817.78
      81.983     0.999988      1695572     81920.00
      82.047     0.999989      1695573     93622.86
      82.559     0.999991      1695576    109226.67
      83.199     0.999992      1695579    131072.00
      83.519     0.999993      1695580    145635.56
      83.647     0.999994      1695581    163840.00
      83.711     0.999995      1695582    187245.71
      83.903     0.999995      1695584    218453.33
      84.095     0.999996      1695585    262144.00
      84.223     0.999997      1695586    291271.11
      84.223     0.999997      1695586    327680.00
      84.287     0.999997      1695587    374491.43
      85.759     0.999998      1695588    436906.67
      85.759     0.999998      1695588    524288.00
      86.335     0.999998      1695589    582542.22
      86.335     0.999998      1695589    655360.00
      86.335     0.999999      1695589    748982.86
      86.399     0.999999      1695590    873813.33
      86.399     0.999999      1695590   1048576.00
      86.399     0.999999      1695590   1165084.44
      86.399     0.999999      1695590   1310720.00
      86.399     0.999999      1695590   1497965.71
      86.655     0.999999      1695591   1747626.67
      86.655     1.000000      1695591          inf
#[Mean    =        7.149, StdDeviation   =        8.464]
#[Max     =       86.592, Total count    =      1695591]
#[Buckets =           27, SubBuckets     =         2048]
----------------------------------------------------------
  2037773 requests in 1.00m, 330.37MB read
Requests/sec:  33963.03
Transfer/sec:      5.51MB
