Running 1m test @ http://erik-pc.local:8080/fruits
  4 threads and 100 connections
  Thread calibration: mean lat.: 2.048ms, rate sampling interval: 10ms
  Thread calibration: mean lat.: 1.961ms, rate sampling interval: 10ms
  Thread calibration: mean lat.: 2.240ms, rate sampling interval: 10ms
  Thread calibration: mean lat.: 2.034ms, rate sampling interval: 10ms
  Thread Stats   Avg      Stdev     Max   +/- Stdev
    Latency     1.95ms    1.98ms  51.20ms   96.72%
    Req/Sec     7.92k     1.10k   24.33k    87.62%
  Latency Distribution (HdrHistogram - Recorded Latency)
 50.000%    1.62ms
 75.000%    2.12ms
 90.000%    2.70ms
 99.000%   12.06ms
 99.900%   23.42ms
 99.990%   41.09ms
 99.999%   48.67ms
100.000%   51.23ms

  Detailed Percentile spectrum:
       Value   Percentile   TotalCount 1/(1-Percentile)

       0.313     0.000000            1         1.00
       0.918     0.100000       150090         1.11
       1.127     0.200000       299946         1.25
       1.295     0.300000       449374         1.43
       1.455     0.400000       598764         1.67
       1.615     0.500000       748340         2.00
       1.702     0.550000       822960         2.22
       1.793     0.600000       898527         2.50
       1.889     0.650000       972950         2.86
       2.000     0.700000      1047548         3.33
       2.125     0.750000      1123233         4.00
       2.191     0.775000      1160009         4.44
       2.265     0.800000      1197113         5.00
       2.351     0.825000      1234794         5.71
       2.445     0.850000      1271878         6.67
       2.555     0.875000      1309293         8.00
       2.621     0.887500      1328250         8.89
       2.699     0.900000      1347031        10.00
       2.785     0.912500      1365389        11.43
       2.889     0.925000      1384128        13.33
       3.027     0.937500      1402807        16.00
       3.113     0.943750      1412146        17.78
       3.219     0.950000      1421555        20.00
       3.371     0.956250      1430844        22.86
       3.605     0.962500      1440149        26.67
       4.099     0.968750      1449507        32.00
       4.587     0.971875      1454161        35.56
       5.319     0.975000      1458832        40.00
       6.367     0.978125      1463510        45.71
       7.535     0.981250      1468184        53.33
       8.895     0.984375      1472870        64.00
       9.663     0.985938      1475209        71.11
      10.455     0.987500      1477534        80.00
      11.439     0.989062      1479883        91.43
      12.527     0.990625      1482208       106.67
      13.727     0.992188      1484551       128.00
      14.415     0.992969      1485716       142.22
      15.191     0.993750      1486893       160.00
      16.039     0.994531      1488055       182.86
      16.959     0.995313      1489229       213.33
      17.935     0.996094      1490392       256.00
      18.463     0.996484      1490990       284.44
      19.007     0.996875      1491560       320.00
      19.599     0.997266      1492150       365.71
      20.191     0.997656      1492737       426.67
      20.879     0.998047      1493310       512.00
      21.311     0.998242      1493608       568.89
      21.775     0.998437      1493903       640.00
      22.207     0.998633      1494187       731.43
      22.831     0.998828      1494481       853.33
      23.535     0.999023      1494772      1024.00
      23.999     0.999121      1494920      1137.78
      24.495     0.999219      1495067      1280.00
      25.071     0.999316      1495211      1462.86
      25.823     0.999414      1495358      1706.67
      26.799     0.999512      1495504      2048.00
      27.391     0.999561      1495575      2275.56
      28.255     0.999609      1495648      2560.00
      29.183     0.999658      1495722      2925.71
      30.271     0.999707      1495794      3413.33
      32.031     0.999756      1495867      4096.00
      32.527     0.999780      1495905      4551.11
      33.343     0.999805      1495943      5120.00
      34.911     0.999829      1495977      5851.43
      36.991     0.999854      1496014      6826.67
      39.423     0.999878      1496050      8192.00
      40.607     0.999890      1496068      9102.22
      41.375     0.999902      1496086     10240.00
      42.527     0.999915      1496105     11702.86
      43.391     0.999927      1496123     13653.33
      44.223     0.999939      1496143     16384.00
      44.479     0.999945      1496150     18204.44
      44.863     0.999951      1496159     20480.00
      45.535     0.999957      1496169     23405.71
      45.919     0.999963      1496179     27306.67
      46.303     0.999969      1496187     32768.00
      46.463     0.999973      1496191     36408.89
      46.687     0.999976      1496196     40960.00
      46.847     0.999979      1496201     46811.43
      47.295     0.999982      1496205     54613.33
      47.743     0.999985      1496210     65536.00
      48.191     0.999986      1496212     72817.78
      48.383     0.999988      1496214     81920.00
      48.671     0.999989      1496217     93622.86
      48.863     0.999991      1496219    109226.67
      49.279     0.999992      1496221    131072.00
      49.407     0.999993      1496222    145635.56
      49.567     0.999994      1496223    163840.00
      50.047     0.999995      1496225    187245.71
      50.079     0.999995      1496226    218453.33
      50.111     0.999996      1496228    262144.00
      50.111     0.999997      1496228    291271.11
      50.111     0.999997      1496228    327680.00
      50.303     0.999997      1496229    374491.43
      50.303     0.999998      1496229    436906.67
      50.463     0.999998      1496230    524288.00
      50.463     0.999998      1496230    582542.22
      50.463     0.999998      1496230    655360.00
      50.847     0.999999      1496231    748982.86
      50.847     0.999999      1496231    873813.33
      50.847     0.999999      1496231   1048576.00
      50.847     0.999999      1496231   1165084.44
      50.847     0.999999      1496231   1310720.00
      51.231     0.999999      1496232   1497965.71
      51.231     1.000000      1496232          inf
#[Mean    =        1.950, StdDeviation   =        1.985]
#[Max     =       51.200, Total count    =      1496232]
#[Buckets =           27, SubBuckets     =         2048]
----------------------------------------------------------
  1798171 requests in 1.00m, 291.53MB read
Requests/sec:  29970.10
Transfer/sec:      4.86MB
