Running 1m test @ http://erik-pc.local:8080/fruits
  4 threads and 100 connections
  Thread calibration: mean lat.: 1.671ms, rate sampling interval: 10ms
  Thread calibration: mean lat.: 1.699ms, rate sampling interval: 10ms
  Thread calibration: mean lat.: 1.667ms, rate sampling interval: 10ms
  Thread calibration: mean lat.: 1.761ms, rate sampling interval: 10ms
  Thread Stats   Avg      Stdev     Max   +/- Stdev
    Latency     1.67ms  600.06us   6.59ms   65.21%
    Req/Sec     3.96k   335.94     5.55k    66.83%
  Latency Distribution (HdrHistogram - Recorded Latency)
 50.000%    1.60ms
 75.000%    2.10ms
 90.000%    2.52ms
 99.000%    3.12ms
 99.900%    3.92ms
 99.990%    5.16ms
 99.999%    6.06ms
100.000%    6.59ms

  Detailed Percentile spectrum:
       Value   Percentile   TotalCount 1/(1-Percentile)

       0.383     0.000000            1         1.00
       0.935     0.100000        74911         1.11
       1.126     0.200000       149927         1.25
       1.290     0.300000       224878         1.43
       1.446     0.400000       299350         1.67
       1.601     0.500000       374247         2.00
       1.685     0.550000       411727         2.22
       1.773     0.600000       449151         2.50
       1.868     0.650000       486571         2.86
       1.974     0.700000       523735         3.33
       2.095     0.750000       561659         4.00
       2.155     0.775000       579872         4.44
       2.221     0.800000       599046         5.00
       2.287     0.825000       617525         5.71
       2.359     0.850000       636207         6.67
       2.435     0.875000       654993         8.00
       2.475     0.887500       664267         8.89
       2.517     0.900000       673634        10.00
       2.563     0.912500       682971        11.43
       2.611     0.925000       692263        13.33
       2.665     0.937500       701425        16.00
       2.697     0.943750       706263        17.78
       2.729     0.950000       710893        20.00
       2.763     0.956250       715406        22.86
       2.803     0.962500       720131        26.67
       2.847     0.968750       724743        32.00
       2.873     0.971875       727145        35.56
       2.901     0.975000       729492        40.00
       2.933     0.978125       731880        45.71
       2.969     0.981250       734092        53.33
       3.015     0.984375       736480        64.00
       3.041     0.985938       737672        71.11
       3.069     0.987500       738822        80.00
       3.099     0.989062       739960        91.43
       3.131     0.990625       741108       106.67
       3.173     0.992188       742278       128.00
       3.197     0.992969       742856       142.22
       3.225     0.993750       743471       160.00
       3.257     0.994531       744063       182.86
       3.295     0.995313       744628       213.33
       3.343     0.996094       745192       256.00
       3.375     0.996484       745504       284.44
       3.415     0.996875       745782       320.00
       3.463     0.997266       746075       365.71
       3.515     0.997656       746362       426.67
       3.597     0.998047       746658       512.00
       3.639     0.998242       746799       568.89
       3.697     0.998437       746954       640.00
       3.757     0.998633       747092       731.43
       3.835     0.998828       747238       853.33
       3.929     0.999023       747384      1024.00
       3.987     0.999121       747461      1137.78
       4.045     0.999219       747530      1280.00
       4.115     0.999316       747603      1462.86
       4.187     0.999414       747677      1706.67
       4.307     0.999512       747749      2048.00
       4.391     0.999561       747786      2275.56
       4.459     0.999609       747822      2560.00
       4.539     0.999658       747860      2925.71
       4.623     0.999707       747895      3413.33
       4.707     0.999756       747935      4096.00
       4.743     0.999780       747951      4551.11
       4.811     0.999805       747968      5120.00
       4.863     0.999829       747987      5851.43
       4.947     0.999854       748005      6826.67
       5.043     0.999878       748023      8192.00
       5.107     0.999890       748032      9102.22
       5.159     0.999902       748041     10240.00
       5.199     0.999915       748052     11702.86
       5.259     0.999927       748060     13653.33
       5.359     0.999939       748069     16384.00
       5.419     0.999945       748073     18204.44
       5.543     0.999951       748078     20480.00
       5.595     0.999957       748083     23405.71
       5.627     0.999963       748087     27306.67
       5.715     0.999969       748092     32768.00
       5.731     0.999973       748094     36408.89
       5.763     0.999976       748096     40960.00
       5.859     0.999979       748099     46811.43
       5.919     0.999982       748101     54613.33
       5.971     0.999985       748103     65536.00
       5.987     0.999986       748104     72817.78
       6.019     0.999988       748105     81920.00
       6.063     0.999989       748107     93622.86
       6.067     0.999991       748108    109226.67
       6.119     0.999992       748109    131072.00
       6.119     0.999993       748109    145635.56
       6.147     0.999994       748110    163840.00
       6.311     0.999995       748111    187245.71
       6.311     0.999995       748111    218453.33
       6.383     0.999996       748112    262144.00
       6.383     0.999997       748112    291271.11
       6.383     0.999997       748112    327680.00
       6.515     0.999997       748113    374491.43
       6.515     0.999998       748113    436906.67
       6.515     0.999998       748113    524288.00
       6.515     0.999998       748113    582542.22
       6.515     0.999998       748113    655360.00
       6.591     0.999999       748114    748982.86
       6.591     1.000000       748114          inf
#[Mean    =        1.674, StdDeviation   =        0.600]
#[Max     =        6.588, Total count    =       748114]
#[Buckets =           27, SubBuckets     =         2048]
----------------------------------------------------------
  899112 requests in 1.00m, 145.77MB read
Requests/sec:  14985.15
Transfer/sec:      2.43MB
