Running 1m test @ http://erik-pc.local:8080/fruits
  4 threads and 100 connections
  Thread calibration: mean lat.: 1.418ms, rate sampling interval: 10ms
  Thread calibration: mean lat.: 1.452ms, rate sampling interval: 10ms
  Thread calibration: mean lat.: 1.426ms, rate sampling interval: 10ms
  Thread calibration: mean lat.: 1.446ms, rate sampling interval: 10ms
  Thread Stats   Avg      Stdev     Max   +/- Stdev
    Latency     1.41ms  541.39us   5.55ms   63.33%
    Req/Sec     3.95k   313.02     5.55k    73.25%
  Latency Distribution (HdrHistogram - Recorded Latency)
 50.000%    1.34ms
 75.000%    1.82ms
 90.000%    2.17ms
 99.000%    2.67ms
 99.900%    3.16ms
 99.990%    4.38ms
 99.999%    5.09ms
100.000%    5.55ms

  Detailed Percentile spectrum:
       Value   Percentile   TotalCount 1/(1-Percentile)

       0.347     0.000000            1         1.00
       0.744     0.100000        74839         1.11
       0.902     0.200000       149971         1.25
       1.044     0.300000       224762         1.43
       1.184     0.400000       299498         1.67
       1.336     0.500000       374119         2.00
       1.422     0.550000       411598         2.22
       1.514     0.600000       449160         2.50
       1.609     0.650000       486585         2.86
       1.712     0.700000       523811         3.33
       1.819     0.750000       561278         4.00
       1.874     0.775000       579856         4.44
       1.930     0.800000       598532         5.00
       1.988     0.825000       617312         5.71
       2.049     0.850000       636323         6.67
       2.109     0.875000       654735         8.00
       2.141     0.887500       663967         8.89
       2.175     0.900000       673499        10.00
       2.211     0.912500       682909        11.43
       2.251     0.925000       692471        13.33
       2.293     0.937500       701545        16.00
       2.317     0.943750       706123        17.78
       2.345     0.950000       711035        20.00
       2.373     0.956250       715405        22.86
       2.407     0.962500       720177        26.67
       2.443     0.968750       724757        32.00
       2.465     0.971875       727147        35.56
       2.489     0.975000       729478        40.00
       2.515     0.978125       731788        45.71
       2.547     0.981250       734197        53.33
       2.581     0.984375       736427        64.00
       2.603     0.985938       737668        71.11
       2.625     0.987500       738772        80.00
       2.651     0.989062       739956        91.43
       2.681     0.990625       741135       106.67
       2.715     0.992188       742281       128.00
       2.735     0.992969       742883       142.22
       2.755     0.993750       743436       160.00
       2.781     0.994531       744048       182.86
       2.809     0.995313       744627       213.33
       2.841     0.996094       745202       256.00
       2.859     0.996484       745487       284.44
       2.881     0.996875       745777       320.00
       2.905     0.997266       746066       365.71
       2.933     0.997656       746361       426.67
       2.975     0.998047       746656       512.00
       2.997     0.998242       746791       568.89
       3.029     0.998437       746940       640.00
       3.069     0.998633       747086       731.43
       3.109     0.998828       747232       853.33
       3.173     0.999023       747379      1024.00
       3.215     0.999121       747452      1137.78
       3.273     0.999219       747524      1280.00
       3.343     0.999316       747597      1462.86
       3.437     0.999414       747669      1706.67
       3.557     0.999512       747741      2048.00
       3.635     0.999561       747778      2275.56
       3.709     0.999609       747816      2560.00
       3.769     0.999658       747852      2925.71
       3.855     0.999707       747887      3413.33
       3.973     0.999756       747924      4096.00
       4.013     0.999780       747943      4551.11
       4.065     0.999805       747962      5120.00
       4.123     0.999829       747980      5851.43
       4.219     0.999854       747997      6826.67
       4.315     0.999878       748015      8192.00
       4.351     0.999890       748024      9102.22
       4.391     0.999902       748033     10240.00
       4.439     0.999915       748045     11702.86
       4.523     0.999927       748052     13653.33
       4.627     0.999939       748061     16384.00
       4.663     0.999945       748065     18204.44
       4.743     0.999951       748070     20480.00
       4.807     0.999957       748076     23405.71
       4.851     0.999963       748079     27306.67
       4.931     0.999969       748084     32768.00
       4.951     0.999973       748087     36408.89
       4.975     0.999976       748088     40960.00
       5.003     0.999979       748091     46811.43
       5.011     0.999982       748093     54613.33
       5.055     0.999985       748095     65536.00
       5.059     0.999986       748096     72817.78
       5.067     0.999988       748097     81920.00
       5.091     0.999989       748099     93622.86
       5.099     0.999991       748100    109226.67
       5.139     0.999992       748101    131072.00
       5.139     0.999993       748101    145635.56
       5.171     0.999994       748102    163840.00
       5.199     0.999995       748103    187245.71
       5.199     0.999995       748103    218453.33
       5.315     0.999996       748104    262144.00
       5.315     0.999997       748104    291271.11
       5.315     0.999997       748104    327680.00
       5.431     0.999997       748105    374491.43
       5.431     0.999998       748105    436906.67
       5.431     0.999998       748105    524288.00
       5.431     0.999998       748105    582542.22
       5.431     0.999998       748105    655360.00
       5.555     0.999999       748106    748982.86
       5.555     1.000000       748106          inf
#[Mean    =        1.411, StdDeviation   =        0.541]
#[Max     =        5.552, Total count    =       748106]
#[Buckets =           27, SubBuckets     =         2048]
----------------------------------------------------------
  895598 requests in 1.00m, 145.20MB read
Requests/sec:  14926.21
Transfer/sec:      2.42MB
