Running 1m test @ http://erik-pc.local:8080/fruits
  4 threads and 100 connections
  Thread calibration: mean lat.: 1.659ms, rate sampling interval: 10ms
  Thread calibration: mean lat.: 1.552ms, rate sampling interval: 10ms
  Thread calibration: mean lat.: 1.528ms, rate sampling interval: 10ms
  Thread calibration: mean lat.: 1.519ms, rate sampling interval: 10ms
  Thread Stats   Avg      Stdev     Max   +/- Stdev
    Latency     1.57ms  501.12us   5.54ms   71.21%
    Req/Sec     2.64k   347.23     4.44k    77.99%
  Latency Distribution (HdrHistogram - Recorded Latency)
 50.000%    1.50ms
 75.000%    1.85ms
 90.000%    2.25ms
 99.000%    3.05ms
 99.900%    3.67ms
 99.990%    4.44ms
 99.999%    5.20ms
100.000%    5.54ms

  Detailed Percentile spectrum:
       Value   Percentile   TotalCount 1/(1-Percentile)

       0.497     0.000000            1         1.00
       1.002     0.100000        49875         1.11
       1.162     0.200000       100085         1.25
       1.279     0.300000       149904         1.43
       1.385     0.400000       199799         1.67
       1.497     0.500000       249778         2.00
       1.556     0.550000       274445         2.22
       1.619     0.600000       299442         2.50
       1.686     0.650000       324398         2.86
       1.761     0.700000       349357         3.33
       1.846     0.750000       374114         4.00
       1.894     0.775000       386668         4.44
       1.947     0.800000       399100         5.00
       2.007     0.825000       411468         5.71
       2.073     0.850000       423990         6.67
       2.151     0.875000       436430         8.00
       2.197     0.887500       442698         8.89
       2.249     0.900000       448887        10.00
       2.309     0.912500       455108        11.43
       2.379     0.925000       461406        13.33
       2.455     0.937500       467639        16.00
       2.497     0.943750       470690        17.78
       2.543     0.950000       473843        20.00
       2.593     0.956250       477023        22.86
       2.649     0.962500       480141        26.67
       2.709     0.968750       483228        32.00
       2.741     0.971875       484722        35.56
       2.779     0.975000       486345        40.00
       2.819     0.978125       487841        45.71
       2.865     0.981250       489386        53.33
       2.921     0.984375       490981        64.00
       2.953     0.985938       491752        71.11
       2.987     0.987500       492522        80.00
       3.023     0.989062       493287        91.43
       3.067     0.990625       494069       106.67
       3.119     0.992188       494863       128.00
       3.151     0.992969       495246       142.22
       3.181     0.993750       495620       160.00
       3.217     0.994531       496032       182.86
       3.255     0.995313       496408       213.33
       3.305     0.996094       496789       256.00
       3.331     0.996484       496991       284.44
       3.361     0.996875       497186       320.00
       3.391     0.997266       497377       365.71
       3.427     0.997656       497570       426.67
       3.477     0.998047       497764       512.00
       3.507     0.998242       497860       568.89
       3.539     0.998437       497959       640.00
       3.577     0.998633       498063       731.43
       3.627     0.998828       498157       853.33
       3.687     0.999023       498254      1024.00
       3.721     0.999121       498301      1137.78
       3.765     0.999219       498347      1280.00
       3.813     0.999316       498396      1462.86
       3.865     0.999414       498448      1706.67
       3.913     0.999512       498495      2048.00
       3.943     0.999561       498517      2275.56
       3.993     0.999609       498543      2560.00
       4.041     0.999658       498566      2925.71
       4.095     0.999707       498590      3413.33
       4.159     0.999756       498620      4096.00
       4.171     0.999780       498628      4551.11
       4.199     0.999805       498639      5120.00
       4.239     0.999829       498652      5851.43
       4.319     0.999854       498663      6826.67
       4.407     0.999878       498676      8192.00
       4.427     0.999890       498682      9102.22
       4.463     0.999902       498688     10240.00
       4.507     0.999915       498694     11702.86
       4.543     0.999927       498700     13653.33
       4.579     0.999939       498707     16384.00
       4.587     0.999945       498709     18204.44
       4.647     0.999951       498712     20480.00
       4.671     0.999957       498716     23405.71
       4.687     0.999963       498718     27306.67
       4.803     0.999969       498721     32768.00
       4.975     0.999973       498723     36408.89
       5.019     0.999976       498725     40960.00
       5.051     0.999979       498726     46811.43
       5.055     0.999982       498727     54613.33
       5.071     0.999985       498729     65536.00
       5.123     0.999986       498730     72817.78
       5.123     0.999988       498730     81920.00
       5.195     0.999989       498731     93622.86
       5.203     0.999991       498732    109226.67
       5.243     0.999992       498733    131072.00
       5.243     0.999993       498733    145635.56
       5.243     0.999994       498733    163840.00
       5.267     0.999995       498734    187245.71
       5.267     0.999995       498734    218453.33
       5.351     0.999996       498735    262144.00
       5.351     0.999997       498735    291271.11
       5.351     0.999997       498735    327680.00
       5.351     0.999997       498735    374491.43
       5.351     0.999998       498735    436906.67
       5.539     0.999998       498736    524288.00
       5.539     1.000000       498736          inf
#[Mean    =        1.575, StdDeviation   =        0.501]
#[Max     =        5.536, Total count    =       498736]
#[Buckets =           27, SubBuckets     =         2048]
----------------------------------------------------------
  597074 requests in 1.00m, 96.80MB read
Requests/sec:   9950.92
Transfer/sec:      1.61MB
