  23504 1001      20   0 4359880 359324  52796 S  86.7   2.2   6:51.10 application
  23504 1001      20   0 4360904 360640  52796 S 342.0   2.2   6:54.52 application
  23504 1001      20   0 4361928 360900  52796 S 340.0   2.2   6:57.92 application
  23504 1001      20   0 4361928 361320  52796 S 341.0   2.2   7:01.33 application
  23504 1001      20   0 4353732 361956  52796 S 342.0   2.2   7:04.75 application
  23504 1001      20   0 4353732 361956  52796 S 341.0   2.2   7:08.16 application
  23504 1001      20   0 4353732 361956  52796 S 339.0   2.2   7:11.55 application
  23504 1001      20   0 4354756 361956  52796 S 340.0   2.2   7:14.95 application
  23504 1001      20   0 4354756 362220  52796 S 339.6   2.2   7:18.38 application
  23504 1001      20   0 4354756 362220  52796 S 339.0   2.2   7:21.77 application
  23504 1001      20   0 4354756 362484  52796 S 342.0   2.2   7:25.19 application
  23504 1001      20   0 4355780 362748  52796 S 339.0   2.2   7:28.58 application
  23504 1001      20   0 4355780 362748  52796 S 340.0   2.2   7:31.98 application
  23504 1001      20   0 4355780 363012  52796 S 343.0   2.2   7:35.41 application
  23504 1001      20   0 4355780 363012  52796 S 340.0   2.2   7:38.81 application
  23504 1001      20   0 4348608 363864  52796 S 341.0   2.2   7:42.22 application
  23504 1001      20   0 4348608 364128  52796 S 341.0   2.2   7:45.63 application
  23504 1001      20   0 4348608 364388  52796 S 341.0   2.2   7:49.04 application
  23504 1001      20   0 4348608 364648  52796 S 339.6   2.2   7:52.47 application
  23504 1001      20   0 4349632 365176  52796 S 341.0   2.2   7:55.88 application
  23504 1001      20   0 4349632 365176  52796 S 342.0   2.2   7:59.30 application
  23504 1001      20   0 4349632 365176  52796 S 341.0   2.2   8:02.71 application
  23504 1001      20   0 4350656 366752  52796 S 341.0   2.2   8:06.12 application
  23504 1001      20   0 4351680 367016  52796 S 339.0   2.3   8:09.51 application
  23504 1001      20   0 4351680 367016  52796 S 342.0   2.3   8:12.93 application
  23504 1001      20   0 4351680 367280  52796 S 341.0   2.3   8:16.34 application
  23504 1001      20   0 4351680 367544  52796 S 343.0   2.3   8:19.77 application
  23504 1001      20   0 4368072 367808  52796 S 340.0   2.3   8:23.17 application
  23504 1001      20   0 4369096 368600  52796 S 335.6   2.3   8:26.56 application
  23504 1001      20   0 4369096 368864  52796 S 341.0   2.3   8:29.97 application
  23504 1001      20   0 4370120 369124  52796 S 340.0   2.3   8:33.37 application
  23504 1001      20   0 4370120 369384  52796 S 341.0   2.3   8:36.78 application
  23504 1001      20   0 4370120 369648  52796 S 341.0   2.3   8:40.19 application
  23504 1001      20   0 4370120 369912  52796 S 342.0   2.3   8:43.61 application
  23504 1001      20   0 4370120 369912  52796 S 341.0   2.3   8:47.02 application
  23504 1001      20   0 4371144 370176  52796 S 340.0   2.3   8:50.42 application
  23504 1001      20   0 4371144 370440  52796 S 339.0   2.3   8:53.81 application
  23504 1001      20   0 4371144 370704  52796 S 344.0   2.3   8:57.25 application
  23504 1001      20   0 4371144 370704  52796 S 337.6   2.3   9:00.66 application
  23504 1001      20   0 4371144 370704  52796 S 342.0   2.3   9:04.08 application
  23504 1001      20   0 4519632 370704  52796 S 342.0   2.3   9:07.50 application
  23504 1001      20   0 4519632 371496  52796 S 339.0   2.3   9:10.89 application
  23504 1001      20   0 4520656 371760  52796 S 341.0   2.3   9:14.30 application
  23504 1001      20   0 4520656 371760  52796 S 340.0   2.3   9:17.70 application
  23504 1001      20   0 4520656 372024  52796 S 343.0   2.3   9:21.13 application
  23504 1001      20   0 4520656 372288  52796 S 340.0   2.3   9:24.53 application
  23504 1001      20   0 4520656 372288  52796 S 342.0   2.3   9:27.95 application
  23504 1001      20   0 4521680 372288  52796 S 341.0   2.3   9:31.36 application
  23504 1001      20   0 4521680 372288  52796 S 340.6   2.3   9:34.80 application
  23504 1001      20   0 4521