  22808 1001      20   0 1544620 575332  48068 S  66.7   3.5  44:17.53 application
  22808 1001      20   0 1544620 575332  48068 S 413.0   3.5  44:21.66 application
  22808 1001      20   0 1544620 575332  48068 S 398.0   3.5  44:25.64 application
  22808 1001      20   0 1544620 575332  48068 S 402.0   3.5  44:29.66 application
  22808 1001      20   0 1544620 575332  48068 S 395.0   3.5  44:33.65 application
  22808 1001      20   0 1544620 575332  48068 S 402.0   3.5  44:37.67 application
  22808 1001      20   0 1544620 575332  48068 S 401.0   3.5  44:41.68 application
  22808 1001      20   0 1544620 575332  48068 S 401.0   3.5  44:45.69 application
  22808 1001      20   0 1544620 575332  48068 S 400.0   3.5  44:49.69 application
  22808 1001      20   0 1544620 575332  48068 S 399.0   3.5  44:53.68 application
  22808 1001      20   0 1544620 575332  48068 S 403.0   3.5  44:57.71 application
  22808 1001      20   0 1544620 575332  48068 S 401.0   3.5  45:01.72 application
  22808 1001      20   0 1544620 575332  48068 S 400.0   3.5  45:05.72 application
  22808 1001      20   0 1544620 575332  48068 S 401.0   3.5  45:09.73 application
  22808 1001      20   0 1544620 575332  48068 S 395.0   3.5  45:13.72 application
  22808 1001      20   0 1544620 575332  48068 S 403.0   3.5  45:17.75 application
  22808 1001      20   0 1544620 575332  48068 S 398.0   3.5  45:21.73 application
  22808 1001      20   0 1544620 575332  48068 S 403.0   3.5  45:25.76 application
  22808 1001      20   0 1544620 575332  48068 S 400.0   3.5  45:29.76 application
  22808 1001      20   0 1544620 575332  48068 S 398.0   3.5  45:33.74 application
  22808 1001      20   0 1544620 575332  48068 S 404.0   3.5  45:37.78 application
  22808 1001      20   0 1544620 575332  48068 S 398.0   3.5  45:41.76 application
  22808 1001      20   0 1544620 575332  48068 S 403.0   3.5  45:45.79 application
  22808 1001      20   0 1544620 575332  48068 S 400.0   3.5  45:49.79 application
  22808 1001      20   0 1544620 575332  48068 S 397.0   3.5  45:53.80 application
  22808 1001      20   0 1544620 575332  48068 S 401.0   3.5  45:57.81 application
  22808 1001      20   0 1544620 575332  48068 S 398.0   3.5  46:01.79 application
  22808 1001      20   0 1544620 575332  48068 S 404.0   3.5  46:05.83 application
  22808 1001      20   0 1544620 575332  48068 S 398.0   3.5  46:09.81 application
  22808 1001      20   0 1544620 575332  48068 S 403.0   3.5  46:13.84 application
  22808 1001      20   0 1544620 575332  48068 S 400.0   3.5  46:17.84 application
  22808 1001      20   0 1544620 575332  48068 S 399.0   3.5  46:21.83 application
  22808 1001      20   0 1544620 575332  48068 S 401.0   3.5  46:25.84 application
  22808 1001      20   0 1544620 575332  48068 S 401.0   3.5  46:29.85 application
  22808 1001      20   0 1544620 575332  48068 S 395.0   3.5  46:33.84 application
  22808 1001      20   0 1544620 575332  48068 S 400.0   3.5  46:37.84 application
  22808 1001      20   0 1544620 575332  48068 S 400.0   3.5  46:41.84 application
  22808 1001      20   0 1544620 575332  48068 S 401.0   3.5  46:45.85 application
  22808 1001      20   0 1544620 575332  48068 S 399.0   3.5  46:49.84 application
  22808 1001      20   0 1544620 575332  48068 S 400.0   3.5  46:53.84 application
  22808 1001      20   0 1544620 575332  48068 S 400.0   3.5  46:57.84 application
  22808 1001      20   0 1544620 575332  48068 S 401.0   3.5  47:01.85 application
  22808 1001      20   0 1544620 575332  48068 S 396.0   3.5  47:05.85 application
  22808 1001      20   0 1544620 575332  48068 S 399.0   3.5  47:09.84 application
  22808 1001      20   0 1544620 575332  48068 S 401.0   3.5  47:13.85 application
  22808 1001      20   0 1544620 575332  48068 S 399.0   3.5  47:17.84 application
  22808 1001      20   0 1544620 575332  48068 S 400.0   3.5  47:21.84 application
  22808 1001      20   0 1544620 575332  48068 S 400.0   3.5  47:25.84 application
  22808 1001      20   0 1544620 575332  48068 S 401.0   3.5  47:29.85 application
  22808 1001      20   0 1544