  22808 1001      20   0 1544620 575332  48068 S   0.0   3.5  48:17.47 application
  22808 1001      20   0 1544620 575332  48068 S 353.5   3.5  48:21.04 application
  22808 1001      20   0 1544620 575332  48068 S 400.0   3.5  48:25.04 application
  22808 1001      20   0 1544620 575332  48068 S 401.0   3.5  48:29.05 application
  22808 1001      20   0 1544620 575332  48068 S 400.0   3.5  48:33.05 application
  22808 1001      20   0 1544620 575332  48068 S 401.0   3.5  48:37.06 application
  22808 1001      20   0 1544620 575332  48068 S 401.0   3.5  48:41.07 application
  22808 1001      20   0 1544620 575332  48068 S 401.0   3.5  48:45.08 application
  22808 1001      20   0 1544620 575332  48068 S 400.0   3.5  48:49.08 application
  22808 1001      20   0 1544620 575332  48068 S 399.0   3.5  48:53.07 application
  22808 1001      20   0 1544620 575332  48068 S 403.0   3.5  48:57.10 application
  22808 1001      20   0 1544620 575332  48068 S 396.0   3.5  49:01.10 application
  22808 1001      20   0 1544620 575332  48068 S 401.0   3.5  49:05.11 application
  22808 1001      20   0 1544620 575332  48068 S 401.0   3.5  49:09.12 application
  22808 1001      20   0 1544620 575332  48068 S 400.0   3.5  49:13.12 application
  22808 1001      20   0 1544620 575332  48068 S 402.0   3.5  49:17.14 application
  22808 1001      20   0 1544620 575332  48068 S 400.0   3.5  49:21.14 application
  22808 1001      20   0 1544620 575332  48068 S 400.0   3.5  49:25.14 application
  22808 1001      20   0 1544620 575332  48068 S 401.0   3.5  49:29.15 application
  22808 1001      20   0 1545644 576124  48068 S 401.0   3.5  49:33.16 application
  22808 1001      20   0 1544620 574604  48068 S 400.0   3.5  49:37.16 application
  22808 1001      20   0 1544620 574604  48068 S 398.0   3.5  49:41.18 application
  22808 1001      20   0 1544620 574604  48068 S 400.0   3.5  49:45.18 application
  22808 1001      20   0 1544620 574604  48068 S 401.0   3.5  49:49.19 application
  22808 1001      20   0 1544620 574604  48068 S 398.0   3.5  49:53.17 application
  22808 1001      20   0 1544620 574604  48068 S 403.0   3.5  49:57.20 application
  22808 1001      20   0 1544620 574604  48068 S 400.0   3.5  50:01.20 application
  22808 1001      20   0 1544620 574604  48068 S 401.0   3.5  50:05.21 application
  22808 1001      20   0 1544620 574604  48068 S 401.0   3.5  50:09.22 application
  22808 1001      20   0 1544620 574604  48068 S 402.0   3.5  50:13.24 application
  22808 1001      20   0 1544620 574604  48068 S 400.0   3.5  50:17.24 application
  22808 1001      20   0 1544620 574604  48068 S 395.0   3.5  50:21.23 application
  22808 1001      20   0 1544620 574604  48068 S 402.0   3.5  50:25.25 application
  22808 1001      20   0 1544620 574604  48068 S 400.0   3.5  50:29.25 application
  22808 1001      20   0 1544620 574604  48068 S 401.0   3.5  50:33.26 application
  22808 1001      20   0 1544620 574604  48068 S 402.0   3.5  50:37.28 application
  22808 1001      20   0 1544620 574604  48068 S 400.0   3.5  50:41.28 application
  22808 1001      20   0 1544620 574604  48068 S 401.0   3.5  50:45.29 application
  22808 1001      20   0 1544620 574604  48068 S 399.0   3.5  50:49.28 application
  22808 1001      20   0 1544620 574604  48068 S 402.0   3.5  50:53.30 application
  22808 1001      20   0 1544620 574604  48068 S 400.0   3.5  50:57.30 application
  22808 1001      20   0 1544620 574604  48068 S 397.0   3.5  51:01.31 application
  22808 1001      20   0 1544620 574604  48068 S 400.0   3.5  51:05.31 application
  22808 1001      20   0 1544620 574604  48068 S 401.0   3.5  51:09.32 application
  22808 1001      20   0 1544620 574604  48068 S 401.0   3.5  51:13.33 application
  22808 1001      20   0 1544620 574604  48068 S 399.0   3.5  51:17.32 application
  22808 1001      20   0 1544620 574604  48068 S 402.0   3.5  51:21.34 application
  22808 1001      20   0 1544620 574604  48068 S 399.0   3.5  51:25.33 application
  22808 1001      20   0 1544620 574604  48068 S 405.0   3.5  51:29.38 application
  22808 1001      20   0 1544