  23504 1001      20   0 7401260 444700  52860 S   0.0   2.7  18:15.12 application
  23504 1001      20   0 7395112 446160  52860 S 389.0   2.7  18:19.01 application
  23504 1001      20   0 7697272 454076  52860 S 401.0   2.8  18:23.02 application
  23504 1001      20   0 7698296 454868  52860 S 398.0   2.8  18:27.00 application
  23504 1001      20   0 7699320 455652  52860 S 401.0   2.8  18:31.01 application
  23504 1001      20   0 7700344 456444  52860 S 405.0   2.8  18:35.06 application
  23504 1001      20   0 7700344 456968  52860 S 397.0   2.8  18:39.03 application
  23504 1001      20   0 7701368 457228  52860 S 404.0   2.8  18:43.07 application
  23504 1001      20   0 7701368 457492  52860 S 402.0   2.8  18:47.09 application
  23504 1001      20   0 7701368 457752  52860 S 396.0   2.8  18:51.09 application
  23504 1001      20   0 7702392 458016  52860 S 401.0   2.8  18:55.10 application
  23504 1001      20   0 7702392 458544  52860 S 401.0   2.8  18:59.11 application
  23504 1001      20   0 7703416 459072  52860 S 402.0   2.8  19:03.13 application
  23504 1001      20   0 7703416 459596  52860 S 400.0   2.8  19:07.13 application
  23504 1001      20   0 7704440 460120  52860 S 403.0   2.8  19:11.16 application
  23504 1001      20   0 7705464 460912  52860 S 401.0   2.8  19:15.17 application
  23504 1001      20   0 7705464 461440  52860 S 400.0   2.8  19:19.17 application
  23504 1001      20   0 7706488 461700  52860 S 402.0   2.8  19:23.19 application
  23504 1001      20   0 7706488 462228  52860 S 398.0   2.8  19:27.17 application
  23504 1001      20   0 7707512 462752  52860 S 400.0   2.8  19:31.21 application
  23504 1001      20   0 7707512 463016  52860 S 399.0   2.8  19:35.20 application
  23504 1001      20   0 7708536 463800  52860 S 402.0   2.8  19:39.22 application
  23504 1001      20   0 7709560 464592  52860 S 398.0   2.8  19:43.20 application
  23504 1001      20   0 7709560 465120  52860 S 405.0   2.9  19:47.25 application
  23504 1001      20   0 7710584 465640  52860 S 399.0   2.9  19:51.24 application
  23504 1001      20   0 7710584 466164  52860 S 400.0   2.9  19:55.24 application
  23504 1001      20   0 7711608 466164  52860 S 402.0   2.9  19:59.26 application
  23504 1001      20   0 7712632 466692  52860 S 400.0   2.9  20:03.26 application
  23504 1001      20   0 7713656 467744  52860 S 400.0   2.9  20:07.26 application
  23504 1001      20   0 7713656 468008  52860 S 396.0   2.9  20:11.26 application
  23504 1001      20   0 7713656 468536  52860 S 400.0   2.9  20:15.26 application
  23504 1001      20   0 7714680 469324  52860 S 400.0   2.9  20:19.26 application
  23504 1001      20   0 7715704 470168  52860 S 398.0   2.9  20:23.24 application
  23504 1001      20   0 7715704 470696  52860 S 402.0   2.9  20:27.26 application
  23504 1001      20   0 7716728 471488  52860 S 401.0   2.9  20:31.27 application
  23504 1001      20   0 7717752 472016  52860 S 399.0   2.9  20:35.26 application
  23504 1001      20   0 7717752 472280  52860 S 401.0   2.9  20:39.27 application
  23504 1001      20   0 7718776 472804  52860 S 400.0   2.9  20:43.27 application
  23504 1001      20   0 7718776 473596  52860 S 395.0   2.9  20:47.26 application
  23504 1001      20   0 7719800 474124  52860 S 401.0   2.9  20:51.27 application
  23504 1001      20   0 7720824 474912  52860 S 399.0   2.9  20:55.26 application
  23504 1001      20   0 7720824 475440  52860 S 401.0   2.9  20:59.27 application
  23504 1001      20   0 7705456 476776  52860 S 399.0   2.9  21:03.26 application
  23504 1001      20   0 7697260 477468  52860 S 400.0   2.9  21:07.26 application
  23504 1001      20   0 7698284 477868  52860 S 400.0   2.9  21:11.26 application
  23504 1001      20   0 7698284 478132  52860 S 400.0   2.9  21:15.26 application
  23504 1001      20   0 7699308 478660  52860 S 400.0   2.9  21:19.26 application
  23504 1001      20   0 7699308 479188  52860 S 396.0   2.9  21:23.26 application
  23504 1001      20   0 7701356 481300  52860 S 401.0   3.0  21:27.27 application
  23504 1001      20   0 8024