  22808 1001      20   0 1306028 334704  46920 S   0.0   2.1   3:14.23 application
  22808 1001      20   0 1307052 335760  46920 S 272.0   2.1   3:16.95 application
  22808 1001      20   0 1308076 336552  46920 S 292.0   2.1   3:19.87 application
  22808 1001      20   0 1309100 337140  46984 S 282.2   2.1   3:22.72 application
  22808 1001      20   0 1309100 337404  46984 S 281.0   2.1   3:25.53 application
  22808 1001      20   0 1310124 338460  46984 S 272.0   2.1   3:28.25 application
  22808 1001      20   0 1311148 339252  46984 S 288.0   2.1   3:31.13 application
  22808 1001      20   0 1311148 340044  46984 S 291.0   2.1   3:34.04 application
  22808 1001      20   0 1312172 340836  46984 S 277.0   2.1   3:36.81 application
  22808 1001      20   0 1313196 341628  46984 S 286.0   2.1   3:39.67 application
  22808 1001      20   0 1313196 342420  46984 S 295.0   2.1   3:42.62 application
  22808 1001      20   0 1314220 342948  46984 S 295.0   2.1   3:45.57 application
  22808 1001      20   0 1314220 343212  46984 S 288.1   2.1   3:48.48 application
  22808 1001      20   0 1315244 343740  46984 S 291.0   2.1   3:51.39 application
  22808 1001      20   0 1316268 344268  46984 S 276.0   2.1   3:54.15 application
  22808 1001      20   0 1316268 345060  46984 S 275.0   2.1   3:56.90 application
  22808 1001      20   0 1317292 346116  46984 S 289.0   2.1   3:59.79 application
  22808 1001      20   0 1318316 346908  46984 S 282.0   2.1   4:02.61 application
  22808 1001      20   0 1319340 347964  46984 S 287.0   2.1   4:05.48 application
  22808 1001      20   0 1319340 348228  46984 S 294.0   2.1   4:08.42 application
  22808 1001      20   0 1320364 349020  46984 S 289.0   2.1   4:11.31 application
  22808 1001      20   0 1320364 349548  46984 S 276.0   2.1   4:14.07 application
  22808 1001      20   0 1321388 350340  46984 S 284.0   2.1   4:16.91 application
  22808 1001      20   0 1322412 350868  46984 S 276.2   2.2   4:19.70 application
  22808 1001      20   0 1323436 351660  46984 S 296.0   2.2   4:22.66 application
  22808 1001      20   0 1324460 352452  46984 S 281.0   2.2   4:25.47 application
  22808 1001      20   0 1324460 352980  46984 S 290.0   2.2   4:28.37 application
  22808 1001      20   0 1325484 353508  46984 S 292.0   2.2   4:31.29 application
  22808 1001      20   0 1325484 354564  46984 S 273.0   2.2   4:34.02 application
  22808 1001      20   0 1326508 355092  46984 S 272.0   2.2   4:36.74 application
  22808 1001      20   0 1327532 355884  46984 S 293.0   2.2   4:39.67 application
  22808 1001      20   0 1327532 356676  46984 S 283.0   2.2   4:42.50 application
  22808 1001      20   0 1328556 357468  46984 S 279.0   2.2   4:45.29 application
  22808 1001      20   0 1329580 358524  46984 S 282.2   2.2   4:48.14 application
  22808 1001      20   0 1330604 359052  46984 S 291.0   2.2   4:51.05 application
  22808 1001      20   0 1330604 359844  46984 S 280.0   2.2   4:53.85 application
  22808 1001      20   0 1331628 360900  46984 S 282.0   2.2   4:56.67 application
  22808 1001      20   0 1332652 361692  46984 S 289.0   2.2   4:59.56 application
  22808 1001      20   0 1333676 362484  46984 S 294.0   2.2   5:02.50 application
  22808 1001      20   0 1334700 363012  46984 S 306.0   2.2   5:05.56 application
  22808 1001      20   0 1334700 363804  46984 S 280.0   2.2   5:08.36 application
  22808 1001      20   0 1335724 364332  46984 S 298.0   2.2   5:11.34 application
  22808 1001      20   0 1336748 365124  46984 S 289.0   2.2   5:14.23 application
  22808 1001      20   0 1336748 365652  46984 S 295.0   2.2   5:17.21 application
  22808 1001      20   0 1337772 366972  46984 S 289.0   2.3   5:20.10 application
  22808 1001      20   0 1338796 367236  46984 S 293.0   2.3   5:23.03 application
  22808 1001      20   0 1339820 368028  46984 S 289.0   2.3   5:25.92 application
  22808 1001      20   0 1339820 368556  46984 S 299.0   2.3   5:28.91 application
  22808 1001      20   0 1339820 368820  46984 S 293.0   2.3   5:31.84 application
  22808 1001      20   0 1340