  68374 1001      20   0 1345964 374336  46872 S 100.0   2.3   5:52.97 application
  68374 1001      20   0 1346988 375128  46872 S 289.0   2.3   5:55.86 application
  68374 1001      20   0 1346988 375920  46872 S 282.0   2.3   5:58.68 application
  68374 1001      20   0 1348012 376448  46872 S 296.0   2.3   6:01.64 application
  68374 1001      20   0 1348012 376976  46872 S 288.0   2.3   6:04.52 application
  68374 1001      20   0 1349036 377768  46872 S 292.0   2.3   6:07.44 application
  68374 1001      20   0 1350060 378296  46872 S 301.0   2.3   6:10.45 application
  68374 1001      20   0 1350060 378824  46872 S 288.0   2.3   6:13.33 application
  68374 1001      20   0 1351084 379616  46872 S 291.0   2.3   6:16.24 application
  68374 1001      20   0 1351084 380144  46872 S 284.0   2.3   6:19.08 application
  68374 1001      20   0 1352108 380408  46872 S 291.0   2.3   6:21.99 application
  68374 1001      20   0 1352108 380936  46872 S 277.2   2.3   6:24.79 application
  68374 1001      20   0 1353132 381728  46872 S 291.0   2.3   6:27.70 application
  68374 1001      20   0 1354156 382784  46872 S 294.0   2.3   6:30.64 application
  68374 1001      20   0 1354156 383048  46872 S 296.0   2.3   6:33.60 application
  68374 1001      20   0 1355180 383840  46872 S 277.0   2.4   6:36.37 application
  68374 1001      20   0 1356204 384368  46872 S 287.0   2.4   6:39.24 application
  68374 1001      20   0 1356204 384896  46872 S 273.0   2.4   6:41.97 application
  68374 1001      20   0 1357228 385424  46872 S 292.0   2.4   6:44.89 application
  68374 1001      20   0 1357228 386216  46872 S 283.0   2.4   6:47.72 application
  68374 1001      20   0 1358252 387008  46872 S 296.0   2.4   6:50.68 application
  68374 1001      20   0 1359276 387800  46872 S 297.0   2.4   6:53.68 application
  68374 1001      20   0 1359276 388592  46872 S 290.0   2.4   6:56.58 application
  68374 1001      20   0 1360300 389384  46872 S 282.0   2.4   6:59.40 application
  68374 1001      20   0 1361324 389648  46872 S 296.0   2.4   7:02.36 application
  68374 1001      20   0 1361324 389912  46872 S 291.0   2.4   7:05.27 application
  68374 1001      20   0 1361324 390440  46872 S 297.0   2.4   7:08.24 application
  68374 1001      20   0 1362348 391232  46872 S 289.0   2.4   7:11.13 application
  68374 1001      20   0 1363372 391760  46872 S 285.0   2.4   7:13.98 application
  68374 1001      20   0 1364396 392816  46872 S 288.0   2.4   7:16.86 application
  68374 1001      20   0 1364396 393608  46872 S 289.1   2.4   7:19.78 application
  68374 1001      20   0 1365420 394136  46872 S 293.0   2.4   7:22.71 application
  68374 1001      20   0 1365420 394400  46872 S 289.0   2.4   7:25.60 application
  68374 1001      20   0 1366444 395192  46872 S 298.0   2.4   7:28.58 application
  68374 1001      20   0 1366444 395456  46872 S 298.0   2.4   7:31.56 application
  68374 1001      20   0 1367468 395984  46872 S 297.0   2.4   7:34.53 application
  68374 1001      20   0 1368492 396512  46872 S 286.0   2.4   7:37.39 application
  68374 1001      20   0 1369516 397568  46872 S 288.0   2.4   7:40.27 application
  68374 1001      20   0 1369516 398096  46872 S 287.0   2.4   7:43.14 application
  68374 1001      20   0 1369516 398360  46872 S 280.0   2.4   7:45.94 application
  68374 1001      20   0 1370540 398624  46872 S 289.0   2.4   7:48.83 application
  68374 1001      20   0 1370540 399152  46872 S 282.2   2.4   7:51.68 application
  68374 1001      20   0 1371564 399680  46872 S 281.0   2.5   7:54.49 application
  68374 1001      20   0 1371564 400472  46872 S 284.0   2.5   7:57.33 application
  68374 1001      20   0 1372588 401000  46872 S 284.0   2.5   8:00.17 application
  68374 1001      20   0 1372588 401528  46872 S 294.0   2.5   8:03.11 application
  68374 1001      20   0 1373612 402380  46936 S 292.0   2.5   8:06.03 application
  68374 1001      20   0 1373612 402644  46936 S 291.0   2.5   8:08.94 application
  68374 1001      20   0 1374636 403172  46936 S 281.0   2.5   8:11.75 application
  68374 1001      20   0 1375