  22808 1001      20   0 1544620 574944  48068 S 153.3   3.5  28:17.79 application
  22808 1001      20   0 1544620 574944  48068 S 398.0   3.5  28:21.81 application
  22808 1001      20   0 1544620 574944  48068 S 402.0   3.5  28:25.83 application
  22808 1001      20   0 1544620 574944  48068 S 400.0   3.5  28:29.83 application
  22808 1001      20   0 1544620 574944  48068 S 400.0   3.5  28:33.83 application
  22808 1001      20   0 1544620 574944  48068 S 399.0   3.5  28:37.82 application
  22808 1001      20   0 1544620 574944  48068 S 403.0   3.5  28:41.85 application
  22808 1001      20   0 1544620 574944  48068 S 401.0   3.5  28:45.86 application
  22808 1001      20   0 1544620 574944  48068 S 401.0   3.5  28:49.87 application
  22808 1001      20   0 1544620 574944  48068 S 400.0   3.5  28:53.87 application
  22808 1001      20   0 1544620 574944  48068 S 401.0   3.5  28:57.88 application
  22808 1001      20   0 1544620 574944  48068 S 397.0   3.5  29:01.89 application
  22808 1001      20   0 1544620 574944  48068 S 401.0   3.5  29:05.90 application
  22808 1001      20   0 1544620 574944  48068 S 400.0   3.5  29:09.90 application
  22808 1001      20   0 1544620 574944  48068 S 401.0   3.5  29:13.91 application
  22808 1001      20   0 1544620 574944  48068 S 401.0   3.5  29:17.92 application
  22808 1001      20   0 1544620 574944  48068 S 401.0   3.5  29:21.93 application
  22808 1001      20   0 1544620 574944  48068 S 400.0   3.5  29:25.93 application
  22808 1001      20   0 1544620 574944  48068 S 400.0   3.5  29:29.93 application
  22808 1001      20   0 1544620 574944  48068 S 401.0   3.5  29:33.94 application
  22808 1001      20   0 1544620 574944  48068 S 401.0   3.5  29:37.95 application
  22808 1001      20   0 1544620 574944  48068 S 397.0   3.5  29:41.96 application
  22808 1001      20   0 1544620 574944  48068 S 399.0   3.5  29:45.95 application
  22808 1001      20   0 1544620 574944  48068 S 402.0   3.5  29:49.97 application
  22808 1001      20   0 1544620 574944  48068 S 401.0   3.5  29:53.98 application
  22808 1001      20   0 1544620 574944  48068 S 399.0   3.5  29:57.97 application
  22808 1001      20   0 1544620 574944  48068 S 402.0   3.5  30:01.99 application
  22808 1001      20   0 1544620 574944  48068 S 400.0   3.5  30:05.99 application
  22808 1001      20   0 1544620 574944  48068 S 401.0   3.5  30:10.00 application
  22808 1001      20   0 1544620 574944  48068 S 402.0   3.5  30:14.02 application
  22808 1001      20   0 1544620 574944  48068 S 400.0   3.5  30:18.02 application
  22808 1001      20   0 1544620 574944  48068 S 395.0   3.5  30:22.01 application
  22808 1001      20   0 1544620 574944  48068 S 401.0   3.5  30:26.02 application
  22808 1001      20   0 1544620 574944  48068 S 402.0   3.5  30:30.04 application
  22808 1001      20   0 1544620 574944  48068 S 399.0   3.5  30:34.03 application
  22808 1001      20   0 1544620 574944  48068 S 402.0   3.5  30:38.05 application
  22808 1001      20   0 1544620 574944  48068 S 399.0   3.5  30:42.04 application
  22808 1001      20   0 1544620 574944  48068 S 402.0   3.5  30:46.06 application
  22808 1001      20   0 1544620 574944  48068 S 401.0   3.5  30:50.07 application
  22808 1001      20   0 1544620 574944  48068 S 399.0   3.5  30:54.06 application
  22808 1001      20   0 1544620 574944  48068 S 401.0   3.5  30:58.07 application
  22808 1001      20   0 1544620 574944  48068 S 396.0   3.5  31:02.07 application
  22808 1001      20   0 1544620 574944  48068 S 401.0   3.5  31:06.08 application
  22808 1001      20   0 1544620 574944  48068 S 401.0   3.5  31:10.09 application
  22808 1001      20   0 1544620 574944  48068 S 401.0   3.5  31:14.10 application
  22808 1001      20   0 1544620 574944  48068 S 399.0   3.5  31:18.09 application
  22808 1001      20   0 1544620 574944  48068 S 402.0   3.5  31:22.11 application
  22808 1001      20   0 1544620 574944  48068 S 399.0   3.5  31:26.10 application
  22808 1001      20   0 1544620 574944  48068 S 402.0   3.5  31:30.12 application
  22808 1001      20   0 1544