  23504 1001      20   0 8032136 491896  52860 S 133.3   3.0  22:15.33 application
  23504 1001      20   0 8033160 493476  52860 S 412.0   3.0  22:19.45 application
  23504 1001      20   0 8034184 494532  52860 S 399.0   3.0  22:23.44 application
  23504 1001      20   0 8034184 495324  52860 S 402.0   3.0  22:27.46 application
  23504 1001      20   0 8035208 495848  52860 S 400.0   3.0  22:31.46 application
  23504 1001      20   0 8036232 496640  52860 S 404.0   3.0  22:35.50 application
  23504 1001      20   0 8036232 496904  52860 S 398.0   3.0  22:39.48 application
  23504 1001      20   0 8037256 497696  52860 S 399.0   3.1  22:43.51 application
  23504 1001      20   0 8037256 498224  52860 S 402.0   3.1  22:47.53 application
  23504 1001      20   0 8038280 499016  52860 S 398.0   3.1  22:51.51 application
  23504 1001      20   0 8039304 499540  52860 S 402.0   3.1  22:55.53 application
  23504 1001      20   0 8039304 500064  52860 S 403.0   3.1  22:59.56 application
  23504 1001      20   0 8039304 500592  52860 S 399.0   3.1  23:03.55 application
  23504 1001      20   0 7983980 502948  52860 S 401.0   3.1  23:07.56 application
  23504 1001      20   0 7983980 503476  52860 S 402.0   3.1  23:11.58 application
  23504 1001      20   0 7983980 504004  52860 S 400.0   3.1  23:15.58 application
  23504 1001      20   0 7983980 504004  52860 S 401.0   3.1  23:19.59 application
  23504 1001      20   0 7985004 504268  52860 S 400.0   3.1  23:23.63 application
  23504 1001      20   0 7985004 504528  52860 S 398.0   3.1  23:27.61 application
  23504 1001      20   0 7986028 504792  52860 S 401.0   3.1  23:31.62 application
  23504 1001      20   0 7986028 505316  52860 S 401.0   3.1  23:35.63 application
  23504 1001      20   0 7986028 505576  52860 S 404.0   3.1  23:39.67 application
  23504 1001      20   0 7988076 506896  52860 S 400.0   3.1  23:43.67 application
  23504 1001      20   0 7979880 507692  52860 S 399.0   3.1  23:47.66 application
  23504 1001      20   0 7980904 507692  52860 S 401.0   3.1  23:51.67 application
  23504 1001      20   0 7980904 508220  52860 S 401.0   3.1  23:55.68 application
  23504 1001      20   0 7981928 508748  52860 S 399.0   3.1  23:59.67 application
  23504 1001      20   0 7981928 509012  52860 S 395.0   3.1  24:03.66 application
  23504 1001      20   0 8009588 511644  52860 S 402.0   3.1  24:07.68 application
  23504 1001      20   0 8010612 512436  52860 S 400.0   3.1  24:11.68 application
  23504 1001      20   0 8010612 512964  52860 S 401.0   3.1  24:15.69 application
  23504 1001      20   0 8011636 513228  52860 S 400.0   3.1  24:19.69 application
  23504 1001      20   0 8011636 513492  52860 S 400.0   3.1  24:23.69 application
  23504 1001      20   0 8011636 513756  52860 S 399.0   3.2  24:27.68 application
  23504 1001      20   0 8012660 514288  52860 S 401.0   3.2  24:31.69 application
  23504 1001      20   0 8012660 514816  52860 S 400.0   3.2  24:35.69 application
  23504 1001      20   0 8013684 515080  52860 S 395.0   3.2  24:39.68 application
  23504 1001      20   0 8013684 515608  52860 S 401.0   3.2  24:43.69 application
  23504 1001      20   0 8014708 516396  52860 S 400.0   3.2  24:47.69 application
  23504 1001      20   0 8014708 517188  52860 S 400.0   3.2  24:51.69 application
  23504 1001      20   0 8015732 517716  52860 S 400.0   3.2  24:55.69 application
  23504 1001      20   0 8015732 517980  52860 S 400.0   3.2  24:59.69 application
  23504 1001      20   0 8016756 518724  52860 S 400.0   3.2  25:03.69 application
  23504 1001      20   0 8016756 518988  52860 S 400.0   3.2  25:07.69 application
  23504 1001      20   0 8017780 518988  52860 S 399.0   3.2  25:11.68 application
  23504 1001      20   0 8017780 519252  52860 S 397.0   3.2  25:15.69 application
  23504 1001      20   0 8018804 519780  52860 S 399.0   3.2  25:19.68 application
  23504 1001      20   0 8018804 520044  52860 S 401.0   3.2  25:23.69 application
  23504 1001      20   0 8018804 520572  52860 S 399.0   3.2  25:27.68 application
  23504 1001      20   0 8019