  68374 1001      20   0 1469868 498476  46936 S 156.2   3.1  20:17.12 application
  68374 1001      20   0 1470892 499796  46936 S 400.0   3.1  20:21.12 application
  68374 1001      20   0 1471916 500324  46936 S 398.0   3.1  20:25.10 application
  68374 1001      20   0 1471916 500588  46936 S 400.0   3.1  20:29.10 application
  68374 1001      20   0 1472940 500852  46936 S 385.0   3.1  20:32.95 application
  68374 1001      20   0 1472940 501380  46936 S 390.0   3.1  20:36.85 application
  68374 1001      20   0 1473964 502172  46936 S 392.0   3.1  20:40.77 application
  68374 1001      20   0 1473964 502700  46936 S 397.0   3.1  20:44.74 application
  68374 1001      20   0 1474988 503492  46936 S 392.0   3.1  20:48.66 application
  68374 1001      20   0 1474988 504020  46936 S 378.2   3.1  20:52.48 application
  68374 1001      20   0 1476012 504548  46936 S 393.0   3.1  20:56.41 application
  68374 1001      20   0 1476012 504812  46936 S 394.0   3.1  21:00.35 application
  68374 1001      20   0 1477036 505604  46936 S 401.0   3.1  21:04.36 application
  68374 1001      20   0 1478060 506132  46936 S 389.0   3.1  21:08.25 application
  68374 1001      20   0 1478060 506660  46936 S 387.0   3.1  21:12.12 application
  68374 1001      20   0 1479084 506924  46936 S 389.0   3.1  21:16.01 application
  68374 1001      20   0 1479084 507716  46936 S 392.0   3.1  21:19.93 application
  68374 1001      20   0 1480108 507980  46936 S 395.0   3.1  21:23.88 application
  68374 1001      20   0 1480108 508772  46936 S 396.0   3.1  21:27.88 application
  68374 1001      20   0 1481132 509300  46936 S 395.0   3.1  21:31.83 application
  68374 1001      20   0 1482156 510356  46936 S 396.0   3.1  21:35.79 application
  68374 1001      20   0 1482156 511148  46936 S 382.0   3.1  21:39.61 application
  68374 1001      20   0 1483180 511940  46936 S 398.0   3.1  21:43.59 application
  68374 1001      20   0 1483180 512204  46936 S 396.0   3.1  21:47.55 application
  68374 1001      20   0 1484204 512732  46936 S 398.0   3.1  21:51.53 application
  68374 1001      20   0 1485228 513260  46936 S 395.0   3.1  21:55.48 application
  68374 1001      20   0 1485228 513788  46936 S 387.0   3.2  21:59.35 application
  68374 1001      20   0 1485228 514052  46936 S 397.0   3.2  22:03.32 application
  68374 1001      20   0 1486252 514580  46936 S 401.0   3.2  22:07.33 application
  68374 1001      20   0 1486252 515372  46936 S 391.1   3.2  22:11.28 application
  68374 1001      20   0 1487276 515900  46936 S 393.0   3.2  22:15.21 application
  68374 1001      20   0 1488300 516428  46936 S 399.0   3.2  22:19.20 application
  68374 1001      20   0 1488300 517484  46936 S 395.0   3.2  22:23.15 application
  68374 1001      20   0 1489324 517748  46936 S 401.0   3.2  22:27.16 application
  68374 1001      20   0 1490348 518804  46936 S 400.0   3.2  22:31.16 application
  68374 1001      20   0 1491372 519596  46936 S 397.0   3.2  22:35.13 application
  68374 1001      20   0 1491372 520388  46936 S 399.0   3.2  22:39.12 application
  68374 1001      20   0 1492396 521180  46936 S 396.0   3.2  22:43.08 application
  68374 1001      20   0 1492396 521444  46936 S 396.0   3.2  22:47.04 application
  68374 1001      20   0 1493420 522236  46936 S 393.1   3.2  22:51.01 application
  68374 1001      20   0 1493420 522764  46936 S 391.0   3.2  22:54.92 application
  68374 1001      20   0 1494444 523028  46936 S 397.0   3.2  22:58.89 application
  68374 1001      20   0 1494444 523292  46936 S 390.0   3.2  23:02.79 application
  68374 1001      20   0 1495468 523820  46936 S 402.0   3.2  23:06.81 application
  68374 1001      20   0 1496492 524612  46936 S 397.0   3.2  23:10.78 application
  68374 1001      20   0 1496492 524876  46936 S 390.0   3.2  23:14.68 application
  68374 1001      20   0 1497516 525404  46936 S 392.0   3.2  23:18.60 application
  68374 1001      20   0 1497516 525932  46936 S 396.0   3.2  23:22.56 application
  68374 1001      20   0 1498540 526196  46936 S 384.2   3.2  23:26.44 application
  68374 1001      20   0 1498