  23504 1001      20   0 8927156 580964  53944 S 131.2   3.6  38:15.08 application
  23504 1001      20   0 8927156 580964  53944 S 400.0   3.6  38:19.08 application
  23504 1001      20   0 8927156 580964  53944 S 402.0   3.6  38:23.10 application
  23504 1001      20   0 8927156 580964  53944 S 401.0   3.6  38:27.11 application
  23504 1001      20   0 8927156 580964  53944 S 401.0   3.6  38:31.12 application
  23504 1001      20   0 8927156 580964  53944 S 401.0   3.6  38:35.13 application
  23504 1001      20   0 8927156 580964  53944 S 401.0   3.6  38:39.14 application
  23504 1001      20   0 8927156 580964  53944 S 401.0   3.6  38:43.15 application
  23504 1001      20   0 8927156 580964  53944 S 397.0   3.6  38:47.12 application
  23504 1001      20   0 8927156 580964  53944 S 404.0   3.6  38:51.16 application
  23504 1001      20   0 8927156 580964  53944 S 401.0   3.6  38:55.17 application
  23504 1001      20   0 8927156 580964  53944 S 396.0   3.6  38:59.17 application
  23504 1001      20   0 8927156 580964  53944 S 402.0   3.6  39:03.19 application
  23504 1001      20   0 8927156 580964  53944 S 402.0   3.6  39:07.21 application
  23504 1001      20   0 8927156 580964  53944 S 401.0   3.6  39:11.22 application
  23504 1001      20   0 8927156 580964  53944 S 400.0   3.6  39:15.22 application
  23504 1001      20   0 8927156 580964  53944 S 400.0   3.6  39:19.22 application
  23504 1001      20   0 8927156 580964  53944 S 402.0   3.6  39:23.24 application
  23504 1001      20   0 8927156 580964  53944 S 400.0   3.6  39:27.24 application
  23504 1001      20   0 8927156 580964  53944 S 401.0   3.6  39:31.25 application
  23504 1001      20   0 8927156 580964  53944 S 402.0   3.6  39:35.27 application
  23504 1001      20   0 8910764 581684  53944 S 398.0   3.6  39:39.29 application
  23504 1001      20   0 8910764 581684  53944 S 400.0   3.6  39:43.29 application
  23504 1001      20   0 8910764 581684  53944 S 402.0   3.6  39:47.31 application
  23504 1001      20   0 8910764 581684  53944 S 396.0   3.6  39:51.27 application
  23504 1001      20   0 8910764 581684  53944 S 403.0   3.6  39:55.30 application
  23504 1001      20   0 8910764 581684  53944 S 399.0   3.6  39:59.29 application
  23504 1001      20   0 8910764 581684  53944 S 404.0   3.6  40:03.33 application
  23504 1001      20   0 8910764 581684  53944 S 399.0   3.6  40:07.32 application
  23504 1001      20   0 8910764 581684  53944 S 403.0   3.6  40:11.35 application
  23504 1001      20   0 8910764 581684  53944 S 401.0   3.6  40:15.36 application
  23504 1001      20   0 8910764 581684  53944 S 392.1   3.6  40:19.32 application
  23504 1001      20   0 8910764 581684  53944 S 402.0   3.6  40:23.34 application
  23504 1001      20   0 8910764 581684  53944 S 404.0   3.6  40:27.38 application
  23504 1001      20   0 8910764 581684  53944 S 405.0   3.6  40:31.43 application
  23504 1001      20   0 8910764 581684  53944 S 398.0   3.6  40:35.41 application
  23504 1001      20   0 8910764 581684  53944 S 403.0   3.6  40:39.44 application
  23504 1001      20   0 8910764 581684  53944 S 397.0   3.6  40:43.41 application
  23504 1001      20   0 8910764 581684  53944 S 400.0   3.6  40:47.41 application
  23504 1001      20   0 8910764 581684  53944 S 402.0   3.6  40:51.43 application
  23504 1001      20   0 8910764 581684  53944 S 401.0   3.6  40:55.44 application
  23504 1001      20   0 8910764 581684  53944 S 395.0   3.6  40:59.43 application
  23504 1001      20   0 8910764 581684  53944 S 402.0   3.6  41:03.45 application
  23504 1001      20   0 8910764 581684  53944 S 399.0   3.6  41:07.44 application
  23504 1001      20   0 8910764 581684  53944 S 399.0   3.6  41:11.43 application
  23504 1001      20   0 8910764 581684  53944 S 401.0   3.6  41:15.44 application
  23504 1001      20   0 8910764 581684  53944 S 399.0   3.6  41:19.43 application
  23504 1001      20   0 8910764 581684  53944 S 401.0   3.6  41:23.44 application
  23504 1001      20   0 8910764 581684  53944 S 400.0   3.6  41:27.44 application
  23504 1001      20   0 8910