  41596 root      20   0 9226748 450812  28976 S 126.7   2.8   7:47.89 java
  41596 root      20   0 9226748 450812  28976 S 228.0   2.8   7:50.17 java
  41596 root      20   0 9226748 450812  28976 S 227.0   2.8   7:52.44 java
  41596 root      20   0 9226748 450812  28976 S 226.0   2.8   7:54.70 java
  41596 root      20   0 9226748 450916  28976 S 225.0   2.8   7:56.95 java
  41596 root      20   0 9226748 450948  28976 S 227.0   2.8   7:59.22 java
  41596 root      20   0 9226748 450948  28976 S 227.0   2.8   8:01.49 java
  41596 root      20   0 9226748 451472  28976 S 228.0   2.8   8:03.77 java
  41596 root      20   0 9226748 451472  28976 S 221.8   2.8   8:06.01 java
  41596 root      20   0 9226748 451472  28976 S 226.0   2.8   8:08.27 java
  41596 root      20   0 9226748 451472  28976 S 225.0   2.8   8:10.52 java
  41596 root      20   0 9226748 451472  28976 S 222.0   2.8   8:12.74 java
  41596 root      20   0 9226748 451472  28976 S 222.0   2.8   8:14.96 java
  41596 root      20   0 9226748 451472  28976 S 223.0   2.8   8:17.19 java
  41596 root      20   0 9226748 451472  28976 S 230.0   2.8   8:19.49 java
  41596 root      20   0 9226748 451472  28976 S 228.0   2.8   8:21.77 java
  41596 root      20   0 9226748 451472  28976 S 228.0   2.8   8:24.05 java
  41596 root      20   0 9226748 451472  28976 S 223.0   2.8   8:26.28 java
  41596 root      20   0 9226748 451472  28976 S 224.8   2.8   8:28.55 java
  41596 root      20   0 9226748 451472  28976 S 224.0   2.8   8:30.79 java
  41596 root      20   0 9226748 451472  28976 S 227.0   2.8   8:33.06 java
  41596 root      20   0 9226748 451472  28976 S 226.0   2.8   8:35.32 java
  41596 root      20   0 9226748 451472  28976 S 227.0   2.8   8:37.59 java
  41596 root      20   0 9226748 451472  28976 S 225.0   2.8   8:39.84 java
  41596 root      20   0 9226748 451472  28976 S 229.0   2.8   8:42.13 java
  41596 root      20   0 9226748 451472  28976 S 228.0   2.8   8:44.41 java
  41596 root      20   0 9226748 451472  28976 S 229.0   2.8   8:46.70 java
  41596 root      20   0 9226748 451472  28976 S 226.0   2.8   8:48.96 java
  41596 root      20   0 9226748 451472  28976 S 222.8   2.8   8:51.21 java
  41596 root      20   0 9226748 451472  28976 S 228.0   2.8   8:53.49 java
  41596 root      20   0 9226748 451472  28976 S 226.0   2.8   8:55.75 java
  41596 root      20   0 9226748 451472  28976 S 226.0   2.8   8:58.01 java
  41596 root      20   0 9226748 451472  28976 S 230.0   2.8   9:00.31 java
  41596 root      20   0 9226748 451472  28976 S 225.0   2.8   9:02.56 java
  41596 root      20   0 9226748 451664  28976 S 230.0   2.8   9:04.86 java
  41596 root      20   0 9226748 451664  28976 S 226.0   2.8   9:07.12 java
  41596 root      20   0 9226748 451664  28976 S 229.0   2.8   9:09.41 java
  41596 root      20   0 9226748 451664  28976 S 226.0   2.8   9:11.67 java
  41596 root      20   0 9226748 451664  28976 S 228.7   2.8   9:13.98 java
  41596 root      20   0 9226748 451664  28976 S 229.0   2.8   9:16.27 java
  41596 root      20   0 9226748 451664  28976 S 229.0   2.8   9:18.56 java
  41596 root      20   0 9226748 451664  28976 S 228.0   2.8   9:20.84 java
  41596 root      20   0 9226748 451664  28976 S 224.0   2.8   9:23.08 java
  41596 root      20   0 9226748 451664  28976 S 226.0   2.8   9:25.34 java
  41596 root      20   0 9226748 451664  28976 S 225.0   2.8   9:27.59 java
  41596 root      20   0 9226748 451664  28976 S 225.0   2.8   9:29.84 java
  41596 root      20   0 9226748 451664  28976 S 230.0   2.8   9:32.14 java
  41596 root      20   0 9226748 451664  28976 S 229.0   2.8   9:34.43 java
  41596 root      20   0 9226748 451816  28976 S 224.8   2.8   9:36.70 java
  41596 root      20   0 9226748 451816  28976 S 226.0   2.8   9:38.96 java
  41596 root      20   0 9226748 451816  28976 S 225.0   2.8   9:41.21 java
  41596 root      20   0 9226748 451816  28976 S 226.0   2.8   9:43.47 java
  41596 root      20   0 9226748 451816  28976 S 228.0   2.8   9:45.75 java
  41596 root      20   0 9226748 451816  28976 S 222.0   2.8   9:47.