  41596 root      20   0 9226748 512924  28976 S   0.0   3.1  36:24.21 java
  41596 root      20   0 9226748 512924  28976 S 393.0   3.1  36:28.14 java
  41596 root      20   0 9226748 513156  28976 S 394.0   3.1  36:32.08 java
  41596 root      20   0 9226748 513156  28976 S 393.0   3.1  36:36.01 java
  41596 root      20   0 9226748 513604  28976 S 386.0   3.1  36:39.87 java
  41596 root      20   0 9226748 513604  28976 S 391.0   3.1  36:43.78 java
  41596 root      20   0 9226748 513604  28976 S 391.0   3.1  36:47.69 java
  41596 root      20   0 9226748 513604  28976 S 388.1   3.1  36:51.61 java
  41596 root      20   0 9226748 513604  28976 S 388.0   3.1  36:55.49 java
  41596 root      20   0 9226748 513604  28976 S 395.0   3.1  36:59.44 java
  41596 root      20   0 9226748 513604  28976 S 390.0   3.1  37:03.34 java
  41596 root      20   0 9226748 513604  28976 S 391.0   3.1  37:07.25 java
  41596 root      20   0 9226748 513604  28976 S 391.0   3.1  37:11.16 java
  41596 root      20   0 9226748 513604  28976 S 384.0   3.1  37:15.00 java
  41596 root      20   0 9226748 513604  28976 S 395.0   3.1  37:18.95 java
  41596 root      20   0 9226748 513604  28976 S 389.0   3.1  37:22.84 java
  41596 root      20   0 9226748 513604  28976 S 388.0   3.1  37:26.72 java
  41596 root      20   0 9226748 513604  28976 S 389.1   3.1  37:30.65 java
  41596 root      20   0 9226748 513604  28976 S 390.0   3.1  37:34.55 java
  41596 root      20   0 9226748 513604  28976 S 388.0   3.1  37:38.43 java
  41596 root      20   0 9226748 513604  28976 S 388.0   3.1  37:42.31 java
  41596 root      20   0 9226748 513604  28976 S 391.0   3.1  37:46.22 java
  41596 root      20   0 9226748 513604  28976 S 394.0   3.1  37:50.16 java
  41596 root      20   0 9226748 513604  28976 S 396.0   3.1  37:54.12 java
  41596 root      20   0 9226748 513604  28976 S 392.0   3.1  37:58.04 java
  41596 root      20   0 9226748 513604  28976 S 384.2   3.1  38:01.92 java
  41596 root      20   0 9226748 513864  28976 S 393.0   3.2  38:05.85 java
  41596 root      20   0 9226748 513864  28976 S 393.0   3.2  38:09.78 java
  41596 root      20   0 9226748 513864  28976 S 386.0   3.2  38:13.64 java
  41596 root      20   0 9226748 513864  28976 S 391.0   3.2  38:17.55 java
  41596 root      20   0 9226748 513864  28976 S 391.0   3.2  38:21.46 java
  41596 root      20   0 9226748 513864  28976 S 394.0   3.2  38:25.40 java
  41596 root      20   0 9226748 513864  28976 S 387.0   3.2  38:29.27 java
  41596 root      20   0 9226748 513864  28976 S 388.1   3.2  38:33.19 java
  41596 root      20   0 9226748 513864  28976 S 390.0   3.2  38:37.09 java
  41596 root      20   0 9226748 513864  28976 S 384.0   3.2  38:40.93 java
  41596 root      20   0 9226748 513864  28976 S 393.0   3.2  38:44.86 java
  41596 root      20   0 9226748 514088  28976 S 388.0   3.2  38:48.74 java
  41596 root      20   0 9226748 514088  28976 S 382.0   3.2  38:52.56 java
  41596 root      20   0 9226748 514088  28976 S 394.0   3.2  38:56.50 java
  41596 root      20   0 9226748 514088  28976 S 393.0   3.2  39:00.43 java
  41596 root      20   0 9226748 514088  28976 S 384.0   3.2  39:04.27 java
  41596 root      20   0 9226748 514088  28976 S 396.0   3.2  39:08.23 java
  41596 root      20   0 9226748 514088  28976 S 379.0   3.2  39:12.02 java
  41596 root      20   0 9226748 514088  28976 S 383.2   3.2  39:15.89 java
  41596 root      20   0 9226748 514088  28976 S 398.0   3.2  39:19.87 java
  41596 root      20   0 9226748 514088  28976 S 392.0   3.2  39:23.79 java
  41596 root      20   0 9226748 514088  28976 S 394.0   3.2  39:27.73 java
  41596 root      20   0 9226748 514308  28976 S 386.0   3.2  39:31.59 java
  41596 root      20   0 9226748 514308  28976 S 395.0   3.2  39:35.54 java
  41596 root      20   0 9226748 514308  28976 S 386.0   3.2  39:39.40 java
  41596 root      20   0 9226748 514308  28976 S 392.0   3.2  39:43.32 java
  41596 root      20   0 9226748 514308  28976 S 386.0   3.2  39:47.18 java
  41596 root      20   0 9226748 514308  28976 S 392.0   3.2  39:51.