  41596 root      20   0 9226748 579524  28976 S   6.7   3.6  44:11.16 java
  41596 root      20   0 9226748 579524  28976 S 390.1   3.6  44:15.10 java
  41596 root      20   0 9226748 579524  28976 S 399.0   3.6  44:19.09 java
  41596 root      20   0 9226748 579760  28976 S 394.0   3.6  44:23.03 java
  41596 root      20   0 9226748 579760  28976 S 394.0   3.6  44:26.97 java
  41596 root      20   0 9226748 579760  28976 S 399.0   3.6  44:30.96 java
  41596 root      20   0 9226748 579760  28976 S 398.0   3.6  44:34.94 java
  41596 root      20   0 9226748 579760  28976 S 399.0   3.6  44:38.93 java
  41596 root      20   0 9226748 579760  28976 S 400.0   3.6  44:42.93 java
  41596 root      20   0 9226748 579760  28976 S 399.0   3.6  44:46.92 java
  41596 root      20   0 9226748 579760  28976 S 399.0   3.6  44:50.91 java
  41596 root      20   0 9226748 579760  28976 S 395.0   3.6  44:54.90 java
  41596 root      20   0 9226748 579760  28976 S 392.0   3.6  44:58.82 java
  41596 root      20   0 9226748 579760  28976 S 398.0   3.6  45:02.80 java
  41596 root      20   0 9226748 579760  28976 S 391.0   3.6  45:06.71 java
  41596 root      20   0 9226748 579760  28976 S 394.0   3.6  45:10.65 java
  41596 root      20   0 9226748 579760  28976 S 398.0   3.6  45:14.63 java
  41596 root      20   0 9226748 579760  28976 S 400.0   3.6  45:18.63 java
  41596 root      20   0 9226748 579760  28976 S 396.0   3.6  45:22.59 java
  41596 root      20   0 9226748 579760  28976 S 397.0   3.6  45:26.56 java
  41596 root      20   0 9226748 579760  28976 S 399.0   3.6  45:30.55 java
  41596 root      20   0 9226748 579760  28976 S 392.1   3.6  45:34.51 java
  41596 root      20   0 9226748 579760  28976 S 395.0   3.6  45:38.46 java
  41596 root      20   0 9226748 579760  28976 S 399.0   3.6  45:42.45 java
  41596 root      20   0 9226748 579760  28976 S 395.0   3.6  45:46.40 java
  41596 root      20   0 9226748 579760  28976 S 392.0   3.6  45:50.32 java
  41596 root      20   0 9226748 579760  28976 S 399.0   3.6  45:54.31 java
  41596 root      20   0 9226748 579760  28976 S 394.0   3.6  45:58.25 java
  41596 root      20   0 9226748 579760  28976 S 397.0   3.6  46:02.22 java
  41596 root      20   0 9226748 579760  28976 S 398.0   3.6  46:06.20 java
  41596 root      20   0 9226748 579760  28976 S 395.0   3.6  46:10.15 java
  41596 root      20   0 9226748 579760  28976 S 391.1   3.6  46:14.10 java
  41596 root      20   0 9226748 579992  28976 S 394.0   3.6  46:18.04 java
  41596 root      20   0 9226748 579992  28976 S 399.0   3.6  46:22.03 java
  41596 root      20   0 9226748 579992  28976 S 394.0   3.6  46:25.97 java
  41596 root      20   0 9226748 579992  28976 S 396.0   3.6  46:29.93 java
  41596 root      20   0 9226748 579992  28976 S 391.0   3.6  46:33.84 java
  41596 root      20   0 9226748 579992  28976 S 396.0   3.6  46:37.80 java
  41596 root      20   0 9226748 579992  28976 S 394.0   3.6  46:41.74 java
  41596 root      20   0 9226748 579992  28976 S 400.0   3.6  46:45.74 java
  41596 root      20   0 9226748 579992  28976 S 398.0   3.6  46:49.72 java
  41596 root      20   0 9226748 579992  28976 S 391.1   3.6  46:53.67 java
  41596 root      20   0 9226748 579992  28976 S 395.0   3.6  46:57.62 java
  41596 root      20   0 9226748 579992  28976 S 399.0   3.6  47:01.61 java
  41596 root      20   0 9226748 579992  28976 S 395.0   3.6  47:05.56 java
  41596 root      20   0 9226748 579992  28976 S 395.0   3.6  47:09.51 java
  41596 root      20   0 9226748 579992  28976 S 395.0   3.6  47:13.46 java
  41596 root      20   0 9226748 579992  28976 S 398.0   3.6  47:17.44 java
  41596 root      20   0 9226748 579992  28976 S 399.0   3.6  47:21.43 java
  41596 root      20   0 9226748 579992  28976 S 395.0   3.6  47:25.38 java
  41596 root      20   0 9226748 579992  28976 S 391.0   3.6  47:29.29 java
  41596 root      20   0 9226748 579992  28976 S 394.1   3.6  47:33.27 java
  41596 root      20   0 9226748 579992  28976 S 396.0   3.6  47:37.23 java
  41596 root      20   0 9226748 579992  28976 S 395.0   3.6  47:41.