  41596 root      20   0 9226748 455544  28976 S   0.0   2.8  22:22.00 java
  41596 root      20   0 9226748 455544  28976 S 318.0   2.8  22:25.18 java
  41596 root      20   0 9226748 455544  28976 S 314.0   2.8  22:28.32 java
  41596 root      20   0 9226748 455544  28976 S 311.9   2.8  22:31.47 java
  41596 root      20   0 9226748 455980  28976 S 313.0   2.8  22:34.60 java
  41596 root      20   0 9226748 455980  28976 S 320.0   2.8  22:37.80 java
  41596 root      20   0 9226748 455980  28976 S 314.0   2.8  22:40.94 java
  41596 root      20   0 9226748 455980  28976 S 315.0   2.8  22:44.09 java
  41596 root      20   0 9226748 455980  28976 S 315.0   2.8  22:47.24 java
  41596 root      20   0 9226748 455980  28976 S 324.0   2.8  22:50.48 java
  41596 root      20   0 9226748 456220  28976 S 318.0   2.8  22:53.66 java
  41596 root      20   0 9226748 456220  28976 S 319.0   2.8  22:56.85 java
  41596 root      20   0 9226748 456220  28976 S 322.0   2.8  23:00.07 java
  41596 root      20   0 9226748 456220  28976 S 314.9   2.8  23:03.25 java
  41596 root      20   0 9226748 456220  28976 S 313.0   2.8  23:06.38 java
  41596 root      20   0 9226748 456220  28976 S 314.0   2.8  23:09.52 java
  41596 root      20   0 9226748 456220  28976 S 315.0   2.8  23:12.67 java
  41596 root      20   0 9226748 456220  28976 S 317.0   2.8  23:15.84 java
  41596 root      20   0 9226748 456220  28976 S 323.0   2.8  23:19.07 java
  41596 root      20   0 9226748 456220  28976 S 325.0   2.8  23:22.32 java
  41596 root      20   0 9226748 456220  28976 S 316.0   2.8  23:25.48 java
  41596 root      20   0 9226748 456220  28976 S 319.0   2.8  23:28.67 java
  41596 root      20   0 9226748 456220  28976 S 329.0   2.8  23:31.96 java
  41596 root      20   0 9226748 456220  28976 S 328.7   2.8  23:35.28 java
  41596 root      20   0 9226748 456220  28976 S 324.0   2.8  23:38.52 java
  41596 root      20   0 9226748 456468  28976 S 319.0   2.8  23:41.71 java
  41596 root      20   0 9226748 456468  28976 S 318.0   2.8  23:44.89 java
  41596 root      20   0 9226748 456468  28976 S 319.0   2.8  23:48.08 java
  41596 root      20   0 9226748 456468  28976 S 316.0   2.8  23:51.24 java
  41596 root      20   0 9226748 456468  28976 S 335.0   2.8  23:54.59 java
  41596 root      20   0 9226748 456468  28976 S 328.0   2.8  23:57.87 java
  41596 root      20   0 9226748 456468  28976 S 318.0   2.8  24:01.05 java
  41596 root      20   0 9226748 456468  28976 S 311.0   2.8  24:04.16 java
  41596 root      20   0 9226748 456468  28976 S 317.8   2.8  24:07.37 java
  41596 root      20   0 9226748 456468  28976 S 319.0   2.8  24:10.56 java
  41596 root      20   0 9226748 456468  28976 S 321.0   2.8  24:13.77 java
  41596 root      20   0 9226748 456468  28976 S 334.0   2.8  24:17.11 java
  41596 root      20   0 9226748 456468  28976 S 317.0   2.8  24:20.28 java
  41596 root      20   0 9226748 456468  28976 S 319.0   2.8  24:23.47 java
  41596 root      20   0 9226748 456700  28976 S 321.0   2.8  24:26.68 java
  41596 root      20   0 9226748 456700  28976 S 318.0   2.8  24:29.86 java
  41596 root      20   0 9226748 456700  28976 S 314.0   2.8  24:33.00 java
  41596 root      20   0 9226748 456700  28976 S 318.0   2.8  24:36.18 java
  41596 root      20   0 9226748 456700  28976 S 313.9   2.8  24:39.35 java
  41596 root      20   0 9226748 456700  28976 S 320.0   2.8  24:42.55 java
  41596 root      20   0 9226748 456700  28976 S 326.0   2.8  24:45.81 java
  41596 root      20   0 9226748 456700  28976 S 323.0   2.8  24:49.04 java
  41596 root      20   0 9226748 456700  28976 S 320.0   2.8  24:52.24 java
  41596 root      20   0 9226748 456700  28976 S 311.0   2.8  24:55.35 java
  41596 root      20   0 9226748 456700  28976 S 313.0   2.8  24:58.48 java
  41596 root      20   0 9226748 456700  28976 S 321.0   2.8  25:01.69 java
  41596 root      20   0 9226748 456700  28976 S 317.0   2.8  25:04.86 java
  41596 root      20   0 9226748 456700  28976 S 321.0   2.8  25:08.07 java
  41596 root      20   0 9226748 456916  28976 S 317.8   2.8  25:11.