  42465 root      20   0   13.6g 214004  28916 S 473.3   1.3   0:06.06 java
  42465 root      20   0   13.6g 269280  28916 S 396.0   1.7   0:10.06 java
  42465 root      20   0   13.6g 312388  28980 S 402.0   1.9   0:14.08 java
  42465 root      20   0   13.6g 313396  28980 S 399.0   1.9   0:18.07 java
  42465 root      20   0   13.6g 350632  28980 S 400.0   2.1   0:22.07 java
  42465 root      20   0   13.6g 426664  28980 S 399.0   2.6   0:26.06 java
  42465 root      20   0   13.6g 450096  28980 S 400.0   2.8   0:30.06 java
  42465 root      20   0   13.6g 457712  28980 S 400.0   2.8   0:34.06 java
  42465 root      20   0   13.6g 471332  28980 S 396.0   2.9   0:38.06 java
  42465 root      20   0   13.6g 514856  28980 S 400.0   3.2   0:42.06 java
  42465 root      20   0   13.6g 527648  28980 S 400.0   3.2   0:46.06 java
  42465 root      20   0   13.6g 533308  28980 S 399.0   3.3   0:50.05 java
  42465 root      20   0   13.6g 541152  28980 S 401.0   3.3   0:54.06 java
  42465 root      20   0   13.6g 553724  28980 S 400.0   3.4   0:58.06 java
  42465 root      20   0   13.6g 649216  28980 S 399.0   4.0   1:02.05 java
  42465 root      20   0   13.6g 647516  28980 S 401.0   4.0   1:06.06 java
  42465 root      20   0   13.6g 646116  28980 S 395.0   4.0   1:10.05 java
  42465 root      20   0   13.6g 647340  28980 S 401.0   4.0   1:14.06 java
  42465 root      20   0   13.6g 649504  28980 S 400.0   4.0   1:18.06 java
  42465 root      20   0   13.6g 650264  28980 S 400.0   4.0   1:22.06 java
  42465 root      20   0   13.6g 650748  28980 S 223.0   4.0   1:24.29 java
  42465 root      20   0   13.6g 650852  28980 S 100.0   4.0   1:25.29 java
  42465 root      20   0   13.6g 651104  29044 S 109.0   4.0   1:26.38 java
  42465 root      20   0   13.6g 651156  29044 S 103.0   4.0   1:27.41 java
  42465 root      20   0   13.6g 629832  29044 S 104.0   3.9   1:28.45 java
  42465 root      20   0   13.6g 629832  29044 S  99.0   3.9   1:29.45 java
  42465 root      20   0   13.6g 629832  29044 S 102.0   3.9   1:30.47 java
  42465 root      20   0   13.6g 629832  29044 S 102.0   3.9   1:31.49 java
  42465 root      20   0   13.6g 629832  29044 S 101.0   3.9   1:32.50 java
  42465 root      20   0   13.6g 629832  29044 S 103.0   3.9   1:33.53 java
  42465 root      20   0   13.6g 629832  29044 S  97.0   3.9   1:34.50 java
  42465 root      20   0   13.6g 629936  29044 S  99.0   3.9   1:35.49 java
  42465 root      20   0   13.6g 629936  29044 S 100.0   3.9   1:36.49 java
  42465 root      20   0   13.6g 629936  29044 S  97.0   3.9   1:37.46 java
  42465 root      20   0   13.6g 629936  29044 S  99.0   3.9   1:38.45 java
  42465 root      20   0   13.6g 630708  29044 S  99.0   3.9   1:39.45 java
  42465 root      20   0   13.6g 630708  29044 S  97.0   3.9   1:40.42 java
  42465 root      20   0   13.6g 631284  29044 S  99.0   3.9   1:41.41 java
  42465 root      20   0   13.6g 631284  29044 S  96.0   3.9   1:42.37 java
  42465 root      20   0   13.6g 631284  29044 S  96.0   3.9   1:43.33 java
  42465 root      20   0   13.6g 631284  29044 S  98.0   3.9   1:44.31 java
  42465 root      20   0   13.6g 631284  29044 S  96.0   3.9   1:45.27 java
  42465 root      20   0   13.6g 631448  29044 S  98.0   3.9   1:46.25 java
  42465 root      20   0   13.6g 631448  29044 S  95.0   3.9   1:47.20 java
  42465 root      20   0   13.6g 631448  29044 S  96.0   3.9   1:48.16 java
  42465 root      20   0   13.6g 631960  29044 S  97.0   3.9   1:49.14 java
  42465 root      20   0   13.6g 632228  29044 S  95.0   3.9   1:50.09 java
  42465 root      20   0   13.6g 632448  29044 S  96.0   3.9   1:51.05 java
  42465 root      20   0   13.6g 632492  29044 S  95.0   3.9   1:52.00 java
  42465 root      20   0   13.6g 632852  29044 S  96.0   3.9   1:52.96 java
  42465 root      20   0   13.6g 632900  29044 S  97.0   3.9   1:53.93 java
  42465 root      20   0   13.6g 633040  29044 S  94.0   3.9   1:54.87 java
  42465 root      20   0   13.6g 633520  29044 S  96.0   3.9   1:55.83 java
  42465 root      20   0   13.6g 633520  29044 S  96.0   3.9   1:56.