  42465 root      20   0   13.6g 658396  29044 S   0.0   4.0   3:04.23 java
  42465 root      20   0   13.6g 658636  29044 S 189.0   4.0   3:06.12 java
  42465 root      20   0   13.6g 658636  29044 S 180.0   4.0   3:07.92 java
  42465 root      20   0   13.6g 658636  29044 S 183.0   4.0   3:09.75 java
  42465 root      20   0   13.6g 658636  29044 S 183.0   4.0   3:11.58 java
  42465 root      20   0   13.6g 658636  29044 S 182.0   4.0   3:13.40 java
  42465 root      20   0   13.6g 658636  29044 S 183.0   4.0   3:15.23 java
  42465 root      20   0   13.6g 658636  29044 S 182.0   4.0   3:17.05 java
  42465 root      20   0   13.6g 658636  29044 S 184.0   4.0   3:18.89 java
  42465 root      20   0   13.6g 658636  29044 S 183.0   4.0   3:20.72 java
  42465 root      20   0   13.6g 658636  29044 S 182.2   4.0   3:22.56 java
  42465 root      20   0   13.6g 658636  29044 S 183.0   4.0   3:24.39 java
  42465 root      20   0   13.6g 658636  29044 S 185.0   4.0   3:26.24 java
  42465 root      20   0   13.6g 658636  29044 S 184.0   4.0   3:28.08 java
  42465 root      20   0   13.6g 658916  29044 S 183.0   4.0   3:29.91 java
  42465 root      20   0   13.6g 660360  29044 S 184.0   4.0   3:31.75 java
  42465 root      20   0   13.6g 660360  29044 S 183.0   4.0   3:33.58 java
  42465 root      20   0   13.6g 660360  29044 S 183.0   4.0   3:35.41 java
  42465 root      20   0   13.6g 660360  29044 S 182.0   4.0   3:37.23 java
  42465 root      20   0   13.6g 660360  29044 S 184.0   4.0   3:39.07 java
  42465 root      20   0   13.6g 660360  29044 S 180.2   4.0   3:40.89 java
  42465 root      20   0   13.6g 660360  29044 S 181.0   4.0   3:42.70 java
  42465 root      20   0   13.6g 660360  29044 S 182.0   4.0   3:44.52 java
  42465 root      20   0   13.6g 660592  29044 S 184.0   4.1   3:46.36 java
  42465 root      20   0   13.6g 660592  29044 S 183.0   4.1   3:48.19 java
  42465 root      20   0   13.6g 660592  29044 S 181.0   4.1   3:50.00 java
  42465 root      20   0   13.6g 660592  29044 S 183.0   4.1   3:51.83 java
  42465 root      20   0   13.6g 660592  29044 S 184.0   4.1   3:53.67 java
  42465 root      20   0   13.6g 660592  29044 S 183.0   4.1   3:55.50 java
  42465 root      20   0   13.6g 660592  29044 S 184.0   4.1   3:57.34 java
  42465 root      20   0   13.6g 660592  29044 S 180.2   4.1   3:59.16 java
  42465 root      20   0   13.6g 660592  29044 S 183.0   4.1   4:00.99 java
  42465 root      20   0   13.6g 660592  29044 S 183.0   4.1   4:02.82 java
  42465 root      20   0   13.6g 660592  29044 S 183.0   4.1   4:04.65 java
  42465 root      20   0   13.6g 660592  29044 S 181.0   4.1   4:06.46 java
  42465 root      20   0   13.6g 660592  29044 S 183.0   4.1   4:08.29 java
  42465 root      20   0   13.6g 661652  29044 S 183.0   4.1   4:10.12 java
  42465 root      20   0   13.6g 661652  29044 S 183.0   4.1   4:11.95 java
  42465 root      20   0   13.6g 661732  29044 S 182.0   4.1   4:13.77 java
  42465 root      20   0   13.6g 661732  29044 S 184.0   4.1   4:15.61 java
  42465 root      20   0   13.6g 661732  29044 S 181.2   4.1   4:17.44 java
  42465 root      20   0   13.6g 661732  29044 S 184.0   4.1   4:19.28 java
  42465 root      20   0   13.6g 661732  29044 S 183.0   4.1   4:21.11 java
  42465 root      20   0   13.6g 661732  29044 S 182.0   4.1   4:22.93 java
  42465 root      20   0   13.6g 661732  29044 S 182.0   4.1   4:24.75 java
  42465 root      20   0   13.6g 661732  29044 S 184.0   4.1   4:26.59 java
  42465 root      20   0   13.6g 662148  29044 S 184.0   4.1   4:28.43 java
  42465 root      20   0   13.6g 662148  29044 S 183.0   4.1   4:30.26 java
  42465 root      20   0   13.6g 662148  29044 S 181.0   4.1   4:32.07 java
  42465 root      20   0   13.6g 662148  29044 S 183.0   4.1   4:33.90 java
  42465 root      20   0   13.6g 662148  29044 S 181.2   4.1   4:35.73 java
  42465 root      20   0   13.6g 662148  29044 S 184.0   4.1   4:37.57 java
  42465 root      20   0   13.6g 662148  29044 S 184.0   4.1   4:39.41 java
  42465 root      20   0   13.6g 662148  29044 S 181.0   4.1   4:41.