  41596 root      20   0 9226748 457148  28976 S 166.7   2.8  25:33.57 java
  41596 root      20   0 9226748 457148  28976 S 309.9   2.8  25:36.70 java
  41596 root      20   0 9226748 457148  28976 S 347.0   2.8  25:40.17 java
  41596 root      20   0 9226748 457148  28976 S 347.0   2.8  25:43.64 java
  41596 root      20   0 9226748 457816  28976 S 350.0   2.8  25:47.14 java
  41596 root      20   0 9226748 457816  28976 S 346.0   2.8  25:50.60 java
  41596 root      20   0 9226748 457816  28976 S 346.0   2.8  25:54.06 java
  41596 root      20   0 9226748 457816  28976 S 346.0   2.8  25:57.52 java
  41596 root      20   0 9226748 457816  28976 S 352.0   2.8  26:01.04 java
  41596 root      20   0 9226748 457816  28976 S 344.0   2.8  26:04.48 java
  41596 root      20   0 9226748 457816  28976 S 345.0   2.8  26:07.93 java
  41596 root      20   0 9226748 457816  28976 S 344.6   2.8  26:11.41 java
  41596 root      20   0 9226748 457816  28976 S 345.0   2.8  26:14.86 java
  41596 root      20   0 9226748 457816  28976 S 348.0   2.8  26:18.34 java
  41596 root      20   0 9226748 457816  28976 S 349.0   2.8  26:21.83 java
  41596 root      20   0 9226748 457816  28976 S 347.0   2.8  26:25.30 java
  41596 root      20   0 9226748 457816  28976 S 338.0   2.8  26:28.68 java
  41596 root      20   0 9226748 457816  28976 S 346.0   2.8  26:32.14 java
  41596 root      20   0 9226748 457816  28976 S 340.0   2.8  26:35.54 java
  41596 root      20   0 9226748 457816  28976 S 349.0   2.8  26:39.03 java
  41596 root      20   0 9226748 457816  28976 S 350.0   2.8  26:42.53 java
  41596 root      20   0 9226748 457816  28976 S 341.6   2.8  26:45.98 java
  41596 root      20   0 9226748 457816  28976 S 348.0   2.8  26:49.46 java
  41596 root      20   0 9226748 457816  28976 S 351.0   2.8  26:52.97 java
  41596 root      20   0 9226748 457816  28976 S 342.0   2.8  26:56.39 java
  41596 root      20   0 9226748 457816  28976 S 349.0   2.8  26:59.88 java
  41596 root      20   0 9226748 457816  28976 S 348.0   2.8  27:03.36 java
  41596 root      20   0 9226748 457816  28976 S 341.0   2.8  27:06.77 java
  41596 root      20   0 9226748 457816  28976 S 345.0   2.8  27:10.22 java
  41596 root      20   0 9226748 457816  28976 S 352.0   2.8  27:13.74 java
  41596 root      20   0 9226748 457816  28976 S 349.0   2.8  27:17.23 java
  41596 root      20   0 9226748 457816  28976 S 347.5   2.8  27:20.74 java
  41596 root      20   0 9226748 457816  28976 S 353.0   2.8  27:24.27 java
  41596 root      20   0 9226748 457816  28976 S 348.0   2.8  27:27.75 java
  41596 root      20   0 9226748 457816  28976 S 352.0   2.8  27:31.27 java
  41596 root      20   0 9226748 457816  28976 S 349.0   2.8  27:34.76 java
  41596 root      20   0 9226748 457816  28976 S 352.0   2.8  27:38.28 java
  41596 root      20   0 9226748 457816  28976 S 349.0   2.8  27:41.77 java
  41596 root      20   0 9226748 457816  28976 S 346.0   2.8  27:45.23 java
  41596 root      20   0 9226748 457816  28976 S 345.0   2.8  27:48.68 java
  41596 root      20   0 9226748 457816  28976 S 358.0   2.8  27:52.26 java
  41596 root      20   0 9226748 457816  28976 S 344.6   2.8  27:55.74 java
  41596 root      20   0 9226748 457816  28976 S 346.0   2.8  27:59.20 java
  41596 root      20   0 9226748 458040  28976 S 349.0   2.8  28:02.69 java
  41596 root      20   0 9226748 458040  28976 S 346.0   2.8  28:06.15 java
  41596 root      20   0 9226748 458040  28976 S 349.0   2.8  28:09.64 java
  41596 root      20   0 9226748 458040  28976 S 343.0   2.8  28:13.07 java
  41596 root      20   0 9226748 458040  28976 S 346.0   2.8  28:16.53 java
  41596 root      20   0 9226748 458040  28976 S 345.0   2.8  28:19.98 java
  41596 root      20   0 9226748 458040  28976 S 345.0   2.8  28:23.43 java
  41596 root      20   0 9226748 458040  28976 S 350.0   2.8  28:26.93 java
  41596 root      20   0 9226748 458040  28976 S 340.6   2.8  28:30.37 java
  41596 root      20   0 9226748 458040  28976 S 342.0   2.8  28:33.79 java
  41596 root      20   0 9226748 458040  28976 S 354.0   2.8  28:37.