  42465 root      20   0   13.6g 690228  29044 S   0.0   4.2  20:17.66 java
  42465 root      20   0   13.6g 690228  29044 S 391.0   4.2  20:21.57 java
  42465 root      20   0   13.6g 690228  29044 S 399.0   4.2  20:25.56 java
  42465 root      20   0   13.6g 690228  29044 S 404.0   4.2  20:29.60 java
  42465 root      20   0   13.6g 690228  29044 S 399.0   4.2  20:33.59 java
  42465 root      20   0   13.6g 690228  29044 S 401.0   4.2  20:37.60 java
  42465 root      20   0   13.6g 690228  29044 S 400.0   4.2  20:41.60 java
  42465 root      20   0   13.6g 690520  29044 S 396.0   4.2  20:45.60 java
  42465 root      20   0   13.6g 690520  29044 S 403.0   4.2  20:49.63 java
  42465 root      20   0   13.6g 690520  29044 S 401.0   4.2  20:53.64 java
  42465 root      20   0   13.6g 690520  29044 S 401.0   4.2  20:57.65 java
  42465 root      20   0   13.6g 690520  29044 S 400.0   4.2  21:01.65 java
  42465 root      20   0   13.6g 690520  29044 S 399.0   4.2  21:05.64 java
  42465 root      20   0   13.6g 690520  29044 S 406.0   4.2  21:09.70 java
  42465 root      20   0   13.6g 690520  29044 S 400.0   4.2  21:13.70 java
  42465 root      20   0   13.6g 690520  29044 S 399.0   4.2  21:17.69 java
  42465 root      20   0   13.6g 690520  29044 S 400.0   4.2  21:21.69 java
  42465 root      20   0   13.6g 690712  29044 S 399.0   4.2  21:25.72 java
  42465 root      20   0   13.6g 690712  29044 S 401.0   4.2  21:29.73 java
  42465 root      20   0   13.6g 690712  29044 S 398.0   4.2  21:33.71 java
  42465 root      20   0   13.6g 690712  29044 S 398.0   4.2  21:37.69 java
  42465 root      20   0   13.6g 690948  29044 S 402.0   4.2  21:41.71 java
  42465 root      20   0   13.6g 690948  29044 S 402.0   4.2  21:45.73 java
  42465 root      20   0   13.6g 690948  29044 S 399.0   4.2  21:49.72 java
  42465 root      20   0   13.6g 690948  29044 S 402.0   4.2  21:53.74 java
  42465 root      20   0   13.6g 690948  29044 S 400.0   4.2  21:57.74 java
  42465 root      20   0   13.6g 691408  29044 S 397.0   4.2  22:01.71 java
  42465 root      20   0   13.6g 691408  29044 S 398.0   4.2  22:05.73 java
  42465 root      20   0   13.6g 691408  29044 S 401.0   4.2  22:09.74 java
  42465 root      20   0   13.6g 691408  29044 S 402.0   4.2  22:13.76 java
  42465 root      20   0   13.6g 691684  29044 S 399.0   4.2  22:17.75 java
  42465 root      20   0   13.6g 691684  29044 S 402.0   4.2  22:21.77 java
  42465 root      20   0   13.6g 691684  29044 S 399.0   4.2  22:25.76 java
  42465 root      20   0   13.6g 691684  29044 S 402.0   4.2  22:29.78 java
  42465 root      20   0   13.6g 691684  29044 S 398.0   4.2  22:33.76 java
  42465 root      20   0   13.6g 691684  29044 S 401.0   4.2  22:37.77 java
  42465 root      20   0   13.6g 691684  29044 S 401.0   4.2  22:41.78 java
  42465 root      20   0   13.6g 691684  29044 S 401.0   4.2  22:45.83 java
  42465 root      20   0   13.6g 691684  29044 S 399.0   4.2  22:49.82 java
  42465 root      20   0   13.6g 691932  29044 S 395.0   4.2  22:53.77 java
  42465 root      20   0   13.6g 691932  29044 S 400.0   4.2  22:57.77 java
  42465 root      20   0   13.6g 691932  29044 S 405.0   4.2  23:01.82 java
  42465 root      20   0   13.6g 691932  29044 S 397.0   4.2  23:05.79 java
  42465 root      20   0   13.6g 691932  29044 S 402.0   4.2  23:09.81 java
  42465 root      20   0   13.6g 692064  29044 S 402.0   4.2  23:13.83 java
  42465 root      20   0   13.6g 692064  29044 S 399.0   4.2  23:17.82 java
  42465 root      20   0   13.6g 692064  29044 S 397.0   4.2  23:21.79 java
  42465 root      20   0   13.6g 692256  29044 S 397.0   4.2  23:25.80 java
  42465 root      20   0   13.6g 692256  29044 S 404.0   4.2  23:29.84 java
  42465 root      20   0   13.6g 692256  29044 S 399.0   4.2  23:33.83 java
  42465 root      20   0   13.6g 692256  29044 S 400.0   4.2  23:37.83 java
  42465 root      20   0   13.6g 692408  29044 S 400.0   4.2  23:41.83 java
  42465 root      20   0   13.6g 692408  29044 S 400.0   4.2  23:45.83 java
  42465 root      20   0   13.6g 692408  29044 S 400.0   4.2  23:49.