Running 1m test @ http://erik-pc.local:8080/fruits
  4 threads and 100 connections
  Thread calibration: mean lat.: 1.512ms, rate sampling interval: 10ms
  Thread calibration: mean lat.: 1.535ms, rate sampling interval: 10ms
  Thread calibration: mean lat.: 1.449ms, rate sampling interval: 10ms
  Thread calibration: mean lat.: 1.631ms, rate sampling interval: 10ms
  Thread Stats   Avg      Stdev     Max   +/- Stdev
    Latency     1.58ms  669.34us   8.60ms   66.51%
    Req/Sec     6.59k   527.16     9.33k    72.62%
  Latency Distribution (HdrHistogram - Recorded Latency)
 50.000%    1.51ms
 75.000%    1.97ms
 90.000%    2.53ms
 99.000%    3.36ms
 99.900%    4.38ms
 99.990%    5.76ms
 99.999%    7.05ms
100.000%    8.61ms

  Detailed Percentile spectrum:
       Value   Percentile   TotalCount 1/(1-Percentile)

       0.323     0.000000            1         1.00
       0.782     0.100000       125177         1.11
       0.955     0.200000       250051         1.25
       1.137     0.300000       374304         1.43
       1.323     0.400000       498737         1.67
       1.506     0.500000       623434         2.00
       1.590     0.550000       686225         2.22
       1.674     0.600000       748270         2.50
       1.762     0.650000       810701         2.86
       1.858     0.700000       873032         3.33
       1.973     0.750000       935369         4.00
       2.046     0.775000       966505         4.44
       2.125     0.800000       997688         5.00
       2.207     0.825000      1028935         5.71
       2.299     0.850000      1060022         6.67
       2.407     0.875000      1091385         8.00
       2.467     0.887500      1107042         8.89
       2.525     0.900000      1122481        10.00
       2.587     0.912500      1138149        11.43
       2.653     0.925000      1153548        13.33
       2.723     0.937500      1168975        16.00
       2.761     0.943750      1176820        17.78
       2.803     0.950000      1184790        20.00
       2.849     0.956250      1192603        22.86
       2.903     0.962500      1200358        26.67
       2.967     0.968750      1208100        32.00
       3.005     0.971875      1211871        35.56
       3.049     0.975000      1215718        40.00
       3.095     0.978125      1219709        45.71
       3.145     0.981250      1223608        53.33
       3.201     0.984375      1227374        64.00
       3.235     0.985938      1229338        71.11
       3.275     0.987500      1231274        80.00
       3.323     0.989062      1233254        91.43
       3.381     0.990625      1235173       106.67
       3.463     0.992188      1237141       128.00
       3.507     0.992969      1238102       142.22
       3.555     0.993750      1239053       160.00
       3.613     0.994531      1240045       182.86
       3.679     0.995313      1241021       213.33
       3.753     0.996094      1241973       256.00
       3.795     0.996484      1242468       284.44
       3.845     0.996875      1242957       320.00
       3.899     0.997266      1243438       365.71
       3.969     0.997656      1243927       426.67
       4.061     0.998047      1244414       512.00
       4.115     0.998242      1244658       568.89
       4.171     0.998437      1244898       640.00
       4.227     0.998633      1245148       731.43
       4.299     0.998828      1245382       853.33
       4.399     0.999023      1245628      1024.00
       4.459     0.999121      1245747      1137.78
       4.519     0.999219      1245873      1280.00
       4.595     0.999316      1245990      1462.86
       4.683     0.999414      1246117      1706.67
       4.807     0.999512      1246235      2048.00
       4.863     0.999561      1246298      2275.56
       4.927     0.999609      1246357      2560.00
       5.007     0.999658      1246418      2925.71
       5.123     0.999707      1246477      3413.33
       5.243     0.999756      1246539      4096.00
       5.303     0.999780      1246569      4551.11
       5.363     0.999805      1246599      5120.00
       5.459     0.999829      1246633      5851.43
       5.571     0.999854      1246661      6826.67
       5.655     0.999878      1246691      8192.00
       5.735     0.999890      1246707      9102.22
       5.783     0.999902      1246721     10240.00
       5.839     0.999915      1246736     11702.86
       5.899     0.999927      1246751     13653.33
       6.011     0.999939      1246767     16384.00
       6.083     0.999945      1246774     18204.44
       6.135     0.999951      1246782     20480.00
       6.219     0.999957      1246789     23405.71
       6.323     0.999963      1246798     27306.67
       6.399     0.999969      1246804     32768.00
       6.499     0.999973      1246808     36408.89
       6.555     0.999976      1246812     40960.00
       6.659     0.999979      1246816     46811.43
       6.707     0.999982      1246820     54613.33
       6.827     0.999985      1246823     65536.00
       6.883     0.999986      1246825     72817.78
       6.971     0.999988      1246827     81920.00
       6.995     0.999989      1246829     93622.86
       7.135     0.999991      1246831    109226.67
       7.235     0.999992      1246834    131072.00
       7.235     0.999993      1246834    145635.56
       7.475     0.999994      1246835    163840.00
       7.487     0.999995      1246836    187245.71
       7.627     0.999995      1246837    218453.33
       7.639     0.999996      1246838    262144.00
       7.639     0.999997      1246838    291271.11
       7.691     0.999997      1246839    327680.00
       7.691     0.999997      1246839    374491.43
       7.959     0.999998      1246840    436906.67
       7.959     0.999998      1246840    524288.00
       7.959     0.999998      1246840    582542.22
       8.607     0.999998      1246842    655360.00
       8.607     1.000000      1246842          inf
#[Mean    =        1.578, StdDeviation   =        0.669]
#[Max     =        8.600, Total count    =      1246842]
#[Buckets =           27, SubBuckets     =         2048]
----------------------------------------------------------
  1498485 requests in 1.00m, 242.94MB read
Requests/sec:  24974.56
Transfer/sec:      4.05MB
