Running 1m test @ http://erik-pc.local:8080/fruits
  4 threads and 100 connections
  Thread calibration: mean lat.: 2.048ms, rate sampling interval: 10ms
  Thread calibration: mean lat.: 2.237ms, rate sampling interval: 10ms
  Thread calibration: mean lat.: 2.153ms, rate sampling interval: 10ms
  Thread calibration: mean lat.: 1.606ms, rate sampling interval: 10ms
  Thread Stats   Avg      Stdev     Max   +/- Stdev
    Latency     1.99ms  793.44us   8.82ms   67.28%
    Req/Sec     5.28k   705.87     8.33k    73.51%
  Latency Distribution (HdrHistogram - Recorded Latency)
 50.000%    1.88ms
 75.000%    2.51ms
 90.000%    3.11ms
 99.000%    4.01ms
 99.900%    4.91ms
 99.990%    5.99ms
 99.999%    7.49ms
100.000%    8.82ms

  Detailed Percentile spectrum:
       Value   Percentile   TotalCount 1/(1-Percentile)

       0.338     0.000000            1         1.00
       1.049     0.100000        99868         1.11
       1.293     0.200000       199601         1.25
       1.486     0.300000       299750         1.43
       1.676     0.400000       399328         1.67
       1.880     0.500000       499068         2.00
       1.989     0.550000       548985         2.22
       2.105     0.600000       599104         2.50
       2.227     0.650000       648615         2.86
       2.359     0.700000       698378         3.33
       2.509     0.750000       748208         4.00
       2.593     0.775000       773597         4.44
       2.679     0.800000       798224         5.00
       2.773     0.825000       823250         5.71
       2.875     0.850000       848018         6.67
       2.985     0.875000       873038         8.00
       3.045     0.887500       885573         8.89
       3.109     0.900000       897755        10.00
       3.179     0.912500       910243        11.43
       3.257     0.925000       922739        13.33
       3.345     0.937500       935221        16.00
       3.393     0.943750       941534        17.78
       3.445     0.950000       947804        20.00
       3.503     0.956250       953970        22.86
       3.565     0.962500       960147        26.67
       3.637     0.968750       966504        32.00
       3.675     0.971875       969518        35.56
       3.717     0.975000       972605        40.00
       3.763     0.978125       975711        45.71
       3.815     0.981250       978806        53.33
       3.873     0.984375       981918        64.00
       3.907     0.985938       983536        71.11
       3.941     0.987500       985085        80.00
       3.981     0.989062       986613        91.43
       4.027     0.990625       988149       106.67
       4.083     0.992188       989733       128.00
       4.115     0.992969       990509       142.22
       4.155     0.993750       991331       160.00
       4.199     0.994531       992060       182.86
       4.259     0.995313       992868       213.33
       4.327     0.996094       993645       256.00
       4.363     0.996484       994003       284.44
       4.407     0.996875       994413       320.00
       4.455     0.997266       994789       365.71
       4.515     0.997656       995173       426.67
       4.591     0.998047       995553       512.00
       4.639     0.998242       995752       568.89
       4.699     0.998437       995948       640.00
       4.759     0.998633       996139       731.43
       4.831     0.998828       996336       853.33
       4.915     0.999023       996528      1024.00
       4.967     0.999121       996623      1137.78
       5.019     0.999219       996725      1280.00
       5.079     0.999316       996819      1462.86
       5.155     0.999414       996916      1706.67
       5.239     0.999512       997016      2048.00
       5.279     0.999561       997064      2275.56
       5.335     0.999609       997111      2560.00
       5.399     0.999658       997159      2925.71
       5.467     0.999707       997208      3413.33
       5.547     0.999756       997257      4096.00
       5.599     0.999780       997281      4551.11
       5.659     0.999805       997307      5120.00
       5.739     0.999829       997332      5851.43
       5.811     0.999854       997353      6826.67
       5.895     0.999878       997379      8192.00
       5.943     0.999890       997391      9102.22
       6.047     0.999902       997402     10240.00
       6.159     0.999915       997414     11702.86
       6.247     0.999927       997426     13653.33
       6.371     0.999939       997439     16384.00
       6.419     0.999945       997445     18204.44
       6.535     0.999951       997451     20480.00
       6.623     0.999957       997457     23405.71
       6.743     0.999963       997464     27306.67
       6.907     0.999969       997469     32768.00
       6.987     0.999973       997472     36408.89
       7.031     0.999976       997475     40960.00
       7.139     0.999979       997478     46811.43
       7.211     0.999982       997481     54613.33
       7.311     0.999985       997484     65536.00
       7.387     0.999986       997486     72817.78
       7.399     0.999988       997487     81920.00
       7.491     0.999989       997489     93622.86
       7.711     0.999991       997490    109226.67
       7.827     0.999992       997492    131072.00
       7.859     0.999993       997493    145635.56
       7.859     0.999994       997493    163840.00
       7.943     0.999995       997494    187245.71
       8.175     0.999995       997495    218453.33
       8.279     0.999996       997496    262144.00
       8.279     0.999997       997496    291271.11
       8.279     0.999997       997496    327680.00
       8.519     0.999997       997497    374491.43
       8.519     0.999998       997497    436906.67
       8.759     0.999998       997498    524288.00
       8.759     0.999998       997498    582542.22
       8.759     0.999998       997498    655360.00
       8.759     0.999999       997498    748982.86
       8.759     0.999999       997498    873813.33
       8.823     0.999999       997499   1048576.00
       8.823     1.000000       997499          inf
#[Mean    =        1.992, StdDeviation   =        0.793]
#[Max     =        8.816, Total count    =       997499]
#[Buckets =           27, SubBuckets     =         2048]
----------------------------------------------------------
  1194109 requests in 1.00m, 193.59MB read
Requests/sec:  19901.64
Transfer/sec:      3.23MB
