Running 1m test @ http://erik-pc.local:8080/fruits
  4 threads and 100 connections
  Thread calibration: mean lat.: 146.498ms, rate sampling interval: 603ms
  Thread calibration: mean lat.: 281.856ms, rate sampling interval: 1090ms
  Thread calibration: mean lat.: 271.602ms, rate sampling interval: 1112ms
  Thread calibration: mean lat.: 282.947ms, rate sampling interval: 993ms
  Thread Stats   Avg      Stdev     Max   +/- Stdev
    Latency     1.44s   661.37ms   3.91s    65.58%
    Req/Sec     6.51k   413.98     7.53k    68.33%
  Latency Distribution (HdrHistogram - Recorded Latency)
 50.000%    1.41s 
 75.000%    1.90s 
 90.000%    2.35s 
 99.000%    3.03s 
 99.900%    3.59s 
 99.990%    3.86s 
 99.999%    3.90s 
100.000%    3.91s 

  Detailed Percentile spectrum:
       Value   Percentile   TotalCount 1/(1-Percentile)

      12.311     0.000000            1         1.00
     589.823     0.100000       129868         1.11
     831.999     0.200000       259605         1.25
    1038.847     0.300000       389353         1.43
    1220.607     0.400000       519041         1.67
    1412.095     0.500000       648622         2.00
    1509.375     0.550000       713501         2.22
    1595.391     0.600000       778303         2.50
    1694.719     0.650000       843560         2.86
    1795.071     0.700000       907906         3.33
    1896.447     0.750000       972766         4.00
    1954.815     0.775000      1005340         4.44
    2010.111     0.800000      1037570         5.00
    2074.623     0.825000      1070234         5.71
    2150.399     0.850000      1103000         6.67
    2244.607     0.875000      1135428         8.00
    2295.807     0.887500      1151613         8.89
    2347.007     0.900000      1167791        10.00
    2398.207     0.912500      1184032        11.43
    2457.599     0.925000      1199697        13.33
    2529.279     0.937500      1216360        16.00
    2562.047     0.943750      1224057        17.78
    2596.863     0.950000      1232454        20.00
    2631.679     0.956250      1240641        22.86
    2670.591     0.962500      1248404        26.67
    2715.647     0.968750      1256721        32.00
    2736.127     0.971875      1260657        35.56
    2758.655     0.975000      1264589        40.00
    2787.327     0.978125      1268721        45.71
    2828.287     0.981250      1272665        53.33
    2887.679     0.984375      1276815        64.00
    2916.351     0.985938      1278836        71.11
    2949.119     0.987500      1280777        80.00
    2994.175     0.989062      1282810        91.43
    3051.519     0.990625      1284786       106.67
    3145.727     0.992188      1286821       128.00
    3194.879     0.992969      1287849       142.22
    3237.887     0.993750      1288840       160.00
    3276.799     0.994531      1289877       182.86
    3303.423     0.995313      1290909       213.33
    3332.095     0.996094      1291936       256.00
    3346.431     0.996484      1292412       284.44
    3362.815     0.996875      1292907       320.00
    3381.247     0.997266      1293415       365.71
    3405.823     0.997656      1293922       426.67
    3459.071     0.998047      1294427       512.00
    3481.599     0.998242      1294684       568.89
    3502.079     0.998437      1294932       640.00
    3528.703     0.998633      1295179       731.43
    3559.423     0.998828      1295420       853.33
    3596.287     0.999023      1295687      1024.00
    3614.719     0.999121      1295807      1137.78
    3633.151     0.999219      1295929      1280.00
    3651.583     0.999316      1296053      1462.86
    3674.111     0.999414      1296180      1706.67
    3723.263     0.999512      1296306      2048.00
    3735.551     0.999561      1296370      2275.56
    3745.791     0.999609      1296438      2560.00
    3753.983     0.999658      1296498      2925.71
    3762.175     0.999707      1296566      3413.33
    3772.415     0.999756      1296631      4096.00
    3776.511     0.999780      1296656      4551.11
    3782.655     0.999805      1296687      5120.00
    3794.943     0.999829      1296717      5851.43
    3842.047     0.999854      1296751      6826.67
    3856.383     0.999878      1296782      8192.00
    3862.527     0.999890      1296803      9102.22
    3866.623     0.999902      1296818     10240.00
    3870.719     0.999915      1296833     11702.86
    3874.815     0.999927      1296857     13653.33
    3876.863     0.999939      1296863     16384.00
    3880.959     0.999945      1296872     18204.44
    3883.007     0.999951      1296878     20480.00
    3885.055     0.999957      1296883     23405.71
    3889.151     0.999963      1296895     27306.67
    3891.199     0.999969      1296901     32768.00
    3893.247     0.999973      1296907     36408.89
    3893.247     0.999976      1296907     40960.00
    3895.295     0.999979      1296915     46811.43
    3895.295     0.999982      1296915     54613.33
    3897.343     0.999985      1296920     65536.00
    3899.391     0.999986      1296923     72817.78
    3899.391     0.999988      1296923     81920.00
    3901.439     0.999989      1296925     93622.86
    3903.487     0.999991      1296927    109226.67
    3905.535     0.999992      1296929    131072.00
    3907.583     0.999993      1296931    145635.56
    3907.583     0.999994      1296931    163840.00
    3909.631     0.999995      1296934    187245.71
    3909.631     0.999995      1296934    218453.33
    3909.631     0.999996      1296934    262144.00
    3909.631     0.999997      1296934    291271.11
    3911.679     0.999997      1296937    327680.00
    3911.679     0.999997      1296937    374491.43
    3911.679     0.999998      1296937    436906.67
    3911.679     0.999998      1296937    524288.00
    3911.679     0.999998      1296937    582542.22
    3911.679     0.999998      1296937    655360.00
    3911.679     0.999999      1296937    748982.86
    3911.679     0.999999      1296937    873813.33
    3911.679     0.999999      1296937   1048576.00
    3911.679     0.999999      1296937   1165084.44
    3913.727     0.999999      1296938   1310720.00
    3913.727     1.000000      1296938          inf
#[Mean    =     1442.003, StdDeviation   =      661.366]
#[Max     =     3911.680, Total count    =      1296938]
#[Buckets =           27, SubBuckets     =         2048]
----------------------------------------------------------
  1555643 requests in 1.00m, 252.21MB read
Requests/sec:  25909.33
Transfer/sec:      4.20MB
