Running 1m test @ http://erik-pc.local:8080/fruits
  4 threads and 100 connections
  Thread calibration: mean lat.: 1.998ms, rate sampling interval: 10ms
  Thread calibration: mean lat.: 1.992ms, rate sampling interval: 10ms
  Thread calibration: mean lat.: 2.146ms, rate sampling interval: 10ms
  Thread calibration: mean lat.: 1.727ms, rate sampling interval: 10ms
  Thread Stats   Avg      Stdev     Max   +/- Stdev
    Latency     1.98ms  849.98us  11.45ms   68.06%
    Req/Sec     5.28k   807.33     8.56k    72.99%
  Latency Distribution (HdrHistogram - Recorded Latency)
 50.000%    1.80ms
 75.000%    2.56ms
 90.000%    3.16ms
 99.000%    3.97ms
 99.900%    7.48ms
 99.990%    9.16ms
 99.999%   10.01ms
100.000%   11.45ms

  Detailed Percentile spectrum:
       Value   Percentile   TotalCount 1/(1-Percentile)

       0.378     0.000000            1         1.00
       1.024     0.100000       100051         1.11
       1.258     0.200000       199759         1.25
       1.439     0.300000       299771         1.43
       1.609     0.400000       399408         1.67
       1.800     0.500000       498769         2.00
       1.914     0.550000       548926         2.22
       2.043     0.600000       598756         2.50
       2.189     0.650000       648728         2.86
       2.357     0.700000       698274         3.33
       2.555     0.750000       748332         4.00
       2.657     0.775000       773273         4.44
       2.757     0.800000       798362         5.00
       2.853     0.825000       823371         5.71
       2.949     0.850000       848201         6.67
       3.047     0.875000       872990         8.00
       3.101     0.887500       885649         8.89
       3.157     0.900000       898104        10.00
       3.213     0.912500       910359        11.43
       3.275     0.925000       922729        13.33
       3.349     0.937500       935251        16.00
       3.389     0.943750       941526        17.78
       3.433     0.950000       947635        20.00
       3.483     0.956250       954025        22.86
       3.537     0.962500       960225        26.67
       3.601     0.968750       966467        32.00
       3.635     0.971875       969579        35.56
       3.673     0.975000       972586        40.00
       3.717     0.978125       975757        45.71
       3.767     0.981250       978807        53.33
       3.825     0.984375       981957        64.00
       3.859     0.985938       983490        71.11
       3.897     0.987500       985082        80.00
       3.941     0.989062       986616        91.43
       3.999     0.990625       988187       106.67
       4.075     0.992188       989719       128.00
       4.127     0.992969       990514       142.22
       4.191     0.993750       991297       160.00
       4.275     0.994531       992056       182.86
       4.403     0.995313       992845       213.33
       4.583     0.996094       993605       256.00
       4.735     0.996484       993996       284.44
       4.931     0.996875       994391       320.00
       5.223     0.997266       994773       365.71
       5.847     0.997656       995163       426.67
       6.467     0.998047       995553       512.00
       6.707     0.998242       995749       568.89
       6.915     0.998437       995946       640.00
       7.107     0.998633       996140       731.43
       7.299     0.998828       996337       853.33
       7.499     0.999023       996526      1024.00
       7.607     0.999121       996625      1137.78
       7.731     0.999219       996722      1280.00
       7.891     0.999316       996820      1462.86
       8.031     0.999414       996919      1706.67
       8.215     0.999512       997013      2048.00
       8.319     0.999561       997063      2275.56
       8.415     0.999609       997111      2560.00
       8.535     0.999658       997162      2925.71
       8.687     0.999707       997214      3413.33
       8.799     0.999756       997258      4096.00
       8.855     0.999780       997283      4551.11
       8.911     0.999805       997308      5120.00
       8.967     0.999829       997330      5851.43
       9.031     0.999854       997357      6826.67
       9.103     0.999878       997380      8192.00
       9.135     0.999890       997391      9102.22
       9.175     0.999902       997405     10240.00
       9.255     0.999915       997416     11702.86
       9.295     0.999927       997427     13653.33
       9.407     0.999939       997440     16384.00
       9.439     0.999945       997447     18204.44
       9.511     0.999951       997454     20480.00
       9.535     0.999957       997458     23405.71
       9.591     0.999963       997464     27306.67
       9.655     0.999969       997470     32768.00
       9.687     0.999973       997473     36408.89
       9.711     0.999976       997478     40960.00
       9.719     0.999979       997480     46811.43
       9.807     0.999982       997482     54613.33
       9.823     0.999985       997485     65536.00
       9.863     0.999986       997487     72817.78
       9.951     0.999988       997488     81920.00
      10.007     0.999989       997491     93622.86
      10.007     0.999991       997491    109226.67
      10.119     0.999992       997494    131072.00
      10.119     0.999993       997494    145635.56
      10.119     0.999994       997494    163840.00
      10.127     0.999995       997495    187245.71
      10.255     0.999995       997496    218453.33
      10.431     0.999996       997497    262144.00
      10.431     0.999997       997497    291271.11
      10.431     0.999997       997497    327680.00
      11.199     0.999997       997498    374491.43
      11.199     0.999998       997498    436906.67
      11.271     0.999998       997499    524288.00
      11.271     0.999998       997499    582542.22
      11.271     0.999998       997499    655360.00
      11.271     0.999999       997499    748982.86
      11.271     0.999999       997499    873813.33
      11.455     0.999999       997500   1048576.00
      11.455     1.000000       997500          inf
#[Mean    =        1.977, StdDeviation   =        0.850]
#[Max     =       11.448, Total count    =       997500]
#[Buckets =           27, SubBuckets     =         2048]
----------------------------------------------------------
  1198818 requests in 1.00m, 194.36MB read
Requests/sec:  19979.61
Transfer/sec:      3.24MB
