Running 1m test @ http://erik-pc.local:8080/fruits
  4 threads and 100 connections
  Thread calibration: mean lat.: 2.063ms, rate sampling interval: 10ms
  Thread calibration: mean lat.: 1.982ms, rate sampling interval: 10ms
  Thread calibration: mean lat.: 2.020ms, rate sampling interval: 10ms
  Thread calibration: mean lat.: 1.998ms, rate sampling interval: 10ms
  Thread Stats   Avg      Stdev     Max   +/- Stdev
    Latency     2.02ms  575.78us   5.24ms   66.11%
    Req/Sec     2.64k   275.45     4.00k    76.42%
  Latency Distribution (HdrHistogram - Recorded Latency)
 50.000%    2.07ms
 75.000%    2.44ms
 90.000%    2.72ms
 99.000%    3.21ms
 99.900%    3.83ms
 99.990%    4.41ms
 99.999%    4.97ms
100.000%    5.25ms

  Detailed Percentile spectrum:
       Value   Percentile   TotalCount 1/(1-Percentile)

       0.534     0.000000            1         1.00
       1.201     0.100000        49905         1.11
       1.489     0.200000        99913         1.25
       1.718     0.300000       149780         1.43
       1.907     0.400000       199567         1.67
       2.071     0.500000       249878         2.00
       2.145     0.550000       274349         2.22
       2.219     0.600000       299427         2.50
       2.293     0.650000       324796         2.86
       2.365     0.700000       349593         3.33
       2.439     0.750000       374505         4.00
       2.479     0.775000       387108         4.44
       2.519     0.800000       399069         5.00
       2.563     0.825000       411781         5.71
       2.611     0.850000       424436         6.67
       2.661     0.875000       436544         8.00
       2.689     0.887500       442795         8.89
       2.721     0.900000       449237        10.00
       2.755     0.912500       455271        11.43
       2.791     0.925000       461370        13.33
       2.833     0.937500       467627        16.00
       2.857     0.943750       470742        17.78
       2.883     0.950000       473965        20.00
       2.911     0.956250       477008        22.86
       2.943     0.962500       480097        26.67
       2.979     0.968750       483189        32.00
       2.999     0.971875       484729        35.56
       3.023     0.975000       486359        40.00
       3.049     0.978125       487886        45.71
       3.079     0.981250       489411        53.33
       3.117     0.984375       491017        64.00
       3.137     0.985938       491808        71.11
       3.161     0.987500       492533        80.00
       3.189     0.989062       493293        91.43
       3.221     0.990625       494096       106.67
       3.259     0.992188       494879       128.00
       3.281     0.992969       495250       142.22
       3.307     0.993750       495647       160.00
       3.337     0.994531       496039       182.86
       3.373     0.995313       496420       213.33
       3.421     0.996094       496801       256.00
       3.451     0.996484       497011       284.44
       3.479     0.996875       497193       320.00
       3.517     0.997266       497385       365.71
       3.563     0.997656       497580       426.67
       3.629     0.998047       497778       512.00
       3.659     0.998242       497877       568.89
       3.691     0.998437       497970       640.00
       3.733     0.998633       498070       731.43
       3.781     0.998828       498167       853.33
       3.833     0.999023       498262      1024.00
       3.865     0.999121       498311      1137.78
       3.901     0.999219       498359      1280.00
       3.943     0.999316       498412      1462.86
       3.975     0.999414       498457      1706.67
       4.011     0.999512       498510      2048.00
       4.031     0.999561       498530      2275.56
       4.065     0.999609       498554      2560.00
       4.095     0.999658       498582      2925.71
       4.123     0.999707       498603      3413.33
       4.179     0.999756       498630      4096.00
       4.195     0.999780       498639      4551.11
       4.223     0.999805       498651      5120.00
       4.251     0.999829       498664      5851.43
       4.315     0.999854       498675      6826.67
       4.367     0.999878       498688      8192.00
       4.395     0.999890       498694      9102.22
       4.431     0.999902       498701     10240.00
       4.451     0.999915       498706     11702.86
       4.471     0.999927       498712     13653.33
       4.499     0.999939       498719     16384.00
       4.507     0.999945       498721     18204.44
       4.511     0.999951       498724     20480.00
       4.543     0.999957       498727     23405.71
       4.555     0.999963       498730     27306.67
       4.611     0.999969       498733     32768.00
       4.647     0.999973       498736     36408.89
       4.647     0.999976       498736     40960.00
       4.767     0.999979       498738     46811.43
       4.787     0.999982       498739     54613.33
       4.895     0.999985       498741     65536.00
       4.955     0.999986       498742     72817.78
       4.955     0.999988       498742     81920.00
       4.975     0.999989       498743     93622.86
       4.999     0.999991       498744    109226.67
       5.011     0.999992       498745    131072.00
       5.011     0.999993       498745    145635.56
       5.011     0.999994       498745    163840.00
       5.099     0.999995       498746    187245.71
       5.099     0.999995       498746    218453.33
       5.199     0.999996       498747    262144.00
       5.199     0.999997       498747    291271.11
       5.199     0.999997       498747    327680.00
       5.199     0.999997       498747    374491.43
       5.199     0.999998       498747    436906.67
       5.247     0.999998       498748    524288.00
       5.247     1.000000       498748          inf
#[Mean    =        2.018, StdDeviation   =        0.576]
#[Max     =        5.244, Total count    =       498748]
#[Buckets =           27, SubBuckets     =         2048]
----------------------------------------------------------
  599432 requests in 1.00m, 97.18MB read
Requests/sec:   9990.27
Transfer/sec:      1.62MB
