Running 1m test @ http://erik-pc.local:8080/fruits
  4 threads and 100 connections
  Thread calibration: mean lat.: 2.515ms, rate sampling interval: 10ms
  Thread calibration: mean lat.: 2.525ms, rate sampling interval: 10ms
  Thread calibration: mean lat.: 2.652ms, rate sampling interval: 10ms
  Thread calibration: mean lat.: 2.692ms, rate sampling interval: 10ms
  Thread Stats   Avg      Stdev     Max   +/- Stdev
    Latency     1.89ms    1.31ms  24.80ms   94.02%
    Req/Sec     7.92k     0.91k   18.00k    79.61%
  Latency Distribution (HdrHistogram - Recorded Latency)
 50.000%    1.67ms
 75.000%    2.21ms
 90.000%    2.78ms
 99.000%    7.85ms
 99.900%   16.33ms
 99.990%   20.67ms
 99.999%   23.34ms
100.000%   24.82ms

  Detailed Percentile spectrum:
       Value   Percentile   TotalCount 1/(1-Percentile)

       0.325     0.000000            1         1.00
       0.951     0.100000       149941         1.11
       1.167     0.200000       299345         1.25
       1.342     0.300000       449479         1.43
       1.501     0.400000       598534         1.67
       1.672     0.500000       748997         2.00
       1.763     0.550000       823705         2.22
       1.862     0.600000       898167         2.50
       1.968     0.650000       972869         2.86
       2.085     0.700000      1048616         3.33
       2.209     0.750000      1122666         4.00
       2.279     0.775000      1160504         4.44
       2.353     0.800000      1197270         5.00
       2.437     0.825000      1234764         5.71
       2.531     0.850000      1272542         6.67
       2.639     0.875000      1309456         8.00
       2.705     0.887500      1328424         8.89
       2.775     0.900000      1346945        10.00
       2.851     0.912500      1365390        11.43
       2.939     0.925000      1384351        13.33
       3.043     0.937500      1402962        16.00
       3.105     0.943750      1412281        17.78
       3.175     0.950000      1421476        20.00
       3.263     0.956250      1430972        22.86
       3.379     0.962500      1440251        26.67
       3.547     0.968750      1449580        32.00
       3.679     0.971875      1454247        35.56
       3.859     0.975000      1458866        40.00
       4.127     0.978125      1463550        45.71
       4.583     0.981250      1468217        53.33
       5.395     0.984375      1472886        64.00
       5.943     0.985938      1475218        71.11
       6.619     0.987500      1477557        80.00
       7.347     0.989062      1479898        91.43
       8.199     0.990625      1482237       106.67
       9.127     0.992188      1484582       128.00
       9.631     0.992969      1485746       142.22
      10.191     0.993750      1486918       160.00
      10.783     0.994531      1488089       182.86
      11.415     0.995313      1489253       213.33
      12.143     0.996094      1490421       256.00
      12.503     0.996484      1491009       284.44
      12.951     0.996875      1491593       320.00
      13.375     0.997266      1492173       365.71
      13.863     0.997656      1492754       426.67
      14.439     0.998047      1493339       512.00
      14.743     0.998242      1493631       568.89
      15.127     0.998437      1493925       640.00
      15.479     0.998633      1494215       731.43
      15.919     0.998828      1494510       853.33
      16.399     0.999023      1494807      1024.00
      16.655     0.999121      1494952      1137.78
      16.911     0.999219      1495096      1280.00
      17.247     0.999316      1495240      1462.86
      17.567     0.999414      1495388      1706.67
      17.935     0.999512      1495529      2048.00
      18.127     0.999561      1495602      2275.56
      18.383     0.999609      1495675      2560.00
      18.655     0.999658      1495749      2925.71
      18.943     0.999707      1495822      3413.33
      19.295     0.999756      1495896      4096.00
      19.439     0.999780      1495931      4551.11
      19.615     0.999805      1495967      5120.00
      19.791     0.999829      1496004      5851.43
      20.031     0.999854      1496042      6826.67
      20.271     0.999878      1496077      8192.00
      20.447     0.999890      1496094      9102.22
      20.687     0.999902      1496112     10240.00
      20.831     0.999915      1496134     11702.86
      21.167     0.999927      1496150     13653.33
      21.359     0.999939      1496167     16384.00
      21.487     0.999945      1496176     18204.44
      21.663     0.999951      1496186     20480.00
      21.759     0.999957      1496195     23405.71
      21.999     0.999963      1496206     27306.67
      22.143     0.999969      1496213     32768.00
      22.207     0.999973      1496217     36408.89
      22.415     0.999976      1496222     40960.00
      22.575     0.999979      1496227     46811.43
      22.735     0.999982      1496231     54613.33
      22.943     0.999985      1496236     65536.00
      23.071     0.999986      1496238     72817.78
      23.167     0.999988      1496240     81920.00
      23.343     0.999989      1496243     93622.86
      23.455     0.999991      1496245    109226.67
      23.631     0.999992      1496248    131072.00
      23.631     0.999993      1496248    145635.56
      23.791     0.999994      1496249    163840.00
      24.015     0.999995      1496251    187245.71
      24.079     0.999995      1496252    218453.33
      24.159     0.999996      1496253    262144.00
      24.159     0.999997      1496253    291271.11
      24.223     0.999997      1496254    327680.00
      24.287     0.999997      1496255    374491.43
      24.287     0.999998      1496255    436906.67
      24.383     0.999998      1496256    524288.00
      24.383     0.999998      1496256    582542.22
      24.383     0.999998      1496256    655360.00
      24.703     0.999999      1496257    748982.86
      24.703     0.999999      1496257    873813.33
      24.703     0.999999      1496257   1048576.00
      24.703     0.999999      1496257   1165084.44
      24.703     0.999999      1496257   1310720.00
      24.815     0.999999      1496258   1497965.71
      24.815     1.000000      1496258          inf
#[Mean    =        1.888, StdDeviation   =        1.308]
#[Max     =       24.800, Total count    =      1496258]
#[Buckets =           27, SubBuckets     =         2048]
----------------------------------------------------------
  1798199 requests in 1.00m, 291.53MB read
Requests/sec:  29969.93
Transfer/sec:      4.86MB
