Running 1m test @ http://erik-pc.local:8080/fruits
  4 threads and 100 connections
  Thread calibration: mean lat.: 16.940ms, rate sampling interval: 78ms
  Thread calibration: mean lat.: 17.078ms, rate sampling interval: 78ms
  Thread calibration: mean lat.: 19.338ms, rate sampling interval: 81ms
  Thread calibration: mean lat.: 16.940ms, rate sampling interval: 79ms
  Thread Stats   Avg      Stdev     Max   +/- Stdev
    Latency    18.85ms   15.16ms  91.14ms   50.31%
    Req/Sec     5.54k     1.28k    8.56k    61.10%
  Latency Distribution (HdrHistogram - Recorded Latency)
 50.000%   17.63ms
 75.000%   31.87ms
 90.000%   40.22ms
 99.000%   49.98ms
 99.900%   59.52ms
 99.990%   73.28ms
 99.999%   84.16ms
100.000%   91.20ms

  Detailed Percentile spectrum:
       Value   Percentile   TotalCount 1/(1-Percentile)

       0.297     0.000000            1         1.00
       1.232     0.100000       109920         1.11
       1.867     0.200000       219563         1.25
       4.551     0.300000       329310         1.43
      11.383     0.400000       439177         1.67
      17.631     0.500000       548910         2.00
      20.607     0.550000       603765         2.22
      23.535     0.600000       658895         2.50
      26.367     0.650000       713644         2.86
      29.151     0.700000       768514         3.33
      31.871     0.750000       823395         4.00
      33.215     0.775000       850820         4.44
      34.559     0.800000       878452         5.00
      35.935     0.825000       906187         5.71
      37.279     0.850000       933458         6.67
      38.687     0.875000       960813         8.00
      39.423     0.887500       974340         8.89
      40.223     0.900000       988427        10.00
      40.991     0.912500      1001830        11.43
      41.823     0.925000      1015716        13.33
      42.719     0.937500      1029177        16.00
      43.231     0.943750      1036159        17.78
      43.775     0.950000      1042877        20.00
      44.415     0.956250      1049850        22.86
      45.087     0.962500      1056642        26.67
      45.823     0.968750      1063597        32.00
      46.207     0.971875      1066814        35.56
      46.655     0.975000      1070344        40.00
      47.167     0.978125      1073819        45.71
      47.743     0.981250      1077259        53.33
      48.415     0.984375      1080654        64.00
      48.799     0.985938      1082305        71.11
      49.247     0.987500      1084073        80.00
      49.695     0.989062      1085734        91.43
      50.175     0.990625      1087423       106.67
      50.783     0.992188      1089165       128.00
      51.135     0.992969      1090024       142.22
      51.519     0.993750      1090869       160.00
      51.967     0.994531      1091750       182.86
      52.447     0.995313      1092553       213.33
      53.119     0.996094      1093413       256.00
      53.535     0.996484      1093825       284.44
      54.015     0.996875      1094248       320.00
      54.591     0.997266      1094688       365.71
      55.231     0.997656      1095127       426.67
      56.063     0.998047      1095534       512.00
      56.543     0.998242      1095748       568.89
      57.087     0.998437      1095967       640.00
      57.855     0.998633      1096179       731.43
      58.687     0.998828      1096399       853.33
      59.679     0.999023      1096606      1024.00
      60.351     0.999121      1096718      1137.78
      61.023     0.999219      1096823      1280.00
      61.791     0.999316      1096928      1462.86
      62.943     0.999414      1097037      1706.67
      64.191     0.999512      1097142      2048.00
      64.959     0.999561      1097196      2275.56
      65.663     0.999609      1097249      2560.00
      66.495     0.999658      1097305      2925.71
      67.647     0.999707      1097358      3413.33
      68.479     0.999756      1097411      4096.00
      69.119     0.999780      1097436      4551.11
      69.759     0.999805      1097463      5120.00
      70.655     0.999829      1097492      5851.43
      71.359     0.999854      1097517      6826.67
      72.383     0.999878      1097545      8192.00
      72.767     0.999890      1097558      9102.22
      73.343     0.999902      1097570     10240.00
      73.855     0.999915      1097584     11702.86
      74.623     0.999927      1097597     13653.33
      75.775     0.999939      1097611     16384.00
      76.671     0.999945      1097617     18204.44
      77.247     0.999951      1097624     20480.00
      78.143     0.999957      1097631     23405.71
      78.719     0.999963      1097637     27306.67
      79.999     0.999969      1097645     32768.00
      80.255     0.999973      1097647     36408.89
      81.151     0.999976      1097651     40960.00
      81.727     0.999979      1097654     46811.43
      82.239     0.999982      1097657     54613.33
      82.879     0.999985      1097661     65536.00
      82.943     0.999986      1097662     72817.78
      83.391     0.999988      1097664     81920.00
      84.159     0.999989      1097666     93622.86
      84.287     0.999991      1097667    109226.67
      85.055     0.999992      1097669    131072.00
      85.439     0.999993      1097670    145635.56
      86.143     0.999994      1097672    163840.00
      86.143     0.999995      1097672    187245.71
      86.143     0.999995      1097672    218453.33
      86.655     0.999996      1097673    262144.00
      88.063     0.999997      1097674    291271.11
      88.063     0.999997      1097674    327680.00
      88.767     0.999997      1097675    374491.43
      88.767     0.999998      1097675    436906.67
      88.767     0.999998      1097675    524288.00
      90.943     0.999998      1097676    582542.22
      90.943     0.999998      1097676    655360.00
      90.943     0.999999      1097676    748982.86
      90.943     0.999999      1097676    873813.33
      90.943     0.999999      1097676   1048576.00
      91.199     0.999999      1097677   1165084.44
      91.199     1.000000      1097677          inf
#[Mean    =       18.855, StdDeviation   =       15.164]
#[Max     =       91.136, Total count    =      1097677]
#[Buckets =           27, SubBuckets     =         2048]
----------------------------------------------------------
  1313385 requests in 1.00m, 212.93MB read
Requests/sec:  21877.80
Transfer/sec:      3.55MB
