Running 1m test @ http://erik-pc.local:8080/fruits
  4 threads and 100 connections
  Thread calibration: mean lat.: 1.366ms, rate sampling interval: 10ms
  Thread calibration: mean lat.: 1.399ms, rate sampling interval: 10ms
  Thread calibration: mean lat.: 1.394ms, rate sampling interval: 10ms
  Thread calibration: mean lat.: 1.537ms, rate sampling interval: 10ms
  Thread Stats   Avg      Stdev     Max   +/- Stdev
    Latency     1.42ms  555.07us   6.82ms   64.98%
    Req/Sec     3.95k   555.63     5.55k    78.68%
  Latency Distribution (HdrHistogram - Recorded Latency)
 50.000%    1.35ms
 75.000%    1.81ms
 90.000%    2.19ms
 99.000%    2.80ms
 99.900%    3.47ms
 99.990%    4.63ms
 99.999%    5.82ms
100.000%    6.83ms

  Detailed Percentile spectrum:
       Value   Percentile   TotalCount 1/(1-Percentile)

       0.343     0.000000            2         1.00
       0.739     0.100000        74966         1.11
       0.905     0.200000       149636         1.25
       1.056     0.300000       224855         1.43
       1.201     0.400000       299294         1.67
       1.351     0.500000       374101         2.00
       1.431     0.550000       411626         2.22
       1.517     0.600000       449287         2.50
       1.609     0.650000       486682         2.86
       1.706     0.700000       523823         3.33
       1.810     0.750000       561258         4.00
       1.864     0.775000       579837         4.44
       1.921     0.800000       598730         5.00
       1.980     0.825000       617451         5.71
       2.043     0.850000       635929         6.67
       2.113     0.875000       655114         8.00
       2.149     0.887500       664129         8.89
       2.189     0.900000       673665        10.00
       2.231     0.912500       682887        11.43
       2.277     0.925000       692078        13.33
       2.331     0.937500       701417        16.00
       2.361     0.943750       706090        17.78
       2.395     0.950000       710924        20.00
       2.431     0.956250       715540        22.86
       2.471     0.962500       720093        26.67
       2.519     0.968750       724842        32.00
       2.547     0.971875       727241        35.56
       2.575     0.975000       729492        40.00
       2.607     0.978125       731795        45.71
       2.645     0.981250       734151        53.33
       2.687     0.984375       736440        64.00
       2.715     0.985938       737603        71.11
       2.743     0.987500       738776        80.00
       2.777     0.989062       739936        91.43
       2.821     0.990625       741165       106.67
       2.867     0.992188       742312       128.00
       2.893     0.992969       742879       142.22
       2.923     0.993750       743462       160.00
       2.959     0.994531       744063       182.86
       2.999     0.995313       744638       213.33
       3.045     0.996094       745218       256.00
       3.071     0.996484       745513       284.44
       3.103     0.996875       745785       320.00
       3.141     0.997266       746087       365.71
       3.187     0.997656       746370       426.67
       3.241     0.998047       746669       512.00
       3.275     0.998242       746805       568.89
       3.311     0.998437       746953       640.00
       3.359     0.998633       747100       731.43
       3.409     0.998828       747242       853.33
       3.475     0.999023       747391      1024.00
       3.523     0.999121       747465      1137.78
       3.579     0.999219       747535      1280.00
       3.637     0.999316       747608      1462.86
       3.697     0.999414       747680      1706.67
       3.761     0.999512       747754      2048.00
       3.813     0.999561       747791      2275.56
       3.891     0.999609       747826      2560.00
       3.989     0.999658       747863      2925.71
       4.069     0.999707       747900      3413.33
       4.191     0.999756       747939      4096.00
       4.255     0.999780       747954      4551.11
       4.323     0.999805       747972      5120.00
       4.427     0.999829       747991      5851.43
       4.483     0.999854       748009      6826.67
       4.551     0.999878       748027      8192.00
       4.571     0.999890       748036      9102.22
       4.647     0.999902       748046     10240.00
       4.723     0.999915       748055     11702.86
       4.791     0.999927       748064     13653.33
       4.907     0.999939       748073     16384.00
       4.983     0.999945       748077     18204.44
       5.059     0.999951       748082     20480.00
       5.143     0.999957       748087     23405.71
       5.163     0.999963       748091     27306.67
       5.223     0.999969       748096     32768.00
       5.291     0.999973       748098     36408.89
       5.335     0.999976       748100     40960.00
       5.399     0.999979       748103     46811.43
       5.559     0.999982       748105     54613.33
       5.643     0.999985       748107     65536.00
       5.655     0.999986       748108     72817.78
       5.699     0.999988       748109     81920.00
       5.823     0.999989       748112     93622.86
       5.823     0.999991       748112    109226.67
       5.947     0.999992       748113    131072.00
       5.947     0.999993       748113    145635.56
       6.011     0.999994       748114    163840.00
       6.071     0.999995       748115    187245.71
       6.071     0.999995       748115    218453.33
       6.271     0.999996       748116    262144.00
       6.271     0.999997       748116    291271.11
       6.271     0.999997       748116    327680.00
       6.463     0.999997       748117    374491.43
       6.463     0.999998       748117    436906.67
       6.463     0.999998       748117    524288.00
       6.463     0.999998       748117    582542.22
       6.463     0.999998       748117    655360.00
       6.827     0.999999       748118    748982.86
       6.827     1.000000       748118          inf
#[Mean    =        1.420, StdDeviation   =        0.555]
#[Max     =        6.824, Total count    =       748118]
#[Buckets =           27, SubBuckets     =         2048]
----------------------------------------------------------
  895596 requests in 1.00m, 145.20MB read
Requests/sec:  14926.29
Transfer/sec:      2.42MB
