Running 1m test @ http://erik-pc.local:8080/fruits
  4 threads and 100 connections
  Thread calibration: mean lat.: 2.819ms, rate sampling interval: 10ms
  Thread calibration: mean lat.: 2.792ms, rate sampling interval: 10ms
  Thread calibration: mean lat.: 2.774ms, rate sampling interval: 10ms
  Thread calibration: mean lat.: 2.823ms, rate sampling interval: 10ms
  Thread Stats   Avg      Stdev     Max   +/- Stdev
    Latency     1.53ms  438.50us   9.10ms   67.38%
    Req/Sec     1.32k   172.84     2.56k    78.13%
  Latency Distribution (HdrHistogram - Recorded Latency)
 50.000%    1.52ms
 75.000%    1.82ms
 90.000%    2.11ms
 99.000%    2.58ms
 99.900%    3.07ms
 99.990%    4.89ms
 99.999%    8.96ms
100.000%    9.11ms

  Detailed Percentile spectrum:
       Value   Percentile   TotalCount 1/(1-Percentile)

       0.462     0.000000            1         1.00
       0.969     0.100000        24978         1.11
       1.143     0.200000        49934         1.25
       1.282     0.300000        75025         1.43
       1.404     0.400000        99858         1.67
       1.516     0.500000       124876         2.00
       1.570     0.550000       137265         2.22
       1.628     0.600000       149779         2.50
       1.689     0.650000       162303         2.86
       1.750     0.700000       174634         3.33
       1.819     0.750000       187080         4.00
       1.856     0.775000       193375         4.44
       1.896     0.800000       199569         5.00
       1.939     0.825000       205832         5.71
       1.989     0.850000       212018         6.67
       2.043     0.875000       218232         8.00
       2.075     0.887500       221512         8.89
       2.107     0.900000       224535        10.00
       2.143     0.912500       227632        11.43
       2.183     0.925000       230729        13.33
       2.229     0.937500       233874        16.00
       2.253     0.943750       235390        17.78
       2.281     0.950000       236965        20.00
       2.311     0.956250       238489        22.86
       2.345     0.962500       240107        26.67
       2.381     0.968750       241588        32.00
       2.403     0.971875       242420        35.56
       2.425     0.975000       243201        40.00
       2.449     0.978125       243973        45.71
       2.477     0.981250       244749        53.33
       2.505     0.984375       245503        64.00
       2.523     0.985938       245901        71.11
       2.541     0.987500       246270        80.00
       2.563     0.989062       246649        91.43
       2.589     0.990625       247048       106.67
       2.619     0.992188       247449       128.00
       2.637     0.992969       247634       142.22
       2.655     0.993750       247827       160.00
       2.673     0.994531       248029       182.86
       2.701     0.995313       248210       213.33
       2.733     0.996094       248406       256.00
       2.753     0.996484       248508       284.44
       2.775     0.996875       248595       320.00
       2.801     0.997266       248694       365.71
       2.831     0.997656       248788       426.67
       2.873     0.998047       248887       512.00
       2.899     0.998242       248935       568.89
       2.925     0.998437       248983       640.00
       2.965     0.998633       249038       731.43
       3.015     0.998828       249080       853.33
       3.071     0.999023       249129      1024.00
       3.105     0.999121       249155      1137.78
       3.175     0.999219       249178      1280.00
       3.237     0.999316       249202      1462.86
       3.307     0.999414       249226      1706.67
       3.383     0.999512       249251      2048.00
       3.429     0.999561       249263      2275.56
       3.483     0.999609       249275      2560.00
       3.577     0.999658       249287      2925.71
       3.767     0.999707       249299      3413.33
       4.093     0.999756       249312      4096.00
       4.235     0.999780       249318      4551.11
       4.315     0.999805       249324      5120.00
       4.455     0.999829       249330      5851.43
       4.503     0.999854       249336      6826.67
       4.647     0.999878       249342      8192.00
       4.751     0.999890       249345      9102.22
       4.931     0.999902       249348     10240.00
       5.059     0.999915       249351     11702.86
       5.095     0.999927       249354     13653.33
       5.255     0.999939       249357     16384.00
       5.295     0.999945       249359     18204.44
       5.299     0.999951       249360     20480.00
       5.531     0.999957       249362     23405.71
       5.695     0.999963       249363     27306.67
       8.719     0.999969       249365     32768.00
       8.767     0.999973       249366     36408.89
       8.767     0.999976       249366     40960.00
       8.807     0.999979       249367     46811.43
       8.863     0.999982       249368     54613.33
       8.887     0.999985       249369     65536.00
       8.887     0.999986       249369     72817.78
       8.887     0.999988       249369     81920.00
       8.959     0.999989       249370     93622.86
       8.959     0.999991       249370    109226.67
       9.055     0.999992       249371    131072.00
       9.055     0.999993       249371    145635.56
       9.055     0.999994       249371    163840.00
       9.055     0.999995       249371    187245.71
       9.055     0.999995       249371    218453.33
       9.111     0.999996       249372    262144.00
       9.111     1.000000       249372          inf
#[Mean    =        1.531, StdDeviation   =        0.439]
#[Max     =        9.104, Total count    =       249372]
#[Buckets =           27, SubBuckets     =         2048]
----------------------------------------------------------
  299740 requests in 1.00m, 48.60MB read
Requests/sec:   4995.59
Transfer/sec:    829.35KB
