Running 1m test @ http://erik-pc.local:8080/fruits
  4 threads and 100 connections
  Thread calibration: mean lat.: 1.686ms, rate sampling interval: 10ms
  Thread calibration: mean lat.: 1.657ms, rate sampling interval: 10ms
  Thread calibration: mean lat.: 1.633ms, rate sampling interval: 10ms
  Thread calibration: mean lat.: 1.614ms, rate sampling interval: 10ms
  Thread Stats   Avg      Stdev     Max   +/- Stdev
    Latency     1.62ms  587.06us   9.20ms   65.25%
    Req/Sec     3.95k   314.14     5.55k    70.17%
  Latency Distribution (HdrHistogram - Recorded Latency)
 50.000%    1.54ms
 75.000%    2.03ms
 90.000%    2.44ms
 99.000%    3.03ms
 99.900%    3.77ms
 99.990%    4.97ms
 99.999%    6.82ms
100.000%    9.21ms

  Detailed Percentile spectrum:
       Value   Percentile   TotalCount 1/(1-Percentile)

       0.381     0.000000            1         1.00
       0.900     0.100000        74937         1.11
       1.087     0.200000       150070         1.25
       1.241     0.300000       224898         1.43
       1.387     0.400000       299727         1.67
       1.540     0.500000       374213         2.00
       1.623     0.550000       411713         2.22
       1.711     0.600000       449202         2.50
       1.808     0.650000       486356         2.86
       1.916     0.700000       523933         3.33
       2.031     0.750000       561118         4.00
       2.093     0.775000       579972         4.44
       2.157     0.800000       598748         5.00
       2.223     0.825000       617656         5.71
       2.291     0.850000       636175         6.67
       2.363     0.875000       654798         8.00
       2.403     0.887500       664378         8.89
       2.445     0.900000       673665        10.00
       2.489     0.912500       682823        11.43
       2.539     0.925000       692314        13.33
       2.591     0.937500       701475        16.00
       2.621     0.943750       706123        17.78
       2.653     0.950000       710724        20.00
       2.689     0.956250       715419        22.86
       2.729     0.962500       720133        26.67
       2.775     0.968750       724857        32.00
       2.799     0.971875       727112        35.56
       2.827     0.975000       729428        40.00
       2.859     0.978125       731858        45.71
       2.893     0.981250       734149        53.33
       2.933     0.984375       736465        64.00
       2.955     0.985938       737589        71.11
       2.981     0.987500       738819        80.00
       3.009     0.989062       739936        91.43
       3.043     0.990625       741153       106.67
       3.087     0.992188       742264       128.00
       3.113     0.992969       742869       142.22
       3.139     0.993750       743437       160.00
       3.173     0.994531       744038       182.86
       3.211     0.995313       744622       213.33
       3.257     0.996094       745203       256.00
       3.283     0.996484       745483       284.44
       3.317     0.996875       745785       320.00
       3.357     0.997266       746066       365.71
       3.409     0.997656       746362       426.67
       3.483     0.998047       746652       512.00
       3.525     0.998242       746798       568.89
       3.575     0.998437       746944       640.00
       3.631     0.998633       747087       731.43
       3.701     0.998828       747237       853.33
       3.787     0.999023       747380      1024.00
       3.839     0.999121       747450      1137.78
       3.891     0.999219       747522      1280.00
       3.965     0.999316       747595      1462.86
       4.051     0.999414       747670      1706.67
       4.163     0.999512       747741      2048.00
       4.223     0.999561       747779      2275.56
       4.295     0.999609       747815      2560.00
       4.351     0.999658       747853      2925.71
       4.431     0.999707       747887      3413.33
       4.531     0.999756       747924      4096.00
       4.563     0.999780       747943      4551.11
       4.607     0.999805       747960      5120.00
       4.675     0.999829       747979      5851.43
       4.735     0.999854       747997      6826.67
       4.859     0.999878       748015      8192.00
       4.943     0.999890       748025      9102.22
       4.975     0.999902       748033     10240.00
       5.063     0.999915       748043     11702.86
       5.183     0.999927       748053     13653.33
       5.247     0.999939       748061     16384.00
       5.275     0.999945       748065     18204.44
       5.351     0.999951       748070     20480.00
       5.443     0.999957       748075     23405.71
       5.499     0.999963       748079     27306.67
       5.607     0.999969       748084     32768.00
       5.639     0.999973       748086     36408.89
       5.695     0.999976       748088     40960.00
       5.951     0.999979       748091     46811.43
       6.119     0.999982       748093     54613.33
       6.279     0.999985       748095     65536.00
       6.287     0.999986       748096     72817.78
       6.371     0.999988       748097     81920.00
       6.819     0.999989       748099     93622.86
       7.059     0.999991       748100    109226.67
       7.331     0.999992       748101    131072.00
       7.331     0.999993       748101    145635.56
       7.423     0.999994       748102    163840.00
       7.783     0.999995       748103    187245.71
       7.783     0.999995       748103    218453.33
       7.791     0.999996       748104    262144.00
       7.791     0.999997       748104    291271.11
       7.791     0.999997       748104    327680.00
       8.959     0.999997       748105    374491.43
       8.959     0.999998       748105    436906.67
       8.959     0.999998       748105    524288.00
       8.959     0.999998       748105    582542.22
       8.959     0.999998       748105    655360.00
       9.207     0.999999       748106    748982.86
       9.207     1.000000       748106          inf
#[Mean    =        1.618, StdDeviation   =        0.587]
#[Max     =        9.200, Total count    =       748106]
#[Buckets =           27, SubBuckets     =         2048]
----------------------------------------------------------
  899112 requests in 1.00m, 145.77MB read
Requests/sec:  14985.21
Transfer/sec:      2.43MB
