Running 1m test @ http://erik-pc.local:8080/greeting/Bob
  4 threads and 100 connections
  Thread calibration: mean lat.: 57.194ms, rate sampling interval: 241ms
  Thread calibration: mean lat.: 44.910ms, rate sampling interval: 166ms
  Thread calibration: mean lat.: 70.332ms, rate sampling interval: 337ms
  Thread calibration: mean lat.: 41.919ms, rate sampling interval: 140ms
  Thread Stats   Avg      Stdev     Max   +/- Stdev
    Latency   206.67ms  217.66ms   1.31s    84.76%
    Req/Sec     9.22k     1.97k   14.57k    64.12%
  Latency Distribution (HdrHistogram - Recorded Latency)
 50.000%  114.30ms
 75.000%  314.11ms
 90.000%  494.08ms
 99.000%    1.02s 
 99.900%    1.24s 
 99.990%    1.29s 
 99.999%    1.30s 
100.000%    1.31s 

  Detailed Percentile spectrum:
       Value   Percentile   TotalCount 1/(1-Percentile)

       0.210     0.000000            1         1.00
      29.775     0.100000       183477         1.11
      47.711     0.200000       367270         1.25
      62.495     0.300000       550712         1.43
      82.047     0.400000       734248         1.67
     114.303     0.500000       917352         2.00
     136.063     0.550000      1009077         2.22
     164.223     0.600000      1100803         2.50
     204.031     0.650000      1192606         2.86
     254.975     0.700000      1284353         3.33
     314.111     0.750000      1375951         4.00
     341.503     0.775000      1421964         4.44
     368.383     0.800000      1468102         5.00
     396.799     0.825000      1513796         5.71
     427.519     0.850000      1559451         6.67
     459.519     0.875000      1605482         8.00
     476.159     0.887500      1628427         8.89
     494.079     0.900000      1651279        10.00
     514.559     0.912500      1674144        11.43
     538.623     0.925000      1697119        13.33
     567.807     0.937500      1720058        16.00
     585.727     0.943750      1731693        17.78
     607.743     0.950000      1743006        20.00
     644.095     0.956250      1754426        22.86
     714.751     0.962500      1765822        26.67
     787.455     0.968750      1777327        32.00
     817.151     0.971875      1783045        35.56
     854.015     0.975000      1788735        40.00
     888.319     0.978125      1794471        45.71
     923.647     0.981250      1800234        53.33
     964.607     0.984375      1805962        64.00
     982.015     0.985938      1808827        71.11
     997.887     0.987500      1811716        80.00
    1013.759     0.989062      1814623        91.43
    1030.655     0.990625      1817402       106.67
    1049.599     0.992188      1820291       128.00
    1060.863     0.992969      1821832       142.22
    1072.127     0.993750      1823158       160.00
    1085.439     0.994531      1824618       182.86
    1100.799     0.995313      1826074       213.33
    1118.207     0.996094      1827433       256.00
    1128.447     0.996484      1828194       284.44
    1138.687     0.996875      1828874       320.00
    1153.023     0.997266      1829615       365.71
    1168.383     0.997656      1830324       426.67
    1185.791     0.998047      1831021       512.00
    1197.055     0.998242      1831369       568.89
    1210.367     0.998437      1831741       640.00
    1221.631     0.998633      1832094       731.43
    1231.871     0.998828      1832462       853.33
    1241.087     0.999023      1832810      1024.00
    1246.207     0.999121      1833012      1137.78
    1250.303     0.999219      1833173      1280.00
    1254.399     0.999316      1833341      1462.86
    1259.519     0.999414      1833543      1706.67
    1264.639     0.999512      1833723      2048.00
    1266.687     0.999561      1833791      2275.56
    1269.759     0.999609      1833889      2560.00
    1272.831     0.999658      1833987      2925.71
    1275.903     0.999707      1834083      3413.33
    1278.975     0.999756      1834175      4096.00
    1279.999     0.999780      1834208      4551.11
    1281.023     0.999805      1834237      5120.00
    1283.071     0.999829      1834290      5851.43
    1285.119     0.999854      1834342      6826.67
    1287.167     0.999878      1834383      8192.00
    1288.191     0.999890      1834400      9102.22
    1289.215     0.999902      1834425     10240.00
    1290.239     0.999915      1834441     11702.86
    1292.287     0.999927      1834478     13653.33
    1293.311     0.999939      1834492     16384.00
    1293.311     0.999945      1834492     18204.44
    1295.359     0.999951      1834514     20480.00
    1295.359     0.999957      1834514     23405.71
    1296.383     0.999963      1834525     27306.67
    1298.431     0.999969      1834542     32768.00
    1298.431     0.999973      1834542     36408.89
    1299.455     0.999976      1834552     40960.00
    1300.479     0.999979      1834557     46811.43
    1301.503     0.999982      1834564     54613.33
    1302.527     0.999985      1834571     65536.00
    1302.527     0.999986      1834571     72817.78
    1302.527     0.999988      1834571     81920.00
    1303.551     0.999989      1834576     93622.86
    1303.551     0.999991      1834576    109226.67
    1304.575     0.999992      1834580    131072.00
    1304.575     0.999993      1834580    145635.56
    1305.599     0.999994      1834582    163840.00
    1306.623     0.999995      1834586    187245.71
    1306.623     0.999995      1834586    218453.33
    1306.623     0.999996      1834586    262144.00
    1306.623     0.999997      1834586    291271.11
    1307.647     0.999997      1834587    327680.00
    1308.671     0.999997      1834589    374491.43
    1308.671     0.999998      1834589    436906.67
    1308.671     0.999998      1834589    524288.00
    1308.671     0.999998      1834589    582542.22
    1309.695     0.999998      1834592    655360.00
    1309.695     1.000000      1834592          inf
#[Mean    =      206.673, StdDeviation   =      217.663]
#[Max     =     1308.672, Total count    =      1834592]
#[Buckets =           27, SubBuckets     =         2048]
----------------------------------------------------------
  2196034 requests in 1.00m, 182.20MB read
Requests/sec:  36600.79
Transfer/sec:      3.04MB
