Running 1m test @ http://erik-pc.local:8080/greeting/Bob
  4 threads and 100 connections
  Thread calibration: mean lat.: 2.002ms, rate sampling interval: 10ms
  Thread calibration: mean lat.: 1.637ms, rate sampling interval: 10ms
  Thread calibration: mean lat.: 1.736ms, rate sampling interval: 10ms
  Thread calibration: mean lat.: 1.803ms, rate sampling interval: 10ms
  Thread Stats   Avg      Stdev     Max   +/- Stdev
    Latency     1.80ms  848.80us   9.98ms   70.21%
    Req/Sec     5.28k   807.44    10.00k    81.01%
  Latency Distribution (HdrHistogram - Recorded Latency)
 50.000%    1.60ms
 75.000%    2.35ms
 90.000%    2.94ms
 99.000%    3.97ms
 99.900%    6.98ms
 99.990%    8.42ms
 99.999%    9.61ms
100.000%    9.99ms

  Detailed Percentile spectrum:
       Value   Percentile   TotalCount 1/(1-Percentile)

       0.326     0.000000            1         1.00
       0.872     0.100000        99795         1.11
       1.082     0.200000       199551         1.25
       1.254     0.300000       299308         1.43
       1.412     0.400000       399514         1.67
       1.595     0.500000       498828         2.00
       1.713     0.550000       548818         2.22
       1.852     0.600000       598755         2.50
       2.008     0.650000       648487         2.86
       2.177     0.700000       698504         3.33
       2.345     0.750000       748130         4.00
       2.431     0.775000       773318         4.44
       2.521     0.800000       798397         5.00
       2.615     0.825000       823311         5.71
       2.717     0.850000       848109         6.67
       2.825     0.875000       873068         8.00
       2.883     0.887500       885520         8.89
       2.945     0.900000       897854        10.00
       3.015     0.912500       910520        11.43
       3.089     0.925000       922852        13.33
       3.177     0.937500       935304        16.00
       3.227     0.943750       941601        17.78
       3.279     0.950000       947741        20.00
       3.339     0.956250       953935        22.86
       3.405     0.962500       960130        26.67
       3.485     0.968750       966477        32.00
       3.529     0.971875       969493        35.56
       3.579     0.975000       972672        40.00
       3.633     0.978125       975749        45.71
       3.695     0.981250       978835        53.33
       3.769     0.984375       981988        64.00
       3.813     0.985938       983531        71.11
       3.863     0.987500       985056        80.00
       3.927     0.989062       986606        91.43
       4.003     0.990625       988157       106.67
       4.107     0.992188       989720       128.00
       4.187     0.992969       990513       142.22
       4.299     0.993750       991283       160.00
       4.531     0.994531       992055       182.86
       5.007     0.995313       992827       213.33
       5.399     0.996094       993609       256.00
       5.587     0.996484       994000       284.44
       5.755     0.996875       994390       320.00
       5.919     0.997266       994777       365.71
       6.099     0.997656       995164       426.67
       6.319     0.998047       995557       512.00
       6.415     0.998242       995750       568.89
       6.523     0.998437       995943       640.00
       6.667     0.998633       996138       731.43
       6.819     0.998828       996336       853.33
       7.007     0.999023       996529      1024.00
       7.107     0.999121       996626      1137.78
       7.227     0.999219       996723      1280.00
       7.387     0.999316       996820      1462.86
       7.535     0.999414       996920      1706.67
       7.683     0.999512       997014      2048.00
       7.779     0.999561       997064      2275.56
       7.863     0.999609       997111      2560.00
       7.947     0.999658       997162      2925.71
       8.035     0.999707       997211      3413.33
       8.103     0.999756       997260      4096.00
       8.151     0.999780       997282      4551.11
       8.199     0.999805       997308      5120.00
       8.255     0.999829       997332      5851.43
       8.287     0.999854       997355      6826.67
       8.359     0.999878       997381      8192.00
       8.383     0.999890       997391      9102.22
       8.423     0.999902       997404     10240.00
       8.487     0.999915       997415     11702.86
       8.567     0.999927       997427     13653.33
       8.671     0.999939       997441     16384.00
       8.703     0.999945       997446     18204.44
       8.735     0.999951       997452     20480.00
       8.799     0.999957       997459     23405.71
       8.847     0.999963       997464     27306.67
       8.895     0.999969       997472     32768.00
       8.911     0.999973       997473     36408.89
       8.943     0.999976       997477     40960.00
       8.975     0.999979       997479     46811.43
       9.055     0.999982       997482     54613.33
       9.447     0.999985       997485     65536.00
       9.503     0.999986       997487     72817.78
       9.535     0.999988       997488     81920.00
       9.615     0.999989       997490     93622.86
       9.631     0.999991       997491    109226.67
       9.687     0.999992       997494    131072.00
       9.687     0.999993       997494    145635.56
       9.687     0.999994       997494    163840.00
       9.695     0.999995       997496    187245.71
       9.695     0.999995       997496    218453.33
       9.815     0.999996       997497    262144.00
       9.815     0.999997       997497    291271.11
       9.815     0.999997       997497    327680.00
       9.839     0.999997       997498    374491.43
       9.839     0.999998       997498    436906.67
       9.895     0.999998       997499    524288.00
       9.895     0.999998       997499    582542.22
       9.895     0.999998       997499    655360.00
       9.895     0.999999       997499    748982.86
       9.895     0.999999       997499    873813.33
       9.991     0.999999       997500   1048576.00
       9.991     1.000000       997500          inf
#[Mean    =        1.797, StdDeviation   =        0.849]
#[Max     =        9.984, Total count    =       997500]
#[Buckets =           27, SubBuckets     =         2048]
----------------------------------------------------------
  1194110 requests in 1.00m, 99.07MB read
Requests/sec:  19901.33
Transfer/sec:      1.65MB
