Running 1m test @ http://erik-pc.local:8080/greeting/Bob
  4 threads and 100 connections
  Thread calibration: mean lat.: 1.696ms, rate sampling interval: 10ms
  Thread calibration: mean lat.: 1.391ms, rate sampling interval: 10ms
  Thread calibration: mean lat.: 1.355ms, rate sampling interval: 10ms
  Thread calibration: mean lat.: 1.494ms, rate sampling interval: 10ms
  Thread Stats   Avg      Stdev     Max   +/- Stdev
    Latency     1.49ms  562.95us   5.63ms   65.27%
    Req/Sec     2.65k   484.17     5.55k    83.41%
  Latency Distribution (HdrHistogram - Recorded Latency)
 50.000%    1.45ms
 75.000%    1.90ms
 90.000%    2.23ms
 99.000%    2.80ms
 99.900%    4.07ms
 99.990%    5.18ms
 99.999%    5.55ms
100.000%    5.63ms

  Detailed Percentile spectrum:
       Value   Percentile   TotalCount 1/(1-Percentile)

       0.271     0.000000            1         1.00
       0.774     0.100000        50018         1.11
       0.966     0.200000        99757         1.25
       1.125     0.300000       149642         1.43
       1.283     0.400000       199682         1.67
       1.448     0.500000       249410         2.00
       1.536     0.550000       274414         2.22
       1.625     0.600000       299358         2.50
       1.715     0.650000       324222         2.86
       1.806     0.700000       349255         3.33
       1.898     0.750000       374114         4.00
       1.945     0.775000       386578         4.44
       1.995     0.800000       399181         5.00
       2.046     0.825000       411620         5.71
       2.101     0.850000       424092         6.67
       2.161     0.875000       436561         8.00
       2.193     0.887500       442641         8.89
       2.229     0.900000       448927        10.00
       2.267     0.912500       455212        11.43
       2.309     0.925000       461458        13.33
       2.355     0.937500       467607        16.00
       2.383     0.943750       470827        17.78
       2.413     0.950000       474009        20.00
       2.445     0.956250       476988        22.86
       2.483     0.962500       480077        26.67
       2.529     0.968750       483199        32.00
       2.557     0.971875       484827        35.56
       2.585     0.975000       486325        40.00
       2.617     0.978125       487895        45.71
       2.653     0.981250       489422        53.33
       2.697     0.984375       490988        64.00
       2.719     0.985938       491735        71.11
       2.749     0.987500       492534        80.00
       2.781     0.989062       493314        91.43
       2.821     0.990625       494085       106.67
       2.871     0.992188       494858       128.00
       2.901     0.992969       495258       142.22
       2.931     0.993750       495626       160.00
       2.973     0.994531       496014       182.86
       3.021     0.995313       496402       213.33
       3.075     0.996094       496795       256.00
       3.107     0.996484       496986       284.44
       3.149     0.996875       497178       320.00
       3.209     0.997266       497375       365.71
       3.269     0.997656       497569       426.67
       3.341     0.998047       497764       512.00
       3.395     0.998242       497860       568.89
       3.473     0.998437       497958       640.00
       3.615     0.998633       498055       731.43
       3.833     0.998828       498152       853.33
       4.095     0.999023       498250      1024.00
       4.219     0.999121       498298      1137.78
       4.335     0.999219       498347      1280.00
       4.435     0.999316       498396      1462.86
       4.539     0.999414       498444      1706.67
       4.671     0.999512       498493      2048.00
       4.731     0.999561       498518      2275.56
       4.783     0.999609       498543      2560.00
       4.831     0.999658       498567      2925.71
       4.891     0.999707       498591      3413.33
       4.943     0.999756       498615      4096.00
       4.967     0.999780       498629      4551.11
       4.999     0.999805       498639      5120.00
       5.039     0.999829       498651      5851.43
       5.079     0.999854       498664      6826.67
       5.163     0.999878       498677      8192.00
       5.171     0.999890       498682      9102.22
       5.187     0.999902       498688     10240.00
       5.223     0.999915       498694     11702.86
       5.307     0.999927       498700     13653.33
       5.331     0.999939       498707     16384.00
       5.355     0.999945       498709     18204.44
       5.367     0.999951       498713     20480.00
       5.387     0.999957       498715     23405.71
       5.403     0.999963       498718     27306.67
       5.467     0.999969       498722     32768.00
       5.471     0.999973       498723     36408.89
       5.491     0.999976       498724     40960.00
       5.507     0.999979       498726     46811.43
       5.515     0.999982       498727     54613.33
       5.547     0.999985       498729     65536.00
       5.551     0.999986       498731     72817.78
       5.551     0.999988       498731     81920.00
       5.551     0.999989       498731     93622.86
       5.555     0.999991       498732    109226.67
       5.563     0.999992       498733    131072.00
       5.563     0.999993       498733    145635.56
       5.563     0.999994       498733    163840.00
       5.599     0.999995       498734    187245.71
       5.599     0.999995       498734    218453.33
       5.603     0.999996       498735    262144.00
       5.603     0.999997       498735    291271.11
       5.603     0.999997       498735    327680.00
       5.603     0.999997       498735    374491.43
       5.603     0.999998       498735    436906.67
       5.631     0.999998       498736    524288.00
       5.631     1.000000       498736          inf
#[Mean    =        1.488, StdDeviation   =        0.563]
#[Max     =        5.628, Total count    =       498736]
#[Buckets =           27, SubBuckets     =         2048]
----------------------------------------------------------
  597078 requests in 1.00m, 41.57MB read
Requests/sec:   9951.02
Transfer/sec:    709.40KB
