   5823 root      20   0   13.6g 775340  29092 S 113.3   4.8  61:31.40 java
   5823 root      20   0   13.6g 775340  29092 S 407.0   4.8  61:35.47 java
   5823 root      20   0   13.6g 775340  29092 S 400.0   4.8  61:39.47 java
   5823 root      20   0   13.6g 775340  29092 S 399.0   4.8  61:43.46 java
   5823 root      20   0   13.6g 775340  29092 S 397.0   4.8  61:47.47 java
   5823 root      20   0   13.6g 775340  29092 S 400.0   4.8  61:51.47 java
   5823 root      20   0   13.6g 775340  29092 S 400.0   4.8  61:55.47 java
   5823 root      20   0   13.6g 775340  29092 S 400.0   4.8  61:59.47 java
   5823 root      20   0   13.6g 775340  29092 S 400.0   4.8  62:03.47 java
   5823 root      20   0   13.6g 775340  29092 S 400.0   4.8  62:07.47 java
   5823 root      20   0   13.6g 775340  29092 S 400.0   4.8  62:11.47 java
   5823 root      20   0   13.6g 775340  29092 S 400.0   4.8  62:15.47 java
   5823 root      20   0   13.6g 775340  29092 S 397.0   4.8  62:19.48 java
   5823 root      20   0   13.6g 775340  29092 S 400.0   4.8  62:23.48 java
   5823 root      20   0   13.6g 775340  29092 S 401.0   4.8  62:27.49 java
   5823 root      20   0   13.6g 775340  29092 S 401.0   4.8  62:31.50 java
   5823 root      20   0   13.6g 775340  29092 S 399.0   4.8  62:35.49 java
   5823 root      20   0   13.6g 775340  29092 S 401.0   4.8  62:39.50 java
   5823 root      20   0   13.6g 775340  29092 S 400.0   4.8  62:43.50 java
   5823 root      20   0   13.6g 775340  29092 S 404.0   4.8  62:47.54 java
   5823 root      20   0   13.6g 775340  29092 S 402.0   4.8  62:51.56 java
   5823 root      20   0   13.6g 775340  29092 S 401.0   4.8  62:55.57 java
   5823 root      20   0   13.6g 775340  29092 S 393.1   4.8  62:59.54 java
   5823 root      20   0   13.6g 775340  29092 S 403.0   4.8  63:03.57 java
   5823 root      20   0   13.6g 776260  29092 S 402.0   4.8  63:07.59 java
   5823 root      20   0   13.6g 776260  29092 S 402.0   4.8  63:11.61 java
   5823 root      20   0   13.6g 776260  29092 S 398.0   4.8  63:15.59 java
   5823 root      20   0   13.6g 776260  29092 S 404.0   4.8  63:19.63 java
   5823 root      20   0   13.6g 776260  29092 S 400.0   4.8  63:23.63 java
   5823 root      20   0   13.6g 776260  29092 S 397.0   4.8  63:27.60 java
   5823 root      20   0   13.6g 776260  29092 S 402.0   4.8  63:31.62 java
   5823 root      20   0   13.6g 776260  29092 S 402.0   4.8  63:35.64 java
   5823 root      20   0   13.6g 776260  29092 S 400.0   4.8  63:39.68 java
   5823 root      20   0   13.6g 776260  29092 S 400.0   4.8  63:43.68 java
   5823 root      20   0   13.6g 776260  29092 S 403.0   4.8  63:47.71 java
   5823 root      20   0   13.6g 776260  29092 S 399.0   4.8  63:51.70 java
   5823 root      20   0   13.6g 776260  29092 S 403.0   4.8  63:55.73 java
   5823 root      20   0   13.6g 776260  29092 S 393.0   4.8  63:59.66 java
   5823 root      20   0   13.6g 776260  29092 S 403.0   4.8  64:03.69 java
   5823 root      20   0   13.6g 776260  29092 S 406.0   4.8  64:07.75 java
   5823 root      20   0   13.6g 776260  29092 S 399.0   4.8  64:11.74 java
   5823 root      20   0   13.6g 776260  29092 S 396.0   4.8  64:15.70 java
   5823 root      20   0   13.6g 776260  29092 S 397.0   4.8  64:19.71 java
   5823 root      20   0   13.6g 776260  29092 S 403.0   4.8  64:23.74 java
   5823 root      20   0   13.6g 776260  29092 S 394.0   4.8  64:27.68 java
   5823 root      20   0   13.6g 776260  29092 S 408.0   4.8  64:31.76 java
   5823 root      20   0   13.6g 776260  29092 S 408.0   4.8  64:35.84 java
   5823 root      20   0   13.6g 776464  29092 S 388.0   4.8  64:39.72 java
   5823 root      20   0   13.6g 776464  29092 S 412.0   4.8  64:43.84 java
   5823 root      20   0   13.6g 776464  29092 S 394.0   4.8  64:47.78 java
   5823 root      20   0   13.6g 776464  29092 S 409.0   4.8  64:51.87 java
   5823 root      20   0   13.6g 776464  29092 S 399.0   4.8  64:55.86 java
   5823 root      20   0   13.6g 776464  29092 S 396.0   4.8  64:59.86 java
   5823 root      20   0   13.6g 776680  29092 S 395.0   4.8  65:03.