   5370 root      20   0 9220604 697088  29076 S 453.3   4.3  75:45.88 java
   5370 root      20   0 9220604 697088  29076 S 401.0   4.3  75:49.89 java
   5370 root      20   0 9220604 697088  29076 S 400.0   4.3  75:53.89 java
   5370 root      20   0 9220604 697088  29076 S 400.0   4.3  75:57.89 java
   5370 root      20   0 9220604 697088  29076 S 397.0   4.3  76:01.90 java
   5370 root      20   0 9220604 697400  29076 S 399.0   4.3  76:05.89 java
   5370 root      20   0 9220604 697572  29076 S 400.0   4.3  76:09.89 java
   5370 root      20   0 9220604 697572  29076 S 400.0   4.3  76:13.89 java
   5370 root      20   0 9220604 697572  29076 S 400.0   4.3  76:17.89 java
   5370 root      20   0 9220604 697572  29076 S 400.0   4.3  76:21.89 java
   5370 root      20   0 9220604 697572  29076 S 399.0   4.3  76:25.88 java
   5370 root      20   0 9220604 697572  29076 S 401.0   4.3  76:29.89 java
   5370 root      20   0 9220604 697572  29076 S 396.0   4.3  76:33.89 java
   5370 root      20   0 9220604 697572  29076 S 400.0   4.3  76:37.89 java
   5370 root      20   0 9220604 697572  29076 S 400.0   4.3  76:41.89 java
   5370 root      20   0 9220604 697572  29076 S 400.0   4.3  76:45.89 java
   5370 root      20   0 9220604 697572  29076 S 400.0   4.3  76:49.89 java
   5370 root      20   0 9220604 697572  29076 S 400.0   4.3  76:53.89 java
   5370 root      20   0 9220604 697572  29076 S 400.0   4.3  76:57.89 java
   5370 root      20   0 9220604 697572  29076 S 396.0   4.3  77:01.89 java
   5370 root      20   0 9220604 697572  29076 S 400.0   4.3  77:05.89 java
   5370 root      20   0 9220604 697572  29076 S 401.0   4.3  77:09.90 java
   5370 root      20   0 9220604 697572  29076 S 400.0   4.3  77:13.90 java
   5370 root      20   0 9220604 697572  29076 S 402.0   4.3  77:17.92 java
   5370 root      20   0 9220604 697572  29076 S 400.0   4.3  77:21.92 java
   5370 root      20   0 9220604 697572  29076 S 401.0   4.3  77:25.93 java
   5370 root      20   0 9220604 697572  29076 S 401.0   4.3  77:29.94 java
   5370 root      20   0 9220604 697572  29076 S 396.0   4.3  77:33.94 java
   5370 root      20   0 9220604 697572  29076 S 403.0   4.3  77:37.97 java
   5370 root      20   0 9220604 697572  29076 S 399.0   4.3  77:41.96 java
   5370 root      20   0 9220604 697572  29076 S 401.0   4.3  77:45.97 java
   5370 root      20   0 9220604 697572  29076 S 401.0   4.3  77:49.98 java
   5370 root      20   0 9220604 697572  29076 S 400.0   4.3  77:53.98 java
   5370 root      20   0 9220604 697572  29076 S 402.0   4.3  77:58.00 java
   5370 root      20   0 9220604 697572  29076 S 399.0   4.3  78:01.99 java
   5370 root      20   0 9220604 697572  29076 S 401.0   4.3  78:06.00 java
   5370 root      20   0 9220604 697572  29076 S 399.0   4.3  78:10.03 java
   5370 root      20   0 9220604 697572  29076 S 399.0   4.3  78:14.02 java
   5370 root      20   0 9220604 697572  29076 S 402.0   4.3  78:18.04 java
   5370 root      20   0 9220604 697572  29076 S 400.0   4.3  78:22.04 java
   5370 root      20   0 9220604 697572  29076 S 403.0   4.3  78:26.07 java
   5370 root      20   0 9220604 697572  29076 S 400.0   4.3  78:30.07 java
   5370 root      20   0 9220604 697572  29076 S 401.0   4.3  78:34.08 java
   5370 root      20   0 9220604 697572  29076 S 396.0   4.3  78:38.08 java
   5370 root      20   0 9220604 697572  29076 S 400.0   4.3  78:42.08 java
   5370 root      20   0 9220604 697572  29076 S 401.0   4.3  78:46.09 java
   5370 root      20   0 9220604 697572  29076 S 402.0   4.3  78:50.11 java
   5370 root      20   0 9220604 697572  29076 S 402.0   4.3  78:54.13 java
   5370 root      20   0 9220604 697572  29076 S 399.0   4.3  78:58.12 java
   5370 root      20   0 9220604 697572  29076 S 402.0   4.3  79:02.14 java
   5370 root      20   0 9220604 697572  29076 S 395.0   4.3  79:06.13 java
   5370 root      20   0 9220604 697572  29076 S 403.0   4.3  79:10.16 java
   5370 root      20   0 9220604 697572  29076 S 399.0   4.3  79:14.15 java
   5370 root      20   0 9220604 697572  29076 S 399.0   4.3  79:18.