   5823 root      20   0   13.6g 495800  29092 S 333.3   3.0  10:55.17 java
   5823 root      20   0   13.6g 495800  29092 S 331.0   3.0  10:58.48 java
   5823 root      20   0   13.6g 495800  29092 S 330.0   3.0  11:01.78 java
   5823 root      20   0   13.6g 496120  29092 S 332.0   3.0  11:05.10 java
   5823 root      20   0   13.6g 496120  29092 S 327.0   3.0  11:08.37 java
   5823 root      20   0   13.6g 496788  29092 S 326.0   3.0  11:11.63 java
   5823 root      20   0   13.6g 498304  29092 S 328.0   3.1  11:14.91 java
   5823 root      20   0   13.6g 498304  29092 S 328.0   3.1  11:18.19 java
   5823 root      20   0   13.6g 498304  29092 S 328.0   3.1  11:21.47 java
   5823 root      20   0   13.6g 498436  29092 S 327.7   3.1  11:24.78 java
   5823 root      20   0   13.6g 498520  29092 S 332.0   3.1  11:28.10 java
   5823 root      20   0   13.6g 499256  29092 S 331.0   3.1  11:31.41 java
   5823 root      20   0   13.6g 499256  29092 S 329.0   3.1  11:34.70 java
   5823 root      20   0   13.6g 499384  29092 S 327.0   3.1  11:37.97 java
   5823 root      20   0   13.6g 499384  29092 S 334.0   3.1  11:41.31 java
   5823 root      20   0   13.6g 499384  29092 S 331.0   3.1  11:44.62 java
   5823 root      20   0   13.6g 499500  29092 S 329.0   3.1  11:47.91 java
   5823 root      20   0   13.6g 499500  29092 S 327.0   3.1  11:51.18 java
   5823 root      20   0   13.6g 499500  29092 S 331.0   3.1  11:54.49 java
   5823 root      20   0   13.6g 499500  29092 S 327.7   3.1  11:57.80 java
   5823 root      20   0   13.6g 499500  29092 S 332.0   3.1  12:01.12 java
   5823 root      20   0   13.6g 499500  29092 S 330.0   3.1  12:04.42 java
   5823 root      20   0   13.6g 499500  29092 S 331.0   3.1  12:07.73 java
   5823 root      20   0   13.6g 499500  29092 S 327.0   3.1  12:11.00 java
   5823 root      20   0   13.6g 499656  29092 S 331.0   3.1  12:14.31 java
   5823 root      20   0   13.6g 499932  29092 S 332.0   3.1  12:17.63 java
   5823 root      20   0   13.6g 500084  29092 S 329.0   3.1  12:20.92 java
   5823 root      20   0   13.6g 500324  29092 S 334.0   3.1  12:24.26 java
   5823 root      20   0   13.6g 500452  29092 S 330.0   3.1  12:27.56 java
   5823 root      20   0   13.6g 500604  29092 S 328.7   3.1  12:30.88 java
   5823 root      20   0   13.6g 500604  29092 S 330.0   3.1  12:34.18 java
   5823 root      20   0   13.6g 500604  29092 S 332.0   3.1  12:37.50 java
   5823 root      20   0   13.6g 500732  29092 S 332.0   3.1  12:40.82 java
   5823 root      20   0   13.6g 500732  29092 S 331.0   3.1  12:44.13 java
   5823 root      20   0   13.6g 500732  29092 S 324.0   3.1  12:47.37 java
   5823 root      20   0   13.6g 500888  29092 S 327.0   3.1  12:50.64 java
   5823 root      20   0   13.6g 501060  29092 S 330.0   3.1  12:53.94 java
   5823 root      20   0   13.6g 501228  29092 S 331.0   3.1  12:57.25 java
   5823 root      20   0   13.6g 501484  29092 S 332.0   3.1  13:00.57 java
   5823 root      20   0   13.6g 501484  29092 S 325.7   3.1  13:03.86 java
   5823 root      20   0   13.6g 501484  29092 S 336.0   3.1  13:07.22 java
   5823 root      20   0   13.6g 501484  29092 S 332.0   3.1  13:10.54 java
   5823 root      20   0   13.6g 503080  29092 S 329.0   3.1  13:13.83 java
   5823 root      20   0   13.6g 503080  29092 S 332.0   3.1  13:17.15 java
   5823 root      20   0   13.6g 503080  29092 S 326.0   3.1  13:20.41 java
   5823 root      20   0   13.6g 503080  29092 S 330.0   3.1  13:23.71 java
   5823 root      20   0   13.6g 503080  29092 S 330.0   3.1  13:27.01 java
   5823 root      20   0   13.6g 503364  29092 S 330.0   3.1  13:30.31 java
   5823 root      20   0   13.6g 503364  29092 S 325.0   3.1  13:33.56 java
   5823 root      20   0   13.6g 503364  29092 S 325.7   3.1  13:36.85 java
   5823 root      20   0   13.6g 503476  29092 S 330.0   3.1  13:40.15 java
   5823 root      20   0   13.6g 503476  29092 S 329.0   3.1  13:43.44 java
   5823 root      20   0   13.6g 503476  29092 S 327.0   3.1  13:46.71 java
   5823 root      20   0   13.6g 503476  29092 S 331.0   3.1  13:50.