  28858 root      20   0 9218556 383848  29088 S 180.0   2.4   0:42.77 java
  28858 root      20   0 9218556 384024  29088 S  86.0   2.4   0:43.63 java
  28858 root      20   0 9218556 384024  29088 S  38.6   2.4   0:44.02 java
  28858 root      20   0 9218556 384024  29088 S  40.0   2.4   0:44.42 java
  28858 root      20   0 9218556 384024  29088 S  39.0   2.4   0:44.81 java
  28858 root      20   0 9218556 384024  29088 S  39.0   2.4   0:45.20 java
  28858 root      20   0 9218556 384024  29088 S  39.0   2.4   0:45.59 java
  28858 root      20   0 9218556 384056  29088 S  39.0   2.4   0:45.98 java
  28858 root      20   0 9218556 384056  29088 S  40.0   2.4   0:46.38 java
  28858 root      20   0 9218556 384056  29088 S  37.6   2.4   0:46.76 java
  28858 root      20   0 9218556 384056  29088 S  38.0   2.4   0:47.14 java
  28858 root      20   0 9218556 384056  29088 S  39.0   2.4   0:47.53 java
  28858 root      20   0 9218556 384068  29088 S  37.0   2.4   0:47.90 java
  28858 root      20   0 9218556 384068  29088 S  39.0   2.4   0:48.29 java
  28858 root      20   0 9218556 384068  29088 S  38.0   2.4   0:48.67 java
  28858 root      20   0 9218556 384068  29088 S  38.0   2.4   0:49.05 java
  28858 root      20   0 9218556 384068  29088 S  38.0   2.4   0:49.43 java
  28858 root      20   0 9218556 384068  29088 S  37.6   2.4   0:49.81 java
  28858 root      20   0 9218556 384068  29088 S  37.0   2.4   0:50.18 java
  28858 root      20   0 9218556 384068  29088 S  40.0   2.4   0:50.58 java
  28858 root      20   0 9218556 384068  29088 S  37.0   2.4   0:50.95 java
  28858 root      20   0 9218556 384068  29088 S  39.0   2.4   0:51.34 java
  28858 root      20   0 9218556 384068  29088 S  38.0   2.4   0:51.72 java
  28858 root      20   0 9218556 384068  29088 S  39.0   2.4   0:52.11 java
  28858 root      20   0 9218556 384068  29088 S  39.0   2.4   0:52.50 java
  28858 root      20   0 9218556 384068  29088 S  38.6   2.4   0:52.89 java
  28858 root      20   0 9218556 384068  29088 S  39.0   2.4   0:53.28 java
  28858 root      20   0 9218556 384068  29088 S  38.0   2.4   0:53.66 java
  28858 root      20   0 9218556 384068  29088 S  38.0   2.4   0:54.04 java
  28858 root      20   0 9218556 384068  29088 S  39.0   2.4   0:54.43 java
  28858 root      20   0 9218556 384068  29088 S  40.0   2.4   0:54.83 java
  28858 root      20   0 9218556 384068  29088 S  38.0   2.4   0:55.21 java
  28858 root      20   0 9218556 384068  29088 S  39.6   2.4   0:55.61 java
  28858 root      20   0 9218556 384068  29088 S  39.0   2.4   0:56.00 java
  28858 root      20   0 9218556 384068  29088 S  38.0   2.4   0:56.38 java
  28858 root      20   0 9218556 384564  29088 S  38.0   2.4   0:56.76 java
  28858 root      20   0 9218556 384564  29088 S  38.0   2.4   0:57.14 java
  28858 root      20   0 9218556 384564  29088 S  38.0   2.4   0:57.52 java
  28858 root      20   0 9218556 384564  29088 S  36.0   2.4   0:57.88 java
  28858 root      20   0 9218556 384564  29088 S  37.0   2.4   0:58.25 java
  28858 root      20   0 9218556 384564  29088 S  36.6   2.4   0:58.62 java
  28858 root      20   0 9218556 384564  29088 S  38.0   2.4   0:59.00 java
  28858 root      20   0 9218556 384564  29088 S  38.0   2.4   0:59.38 java
  28858 root      20   0 9218556 384564  29088 S  41.0   2.4   0:59.79 java
  28858 root      20   0 9218556 384564  29088 S  37.0   2.4   1:00.16 java
  28858 root      20   0 9218556 384564  29088 S  38.0   2.4   1:00.54 java
  28858 root      20   0 9218556 384564  29088 S  45.0   2.4   1:00.99 java
  28858 root      20   0 9218556 384564  29088 S  36.0   2.4   1:01.35 java
  28858 root      20   0 9218556 384564  29088 S  37.6   2.4   1:01.73 java
  28858 root      20   0 9218556 384564  29088 S  37.0   2.4   1:02.10 java
  28858 root      20   0 9218556 384564  29088 S  38.0   2.4   1:02.48 java
  28858 root      20   0 9218556 384564  29088 S  37.0   2.4   1:02.85 java
  28858 root      20   0 9218556 384564  29088 S  40.0   2.4   1:03.25 java
  28858 root      20   0 9218556 384564  29088 S  38.0   2.4   1:03.