   5823 root      20   0   13.6g 604348  29092 S  93.3   3.7  29:31.94 java
   5823 root      20   0   13.6g 604348  29092 S 406.0   3.7  29:36.00 java
   5823 root      20   0   13.6g 604512  29092 S 400.0   3.7  29:40.00 java
   5823 root      20   0   13.6g 604512  29092 S 397.0   3.7  29:44.01 java
   5823 root      20   0   13.6g 604512  29092 S 399.0   3.7  29:48.00 java
   5823 root      20   0   13.6g 604972  29092 S 401.0   3.7  29:52.01 java
   5823 root      20   0   13.6g 604972  29092 S 399.0   3.7  29:56.00 java
   5823 root      20   0   13.6g 604972  29092 S 400.0   3.7  30:00.00 java
   5823 root      20   0   13.6g 604972  29092 S 400.0   3.7  30:04.00 java
   5823 root      20   0   13.6g 604972  29092 S 401.0   3.7  30:08.01 java
   5823 root      20   0   13.6g 604972  29092 S 399.0   3.7  30:12.00 java
   5823 root      20   0   13.6g 604972  29092 S 397.0   3.7  30:16.01 java
   5823 root      20   0   13.6g 604972  29092 S 401.0   3.7  30:20.02 java
   5823 root      20   0   13.6g 671636  29092 S 401.0   4.1  30:24.03 java
   5823 root      20   0   13.6g 671636  29092 S 399.0   4.1  30:28.02 java
   5823 root      20   0   13.6g 671636  29092 S 402.0   4.1  30:32.04 java
   5823 root      20   0   13.6g 671636  29092 S 401.0   4.1  30:36.05 java
   5823 root      20   0   13.6g 671636  29092 S 402.0   4.1  30:40.07 java
   5823 root      20   0   13.6g 671812  29092 S 401.0   4.1  30:44.08 java
   5823 root      20   0   13.6g 671812  29092 S 401.0   4.1  30:48.09 java
   5823 root      20   0   13.6g 671812  29092 S 400.0   4.1  30:52.09 java
   5823 root      20   0   13.6g 671812  29092 S 397.0   4.1  30:56.10 java
   5823 root      20   0   13.6g 671996  29092 S 402.0   4.1  31:00.12 java
   5823 root      20   0   13.6g 671996  29092 S 399.0   4.1  31:04.11 java
   5823 root      20   0   13.6g 671996  29092 S 401.0   4.1  31:08.12 java
   5823 root      20   0   13.6g 671996  29092 S 403.0   4.1  31:12.15 java
   5823 root      20   0   13.6g 672148  29092 S 397.0   4.1  31:16.12 java
   5823 root      20   0   13.6g 672148  29092 S 407.0   4.1  31:20.19 java
   5823 root      20   0   13.6g 672148  29092 S 397.0   4.1  31:24.16 java
   5823 root      20   0   13.6g 672148  29092 S 400.0   4.1  31:28.16 java
   5823 root      20   0   13.6g 672148  29092 S 400.0   4.1  31:32.16 java
   5823 root      20   0   13.6g 672148  29092 S 403.0   4.1  31:36.23 java
   5823 root      20   0   13.6g 672308  29092 S 395.0   4.1  31:40.18 java
   5823 root      20   0   13.6g 672308  29092 S 406.0   4.1  31:44.24 java
   5823 root      20   0   13.6g 672308  29092 S 398.0   4.1  31:48.22 java
   5823 root      20   0   13.6g 672308  29092 S 404.0   4.1  31:52.26 java
   5823 root      20   0   13.6g 672308  29092 S 400.0   4.1  31:56.26 java
   5823 root      20   0   13.6g 672308  29092 S 400.0   4.1  32:00.26 java
   5823 root      20   0   13.6g 672480  29092 S 402.0   4.1  32:04.28 java
   5823 root      20   0   13.6g 672624  29092 S 394.0   4.1  32:08.22 java
   5823 root      20   0   13.6g 672624  29092 S 409.0   4.1  32:12.31 java
   5823 root      20   0   13.6g 672788  29092 S 395.0   4.1  32:16.30 java
   5823 root      20   0   13.6g 672788  29092 S 402.0   4.1  32:20.32 java
   5823 root      20   0   13.6g 672788  29092 S 401.0   4.1  32:24.33 java
   5823 root      20   0   13.6g 673764  29092 S 393.0   4.1  32:28.26 java
   5823 root      20   0   13.6g 673764  29092 S 403.0   4.1  32:32.29 java
   5823 root      20   0   13.6g 673908  29092 S 402.0   4.1  32:36.31 java
   5823 root      20   0   13.6g 674056  29092 S 404.0   4.1  32:40.35 java
   5823 root      20   0   13.6g 674056  29092 S 399.0   4.1  32:44.34 java
   5823 root      20   0   13.6g 674056  29092 S 400.0   4.1  32:48.34 java
   5823 root      20   0   13.6g 674312  29092 S 397.0   4.1  32:52.31 java
   5823 root      20   0   13.6g 674312  29092 S 398.0   4.1  32:56.33 java
   5823 root      20   0   13.6g 674312  29092 S 403.0   4.1  33:00.36 java
   5823 root      20   0   13.6g 674312  29092 S 399.0   4.1  33:04.