   5370 root      20   0 9220604 698800  29076 S  62.5   4.3  87:44.49 java
   5370 root      20   0 9220604 698800  29076 S 401.0   4.3  87:48.50 java
   5370 root      20   0 9220604 698800  29076 S 401.0   4.3  87:52.51 java
   5370 root      20   0 9220604 698800  29076 S 401.0   4.3  87:56.52 java
   5370 root      20   0 9220604 698800  29076 S 400.0   4.3  88:00.52 java
   5370 root      20   0 9220604 698800  29076 S 401.0   4.3  88:04.53 java
   5370 root      20   0 9220604 698928  29076 S 401.0   4.3  88:08.54 java
   5370 root      20   0 9220604 698928  29076 S 400.0   4.3  88:12.54 java
   5370 root      20   0 9220604 698928  29076 S 401.0   4.3  88:16.55 java
   5370 root      20   0 9220604 698928  29076 S 401.0   4.3  88:20.56 java
   5370 root      20   0 9220604 698928  29076 S 397.0   4.3  88:24.57 java
   5370 root      20   0 9220604 698928  29076 S 400.0   4.3  88:28.57 java
   5370 root      20   0 9220604 698928  29076 S 402.0   4.3  88:32.59 java
   5370 root      20   0 9220604 698928  29076 S 400.0   4.3  88:36.59 java
   5370 root      20   0 9220604 698928  29076 S 402.0   4.3  88:40.61 java
   5370 root      20   0 9220604 698928  29076 S 400.0   4.3  88:44.61 java
   5370 root      20   0 9220604 698928  29076 S 401.0   4.3  88:48.62 java
   5370 root      20   0 9220604 698928  29076 S 401.0   4.3  88:52.63 java
   5370 root      20   0 9220604 698928  29076 S 395.0   4.3  88:56.62 java
   5370 root      20   0 9220604 698928  29076 S 402.0   4.3  89:00.64 java
   5370 root      20   0 9220604 698928  29076 S 400.0   4.3  89:04.64 java
   5370 root      20   0 9220604 698928  29076 S 402.0   4.3  89:08.66 java
   5370 root      20   0 9220604 698928  29076 S 400.0   4.3  89:12.66 java
   5370 root      20   0 9220604 698928  29076 S 401.0   4.3  89:16.67 java
   5370 root      20   0 9220604 698928  29076 S 402.0   4.3  89:20.69 java
   5370 root      20   0 9220604 698928  29076 S 400.0   4.3  89:24.69 java
   5370 root      20   0 9220604 698928  29076 S 395.0   4.3  89:28.68 java
   5370 root      20   0 9220604 698928  29076 S 402.0   4.3  89:32.70 java
   5370 root      20   0 9220604 698928  29076 S 402.0   4.3  89:36.72 java
   5370 root      20   0 9220604 698928  29076 S 400.0   4.3  89:40.72 java
   5370 root      20   0 9220604 698928  29076 S 401.0   4.3  89:44.73 java
   5370 root      20   0 9220604 698928  29076 S 401.0   4.3  89:48.74 java
   5370 root      20   0 9220604 698928  29076 S 402.0   4.3  89:52.76 java
   5370 root      20   0 9220604 698928  29076 S 395.0   4.3  89:56.75 java
   5370 root      20   0 9220604 698928  29076 S 400.0   4.3  90:00.75 java
   5370 root      20   0 9220604 698928  29076 S 402.0   4.3  90:04.77 java
   5370 root      20   0 9220604 698928  29076 S 399.0   4.3  90:08.76 java
   5370 root      20   0 9220604 698928  29076 S 402.0   4.3  90:12.78 java
   5370 root      20   0 9220604 698928  29076 S 402.0   4.3  90:16.80 java
   5370 root      20   0 9220604 698928  29076 S 401.0   4.3  90:20.81 java
   5370 root      20   0 9220604 698928  29076 S 396.0   4.3  90:24.81 java
   5370 root      20   0 9220604 698928  29076 S 404.0   4.3  90:28.85 java
   5370 root      20   0 9220604 698928  29076 S 395.0   4.3  90:32.80 java
   5370 root      20   0 9220604 698928  29076 S 402.0   4.3  90:36.82 java
   5370 root      20   0 9220604 698928  29076 S 402.0   4.3  90:40.84 java
   5370 root      20   0 9220604 698928  29076 S 401.0   4.3  90:44.85 java
   5370 root      20   0 9220604 698928  29076 S 400.0   4.3  90:48.85 java
   5370 root      20   0 9220604 698928  29076 S 403.0   4.3  90:52.88 java
   5370 root      20   0 9220604 698928  29076 S 395.0   4.3  90:56.87 java
   5370 root      20   0 9220604 698928  29076 S 398.0   4.3  91:00.85 java
   5370 root      20   0 9220604 698928  29076 S 400.0   4.3  91:04.85 java
   5370 root      20   0 9220604 698928  29076 S 403.0   4.3  91:08.88 java
   5370 root      20   0 9220604 698928  29076 S 402.0   4.3  91:12.90 java
   5370 root      20   0 9220604 698928  29076 S 399.0   4.3  91:16.