   5370 root      20   0 9220604 464568  29076 S 440.0   2.8  43:46.96 java
   5370 root      20   0 9220604 464568  29076 S 404.0   2.8  43:51.00 java
   5370 root      20   0 9220604 464568  29076 S 391.0   2.8  43:54.91 java
   5370 root      20   0 9220604 464568  29076 S 406.0   2.8  43:58.97 java
   5370 root      20   0 9220604 465240  29076 S 403.0   2.9  44:03.00 java
   5370 root      20   0 9220604 465240  29076 S 399.0   2.9  44:06.99 java
   5370 root      20   0 9220604 465240  29076 S 395.0   2.9  44:10.98 java
   5370 root      20   0 9220604 465240  29076 S 400.0   2.9  44:14.98 java
   5370 root      20   0 9220604 465240  29076 S 398.0   2.9  44:18.96 java
   5370 root      20   0 9220604 465240  29076 S 404.0   2.9  44:23.00 java
   5370 root      20   0 9220604 465240  29076 S 399.0   2.9  44:26.99 java
   5370 root      20   0 9220604 465240  29076 S 401.0   2.9  44:31.00 java
   5370 root      20   0 9220604 465240  29076 S 399.0   2.9  44:34.99 java
   5370 root      20   0 9220604 465240  29076 S 397.0   2.9  44:39.00 java
   5370 root      20   0 9220604 465240  29076 S 399.0   2.9  44:42.99 java
   5370 root      20   0 9220604 465412  29076 S 400.0   2.9  44:46.99 java
   5370 root      20   0 9220604 465412  29076 S 401.0   2.9  44:51.00 java
   5370 root      20   0 9220604 465412  29076 S 399.0   2.9  44:54.99 java
   5370 root      20   0 9220604 465412  29076 S 400.0   2.9  44:58.99 java
   5370 root      20   0 9220604 465412  29076 S 401.0   2.9  45:03.00 java
   5370 root      20   0 9220604 465412  29076 S 396.0   2.9  45:07.00 java
   5370 root      20   0 9220604 465412  29076 S 400.0   2.9  45:11.00 java
   5370 root      20   0 9220604 465412  29076 S 401.0   2.9  45:15.01 java
   5370 root      20   0 9220604 465412  29076 S 401.0   2.9  45:19.02 java
   5370 root      20   0 9220604 465412  29076 S 400.0   2.9  45:23.02 java
   5370 root      20   0 9220604 465412  29076 S 402.0   2.9  45:27.04 java
   5370 root      20   0 9220604 465412  29076 S 401.0   2.9  45:31.05 java
   5370 root      20   0 9220604 527812  29076 S 399.0   3.2  45:35.04 java
   5370 root      20   0 9220604 527812  29076 S 398.0   3.2  45:39.06 java
   5370 root      20   0 9220604 527812  29076 S 401.0   3.2  45:43.07 java
   5370 root      20   0 9220604 527812  29076 S 400.0   3.2  45:47.07 java
   5370 root      20   0 9220604 527812  29076 S 401.0   3.2  45:51.08 java
   5370 root      20   0 9220604 527812  29076 S 401.0   3.2  45:55.09 java
   5370 root      20   0 9220604 527812  29076 S 402.0   3.2  45:59.11 java
   5370 root      20   0 9220604 527812  29076 S 401.0   3.2  46:03.12 java
   5370 root      20   0 9220604 527812  29076 S 396.0   3.2  46:07.12 java
   5370 root      20   0 9220604 527812  29076 S 402.0   3.2  46:11.14 java
   5370 root      20   0 9220604 527812  29076 S 401.0   3.2  46:15.15 java
   5370 root      20   0 9220604 527812  29076 S 400.0   3.2  46:19.15 java
   5370 root      20   0 9220604 527812  29076 S 401.0   3.2  46:23.16 java
   5370 root      20   0 9220604 527812  29076 S 400.0   3.2  46:27.16 java
   5370 root      20   0 9220604 527812  29076 S 402.0   3.2  46:31.18 java
   5370 root      20   0 9220604 527812  29076 S 398.0   3.2  46:35.16 java
   5370 root      20   0 9220604 527812  29076 S 404.0   3.2  46:39.20 java
   5370 root      20   0 9220604 527812  29076 S 395.0   3.2  46:43.19 java
   5370 root      20   0 9220604 527812  29076 S 403.0   3.2  46:47.22 java
   5370 root      20   0 9220604 527812  29076 S 398.0   3.2  46:51.20 java
   5370 root      20   0 9220604 527812  29076 S 401.0   3.2  46:55.21 java
   5370 root      20   0 9220604 527812  29076 S 402.0   3.2  46:59.23 java
   5370 root      20   0 9220604 527812  29076 S 400.0   3.2  47:03.23 java
   5370 root      20   0 9220604 527812  29076 S 399.0   3.2  47:07.22 java
   5370 root      20   0 9220604 527812  29076 S 390.0   3.2  47:11.12 java
   5370 root      20   0 9220604 527812  29076 S 409.0   3.2  47:15.21 java
   5370 root      20   0 9220604 527812  29076 S 395.0   3.2  47:19.