   5370 root      20   0 9220604 603948  29076 S   0.0   3.7  55:45.20 java
   5370 root      20   0 9220604 603948  29076 S 390.0   3.7  55:49.10 java
   5370 root      20   0 9220604 603948  29076 S 400.0   3.7  55:53.10 java
   5370 root      20   0 9220604 603948  29076 S 400.0   3.7  55:57.10 java
   5370 root      20   0 9220604 603948  29076 S 395.0   3.7  56:01.09 java
   5370 root      20   0 9220604 604272  29076 S 400.0   3.7  56:05.09 java
   5370 root      20   0 9220604 604272  29076 S 401.0   3.7  56:09.10 java
   5370 root      20   0 9220604 604272  29076 S 400.0   3.7  56:13.10 java
   5370 root      20   0 9220604 604272  29076 S 399.0   3.7  56:17.09 java
   5370 root      20   0 9220604 604272  29076 S 401.0   3.7  56:21.10 java
   5370 root      20   0 9220604 604272  29076 S 399.0   3.7  56:25.09 java
   5370 root      20   0 9220604 604272  29076 S 397.0   3.7  56:29.10 java
   5370 root      20   0 9220604 604272  29076 S 400.0   3.7  56:33.10 java
   5370 root      20   0 9220604 604272  29076 S 401.0   3.7  56:37.11 java
   5370 root      20   0 9220604 604272  29076 S 401.0   3.7  56:41.12 java
   5370 root      20   0 9220604 604272  29076 S 401.0   3.7  56:45.13 java
   5370 root      20   0 9220604 604272  29076 S 401.0   3.7  56:49.14 java
   5370 root      20   0 9220604 604272  29076 S 400.0   3.7  56:53.14 java
   5370 root      20   0 9220604 604272  29076 S 402.0   3.7  56:57.16 java
   5370 root      20   0 9220604 604272  29076 S 396.0   3.7  57:01.16 java
   5370 root      20   0 9220604 604272  29076 S 401.0   3.7  57:05.17 java
   5370 root      20   0 9220604 604272  29076 S 399.0   3.7  57:09.16 java
   5370 root      20   0 9220604 604272  29076 S 403.0   3.7  57:13.19 java
   5370 root      20   0 9220604 604272  29076 S 400.0   3.7  57:17.19 java
   5370 root      20   0 9220604 604272  29076 S 401.0   3.7  57:21.20 java
   5370 root      20   0 9220604 604272  29076 S 400.0   3.7  57:25.20 java
   5370 root      20   0 9220604 604272  29076 S 401.0   3.7  57:29.21 java
   5370 root      20   0 9220604 669736  29076 S 397.0   4.1  57:33.22 java
   5370 root      20   0 9220604 695080  29076 S 401.0   4.3  57:37.23 java
   5370 root      20   0 9220604 695080  29076 S 401.0   4.3  57:41.24 java
   5370 root      20   0 9220604 695080  29076 S 402.0   4.3  57:45.26 java
   5370 root      20   0 9220604 695080  29076 S 402.0   4.3  57:49.28 java
   5370 root      20   0 9220604 695080  29076 S 399.0   4.3  57:53.27 java
   5370 root      20   0 9220604 695080  29076 S 400.0   4.3  57:57.27 java
   5370 root      20   0 9220604 695080  29076 S 402.0   4.3  58:01.29 java
   5370 root      20   0 9220604 695080  29076 S 397.0   4.3  58:05.30 java
   5370 root      20   0 9220604 695080  29076 S 399.0   4.3  58:09.29 java
   5370 root      20   0 9220604 695080  29076 S 400.0   4.3  58:13.29 java
   5370 root      20   0 9220604 695080  29076 S 401.0   4.3  58:17.30 java
   5370 root      20   0 9220604 695080  29076 S 401.0   4.3  58:21.31 java
   5370 root      20   0 9220604 695080  29076 S 402.0   4.3  58:25.33 java
   5370 root      20   0 9220604 695080  29076 S 399.0   4.3  58:29.32 java
   5370 root      20   0 9220604 695080  29076 S 401.0   4.3  58:33.33 java
   5370 root      20   0 9220604 695080  29076 S 400.0   4.3  58:37.33 java
   5370 root      20   0 9220604 695080  29076 S 397.0   4.3  58:41.34 java
   5370 root      20   0 9220604 695080  29076 S 400.0   4.3  58:45.34 java
   5370 root      20   0 9220604 695080  29076 S 401.0   4.3  58:49.35 java
   5370 root      20   0 9220604 695080  29076 S 402.0   4.3  58:53.37 java
   5370 root      20   0 9220604 695080  29076 S 400.0   4.3  58:57.37 java
   5370 root      20   0 9220604 695080  29076 S 404.0   4.3  59:01.41 java
   5370 root      20   0 9220604 695080  29076 S 399.0   4.3  59:05.40 java
   5370 root      20   0 9220604 695080  29076 S 397.0   4.3  59:09.41 java
   5370 root      20   0 9220604 695080  29076 S 400.0   4.3  59:13.41 java
   5370 root      20   0 9220604 695080  29076 S 403.0   4.3  59:17.