  28858 root      20   0 9220604 389496  29088 S 113.3   2.4  12:20.40 java
  28858 root      20   0 9220604 389496  29088 S 150.5   2.4  12:21.92 java
  28858 root      20   0 9220604 389496  29088 S 226.0   2.4  12:24.18 java
  28858 root      20   0 9220604 389496  29088 S 232.0   2.4  12:26.50 java
  28858 root      20   0 9220604 389496  29088 S 234.0   2.4  12:28.84 java
  28858 root      20   0 9220604 389496  29088 S 235.0   2.4  12:31.19 java
  28858 root      20   0 9220604 389496  29088 S 242.0   2.4  12:33.61 java
  28858 root      20   0 9220604 389800  29088 S 236.0   2.4  12:35.97 java
  28858 root      20   0 9220604 389800  29088 S 232.0   2.4  12:38.29 java
  28858 root      20   0 9220604 389800  29088 S 233.7   2.4  12:40.65 java
  28858 root      20   0 9220604 389800  29088 S 232.0   2.4  12:42.97 java
  28858 root      20   0 9220604 389800  29088 S 237.0   2.4  12:45.34 java
  28858 root      20   0 9220604 389800  29088 S 234.0   2.4  12:47.68 java
  28858 root      20   0 9220604 389800  29088 S 228.0   2.4  12:49.96 java
  28858 root      20   0 9220604 389800  29088 S 237.0   2.4  12:52.33 java
  28858 root      20   0 9220604 389800  29088 S 233.0   2.4  12:54.66 java
  28858 root      20   0 9220604 389800  29088 S 243.0   2.4  12:57.09 java
  28858 root      20   0 9220604 389800  29088 S 241.0   2.4  12:59.50 java
  28858 root      20   0 9220604 389800  29088 S 236.6   2.4  13:01.89 java
  28858 root      20   0 9220604 389800  29088 S 245.0   2.4  13:04.34 java
  28858 root      20   0 9220604 389800  29088 S 248.0   2.4  13:06.82 java
  28858 root      20   0 9220604 389800  29088 S 246.0   2.4  13:09.28 java
  28858 root      20   0 9220604 389800  29088 S 242.0   2.4  13:11.70 java
  28858 root      20   0 9220604 389800  29088 S 246.0   2.4  13:14.16 java
  28858 root      20   0 9220604 389800  29088 S 235.0   2.4  13:16.51 java
  28858 root      20   0 9220604 389800  29088 S 239.0   2.4  13:18.90 java
  28858 root      20   0 9220604 389800  29088 S 235.0   2.4  13:21.25 java
  28858 root      20   0 9220604 389800  29088 S 229.7   2.4  13:23.57 java
  28858 root      20   0 9220604 389800  29088 S 231.0   2.4  13:25.88 java
  28858 root      20   0 9220604 389800  29088 S 235.0   2.4  13:28.23 java
  28858 root      20   0 9220604 389800  29088 S 236.0   2.4  13:30.59 java
  28858 root      20   0 9220604 389800  29088 S 231.0   2.4  13:32.90 java
  28858 root      20   0 9220604 389800  29088 S 231.0   2.4  13:35.21 java
  28858 root      20   0 9220604 389800  29088 S 231.0   2.4  13:37.52 java
  28858 root      20   0 9220604 389800  29088 S 232.0   2.4  13:39.84 java
  28858 root      20   0 9220604 389800  29088 S 235.0   2.4  13:42.19 java
  28858 root      20   0 9220604 389800  29088 S 241.0   2.4  13:44.60 java
  28858 root      20   0 9220604 389800  29088 S 239.6   2.4  13:47.02 java
  28858 root      20   0 9220604 389800  29088 S 243.0   2.4  13:49.45 java
  28858 root      20   0 9220604 389800  29088 S 234.0   2.4  13:51.79 java
  28858 root      20   0 9220604 389800  29088 S 240.0   2.4  13:54.19 java
  28858 root      20   0 9220604 389800  29088 S 243.0   2.4  13:56.62 java
  28858 root      20   0 9220604 389800  29088 S 238.0   2.4  13:59.00 java
  28858 root      20   0 9220604 389800  29088 S 237.0   2.4  14:01.37 java
  28858 root      20   0 9220604 389800  29088 S 234.0   2.4  14:03.71 java
  28858 root      20   0 9220604 389800  29088 S 237.6   2.4  14:06.11 java
  28858 root      20   0 9220604 389800  29088 S 242.0   2.4  14:08.53 java
  28858 root      20   0 9220604 389800  29088 S 237.0   2.4  14:10.90 java
  28858 root      20   0 9220604 389800  29088 S 240.0   2.4  14:13.30 java
  28858 root      20   0 9220604 389800  29088 S 240.0   2.4  14:15.70 java
  28858 root      20   0 9220604 389800  29088 S 240.0   2.4  14:18.10 java
  28858 root      20   0 9220604 389800  29088 S 238.0   2.4  14:20.48 java
  28858 root      20   0 9220604 389800  29088 S 240.0   2.4  14:22.88 java
  28858 root      20   0 9220604 389800  29088 S 241.0   2.4  14:25.