   5370 root      20   0 9220604 697572  29076 S  46.7   4.3  79:44.77 java
   5370 root      20   0 9220604 697572  29076 S 394.0   4.3  79:48.71 java
   5370 root      20   0 9220604 697572  29076 S 395.0   4.3  79:52.70 java
   5370 root      20   0 9220604 697572  29076 S 401.0   4.3  79:56.71 java
   5370 root      20   0 9220604 697572  29076 S 399.0   4.3  80:00.70 java
   5370 root      20   0 9220604 697572  29076 S 400.0   4.3  80:04.70 java
   5370 root      20   0 9220604 697912  29076 S 400.0   4.3  80:08.70 java
   5370 root      20   0 9220604 698200  29076 S 400.0   4.3  80:12.70 java
   5370 root      20   0 9220604 698200  29076 S 401.0   4.3  80:16.71 java
   5370 root      20   0 9220604 698200  29076 S 400.0   4.3  80:20.71 java
   5370 root      20   0 9220604 698200  29076 S 395.0   4.3  80:24.70 java
   5370 root      20   0 9220604 698200  29076 S 400.0   4.3  80:28.70 java
   5370 root      20   0 9220604 698200  29076 S 401.0   4.3  80:32.71 java
   5370 root      20   0 9220604 698200  29076 S 400.0   4.3  80:36.71 java
   5370 root      20   0 9220604 698200  29076 S 401.0   4.3  80:40.72 java
   5370 root      20   0 9220604 698200  29076 S 402.0   4.3  80:44.74 java
   5370 root      20   0 9220604 698364  29076 S 399.0   4.3  80:48.73 java
   5370 root      20   0 9220604 698364  29076 S 402.0   4.3  80:52.75 java
   5370 root      20   0 9220604 698364  29076 S 400.0   4.3  80:56.75 java
   5370 root      20   0 9220604 698364  29076 S 401.0   4.3  81:00.76 java
   5370 root      20   0 9220604 698364  29076 S 401.0   4.3  81:04.77 java
   5370 root      20   0 9220604 698364  29076 S 395.0   4.3  81:08.76 java
   5370 root      20   0 9220604 698508  29076 S 401.0   4.3  81:12.77 java
   5370 root      20   0 9220604 698508  29076 S 401.0   4.3  81:16.78 java
   5370 root      20   0 9220604 698508  29076 S 400.0   4.3  81:20.78 java
   5370 root      20   0 9220604 698508  29076 S 401.0   4.3  81:24.79 java
   5370 root      20   0 9220604 698508  29076 S 399.0   4.3  81:28.78 java
   5370 root      20   0 9220604 698508  29076 S 403.0   4.3  81:32.81 java
   5370 root      20   0 9220604 698508  29076 S 400.0   4.3  81:36.81 java
   5370 root      20   0 9220604 698508  29076 S 402.0   4.3  81:40.83 java
   5370 root      20   0 9220604 698508  29076 S 395.0   4.3  81:44.82 java
   5370 root      20   0 9220604 698508  29076 S 401.0   4.3  81:48.83 java
   5370 root      20   0 9220604 698508  29076 S 402.0   4.3  81:52.85 java
   5370 root      20   0 9220604 698508  29076 S 401.0   4.3  81:56.86 java
   5370 root      20   0 9220604 698508  29076 S 401.0   4.3  82:00.87 java
   5370 root      20   0 9220604 698508  29076 S 401.0   4.3  82:04.88 java
   5370 root      20   0 9220604 698508  29076 S 400.0   4.3  82:08.88 java
   5370 root      20   0 9220604 698508  29076 S 397.0   4.3  82:12.89 java
   5370 root      20   0 9220604 698508  29076 S 402.0   4.3  82:16.91 java
   5370 root      20   0 9220604 698508  29076 S 399.0   4.3  82:20.90 java
   5370 root      20   0 9220604 698508  29076 S 401.0   4.3  82:24.91 java
   5370 root      20   0 9220604 698508  29076 S 401.0   4.3  82:28.92 java
   5370 root      20   0 9220604 698508  29076 S 400.0   4.3  82:32.92 java
   5370 root      20   0 9220604 698508  29076 S 403.0   4.3  82:36.95 java
   5370 root      20   0 9220604 698508  29076 S 397.0   4.3  82:40.92 java
   5370 root      20   0 9220604 698508  29076 S 398.0   4.3  82:44.94 java
   5370 root      20   0 9220604 698508  29076 S 402.0   4.3  82:48.96 java
   5370 root      20   0 9220604 698508  29076 S 402.0   4.3  82:52.98 java
   5370 root      20   0 9220604 698508  29076 S 400.0   4.3  82:56.98 java
   5370 root      20   0 9220604 698508  29076 S 399.0   4.3  83:00.97 java
   5370 root      20   0 9220604 698508  29076 S 398.0   4.3  83:04.95 java
   5370 root      20   0 9220604 698508  29076 S 402.0   4.3  83:08.97 java
   5370 root      20   0 9220604 698508  29076 S 402.0   4.3  83:12.99 java
   5370 root      20   0 9220604 698508  29076 S 402.0   4.3  83:17.