   5370 root      20   0 9220604 411008  29076 S  73.3   2.5  31:55.18 java
   5370 root      20   0 9220604 411008  29076 S 325.0   2.5  31:58.43 java
   5370 root      20   0 9220604 411008  29076 S 386.1   2.5  32:02.33 java
   5370 root      20   0 9220604 411008  29076 S 396.0   2.5  32:06.29 java
   5370 root      20   0 9220604 411324  29076 S 396.0   2.5  32:10.25 java
   5370 root      20   0 9220604 411324  29076 S 394.0   2.5  32:14.19 java
   5370 root      20   0 9220604 411324  29076 S 397.0   2.5  32:18.16 java
   5370 root      20   0 9220604 411324  29076 S 393.0   2.5  32:22.09 java
   5370 root      20   0 9220604 411492  29076 S 368.0   2.5  32:25.77 java
   5370 root      20   0 9220604 411492  29076 S 388.0   2.5  32:29.65 java
   5370 root      20   0 9220604 411492  29076 S 389.0   2.5  32:33.54 java
   5370 root      20   0 9220604 411492  29076 S 400.0   2.5  32:37.54 java
   5370 root      20   0 9220604 411492  29076 S 390.1   2.5  32:41.48 java
   5370 root      20   0 9220604 411492  29076 S 387.0   2.5  32:45.35 java
   5370 root      20   0 9220604 411492  29076 S 394.0   2.5  32:49.29 java
   5370 root      20   0 9220604 411508  29076 S 401.0   2.5  32:53.30 java
   5370 root      20   0 9220604 411508  29076 S 403.0   2.5  32:57.33 java
   5370 root      20   0 9220604 411508  29076 S 397.0   2.5  33:01.30 java
   5370 root      20   0 9220604 411508  29076 S 394.0   2.5  33:05.24 java
   5370 root      20   0 9220604 411508  29076 S 391.0   2.5  33:09.15 java
   5370 root      20   0 9220604 411508  29076 S 393.0   2.5  33:13.08 java
   5370 root      20   0 9220604 411508  29076 S 384.2   2.5  33:16.96 java
   5370 root      20   0 9220604 411508  29076 S 390.0   2.5  33:20.86 java
   5370 root      20   0 9220604 411508  29076 S 389.0   2.5  33:24.75 java
   5370 root      20   0 9220604 411508  29076 S 387.0   2.5  33:28.62 java
   5370 root      20   0 9220604 411656  29076 S 390.0   2.5  33:32.52 java
   5370 root      20   0 9220604 411656  29076 S 387.0   2.5  33:36.39 java
   5370 root      20   0 9220604 411656  29076 S 381.0   2.5  33:40.20 java
   5370 root      20   0 9220604 411656  29076 S 379.0   2.5  33:43.99 java
   5370 root      20   0 9220604 411656  29076 S 395.0   2.5  33:47.98 java
   5370 root      20   0 9220604 411656  29076 S 393.0   2.5  33:51.91 java
   5370 root      20   0 9220604 411656  29076 S 397.0   2.5  33:55.88 java
   5370 root      20   0 9220604 411656  29076 S 385.0   2.5  33:59.73 java
   5370 root      20   0 9220604 411656  29076 S 391.0   2.5  34:03.64 java
   5370 root      20   0 9220604 411656  29076 S 395.0   2.5  34:07.59 java
   5370 root      20   0 9220604 411656  29076 S 371.0   2.5  34:11.30 java
   5370 root      20   0 9220604 411656  29076 S 391.0   2.5  34:15.21 java
   5370 root      20   0 9220604 411656  29076 S 396.0   2.5  34:19.17 java
   5370 root      20   0 9220604 411656  29076 S 399.0   2.5  34:23.16 java
   5370 root      20   0 9220604 411656  29076 S 395.0   2.5  34:27.15 java
   5370 root      20   0 9220604 411656  29076 S 397.0   2.5  34:31.12 java
   5370 root      20   0 9220604 411656  29076 S 383.0   2.5  34:34.95 java
   5370 root      20   0 9220604 411656  29076 S 390.0   2.5  34:38.85 java
   5370 root      20   0 9220604 411656  29076 S 388.0   2.5  34:42.73 java
   5370 root      20   0 9220604 411656  29076 S 399.0   2.5  34:46.72 java
   5370 root      20   0 9220604 411656  29076 S 387.0   2.5  34:50.59 java
   5370 root      20   0 9220604 411656  29076 S 382.2   2.5  34:54.45 java
   5370 root      20   0 9220604 411656  29076 S 383.0   2.5  34:58.28 java
   5370 root      20   0 9220604 411824  29076 S 386.0   2.5  35:02.14 java
   5370 root      20   0 9220604 411824  29076 S 385.0   2.5  35:05.99 java
   5370 root      20   0 9220604 411824  29076 S 395.0   2.5  35:09.94 java
   5370 root      20   0 9220604 411824  29076 S 390.0   2.5  35:13.84 java
   5370 root      20   0 9220604 411824  29076 S 393.0   2.5  35:17.77 java
   5370 root      20   0 9220604 411824  29076 S 400.0   2.5  35:21.