   5823 root      20   0   13.6g 520400  29092 S  80.0   3.2  21:32.34 java
   5823 root      20   0   13.6g 521532  29092 S 368.0   3.2  21:36.02 java
   5823 root      20   0   13.6g 521660  29092 S 413.0   3.2  21:40.15 java
   5823 root      20   0   13.6g 521660  29092 S 400.0   3.2  21:44.15 java
   5823 root      20   0   13.6g 521880  29092 S 395.0   3.2  21:48.14 java
   5823 root      20   0   13.6g 521880  29092 S 404.0   3.2  21:52.18 java
   5823 root      20   0   13.6g 521880  29092 S 398.0   3.2  21:56.16 java
   5823 root      20   0   13.6g 522396  29092 S 401.0   3.2  22:00.17 java
   5823 root      20   0   13.6g 522396  29092 S 399.0   3.2  22:04.16 java
   5823 root      20   0   13.6g 523048  29092 S 403.0   3.2  22:08.19 java
   5823 root      20   0   13.6g 523048  29092 S 398.0   3.2  22:12.17 java
   5823 root      20   0   13.6g 523048  29092 S 402.0   3.2  22:16.19 java
   5823 root      20   0   13.6g 523048  29092 S 396.0   3.2  22:20.15 java
   5823 root      20   0   13.6g 523048  29092 S 406.0   3.2  22:24.21 java
   5823 root      20   0   13.6g 524280  29092 S 395.0   3.2  22:28.20 java
   5823 root      20   0   13.6g 524280  29092 S 398.0   3.2  22:32.18 java
   5823 root      20   0   13.6g 524352  29092 S 403.0   3.2  22:36.21 java
   5823 root      20   0   13.6g 524352  29092 S 399.0   3.2  22:40.20 java
   5823 root      20   0   13.6g 524520  29092 S 400.0   3.2  22:44.20 java
   5823 root      20   0   13.6g 524644  29092 S 401.0   3.2  22:48.21 java
   5823 root      20   0   13.6g 524644  29092 S 400.0   3.2  22:52.21 java
   5823 root      20   0   13.6g 524644  29092 S 400.0   3.2  22:56.21 java
   5823 root      20   0   13.6g 524644  29092 S 400.0   3.2  23:00.21 java
   5823 root      20   0   13.6g 524644  29092 S 399.0   3.2  23:04.20 java
   5823 root      20   0   13.6g 524644  29092 S 397.0   3.2  23:08.21 java
   5823 root      20   0   13.6g 524644  29092 S 400.0   3.2  23:12.21 java
   5823 root      20   0   13.6g 524744  29092 S 400.0   3.2  23:16.21 java
   5823 root      20   0   13.6g 524744  29092 S 400.0   3.2  23:20.21 java
   5823 root      20   0   13.6g 524744  29092 S 399.0   3.2  23:24.20 java
   5823 root      20   0   13.6g 524744  29092 S 401.0   3.2  23:28.21 java
   5823 root      20   0   13.6g 524868  29092 S 399.0   3.2  23:32.20 java
   5823 root      20   0   13.6g 524868  29092 S 397.0   3.2  23:36.21 java
   5823 root      20   0   13.6g 524868  29092 S 400.0   3.2  23:40.21 java
   5823 root      20   0   13.6g 524868  29092 S 400.0   3.2  23:44.21 java
   5823 root      20   0   13.6g 525116  29092 S 400.0   3.2  23:48.21 java
   5823 root      20   0   13.6g 525116  29092 S 400.0   3.2  23:52.21 java
   5823 root      20   0   13.6g 525116  29092 S 400.0   3.2  23:56.21 java
   5823 root      20   0   13.6g 525228  29092 S 400.0   3.2  24:00.21 java
   5823 root      20   0   13.6g 525228  29092 S 396.0   3.2  24:04.21 java
   5823 root      20   0   13.6g 525228  29092 S 400.0   3.2  24:08.21 java
   5823 root      20   0   13.6g 525796  29092 S 400.0   3.2  24:12.21 java
   5823 root      20   0   13.6g 525796  29092 S 400.0   3.2  24:16.21 java
   5823 root      20   0   13.6g 525924  29092 S 400.0   3.2  24:20.21 java
   5823 root      20   0   13.6g 525924  29092 S 400.0   3.2  24:24.21 java
   5823 root      20   0   13.6g 526176  29092 S 400.0   3.2  24:28.21 java
   5823 root      20   0   13.6g 526568  29092 S 400.0   3.2  24:32.21 java
   5823 root      20   0   13.6g 526676  29092 S 397.0   3.2  24:36.22 java
   5823 root      20   0   13.6g 526676  29092 S 400.0   3.2  24:40.22 java
   5823 root      20   0   13.6g 526676  29092 S 401.0   3.2  24:44.23 java
   5823 root      20   0   13.6g 526676  29092 S 401.0   3.2  24:48.24 java
   5823 root      20   0   13.6g 526676  29092 S 402.0   3.2  24:52.26 java
   5823 root      20   0   13.6g 526676  29092 S 400.0   3.2  24:56.26 java
   5823 root      20   0   13.6g 526676  29092 S 402.0   3.2  25:00.28 java
   5823 root      20   0   13.6g 526676  29092 S 399.0   3.2  25:04.