   5370 root      20   0 9218556 403748  29076 S  73.3   2.5   1:07.24 java
   5370 root      20   0 9218556 403748  29076 S  73.0   2.5   1:07.97 java
   5370 root      20   0 9218556 404032  29076 S  91.0   2.5   1:08.88 java
   5370 root      20   0 9218556 404032  29076 S  89.0   2.5   1:09.77 java
   5370 root      20   0 9218556 404032  29076 S  90.0   2.5   1:10.67 java
   5370 root      20   0 9218556 404088  29076 S  92.0   2.5   1:11.59 java
   5370 root      20   0 9218556 404088  29076 S  91.0   2.5   1:12.50 java
   5370 root      20   0 9218556 404196  29076 S  89.1   2.5   1:13.40 java
   5370 root      20   0 9218556 404196  29076 S  92.0   2.5   1:14.32 java
   5370 root      20   0 9218556 404196  29076 S  91.0   2.5   1:15.23 java
   5370 root      20   0 9218556 404196  29076 S  91.0   2.5   1:16.14 java
   5370 root      20   0 9218556 404196  29076 S  88.0   2.5   1:17.02 java
   5370 root      20   0 9218556 404212  29076 S  87.0   2.5   1:17.89 java
   5370 root      20   0 9218556 404212  29076 S  90.0   2.5   1:18.79 java
   5370 root      20   0 9218556 404212  29076 S  88.1   2.5   1:19.68 java
   5370 root      20   0 9218556 404212  29076 S  89.0   2.5   1:20.57 java
   5370 root      20   0 9218556 404212  29076 S  89.0   2.5   1:21.46 java
   5370 root      20   0 9218556 404284  29076 S  91.0   2.5   1:22.37 java
   5370 root      20   0 9218556 404420  29076 S  90.0   2.5   1:23.27 java
   5370 root      20   0 9218556 404420  29076 S  90.0   2.5   1:24.17 java
   5370 root      20   0 9218556 404420  29076 S  84.0   2.5   1:25.01 java
   5370 root      20   0 9218556 404420  29076 S  74.0   2.5   1:25.75 java
   5370 root      20   0 9218556 404420  29076 S 107.9   2.5   1:26.84 java
   5370 root      20   0 9218556 404420  29076 S  88.0   2.5   1:27.72 java
   5370 root      20   0 9218556 404420  29076 S  87.0   2.5   1:28.59 java
   5370 root      20   0 9218556 404420  29076 S  90.0   2.5   1:29.49 java
   5370 root      20   0 9218556 404420  29076 S  88.0   2.5   1:30.37 java
   5370 root      20   0 9218556 404420  29076 S  89.0   2.5   1:31.26 java
   5370 root      20   0 9218556 404420  29076 S  86.0   2.5   1:32.12 java
   5370 root      20   0 9218556 404420  29076 S  87.0   2.5   1:32.99 java
   5370 root      20   0 9218556 404420  29076 S  88.1   2.5   1:33.88 java
   5370 root      20   0 9218556 404420  29076 S  87.0   2.5   1:34.75 java
   5370 root      20   0 9218556 404420  29076 S  87.0   2.5   1:35.62 java
   5370 root      20   0 9218556 404420  29076 S  88.0   2.5   1:36.50 java
   5370 root      20   0 9218556 404420  29076 S  90.0   2.5   1:37.40 java
   5370 root      20   0 9218556 404420  29076 S  89.0   2.5   1:38.29 java
   5370 root      20   0 9218556 404420  29076 S  93.0   2.5   1:39.22 java
   5370 root      20   0 9218556 404420  29076 S  92.0   2.5   1:40.14 java
   5370 root      20   0 9218556 404420  29076 S  94.1   2.5   1:41.09 java
   5370 root      20   0 9218556 404420  29076 S  91.0   2.5   1:42.00 java
   5370 root      20   0 9218556 404420  29076 S  91.0   2.5   1:42.91 java
   5370 root      20   0 9218556 404420  29076 S  92.0   2.5   1:43.83 java
   5370 root      20   0 9218556 404420  29076 S  91.0   2.5   1:44.74 java
   5370 root      20   0 9218556 404420  29076 S  91.0   2.5   1:45.65 java
   5370 root      20   0 9218556 404420  29076 S  93.0   2.5   1:46.58 java
   5370 root      20   0 9218556 404420  29076 S  90.0   2.5   1:47.48 java
   5370 root      20   0 9218556 404420  29076 S  90.1   2.5   1:48.39 java
   5370 root      20   0 9218556 404420  29076 S  91.0   2.5   1:49.30 java
   5370 root      20   0 9218556 404420  29076 S  90.0   2.5   1:50.20 java
   5370 root      20   0 9218556 404420  29076 S  88.0   2.5   1:51.08 java
   5370 root      20   0 9218556 404420  29076 S  88.0   2.5   1:51.96 java
   5370 root      20   0 9218556 404420  29076 S  84.0   2.5   1:52.80 java
   5370 root      20   0 9218556 404420  29076 S  88.0   2.5   1:53.68 java
   5370 root      20   0 9218556 404420  29076 S  87.1   2.5   1:54.