   5370 root      20   0 9220604 411824  29076 S 433.3   2.5  35:49.25 java
   5370 root      20   0 9220604 411824  29076 S 405.0   2.5  35:53.30 java
   5370 root      20   0 9220604 411824  29076 S 394.0   2.5  35:57.24 java
   5370 root      20   0 9220604 463976  29076 S 402.0   2.8  36:01.26 java
   5370 root      20   0 9220604 463976  29076 S 403.0   2.8  36:05.29 java
   5370 root      20   0 9220604 463976  29076 S 400.0   2.8  36:09.29 java
   5370 root      20   0 9220604 463976  29076 S 398.0   2.8  36:13.27 java
   5370 root      20   0 9220604 463976  29076 S 402.0   2.8  36:17.29 java
   5370 root      20   0 9220604 463976  29076 S 396.0   2.8  36:21.25 java
   5370 root      20   0 9220604 463976  29076 S 399.0   2.8  36:25.28 java
   5370 root      20   0 9220604 463976  29076 S 401.0   2.8  36:29.29 java
   5370 root      20   0 9220604 463976  29076 S 401.0   2.8  36:33.30 java
   5370 root      20   0 9220604 463976  29076 S 388.0   2.8  36:37.18 java
   5370 root      20   0 9220604 463976  29076 S 407.0   2.8  36:41.25 java
   5370 root      20   0 9220604 463976  29076 S 392.0   2.8  36:45.17 java
   5370 root      20   0 9220604 463976  29076 S 404.0   2.8  36:49.21 java
   5370 root      20   0 9220604 463976  29076 S 397.0   2.8  36:53.18 java
   5370 root      20   0 9220604 463976  29076 S 404.0   2.8  36:57.22 java
   5370 root      20   0 9220604 463976  29076 S 404.0   2.8  37:01.26 java
   5370 root      20   0 9220604 463976  29076 S 396.0   2.8  37:05.26 java
   5370 root      20   0 9220604 463976  29076 S 400.0   2.8  37:09.26 java
   5370 root      20   0 9220604 463976  29076 S 400.0   2.8  37:13.26 java
   5370 root      20   0 9220604 463976  29076 S 400.0   2.8  37:17.26 java
   5370 root      20   0 9220604 463976  29076 S 400.0   2.8  37:21.26 java
   5370 root      20   0 9220604 463976  29076 S 396.0   2.8  37:25.22 java
   5370 root      20   0 9220604 463976  29076 S 404.0   2.8  37:29.26 java
   5370 root      20   0 9220604 463976  29076 S 400.0   2.8  37:33.26 java
   5370 root      20   0 9220604 463976  29076 S 400.0   2.8  37:37.26 java
   5370 root      20   0 9220604 463976  29076 S 396.0   2.8  37:41.26 java
   5370 root      20   0 9220604 463976  29076 S 400.0   2.8  37:45.26 java
   5370 root      20   0 9220604 463976  29076 S 400.0   2.8  37:49.26 java
   5370 root      20   0 9220604 463976  29076 S 400.0   2.8  37:53.26 java
   5370 root      20   0 9220604 463976  29076 S 400.0   2.8  37:57.26 java
   5370 root      20   0 9220604 463976  29076 S 400.0   2.8  38:01.26 java
   5370 root      20   0 9220604 463976  29076 S 400.0   2.8  38:05.26 java
   5370 root      20   0 9220604 463976  29076 S 400.0   2.8  38:09.26 java
   5370 root      20   0 9220604 463976  29076 S 396.0   2.8  38:13.26 java
   5370 root      20   0 9220604 463976  29076 S 402.0   2.8  38:17.28 java
   5370 root      20   0 9220604 463976  29076 S 399.0   2.8  38:21.27 java
   5370 root      20   0 9220604 463976  29076 S 401.0   2.8  38:25.28 java
   5370 root      20   0 9220604 463976  29076 S 401.0   2.8  38:29.29 java
   5370 root      20   0 9220604 463976  29076 S 401.0   2.8  38:33.30 java
   5370 root      20   0 9220604 463976  29076 S 400.0   2.8  38:37.30 java
   5370 root      20   0 9220604 463976  29076 S 403.0   2.8  38:41.33 java
   5370 root      20   0 9220604 463976  29076 S 396.0   2.8  38:45.33 java
   5370 root      20   0 9220604 463976  29076 S 401.0   2.8  38:49.34 java
   5370 root      20   0 9220604 463976  29076 S 400.0   2.8  38:53.34 java
   5370 root      20   0 9220604 463976  29076 S 402.0   2.8  38:57.36 java
   5370 root      20   0 9220604 463976  29076 S 400.0   2.8  39:01.36 java
   5370 root      20   0 9220604 463976  29076 S 401.0   2.8  39:05.37 java
   5370 root      20   0 9220604 463976  29076 S 399.0   2.8  39:09.36 java
   5370 root      20   0 9220604 463976  29076 S 397.0   2.8  39:13.33 java
   5370 root      20   0 9220604 463976  29076 S 396.0   2.8  39:17.33 java
   5370 root      20   0 9220604 463976  29076 S 382.0   2.8  39:21.