   5823 root      20   0   13.6g 471264  29092 S 200.0   2.9   2:06.81 java
   5823 root      20   0   13.6g 471264  29092 S 174.3   2.9   2:08.57 java
   5823 root      20   0   13.6g 471264  29092 S 169.0   2.9   2:10.26 java
   5823 root      20   0   13.6g 471432  29092 S 170.0   2.9   2:11.96 java
   5823 root      20   0   13.6g 471432  29092 S 172.0   2.9   2:13.68 java
   5823 root      20   0   13.6g 471592  29092 S 173.0   2.9   2:15.41 java
   5823 root      20   0   13.6g 471592  29092 S 171.0   2.9   2:17.12 java
   5823 root      20   0   13.6g 471592  29092 S 184.0   2.9   2:18.96 java
   5823 root      20   0   13.6g 471592  29092 S 174.0   2.9   2:20.70 java
   5823 root      20   0   13.6g 471652  29092 S 176.0   2.9   2:22.46 java
   5823 root      20   0   13.6g 472196  29092 S 172.0   2.9   2:24.18 java
   5823 root      20   0   13.6g 472196  29092 S 165.3   2.9   2:25.85 java
   5823 root      20   0   13.6g 472196  29092 S 170.0   2.9   2:27.55 java
   5823 root      20   0   13.6g 473688  29092 S 172.0   2.9   2:29.27 java
   5823 root      20   0   13.6g 473812  29092 S 171.0   2.9   2:30.98 java
   5823 root      20   0   13.6g 473812  29092 S 170.0   2.9   2:32.68 java
   5823 root      20   0   13.6g 473812  29092 S 170.0   2.9   2:34.38 java
   5823 root      20   0   13.6g 473812  29092 S 169.0   2.9   2:36.07 java
   5823 root      20   0   13.6g 473812  29092 S 173.0   2.9   2:37.80 java
   5823 root      20   0   13.6g 473908  29092 S 174.0   2.9   2:39.54 java
   5823 root      20   0   13.6g 474180  29092 S 168.0   2.9   2:41.22 java
   5823 root      20   0   13.6g 474520  29092 S 170.3   2.9   2:42.94 java
   5823 root      20   0   13.6g 474520  29092 S 172.0   2.9   2:44.66 java
   5823 root      20   0   13.6g 474520  29092 S 172.0   2.9   2:46.38 java
   5823 root      20   0   13.6g 474520  29092 S 170.0   2.9   2:48.08 java
   5823 root      20   0   13.6g 474864  29092 S 171.0   2.9   2:49.79 java
   5823 root      20   0   13.6g 474864  29092 S 167.0   2.9   2:51.46 java
   5823 root      20   0   13.6g 474864  29092 S 169.0   2.9   2:53.15 java
   5823 root      20   0   13.6g 474864  29092 S 171.0   2.9   2:54.86 java
   5823 root      20   0   13.6g 474984  29092 S 170.0   2.9   2:56.56 java
   5823 root      20   0   13.6g 474984  29092 S 172.0   2.9   2:58.28 java
   5823 root      20   0   13.6g 475292  29092 S 168.3   2.9   2:59.98 java
   5823 root      20   0   13.6g 475292  29092 S 170.0   2.9   3:01.68 java
   5823 root      20   0   13.6g 475440  29092 S 170.0   2.9   3:03.38 java
   5823 root      20   0   13.6g 475440  29092 S 170.0   2.9   3:05.08 java
   5823 root      20   0   13.6g 475440  29092 S 170.0   2.9   3:06.78 java
   5823 root      20   0   13.6g 475440  29092 S 171.0   2.9   3:08.49 java
   5823 root      20   0   13.6g 475440  29092 S 169.0   2.9   3:10.18 java
   5823 root      20   0   13.6g 475568  29092 S 170.0   2.9   3:11.88 java
   5823 root      20   0   13.6g 475700  29092 S 173.0   2.9   3:13.61 java
   5823 root      20   0   13.6g 475956  29092 S 170.0   2.9   3:15.31 java
   5823 root      20   0   13.6g 476084  29092 S 166.3   2.9   3:16.99 java
   5823 root      20   0   13.6g 476084  29092 S 172.0   2.9   3:18.71 java
   5823 root      20   0   13.6g 476084  29092 S 169.0   2.9   3:20.40 java
   5823 root      20   0   13.6g 476084  29092 S 168.0   2.9   3:22.08 java
   5823 root      20   0   13.6g 476084  29092 S 169.0   2.9   3:23.77 java
   5823 root      20   0   13.6g 476084  29092 S 170.0   2.9   3:25.47 java
   5823 root      20   0   13.6g 476084  29092 S 170.0   2.9   3:27.17 java
   5823 root      20   0   13.6g 476084  29092 S 173.0   2.9   3:28.90 java
   5823 root      20   0   13.6g 476084  29092 S 172.0   2.9   3:30.62 java
   5823 root      20   0   13.6g 476084  29092 S 173.0   2.9   3:32.35 java
   5823 root      20   0   13.6g 476084  29092 S 170.3   2.9   3:34.07 java
   5823 root      20   0   13.6g 476084  29092 S 170.0   2.9   3:35.77 java
   5823 root      20   0   13.6g 476224  29092 S 172.0   2.9   3:37.