   5370 root      20   0 9218556 404800  29076 S 125.0   2.5   2:51.73 java
   5370 root      20   0 9218556 404800  29076 S 116.0   2.5   2:52.89 java
   5370 root      20   0 9218556 404800  29076 S 113.0   2.5   2:54.02 java
   5370 root      20   0 9218556 404800  29076 S 112.0   2.5   2:55.14 java
   5370 root      20   0 9218556 404800  29076 S 116.0   2.5   2:56.30 java
   5370 root      20   0 9218556 404800  29076 S 115.0   2.5   2:57.45 java
   5370 root      20   0 9218556 404836  29076 S 113.0   2.5   2:58.58 java
   5370 root      20   0 9218556 404836  29076 S 115.0   2.5   2:59.73 java
   5370 root      20   0 9218556 404836  29076 S 116.8   2.5   3:00.91 java
   5370 root      20   0 9218556 404836  29076 S 117.0   2.5   3:02.08 java
   5370 root      20   0 9218556 404836  29076 S 117.0   2.5   3:03.25 java
   5370 root      20   0 9218556 405420  29076 S 117.0   2.5   3:04.42 java
   5370 root      20   0 9218556 405420  29076 S 118.0   2.5   3:05.60 java
   5370 root      20   0 9218556 405420  29076 S 112.0   2.5   3:06.72 java
   5370 root      20   0 9218556 405420  29076 S 112.0   2.5   3:07.84 java
   5370 root      20   0 9218556 405420  29076 S 116.0   2.5   3:09.00 java
   5370 root      20   0 9218556 405420  29076 S 113.9   2.5   3:10.15 java
   5370 root      20   0 9218556 405420  29076 S 116.0   2.5   3:11.31 java
   5370 root      20   0 9218556 405420  29076 S 117.0   2.5   3:12.48 java
   5370 root      20   0 9218556 405420  29076 S 114.0   2.5   3:13.62 java
   5370 root      20   0 9218556 405420  29076 S 117.0   2.5   3:14.79 java
   5370 root      20   0 9218556 405420  29076 S 118.0   2.5   3:15.97 java
   5370 root      20   0 9218556 405420  29076 S 114.0   2.5   3:17.11 java
   5370 root      20   0 9218556 405420  29076 S 116.0   2.5   3:18.27 java
   5370 root      20   0 9218556 405420  29076 S 118.0   2.5   3:19.45 java
   5370 root      20   0 9218556 405420  29076 S 116.0   2.5   3:20.61 java
   5370 root      20   0 9218556 405420  29076 S 115.8   2.5   3:21.78 java
   5370 root      20   0 9218556 405420  29076 S 111.0   2.5   3:22.89 java
   5370 root      20   0 9218556 405420  29076 S 112.0   2.5   3:24.01 java
   5370 root      20   0 9218556 405420  29076 S 111.0   2.5   3:25.12 java
   5370 root      20   0 9218556 405420  29076 S 108.0   2.5   3:26.20 java
   5370 root      20   0 9218556 405420  29076 S 112.0   2.5   3:27.32 java
   5370 root      20   0 9218556 405420  29076 S 110.0   2.5   3:28.42 java
   5370 root      20   0 9218556 405420  29076 S 114.0   2.5   3:29.56 java
   5370 root      20   0 9218556 405420  29076 S 114.0   2.5   3:30.70 java
   5370 root      20   0 9218556 405420  29076 S 113.9   2.5   3:31.85 java
   5370 root      20   0 9218556 405420  29076 S 116.0   2.5   3:33.01 java
   5370 root      20   0 9218556 405420  29076 S 115.0   2.5   3:34.16 java
   5370 root      20   0 9218556 405420  29076 S 116.0   2.5   3:35.32 java
   5370 root      20   0 9218556 405420  29076 S 114.0   2.5   3:36.46 java
   5370 root      20   0 9218556 405420  29076 S 117.0   2.5   3:37.63 java
   5370 root      20   0 9218556 405420  29076 S 117.0   2.5   3:38.80 java
   5370 root      20   0 9218556 405420  29076 S 115.0   2.5   3:39.95 java
   5370 root      20   0 9218556 405420  29076 S 113.9   2.5   3:41.10 java
   5370 root      20   0 9218556 405420  29076 S 115.0   2.5   3:42.25 java
   5370 root      20   0 9218556 405420  29076 S 110.0   2.5   3:43.35 java
   5370 root      20   0 9218556 405420  29076 S 109.0   2.5   3:44.44 java
   5370 root      20   0 9218556 405420  29076 S 109.0   2.5   3:45.53 java
   5370 root      20   0 9218556 405420  29076 S 110.0   2.5   3:46.63 java
   5370 root      20   0 9218556 405420  29076 S 109.0   2.5   3:47.72 java
   5370 root      20   0 9218556 405420  29076 S 116.0   2.5   3:48.88 java
   5370 root      20   0 9218556 405420  29076 S 110.9   2.5   3:50.00 java
   5370 root      20   0 9218556 405420  29076 S 111.0   2.5   3:51.11 java
   5370 root      20   0 9218556 405420  29076 S 110.0   2.5   3:52.