   5370 root      20   0 9220604 528412  29076 S 440.0   3.2  51:46.38 java
   5370 root      20   0 9220604 528412  29076 S 400.0   3.2  51:50.38 java
   5370 root      20   0 9220604 528412  29076 S 400.0   3.2  51:54.38 java
   5370 root      20   0 9220604 528412  29076 S 400.0   3.2  51:58.38 java
   5370 root      20   0 9220604 528584  29076 S 400.0   3.2  52:02.38 java
   5370 root      20   0 9220604 528584  29076 S 400.0   3.2  52:06.38 java
   5370 root      20   0 9220604 528584  29076 S 400.0   3.2  52:10.38 java
   5370 root      20   0 9220604 528584  29076 S 401.0   3.2  52:14.39 java
   5370 root      20   0 9220604 528584  29076 S 395.0   3.2  52:18.38 java
   5370 root      20   0 9220604 528584  29076 S 400.0   3.2  52:22.38 java
   5370 root      20   0 9220604 528584  29076 S 400.0   3.2  52:26.38 java
   5370 root      20   0 9220604 528584  29076 S 400.0   3.2  52:30.38 java
   5370 root      20   0 9220604 528584  29076 S 400.0   3.2  52:34.38 java
   5370 root      20   0 9220604 528584  29076 S 400.0   3.2  52:38.38 java
   5370 root      20   0 9220604 528584  29076 S 400.0   3.2  52:42.38 java
   5370 root      20   0 9220604 528584  29076 S 400.0   3.2  52:46.38 java
   5370 root      20   0 9220604 528584  29076 S 396.0   3.2  52:50.38 java
   5370 root      20   0 9220604 528584  29076 S 401.0   3.2  52:54.39 java
   5370 root      20   0 9220604 528584  29076 S 400.0   3.2  52:58.39 java
   5370 root      20   0 9220604 528584  29076 S 401.0   3.2  53:02.40 java
   5370 root      20   0 9220604 528584  29076 S 401.0   3.2  53:06.41 java
   5370 root      20   0 9220604 528584  29076 S 401.0   3.2  53:10.42 java
   5370 root      20   0 9220604 528584  29076 S 401.0   3.2  53:14.43 java
   5370 root      20   0 9220604 528584  29076 S 401.0   3.2  53:18.44 java
   5370 root      20   0 9220604 528584  29076 S 397.0   3.2  53:22.45 java
   5370 root      20   0 9220604 528584  29076 S 401.0   3.2  53:26.46 java
   5370 root      20   0 9220604 528584  29076 S 401.0   3.2  53:30.47 java
   5370 root      20   0 9220604 528584  29076 S 402.0   3.2  53:34.49 java
   5370 root      20   0 9220604 528584  29076 S 399.0   3.2  53:38.48 java
   5370 root      20   0 9220604 528584  29076 S 401.0   3.2  53:42.49 java
   5370 root      20   0 9220604 528584  29076 S 401.0   3.2  53:46.50 java
   5370 root      20   0 9220604 528584  29076 S 400.0   3.2  53:50.50 java
   5370 root      20   0 9220604 528584  29076 S 397.0   3.2  53:54.51 java
   5370 root      20   0 9220604 528584  29076 S 401.0   3.2  53:58.52 java
   5370 root      20   0 9220604 528584  29076 S 401.0   3.2  54:02.53 java
   5370 root      20   0 9220604 528584  29076 S 401.0   3.2  54:06.54 java
   5370 root      20   0 9220604 603948  29076 S 400.0   3.7  54:10.54 java
   5370 root      20   0 9220604 603948  29076 S 403.0   3.7  54:14.57 java
   5370 root      20   0 9220604 603948  29076 S 399.0   3.7  54:18.56 java
   5370 root      20   0 9220604 603948  29076 S 401.0   3.7  54:22.57 java
   5370 root      20   0 9220604 603948  29076 S 401.0   3.7  54:26.58 java
   5370 root      20   0 9220604 603948  29076 S 397.0   3.7  54:30.59 java
   5370 root      20   0 9220604 603948  29076 S 400.0   3.7  54:34.59 java
   5370 root      20   0 9220604 603948  29076 S 402.0   3.7  54:38.61 java
   5370 root      20   0 9220604 603948  29076 S 399.0   3.7  54:42.60 java
   5370 root      20   0 9220604 603948  29076 S 402.0   3.7  54:46.62 java
   5370 root      20   0 9220604 603948  29076 S 398.0   3.7  54:50.60 java
   5370 root      20   0 9220604 603948  29076 S 403.0   3.7  54:54.63 java
   5370 root      20   0 9220604 603948  29076 S 397.0   3.7  54:58.60 java
   5370 root      20   0 9220604 603948  29076 S 399.0   3.7  55:02.63 java
   5370 root      20   0 9220604 603948  29076 S 401.0   3.7  55:06.64 java
   5370 root      20   0 9220604 603948  29076 S 401.0   3.7  55:10.65 java
   5370 root      20   0 9220604 603948  29076 S 399.0   3.7  55:14.64 java
   5370 root      20   0 9220604 603948  29076 S 401.0   3.7  55:18.