  28858 root      20   0 9220604 390296  29088 S 260.0   2.4  16:52.28 java
  28858 root      20   0 9220604 390296  29088 S 256.0   2.4  16:54.84 java
  28858 root      20   0 9220604 390296  29088 S 260.0   2.4  16:57.44 java
  28858 root      20   0 9220604 390296  29088 S 261.0   2.4  17:00.05 java
  28858 root      20   0 9220604 390296  29088 S 260.4   2.4  17:02.68 java
  28858 root      20   0 9220604 390440  29088 S 262.0   2.4  17:05.30 java
  28858 root      20   0 9220604 390440  29088 S 269.0   2.4  17:07.99 java
  28858 root      20   0 9220604 390440  29088 S 256.0   2.4  17:10.55 java
  28858 root      20   0 9220604 390440  29088 S 255.0   2.4  17:13.10 java
  28858 root      20   0 9220604 390440  29088 S 263.0   2.4  17:15.73 java
  28858 root      20   0 9220604 390440  29088 S 258.0   2.4  17:18.31 java
  28858 root      20   0 9220604 390440  29088 S 247.5   2.4  17:20.81 java
  28858 root      20   0 9220604 390440  29088 S 252.0   2.4  17:23.33 java
  28858 root      20   0 9220604 390440  29088 S 255.0   2.4  17:25.88 java
  28858 root      20   0 9220604 390440  29088 S 257.0   2.4  17:28.45 java
  28858 root      20   0 9220604 390440  29088 S 261.0   2.4  17:31.06 java
  28858 root      20   0 9220604 390440  29088 S 259.0   2.4  17:33.65 java
  28858 root      20   0 9220604 390440  29088 S 258.0   2.4  17:36.23 java
  28858 root      20   0 9220604 390440  29088 S 254.0   2.4  17:38.77 java
  28858 root      20   0 9220604 390440  29088 S 256.0   2.4  17:41.33 java
  28858 root      20   0 9220604 390440  29088 S 254.5   2.4  17:43.90 java
  28858 root      20   0 9220604 390440  29088 S 258.0   2.4  17:46.48 java
  28858 root      20   0 9220604 390440  29088 S 253.0   2.4  17:49.01 java
  28858 root      20   0 9220604 390440  29088 S 251.0   2.4  17:51.52 java
  28858 root      20   0 9220604 390440  29088 S 247.0   2.4  17:53.99 java
  28858 root      20   0 9220604 390440  29088 S 259.0   2.4  17:56.58 java
  28858 root      20   0 9220604 390440  29088 S 262.0   2.4  17:59.20 java
  28858 root      20   0 9220604 390440  29088 S 261.0   2.4  18:01.81 java
  28858 root      20   0 9220604 390440  29088 S 259.0   2.4  18:04.40 java
  28858 root      20   0 9220604 390440  29088 S 256.0   2.4  18:06.96 java
  28858 root      20   0 9220604 390440  29088 S 253.5   2.4  18:09.52 java
  28858 root      20   0 9220604 390440  29088 S 257.0   2.4  18:12.09 java
  28858 root      20   0 9220604 390440  29088 S 248.0   2.4  18:14.57 java
  28858 root      20   0 9220604 390440  29088 S 253.0   2.4  18:17.10 java
  28858 root      20   0 9220604 390440  29088 S 258.0   2.4  18:19.68 java
  28858 root      20   0 9220604 390440  29088 S 264.0   2.4  18:22.32 java
  28858 root      20   0 9220604 390440  29088 S 262.0   2.4  18:24.94 java
  28858 root      20   0 9220604 390440  29088 S 251.0   2.4  18:27.45 java
  28858 root      20   0 9220604 390440  29088 S 256.4   2.4  18:30.04 java
  28858 root      20   0 9220604 390440  29088 S 257.0   2.4  18:32.61 java
  28858 root      20   0 9220604 390440  29088 S 260.0   2.4  18:35.21 java
  28858 root      20   0 9220604 390440  29088 S 262.0   2.4  18:37.83 java
  28858 root      20   0 9220604 390440  29088 S 258.0   2.4  18:40.41 java
  28858 root      20   0 9220604 390440  29088 S 258.0   2.4  18:42.99 java
  28858 root      20   0 9220604 390440  29088 S 254.0   2.4  18:45.53 java
  28858 root      20   0 9220604 390440  29088 S 249.0   2.4  18:48.02 java
  28858 root      20   0 9220604 390440  29088 S 243.0   2.4  18:50.45 java
  28858 root      20   0 9220604 390440  29088 S 251.5   2.4  18:52.99 java
  28858 root      20   0 9220604 390440  29088 S 257.0   2.4  18:55.56 java
  28858 root      20   0 9220604 390440  29088 S 259.0   2.4  18:58.15 java
  28858 root      20   0 9220604 390440  29088 S 261.0   2.4  19:00.76 java
  28858 root      20   0 9220604 390440  29088 S 260.0   2.4  19:03.36 java
  28858 root      20   0 9220604 390440  29088 S 255.0   2.4  19:05.91 java
  28858 root      20   0 9220604 390440  29088 S 245.0   2.4  19:08.