   5370 root      20   0 9220604 409564  29076 S 240.0   2.5  22:02.67 java
   5370 root      20   0 9220604 409564  29076 S 270.3   2.5  22:05.40 java
   5370 root      20   0 9220604 409564  29076 S 332.0   2.5  22:08.72 java
   5370 root      20   0 9220604 409564  29076 S 321.0   2.5  22:11.93 java
   5370 root      20   0 9220604 409564  29076 S 325.0   2.5  22:15.18 java
   5370 root      20   0 9220604 410040  29076 S 330.0   2.5  22:18.48 java
   5370 root      20   0 9220604 410040  29076 S 331.0   2.5  22:21.79 java
   5370 root      20   0 9220604 410040  29076 S 325.0   2.5  22:25.04 java
   5370 root      20   0 9220604 410040  29076 S 330.0   2.5  22:28.34 java
   5370 root      20   0 9220604 410040  29076 S 334.0   2.5  22:31.68 java
   5370 root      20   0 9220604 410040  29076 S 317.8   2.5  22:34.89 java
   5370 root      20   0 9220604 410040  29076 S 311.0   2.5  22:38.00 java
   5370 root      20   0 9220604 410040  29076 S 314.0   2.5  22:41.14 java
   5370 root      20   0 9220604 410040  29076 S 332.0   2.5  22:44.46 java
   5370 root      20   0 9220604 410040  29076 S 315.0   2.5  22:47.61 java
   5370 root      20   0 9220604 410040  29076 S 329.0   2.5  22:50.90 java
   5370 root      20   0 9220604 410040  29076 S 316.0   2.5  22:54.06 java
   5370 root      20   0 9220604 410040  29076 S 324.0   2.5  22:57.30 java
   5370 root      20   0 9220604 410040  29076 S 319.8   2.5  23:00.53 java
   5370 root      20   0 9220604 410040  29076 S 324.0   2.5  23:03.77 java
   5370 root      20   0 9220604 410040  29076 S 330.0   2.5  23:07.07 java
   5370 root      20   0 9220604 410040  29076 S 324.0   2.5  23:10.31 java
   5370 root      20   0 9220604 410040  29076 S 317.0   2.5  23:13.48 java
   5370 root      20   0 9220604 410040  29076 S 325.0   2.5  23:16.73 java
   5370 root      20   0 9220604 410040  29076 S 336.0   2.5  23:20.09 java
   5370 root      20   0 9220604 410040  29076 S 332.0   2.5  23:23.41 java
   5370 root      20   0 9220604 410040  29076 S 335.0   2.5  23:26.76 java
   5370 root      20   0 9220604 410040  29076 S 327.0   2.5  23:30.03 java
   5370 root      20   0 9220604 410040  29076 S 317.8   2.5  23:33.24 java
   5370 root      20   0 9220604 410040  29076 S 333.0   2.5  23:36.57 java
   5370 root      20   0 9220604 410040  29076 S 327.0   2.5  23:39.84 java
   5370 root      20   0 9220604 410040  29076 S 315.0   2.5  23:42.99 java
   5370 root      20   0 9220604 410040  29076 S 318.0   2.5  23:46.17 java
   5370 root      20   0 9220604 410040  29076 S 318.0   2.5  23:49.35 java
   5370 root      20   0 9220604 410040  29076 S 318.0   2.5  23:52.53 java
   5370 root      20   0 9220604 410040  29076 S 323.0   2.5  23:55.76 java
   5370 root      20   0 9220604 410040  29076 S 326.0   2.5  23:59.02 java
   5370 root      20   0 9220604 410040  29076 S 322.0   2.5  24:02.24 java
   5370 root      20   0 9220604 410040  29076 S 323.8   2.5  24:05.51 java
   5370 root      20   0 9220604 410040  29076 S 323.0   2.5  24:08.74 java
   5370 root      20   0 9220604 410040  29076 S 327.0   2.5  24:12.01 java
   5370 root      20   0 9220604 410040  29076 S 323.0   2.5  24:15.24 java
   5370 root      20   0 9220604 410040  29076 S 324.0   2.5  24:18.48 java
   5370 root      20   0 9220604 410040  29076 S 321.0   2.5  24:21.69 java
   5370 root      20   0 9220604 410040  29076 S 322.0   2.5  24:24.91 java
   5370 root      20   0 9220604 410040  29076 S 330.0   2.5  24:28.21 java
   5370 root      20   0 9220604 410040  29076 S 308.9   2.5  24:31.33 java
   5370 root      20   0 9220604 410040  29076 S 318.0   2.5  24:34.51 java
   5370 root      20   0 9220604 410040  29076 S 314.0   2.5  24:37.65 java
   5370 root      20   0 9220604 410040  29076 S 319.0   2.5  24:40.84 java
   5370 root      20   0 9220604 410040  29076 S 326.0   2.5  24:44.10 java
   5370 root      20   0 9220604 410040  29076 S 331.0   2.5  24:47.41 java
   5370 root      20   0 9220604 410040  29076 S 328.0   2.5  24:50.69 java
   5370 root      20   0 9220604 410040  29076 S 334.0   2.5  24:54.