  28858 root      20   0 9220604 984456  29088 S 160.0   6.0  79:48.71 java
  28858 root      20   0 9220604 984456  29088 S 407.0   6.0  79:52.78 java
  28858 root      20   0 9220604 984456  29088 S 402.0   6.0  79:56.80 java
  28858 root      20   0 9220604 984456  29088 S 401.0   6.0  80:00.81 java
  28858 root      20   0 9220604 984456  29088 S 399.0   6.0  80:04.80 java
  28858 root      20   0 9220604 984456  29088 S 402.0   6.0  80:08.82 java
  28858 root      20   0 9220604 984456  29088 S 398.0   6.0  80:12.84 java
  28858 root      20   0 9220604 984456  29088 S 399.0   6.0  80:16.83 java
  28858 root      20   0 9220604 984456  29088 S 402.0   6.0  80:20.85 java
  28858 root      20   0 9220604 984948  29088 S 401.0   6.0  80:24.86 java
  28858 root      20   0 9220604 984948  29088 S 399.0   6.0  80:28.85 java
  28858 root      20   0 9220604 984948  29088 S 402.0   6.0  80:32.87 java
  28858 root      20   0 9220604 984948  29088 S 400.0   6.0  80:36.87 java
  28858 root      20   0 9220604 984948  29088 S 402.0   6.0  80:40.89 java
  28858 root      20   0 9220604 984948  29088 S 397.0   6.0  80:44.90 java
  28858 root      20   0 9220604 984948  29088 S 401.0   6.0  80:48.91 java
  28858 root      20   0 9220604 984948  29088 S 400.0   6.0  80:52.91 java
  28858 root      20   0 9220604 984948  29088 S 400.0   6.0  80:56.91 java
  28858 root      20   0 9220604 984948  29088 S 402.0   6.0  81:00.93 java
  28858 root      20   0 9220604 984948  29088 S 399.0   6.0  81:04.92 java
  28858 root      20   0 9220604 984948  29088 S 401.0   6.0  81:08.93 java
  28858 root      20   0 9220604 984948  29088 S 401.0   6.0  81:12.94 java
  28858 root      20   0 9220604 984948  29088 S 401.0   6.0  81:16.95 java
  28858 root      20   0 9220604 984948  29088 S 396.0   6.0  81:20.95 java
  28858 root      20   0 9220604 984948  29088 S 402.0   6.0  81:24.97 java
  28858 root      20   0 9220604 984948  29088 S 400.0   6.0  81:28.97 java
  28858 root      20   0 9220604 984948  29088 S 400.0   6.0  81:32.97 java
  28858 root      20   0 9220604 984948  29088 S 402.0   6.0  81:36.99 java
  28858 root      20   0 9220604 984948  29088 S 401.0   6.0  81:41.00 java
  28858 root      20   0 9220604 984948  29088 S 399.0   6.0  81:44.99 java
  28858 root      20   0 9220604 984948  29088 S 398.0   6.0  81:49.01 java
  28858 root      20   0 9220604 984948  29088 S 400.0   6.0  81:53.01 java
  28858 root      20   0 9220604 984948  29088 S 397.0   6.0  81:56.98 java
  28858 root      20   0 9220604 984948  29088 S 402.0   6.0  82:01.00 java
  28858 root      20   0 9220604 984948  29088 S 403.0   6.0  82:05.03 java
  28858 root      20   0 9220604 984948  29088 S 402.0   6.0  82:09.05 java
  28858 root      20   0 9220604 984948  29088 S 400.0   6.0  82:13.05 java
  28858 root      20   0 9220604 984948  29088 S 398.0   6.0  82:17.03 java
  28858 root      20   0 9220604 984948  29088 S 397.0   6.0  82:21.04 java
  28858 root      20   0 9220604 984948  29088 S 399.0   6.0  82:25.03 java
  28858 root      20   0 9220604 984948  29088 S 402.0   6.0  82:29.05 java
  28858 root      20   0 9220604 984948  29088 S 400.0   6.0  82:33.05 java
  28858 root      20   0 9220604 984948  29088 S 399.0   6.0  82:37.04 java
  28858 root      20   0 9220604 984948  29088 S 401.0   6.0  82:41.05 java
  28858 root      20   0 9220604 984948  29088 S 400.0   6.0  82:45.05 java
  28858 root      20   0 9220604 984948  29088 S 400.0   6.0  82:49.05 java
  28858 root      20   0 9220604 984948  29088 S 400.0   6.0  82:53.05 java
  28858 root      20   0 9220604 984948  29088 S 396.0   6.0  82:57.05 java
  28858 root      20   0 9220604 984948  29088 S 400.0   6.0  83:01.05 java
  28858 root      20   0 9220604 984948  29088 S 399.0   6.0  83:05.04 java
  28858 root      20   0 9220604 984948  29088 S 401.0   6.0  83:09.05 java
  28858 root      20   0 9220604 984948  29088 S 400.0   6.0  83:13.05 java
  28858 root      20   0 9220604 984948  29088 S 399.0   6.0  83:17.04 java
  28858 root      20   0 9220604 984948  29088 S 401.0   6.0  83:21.