  28858 root      20   0 9220604 388332  29088 S 166.7   2.4   8:18.64 java
  28858 root      20   0 9220604 388440  29088 S 176.0   2.4   8:20.40 java
  28858 root      20   0 9220604 388440  29088 S 207.9   2.4   8:22.50 java
  28858 root      20   0 9220604 388440  29088 S 199.0   2.4   8:24.49 java
  28858 root      20   0 9220604 388440  29088 S 195.0   2.4   8:26.44 java
  28858 root      20   0 9220604 388440  29088 S 194.0   2.4   8:28.38 java
  28858 root      20   0 9220604 388440  29088 S 202.0   2.4   8:30.40 java
  28858 root      20   0 9220604 388440  29088 S 201.0   2.4   8:32.41 java
  28858 root      20   0 9220604 388752  29088 S 205.0   2.4   8:34.46 java
  28858 root      20   0 9220604 388752  29088 S 205.0   2.4   8:36.53 java
  28858 root      20   0 9220604 388812  29088 S 210.0   2.4   8:38.63 java
  28858 root      20   0 9220604 388812  29088 S 211.0   2.4   8:40.74 java
  28858 root      20   0 9220604 388812  29088 S 190.0   2.4   8:42.64 java
  28858 root      20   0 9220604 388812  29088 S 204.0   2.4   8:44.68 java
  28858 root      20   0 9220604 388812  29088 S 205.0   2.4   8:46.73 java
  28858 root      20   0 9220604 388812  29088 S 204.0   2.4   8:48.77 java
  28858 root      20   0 9220604 388812  29088 S 204.0   2.4   8:50.81 java
  28858 root      20   0 9220604 388812  29088 S 205.0   2.4   8:52.86 java
  28858 root      20   0 9220604 388812  29088 S 195.0   2.4   8:54.83 java
  28858 root      20   0 9220604 388812  29088 S 203.0   2.4   8:56.86 java
  28858 root      20   0 9220604 388812  29088 S 203.0   2.4   8:58.89 java
  28858 root      20   0 9220604 388812  29088 S 203.0   2.4   9:00.92 java
  28858 root      20   0 9220604 388812  29088 S 202.0   2.4   9:02.94 java
  28858 root      20   0 9220604 388812  29088 S 197.0   2.4   9:04.91 java
  28858 root      20   0 9220604 388812  29088 S 193.0   2.4   9:06.84 java
  28858 root      20   0 9220604 388812  29088 S 193.1   2.4   9:08.79 java
  28858 root      20   0 9220604 388812  29088 S 197.0   2.4   9:10.76 java
  28858 root      20   0 9220604 388812  29088 S 204.0   2.4   9:12.80 java
  28858 root      20   0 9220604 388812  29088 S 193.0   2.4   9:14.73 java
  28858 root      20   0 9220604 388812  29088 S 205.0   2.4   9:16.78 java
  28858 root      20   0 9220604 388812  29088 S 203.0   2.4   9:18.81 java
  28858 root      20   0 9220604 388812  29088 S 197.0   2.4   9:20.78 java
  28858 root      20   0 9220604 388812  29088 S 196.0   2.4   9:22.74 java
  28858 root      20   0 9220604 388812  29088 S 209.0   2.4   9:24.83 java
  28858 root      20   0 9220604 388980  29088 S 207.9   2.4   9:26.93 java
  28858 root      20   0 9220604 388980  29088 S 205.0   2.4   9:28.98 java
  28858 root      20   0 9220604 388980  29088 S 205.0   2.4   9:31.03 java
  28858 root      20   0 9220604 388980  29088 S 205.0   2.4   9:33.08 java
  28858 root      20   0 9220604 388980  29088 S 200.0   2.4   9:35.08 java
  28858 root      20   0 9220604 388980  29088 S 207.0   2.4   9:37.15 java
  28858 root      20   0 9220604 388980  29088 S 206.0   2.4   9:39.21 java
  28858 root      20   0 9220604 388980  29088 S 209.0   2.4   9:41.30 java
  28858 root      20   0 9220604 388980  29088 S 207.9   2.4   9:43.40 java
  28858 root      20   0 9220604 388980  29088 S 208.0   2.4   9:45.48 java
  28858 root      20   0 9220604 388980  29088 S 211.0   2.4   9:47.59 java
  28858 root      20   0 9220604 388980  29088 S 203.0   2.4   9:49.62 java
  28858 root      20   0 9220604 388980  29088 S 209.0   2.4   9:51.71 java
  28858 root      20   0 9220604 388980  29088 S 199.0   2.4   9:53.70 java
  28858 root      20   0 9220604 388980  29088 S 198.0   2.4   9:55.68 java
  28858 root      20   0 9220604 388980  29088 S 207.0   2.4   9:57.75 java
  28858 root      20   0 9220604 388980  29088 S 208.0   2.4   9:59.83 java
  28858 root      20   0 9220604 388980  29088 S 215.8   2.4  10:02.01 java
  28858 root      20   0 9220604 388980  29088 S 210.0   2.4  10:04.11 java
  28858 root      20   0 9220604 388980  29088 S 202.0   2.4  10:06.