   5370 root      20   0 9220604 410040  29076 S  73.3   2.5  25:15.44 java
   5370 root      20   0 9220604 410040  29076 S 305.0   2.5  25:18.49 java
   5370 root      20   0 9220604 410040  29076 S 292.0   2.5  25:21.41 java
   5370 root      20   0 9220604 410040  29076 S 294.1   2.5  25:24.38 java
   5370 root      20   0 9220604 410040  29076 S 294.0   2.5  25:27.32 java
   5370 root      20   0 9220604 410200  29076 S 291.0   2.5  25:30.23 java
   5370 root      20   0 9220604 410200  29076 S 307.0   2.5  25:33.30 java
   5370 root      20   0 9220604 410200  29076 S 308.0   2.5  25:36.38 java
   5370 root      20   0 9220604 410200  29076 S 298.0   2.5  25:39.36 java
   5370 root      20   0 9220604 410384  29076 S 303.0   2.5  25:42.39 java
   5370 root      20   0 9220604 410384  29076 S 302.0   2.5  25:45.41 java
   5370 root      20   0 9220604 410384  29076 S 298.0   2.5  25:48.42 java
   5370 root      20   0 9220604 410384  29076 S 286.0   2.5  25:51.28 java
   5370 root      20   0 9220604 410384  29076 S 287.0   2.5  25:54.15 java
   5370 root      20   0 9220604 410384  29076 S 292.0   2.5  25:57.07 java
   5370 root      20   0 9220604 410384  29076 S 304.0   2.5  26:00.11 java
   5370 root      20   0 9220604 410384  29076 S 296.0   2.5  26:03.07 java
   5370 root      20   0 9220604 410384  29076 S 299.0   2.5  26:06.06 java
   5370 root      20   0 9220604 410384  29076 S 304.0   2.5  26:09.10 java
   5370 root      20   0 9220604 410384  29076 S 297.0   2.5  26:12.07 java
   5370 root      20   0 9220604 410384  29076 S 294.1   2.5  26:15.04 java
   5370 root      20   0 9220604 410384  29076 S 295.0   2.5  26:17.99 java
   5370 root      20   0 9220604 410384  29076 S 290.0   2.5  26:20.89 java
   5370 root      20   0 9220604 410384  29076 S 293.0   2.5  26:23.82 java
   5370 root      20   0 9220604 410384  29076 S 289.0   2.5  26:26.71 java
   5370 root      20   0 9220604 410384  29076 S 297.0   2.5  26:29.68 java
   5370 root      20   0 9220604 410384  29076 S 298.0   2.5  26:32.66 java
   5370 root      20   0 9220604 410384  29076 S 285.0   2.5  26:35.51 java
   5370 root      20   0 9220604 410384  29076 S 294.1   2.5  26:38.48 java
   5370 root      20   0 9220604 410384  29076 S 292.0   2.5  26:41.40 java
   5370 root      20   0 9220604 410384  29076 S 288.0   2.5  26:44.28 java
   5370 root      20   0 9220604 410384  29076 S 295.0   2.5  26:47.23 java
   5370 root      20   0 9220604 410384  29076 S 303.0   2.5  26:50.26 java
   5370 root      20   0 9220604 410384  29076 S 300.0   2.5  26:53.26 java
   5370 root      20   0 9220604 410384  29076 S 297.0   2.5  26:56.23 java
   5370 root      20   0 9220604 410384  29076 S 304.0   2.5  26:59.27 java
   5370 root      20   0 9220604 410384  29076 S 308.0   2.5  27:02.35 java
   5370 root      20   0 9220604 410384  29076 S 292.0   2.5  27:05.27 java
   5370 root      20   0 9220604 410384  29076 S 286.1   2.5  27:08.16 java
   5370 root      20   0 9220604 410384  29076 S 301.0   2.5  27:11.17 java
   5370 root      20   0 9220604 410384  29076 S 299.0   2.5  27:14.16 java
   5370 root      20   0 9220604 410384  29076 S 286.0   2.5  27:17.02 java
   5370 root      20   0 9220604 410384  29076 S 298.0   2.5  27:20.00 java
   5370 root      20   0 9220604 410384  29076 S 293.0   2.5  27:22.93 java
   5370 root      20   0 9220604 410384  29076 S 296.0   2.5  27:25.89 java
   5370 root      20   0 9220604 410384  29076 S 289.0   2.5  27:28.78 java
   5370 root      20   0 9220604 410384  29076 S 302.0   2.5  27:31.80 java
   5370 root      20   0 9220604 410384  29076 S 292.1   2.5  27:34.75 java
   5370 root      20   0 9220604 410384  29076 S 305.0   2.5  27:37.80 java
   5370 root      20   0 9220604 410384  29076 S 297.0   2.5  27:40.77 java
   5370 root      20   0 9220604 410384  29076 S 297.0   2.5  27:43.74 java
   5370 root      20   0 9220604 410384  29076 S 299.0   2.5  27:46.73 java
   5370 root      20   0 9220604 410384  29076 S 303.0   2.5  27:49.76 java
   5370 root      20   0 9220604 410384  29076 S 295.0   2.5  27:52.