   5370 root      20   0 9218556 406012  29076 S 166.7   2.5   5:05.72 java
   5370 root      20   0 9218556 406012  29076 S 154.0   2.5   5:07.26 java
   5370 root      20   0 9218556 406140  29076 S 161.0   2.5   5:08.87 java
   5370 root      20   0 9218556 406140  29076 S 165.0   2.5   5:10.52 java
   5370 root      20   0 9218556 406140  29076 S 164.0   2.5   5:12.16 java
   5370 root      20   0 9218556 406140  29076 S 159.0   2.5   5:13.75 java
   5370 root      20   0 9218556 406140  29076 S 161.4   2.5   5:15.38 java
   5370 root      20   0 9218556 406140  29076 S 162.0   2.5   5:17.00 java
   5370 root      20   0 9218556 406140  29076 S 162.0   2.5   5:18.62 java
   5370 root      20   0 9218556 406312  29076 S 165.0   2.5   5:20.27 java
   5370 root      20   0 9218556 406312  29076 S 159.0   2.5   5:21.86 java
   5370 root      20   0 9218556 406312  29076 S 161.0   2.5   5:23.47 java
   5370 root      20   0 9218556 406312  29076 S 162.0   2.5   5:25.09 java
   5370 root      20   0 9218556 406312  29076 S 153.5   2.5   5:26.64 java
   5370 root      20   0 9218556 406312  29076 S 160.0   2.5   5:28.24 java
   5370 root      20   0 9218556 406540  29076 S 162.0   2.5   5:29.86 java
   5370 root      20   0 9218556 406540  29076 S 164.0   2.5   5:31.50 java
   5370 root      20   0 9218556 406540  29076 S 161.0   2.5   5:33.11 java
   5370 root      20   0 9218556 406540  29076 S 156.0   2.5   5:34.67 java
   5370 root      20   0 9218556 406540  29076 S 163.0   2.5   5:36.30 java
   5370 root      20   0 9218556 406540  29076 S 164.0   2.5   5:37.94 java
   5370 root      20   0 9218556 406540  29076 S 154.5   2.5   5:39.50 java
   5370 root      20   0 9218556 406540  29076 S 159.0   2.5   5:41.09 java
   5370 root      20   0 9218556 406540  29076 S 164.0   2.5   5:42.73 java
   5370 root      20   0 9218556 406540  29076 S 159.0   2.5   5:44.32 java
   5370 root      20   0 9218556 406540  29076 S 160.0   2.5   5:45.92 java
   5370 root      20   0 9218556 406540  29076 S 155.0   2.5   5:47.47 java
   5370 root      20   0 9218556 406540  29076 S 159.0   2.5   5:49.06 java
   5370 root      20   0 9218556 406540  29076 S 157.0   2.5   5:50.63 java
   5370 root      20   0 9218556 406540  29076 S 158.4   2.5   5:52.23 java
   5370 root      20   0 9218556 406612  29076 S 165.0   2.5   5:53.88 java
   5370 root      20   0 9218556 406612  29076 S 168.0   2.5   5:55.56 java
   5370 root      20   0 9218556 406612  29076 S 163.0   2.5   5:57.19 java
   5370 root      20   0 9218556 406612  29076 S 163.0   2.5   5:58.82 java
   5370 root      20   0 9218556 406612  29076 S 161.0   2.5   6:00.43 java
   5370 root      20   0 9218556 406612  29076 S 162.0   2.5   6:02.05 java
   5370 root      20   0 9218556 406612  29076 S 159.4   2.5   6:03.66 java
   5370 root      20   0 9218556 406612  29076 S 162.0   2.5   6:05.28 java
   5370 root      20   0 9218556 406612  29076 S 163.0   2.5   6:06.91 java
   5370 root      20   0 9218556 406612  29076 S 166.0   2.5   6:08.57 java
   5370 root      20   0 9218556 406612  29076 S 162.0   2.5   6:10.19 java
   5370 root      20   0 9218556 406612  29076 S 165.0   2.5   6:11.84 java
   5370 root      20   0 9218556 406612  29076 S 164.0   2.5   6:13.48 java
   5370 root      20   0 9218556 406612  29076 S 167.0   2.5   6:15.15 java
   5370 root      20   0 9218556 406612  29076 S 165.0   2.5   6:16.80 java
   5370 root      20   0 9218556 406612  29076 S 165.3   2.5   6:18.47 java
   5370 root      20   0 9218556 406612  29076 S 171.0   2.5   6:20.18 java
   5370 root      20   0 9218556 406612  29076 S 168.0   2.5   6:21.86 java
   5370 root      20   0 9218556 406612  29076 S 168.0   2.5   6:23.54 java
   5370 root      20   0 9218556 406612  29076 S 159.0   2.5   6:25.13 java
   5370 root      20   0 9218556 406612  29076 S 163.0   2.5   6:26.76 java
   5370 root      20   0 9218556 406612  29076 S 165.0   2.5   6:28.41 java
   5370 root      20   0 9218556 406612  29076 S 168.0   2.5   6:30.09 java
   5370 root      20   0 9218556 406612  29076 S 165.3   2.5   6:31.