   5823 root      20   0   13.6g 527184  29092 S 440.0   3.2  25:32.96 java
   5823 root      20   0   13.6g 527184  29092 S 400.0   3.2  25:36.96 java
   5823 root      20   0   13.6g 527280  29092 S 396.0   3.2  25:40.96 java
   5823 root      20   0   13.6g 527728  29092 S 400.0   3.2  25:44.96 java
   5823 root      20   0   13.6g 527728  29092 S 401.0   3.2  25:48.97 java
   5823 root      20   0   13.6g 527728  29092 S 399.0   3.2  25:52.96 java
   5823 root      20   0   13.6g 527728  29092 S 400.0   3.2  25:56.96 java
   5823 root      20   0   13.6g 527880  29092 S 400.0   3.2  26:00.96 java
   5823 root      20   0   13.6g 527880  29092 S 400.0   3.2  26:04.96 java
   5823 root      20   0   13.6g 527880  29092 S 397.0   3.2  26:08.97 java
   5823 root      20   0   13.6g 527880  29092 S 399.0   3.2  26:12.96 java
   5823 root      20   0   13.6g 527880  29092 S 400.0   3.2  26:16.96 java
   5823 root      20   0   13.6g 528032  29092 S 400.0   3.2  26:20.96 java
   5823 root      20   0   13.6g 528032  29092 S 400.0   3.2  26:24.96 java
   5823 root      20   0   13.6g 528192  29092 S 400.0   3.2  26:28.96 java
   5823 root      20   0   13.6g 528192  29092 S 400.0   3.2  26:32.96 java
   5823 root      20   0   13.6g 528448  29092 S 400.0   3.2  26:36.96 java
   5823 root      20   0   13.6g 600584  29092 S 397.0   3.7  26:40.97 java
   5823 root      20   0   13.6g 601776  29092 S 401.0   3.7  26:44.98 java
   5823 root      20   0   13.6g 601896  29092 S 401.0   3.7  26:48.99 java
   5823 root      20   0   13.6g 601896  29092 S 400.0   3.7  26:52.99 java
   5823 root      20   0   13.6g 601896  29092 S 400.0   3.7  26:56.99 java
   5823 root      20   0   13.6g 601896  29092 S 404.0   3.7  27:01.03 java
   5823 root      20   0   13.6g 601896  29092 S 399.0   3.7  27:05.02 java
   5823 root      20   0   13.6g 602156  29092 S 403.0   3.7  27:09.05 java
   5823 root      20   0   13.6g 602156  29092 S 398.0   3.7  27:13.03 java
   5823 root      20   0   13.6g 602156  29092 S 402.0   3.7  27:17.05 java
   5823 root      20   0   13.6g 602156  29092 S 397.0   3.7  27:21.06 java
   5823 root      20   0   13.6g 602156  29092 S 401.0   3.7  27:25.07 java
   5823 root      20   0   13.6g 602156  29092 S 403.0   3.7  27:29.10 java
   5823 root      20   0   13.6g 602156  29092 S 398.0   3.7  27:33.08 java
   5823 root      20   0   13.6g 602156  29092 S 404.0   3.7  27:37.12 java
   5823 root      20   0   13.6g 602284  29092 S 402.0   3.7  27:41.14 java
   5823 root      20   0   13.6g 602284  29092 S 394.0   3.7  27:45.08 java
   5823 root      20   0   13.6g 602284  29092 S 404.0   3.7  27:49.12 java
   5823 root      20   0   13.6g 602420  29092 S 406.0   3.7  27:53.18 java
   5823 root      20   0   13.6g 602420  29092 S 399.0   3.7  27:57.17 java
   5823 root      20   0   13.6g 602560  29092 S 395.0   3.7  28:01.16 java
   5823 root      20   0   13.6g 602560  29092 S 398.0   3.7  28:05.14 java
   5823 root      20   0   13.6g 602560  29092 S 401.0   3.7  28:09.15 java
   5823 root      20   0   13.6g 602560  29092 S 399.0   3.7  28:13.14 java
   5823 root      20   0   13.6g 602560  29092 S 399.0   3.7  28:17.13 java
   5823 root      20   0   13.6g 602560  29092 S 404.0   3.7  28:21.17 java
   5823 root      20   0   13.6g 602560  29092 S 405.0   3.7  28:25.22 java
   5823 root      20   0   13.6g 602864  29092 S 402.0   3.7  28:29.24 java
   5823 root      20   0   13.6g 602864  29092 S 395.0   3.7  28:33.19 java
   5823 root      20   0   13.6g 602864  29092 S 402.0   3.7  28:37.21 java
   5823 root      20   0   13.6g 602864  29092 S 398.0   3.7  28:41.23 java
   5823 root      20   0   13.6g 602864  29092 S 403.0   3.7  28:45.26 java
   5823 root      20   0   13.6g 603120  29092 S 401.0   3.7  28:49.27 java
   5823 root      20   0   13.6g 603120  29092 S 392.0   3.7  28:53.19 java
   5823 root      20   0   13.6g 603120  29092 S 403.0   3.7  28:57.22 java
   5823 root      20   0   13.6g 603572  29092 S 403.0   3.7  29:01.25 java
   5823 root      20   0   13.6g 603572  29092 S 404.0   3.7  29:05.