   5370 root      20   0 8486324 175956  29076 S 313.3   1.1   0:04.43 java
   5370 root      20   0 9218556 205716  29076 S 401.0   1.3   0:08.44 java
   5370 root      20   0 9218556 292404  29076 S 401.0   1.8   0:12.45 java
   5370 root      20   0 9218556 350072  29076 S 399.0   2.1   0:16.44 java
   5370 root      20   0 9218556 396888  29076 S 285.1   2.4   0:19.32 java
   5370 root      20   0 9218556 409828  29076 S  47.0   2.5   0:19.79 java
   5370 root      20   0 9218556 411148  29076 S  40.0   2.5   0:20.19 java
   5370 root      20   0 9218556 412616  29076 S  42.0   2.5   0:20.61 java
   5370 root      20   0 9218556 412616  29076 S  41.0   2.5   0:21.02 java
   5370 root      20   0 9218556 396532  29076 S  44.0   2.4   0:21.46 java
   5370 root      20   0 9218556 396532  29076 S  40.0   2.4   0:21.86 java
   5370 root      20   0 9218556 396532  29076 S  41.0   2.4   0:22.27 java
   5370 root      20   0 9218556 396532  29076 S  38.6   2.4   0:22.66 java
   5370 root      20   0 9218556 396532  29076 S  40.0   2.4   0:23.06 java
   5370 root      20   0 9218556 396532  29076 S  39.0   2.4   0:23.45 java
   5370 root      20   0 9218556 396532  29076 S  44.0   2.4   0:23.89 java
   5370 root      20   0 9218556 396532  29076 S  38.0   2.4   0:24.27 java
   5370 root      20   0 9218556 396532  29076 S  42.0   2.4   0:24.69 java
   5370 root      20   0 9218556 396532  29076 S  40.0   2.4   0:25.09 java
   5370 root      20   0 9218556 396532  29076 S  40.0   2.4   0:25.49 java
   5370 root      20   0 9218556 396532  29076 S  37.6   2.4   0:25.87 java
   5370 root      20   0 9218556 396532  29076 S  40.0   2.4   0:26.27 java
   5370 root      20   0 9218556 396532  29076 S  40.0   2.4   0:26.67 java
   5370 root      20   0 9218556 396532  29076 S  40.0   2.4   0:27.07 java
   5370 root      20   0 9218556 396532  29076 S  42.0   2.4   0:27.49 java
   5370 root      20   0 9218556 396532  29076 S  41.0   2.4   0:27.90 java
   5370 root      20   0 9218556 396532  29076 S  41.0   2.4   0:28.31 java
   5370 root      20   0 9218556 396532  29076 S  38.6   2.4   0:28.70 java
   5370 root      20   0 9218556 396532  29076 S  42.0   2.4   0:29.12 java
   5370 root      20   0 9218556 396532  29076 S  40.0   2.4   0:29.52 java
   5370 root      20   0 9218556 401400  29076 S  42.0   2.5   0:29.94 java
   5370 root      20   0 9218556 401400  29076 S  38.0   2.5   0:30.32 java
   5370 root      20   0 9218556 401524  29076 S  39.0   2.5   0:30.71 java
   5370 root      20   0 9218556 401524  29076 S  38.0   2.5   0:31.09 java
   5370 root      20   0 9218556 401524  29076 S  40.0   2.5   0:31.49 java
   5370 root      20   0 9218556 401524  29076 S  37.6   2.5   0:31.87 java
   5370 root      20   0 9218556 401524  29076 S  39.0   2.5   0:32.26 java
   5370 root      20   0 9218556 401524  29076 S  39.0   2.5   0:32.65 java
   5370 root      20   0 9218556 401524  29076 S  39.0   2.5   0:33.04 java
   5370 root      20   0 9218556 401524  29076 S  38.0   2.5   0:33.42 java
   5370 root      20   0 9218556 401524  29076 S  39.0   2.5   0:33.81 java
   5370 root      20   0 9218556 401524  29076 S  39.0   2.5   0:34.20 java
   5370 root      20   0 9218556 401524  29076 S  39.0   2.5   0:34.59 java
   5370 root      20   0 9218556 401524  29076 S  38.0   2.5   0:34.97 java
   5370 root      20   0 9218556 401524  29076 S  37.6   2.5   0:35.35 java
   5370 root      20   0 9218556 401524  29076 S  39.0   2.5   0:35.74 java
   5370 root      20   0 9218556 401524  29076 S  40.0   2.5   0:36.14 java
   5370 root      20   0 9218556 401524  29076 S  39.0   2.5   0:36.53 java
   5370 root      20   0 9218556 401524  29076 S  40.0   2.5   0:36.93 java
   5370 root      20   0 9218556 401524  29076 S  42.0   2.5   0:37.35 java
   5370 root      20   0 9218556 401524  29076 S  42.0   2.5   0:37.77 java
   5370 root      20   0 9218556 401524  29076 S  40.6   2.5   0:38.18 java
   5370 root      20   0 9218556 401524  29076 S  41.0   2.5   0:38.59 java
   5370 root      20   0 9218556 401524  29076 S  40.0   2.5   0:38.