   5370 root      20   0 9220604 696936  29076 S   0.0   4.3  71:44.78 java
   5370 root      20   0 9220604 696936  29076 S 357.0   4.3  71:48.35 java
   5370 root      20   0 9220604 696936  29076 S 401.0   4.3  71:52.36 java
   5370 root      20   0 9220604 696936  29076 S 398.0   4.3  71:56.38 java
   5370 root      20   0 9220604 696936  29076 S 400.0   4.3  72:00.38 java
   5370 root      20   0 9220604 696936  29076 S 399.0   4.3  72:04.37 java
   5370 root      20   0 9220604 697088  29076 S 402.0   4.3  72:08.39 java
   5370 root      20   0 9220604 697088  29076 S 401.0   4.3  72:12.40 java
   5370 root      20   0 9220604 697088  29076 S 401.0   4.3  72:16.41 java
   5370 root      20   0 9220604 697088  29076 S 402.0   4.3  72:20.43 java
   5370 root      20   0 9220604 697088  29076 S 399.0   4.3  72:24.42 java
   5370 root      20   0 9220604 697088  29076 S 400.0   4.3  72:28.42 java
   5370 root      20   0 9220604 697088  29076 S 398.0   4.3  72:32.44 java
   5370 root      20   0 9220604 697088  29076 S 401.0   4.3  72:36.45 java
   5370 root      20   0 9220604 697088  29076 S 402.0   4.3  72:40.47 java
   5370 root      20   0 9220604 697088  29076 S 398.0   4.3  72:44.45 java
   5370 root      20   0 9220604 697088  29076 S 401.0   4.3  72:48.46 java
   5370 root      20   0 9220604 697088  29076 S 403.0   4.3  72:52.49 java
   5370 root      20   0 9220604 697088  29076 S 400.0   4.3  72:56.49 java
   5370 root      20   0 9220604 697088  29076 S 400.0   4.3  73:00.49 java
   5370 root      20   0 9220604 697088  29076 S 400.0   4.3  73:04.49 java
   5370 root      20   0 9220604 697088  29076 S 397.0   4.3  73:08.50 java
   5370 root      20   0 9220604 697088  29076 S 402.0   4.3  73:12.52 java
   5370 root      20   0 9220604 697088  29076 S 398.0   4.3  73:16.50 java
   5370 root      20   0 9220604 697088  29076 S 403.0   4.3  73:20.53 java
   5370 root      20   0 9220604 697088  29076 S 400.0   4.3  73:24.53 java
   5370 root      20   0 9220604 697088  29076 S 400.0   4.3  73:28.53 java
   5370 root      20   0 9220604 697088  29076 S 401.0   4.3  73:32.54 java
   5370 root      20   0 9220604 697088  29076 S 398.0   4.3  73:36.56 java
   5370 root      20   0 9220604 697088  29076 S 399.0   4.3  73:40.55 java
   5370 root      20   0 9220604 697088  29076 S 401.0   4.3  73:44.56 java
   5370 root      20   0 9220604 697088  29076 S 402.0   4.3  73:48.58 java
   5370 root      20   0 9220604 697088  29076 S 401.0   4.3  73:52.59 java
   5370 root      20   0 9220604 697088  29076 S 398.0   4.3  73:56.57 java
   5370 root      20   0 9220604 697088  29076 S 403.0   4.3  74:00.60 java
   5370 root      20   0 9220604 697088  29076 S 402.0   4.3  74:04.62 java
   5370 root      20   0 9220604 697088  29076 S 395.0   4.3  74:08.61 java
   5370 root      20   0 9220604 697088  29076 S 401.0   4.3  74:12.62 java
   5370 root      20   0 9220604 697088  29076 S 401.0   4.3  74:16.63 java
   5370 root      20   0 9220604 697088  29076 S 401.0   4.3  74:20.64 java
   5370 root      20   0 9220604 697088  29076 S 398.0   4.3  74:24.62 java
   5370 root      20   0 9220604 697088  29076 S 406.0   4.3  74:28.68 java
   5370 root      20   0 9220604 697088  29076 S 399.0   4.3  74:32.67 java
   5370 root      20   0 9220604 697088  29076 S 402.0   4.3  74:36.69 java
   5370 root      20   0 9220604 697088  29076 S 398.0   4.3  74:40.67 java
   5370 root      20   0 9220604 697088  29076 S 397.0   4.3  74:44.68 java
   5370 root      20   0 9220604 697088  29076 S 401.0   4.3  74:48.69 java
   5370 root      20   0 9220604 697088  29076 S 397.0   4.3  74:52.66 java
   5370 root      20   0 9220604 697088  29076 S 400.0   4.3  74:56.66 java
   5370 root      20   0 9220604 697088  29076 S 403.0   4.3  75:00.69 java
   5370 root      20   0 9220604 697088  29076 S 398.0   4.3  75:04.67 java
   5370 root      20   0 9220604 697088  29076 S 403.0   4.3  75:08.70 java
   5370 root      20   0 9220604 697088  29076 S 401.0   4.3  75:12.71 java
   5370 root      20   0 9220604 697088  29076 S 396.0   4.3  75:16.