   5370 root      20   0 9220604 698508  29076 S 373.3   4.3  83:45.53 java
   5370 root      20   0 9220604 698508  29076 S 401.0   4.3  83:49.54 java
   5370 root      20   0 9220604 698508  29076 S 397.0   4.3  83:53.55 java
   5370 root      20   0 9220604 698508  29076 S 401.0   4.3  83:57.56 java
   5370 root      20   0 9220604 698508  29076 S 401.0   4.3  84:01.57 java
   5370 root      20   0 9220604 698800  29076 S 401.0   4.3  84:05.58 java
   5370 root      20   0 9220604 698800  29076 S 400.0   4.3  84:09.58 java
   5370 root      20   0 9220604 698800  29076 S 400.0   4.3  84:13.58 java
   5370 root      20   0 9220604 698800  29076 S 400.0   4.3  84:17.58 java
   5370 root      20   0 9220604 698800  29076 S 400.0   4.3  84:21.58 java
   5370 root      20   0 9220604 698800  29076 S 402.0   4.3  84:25.60 java
   5370 root      20   0 9220604 698800  29076 S 400.0   4.3  84:29.60 java
   5370 root      20   0 9220604 698800  29076 S 398.0   4.3  84:33.62 java
   5370 root      20   0 9220604 698800  29076 S 398.0   4.3  84:37.60 java
   5370 root      20   0 9220604 698800  29076 S 403.0   4.3  84:41.63 java
   5370 root      20   0 9220604 698800  29076 S 400.0   4.3  84:45.63 java
   5370 root      20   0 9220604 698800  29076 S 403.0   4.3  84:49.66 java
   5370 root      20   0 9220604 698800  29076 S 399.0   4.3  84:53.65 java
   5370 root      20   0 9220604 698800  29076 S 402.0   4.3  84:57.67 java
   5370 root      20   0 9220604 698800  29076 S 399.0   4.3  85:01.66 java
   5370 root      20   0 9220604 698800  29076 S 398.0   4.3  85:05.68 java
   5370 root      20   0 9220604 698800  29076 S 400.0   4.3  85:09.68 java
   5370 root      20   0 9220604 698800  29076 S 400.0   4.3  85:13.68 java
   5370 root      20   0 9220604 698800  29076 S 403.0   4.3  85:17.71 java
   5370 root      20   0 9220604 698800  29076 S 399.0   4.3  85:21.70 java
   5370 root      20   0 9220604 698800  29076 S 401.0   4.3  85:25.71 java
   5370 root      20   0 9220604 698800  29076 S 401.0   4.3  85:29.72 java
   5370 root      20   0 9220604 698800  29076 S 401.0   4.3  85:33.73 java
   5370 root      20   0 9220604 698800  29076 S 401.0   4.3  85:37.74 java
   5370 root      20   0 9220604 698800  29076 S 395.0   4.3  85:41.73 java
   5370 root      20   0 9220604 698800  29076 S 401.0   4.3  85:45.74 java
   5370 root      20   0 9220604 698800  29076 S 401.0   4.3  85:49.75 java
   5370 root      20   0 9220604 698800  29076 S 402.0   4.3  85:53.77 java
   5370 root      20   0 9220604 698800  29076 S 399.0   4.3  85:57.76 java
   5370 root      20   0 9220604 698800  29076 S 401.0   4.3  86:01.77 java
   5370 root      20   0 9220604 698800  29076 S 401.0   4.3  86:05.78 java
   5370 root      20   0 9220604 698800  29076 S 400.0   4.3  86:09.78 java
   5370 root      20   0 9220604 698800  29076 S 396.0   4.3  86:13.78 java
   5370 root      20   0 9220604 698800  29076 S 402.0   4.3  86:17.80 java
   5370 root      20   0 9220604 698800  29076 S 401.0   4.3  86:21.81 java
   5370 root      20   0 9220604 698800  29076 S 399.0   4.3  86:25.80 java
   5370 root      20   0 9220604 698800  29076 S 402.0   4.3  86:29.82 java
   5370 root      20   0 9220604 698800  29076 S 399.0   4.3  86:33.81 java
   5370 root      20   0 9220604 698800  29076 S 402.0   4.3  86:37.83 java
   5370 root      20   0 9220604 698800  29076 S 402.0   4.3  86:41.85 java
   5370 root      20   0 9220604 698800  29076 S 399.0   4.3  86:45.84 java
   5370 root      20   0 9220604 698800  29076 S 397.0   4.3  86:49.85 java
   5370 root      20   0 9220604 698800  29076 S 397.0   4.3  86:53.82 java
   5370 root      20   0 9220604 698800  29076 S 401.0   4.3  86:57.83 java
   5370 root      20   0 9220604 698800  29076 S 402.0   4.3  87:01.85 java
   5370 root      20   0 9220604 698800  29076 S 401.0   4.3  87:05.86 java
   5370 root      20   0 9220604 698800  29076 S 400.0   4.3  87:09.86 java
   5370 root      20   0 9220604 698800  29076 S 399.0   4.3  87:13.85 java
   5370 root      20   0 9220604 698800  29076 S 403.0   4.3  87:17.