Running 1m test @ http://erik-pc.local:8080/fruits
  4 threads and 100 connections
  Thread calibration: mean lat.: 84.936ms, rate sampling interval: 535ms
  Thread calibration: mean lat.: 99.329ms, rate sampling interval: 540ms
  Thread calibration: mean lat.: 138.776ms, rate sampling interval: 770ms
  Thread calibration: mean lat.: 81.329ms, rate sampling interval: 416ms
  Thread Stats   Avg      Stdev     Max   +/- Stdev
    Latency   598.48ms  757.79ms   3.39s    82.12%
    Req/Sec     8.85k   813.35    11.13k    71.20%
  Latency Distribution (HdrHistogram - Recorded Latency)
 50.000%  161.92ms
 75.000%    1.04s 
 90.000%    1.78s 
 99.000%    2.77s 
 99.900%    3.26s 
 99.990%    3.36s 
 99.999%    3.38s 
100.000%    3.39s 

  Detailed Percentile spectrum:
       Value   Percentile   TotalCount 1/(1-Percentile)

       0.330     0.000000            1         1.00
      11.223     0.100000       176453         1.11
      27.375     0.200000       352827         1.25
      43.071     0.300000       529323         1.43
      81.727     0.400000       705658         1.67
     161.919     0.500000       881970         2.00
     292.863     0.550000       970148         2.22
     466.431     0.600000      1058237         2.50
     601.087     0.650000      1146467         2.86
     772.095     0.700000      1234771         3.33
    1039.871     0.750000      1322850         4.00
    1167.359     0.775000      1367050         4.44
    1269.759     0.800000      1411139         5.00
    1375.231     0.825000      1455089         5.71
    1494.015     0.850000      1499291         6.67
    1634.303     0.875000      1543484         8.00
    1705.983     0.887500      1565419         8.89
    1776.639     0.900000      1587407        10.00
    1871.871     0.912500      1609552        11.43
    1995.775     0.925000      1631540        13.33
    2148.351     0.937500      1653648        16.00
    2238.463     0.943750      1664640        17.78
    2312.191     0.950000      1675578        20.00
    2371.583     0.956250      1686988        22.86
    2424.831     0.962500      1697709        26.67
    2473.983     0.968750      1708865        32.00
    2504.703     0.971875      1714344        35.56
    2535.423     0.975000      1719674        40.00
    2570.239     0.978125      1725238        45.71
    2609.151     0.981250      1730890        53.33
    2654.207     0.984375      1736314        64.00
    2680.831     0.985938      1738990        71.11
    2713.599     0.987500      1741807        80.00
    2746.367     0.989062      1744465        91.43
    2791.423     0.990625      1747301       106.67
    2838.527     0.992188      1750054       128.00
    2859.007     0.992969      1751332       142.22
    2887.679     0.993750      1752705       160.00
    2928.639     0.994531      1754132       182.86
    2983.935     0.995313      1755495       213.33
    3094.527     0.996094      1756844       256.00
    3121.151     0.996484      1757564       284.44
    3141.631     0.996875      1758287       320.00
    3162.111     0.997266      1758944       365.71
    3184.639     0.997656      1759672       426.67
    3203.071     0.998047      1760325       512.00
    3211.263     0.998242      1760642       568.89
    3221.503     0.998437      1760998       640.00
    3233.791     0.998633      1761351       731.43
    3246.079     0.998828      1761677       853.33
    3260.415     0.999023      1762014      1024.00
    3266.559     0.999121      1762186      1137.78
    3274.751     0.999219      1762367      1280.00
    3282.943     0.999316      1762547      1462.86
    3291.135     0.999414      1762721      1706.67
    3299.327     0.999512      1762884      2048.00
    3303.423     0.999561      1762964      2275.56
    3307.519     0.999609      1763050      2560.00
    3311.615     0.999658      1763126      2925.71
    3317.759     0.999707      1763214      3413.33
    3325.951     0.999756      1763321      4096.00
    3327.999     0.999780      1763348      4551.11
    3332.095     0.999805      1763394      5120.00
    3336.191     0.999829      1763427      5851.43
    3344.383     0.999854      1763478      6826.67
    3350.527     0.999878      1763517      8192.00
    3354.623     0.999890      1763542      9102.22
    3358.719     0.999902      1763572     10240.00
    3360.767     0.999915      1763589     11702.86
    3362.815     0.999927      1763608     13653.33
    3364.863     0.999939      1763625     16384.00
    3366.911     0.999945      1763642     18204.44
    3366.911     0.999951      1763642     20480.00
    3368.959     0.999957      1763659     23405.71
    3371.007     0.999963      1763670     27306.67
    3373.055     0.999969      1763682     32768.00
    3373.055     0.999973      1763682     36408.89
    3375.103     0.999976      1763689     40960.00
    3377.151     0.999979      1763697     46811.43
    3377.151     0.999982      1763697     54613.33
    3379.199     0.999985      1763704     65536.00
    3379.199     0.999986      1763704     72817.78
    3381.247     0.999988      1763712     81920.00
    3381.247     0.999989      1763712     93622.86
    3381.247     0.999991      1763712    109226.67
    3383.295     0.999992      1763716    131072.00
    3383.295     0.999993      1763716    145635.56
    3385.343     0.999994      1763719    163840.00
    3385.343     0.999995      1763719    187245.71
    3387.391     0.999995      1763723    218453.33
    3387.391     0.999996      1763723    262144.00
    3387.391     0.999997      1763723    291271.11
    3387.391     0.999997      1763723    327680.00
    3389.439     0.999997      1763725    374491.43
    3389.439     0.999998      1763725    436906.67
    3389.439     0.999998      1763725    524288.00
    3389.439     0.999998      1763725    582542.22
    3391.487     0.999998      1763727    655360.00
    3391.487     0.999999      1763727    748982.86
    3391.487     0.999999      1763727    873813.33
    3391.487     0.999999      1763727   1048576.00
    3391.487     0.999999      1763727   1165084.44
    3391.487     0.999999      1763727   1310720.00
    3391.487     0.999999      1763727   1497965.71
    3391.487     0.999999      1763727   1747626.67
    3393.535     1.000000      1763728   2097152.00
    3393.535     1.000000      1763728          inf
#[Mean    =      598.478, StdDeviation   =      757.791]
#[Max     =     3391.488, Total count    =      1763728]
#[Buckets =           27, SubBuckets     =         2048]
----------------------------------------------------------
  2120116 requests in 1.00m, 343.72MB read
Requests/sec:  35334.53
Transfer/sec:      5.73MB
