Running 1m test @ http://erik-pc.local:8080/fruits
  4 threads and 100 connections
  Thread calibration: mean lat.: 1.313ms, rate sampling interval: 10ms
  Thread calibration: mean lat.: 1.328ms, rate sampling interval: 10ms
  Thread calibration: mean lat.: 1.448ms, rate sampling interval: 10ms
  Thread calibration: mean lat.: 1.424ms, rate sampling interval: 10ms
  Thread Stats   Avg      Stdev     Max   +/- Stdev
    Latency     1.40ms  468.70us   7.10ms   68.09%
    Req/Sec     1.31k   611.36     2.78k    76.88%
  Latency Distribution (HdrHistogram - Recorded Latency)
 50.000%    1.33ms
 75.000%    1.68ms
 90.000%    2.07ms
 99.000%    2.63ms
 99.900%    3.05ms
 99.990%    4.47ms
 99.999%    7.02ms
100.000%    7.10ms

  Detailed Percentile spectrum:
       Value   Percentile   TotalCount 1/(1-Percentile)

       0.389     0.000000            1         1.00
       0.844     0.100000        25061         1.11
       0.991     0.200000        50024         1.25
       1.111     0.300000        75002         1.43
       1.219     0.400000        99788         1.67
       1.328     0.500000       124741         2.00
       1.386     0.550000       137261         2.22
       1.446     0.600000       149687         2.50
       1.512     0.650000       162185         2.86
       1.588     0.700000       174630         3.33
       1.676     0.750000       187088         4.00
       1.725     0.775000       193311         4.44
       1.779     0.800000       199545         5.00
       1.840     0.825000       205811         5.71
       1.910     0.850000       212035         6.67
       1.988     0.875000       218243         8.00
       2.029     0.887500       221334         8.89
       2.073     0.900000       224509        10.00
       2.123     0.912500       227574        11.43
       2.173     0.925000       230725        13.33
       2.229     0.937500       233869        16.00
       2.257     0.943750       235397        17.78
       2.289     0.950000       236946        20.00
       2.323     0.956250       238516        22.86
       2.361     0.962500       240047        26.67
       2.401     0.968750       241588        32.00
       2.425     0.971875       242387        35.56
       2.449     0.975000       243163        40.00
       2.475     0.978125       243913        45.71
       2.507     0.981250       244694        53.33
       2.545     0.984375       245497        64.00
       2.567     0.985938       245886        71.11
       2.589     0.987500       246247        80.00
       2.615     0.989062       246639        91.43
       2.643     0.990625       247029       106.67
       2.675     0.992188       247418       128.00
       2.691     0.992969       247602       142.22
       2.711     0.993750       247806       160.00
       2.735     0.994531       248002       182.86
       2.765     0.995313       248196       213.33
       2.791     0.996094       248384       256.00
       2.809     0.996484       248484       284.44
       2.827     0.996875       248585       320.00
       2.847     0.997266       248679       365.71
       2.869     0.997656       248771       426.67
       2.897     0.998047       248867       512.00
       2.921     0.998242       248923       568.89
       2.937     0.998437       248965       640.00
       2.969     0.998633       249014       731.43
       3.005     0.998828       249065       853.33
       3.053     0.999023       249111      1024.00
       3.083     0.999121       249136      1137.78
       3.123     0.999219       249160      1280.00
       3.205     0.999316       249184      1462.86
       3.259     0.999414       249208      1706.67
       3.347     0.999512       249233      2048.00
       3.393     0.999561       249245      2275.56
       3.453     0.999609       249257      2560.00
       3.505     0.999658       249269      2925.71
       3.601     0.999707       249281      3413.33
       3.813     0.999756       249294      4096.00
       3.891     0.999780       249300      4551.11
       3.989     0.999805       249306      5120.00
       4.077     0.999829       249312      5851.43
       4.147     0.999854       249318      6826.67
       4.291     0.999878       249324      8192.00
       4.399     0.999890       249327      9102.22
       4.475     0.999902       249330     10240.00
       4.635     0.999915       249333     11702.86
       4.835     0.999927       249336     13653.33
       5.975     0.999939       249339     16384.00
       6.423     0.999945       249341     18204.44
       6.439     0.999951       249342     20480.00
       6.471     0.999957       249344     23405.71
       6.487     0.999963       249345     27306.67
       6.711     0.999969       249347     32768.00
       6.727     0.999973       249348     36408.89
       6.727     0.999976       249348     40960.00
       6.759     0.999979       249349     46811.43
       6.827     0.999982       249350     54613.33
       6.871     0.999985       249351     65536.00
       6.871     0.999986       249351     72817.78
       6.871     0.999988       249351     81920.00
       7.023     0.999989       249352     93622.86
       7.023     0.999991       249352    109226.67
       7.063     0.999992       249353    131072.00
       7.063     0.999993       249353    145635.56
       7.063     0.999994       249353    163840.00
       7.063     0.999995       249353    187245.71
       7.063     0.999995       249353    218453.33
       7.099     0.999996       249354    262144.00
       7.099     1.000000       249354          inf
#[Mean    =        1.398, StdDeviation   =        0.469]
#[Max     =        7.096, Total count    =       249354]
#[Buckets =           27, SubBuckets     =         2048]
----------------------------------------------------------
  298557 requests in 1.00m, 48.40MB read
Requests/sec:   4975.84
Transfer/sec:    826.07KB
