  10310 root      20   0   13.6g 711012  29152 S   0.0   4.4  35:59.90 java
  10310 root      20   0   13.6g 711052  29152 S 359.4   4.4  36:03.53 java
  10310 root      20   0   13.6g 711052  29152 S 404.0   4.4  36:07.57 java
  10310 root      20   0   13.6g 711052  29152 S 400.0   4.4  36:11.57 java
  10310 root      20   0   13.6g 711052  29152 S 400.0   4.4  36:15.57 java
  10310 root      20   0   13.6g 711052  29152 S 401.0   4.4  36:19.58 java
  10310 root      20   0   13.6g 711052  29152 S 399.0   4.4  36:23.57 java
  10310 root      20   0   13.6g 711220  29152 S 401.0   4.4  36:27.58 java
  10310 root      20   0   13.6g 711220  29152 S 400.0   4.4  36:31.58 java
  10310 root      20   0   13.6g 711696  29152 S 396.0   4.4  36:35.58 java
  10310 root      20   0   13.6g 711696  29152 S 400.0   4.4  36:39.58 java
  10310 root      20   0   13.6g 711696  29152 S 401.0   4.4  36:43.59 java
  10310 root      20   0   13.6g 711696  29152 S 401.0   4.4  36:47.60 java
  10310 root      20   0   13.6g 711696  29152 S 401.0   4.4  36:51.61 java
  10310 root      20   0   13.6g 712940  29152 S 401.0   4.4  36:55.62 java
  10310 root      20   0   13.6g 713180  29152 S 401.0   4.4  36:59.63 java
  10310 root      20   0   13.6g 713180  29152 S 400.0   4.4  37:03.63 java
  10310 root      20   0   13.6g 713180  29152 S 402.0   4.4  37:07.65 java
  10310 root      20   0   13.6g 713180  29152 S 398.0   4.4  37:11.63 java
  10310 root      20   0   13.6g 713180  29152 S 398.0   4.4  37:15.65 java
  10310 root      20   0   13.6g 713180  29152 S 401.0   4.4  37:19.66 java
  10310 root      20   0   13.6g 713180  29152 S 400.0   4.4  37:23.66 java
  10310 root      20   0   13.6g 713180  29152 S 401.0   4.4  37:27.67 java
  10310 root      20   0   13.6g 713180  29152 S 401.0   4.4  37:31.68 java
  10310 root      20   0   13.6g 713180  29152 S 403.0   4.4  37:35.71 java
  10310 root      20   0   13.6g 713180  29152 S 401.0   4.4  37:39.72 java
  10310 root      20   0   13.6g 713340  29152 S 401.0   4.4  37:43.73 java
  10310 root      20   0   13.6g 713340  29152 S 402.0   4.4  37:47.75 java
  10310 root      20   0   13.6g 713340  29152 S 396.0   4.4  37:51.75 java
  10310 root      20   0   13.6g 713340  29152 S 402.0   4.4  37:55.77 java
  10310 root      20   0   13.6g 713340  29152 S 395.0   4.4  37:59.72 java
  10310 root      20   0   13.6g 713340  29152 S 406.0   4.4  38:03.78 java
  10310 root      20   0   13.6g 713340  29152 S 398.0   4.4  38:07.76 java
  10310 root      20   0   13.6g 713340  29152 S 401.0   4.4  38:11.77 java
  10310 root      20   0   13.6g 713340  29152 S 399.0   4.4  38:15.76 java
  10310 root      20   0   13.6g 714340  29152 S 406.0   4.4  38:19.82 java
  10310 root      20   0   13.6g 715904  29152 S 397.0   4.4  38:23.79 java
  10310 root      20   0   13.6g 715904  29152 S 403.0   4.4  38:27.82 java
  10310 root      20   0   13.6g 715904  29152 S 399.0   4.4  38:31.85 java
  10310 root      20   0   13.6g 715904  29152 S 398.0   4.4  38:35.83 java
  10310 root      20   0   13.6g 715904  29152 S 401.0   4.4  38:39.84 java
  10310 root      20   0   13.6g 715904  29152 S 398.0   4.4  38:43.82 java
  10310 root      20   0   13.6g 715904  29152 S 406.0   4.4  38:47.88 java
  10310 root      20   0   13.6g 715904  29152 S 400.0   4.4  38:51.88 java
  10310 root      20   0   13.6g 715904  29152 S 405.0   4.4  38:55.93 java
  10310 root      20   0   13.6g 715904  29152 S 394.0   4.4  38:59.87 java
  10310 root      20   0   13.6g 715904  29152 S 404.0   4.4  39:03.91 java
  10310 root      20   0   13.6g 715976  29152 S 399.0   4.4  39:07.90 java
  10310 root      20   0   13.6g 715976  29152 S 399.0   4.4  39:11.93 java
  10310 root      20   0   13.6g 715976  29152 S 401.0   4.4  39:15.94 java
  10310 root      20   0   13.6g 715976  29152 S 395.0   4.4  39:19.89 java
  10310 root      20   0   13.6g 715976  29152 S 405.0   4.4  39:23.94 java
  10310 root      20   0   13.6g 715976  29152 S 402.0   4.4  39:27.96 java
  10310 root      20   0   13.6g 717800  29152 S 401.0   4.4  39:31.