  35287 root      20   0   13.6g 531136  29112 S  60.0   3.3   4:45.54 java
  35287 root      20   0   13.6g 531364  29112 S 166.0   3.3   4:47.20 java
  35287 root      20   0   13.6g 531364  29112 S 205.0   3.3   4:49.25 java
  35287 root      20   0   13.6g 531364  29112 S 204.0   3.3   4:51.29 java
  35287 root      20   0   13.6g 531364  29112 S 204.0   3.3   4:53.33 java
  35287 root      20   0   13.6g 531364  29112 S 205.0   3.3   4:55.38 java
  35287 root      20   0   13.6g 531440  29112 S 204.0   3.3   4:57.44 java
  35287 root      20   0   13.6g 531440  29112 S 203.0   3.3   4:59.47 java
  35287 root      20   0   13.6g 531508  29112 S 205.0   3.3   5:01.52 java
  35287 root      20   0   13.6g 531508  29112 S 204.0   3.3   5:03.56 java
  35287 root      20   0   13.6g 531508  29112 S 205.0   3.3   5:05.61 java
  35287 root      20   0   13.6g 531508  29112 S 205.0   3.3   5:07.66 java
  35287 root      20   0   13.6g 531508  29112 S 202.0   3.3   5:09.68 java
  35287 root      20   0   13.6g 531840  29112 S 205.0   3.3   5:11.73 java
  35287 root      20   0   13.6g 531964  29112 S 206.0   3.3   5:13.79 java
  35287 root      20   0   13.6g 532072  29112 S 202.0   3.3   5:15.83 java
  35287 root      20   0   13.6g 532072  29112 S 205.0   3.3   5:17.88 java
  35287 root      20   0   13.6g 532072  29112 S 205.0   3.3   5:19.93 java
  35287 root      20   0   13.6g 532072  29112 S 204.0   3.3   5:21.97 java
  35287 root      20   0   13.6g 532072  29112 S 204.0   3.3   5:24.01 java
  35287 root      20   0   13.6g 532072  29112 S 203.0   3.3   5:26.04 java
  35287 root      20   0   13.6g 532208  29112 S 205.0   3.3   5:28.09 java
  35287 root      20   0   13.6g 532208  29112 S 204.0   3.3   5:30.13 java
  35287 root      20   0   13.6g 532316  29112 S 204.0   3.3   5:32.17 java
  35287 root      20   0   13.6g 532524  29112 S 203.0   3.3   5:34.20 java
  35287 root      20   0   13.6g 532524  29112 S 204.0   3.3   5:36.24 java
  35287 root      20   0   13.6g 532524  29112 S 203.0   3.3   5:38.29 java
  35287 root      20   0   13.6g 532524  29112 S 204.0   3.3   5:40.33 java
  35287 root      20   0   13.6g 532524  29112 S 203.0   3.3   5:42.36 java
  35287 root      20   0   13.6g 532524  29112 S 205.0   3.3   5:44.41 java
  35287 root      20   0   13.6g 532524  29112 S 203.0   3.3   5:46.44 java
  35287 root      20   0   13.6g 532524  29112 S 203.0   3.3   5:48.47 java
  35287 root      20   0   13.6g 532524  29112 S 203.0   3.3   5:50.50 java
  35287 root      20   0   13.6g 532524  29112 S 203.0   3.3   5:52.53 java
  35287 root      20   0   13.6g 532524  29112 S 203.0   3.3   5:54.56 java
  35287 root      20   0   13.6g 532524  29112 S 202.0   3.3   5:56.58 java
  35287 root      20   0   13.6g 532524  29112 S 202.0   3.3   5:58.62 java
  35287 root      20   0   13.6g 532524  29112 S 205.0   3.3   6:00.67 java
  35287 root      20   0   13.6g 532524  29112 S 205.0   3.3   6:02.72 java
  35287 root      20   0   13.6g 532524  29112 S 205.0   3.3   6:04.77 java
  35287 root      20   0   13.6g 532524  29112 S 204.0   3.3   6:06.81 java
  35287 root      20   0   13.6g 532524  29112 S 204.0   3.3   6:08.85 java
  35287 root      20   0   13.6g 532896  29112 S 204.0   3.3   6:10.89 java
  35287 root      20   0   13.6g 532896  29112 S 206.0   3.3   6:12.95 java
  35287 root      20   0   13.6g 532896  29112 S 207.0   3.3   6:15.02 java
  35287 root      20   0   13.6g 532896  29112 S 202.0   3.3   6:17.06 java
  35287 root      20   0   13.6g 533108  29112 S 204.0   3.3   6:19.10 java
  35287 root      20   0   13.6g 533108  29112 S 206.0   3.3   6:21.16 java
  35287 root      20   0   13.6g 533264  29112 S 206.0   3.3   6:23.22 java
  35287 root      20   0   13.6g 533264  29112 S 204.0   3.3   6:25.26 java
  35287 root      20   0   13.6g 533264  29112 S 206.0   3.3   6:27.32 java
  35287 root      20   0   13.6g 533264  29112 S 204.0   3.3   6:29.36 java
  35287 root      20   0   13.6g 533264  29112 S 205.0   3.3   6:31.41 java
  35287 root      20   0   13.6g 533384  29112 S 204.0   3.3   6:33.