  35287 root      20   0   13.6g 561264  29112 S 173.3   3.4  16:22.59 java
  35287 root      20   0   13.6g 561264  29112 S 411.0   3.4  16:26.70 java
  35287 root      20   0   13.6g 561264  29112 S 400.0   3.4  16:30.70 java
  35287 root      20   0   13.6g 561264  29112 S 399.0   3.4  16:34.69 java
  35287 root      20   0   13.6g 561264  29112 S 408.0   3.4  16:38.77 java
  35287 root      20   0   13.6g 561264  29112 S 396.0   3.4  16:42.73 java
  35287 root      20   0   13.6g 561364  29112 S 399.0   3.4  16:46.72 java
  35287 root      20   0   13.6g 561928  29112 S 402.0   3.4  16:50.74 java
  35287 root      20   0   13.6g 561928  29112 S 399.0   3.4  16:54.73 java
  35287 root      20   0   13.6g 562288  29112 S 396.0   3.4  16:58.73 java
  35287 root      20   0   13.6g 562432  29112 S 404.0   3.4  17:02.77 java
  35287 root      20   0   13.6g 562540  29112 S 401.0   3.4  17:06.78 java
  35287 root      20   0   13.6g 562540  29112 S 397.0   3.4  17:10.75 java
  35287 root      20   0   13.6g 562540  29112 S 402.0   3.4  17:14.77 java
  35287 root      20   0   13.6g 562540  29112 S 398.0   3.4  17:18.75 java
  35287 root      20   0   13.6g 562796  29112 S 404.0   3.5  17:22.79 java
  35287 root      20   0   13.6g 562796  29112 S 398.0   3.5  17:26.77 java
  35287 root      20   0   13.6g 562796  29112 S 403.0   3.5  17:30.80 java
  35287 root      20   0   13.6g 562796  29112 S 392.1   3.5  17:34.76 java
  35287 root      20   0   13.6g 562796  29112 S 403.0   3.5  17:38.79 java
  35287 root      20   0   13.6g 562932  29112 S 399.0   3.5  17:42.78 java
  35287 root      20   0   13.6g 562932  29112 S 402.0   3.5  17:46.80 java
  35287 root      20   0   13.6g 562932  29112 S 399.0   3.5  17:50.79 java
  35287 root      20   0   13.6g 562932  29112 S 401.0   3.5  17:54.80 java
  35287 root      20   0   13.6g 562932  29112 S 398.0   3.5  17:58.78 java
  35287 root      20   0   13.6g 564872  29112 S 403.0   3.5  18:02.81 java
  35287 root      20   0   13.6g 565036  29112 S 400.0   3.5  18:06.81 java
  35287 root      20   0   13.6g 565036  29112 S 400.0   3.5  18:10.81 java
  35287 root      20   0   13.6g 565036  29112 S 399.0   3.5  18:14.80 java
  35287 root      20   0   13.6g 565036  29112 S 397.0   3.5  18:18.81 java
  35287 root      20   0   13.6g 565036  29112 S 400.0   3.5  18:22.81 java
  35287 root      20   0   13.6g 565036  29112 S 400.0   3.5  18:26.81 java
  35287 root      20   0   13.6g 565036  29112 S 400.0   3.5  18:30.81 java
  35287 root      20   0   13.6g 565036  29112 S 400.0   3.5  18:34.81 java
  35287 root      20   0   13.6g 565036  29112 S 400.0   3.5  18:38.81 java
  35287 root      20   0   13.6g 565036  29112 S 399.0   3.5  18:42.80 java
  35287 root      20   0   13.6g 565036  29112 S 401.0   3.5  18:46.81 java
  35287 root      20   0   13.6g 565036  29112 S 400.0   3.5  18:50.81 java
  35287 root      20   0   13.6g 615628  29112 S 396.0   3.8  18:54.81 java
  35287 root      20   0   13.6g 615628  29112 S 400.0   3.8  18:58.81 java
  35287 root      20   0   13.6g 615724  29112 S 400.0   3.8  19:02.81 java
  35287 root      20   0   13.6g 615724  29112 S 399.0   3.8  19:06.80 java
  35287 root      20   0   13.6g 615724  29112 S 400.0   3.8  19:10.80 java
  35287 root      20   0   13.6g 615724  29112 S 400.0   3.8  19:14.80 java
  35287 root      20   0   13.6g 615724  29112 S 400.0   3.8  19:18.80 java
  35287 root      20   0   13.6g 615724  29112 S 396.0   3.8  19:22.80 java
  35287 root      20   0   13.6g 615724  29112 S 400.0   3.8  19:26.80 java
  35287 root      20   0   13.6g 615724  29112 S 400.0   3.8  19:30.80 java
  35287 root      20   0   13.6g 615724  29112 S 400.0   3.8  19:34.80 java
  35287 root      20   0   13.6g 615724  29112 S 400.0   3.8  19:38.80 java
  35287 root      20   0   13.6g 615724  29112 S 400.0   3.8  19:42.80 java
  35287 root      20   0   13.6g 615724  29112 S 400.0   3.8  19:46.80 java
  35287 root      20   0   13.6g 615984  29112 S 400.0   3.8  19:50.80 java
  35287 root      20   0   13.6g 615984  29112 S 396.0   3.8  19:54.