   9852 root      20   0 9226748 703176  29076 S   0.0   4.3  63:49.90 java
   9852 root      20   0 9226748 703176  29076 S 394.0   4.3  63:53.84 java
   9852 root      20   0 9226748 703176  29076 S 395.0   4.3  63:57.83 java
   9852 root      20   0 9226748 703176  29076 S 399.0   4.3  64:01.82 java
   9852 root      20   0 9226748 703176  29076 S 398.0   4.3  64:05.80 java
   9852 root      20   0 9226748 703824  29076 S 402.0   4.3  64:09.82 java
   9852 root      20   0 9226748 704028  29076 S 401.0   4.3  64:13.83 java
   9852 root      20   0 9226748 704028  29076 S 396.0   4.3  64:17.79 java
   9852 root      20   0 9226748 704028  29076 S 400.0   4.3  64:21.79 java
   9852 root      20   0 9226748 704028  29076 S 401.0   4.3  64:25.80 java
   9852 root      20   0 9226748 704028  29076 S 396.0   4.3  64:29.76 java
   9852 root      20   0 9226748 704028  29076 S 402.0   4.3  64:33.78 java
   9852 root      20   0 9226748 704028  29076 S 395.0   4.3  64:37.77 java
   9852 root      20   0 9226748 704028  29076 S 397.0   4.3  64:41.74 java
   9852 root      20   0 9226748 704028  29076 S 399.0   4.3  64:45.73 java
   9852 root      20   0 9226748 704028  29076 S 400.0   4.3  64:49.73 java
   9852 root      20   0 9226748 704028  29076 S 392.0   4.3  64:53.65 java
   9852 root      20   0 9226748 704028  29076 S 401.0   4.3  64:57.66 java
   9852 root      20   0 9226748 704028  29076 S 399.0   4.3  65:01.65 java
   9852 root      20   0 9226748 704028  29076 S 395.0   4.3  65:05.60 java
   9852 root      20   0 9226748 704028  29076 S 399.0   4.3  65:09.59 java
   9852 root      20   0 9226748 704028  29076 S 400.0   4.3  65:13.59 java
   9852 root      20   0 9226748 704028  29076 S 395.0   4.3  65:17.58 java
   9852 root      20   0 9226748 704028  29076 S 399.0   4.3  65:21.57 java
   9852 root      20   0 9226748 704028  29076 S 398.0   4.3  65:25.55 java
   9852 root      20   0 9226748 704028  29076 S 399.0   4.3  65:29.54 java
   9852 root      20   0 9226748 704028  29076 S 398.0   4.3  65:33.52 java
   9852 root      20   0 9226748 704028  29076 S 397.0   4.3  65:37.49 java
   9852 root      20   0 9226748 704028  29076 S 399.0   4.3  65:41.48 java
   9852 root      20   0 9226748 704028  29076 S 395.0   4.3  65:45.43 java
   9852 root      20   0 9226748 704028  29076 S 392.1   4.3  65:49.39 java
   9852 root      20   0 9226748 704028  29076 S 387.0   4.3  65:53.26 java
   9852 root      20   0 9226748 704028  29076 S 399.0   4.3  65:57.25 java
   9852 root      20   0 9226748 704028  29076 S 399.0   4.3  66:01.24 java
   9852 root      20   0 9226748 704028  29076 S 399.0   4.3  66:05.23 java
   9852 root      20   0 9226748 704028  29076 S 396.0   4.3  66:09.19 java
   9852 root      20   0 9226748 704028  29076 S 400.0   4.3  66:13.19 java
   9852 root      20   0 9226748 704028  29076 S 399.0   4.3  66:17.18 java
   9852 root      20   0 9226748 704028  29076 S 395.0   4.3  66:21.17 java
   9852 root      20   0 9226748 704028  29076 S 395.0   4.3  66:25.12 java
   9852 root      20   0 9226748 704028  29076 S 399.0   4.3  66:29.11 java
   9852 root      20   0 9226748 704028  29076 S 398.0   4.3  66:33.09 java
   9852 root      20   0 9226748 704028  29076 S 400.0   4.3  66:37.09 java
   9852 root      20   0 9226748 704028  29076 S 400.0   4.3  66:41.09 java
   9852 root      20   0 9226748 704028  29076 S 398.0   4.3  66:45.07 java
   9852 root      20   0 9226748 704028  29076 S 400.0   4.3  66:49.07 java
   9852 root      20   0 9226748 704028  29076 S 392.1   4.3  66:53.03 java
   9852 root      20   0 9226748 704028  29076 S 398.0   4.3  66:57.01 java
   9852 root      20   0 9226748 704028  29076 S 399.0   4.3  67:01.00 java
   9852 root      20   0 9226748 704028  29076 S 399.0   4.3  67:04.99 java
   9852 root      20   0 9226748 704028  29076 S 400.0   4.3  67:08.99 java
   9852 root      20   0 9226748 704028  29076 S 400.0   4.3  67:12.99 java
   9852 root      20   0 9226748 704028  29076 S 396.0   4.3  67:16.95 java
   9852 root      20   0 9226748 704028  29076 S 402.0   4.3  67:20.