  35287 root      20   0   13.6g 622192  29112 S   0.0   3.8  28:21.70 java
  35287 root      20   0   13.6g 622192  29112 S 355.0   3.8  28:25.25 java
  35287 root      20   0   13.6g 622192  29112 S 405.0   3.8  28:29.30 java
  35287 root      20   0   13.6g 622372  29112 S 400.0   3.8  28:33.30 java
  35287 root      20   0   13.6g 622372  29112 S 400.0   3.8  28:37.30 java
  35287 root      20   0   13.6g 622372  29112 S 398.0   3.8  28:41.32 java
  35287 root      20   0   13.6g 622500  29112 S 399.0   3.8  28:45.31 java
  35287 root      20   0   13.6g 622500  29112 S 404.0   3.8  28:49.35 java
  35287 root      20   0   13.6g 622992  29112 S 400.0   3.8  28:53.35 java
  35287 root      20   0   13.6g 622992  29112 S 402.0   3.8  28:57.37 java
  35287 root      20   0   13.6g 622992  29112 S 401.0   3.8  29:01.38 java
  35287 root      20   0   13.6g 622992  29112 S 399.0   3.8  29:05.37 java
  35287 root      20   0   13.6g 623136  29112 S 401.0   3.8  29:09.38 java
  35287 root      20   0   13.6g 623516  29112 S 398.0   3.8  29:13.36 java
  35287 root      20   0   13.6g 623516  29112 S 403.0   3.8  29:17.39 java
  35287 root      20   0   13.6g 623516  29112 S 394.1   3.8  29:21.37 java
  35287 root      20   0   13.6g 623860  29112 S 405.0   3.8  29:25.42 java
  35287 root      20   0   13.6g 623860  29112 S 402.0   3.8  29:29.44 java
  35287 root      20   0   13.6g 624652  29112 S 399.0   3.8  29:33.43 java
  35287 root      20   0   13.6g 624652  29112 S 400.0   3.8  29:37.43 java
  35287 root      20   0   13.6g 624652  29112 S 403.0   3.8  29:41.46 java
  35287 root      20   0   13.6g 624652  29112 S 402.0   3.8  29:45.48 java
  35287 root      20   0   13.6g 624652  29112 S 396.0   3.8  29:49.44 java
  35287 root      20   0   13.6g 624652  29112 S 403.0   3.8  29:53.47 java
  35287 root      20   0   13.6g 624652  29112 S 400.0   3.8  29:57.51 java
  35287 root      20   0   13.6g 624652  29112 S 400.0   3.8  30:01.51 java
  35287 root      20   0   13.6g 624652  29112 S 398.0   3.8  30:05.49 java
  35287 root      20   0   13.6g 624652  29112 S 403.0   3.8  30:09.52 java
  35287 root      20   0   13.6g 624652  29112 S 398.0   3.8  30:13.50 java
  35287 root      20   0   13.6g 624652  29112 S 403.0   3.8  30:17.53 java
  35287 root      20   0   13.6g 624652  29112 S 400.0   3.8  30:21.53 java
  35287 root      20   0   13.6g 624760  29112 S 394.0   3.8  30:25.47 java
  35287 root      20   0   13.6g 624760  29112 S 406.0   3.8  30:29.53 java
  35287 root      20   0   13.6g 624760  29112 S 403.0   3.8  30:33.56 java
  35287 root      20   0   13.6g 624760  29112 S 397.0   3.8  30:37.53 java
  35287 root      20   0   13.6g 624760  29112 S 397.0   3.8  30:41.54 java
  35287 root      20   0   13.6g 624760  29112 S 402.0   3.8  30:45.56 java
  35287 root      20   0   13.6g 624760  29112 S 402.0   3.8  30:49.58 java
  35287 root      20   0   13.6g 624760  29112 S 399.0   3.8  30:53.57 java
  35287 root      20   0   13.6g 624760  29112 S 397.0   3.8  30:57.54 java
  35287 root      20   0   13.6g 624760  29112 S 403.0   3.8  31:01.57 java
  35287 root      20   0   13.6g 624760  29112 S 403.0   3.8  31:05.60 java
  35287 root      20   0   13.6g 624760  29112 S 399.0   3.8  31:09.59 java
  35287 root      20   0   13.6g 625408  29112 S 402.0   3.8  31:13.61 java
  35287 root      20   0   13.6g 625408  29112 S 397.0   3.8  31:17.58 java
  35287 root      20   0   13.6g 625408  29112 S 400.0   3.8  31:21.62 java
  35287 root      20   0   13.6g 625408  29112 S 400.0   3.8  31:25.62 java
  35287 root      20   0   13.6g 625408  29112 S 399.0   3.8  31:29.61 java
  35287 root      20   0   13.6g 625408  29112 S 401.0   3.8  31:33.62 java
  35287 root      20   0   13.6g 625408  29112 S 400.0   3.8  31:37.62 java
  35287 root      20   0   13.6g 625408  29112 S 400.0   3.8  31:41.62 java
  35287 root      20   0   13.6g 625408  29112 S 400.0   3.8  31:45.62 java
  35287 root      20   0   13.6g 625408  29112 S 399.0   3.8  31:49.61 java
  35287 root      20   0   13.6g 625408  29112 S 400.0   3.8  31:53.