   9852 root      20   0 9226748 542908  29076 S  73.3   3.3  19:41.43 java
   9852 root      20   0 9226748 542908  29076 S 331.0   3.3  19:44.74 java
   9852 root      20   0 9226748 542908  29076 S 296.0   3.3  19:47.70 java
   9852 root      20   0 9226748 542908  29076 S 291.0   3.3  19:50.61 java
   9852 root      20   0 9226748 542908  29076 S 303.0   3.3  19:53.64 java
   9852 root      20   0 9226748 543748  29076 S 290.0   3.3  19:56.54 java
   9852 root      20   0 9226748 543748  29076 S 299.0   3.3  19:59.53 java
   9852 root      20   0 9226748 543748  29076 S 294.0   3.3  20:02.47 java
   9852 root      20   0 9226748 543748  29076 S 304.0   3.3  20:05.51 java
   9852 root      20   0 9226748 543748  29076 S 278.2   3.3  20:08.32 java
   9852 root      20   0 9226748 543748  29076 S 286.0   3.3  20:11.18 java
   9852 root      20   0 9226748 543748  29076 S 301.0   3.3  20:14.19 java
   9852 root      20   0 9226748 543748  29076 S 293.0   3.3  20:17.12 java
   9852 root      20   0 9226748 543748  29076 S 307.0   3.3  20:20.19 java
   9852 root      20   0 9226748 543748  29076 S 297.0   3.3  20:23.16 java
   9852 root      20   0 9226748 543748  29076 S 312.0   3.3  20:26.28 java
   9852 root      20   0 9226748 543748  29076 S 308.0   3.3  20:29.36 java
   9852 root      20   0 9226748 543748  29076 S 306.0   3.3  20:32.42 java
   9852 root      20   0 9226748 543748  29076 S 307.0   3.3  20:35.49 java
   9852 root      20   0 9226748 543748  29076 S 304.0   3.3  20:38.56 java
   9852 root      20   0 9226748 543748  29076 S 300.0   3.3  20:41.56 java
   9852 root      20   0 9226748 543748  29076 S 298.0   3.3  20:44.54 java
   9852 root      20   0 9226748 543748  29076 S 307.0   3.3  20:47.61 java
   9852 root      20   0 9226748 543748  29076 S 305.0   3.3  20:50.66 java
   9852 root      20   0 9226748 543748  29076 S 306.0   3.3  20:53.72 java
   9852 root      20   0 9226748 543748  29076 S 296.0   3.3  20:56.68 java
   9852 root      20   0 9226748 543748  29076 S 297.0   3.3  20:59.65 java
   9852 root      20   0 9226748 543748  29076 S 316.0   3.3  21:02.81 java
   9852 root      20   0 9226748 543748  29076 S 311.0   3.3  21:05.92 java
   9852 root      20   0 9226748 543748  29076 S 298.0   3.3  21:08.93 java
   9852 root      20   0 9226748 543748  29076 S 307.0   3.3  21:12.00 java
   9852 root      20   0 9226748 543748  29076 S 295.0   3.3  21:14.95 java
   9852 root      20   0 9226748 543748  29076 S 292.0   3.3  21:17.87 java
   9852 root      20   0 9226748 543748  29076 S 307.0   3.3  21:20.94 java
   9852 root      20   0 9226748 543748  29076 S 294.0   3.3  21:23.88 java
   9852 root      20   0 9226748 543748  29076 S 302.0   3.3  21:26.90 java
   9852 root      20   0 9226748 543748  29076 S 320.0   3.3  21:30.10 java
   9852 root      20   0 9226748 543748  29076 S 311.0   3.3  21:33.21 java
   9852 root      20   0 9226748 543748  29076 S 292.0   3.3  21:36.13 java
   9852 root      20   0 9226748 543748  29076 S 297.0   3.3  21:39.13 java
   9852 root      20   0 9226748 543748  29076 S 313.0   3.3  21:42.26 java
   9852 root      20   0 9226748 543748  29076 S 309.0   3.3  21:45.35 java
   9852 root      20   0 9226748 543748  29076 S 299.0   3.3  21:48.34 java
   9852 root      20   0 9226748 543748  29076 S 305.0   3.3  21:51.39 java
   9852 root      20   0 9226748 543748  29076 S 295.0   3.3  21:54.34 java
   9852 root      20   0 9226748 543748  29076 S 303.0   3.3  21:57.37 java
   9852 root      20   0 9226748 543748  29076 S 318.0   3.3  22:00.55 java
   9852 root      20   0 9226748 543748  29076 S 294.0   3.3  22:03.49 java
   9852 root      20   0 9226748 543748  29076 S 289.0   3.3  22:06.38 java
   9852 root      20   0 9226748 543748  29076 S 295.0   3.3  22:09.36 java
   9852 root      20   0 9226748 543748  29076 S 304.0   3.3  22:12.40 java
   9852 root      20   0 9226748 543748  29076 S 316.0   3.3  22:15.56 java
   9852 root      20   0 9226748 543748  29076 S 302.0   3.3  22:18.58 java
   9852 root      20   0 9226748 543960  29076 S 296.0   3.3  22:21.