   9852 root      20   0 9226748 544976  29076 S 100.0   3.3  25:53.47 java
   9852 root      20   0 9226748 544976  29076 S 328.0   3.3  25:56.75 java
   9852 root      20   0 9226748 545148  29076 S 317.8   3.3  25:59.96 java
   9852 root      20   0 9226748 545148  29076 S 317.0   3.3  26:03.13 java
   9852 root      20   0 9226748 545148  29076 S 322.0   3.3  26:06.35 java
   9852 root      20   0 9226748 545148  29076 S 322.0   3.3  26:09.57 java
   9852 root      20   0 9226748 545148  29076 S 313.0   3.3  26:12.70 java
   9852 root      20   0 9226748 545148  29076 S 311.0   3.3  26:15.81 java
   9852 root      20   0 9226748 545148  29076 S 327.0   3.3  26:19.08 java
   9852 root      20   0 9226748 545148  29076 S 310.0   3.3  26:22.18 java
   9852 root      20   0 9226748 545148  29076 S 315.0   3.3  26:25.33 java
   9852 root      20   0 9226748 545148  29076 S 314.0   3.3  26:28.47 java
   9852 root      20   0 9226748 545148  29076 S 308.9   3.3  26:31.59 java
   9852 root      20   0 9226748 545148  29076 S 317.0   3.3  26:34.76 java
   9852 root      20   0 9226748 545148  29076 S 313.0   3.3  26:37.89 java
   9852 root      20   0 9226748 545148  29076 S 313.0   3.3  26:41.02 java
   9852 root      20   0 9226748 545376  29076 S 308.0   3.3  26:44.10 java
   9852 root      20   0 9226748 545376  29076 S 313.0   3.3  26:47.23 java
   9852 root      20   0 9226748 545376  29076 S 320.0   3.3  26:50.43 java
   9852 root      20   0 9226748 545376  29076 S 309.0   3.3  26:53.52 java
   9852 root      20   0 9226748 545564  29076 S 321.0   3.3  26:56.73 java
   9852 root      20   0 9226748 545564  29076 S 322.0   3.3  26:59.95 java
   9852 root      20   0 9226748 545564  29076 S 311.9   3.3  27:03.10 java
   9852 root      20   0 9226748 545564  29076 S 326.0   3.3  27:06.36 java
   9852 root      20   0 9226748 545564  29076 S 315.0   3.3  27:09.51 java
   9852 root      20   0 9226748 545564  29076 S 318.0   3.3  27:12.69 java
   9852 root      20   0 9226748 545564  29076 S 318.0   3.3  27:15.87 java
   9852 root      20   0 9226748 545564  29076 S 320.0   3.3  27:19.07 java
   9852 root      20   0 9226748 545564  29076 S 311.0   3.3  27:22.18 java
   9852 root      20   0 9226748 545564  29076 S 311.0   3.3  27:25.29 java
   9852 root      20   0 9226748 545564  29076 S 311.0   3.3  27:28.40 java
   9852 root      20   0 9226748 545564  29076 S 320.0   3.3  27:31.60 java
   9852 root      20   0 9226748 545564  29076 S 325.7   3.3  27:34.89 java
   9852 root      20   0 9226748 545564  29076 S 320.0   3.3  27:38.09 java
   9852 root      20   0 9226748 545564  29076 S 316.0   3.3  27:41.25 java
   9852 root      20   0 9226748 545564  29076 S 316.0   3.3  27:44.41 java
   9852 root      20   0 9226748 545564  29076 S 318.0   3.3  27:47.59 java
   9852 root      20   0 9226748 545564  29076 S 312.0   3.3  27:50.71 java
   9852 root      20   0 9226748 545564  29076 S 322.0   3.3  27:53.93 java
   9852 root      20   0 9226748 545564  29076 S 324.0   3.3  27:57.17 java
   9852 root      20   0 9226748 545564  29076 S 310.0   3.3  28:00.27 java
   9852 root      20   0 9226748 545564  29076 S 318.0   3.3  28:03.45 java
   9852 root      20   0 9226748 545564  29076 S 309.9   3.3  28:06.58 java
   9852 root      20   0 9226748 545564  29076 S 324.0   3.3  28:09.82 java
   9852 root      20   0 9226748 545564  29076 S 316.0   3.3  28:12.98 java
   9852 root      20   0 9226748 545564  29076 S 312.0   3.3  28:16.10 java
   9852 root      20   0 9226748 545564  29076 S 307.0   3.3  28:19.17 java
   9852 root      20   0 9226748 545564  29076 S 322.0   3.3  28:22.39 java
   9852 root      20   0 9226748 545564  29076 S 307.0   3.3  28:25.46 java
   9852 root      20   0 9226748 545564  29076 S 316.0   3.3  28:28.62 java
   9852 root      20   0 9226748 545564  29076 S 317.0   3.3  28:31.79 java
   9852 root      20   0 9226748 545760  29076 S 310.0   3.3  28:34.89 java
   9852 root      20   0 9226748 545760  29076 S 305.0   3.3  28:37.97 java
   9852 root      20   0 9226748 545760  29076 S 327.0   3.3  28:41.