  10310 root      20   0   13.6g 719212  29152 S 113.3   4.4  39:59.95 java
  10310 root      20   0   13.6g 719212  29152 S 407.0   4.4  40:04.02 java
  10310 root      20   0   13.6g 719212  29152 S 398.0   4.4  40:08.00 java
  10310 root      20   0   13.6g 719212  29152 S 404.0   4.4  40:12.04 java
  10310 root      20   0   13.6g 719212  29152 S 401.0   4.4  40:16.05 java
  10310 root      20   0   13.6g 719212  29152 S 401.0   4.4  40:20.06 java
  10310 root      20   0   13.6g 719212  29152 S 400.0   4.4  40:24.06 java
  10310 root      20   0   13.6g 719268  29152 S 401.0   4.4  40:28.07 java
  10310 root      20   0   13.6g 719416  29152 S 398.0   4.4  40:32.09 java
  10310 root      20   0   13.6g 719908  29152 S 403.0   4.4  40:36.12 java
  10310 root      20   0   13.6g 719908  29152 S 397.0   4.4  40:40.09 java
  10310 root      20   0   13.6g 719908  29152 S 405.0   4.4  40:44.14 java
  10310 root      20   0   13.6g 719908  29152 S 397.0   4.4  40:48.11 java
  10310 root      20   0   13.6g 719908  29152 S 403.0   4.4  40:52.14 java
  10310 root      20   0   13.6g 719908  29152 S 401.0   4.4  40:56.15 java
  10310 root      20   0   13.6g 719908  29152 S 402.0   4.4  41:00.17 java
  10310 root      20   0   13.6g 719908  29152 S 400.0   4.4  41:04.17 java
  10310 root      20   0   13.6g 719908  29152 S 401.0   4.4  41:08.18 java
  10310 root      20   0   13.6g 720140  29152 S 398.0   4.4  41:12.20 java
  10310 root      20   0   13.6g 720140  29152 S 398.0   4.4  41:16.18 java
  10310 root      20   0   13.6g 720140  29152 S 399.0   4.4  41:20.17 java
  10310 root      20   0   13.6g 720140  29152 S 405.0   4.4  41:24.22 java
  10310 root      20   0   13.6g 720648  29152 S 402.0   4.4  41:28.24 java
  10310 root      20   0   13.6g 720648  29152 S 399.0   4.4  41:32.23 java
  10310 root      20   0   13.6g 720648  29152 S 398.0   4.4  41:36.21 java
  10310 root      20   0   13.6g 720648  29152 S 404.0   4.4  41:40.25 java
  10310 root      20   0   13.6g 720648  29152 S 400.0   4.4  41:44.25 java
  10310 root      20   0   13.6g 720648  29152 S 398.0   4.4  41:48.23 java
  10310 root      20   0   13.6g 720648  29152 S 399.0   4.4  41:52.26 java
  10310 root      20   0   13.6g 720648  29152 S 392.0   4.4  41:56.18 java
  10310 root      20   0   13.6g 720648  29152 S 410.0   4.4  42:00.28 java
  10310 root      20   0   13.6g 720648  29152 S 400.0   4.4  42:04.28 java
  10310 root      20   0   13.6g 720648  29152 S 401.0   4.4  42:08.29 java
  10310 root      20   0   13.6g 720648  29152 S 399.0   4.4  42:12.28 java
  10310 root      20   0   13.6g 720648  29152 S 402.0   4.4  42:16.30 java
  10310 root      20   0   13.6g 720648  29152 S 400.0   4.4  42:20.30 java
  10310 root      20   0   13.6g 720648  29152 S 399.0   4.4  42:24.29 java
  10310 root      20   0   13.6g 720648  29152 S 402.0   4.4  42:28.31 java
  10310 root      20   0   13.6g 720648  29152 S 396.0   4.4  42:32.31 java
  10310 root      20   0   13.6g 720648  29152 S 396.0   4.4  42:36.27 java
  10310 root      20   0   13.6g 720648  29152 S 403.0   4.4  42:40.30 java
  10310 root      20   0   13.6g 720648  29152 S 400.0   4.4  42:44.30 java
  10310 root      20   0   13.6g 720732  29152 S 400.0   4.4  42:48.30 java
  10310 root      20   0   13.6g 720732  29152 S 400.0   4.4  42:52.30 java
  10310 root      20   0   13.6g 720732  29152 S 400.0   4.4  42:56.30 java
  10310 root      20   0   13.6g 720732  29152 S 400.0   4.4  43:00.30 java
  10310 root      20   0   13.6g 720732  29152 S 397.0   4.4  43:04.31 java
  10310 root      20   0   13.6g 720732  29152 S 399.0   4.4  43:08.30 java
  10310 root      20   0   13.6g 722508  29152 S 400.0   4.4  43:12.30 java
  10310 root      20   0   13.6g 722508  29152 S 400.0   4.4  43:16.30 java
  10310 root      20   0   13.6g 722508  29152 S 400.0   4.4  43:20.30 java
  10310 root      20   0   13.6g 722508  29152 S 400.0   4.4  43:24.30 java
  10310 root      20   0   13.6g 722508  29152 S 400.0   4.4  43:28.30 java
  10310 root      20   0   13.6g 722568  29152 S 396.0   4.4  43:32.