  34416 root      20   0 9226748 483336  29132 S   6.2   3.0   5:41.23 java
  34416 root      20   0 9226748 483336  29132 S 223.0   3.0   5:43.46 java
  34416 root      20   0 9226748 483336  29132 S 230.0   3.0   5:45.76 java
  34416 root      20   0 9226748 483336  29132 S 228.0   3.0   5:48.04 java
  34416 root      20   0 9226748 483336  29132 S 230.0   3.0   5:50.34 java
  34416 root      20   0 9226748 483336  29132 S 231.0   3.0   5:52.65 java
  34416 root      20   0 9226748 483336  29132 S 231.0   3.0   5:54.96 java
  34416 root      20   0 9226748 483336  29132 S 232.0   3.0   5:57.28 java
  34416 root      20   0 9226748 483556  29132 S 237.0   3.0   5:59.65 java
  34416 root      20   0 9226748 483556  29132 S 228.0   3.0   6:01.93 java
  34416 root      20   0 9226748 483556  29132 S 235.0   3.0   6:04.28 java
  34416 root      20   0 9226748 483556  29132 S 230.7   3.0   6:06.61 java
  34416 root      20   0 9226748 483556  29132 S 229.0   3.0   6:08.90 java
  34416 root      20   0 9226748 483556  29132 S 231.0   3.0   6:11.21 java
  34416 root      20   0 9226748 483556  29132 S 230.0   3.0   6:13.51 java
  34416 root      20   0 9226748 483556  29132 S 225.0   3.0   6:15.76 java
  34416 root      20   0 9226748 483556  29132 S 231.0   3.0   6:18.07 java
  34416 root      20   0 9226748 483556  29132 S 230.0   3.0   6:20.37 java
  34416 root      20   0 9226748 483556  29132 S 226.0   3.0   6:22.63 java
  34416 root      20   0 9226748 483556  29132 S 230.0   3.0   6:24.93 java
  34416 root      20   0 9226748 483556  29132 S 233.0   3.0   6:27.26 java
  34416 root      20   0 9226748 483556  29132 S 223.8   3.0   6:29.52 java
  34416 root      20   0 9226748 483556  29132 S 227.0   3.0   6:31.79 java
  34416 root      20   0 9226748 483556  29132 S 228.0   3.0   6:34.07 java
  34416 root      20   0 9226748 483556  29132 S 230.0   3.0   6:36.37 java
  34416 root      20   0 9226748 483556  29132 S 233.0   3.0   6:38.70 java
  34416 root      20   0 9226748 483556  29132 S 232.0   3.0   6:41.02 java
  34416 root      20   0 9226748 483556  29132 S 228.0   3.0   6:43.30 java
  34416 root      20   0 9226748 483556  29132 S 230.0   3.0   6:45.60 java
  34416 root      20   0 9226748 483556  29132 S 230.0   3.0   6:47.90 java
  34416 root      20   0 9226748 483556  29132 S 224.8   3.0   6:50.17 java
  34416 root      20   0 9226748 483556  29132 S 227.0   3.0   6:52.44 java
  34416 root      20   0 9226748 483556  29132 S 230.0   3.0   6:54.74 java
  34416 root      20   0 9226748 483556  29132 S 231.0   3.0   6:57.05 java
  34416 root      20   0 9226748 483556  29132 S 230.0   3.0   6:59.35 java
  34416 root      20   0 9226748 483556  29132 S 229.0   3.0   7:01.64 java
  34416 root      20   0 9226748 483556  29132 S 231.0   3.0   7:03.95 java
  34416 root      20   0 9226748 483556  29132 S 227.0   3.0   7:06.22 java
  34416 root      20   0 9226748 483556  29132 S 227.0   3.0   7:08.49 java
  34416 root      20   0 9226748 483556  29132 S 229.0   3.0   7:10.78 java
  34416 root      20   0 9226748 483556  29132 S 225.0   3.0   7:13.03 java
  34416 root      20   0 9226748 483556  29132 S 225.7   3.0   7:15.31 java
  34416 root      20   0 9226748 483556  29132 S 229.0   3.0   7:17.60 java
  34416 root      20   0 9226748 483556  29132 S 230.0   3.0   7:19.90 java
  34416 root      20   0 9226748 483556  29132 S 229.0   3.0   7:22.19 java
  34416 root      20   0 9226748 483556  29132 S 230.0   3.0   7:24.49 java
  34416 root      20   0 9226748 483556  29132 S 222.0   3.0   7:26.71 java
  34416 root      20   0 9226748 483556  29132 S 230.0   3.0   7:29.01 java
  34416 root      20   0 9226748 483556  29132 S 227.0   3.0   7:31.28 java
  34416 root      20   0 9226748 483556  29132 S 232.0   3.0   7:33.60 java
  34416 root      20   0 9226748 483556  29132 S 230.0   3.0   7:35.90 java
  34416 root      20   0 9226748 483556  29132 S 226.7   3.0   7:38.19 java
  34416 root      20   0 9226748 483556  29132 S 229.0   3.0   7:40.48 java
  34416 root      20   0 9226748 483556  29132 S 230.0   3.0   7:42.