  35287 root      20   0   13.6g 503224  29112 S 213.3   3.1   1:54.03 java
  35287 root      20   0   13.6g 557876  29112 S 267.0   3.4   1:56.70 java
  35287 root      20   0   13.6g 558000  29112 S 142.0   3.4   1:58.12 java
  35287 root      20   0   13.6g 558000  29112 S 103.0   3.4   1:59.15 java
  35287 root      20   0   13.6g 537452  29112 S 102.0   3.3   2:00.17 java
  35287 root      20   0   13.6g 537452  29112 S 102.0   3.3   2:01.19 java
  35287 root      20   0   13.6g 537876  29112 S 105.0   3.3   2:02.24 java
  35287 root      20   0   13.6g 537896  29112 S 116.0   3.3   2:03.40 java
  35287 root      20   0   13.6g 537896  29112 S 100.0   3.3   2:04.41 java
  35287 root      20   0   13.6g 528196  29112 S 114.0   3.2   2:05.55 java
  35287 root      20   0   13.6g 528196  29112 S 104.0   3.2   2:06.59 java
  35287 root      20   0   13.6g 522048  29112 S 103.0   3.2   2:07.62 java
  35287 root      20   0   13.6g 522048  29112 S 102.0   3.2   2:08.64 java
  35287 root      20   0   13.6g 522160  29112 S 101.0   3.2   2:09.65 java
  35287 root      20   0   13.6g 522160  29112 S 102.0   3.2   2:10.67 java
  35287 root      20   0   13.6g 522160  29112 S 102.0   3.2   2:11.69 java
  35287 root      20   0   13.6g 522192  29112 S 103.0   3.2   2:12.72 java
  35287 root      20   0   13.6g 522192  29112 S 100.0   3.2   2:13.72 java
  35287 root      20   0   13.6g 522192  29112 S 102.0   3.2   2:14.75 java
  35287 root      20   0   13.6g 522192  29112 S  99.0   3.2   2:15.74 java
  35287 root      20   0   13.6g 522192  29112 S 102.0   3.2   2:16.76 java
  35287 root      20   0   13.6g 522192  29112 S  99.0   3.2   2:17.75 java
  35287 root      20   0   13.6g 522436  29112 S 101.0   3.2   2:18.76 java
  35287 root      20   0   13.6g 522536  29112 S 101.0   3.2   2:19.77 java
  35287 root      20   0   13.6g 522536  29112 S 100.0   3.2   2:20.77 java
  35287 root      20   0   13.6g 522656  29112 S 103.0   3.2   2:21.80 java
  35287 root      20   0   13.6g 522656  29112 S  98.0   3.2   2:22.78 java
  35287 root      20   0   13.6g 522656  29112 S 100.0   3.2   2:23.78 java
  35287 root      20   0   13.6g 522656  29112 S 100.0   3.2   2:24.78 java
  35287 root      20   0   13.6g 523692  29112 S 101.0   3.2   2:25.80 java
  35287 root      20   0   13.6g 524248  29112 S 101.0   3.2   2:26.81 java
  35287 root      20   0   13.6g 524248  29112 S  99.0   3.2   2:27.80 java
  35287 root      20   0   13.6g 524248  29112 S 100.0   3.2   2:28.80 java
  35287 root      20   0   13.6g 524248  29112 S 100.0   3.2   2:29.80 java
  35287 root      20   0   13.6g 524248  29112 S 101.0   3.2   2:30.81 java
  35287 root      20   0   13.6g 524248  29112 S 100.0   3.2   2:31.81 java
  35287 root      20   0   13.6g 524248  29112 S 101.0   3.2   2:32.82 java
  35287 root      20   0   13.6g 524248  29112 S  99.0   3.2   2:33.81 java
  35287 root      20   0   13.6g 524896  29112 S 101.0   3.2   2:34.83 java
  35287 root      20   0   13.6g 524896  29112 S 102.0   3.2   2:35.85 java
  35287 root      20   0   13.6g 524896  29112 S  99.0   3.2   2:36.84 java
  35287 root      20   0   13.6g 525188  29112 S 100.0   3.2   2:37.84 java
  35287 root      20   0   13.6g 525188  29112 S 100.0   3.2   2:38.84 java
  35287 root      20   0   13.6g 525188  29112 S 101.0   3.2   2:39.85 java
  35287 root      20   0   13.6g 525188  29112 S 100.0   3.2   2:40.85 java
  35287 root      20   0   13.6g 525188  29112 S 102.0   3.2   2:41.87 java
  35287 root      20   0   13.6g 525188  29112 S  99.0   3.2   2:42.86 java
  35287 root      20   0   13.6g 525188  29112 S 100.0   3.2   2:43.87 java
  35287 root      20   0   13.6g 525188  29112 S  99.0   3.2   2:44.86 java
  35287 root      20   0   13.6g 525324  29112 S 111.0   3.2   2:45.97 java
  35287 root      20   0   13.6g 526260  29112 S 130.0   3.2   2:47.27 java
  35287 root      20   0   13.6g 526424  29112 S 101.0   3.2   2:48.28 java
  35287 root      20   0   13.6g 526424  29112 S 100.0   3.2   2:49.28 java
  35287 root      20   0   13.6g 526424  29112 S 100.0   3.2   2:50.