   9852 root      20   0 9226748 547076  29076 S  80.0   3.4  32:37.83 java
   9852 root      20   0 9226748 547260  29076 S 361.0   3.4  32:41.44 java
   9852 root      20   0 9226748 547260  29076 S 364.0   3.4  32:45.08 java
   9852 root      20   0 9226748 547260  29076 S 359.4   3.4  32:48.71 java
   9852 root      20   0 9226748 547676  29076 S 366.0   3.4  32:52.37 java
   9852 root      20   0 9226748 547676  29076 S 368.0   3.4  32:56.05 java
   9852 root      20   0 9226748 547684  29076 S 365.0   3.4  32:59.70 java
   9852 root      20   0 9226748 547684  29076 S 367.0   3.4  33:03.37 java
   9852 root      20   0 9226748 547684  29076 S 366.0   3.4  33:07.03 java
   9852 root      20   0 9226748 547684  29076 S 369.0   3.4  33:10.72 java
   9852 root      20   0 9226748 547684  29076 S 368.0   3.4  33:14.40 java
   9852 root      20   0 9226748 547688  29076 S 361.0   3.4  33:18.01 java
   9852 root      20   0 9226748 547688  29076 S 367.0   3.4  33:21.68 java
   9852 root      20   0 9226748 547688  29076 S 359.4   3.4  33:25.31 java
   9852 root      20   0 9226748 547896  29076 S 351.0   3.4  33:28.82 java
   9852 root      20   0 9226748 547896  29076 S 370.0   3.4  33:32.52 java
   9852 root      20   0 9226748 547912  29076 S 370.0   3.4  33:36.22 java
   9852 root      20   0 9226748 547912  29076 S 359.0   3.4  33:39.81 java
   9852 root      20   0 9226748 547912  29076 S 374.0   3.4  33:43.55 java
   9852 root      20   0 9226748 547912  29076 S 370.0   3.4  33:47.25 java
   9852 root      20   0 9226748 547912  29076 S 359.0   3.4  33:50.84 java
   9852 root      20   0 9226748 547944  29076 S 361.0   3.4  33:54.45 java
   9852 root      20   0 9226748 547944  29076 S 361.0   3.4  33:58.06 java
   9852 root      20   0 9226748 547944  29076 S 365.3   3.4  34:01.75 java
   9852 root      20   0 9226748 547944  29076 S 361.0   3.4  34:05.36 java
   9852 root      20   0 9226748 547944  29076 S 363.0   3.4  34:08.99 java
   9852 root      20   0 9226748 547944  29076 S 363.0   3.4  34:12.62 java
   9852 root      20   0 9226748 547944  29076 S 369.0   3.4  34:16.31 java
   9852 root      20   0 9226748 547944  29076 S 365.0   3.4  34:19.96 java
   9852 root      20   0 9226748 547944  29076 S 365.0   3.4  34:23.61 java
   9852 root      20   0 9226748 547944  29076 S 357.0   3.4  34:27.18 java
   9852 root      20   0 9226748 547944  29076 S 372.0   3.4  34:30.90 java
   9852 root      20   0 9226748 547944  29076 S 360.0   3.4  34:34.50 java
   9852 root      20   0 9226748 547944  29076 S 367.3   3.4  34:38.21 java
   9852 root      20   0 9226748 547944  29076 S 360.0   3.4  34:41.81 java
   9852 root      20   0 9226748 548184  29076 S 365.0   3.4  34:45.46 java
   9852 root      20   0 9226748 548184  29076 S 365.0   3.4  34:49.11 java
   9852 root      20   0 9226748 548184  29076 S 364.0   3.4  34:52.75 java
   9852 root      20   0 9226748 548184  29076 S 360.0   3.4  34:56.35 java
   9852 root      20   0 9226748 548184  29076 S 364.0   3.4  34:59.99 java
   9852 root      20   0 9226748 548184  29076 S 366.0   3.4  35:03.65 java
   9852 root      20   0 9226748 548184  29076 S 352.0   3.4  35:07.17 java
   9852 root      20   0 9226748 548184  29076 S 372.0   3.4  35:10.89 java
   9852 root      20   0 9226748 548184  29076 S 359.4   3.4  35:14.52 java
   9852 root      20   0 9226748 548184  29076 S 352.0   3.4  35:18.04 java
   9852 root      20   0 9226748 548184  29076 S 374.0   3.4  35:21.78 java
   9852 root      20   0 9226748 548184  29076 S 357.0   3.4  35:25.35 java
   9852 root      20   0 9226748 548184  29076 S 366.0   3.4  35:29.01 java
   9852 root      20   0 9226748 548184  29076 S 359.0   3.4  35:32.60 java
   9852 root      20   0 9226748 548184  29076 S 359.0   3.4  35:36.19 java
   9852 root      20   0 9226748 548184  29076 S 369.0   3.4  35:39.88 java
   9852 root      20   0 9226748 548184  29076 S 359.0   3.4  35:43.47 java
   9852 root      20   0 9226748 548184  29076 S 361.0   3.4  35:47.08 java
   9852 root      20   0 9226748 548184  29076 S 356.4   3.4  35:50.