  10310 root      20   0   13.6g 557432  29152 S   0.0   3.4  12:06.35 java
  10310 root      20   0   13.6g 557508  29152 S 367.0   3.4  12:10.02 java
  10310 root      20   0   13.6g 557908  29152 S 387.0   3.4  12:13.89 java
  10310 root      20   0   13.6g 557908  29152 S 390.0   3.4  12:17.79 java
  10310 root      20   0   13.6g 558952  29152 S 397.0   3.4  12:21.76 java
  10310 root      20   0   13.6g 559192  29152 S 387.0   3.4  12:25.63 java
  10310 root      20   0   13.6g 559192  29152 S 391.0   3.4  12:29.54 java
  10310 root      20   0   13.6g 559192  29152 S 393.0   3.4  12:33.47 java
  10310 root      20   0   13.6g 561624  29152 S 409.0   3.4  12:37.56 java
  10310 root      20   0   13.6g 561776  29152 S 387.1   3.4  12:41.47 java
  10310 root      20   0   13.6g 561776  29152 S 395.0   3.4  12:45.42 java
  10310 root      20   0   13.6g 562324  29152 S 391.0   3.4  12:49.33 java
  10310 root      20   0   13.6g 563924  29152 S 389.0   3.5  12:53.22 java
  10310 root      20   0   13.6g 563924  29152 S 389.0   3.5  12:57.11 java
  10310 root      20   0   13.6g 563924  29152 S 390.0   3.5  13:01.01 java
  10310 root      20   0   13.6g 565380  29152 S 391.0   3.5  13:04.92 java
  10310 root      20   0   13.6g 565380  29152 S 386.0   3.5  13:08.78 java
  10310 root      20   0   13.6g 565380  29152 S 390.0   3.5  13:12.68 java
  10310 root      20   0   13.6g 565380  29152 S 391.0   3.5  13:16.59 java
  10310 root      20   0   13.6g 565380  29152 S 390.1   3.5  13:20.53 java
  10310 root      20   0   13.6g 565380  29152 S 392.0   3.5  13:24.45 java
  10310 root      20   0   13.6g 565380  29152 S 393.0   3.5  13:28.38 java
  10310 root      20   0   13.6g 565380  29152 S 391.0   3.5  13:32.29 java
  10310 root      20   0   13.6g 565380  29152 S 388.0   3.5  13:36.17 java
  10310 root      20   0   13.6g 565380  29152 S 391.0   3.5  13:40.08 java
  10310 root      20   0   13.6g 565380  29152 S 387.0   3.5  13:43.95 java
  10310 root      20   0   13.6g 565380  29152 S 391.0   3.5  13:47.86 java
  10310 root      20   0   13.6g 565380  29152 S 390.0   3.5  13:51.76 java
  10310 root      20   0   13.6g 565380  29152 S 388.0   3.5  13:55.64 java
  10310 root      20   0   13.6g 565380  29152 S 389.1   3.5  13:59.57 java
  10310 root      20   0   13.6g 565380  29152 S 392.0   3.5  14:03.49 java
  10310 root      20   0   13.6g 565464  29152 S 391.0   3.5  14:07.40 java
  10310 root      20   0   13.6g 565464  29152 S 390.0   3.5  14:11.30 java
  10310 root      20   0   13.6g 565464  29152 S 391.0   3.5  14:15.21 java
  10310 root      20   0   13.6g 565464  29152 S 389.0   3.5  14:19.10 java
  10310 root      20   0   13.6g 565464  29152 S 389.0   3.5  14:22.99 java
  10310 root      20   0   13.6g 565572  29152 S 388.0   3.5  14:26.87 java
  10310 root      20   0   13.6g 565692  29152 S 393.0   3.5  14:30.80 java
  10310 root      20   0   13.6g 565692  29152 S 390.0   3.5  14:34.70 java
  10310 root      20   0   13.6g 565692  29152 S 385.1   3.5  14:38.59 java
  10310 root      20   0   13.6g 565692  29152 S 391.0   3.5  14:42.50 java
  10310 root      20   0   13.6g 565692  29152 S 390.0   3.5  14:46.40 java
  10310 root      20   0   13.6g 565820  29152 S 389.0   3.5  14:50.29 java
  10310 root      20   0   13.6g 565820  29152 S 391.0   3.5  14:54.20 java
  10310 root      20   0   13.6g 565820  29152 S 393.0   3.5  14:58.13 java
  10310 root      20   0   13.6g 566060  29152 S 393.0   3.5  15:02.06 java
  10310 root      20   0   13.6g 566060  29152 S 390.0   3.5  15:05.96 java
  10310 root      20   0   13.6g 566060  29152 S 391.0   3.5  15:09.87 java
  10310 root      20   0   13.6g 566060  29152 S 392.0   3.5  15:13.79 java
  10310 root      20   0   13.6g 566060  29152 S 405.0   3.5  15:17.88 java
  10310 root      20   0   13.6g 566644  29152 S 395.0   3.5  15:21.83 java
  10310 root      20   0   13.6g 566972  29152 S 387.0   3.5  15:25.70 java
  10310 root      20   0   13.6g 567928  29152 S 391.0   3.5  15:29.61 java
  10310 root      20   0   13.6g 568080  29152 S 392.0   3.5  15:33.