  34416 root      20   0 9226748 498428  29132 S 193.3   3.1  56:03.50 java
  34416 root      20   0 9226748 498648  29132 S 407.0   3.1  56:07.57 java
  34416 root      20   0 9226748 498648  29132 S 397.0   3.1  56:11.54 java
  34416 root      20   0 9226748 498648  29132 S 395.0   3.1  56:15.53 java
  34416 root      20   0 9226748 498648  29132 S 395.0   3.1  56:19.48 java
  34416 root      20   0 9226748 498664  29132 S 398.0   3.1  56:23.46 java
  34416 root      20   0 9226748 498664  29132 S 400.0   3.1  56:27.46 java
  34416 root      20   0 9226748 498664  29132 S 398.0   3.1  56:31.44 java
  34416 root      20   0 9226748 498664  29132 S 398.0   3.1  56:35.42 java
  34416 root      20   0 9226748 498664  29132 S 400.0   3.1  56:39.42 java
  34416 root      20   0 9226748 498664  29132 S 399.0   3.1  56:43.41 java
  34416 root      20   0 9226748 498664  29132 S 392.0   3.1  56:47.33 java
  34416 root      20   0 9226748 498664  29132 S 396.0   3.1  56:51.33 java
  34416 root      20   0 9226748 498876  29132 S 399.0   3.1  56:55.32 java
  34416 root      20   0 9226748 498876  29132 S 400.0   3.1  56:59.32 java
  34416 root      20   0 9226748 498876  29132 S 397.0   3.1  57:03.29 java
  34416 root      20   0 9226748 498876  29132 S 397.0   3.1  57:07.26 java
  34416 root      20   0 9226748 498876  29132 S 400.0   3.1  57:11.26 java
  34416 root      20   0 9226748 498876  29132 S 397.0   3.1  57:15.23 java
  34416 root      20   0 9226748 498876  29132 S 400.0   3.1  57:19.23 java
  34416 root      20   0 9226748 498876  29132 S 400.0   3.1  57:23.23 java
  34416 root      20   0 9226748 498876  29132 S 392.1   3.1  57:27.19 java
  34416 root      20   0 9226748 498876  29132 S 398.0   3.1  57:31.17 java
  34416 root      20   0 9226748 498876  29132 S 399.0   3.1  57:35.16 java
  34416 root      20   0 9226748 498876  29132 S 399.0   3.1  57:39.15 java
  34416 root      20   0 9226748 498876  29132 S 401.0   3.1  57:43.16 java
  34416 root      20   0 9226748 498876  29132 S 400.0   3.1  57:47.16 java
  34416 root      20   0 9226748 498876  29132 S 395.0   3.1  57:51.11 java
  34416 root      20   0 9226748 498876  29132 S 400.0   3.1  57:55.11 java
  34416 root      20   0 9226748 498876  29132 S 400.0   3.1  57:59.11 java
  34416 root      20   0 9226748 498876  29132 S 398.0   3.1  58:03.09 java
  34416 root      20   0 9226748 498876  29132 S 401.0   3.1  58:07.10 java
  34416 root      20   0 9226748 498876  29132 S 393.1   3.1  58:11.07 java
  34416 root      20   0 9226748 498876  29132 S 400.0   3.1  58:15.07 java
  34416 root      20   0 9226748 498876  29132 S 400.0   3.1  58:19.07 java
  34416 root      20   0 9226748 498876  29132 S 400.0   3.1  58:23.07 java
  34416 root      20   0 9226748 498876  29132 S 399.0   3.1  58:27.06 java
  34416 root      20   0 9226748 499104  29132 S 397.0   3.1  58:31.03 java
  34416 root      20   0 9226748 499104  29132 S 398.0   3.1  58:35.01 java
  34416 root      20   0 9226748 499104  29132 S 401.0   3.1  58:39.02 java
  34416 root      20   0 9226748 499104  29132 S 397.0   3.1  58:42.99 java
  34416 root      20   0 9226748 499104  29132 S 398.0   3.1  58:46.97 java
  34416 root      20   0 9226748 499104  29132 S 394.1   3.1  58:50.95 java
  34416 root      20   0 9226748 499104  29132 S 398.0   3.1  58:54.93 java
  34416 root      20   0 9226748 499104  29132 S 399.0   3.1  58:58.92 java
  34416 root      20   0 9226748 499104  29132 S 397.0   3.1  59:02.89 java
  34416 root      20   0 9226748 499104  29132 S 400.0   3.1  59:06.89 java
  34416 root      20   0 9226748 499104  29132 S 395.0   3.1  59:10.84 java
  34416 root      20   0 9226748 499104  29132 S 398.0   3.1  59:14.82 java
  34416 root      20   0 9226748 499104  29132 S 400.0   3.1  59:18.82 java
  34416 root      20   0 9226748 499104  29132 S 399.0   3.1  59:22.81 java
  34416 root      20   0 9226748 499104  29132 S 395.0   3.1  59:26.80 java
  34416 root      20   0 9226748 499104  29132 S 401.0   3.1  59:30.81 java
  34416 root      20   0 9226748 499104  29132 S 393.0   3.1  59:34.