  35287 root      20   0   10.8g 197524  29048 S 320.0   1.2   0:05.62 java
  35287 root      20   0   13.6g 268224  29048 S 405.0   1.6   0:09.67 java
  35287 root      20   0   13.6g 284580  29048 S 401.0   1.7   0:13.72 java
  35287 root      20   0   13.6g 304960  29048 S 401.0   1.9   0:17.73 java
  35287 root      20   0   13.6g 333644  29048 S 401.0   2.0   0:21.74 java
  35287 root      20   0   13.6g 368572  29048 S 401.0   2.3   0:25.75 java
  35287 root      20   0   13.6g 390568  29048 S 401.0   2.4   0:29.76 java
  35287 root      20   0   13.6g 397948  29048 S 401.0   2.4   0:33.77 java
  35287 root      20   0   13.6g 426100  29048 S 401.0   2.6   0:37.78 java
  35287 root      20   0   13.6g 449444  29048 S 402.0   2.8   0:41.80 java
  35287 root      20   0   13.6g 461020  29048 S 400.0   2.8   0:45.80 java
  35287 root      20   0   13.6g 467176  29112 S 403.0   2.9   0:49.83 java
  35287 root      20   0   13.6g 479712  29112 S 396.0   2.9   0:53.83 java
  35287 root      20   0   13.6g 482188  29112 S 402.0   3.0   0:57.85 java
  35287 root      20   0   13.6g 480004  29112 S 399.0   2.9   1:01.84 java
  35287 root      20   0   13.6g 474536  29112 S 402.0   2.9   1:05.86 java
  35287 root      20   0   13.6g 483556  29112 S 402.0   3.0   1:09.88 java
  35287 root      20   0   13.7g 492688  29112 S 400.0   3.0   1:13.88 java
  35287 root      20   0   13.6g 491820  29112 S 315.0   3.0   1:17.03 java
  35287 root      20   0   13.6g 486476  29112 S  99.0   3.0   1:18.02 java
  35287 root      20   0   13.6g 486496  29112 S  92.0   3.0   1:18.94 java
  35287 root      20   0   13.6g 486512  29112 S  88.1   3.0   1:19.83 java
  35287 root      20   0   13.6g 486568  29112 S  94.0   3.0   1:20.77 java
  35287 root      20   0   13.6g 486568  29112 S  91.0   3.0   1:21.68 java
  35287 root      20   0   13.6g 486568  29112 S  86.0   3.0   1:22.54 java
  35287 root      20   0   13.6g 490656  29112 S  91.0   3.0   1:23.45 java
  35287 root      20   0   13.6g 490656  29112 S  86.0   3.0   1:24.31 java
  35287 root      20   0   13.6g 490732  29112 S  89.0   3.0   1:25.20 java
  35287 root      20   0   13.6g 490732  29112 S  91.0   3.0   1:26.11 java
  35287 root      20   0   13.6g 490732  29112 S  89.0   3.0   1:27.00 java
  35287 root      20   0   13.6g 490732  29112 S  86.1   3.0   1:27.87 java
  35287 root      20   0   13.6g 491364  29112 S  88.0   3.0   1:28.75 java
  35287 root      20   0   13.6g 491588  29112 S  87.0   3.0   1:29.62 java
  35287 root      20   0   13.6g 491588  29112 S  87.0   3.0   1:30.49 java
  35287 root      20   0   13.6g 491588  29112 S  88.0   3.0   1:31.37 java
  35287 root      20   0   13.6g 491588  29112 S  86.0   3.0   1:32.23 java
  35287 root      20   0   13.6g 491596  29112 S  87.0   3.0   1:33.10 java
  35287 root      20   0   13.6g 491596  29112 S  86.0   3.0   1:33.96 java
  35287 root      20   0   13.6g 491768  29112 S  87.0   3.0   1:34.83 java
  35287 root      20   0   13.6g 491768  29112 S  86.0   3.0   1:35.69 java
  35287 root      20   0   13.6g 491768  29112 S  87.0   3.0   1:36.56 java
  35287 root      20   0   13.6g 491768  29112 S  85.1   3.0   1:37.42 java
  35287 root      20   0   13.6g 491768  29112 S  87.0   3.0   1:38.29 java
  35287 root      20   0   13.6g 492032  29112 S  87.0   3.0   1:39.16 java
  35287 root      20   0   13.6g 492032  29112 S  87.0   3.0   1:40.03 java
  35287 root      20   0   13.6g 492032  29112 S  85.0   3.0   1:40.88 java
  35287 root      20   0   13.6g 492068  29112 S  85.0   3.0   1:41.73 java
  35287 root      20   0   13.6g 492888  29112 S  87.0   3.0   1:42.60 java
  35287 root      20   0   13.6g 493396  29112 S  87.0   3.0   1:43.47 java
  35287 root      20   0   13.6g 493396  29112 S  85.0   3.0   1:44.32 java
  35287 root      20   0   13.6g 493396  29112 S  87.0   3.0   1:45.19 java
  35287 root      20   0   13.6g 493396  29112 S  85.1   3.0   1:46.05 java
  35287 root      20   0   13.6g 493396  29112 S  86.0   3.0   1:46.91 java
  35287 root      20   0   13.6g 493396  29112 S  85.0   3.0   1:47.