  34416 root      20   0 9226748 492184  29132 S   0.0   3.0  36:25.76 java
  34416 root      20   0 9226748 492376  29132 S 381.0   3.0  36:29.57 java
  34416 root      20   0 9226748 492376  29132 S 384.0   3.0  36:33.41 java
  34416 root      20   0 9226748 492376  29132 S 380.0   3.0  36:37.21 java
  34416 root      20   0 9226748 492600  29132 S 373.0   3.0  36:40.94 java
  34416 root      20   0 9226748 492600  29132 S 379.0   3.0  36:44.73 java
  34416 root      20   0 9226748 492600  29132 S 389.1   3.0  36:48.66 java
  34416 root      20   0 9226748 492784  29132 S 387.0   3.0  36:52.53 java
  34416 root      20   0 9226748 492784  29132 S 392.0   3.0  36:56.45 java
  34416 root      20   0 9226748 493012  29132 S 372.0   3.0  37:00.17 java
  34416 root      20   0 9226748 493012  29132 S 384.0   3.0  37:04.01 java
  34416 root      20   0 9226748 493012  29132 S 380.0   3.0  37:07.81 java
  34416 root      20   0 9226748 493012  29132 S 389.0   3.0  37:11.70 java
  34416 root      20   0 9226748 493012  29132 S 391.0   3.0  37:15.61 java
  34416 root      20   0 9226748 493012  29132 S 389.0   3.0  37:19.50 java
  34416 root      20   0 9226748 493012  29132 S 385.1   3.0  37:23.39 java
  34416 root      20   0 9226748 493012  29132 S 384.0   3.0  37:27.23 java
  34416 root      20   0 9226748 493012  29132 S 390.0   3.0  37:31.13 java
  34416 root      20   0 9226748 493012  29132 S 391.0   3.0  37:35.04 java
  34416 root      20   0 9226748 493012  29132 S 383.0   3.0  37:38.87 java
  34416 root      20   0 9226748 493012  29132 S 382.0   3.0  37:42.69 java
  34416 root      20   0 9226748 493012  29132 S 382.0   3.0  37:46.51 java
  34416 root      20   0 9226748 493012  29132 S 388.0   3.0  37:50.39 java
  34416 root      20   0 9226748 493012  29132 S 383.0   3.0  37:54.22 java
  34416 root      20   0 9226748 493012  29132 S 382.0   3.0  37:58.04 java
  34416 root      20   0 9226748 493012  29132 S 390.0   3.0  38:01.94 java
  34416 root      20   0 9226748 493012  29132 S 376.2   3.0  38:05.74 java
  34416 root      20   0 9226748 493012  29132 S 388.0   3.0  38:09.62 java
  34416 root      20   0 9226748 493012  29132 S 390.0   3.0  38:13.52 java
  34416 root      20   0 9226748 493012  29132 S 388.0   3.0  38:17.40 java
  34416 root      20   0 9226748 493012  29132 S 385.0   3.0  38:21.25 java
  34416 root      20   0 9226748 493224  29132 S 384.0   3.0  38:25.09 java
  34416 root      20   0 9226748 493224  29132 S 375.0   3.0  38:28.84 java
  34416 root      20   0 9226748 493224  29132 S 385.0   3.0  38:32.69 java
  34416 root      20   0 9226748 493224  29132 S 392.0   3.0  38:36.61 java
  34416 root      20   0 9226748 493224  29132 S 384.0   3.0  38:40.45 java
  34416 root      20   0 9226748 493472  29132 S 385.1   3.0  38:44.34 java
  34416 root      20   0 9226748 493472  29132 S 387.0   3.0  38:48.21 java
  34416 root      20   0 9226748 493472  29132 S 388.0   3.0  38:52.09 java
  34416 root      20   0 9226748 493472  29132 S 378.0   3.0  38:55.87 java
  34416 root      20   0 9226748 493472  29132 S 388.0   3.0  38:59.75 java
  34416 root      20   0 9226748 493472  29132 S 381.0   3.0  39:03.56 java
  34416 root      20   0 9226748 493472  29132 S 390.0   3.0  39:07.46 java
  34416 root      20   0 9226748 493472  29132 S 382.0   3.0  39:11.28 java
  34416 root      20   0 9226748 493472  29132 S 374.0   3.0  39:15.02 java
  34416 root      20   0 9226748 493472  29132 S 386.1   3.0  39:18.92 java
  34416 root      20   0 9226748 493472  29132 S 382.0   3.0  39:22.74 java
  34416 root      20   0 9226748 493472  29132 S 384.0   3.0  39:26.58 java
  34416 root      20   0 9226748 493684  29132 S 389.0   3.0  39:30.47 java
  34416 root      20   0 9226748 493684  29132 S 375.0   3.0  39:34.22 java
  34416 root      20   0 9226748 493684  29132 S 372.0   3.0  39:37.94 java
  34416 root      20   0 9226748 493684  29132 S 380.0   3.0  39:41.74 java
  34416 root      20   0 9226748 493684  29132 S 387.0   3.0  39:45.61 java
  34416 root      20   0 9226748 493684  29132 S 392.0   3.0  39:49.