   9852 root      20   0 9226748 550856  29076 S   0.0   3.4  44:00.61 java
   9852 root      20   0 9226748 550856  29076 S 371.0   3.4  44:04.32 java
   9852 root      20   0 9226748 550856  29076 S 396.0   3.4  44:08.28 java
   9852 root      20   0 9226748 551088  29076 S 392.0   3.4  44:12.20 java
   9852 root      20   0 9226748 551308  29076 S 397.0   3.4  44:16.17 java
   9852 root      20   0 9226748 551308  29076 S 400.0   3.4  44:20.17 java
   9852 root      20   0 9226748 551308  29076 S 396.0   3.4  44:24.13 java
   9852 root      20   0 9226748 551308  29076 S 398.0   3.4  44:28.11 java
   9852 root      20   0 9226748 551308  29076 S 397.0   3.4  44:32.08 java
   9852 root      20   0 9226748 551308  29076 S 395.0   3.4  44:36.03 java
   9852 root      20   0 9226748 551308  29076 S 393.1   3.4  44:40.00 java
   9852 root      20   0 9226748 551308  29076 S 394.0   3.4  44:43.94 java
   9852 root      20   0 9226748 551308  29076 S 397.0   3.4  44:47.91 java
   9852 root      20   0 9226748 551308  29076 S 396.0   3.4  44:51.87 java
   9852 root      20   0 9226748 551308  29076 S 397.0   3.4  44:55.84 java
   9852 root      20   0 9226748 551308  29076 S 394.0   3.4  44:59.78 java
   9852 root      20   0 9226748 551308  29076 S 399.0   3.4  45:03.77 java
   9852 root      20   0 9226748 551308  29076 S 397.0   3.4  45:07.74 java
   9852 root      20   0 9226748 551308  29076 S 395.0   3.4  45:11.69 java
   9852 root      20   0 9226748 551308  29076 S 398.0   3.4  45:15.67 java
   9852 root      20   0 9226748 551308  29076 S 393.1   3.4  45:19.64 java
   9852 root      20   0 9226748 551308  29076 S 395.0   3.4  45:23.59 java
   9852 root      20   0 9226748 551308  29076 S 390.0   3.4  45:27.49 java
   9852 root      20   0 9226748 551308  29076 S 396.0   3.4  45:31.45 java
   9852 root      20   0 9226748 551308  29076 S 398.0   3.4  45:35.43 java
   9852 root      20   0 9226748 551308  29076 S 398.0   3.4  45:39.41 java
   9852 root      20   0 9226748 551308  29076 S 395.0   3.4  45:43.36 java
   9852 root      20   0 9226748 551308  29076 S 396.0   3.4  45:47.32 java
   9852 root      20   0 9226748 551308  29076 S 398.0   3.4  45:51.30 java
   9852 root      20   0 9226748 551308  29076 S 397.0   3.4  45:55.27 java
   9852 root      20   0 9226748 551308  29076 S 390.1   3.4  45:59.21 java
   9852 root      20   0 9226748 551308  29076 S 398.0   3.4  46:03.19 java
   9852 root      20   0 9226748 551308  29076 S 396.0   3.4  46:07.15 java
   9852 root      20   0 9226748 551308  29076 S 399.0   3.4  46:11.14 java
   9852 root      20   0 9226748 551308  29076 S 393.0   3.4  46:15.07 java
   9852 root      20   0 9226748 551308  29076 S 393.0   3.4  46:19.00 java
   9852 root      20   0 9226748 551308  29076 S 395.0   3.4  46:22.95 java
   9852 root      20   0 9226748 551308  29076 S 397.0   3.4  46:26.92 java
   9852 root      20   0 9226748 551308  29076 S 397.0   3.4  46:30.89 java
   9852 root      20   0 9226748 551308  29076 S 394.1   3.4  46:34.87 java
   9852 root      20   0 9226748 551308  29076 S 395.0   3.4  46:38.82 java
   9852 root      20   0 9226748 551308  29076 S 394.0   3.4  46:42.76 java
   9852 root      20   0 9226748 551308  29076 S 399.0   3.4  46:46.75 java
   9852 root      20   0 9226748 551308  29076 S 395.0   3.4  46:50.70 java
   9852 root      20   0 9226748 551308  29076 S 399.0   3.4  46:54.69 java
   9852 root      20   0 9226748 551520  29076 S 395.0   3.4  46:58.64 java
   9852 root      20   0 9226748 551520  29076 S 395.0   3.4  47:02.59 java
   9852 root      20   0 9226748 551520  29076 S 385.1   3.4  47:06.48 java
   9852 root      20   0 9226748 551520  29076 S 397.0   3.4  47:10.45 java
   9852 root      20   0 9226748 551520  29076 S 396.0   3.4  47:14.41 java
   9852 root      20   0 9226748 551520  29076 S 395.0   3.4  47:18.36 java
   9852 root      20   0 9226748 551520  29076 S 395.0   3.4  47:22.31 java
   9852 root      20   0 9226748 551520  29076 S 397.0   3.4  47:26.28 java
   9852 root      20   0 9226748 551520  29076 S 396.0   3.4  47:30.