   9852 root      20   0 9226748 544120  29076 S   0.0   3.3  22:42.06 java
   9852 root      20   0 9226748 544120  29076 S 304.0   3.3  22:45.10 java
   9852 root      20   0 9226748 544120  29076 S 328.0   3.3  22:48.38 java
   9852 root      20   0 9226748 544316  29076 S 310.9   3.3  22:51.52 java
   9852 root      20   0 9226748 544316  29076 S 318.0   3.3  22:54.70 java
   9852 root      20   0 9226748 544536  29076 S 314.0   3.3  22:57.84 java
   9852 root      20   0 9226748 544536  29076 S 316.0   3.3  23:01.00 java
   9852 root      20   0 9226748 544536  29076 S 317.0   3.3  23:04.17 java
   9852 root      20   0 9226748 544536  29076 S 307.0   3.3  23:07.24 java
   9852 root      20   0 9226748 544536  29076 S 324.0   3.3  23:10.48 java
   9852 root      20   0 9226748 544536  29076 S 314.0   3.3  23:13.62 java
   9852 root      20   0 9226748 544536  29076 S 313.0   3.3  23:16.75 java
   9852 root      20   0 9226748 544536  29076 S 328.0   3.3  23:20.03 java
   9852 root      20   0 9226748 544536  29076 S 311.9   3.3  23:23.18 java
   9852 root      20   0 9226748 544536  29076 S 317.0   3.3  23:26.35 java
   9852 root      20   0 9226748 544536  29076 S 321.0   3.3  23:29.56 java
   9852 root      20   0 9226748 544536  29076 S 321.0   3.3  23:32.77 java
   9852 root      20   0 9226748 544536  29076 S 315.0   3.3  23:35.92 java
   9852 root      20   0 9226748 544536  29076 S 313.0   3.3  23:39.05 java
   9852 root      20   0 9226748 544536  29076 S 320.0   3.3  23:42.25 java
   9852 root      20   0 9226748 544536  29076 S 318.0   3.3  23:45.43 java
   9852 root      20   0 9226748 544536  29076 S 317.0   3.3  23:48.60 java
   9852 root      20   0 9226748 544536  29076 S 319.0   3.3  23:51.79 java
   9852 root      20   0 9226748 544536  29076 S 312.9   3.3  23:54.95 java
   9852 root      20   0 9226748 544536  29076 S 315.0   3.3  23:58.10 java
   9852 root      20   0 9226748 544536  29076 S 318.0   3.3  24:01.28 java
   9852 root      20   0 9226748 544536  29076 S 316.0   3.3  24:04.44 java
   9852 root      20   0 9226748 544536  29076 S 319.0   3.3  24:07.63 java
   9852 root      20   0 9226748 544536  29076 S 317.0   3.3  24:10.80 java
   9852 root      20   0 9226748 544536  29076 S 319.0   3.3  24:13.99 java
   9852 root      20   0 9226748 544536  29076 S 314.0   3.3  24:17.13 java
   9852 root      20   0 9226748 544536  29076 S 316.0   3.3  24:20.29 java
   9852 root      20   0 9226748 544536  29076 S 318.0   3.3  24:23.47 java
   9852 root      20   0 9226748 544536  29076 S 317.8   3.3  24:26.68 java
   9852 root      20   0 9226748 544536  29076 S 315.0   3.3  24:29.83 java
   9852 root      20   0 9226748 544748  29076 S 323.0   3.3  24:33.06 java
   9852 root      20   0 9226748 544748  29076 S 318.0   3.3  24:36.24 java
   9852 root      20   0 9226748 544748  29076 S 318.0   3.3  24:39.42 java
   9852 root      20   0 9226748 544748  29076 S 318.0   3.3  24:42.60 java
   9852 root      20   0 9226748 544748  29076 S 315.0   3.3  24:45.75 java
   9852 root      20   0 9226748 544748  29076 S 320.0   3.3  24:48.95 java
   9852 root      20   0 9226748 544748  29076 S 310.0   3.3  24:52.05 java
   9852 root      20   0 9226748 544748  29076 S 312.0   3.3  24:55.17 java
   9852 root      20   0 9226748 544748  29076 S 314.9   3.3  24:58.35 java
   9852 root      20   0 9226748 544748  29076 S 324.0   3.3  25:01.59 java
   9852 root      20   0 9226748 544748  29076 S 328.0   3.3  25:04.87 java
   9852 root      20   0 9226748 544748  29076 S 321.0   3.3  25:08.08 java
   9852 root      20   0 9226748 544748  29076 S 326.0   3.3  25:11.34 java
   9852 root      20   0 9226748 544748  29076 S 321.0   3.3  25:14.55 java
   9852 root      20   0 9226748 544976  29076 S 322.0   3.3  25:17.77 java
   9852 root      20   0 9226748 544976  29076 S 321.0   3.3  25:20.98 java
   9852 root      20   0 9226748 544976  29076 S 325.0   3.3  25:24.23 java
   9852 root      20   0 9226748 544976  29076 S 319.0   3.3  25:27.42 java
   9852 root      20   0 9226748 544976  29076 S 313.9   3.3  25:30.