   9852 root      20   0 8419760 176908  28976 S 306.7   1.1   0:04.49 java
   9852 root      20   0 9093640 262324  29012 S 403.0   1.6   0:08.52 java
   9852 root      20   0 9226748 274012  29012 S 398.0   1.7   0:12.50 java
   9852 root      20   0 9226748 285540  29012 S 404.0   1.8   0:16.54 java
   9852 root      20   0 9226748 371968  29012 S 401.0   2.3   0:20.55 java
   9852 root      20   0 9231220 463104  29012 S 401.0   2.8   0:24.56 java
   9852 root      20   0 9226748 468956  29012 S 398.0   2.9   0:28.58 java
   9852 root      20   0 9226748 466812  29012 S 401.0   2.9   0:32.59 java
   9852 root      20   0 9226748 468248  29012 S 400.0   2.9   0:36.59 java
   9852 root      20   0 9226748 469604  29012 S 401.0   2.9   0:40.60 java
   9852 root      20   0 9226748 470020  29012 S 401.0   2.9   0:44.61 java
   9852 root      20   0 9226748 552660  29012 S 401.0   3.4   0:48.62 java
   9852 root      20   0 9226748 563832  29012 S 400.0   3.5   0:52.62 java
   9852 root      20   0 9226748 557672  29076 S 396.0   3.4   0:56.58 java
   9852 root      20   0 9226748 532364  29076 S 209.0   3.3   0:58.67 java
   9852 root      20   0 9226748 532368  29076 S  84.0   3.3   0:59.51 java
   9852 root      20   0 9226748 532436  29076 S  81.2   3.3   1:00.33 java
   9852 root      20   0 9226748 532700  29076 S  81.0   3.3   1:01.14 java
   9852 root      20   0 9226748 532700  29076 S  83.0   3.3   1:01.97 java
   9852 root      20   0 9226748 527756  29076 S  79.0   3.2   1:02.76 java
   9852 root      20   0 9226748 528020  29076 S  82.0   3.2   1:03.58 java
   9852 root      20   0 9226748 531772  29076 S  82.0   3.3   1:04.40 java
   9852 root      20   0 9226748 531772  29076 S  79.0   3.3   1:05.19 java
   9852 root      20   0 9226748 531772  29076 S  80.0   3.3   1:05.99 java
   9852 root      20   0 9226748 531772  29076 S  80.0   3.3   1:06.79 java
   9852 root      20   0 9226748 532036  29076 S  79.0   3.3   1:07.58 java
   9852 root      20   0 9226748 532036  29076 S  78.2   3.3   1:08.37 java
   9852 root      20   0 9226748 532036  29076 S  78.0   3.3   1:09.15 java
   9852 root      20   0 9226748 532036  29076 S  78.0   3.3   1:09.93 java
   9852 root      20   0 9226748 532036  29076 S  80.0   3.3   1:10.73 java
   9852 root      20   0 9226748 532036  29076 S  78.0   3.3   1:11.51 java
   9852 root      20   0 9226748 532036  29076 S  76.0   3.3   1:12.27 java
   9852 root      20   0 9226748 532036  29076 S  77.0   3.3   1:13.04 java
   9852 root      20   0 9226748 532036  29076 S  80.0   3.3   1:13.84 java
   9852 root      20   0 9226748 532036  29076 S  76.0   3.3   1:14.60 java
   9852 root      20   0 9226748 532036  29076 S  78.0   3.3   1:15.38 java
   9852 root      20   0 9226748 532036  29076 S  75.2   3.3   1:16.14 java
   9852 root      20   0 9226748 532036  29076 S  77.0   3.3   1:16.91 java
   9852 root      20   0 9226748 532036  29076 S  77.0   3.3   1:17.68 java
   9852 root      20   0 9226748 532036  29076 S  77.0   3.3   1:18.45 java
   9852 root      20   0 9226748 532036  29076 S  78.0   3.3   1:19.23 java
   9852 root      20   0 9226748 532036  29076 S  78.0   3.3   1:20.01 java
   9852 root      20   0 9226748 532036  29076 S  75.0   3.3   1:20.76 java
   9852 root      20   0 9226748 532036  29076 S  78.0   3.3   1:21.54 java
   9852 root      20   0 9226748 532036  29076 S  77.0   3.3   1:22.31 java
   9852 root      20   0 9226748 532036  29076 S  78.0   3.3   1:23.09 java
   9852 root      20   0 9226748 532036  29076 S  76.2   3.3   1:23.86 java
   9852 root      20   0 9226748 532036  29076 S  77.0   3.3   1:24.63 java
   9852 root      20   0 9226748 532036  29076 S  76.0   3.3   1:25.39 java
   9852 root      20   0 9226748 532120  29076 S  78.0   3.3   1:26.17 java
   9852 root      20   0 9226748 532120  29076 S  77.0   3.3   1:26.94 java
   9852 root      20   0 9226748 532120  29076 S  77.0   3.3   1:27.71 java
   9852 root      20   0 9226748 532120  29076 S  78.0   3.3   1:28.49 java
   9852 root      20   0 9226748 532120  29076 S  77.0   3.3   1:29.