  34416 root      20   0 9226748 483556  29132 S  87.5   3.0   7:58.86 java
  34416 root      20   0 9226748 483556  29132 S 197.0   3.0   8:00.83 java
  34416 root      20   0 9226748 483556  29132 S 246.0   3.0   8:03.29 java
  34416 root      20   0 9226748 483556  29132 S 250.0   3.0   8:05.79 java
  34416 root      20   0 9226748 483556  29132 S 244.0   3.0   8:08.23 java
  34416 root      20   0 9226748 483556  29132 S 249.0   3.0   8:10.72 java
  34416 root      20   0 9226748 483556  29132 S 246.0   3.0   8:13.18 java
  34416 root      20   0 9226748 483556  29132 S 247.0   3.0   8:15.65 java
  34416 root      20   0 9226748 483868  29132 S 246.0   3.0   8:18.11 java
  34416 root      20   0 9226748 484044  29132 S 245.5   3.0   8:20.59 java
  34416 root      20   0 9226748 484044  29132 S 253.0   3.0   8:23.12 java
  34416 root      20   0 9226748 484044  29132 S 244.0   3.0   8:25.56 java
  34416 root      20   0 9226748 484044  29132 S 252.0   3.0   8:28.08 java
  34416 root      20   0 9226748 484044  29132 S 248.0   3.0   8:30.56 java
  34416 root      20   0 9226748 484044  29132 S 247.0   3.0   8:33.03 java
  34416 root      20   0 9226748 484044  29132 S 246.0   3.0   8:35.49 java
  34416 root      20   0 9226748 484044  29132 S 246.0   3.0   8:37.95 java
  34416 root      20   0 9226748 484044  29132 S 245.0   3.0   8:40.40 java
  34416 root      20   0 9226748 484044  29132 S 245.0   3.0   8:42.85 java
  34416 root      20   0 9226748 484044  29132 S 246.0   3.0   8:45.31 java
  34416 root      20   0 9226748 484044  29132 S 246.5   3.0   8:47.80 java
  34416 root      20   0 9226748 484044  29132 S 245.0   3.0   8:50.25 java
  34416 root      20   0 9226748 484044  29132 S 247.0   3.0   8:52.72 java
  34416 root      20   0 9226748 484044  29132 S 250.0   3.0   8:55.22 java
  34416 root      20   0 9226748 484044  29132 S 247.0   3.0   8:57.69 java
  34416 root      20   0 9226748 484044  29132 S 243.0   3.0   9:00.12 java
  34416 root      20   0 9226748 484044  29132 S 249.0   3.0   9:02.61 java
  34416 root      20   0 9226748 484044  29132 S 247.0   3.0   9:05.08 java
  34416 root      20   0 9226748 484044  29132 S 248.0   3.0   9:07.56 java
  34416 root      20   0 9226748 484044  29132 S 247.0   3.0   9:10.03 java
  34416 root      20   0 9226748 484044  29132 S 244.6   3.0   9:12.50 java
  34416 root      20   0 9226748 484044  29132 S 248.0   3.0   9:14.98 java
  34416 root      20   0 9226748 484044  29132 S 244.0   3.0   9:17.42 java
  34416 root      20   0 9226748 484044  29132 S 248.0   3.0   9:19.90 java
  34416 root      20   0 9226748 484044  29132 S 247.0   3.0   9:22.37 java
  34416 root      20   0 9226748 484044  29132 S 250.0   3.0   9:24.87 java
  34416 root      20   0 9226748 484044  29132 S 252.0   3.0   9:27.39 java
  34416 root      20   0 9226748 484044  29132 S 244.0   3.0   9:29.83 java
  34416 root      20   0 9226748 484044  29132 S 250.0   3.0   9:32.33 java
  34416 root      20   0 9226748 484044  29132 S 244.6   3.0   9:34.80 java
  34416 root      20   0 9226748 484044  29132 S 244.0   3.0   9:37.24 java
  34416 root      20   0 9226748 484044  29132 S 248.0   3.0   9:39.72 java
  34416 root      20   0 9226748 484044  29132 S 251.0   3.0   9:42.23 java
  34416 root      20   0 9226748 484044  29132 S 247.0   3.0   9:44.70 java
  34416 root      20   0 9226748 484044  29132 S 251.0   3.0   9:47.21 java
  34416 root      20   0 9226748 484044  29132 S 244.0   3.0   9:49.65 java
  34416 root      20   0 9226748 484044  29132 S 251.0   3.0   9:52.16 java
  34416 root      20   0 9226748 484044  29132 S 249.0   3.0   9:54.65 java
  34416 root      20   0 9226748 484044  29132 S 246.0   3.0   9:57.11 java
  34416 root      20   0 9226748 484044  29132 S 247.0   3.0   9:59.58 java
  34416 root      20   0 9226748 484044  29132 S 246.5   3.0  10:02.07 java
  34416 root      20   0 9226748 484044  29132 S 246.0   3.0  10:04.53 java
  34416 root      20   0 9226748 484044  29132 S 251.0   3.0  10:07.04 java
  34416 root      20   0 9226748 484044  29132 S 247.0   3.0  10:09.