Running 1m test @ http://erik-pc.local:8080/fruits
  4 threads and 100 connections
  Thread calibration: mean lat.: 2.544ms, rate sampling interval: 10ms
  Thread calibration: mean lat.: 2.418ms, rate sampling interval: 10ms
  Thread calibration: mean lat.: 2.555ms, rate sampling interval: 10ms
  Thread calibration: mean lat.: 3.020ms, rate sampling interval: 10ms
  Thread Stats   Avg      Stdev     Max   +/- Stdev
    Latency     2.65ms    0.98ms  12.46ms   73.14%
    Req/Sec     2.64k   433.22     5.33k    77.15%
  Latency Distribution (HdrHistogram - Recorded Latency)
 50.000%    2.60ms
 75.000%    3.24ms
 90.000%    3.73ms
 99.000%    5.35ms
 99.900%    9.55ms
 99.990%   10.81ms
 99.999%   12.00ms
100.000%   12.46ms

  Detailed Percentile spectrum:
       Value   Percentile   TotalCount 1/(1-Percentile)

       0.605     0.000000            1         1.00
       1.510     0.100000        49908         1.11
       1.851     0.200000        99750         1.25
       2.111     0.300000       149789         1.43
       2.347     0.400000       199844         1.67
       2.599     0.500000       249735         2.00
       2.731     0.550000       274643         2.22
       2.861     0.600000       299274         2.50
       2.987     0.650000       324337         2.86
       3.111     0.700000       349277         3.33
       3.241     0.750000       374277         4.00
       3.309     0.775000       386710         4.44
       3.381     0.800000       399312         5.00
       3.457     0.825000       411614         5.71
       3.541     0.850000       424050         6.67
       3.633     0.875000       436506         8.00
       3.681     0.887500       442640         8.89
       3.733     0.900000       448950        10.00
       3.789     0.912500       455132        11.43
       3.855     0.925000       461492        13.33
       3.929     0.937500       467586        16.00
       3.971     0.943750       470802        17.78
       4.017     0.950000       473828        20.00
       4.069     0.956250       477027        22.86
       4.127     0.962500       480177        26.67
       4.195     0.968750       483203        32.00
       4.239     0.971875       484830        35.56
       4.287     0.975000       486345        40.00
       4.343     0.978125       487866        45.71
       4.423     0.981250       489406        53.33
       4.547     0.984375       490966        64.00
       4.631     0.985938       491730        71.11
       4.775     0.987500       492509        80.00
       5.051     0.989062       493285        91.43
       5.615     0.990625       494065       106.67
       6.415     0.992188       494846       128.00
       6.799     0.992969       495231       142.22
       7.175     0.993750       495622       160.00
       7.555     0.994531       496010       182.86
       7.927     0.995313       496405       213.33
       8.239     0.996094       496789       256.00
       8.391     0.996484       496993       284.44
       8.543     0.996875       497188       320.00
       8.679     0.997266       497377       365.71
       8.839     0.997656       497569       426.67
       9.015     0.998047       497767       512.00
       9.103     0.998242       497868       568.89
       9.199     0.998437       497960       640.00
       9.319     0.998633       498064       731.43
       9.423     0.998828       498155       853.33
       9.567     0.999023       498253      1024.00
       9.631     0.999121       498298      1137.78
       9.727     0.999219       498347      1280.00
       9.823     0.999316       498397      1462.86
       9.903     0.999414       498445      1706.67
      10.007     0.999512       498493      2048.00
      10.071     0.999561       498520      2275.56
      10.143     0.999609       498544      2560.00
      10.231     0.999658       498567      2925.71
      10.311     0.999707       498590      3413.33
      10.431     0.999756       498616      4096.00
      10.487     0.999780       498628      4551.11
      10.559     0.999805       498639      5120.00
      10.615     0.999829       498651      5851.43
      10.655     0.999854       498664      6826.67
      10.711     0.999878       498678      8192.00
      10.767     0.999890       498682      9102.22
      10.815     0.999902       498690     10240.00
      10.831     0.999915       498694     11702.86
      10.919     0.999927       498700     13653.33
      11.071     0.999939       498706     16384.00
      11.103     0.999945       498709     18204.44
      11.175     0.999951       498712     20480.00
      11.271     0.999957       498715     23405.71
      11.327     0.999963       498718     27306.67
      11.367     0.999969       498721     32768.00
      11.399     0.999973       498723     36408.89
      11.455     0.999976       498724     40960.00
      11.583     0.999979       498726     46811.43
      11.607     0.999982       498727     54613.33
      11.911     0.999985       498729     65536.00
      11.991     0.999986       498730     72817.78
      11.991     0.999988       498730     81920.00
      11.999     0.999989       498731     93622.86
      12.159     0.999991       498732    109226.67
      12.247     0.999992       498734    131072.00
      12.247     0.999993       498734    145635.56
      12.247     0.999994       498734    163840.00
      12.247     0.999995       498734    187245.71
      12.247     0.999995       498734    218453.33
      12.287     0.999996       498735    262144.00
      12.287     0.999997       498735    291271.11
      12.287     0.999997       498735    327680.00
      12.287     0.999997       498735    374491.43
      12.287     0.999998       498735    436906.67
      12.463     0.999998       498736    524288.00
      12.463     1.000000       498736          inf
#[Mean    =        2.654, StdDeviation   =        0.977]
#[Max     =       12.456, Total count    =       498736]
#[Buckets =           27, SubBuckets     =         2048]
----------------------------------------------------------
  597075 requests in 1.00m, 96.80MB read
Requests/sec:   9950.86
Transfer/sec:      1.61MB
