Running 1m test @ http://erik-pc.local:8080/fruits
  4 threads and 100 connections
  Thread calibration: mean lat.: 2.308ms, rate sampling interval: 10ms
  Thread calibration: mean lat.: 1.929ms, rate sampling interval: 10ms
  Thread calibration: mean lat.: 1.940ms, rate sampling interval: 10ms
  Thread calibration: mean lat.: 1.933ms, rate sampling interval: 10ms
  Thread Stats   Avg      Stdev     Max   +/- Stdev
    Latency     2.06ms  772.65us  10.51ms   72.87%
    Req/Sec     2.64k   471.17     5.55k    80.21%
  Latency Distribution (HdrHistogram - Recorded Latency)
 50.000%    1.99ms
 75.000%    2.49ms
 90.000%    2.98ms
 99.000%    3.70ms
 99.900%    8.52ms
 99.990%    9.73ms
 99.999%   10.20ms
100.000%   10.52ms

  Detailed Percentile spectrum:
       Value   Percentile   TotalCount 1/(1-Percentile)

       0.537     0.000000            1         1.00
       1.193     0.100000        49874         1.11
       1.437     0.200000        99893         1.25
       1.630     0.300000       149634         1.43
       1.810     0.400000       199596         1.67
       1.989     0.500000       249558         2.00
       2.079     0.550000       274729         2.22
       2.173     0.600000       299638         2.50
       2.271     0.650000       324486         2.86
       2.377     0.700000       349532         3.33
       2.495     0.750000       374448         4.00
       2.559     0.775000       386614         4.44
       2.629     0.800000       399000         5.00
       2.707     0.825000       411659         5.71
       2.789     0.850000       424106         6.67
       2.881     0.875000       436587         8.00
       2.929     0.887500       442643         8.89
       2.983     0.900000       449078        10.00
       3.037     0.912500       455185        11.43
       3.097     0.925000       461395        13.33
       3.163     0.937500       467705        16.00
       3.199     0.943750       470764        17.78
       3.237     0.950000       473806        20.00
       3.279     0.956250       476986        22.86
       3.323     0.962500       480047        26.67
       3.375     0.968750       483255        32.00
       3.403     0.971875       484780        35.56
       3.435     0.975000       486355        40.00
       3.471     0.978125       487845        45.71
       3.513     0.981250       489397        53.33
       3.561     0.984375       490948        64.00
       3.591     0.985938       491733        71.11
       3.625     0.987500       492537        80.00
       3.665     0.989062       493312        91.43
       3.717     0.990625       494069       106.67
       3.795     0.992188       494844       128.00
       3.859     0.992969       495236       142.22
       3.975     0.993750       495620       160.00
       4.319     0.994531       496009       182.86
       6.067     0.995313       496399       213.33
       6.791     0.996094       496788       256.00
       7.063     0.996484       496983       284.44
       7.267     0.996875       497179       320.00
       7.467     0.997266       497378       365.71
       7.711     0.997656       497572       426.67
       7.943     0.998047       497766       512.00
       8.039     0.998242       497865       568.89
       8.135     0.998437       497959       640.00
       8.263     0.998633       498057       731.43
       8.399     0.998828       498152       853.33
       8.535     0.999023       498249      1024.00
       8.623     0.999121       498305      1137.78
       8.711     0.999219       498348      1280.00
       8.823     0.999316       498397      1462.86
       8.919     0.999414       498447      1706.67
       9.039     0.999512       498494      2048.00
       9.103     0.999561       498518      2275.56
       9.159     0.999609       498542      2560.00
       9.215     0.999658       498566      2925.71
       9.279     0.999707       498592      3413.33
       9.367     0.999756       498616      4096.00
       9.415     0.999780       498628      4551.11
       9.487     0.999805       498641      5120.00
       9.543     0.999829       498654      5851.43
       9.615     0.999854       498663      6826.67
       9.663     0.999878       498676      8192.00
       9.703     0.999890       498682      9102.22
       9.743     0.999902       498688     10240.00
       9.775     0.999915       498694     11702.86
       9.815     0.999927       498700     13653.33
       9.887     0.999939       498706     16384.00
       9.903     0.999945       498709     18204.44
       9.919     0.999951       498712     20480.00
       9.951     0.999957       498716     23405.71
       9.983     0.999963       498718     27306.67
      10.023     0.999969       498721     32768.00
      10.039     0.999973       498724     36408.89
      10.039     0.999976       498724     40960.00
      10.095     0.999979       498726     46811.43
      10.111     0.999982       498727     54613.33
      10.151     0.999985       498729     65536.00
      10.175     0.999986       498730     72817.78
      10.175     0.999988       498730     81920.00
      10.199     0.999989       498731     93622.86
      10.223     0.999991       498732    109226.67
      10.351     0.999992       498733    131072.00
      10.351     0.999993       498733    145635.56
      10.351     0.999994       498733    163840.00
      10.439     0.999995       498734    187245.71
      10.439     0.999995       498734    218453.33
      10.471     0.999996       498735    262144.00
      10.471     0.999997       498735    291271.11
      10.471     0.999997       498735    327680.00
      10.471     0.999997       498735    374491.43
      10.471     0.999998       498735    436906.67
      10.519     0.999998       498736    524288.00
      10.519     1.000000       498736          inf
#[Mean    =        2.061, StdDeviation   =        0.773]
#[Max     =       10.512, Total count    =       498736]
#[Buckets =           27, SubBuckets     =         2048]
----------------------------------------------------------
  597074 requests in 1.00m, 96.80MB read
Requests/sec:   9950.85
Transfer/sec:      1.61MB
