Running 1m test @ http://erik-pc.local:8080/fruits
  4 threads and 100 connections
  Thread calibration: mean lat.: 12.848ms, rate sampling interval: 59ms
  Thread calibration: mean lat.: 10.504ms, rate sampling interval: 52ms
  Thread calibration: mean lat.: 11.964ms, rate sampling interval: 58ms
  Thread calibration: mean lat.: 11.921ms, rate sampling interval: 57ms
  Thread Stats   Avg      Stdev     Max   +/- Stdev
    Latency    11.70ms   10.95ms  66.75ms   77.58%
    Req/Sec     4.54k     1.48k    7.51k    55.89%
  Latency Distribution (HdrHistogram - Recorded Latency)
 50.000%    7.78ms
 75.000%   20.96ms
 90.000%   28.21ms
 99.000%   36.96ms
 99.900%   43.13ms
 99.990%   49.06ms
 99.999%   60.58ms
100.000%   66.82ms

  Detailed Percentile spectrum:
       Value   Percentile   TotalCount 1/(1-Percentile)

       0.405     0.000000            1         1.00
       1.205     0.100000        89961         1.11
       1.555     0.200000       179756         1.25
       1.970     0.300000       269338         1.43
       2.925     0.400000       359090         1.67
       7.783     0.500000       448806         2.00
      10.551     0.550000       493715         2.22
      13.255     0.600000       538547         2.50
      15.903     0.650000       583394         2.86
      18.479     0.700000       628524         3.33
      20.959     0.750000       673125         4.00
      22.175     0.775000       695757         4.44
      23.391     0.800000       718276         5.00
      24.559     0.825000       740459         5.71
      25.759     0.850000       763063         6.67
      26.975     0.875000       785407         8.00
      27.583     0.887500       796654         8.89
      28.207     0.900000       807786        10.00
      28.911     0.912500       819137        11.43
      29.663     0.925000       830270        13.33
      30.495     0.937500       841574        16.00
      30.927     0.943750       847061        17.78
      31.423     0.950000       852754        20.00
      31.951     0.956250       858372        22.86
      32.543     0.962500       863958        26.67
      33.247     0.968750       869677        32.00
      33.631     0.971875       872437        35.56
      34.047     0.975000       875100        40.00
      34.527     0.978125       877957        45.71
      35.039     0.981250       880666        53.33
      35.647     0.984375       883530        64.00
      35.967     0.985938       884876        71.11
      36.319     0.987500       886292        80.00
      36.703     0.989062       887692        91.43
      37.151     0.990625       889125       106.67
      37.663     0.992188       890538       128.00
      37.951     0.992969       891207       142.22
      38.271     0.993750       891896       160.00
      38.687     0.994531       892618       182.86
      39.135     0.995313       893310       213.33
      39.647     0.996094       894006       256.00
      39.935     0.996484       894353       284.44
      40.255     0.996875       894714       320.00
      40.575     0.997266       895049       365.71
      40.991     0.997656       895391       426.67
      41.471     0.998047       895742       512.00
      41.759     0.998242       895927       568.89
      42.047     0.998437       896102       640.00
      42.335     0.998633       896274       731.43
      42.751     0.998828       896452       853.33
      43.199     0.999023       896628      1024.00
      43.487     0.999121       896711      1137.78
      43.775     0.999219       896801      1280.00
      44.095     0.999316       896883      1462.86
      44.479     0.999414       896971      1706.67
      44.927     0.999512       897057      2048.00
      45.215     0.999561       897102      2275.56
      45.503     0.999609       897147      2560.00
      45.919     0.999658       897189      2925.71
      46.303     0.999707       897232      3413.33
      46.783     0.999756       897274      4096.00
      46.975     0.999780       897296      4551.11
      47.231     0.999805       897319      5120.00
      47.551     0.999829       897342      5851.43
      47.967     0.999854       897362      6826.67
      48.479     0.999878       897384      8192.00
      48.735     0.999890       897395      9102.22
      49.215     0.999902       897406     10240.00
      49.759     0.999915       897417     11702.86
      50.687     0.999927       897428     13653.33
      51.391     0.999939       897439     16384.00
      51.711     0.999945       897444     18204.44
      51.999     0.999951       897450     20480.00
      53.375     0.999957       897455     23405.71
      54.335     0.999963       897461     27306.67
      55.583     0.999969       897466     32768.00
      56.127     0.999973       897469     36408.89
      56.479     0.999976       897472     40960.00
      56.895     0.999979       897474     46811.43
      57.695     0.999982       897477     54613.33
      58.207     0.999985       897480     65536.00
      59.167     0.999986       897481     72817.78
      60.383     0.999988       897483     81920.00
      60.575     0.999989       897484     93622.86
      60.799     0.999991       897485    109226.67
      62.431     0.999992       897487    131072.00
      62.431     0.999993       897487    145635.56
      63.103     0.999994       897488    163840.00
      63.967     0.999995       897489    187245.71
      63.967     0.999995       897489    218453.33
      64.127     0.999996       897490    262144.00
      64.127     0.999997       897490    291271.11
      64.319     0.999997       897491    327680.00
      64.319     0.999997       897491    374491.43
      64.319     0.999998       897491    436906.67
      66.111     0.999998       897492    524288.00
      66.111     0.999998       897492    582542.22
      66.111     0.999998       897492    655360.00
      66.111     0.999999       897492    748982.86
      66.111     0.999999       897492    873813.33
      66.815     0.999999       897493   1048576.00
      66.815     1.000000       897493          inf
#[Mean    =       11.696, StdDeviation   =       10.953]
#[Max     =       66.752, Total count    =       897493]
#[Buckets =           27, SubBuckets     =         2048]
----------------------------------------------------------
  1078688 requests in 1.00m, 174.88MB read
Requests/sec:  17978.20
Transfer/sec:      2.91MB
