   7572 1001      20   0 1298860 322900  42900 S  86.7   2.0  15:32.74 application
   7572 1001      20   0 1298860 323428  42900 S 373.3   2.0  15:36.51 application
   7572 1001      20   0 1298860 323428  42900 S 384.0   2.0  15:40.35 application
   7572 1001      20   0 1298860 323428  42900 S 384.0   2.0  15:44.19 application
   7572 1001      20   0 1298860 323428  42900 S 384.0   2.0  15:48.03 application
   7572 1001      20   0 1298860 323428  42900 S 392.0   2.0  15:51.95 application
   7572 1001      20   0 1298860 323428  42900 S 382.0   2.0  15:55.77 application
   7572 1001      20   0 1298860 323428  42900 S 370.0   2.0  15:59.47 application
   7572 1001      20   0 1299884 323428  42900 S 369.3   2.0  16:03.20 application
   7572 1001      20   0 1299884 323428  42900 S 376.0   2.0  16:06.96 application
   7572 1001      20   0 1299884 323428  42900 S 388.0   2.0  16:10.84 application
   7572 1001      20   0 1299884 323692  42900 S 386.0   2.0  16:14.70 application
   7572 1001      20   0 1299884 323692  42900 S 393.0   2.0  16:18.63 application
   7572 1001      20   0 1299884 323692  42900 S 381.0   2.0  16:22.44 application
   7572 1001      20   0 1299884 323956  42900 S 384.0   2.0  16:26.28 application
   7572 1001      20   0 1299884 324220  42900 S 385.1   2.0  16:30.17 application
   7572 1001      20   0 1299884 324220  42900 S 383.0   2.0  16:34.00 application
   7572 1001      20   0 1299884 324220  42900 S 385.0   2.0  16:37.85 application
   7572 1001      20   0 1299884 324220  42900 S 381.0   2.0  16:41.66 application
   7572 1001      20   0 1299884 324220  42900 S 382.0   2.0  16:45.48 application
   7572 1001      20   0 1299884 324484  42900 S 390.0   2.0  16:49.38 application
   7572 1001      20   0 1299884 324484  42900 S 390.0   2.0  16:53.28 application
   7572 1001      20   0 1299884 324484  42900 S 390.0   2.0  16:57.18 application
   7572 1001      20   0 1299884 324484  42900 S 382.2   2.0  17:01.04 application
   7572 1001      20   0 1299884 324484  42900 S 389.0   2.0  17:04.93 application
   7572 1001      20   0 1299884 324484  42900 S 381.0   2.0  17:08.74 application
   7572 1001      20   0 1299884 324484  42900 S 380.0   2.0  17:12.54 application
   7572 1001      20   0 1299884 324484  42900 S 391.0   2.0  17:16.45 application
   7572 1001      20   0 1299884 324484  42900 S 386.0   2.0  17:20.31 application
   7572 1001      20   0 1299884 324484  42900 S 383.0   2.0  17:24.14 application
   7572 1001      20   0 1299884 324484  42900 S 383.0   2.0  17:27.97 application
   7572 1001      20   0 1299884 324484  42900 S 377.2   2.0  17:31.78 application
   7572 1001      20   0 1299884 324484  42900 S 385.0   2.0  17:35.63 application
   7572 1001      20   0 1299884 324484  42900 S 393.0   2.0  17:39.56 application
   7572 1001      20   0 1300908 324484  42900 S 384.0   2.0  17:43.40 application
   7572 1001      20   0 1300908 324484  42900 S 392.0   2.0  17:47.32 application
   7572 1001      20   0 1300908 324484  42900 S 394.0   2.0  17:51.26 application
   7572 1001      20   0 1300908 324484  42900 S 388.0   2.0  17:55.14 application
   7572 1001      20   0 1300908 324748  42900 S 379.0   2.0  17:58.93 application
   7572 1001      20   0 1300908 324748  42900 S 383.0   2.0  18:02.76 application
   7572 1001      20   0 1300908 324748  42900 S 374.3   2.0  18:06.54 application
   7572 1001      20   0 1300908 325012  42900 S 380.0   2.0  18:10.34 application
   7572 1001      20   0 1300908 325012  42900 S 382.0   2.0  18:14.16 application
   7572 1001      20   0 1300908 325012  42900 S 382.0   2.0  18:17.98 application
   7572 1001      20   0 1300908 325276  42900 S 392.0   2.0  18:21.90 application
   7572 1001      20   0 1300908 325276  42900 S 381.0   2.0  18:25.71 application
   7572 1001      20   0 1300908 325276  42900 S 384.0   2.0  18:29.55 application
   7572 1001      20   0 1300908 325276  42900 S 381.2   2.0  18:33.40 application
   7572 1001      20   0 1300908 325276  42900 S 387.0   2.0  18:37.27 application
   7572 1001      20   0 1300