   8350 1001      20   0 5830420 433384  47984 S 140.0   2.7  22:00.97 application
   8350 1001      20   0 5831444 434440  47984 S 405.0   2.7  22:05.02 application
   8350 1001      20   0 5831444 434964  47984 S 397.0   2.7  22:09.03 application
   8350 1001      20   0 5832468 435484  47984 S 399.0   2.7  22:13.02 application
   8350 1001      20   0 5832468 435748  47984 S 401.0   2.7  22:17.03 application
   8350 1001      20   0 5832468 436012  47984 S 400.0   2.7  22:21.03 application
   8350 1001      20   0 5833492 436540  47984 S 399.0   2.7  22:25.02 application
   8350 1001      20   0 5834516 438124  47984 S 401.0   2.7  22:29.03 application
   8350 1001      20   0 5834516 438124  47984 S 400.0   2.7  22:33.03 application
   8350 1001      20   0 5834516 438124  47984 S 400.0   2.7  22:37.03 application
   8350 1001      20   0 5834516 438124  47984 S 396.0   2.7  22:41.03 application
   8350 1001      20   0 5835540 438124  47984 S 401.0   2.7  22:45.04 application
   8350 1001      20   0 5836564 439444  47984 S 401.0   2.7  22:49.05 application
   8350 1001      20   0 5836564 439708  47984 S 401.0   2.7  22:53.06 application
   8350 1001      20   0 5836564 440236  47984 S 402.0   2.7  22:57.08 application
   8350 1001      20   0 5836564 440236  47984 S 401.0   2.7  23:01.09 application
   8350 1001      20   0 5836564 440236  47984 S 399.0   2.7  23:05.08 application
   8350 1001      20   0 5837588 440500  47984 S 401.0   2.7  23:09.09 application
   8350 1001      20   0 5837588 441028  47984 S 403.0   2.7  23:13.12 application
   8350 1001      20   0 5838612 441556  47984 S 398.0   2.7  23:17.10 application
   8350 1001      20   0 5838612 441820  47984 S 395.0   2.7  23:21.09 application
   8350 1001      20   0 5830416 442476  47984 S 401.0   2.7  23:25.10 application
   8350 1001      20   0 5823244 443284  47984 S 400.0   2.7  23:29.10 application
   8350 1001      20   0 5823244 443548  47984 S 402.0   2.7  23:33.12 application
   8350 1001      20   0 5823244 444076  47984 S 401.0   2.7  23:37.13 application
   8350 1001      20   0 5823244 444076  47984 S 400.0   2.7  23:41.13 application
   8350 1001      20   0 5824268 444076  47984 S 407.0   2.7  23:45.20 application
   8350 1001      20   0 5824268 444868  47984 S 397.0   2.7  23:49.17 application
   8350 1001      20   0 5824268 445132  47984 S 397.0   2.7  23:53.14 application
   8350 1001      20   0 5825292 445392  47984 S 406.0   2.7  23:57.20 application
   8350 1001      20   0 5825292 445392  47984 S 394.1   2.7  24:01.18 application
   8350 1001      20   0 5825292 445920  47984 S 404.0   2.7  24:05.22 application
   8350 1001      20   0 5826316 446184  47984 S 402.0   2.7  24:09.24 application
   8350 1001      20   0 5826316 446448  47984 S 401.0   2.7  24:13.25 application
   8350 1001      20   0 5826316 446976  47984 S 406.0   2.7  24:17.31 application
   8350 1001      20   0 5827340 447388  47984 S 399.0   2.7  24:21.30 application
   8350 1001      20   0 5827340 447652  47984 S 397.0   2.7  24:25.27 application
   8350 1001      20   0 5827340 448180  47984 S 401.0   2.7  24:29.28 application
   8350 1001      20   0 5828364 448704  47984 S 397.0   2.8  24:33.25 application
   8350 1001      20   0 5828364 449232  47984 S 405.0   2.8  24:37.30 application
   8350 1001      20   0 5828364 449496  47984 S 393.1   2.8  24:41.27 application
   8350 1001      20   0 5829388 449760  47984 S 404.0   2.8  24:45.31 application
   8350 1001      20   0 5829388 450288  47984 S 398.0   2.8  24:49.29 application
   8350 1001      20   0 5829388 450816  47984 S 402.0   2.8  24:53.31 application
   8350 1001      20   0 5829388 451344  47984 S 398.0   2.8  24:57.29 application
   8350 1001      20   0 5830412 451344  47984 S 403.0   2.8  25:01.32 application
   8350 1001      20   0 5830412 451344  47984 S 401.0   2.8  25:05.33 application
   8350 1001      20   0 5781236 452544  47984 S 401.0   2.8  25:09.34 application
   8350 1001      20   0 5782260 453216  47984 S 400.0   2.8  25:13.34 application
   8350 1001      20   0 5782