   8350 1001      20   0 3518100 349000  47860 S  66.7   2.1   6:30.59 application
   8350 1001      20   0 3518100 349528  47860 S 265.3   2.1   6:33.27 application
   8350 1001      20   0 3519124 349788  47860 S 354.0   2.1   6:36.81 application
   8350 1001      20   0 3519124 349788  47860 S 352.0   2.1   6:40.33 application
   8350 1001      20   0 3519124 350048  47860 S 352.0   2.1   6:43.85 application
   8350 1001      20   0 3519124 350048  47860 S 352.0   2.1   6:47.37 application
   8350 1001      20   0 3519124 350048  47860 S 356.0   2.1   6:50.93 application
   8350 1001      20   0 3520148 350312  47860 S 353.0   2.1   6:54.46 application
   8350 1001      20   0 3520148 350312  47860 S 350.0   2.1   6:57.96 application
   8350 1001      20   0 3520148 350312  47860 S 356.0   2.1   7:01.52 application
   8350 1001      20   0 3520148 350576  47860 S 352.0   2.1   7:05.04 application
   8350 1001      20   0 3520148 351104  47860 S 350.5   2.2   7:08.58 application
   8350 1001      20   0 3520148 351368  47860 S 353.0   2.2   7:12.11 application
   8350 1001      20   0 3520148 351368  47860 S 351.0   2.2   7:15.62 application
   8350 1001      20   0 3521172 351632  47860 S 350.0   2.2   7:19.12 application
   8350 1001      20   0 3521172 351896  47860 S 354.0   2.2   7:22.66 application
   8350 1001      20   0 3521172 351896  47860 S 353.0   2.2   7:26.19 application
   8350 1001      20   0 3521172 352160  47860 S 355.0   2.2   7:29.74 application
   8350 1001      20   0 3521172 352160  47860 S 354.0   2.2   7:33.28 application
   8350 1001      20   0 3521172 352424  47860 S 353.0   2.2   7:36.81 application
   8350 1001      20   0 3522196 352688  47860 S 354.0   2.2   7:40.35 application
   8350 1001      20   0 3522196 352688  47860 S 348.5   2.2   7:43.87 application
   8350 1001      20   0 3522196 352952  47860 S 352.0   2.2   7:47.39 application
   8350 1001      20   0 3522196 353740  47860 S 351.0   2.2   7:50.90 application
   8350 1001      20   0 3522196 353740  47860 S 351.0   2.2   7:54.41 application
   8350 1001      20   0 3522196 354004  47860 S 355.0   2.2   7:57.96 application
   8350 1001      20   0 3523220 354268  47860 S 352.0   2.2   8:01.48 application
   8350 1001      20   0 3523220 354532  47860 S 352.0   2.2   8:05.00 application
   8350 1001      20   0 3523220 354796  47860 S 353.0   2.2   8:08.53 application
   8350 1001      20   0 3523220 355324  47860 S 353.0   2.2   8:12.06 application
   8350 1001      20   0 3524244 355852  47860 S 355.0   2.2   8:15.61 application
   8350 1001      20   0 3524244 356644  47860 S 349.5   2.2   8:19.14 application
   8350 1001      20   0 3524244 356644  47860 S 355.0   2.2   8:22.69 application
   8350 1001      20   0 3524244 356644  47860 S 352.0   2.2   8:26.21 application
   8350 1001      20   0 3524244 356644  47860 S 351.0   2.2   8:29.72 application
   8350 1001      20   0 3524244 356644  47860 S 352.0   2.2   8:33.24 application
   8350 1001      20   0 3524244 356908  47860 S 351.0   2.2   8:36.75 application
   8350 1001      20   0 3525268 356908  47860 S 354.0   2.2   8:40.29 application
   8350 1001      20   0 3525268 357172  47860 S 353.0   2.2   8:43.82 application
   8350 1001      20   0 3525268 357436  47860 S 353.0   2.2   8:47.35 application
   8350 1001      20   0 3525268 357436  47860 S 351.0   2.2   8:50.86 application
   8350 1001      20   0 3525268 357436  47860 S 347.5   2.2   8:54.37 application
   8350 1001      20   0 3525268 357436  47860 S 358.0   2.2   8:57.95 application
   8350 1001      20   0 3526292 357436  47860 S 354.0   2.2   9:01.49 application
   8350 1001      20   0 3526292 357700  47860 S 353.0   2.2   9:05.02 application
   8350 1001      20   0 3526292 358224  47860 S 353.0   2.2   9:08.55 application
   8350 1001      20   0 3526292 358488  47860 S 355.0   2.2   9:12.10 application
   8350 1001      20   0 3526292 358868  47984 S 355.0   2.2   9:15.65 application
   8350 1001      20   0 3526292 359132  47984 S 355.0   2.2   9:19.20 application
   8350 1001      20   0 3526