   8350 1001      20   0 5817112 412672  47984 S   0.0   2.5  18:00.89 application
   8350 1001      20   0 5818136 413464  47984 S 385.0   2.5  18:04.74 application
   8350 1001      20   0 5818136 413724  47984 S 399.0   2.5  18:08.73 application
   8350 1001      20   0 5819160 414248  47984 S 401.0   2.5  18:12.74 application
   8350 1001      20   0 5819160 414248  47984 S 400.0   2.5  18:16.74 application
   8350 1001      20   0 5819160 414512  47984 S 400.0   2.5  18:20.74 application
   8350 1001      20   0 5820184 415036  47984 S 396.0   2.5  18:24.74 application
   8350 1001      20   0 5820184 415036  47984 S 401.0   2.5  18:28.75 application
   8350 1001      20   0 5820184 415564  47984 S 401.0   2.5  18:32.76 application
   8350 1001      20   0 5821208 416088  47984 S 400.0   2.6  18:36.76 application
   8350 1001      20   0 5821208 416872  47984 S 402.0   2.6  18:40.78 application
   8350 1001      20   0 5813012 417352  47984 S 402.0   2.6  18:44.80 application
   8350 1001      20   0 5814036 417588  47984 S 398.0   2.6  18:48.78 application
   8350 1001      20   0 5814036 417852  47984 S 402.0   2.6  18:52.80 application
   8350 1001      20   0 5814036 418116  47984 S 401.0   2.6  18:56.81 application
   8350 1001      20   0 5814036 418116  47984 S 400.0   2.6  19:00.81 application
   8350 1001      20   0 5815060 418640  47984 S 399.0   2.6  19:04.84 application
   8350 1001      20   0 5815060 418904  47984 S 400.0   2.6  19:08.84 application
   8350 1001      20   0 5815060 419168  47984 S 403.0   2.6  19:12.87 application
   8350 1001      20   0 5816084 419432  47984 S 398.0   2.6  19:16.85 application
   8350 1001      20   0 5816084 419432  47984 S 405.0   2.6  19:20.90 application
   8350 1001      20   0 5816084 419432  47984 S 400.0   2.6  19:24.90 application
   8350 1001      20   0 5816084 419696  47984 S 403.0   2.6  19:28.93 application
   8350 1001      20   0 5817108 420220  47984 S 393.0   2.6  19:32.86 application
   8350 1001      20   0 5817108 420220  47984 S 405.0   2.6  19:36.91 application
   8350 1001      20   0 5818132 420484  47984 S 399.0   2.6  19:40.90 application
   8350 1001      20   0 5818132 421008  47984 S 397.0   2.6  19:44.91 application
   8350 1001      20   0 5818132 421536  47984 S 399.0   2.6  19:48.90 application
   8350 1001      20   0 5819156 422064  47984 S 403.0   2.6  19:52.93 application
   8350 1001      20   0 5819156 422328  47984 S 398.0   2.6  19:56.91 application
   8350 1001      20   0 5819156 423120  47984 S 408.0   2.6  20:00.99 application
   8350 1001      20   0 5820180 423644  47984 S 393.0   2.6  20:04.92 application
   8350 1001      20   0 5820180 423644  47984 S 406.0   2.6  20:08.98 application
   8350 1001      20   0 5820180 424172  47984 S 398.0   2.6  20:12.96 application
   8350 1001      20   0 5821204 424700  47984 S 401.0   2.6  20:16.97 application
   8350 1001      20   0 5821204 424700  47984 S 400.0   2.6  20:20.97 application
   8350 1001      20   0 5821204 425228  47984 S 396.0   2.6  20:24.97 application
   8350 1001      20   0 5822228 425492  47984 S 406.0   2.6  20:29.03 application
   8350 1001      20   0 5822228 426020  47984 S 398.0   2.6  20:33.01 application
   8350 1001      20   0 5822228 426544  47984 S 404.0   2.6  20:37.05 application
   8350 1001      20   0 5823252 427072  47984 S 399.0   2.6  20:41.04 application
   8350 1001      20   0 5823252 427072  47984 S 405.0   2.6  20:45.09 application
   8350 1001      20   0 5823252 427596  47984 S 398.0   2.6  20:49.07 application
   8350 1001      20   0 5824276 427860  47984 S 401.0   2.6  20:53.08 application
   8350 1001      20   0 5824276 427860  47984 S 405.0   2.6  20:57.13 application
   8350 1001      20   0 5824276 428648  47984 S 397.0   2.6  21:01.10 application
   8350 1001      20   0 5825300 428648  47984 S 397.0   2.6  21:05.11 application
   8350 1001      20   0 5825300 428912  47984 S 397.0   2.6  21:09.08 application
   8350 1001      20   0 5826324 429432  47984 S 397.0   2.6  21:13.05 application
   8350 1001      20   0 5826