   8350 1001      20   0 7067420 542936  47984 S 173.3   3.3  38:00.61 application
   8350 1001      20   0 7059224 543768  47984 S 398.0   3.3  38:04.63 application
   8350 1001      20   0 7060248 543940  47984 S 400.0   3.3  38:08.63 application
   8350 1001      20   0 7060248 544468  47984 S 401.0   3.3  38:12.64 application
   8350 1001      20   0 7061272 545276  47984 S 400.0   3.3  38:16.64 application
   8350 1001      20   0 7143232 545800  47984 S 401.0   3.3  38:20.65 application
   8350 1001      20   0 7147328 550104  47984 S 404.0   3.4  38:24.69 application
   8350 1001      20   0 7148352 550104  47984 S 398.0   3.4  38:28.67 application
   8350 1001      20   0 7148352 550632  47984 S 400.0   3.4  38:32.67 application
   8350 1001      20   0 7149376 551152  47984 S 400.0   3.4  38:36.67 application
   8350 1001      20   0 7149376 551416  47984 S 404.0   3.4  38:40.71 application
   8350 1001      20   0 7149376 551416  47984 S 397.0   3.4  38:44.72 application
   8350 1001      20   0 7150400 552204  47984 S 398.0   3.4  38:48.70 application
   8350 1001      20   0 7150400 552728  47984 S 404.0   3.4  38:52.74 application
   8350 1001      20   0 7151424 553256  47984 S 402.0   3.4  38:56.76 application
   8350 1001      20   0 7151424 553516  47984 S 398.0   3.4  39:00.74 application
   8350 1001      20   0 7184208 553776  47984 S 404.0   3.4  39:04.78 application
   8350 1001      20   0 7186256 555360  47984 S 395.0   3.4  39:08.73 application
   8350 1001      20   0 7186256 555884  47984 S 409.0   3.4  39:12.82 application
   8350 1001      20   0 7187280 555884  47984 S 401.0   3.4  39:16.83 application
   8350 1001      20   0 7187280 556408  47984 S 395.0   3.4  39:20.78 application
   8350 1001      20   0 7188304 556672  47984 S 403.0   3.4  39:24.85 application
   8350 1001      20   0 7188304 556936  47984 S 400.0   3.4  39:28.85 application
   8350 1001      20   0 7188304 557464  47984 S 399.0   3.4  39:32.84 application
   8350 1001      20   0 7189328 557992  47984 S 403.0   3.4  39:36.87 application
   8350 1001      20   0 7189328 558256  47984 S 402.0   3.4  39:40.89 application
   8350 1001      20   0 7190352 559044  47984 S 401.0   3.4  39:44.90 application
   8350 1001      20   0 7190352 559308  47984 S 403.0   3.4  39:48.93 application
   8350 1001      20   0 7191376 559836  47984 S 391.0   3.4  39:52.84 application
   8350 1001      20   0 7191376 559836  47984 S 401.0   3.4  39:56.85 application
   8350 1001      20   0 7192400 560364  47984 S 413.0   3.4  40:00.98 application
   8350 1001      20   0 7192400 560892  47984 S 388.1   3.4  40:04.90 application
   8350 1001      20   0 7192400 561420  47984 S 411.0   3.4  40:09.01 application
   8350 1001      20   0 7193424 561420  47984 S 399.0   3.4  40:13.00 application
   8350 1001      20   0 7193424 561684  47984 S 400.0   3.4  40:17.00 application
   8350 1001      20   0 7193424 562208  47984 S 394.0   3.4  40:20.94 application
   8350 1001      20   0 7194448 562208  47984 S 406.0   3.4  40:25.00 application
   8350 1001      20   0 7194448 562736  47984 S 389.0   3.5  40:28.89 application
   8350 1001      20   0 7195472 562996  47984 S 409.0   3.5  40:32.98 application
   8350 1001      20   0 7195472 563788  47984 S 393.0   3.5  40:36.91 application
   8350 1001      20   0 7195472 564316  47984 S 410.0   3.5  40:41.01 application
   8350 1001      20   0 7196496 564836  47984 S 392.1   3.5  40:44.97 application
   8350 1001      20   0 7196496 565100  47984 S 403.0   3.5  40:49.00 application
   8350 1001      20   0 7197520 565892  47984 S 394.0   3.5  40:52.94 application
   8350 1001      20   0 7197520 565892  47984 S 406.0   3.5  40:57.00 application
   8350 1001      20   0 7197520 566420  47984 S 400.0   3.5  41:01.00 application
   8350 1001      20   0 7173956 567680  47984 S 400.0   3.5  41:05.00 application
   8350 1001      20   0 7165760 568048  47984 S 400.0   3.5  41:09.00 application
   8350 1001      20   0 7167808 569732  47984 S 400.0   3.5  41:13.00 application
   8350 1001      20   0 7167