   8350 1001      20   0 3528340 360452  47984 S   0.0   2.2  10:01.07 application
   8350 1001      20   0 3537560 361508  47984 S 392.0   2.2  10:04.99 application
   8350 1001      20   0 3629732 363620  47984 S 400.0   2.2  10:08.99 application
   8350 1001      20   0 3778220 363884  47984 S 400.0   2.2  10:12.99 application
   8350 1001      20   0 3779244 364676  47984 S 400.0   2.2  10:16.99 application
   8350 1001      20   0 3779244 365464  47984 S 396.0   2.2  10:20.99 application
   8350 1001      20   0 3927732 366252  47984 S 399.0   2.2  10:24.98 application
   8350 1001      20   0 4076220 367308  47984 S 401.0   2.3  10:28.99 application
   8350 1001      20   0 4224708 368100  47984 S 400.0   2.3  10:32.99 application
   8350 1001      20   0 4446928 369420  47984 S 400.0   2.3  10:36.99 application
   8350 1001      20   0 4446928 369684  47984 S 400.0   2.3  10:40.99 application
   8350 1001      20   0 4446928 369948  47984 S 400.0   2.3  10:44.99 application
   8350 1001      20   0 4447952 369948  47984 S 400.0   2.3  10:48.99 application
   8350 1001      20   0 4447952 370208  47984 S 396.0   2.3  10:52.99 application
   8350 1001      20   0 4447952 370468  47984 S 400.0   2.3  10:56.99 application
   8350 1001      20   0 4448976 370996  47984 S 399.0   2.3  11:00.98 application
   8350 1001      20   0 4743904 371524  47984 S 401.0   2.3  11:04.99 application
   8350 1001      20   0 4744928 372844  47984 S 400.0   2.3  11:08.99 application
   8350 1001      20   0 4745952 373108  47984 S 400.0   2.3  11:12.99 application
   8350 1001      20   0 4819684 373900  47984 S 400.0   2.3  11:16.99 application
   8350 1001      20   0 4820708 374164  47984 S 400.0   2.3  11:20.99 application
   8350 1001      20   0 4820708 374164  47984 S 396.0   2.3  11:24.99 application
   8350 1001      20   0 4820708 374688  47984 S 400.0   2.3  11:28.99 application
   8350 1001      20   0 4821732 374948  47984 S 400.0   2.3  11:32.99 application
   8350 1001      20   0 4821732 375208  47984 S 400.0   2.3  11:36.99 application
   8350 1001      20   0 4821732 375472  47984 S 400.0   2.3  11:40.99 application
   8350 1001      20   0 4821732 375472  47984 S 400.0   2.3  11:44.99 application
   8350 1001      20   0 4822756 375736  47984 S 400.0   2.3  11:48.99 application
   8350 1001      20   0 4822756 376000  47984 S 396.0   2.3  11:52.99 application
   8350 1001      20   0 4822756 376264  47984 S 401.0   2.3  11:57.00 application
   8350 1001      20   0 4823780 376792  47984 S 401.0   2.3  12:01.01 application
   8350 1001      20   0 5195512 378904  47984 S 399.0   2.3  12:05.00 application
   8350 1001      20   0 5194488 378904  47984 S 403.0   2.3  12:09.03 application
   8350 1001      20   0 5194488 379428  47984 S 401.0   2.3  12:13.04 application
   8350 1001      20   0 5195512 379692  47984 S 401.0   2.3  12:17.05 application
   8350 1001      20   0 5195512 379952  47984 S 401.0   2.3  12:21.06 application
   8350 1001      20   0 5195512 380216  47984 S 400.0   2.3  12:25.06 application
   8350 1001      20   0 5195512 380216  47984 S 402.0   2.3  12:29.08 application
   8350 1001      20   0 5196536 380480  47984 S 401.0   2.3  12:33.09 application
   8350 1001      20   0 5196536 380480  47984 S 394.1   2.3  12:37.07 application
   8350 1001      20   0 5197560 381272  47984 S 401.0   2.3  12:41.08 application
   8350 1001      20   0 5197560 381796  47984 S 403.0   2.3  12:45.11 application
   8350 1001      20   0 5197560 382060  47984 S 401.0   2.3  12:49.12 application
   8350 1001      20   0 5197560 382060  47984 S 401.0   2.3  12:53.13 application
   8350 1001      20   0 5198584 382848  47984 S 399.0   2.3  12:57.12 application
   8350 1001      20   0 5198584 383112  47984 S 404.0   2.3  13:01.16 application
   8350 1001      20   0 5198584 383376  47984 S 402.0   2.4  13:05.18 application
   8350 1001      20   0 5199608 383904  47984 S 398.0   2.4  13:09.16 application
   8350 1001      20   0 5199608 383904  47984 S 397.0   2.4  13:13.13 application
   8350 1001      20   0 5199