   7572 1001      20   0 1318316 342700  42900 S   0.0   2.1  35:22.27 application
   7572 1001      20   0 1319340 343492  42900 S 383.0   2.1  35:26.10 application
   7572 1001      20   0 1319340 343756  42900 S 401.0   2.1  35:30.11 application
   7572 1001      20   0 1319340 343756  42900 S 400.0   2.1  35:34.11 application
   7572 1001      20   0 1319340 344020  42900 S 399.0   2.1  35:38.10 application
   7572 1001      20   0 1319340 344020  42900 S 400.0   2.1  35:42.10 application
   7572 1001      20   0 1319340 344020  42900 S 400.0   2.1  35:46.10 application
   7572 1001      20   0 1319340 344020  42900 S 400.0   2.1  35:50.10 application
   7572 1001      20   0 1319340 344020  42900 S 395.0   2.1  35:54.09 application
   7572 1001      20   0 1319340 344020  42900 S 402.0   2.1  35:58.11 application
   7572 1001      20   0 1320364 344020  42900 S 401.0   2.1  36:02.12 application
   7572 1001      20   0 1320364 344020  42900 S 401.0   2.1  36:06.13 application
   7572 1001      20   0 1320364 344284  42900 S 401.0   2.1  36:10.14 application
   7572 1001      20   0 1320364 344284  42900 S 401.0   2.1  36:14.15 application
   7572 1001      20   0 1320364 344284  42900 S 401.0   2.1  36:18.16 application
   7572 1001      20   0 1320364 344548  42900 S 401.0   2.1  36:22.17 application
   7572 1001      20   0 1320364 344548  42900 S 396.0   2.1  36:26.17 application
   7572 1001      20   0 1320364 344548  42900 S 402.0   2.1  36:30.19 application
   7572 1001      20   0 1320364 344548  42900 S 398.0   2.1  36:34.17 application
   7572 1001      20   0 1320364 344812  42900 S 403.0   2.1  36:38.20 application
   7572 1001      20   0 1320364 345076  42900 S 402.0   2.1  36:42.22 application
   7572 1001      20   0 1320364 345340  42900 S 401.0   2.1  36:46.23 application
   7572 1001      20   0 1320364 345340  42900 S 401.0   2.1  36:50.24 application
   7572 1001      20   0 1321388 345340  42900 S 401.0   2.1  36:54.25 application
   7572 1001      20   0 1321388 345340  42900 S 397.0   2.1  36:58.26 application
   7572 1001      20   0 1321388 345340  42900 S 401.0   2.1  37:02.27 application
   7572 1001      20   0 1321388 345340  42900 S 399.0   2.1  37:06.26 application
   7572 1001      20   0 1321388 345340  42900 S 400.0   2.1  37:10.26 application
   7572 1001      20   0 1321388 345340  42900 S 401.0   2.1  37:14.27 application
   7572 1001      20   0 1321388 345604  42900 S 403.0   2.1  37:18.30 application
   7572 1001      20   0 1321388 345868  42900 S 399.0   2.1  37:22.29 application
   7572 1001      20   0 1321388 345868  42900 S 403.0   2.1  37:26.32 application
   7572 1001      20   0 1321388 345868  42900 S 396.0   2.1  37:30.32 application
   7572 1001      20   0 1321388 345868  42900 S 401.0   2.1  37:34.33 application
   7572 1001      20   0 1321388 345868  42900 S 402.0   2.1  37:38.35 application
   7572 1001      20   0 1321388 345868  42900 S 397.0   2.1  37:42.32 application
   7572 1001      20   0 1322412 346132  42900 S 400.0   2.1  37:46.32 application
   7572 1001      20   0 1322412 346132  42900 S 404.0   2.1  37:50.36 application
   7572 1001      20   0 1322412 346396  42900 S 400.0   2.1  37:54.36 application
   7572 1001      20   0 1322412 346396  42900 S 400.0   2.1  37:58.36 application
   7572 1001      20   0 1322412 346660  42900 S 400.0   2.1  38:02.36 application
   7572 1001      20   0 1322412 346660  42900 S 395.0   2.1  38:06.35 application
   7572 1001      20   0 1322412 346660  42900 S 405.0   2.1  38:10.40 application
   7572 1001      20   0 1322412 346924  42900 S 401.0   2.1  38:14.41 application
   7572 1001      20   0 1322412 346924  42900 S 401.0   2.1  38:18.42 application
   7572 1001      20   0 1322412 347188  42900 S 400.0   2.1  38:22.42 application
   7572 1001      20   0 1322412 347188  42900 S 397.0   2.1  38:26.39 application
   7572 1001      20   0 1322412 347452  42900 S 404.0   2.1  38:30.43 application
   7572 1001      20   0 1323436 347452  42900 S 402.0   2.1  38:34.45 application
   7572 1001      20   0 1323