  18949 1001      20   0 5720820 455100  47228 S   0.0   2.8  25:16.29 application
  18949 1001      20   0 5721844 456156  47228 S 379.0   2.8  25:20.08 application
  18949 1001      20   0 5721844 456684  47228 S 399.0   2.8  25:24.07 application
  18949 1001      20   0 5721844 456684  47228 S 401.0   2.8  25:28.08 application
  18949 1001      20   0 5722868 457208  47228 S 400.0   2.8  25:32.08 application
  18949 1001      20   0 5722868 457472  47228 S 400.0   2.8  25:36.08 application
  18949 1001      20   0 5722868 457996  47228 S 399.0   2.8  25:40.07 application
  18949 1001      20   0 5723892 458324  47228 S 400.0   2.8  25:44.07 application
  18949 1001      20   0 5723892 458848  47228 S 397.0   2.8  25:48.08 application
  18949 1001      20   0 5723892 459636  47228 S 401.0   2.8  25:52.09 application
  18949 1001      20   0 5724916 459636  47228 S 401.0   2.8  25:56.10 application
  18949 1001      20   0 5724916 460164  47228 S 400.0   2.8  26:00.10 application
  18949 1001      20   0 5785360 462804  47228 S 400.0   2.8  26:04.10 application
  18949 1001      20   0 5785360 462804  47228 S 403.0   2.8  26:08.13 application
  18949 1001      20   0 5786384 463596  47228 S 401.0   2.8  26:12.14 application
  18949 1001      20   0 5786384 463860  47228 S 401.0   2.8  26:16.15 application
  18949 1001      20   0 5786384 464388  47228 S 401.0   2.8  26:20.16 application
  18949 1001      20   0 5786384 464388  47228 S 402.0   2.8  26:24.18 application
  18949 1001      20   0 5787408 464912  47228 S 396.0   2.9  26:28.18 application
  18949 1001      20   0 5787408 465700  47228 S 403.0   2.9  26:32.21 application
  18949 1001      20   0 5788432 465700  47228 S 396.0   2.9  26:36.17 application
  18949 1001      20   0 5870360 466228  47228 S 403.0   2.9  26:40.20 application
  18949 1001      20   0 5871384 467284  47228 S 397.0   2.9  26:44.17 application
  18949 1001      20   0 5871384 467808  47228 S 406.0   2.9  26:48.23 application
  18949 1001      20   0 5872408 468072  47228 S 400.0   2.9  26:52.23 application
  18949 1001      20   0 5872408 468336  47228 S 404.0   2.9  26:56.27 application
  18949 1001      20   0 5872408 468336  47228 S 392.0   2.9  27:00.19 application
  18949 1001      20   0 5873432 468860  47228 S 408.0   2.9  27:04.27 application
  18949 1001      20   0 5873432 468860  47228 S 402.0   2.9  27:08.29 application
  18949 1001      20   0 5874456 469652  47228 S 393.1   2.9  27:12.26 application
  18949 1001      20   0 5874456 470180  47228 S 402.0   2.9  27:16.28 application
  18949 1001      20   0 5874456 470708  47228 S 407.0   2.9  27:20.35 application
  18949 1001      20   0 5875480 470968  47228 S 398.0   2.9  27:24.33 application
  18949 1001      20   0 5875480 471232  47228 S 402.0   2.9  27:28.35 application
  18949 1001      20   0 5876504 471496  47228 S 398.0   2.9  27:32.33 application
  18949 1001      20   0 5876504 472020  47228 S 403.0   2.9  27:36.36 application
  18949 1001      20   0 5876504 472284  47228 S 400.0   2.9  27:40.36 application
  18949 1001      20   0 5877528 472544  47228 S 404.0   2.9  27:44.40 application
  18949 1001      20   0 5877528 472808  47228 S 397.0   2.9  27:48.37 application
  18949 1001      20   0 5877528 472808  47228 S 389.1   2.9  27:52.30 application
  18949 1001      20   0 5878552 472808  47228 S 402.0   2.9  27:56.32 application
  18949 1001      20   0 5878552 473336  47228 S 410.0   2.9  28:00.42 application
  18949 1001      20   0 5878552 473600  47228 S 402.0   2.9  28:04.44 application
  18949 1001      20   0 5879576 474128  47228 S 400.0   2.9  28:08.44 application
  18949 1001      20   0 5879576 474392  47228 S 396.0   2.9  28:12.40 application
  18949 1001      20   0 5880600 474656  47228 S 401.0   2.9  28:16.41 application
  18949 1001      20   0 5880600 475180  47228 S 404.0   2.9  28:20.45 application
  18949 1001      20   0 5880600 476236  47228 S 396.0   2.9  28:24.41 application
  18949 1001      20   0 5881624 476764  47228 S 402.0   2.9  28:28.47 application
  18949 1001      20   0 5881