   7572 1001      20   0 1290668 314392  42836 S  40.0   1.9   3:59.07 application
   7572 1001      20   0 1290668 314920  42836 S 190.1   1.9   4:00.99 application
   7572 1001      20   0 1290668 314920  42836 S 193.0   1.9   4:02.92 application
   7572 1001      20   0 1290668 314920  42836 S 195.0   1.9   4:04.87 application
   7572 1001      20   0 1290668 314920  42836 S 196.0   1.9   4:06.83 application
   7572 1001      20   0 1290668 314920  42836 S 193.0   1.9   4:08.76 application
   7572 1001      20   0 1290668 314920  42836 S 195.0   1.9   4:10.71 application
   7572 1001      20   0 1290668 314920  42836 S 194.0   1.9   4:12.65 application
   7572 1001      20   0 1290668 314920  42836 S 199.0   1.9   4:14.64 application
   7572 1001      20   0 1290668 314920  42836 S 192.1   1.9   4:16.58 application
   7572 1001      20   0 1290668 314920  42836 S 195.0   1.9   4:18.53 application
   7572 1001      20   0 1290668 314920  42836 S 193.0   1.9   4:20.46 application
   7572 1001      20   0 1290668 314920  42836 S 195.0   1.9   4:22.41 application
   7572 1001      20   0 1290668 314920  42836 S 192.0   1.9   4:24.33 application
   7572 1001      20   0 1290668 314920  42836 S 200.0   1.9   4:26.33 application
   7572 1001      20   0 1290668 314920  42836 S 192.0   1.9   4:28.25 application
   7572 1001      20   0 1290668 314920  42836 S 193.0   1.9   4:30.18 application
   7572 1001      20   0 1290668 314920  42836 S 192.1   1.9   4:32.12 application
   7572 1001      20   0 1291692 314920  42836 S 194.0   1.9   4:34.06 application
   7572 1001      20   0 1291692 314920  42836 S 191.0   1.9   4:35.97 application
   7572 1001      20   0 1291692 314920  42836 S 194.0   1.9   4:37.91 application
   7572 1001      20   0 1291692 314920  42836 S 193.0   1.9   4:39.84 application
   7572 1001      20   0 1291692 315244  42900 S 197.0   1.9   4:41.81 application
   7572 1001      20   0 1291692 315244  42900 S 194.0   1.9   4:43.75 application
   7572 1001      20   0 1291692 315244  42900 S 197.0   1.9   4:45.72 application
   7572 1001      20   0 1291692 315244  42900 S 189.1   1.9   4:47.63 application
   7572 1001      20   0 1291692 315244  42900 S 193.0   1.9   4:49.56 application
   7572 1001      20   0 1291692 315244  42900 S 197.0   1.9   4:51.53 application
   7572 1001      20   0 1291692 315244  42900 S 192.0   1.9   4:53.45 application
   7572 1001      20   0 1291692 315244  42900 S 198.0   1.9   4:55.43 application
   7572 1001      20   0 1291692 315244  42900 S 197.0   1.9   4:57.40 application
   7572 1001      20   0 1291692 315244  42900 S 195.0   1.9   4:59.35 application
   7572 1001      20   0 1291692 315244  42900 S 196.0   1.9   5:01.31 application
   7572 1001      20   0 1291692 315244  42900 S 196.0   1.9   5:03.29 application
   7572 1001      20   0 1291692 315244  42900 S 194.0   1.9   5:05.23 application
   7572 1001      20   0 1291692 315244  42900 S 196.0   1.9   5:07.19 application
   7572 1001      20   0 1291692 315244  42900 S 199.0   1.9   5:09.18 application
   7572 1001      20   0 1291692 315244  42900 S 198.0   1.9   5:11.16 application
   7572 1001      20   0 1291692 315508  42900 S 198.0   1.9   5:13.14 application
   7572 1001      20   0 1291692 315508  42900 S 201.0   1.9   5:15.15 application
   7572 1001      20   0 1291692 315508  42900 S 197.0   1.9   5:17.14 application
   7572 1001      20   0 1291692 315508  42900 S 196.0   1.9   5:19.10 application
   7572 1001      20   0 1291692 315508  42900 S 197.0   1.9   5:21.07 application
   7572 1001      20   0 1291692 315508  42900 S 199.0   1.9   5:23.06 application
   7572 1001      20   0 1291692 315508  42900 S 194.0   1.9   5:25.00 application
   7572 1001      20   0 1291692 315508  42900 S 195.0   1.9   5:26.95 application
   7572 1001      20   0 1291692 315508  42900 S 195.0   1.9   5:28.90 application
   7572 1001      20   0 1291692 315772  42900 S 197.0   1.9   5:30.87 application
   7572 1001      20   0 1291692 315772  42900 S 195.0   1.9   5:32.84 application
   7572 1001      20   0 1291