   7572 1001      20   0 1352108 376228  42900 S   0.0   2.3  59:22.17 application
   7572 1001      20   0 1352108 376756  42900 S 390.1   2.3  59:26.11 application
   7572 1001      20   0 1352108 376756  42900 S 401.0   2.3  59:30.12 application
   7572 1001      20   0 1353132 376756  42900 S 399.0   2.3  59:34.11 application
   7572 1001      20   0 1353132 376756  42900 S 401.0   2.3  59:38.12 application
   7572 1001      20   0 1353132 376756  42900 S 400.0   2.3  59:42.12 application
   7572 1001      20   0 1353132 376756  42900 S 400.0   2.3  59:46.12 application
   7572 1001      20   0 1353132 377020  42900 S 399.0   2.3  59:50.11 application
   7572 1001      20   0 1353132 377284  42900 S 400.0   2.3  59:54.11 application
   7572 1001      20   0 1353132 377548  42900 S 397.0   2.3  59:58.12 application
   7572 1001      20   0 1353132 377548  42900 S 401.0   2.3  60:02.13 application
   7572 1001      20   0 1353132 377812  42900 S 402.0   2.3  60:06.15 application
   7572 1001      20   0 1353132 378076  42900 S 400.0   2.3  60:10.15 application
   7572 1001      20   0 1353132 378076  42900 S 401.0   2.3  60:14.16 application
   7572 1001      20   0 1353132 378076  42900 S 400.0   2.3  60:18.16 application
   7572 1001      20   0 1354156 378076  42900 S 401.0   2.3  60:22.17 application
   7572 1001      20   0 1354156 378076  42900 S 398.0   2.3  60:26.19 application
   7572 1001      20   0 1354156 378076  42900 S 402.0   2.3  60:30.21 application
   7572 1001      20   0 1354156 378076  42900 S 400.0   2.3  60:34.21 application
   7572 1001      20   0 1354156 378076  42900 S 402.0   2.3  60:38.23 application
   7572 1001      20   0 1354156 378076  42900 S 398.0   2.3  60:42.21 application
   7572 1001      20   0 1354156 378076  42900 S 401.0   2.3  60:46.22 application
   7572 1001      20   0 1354156 378340  42900 S 401.0   2.3  60:50.23 application
   7572 1001      20   0 1354156 378340  42900 S 401.0   2.3  60:54.24 application
   7572 1001      20   0 1354156 378340  42900 S 399.0   2.3  60:58.27 application
   7572 1001      20   0 1354156 378340  42900 S 399.0   2.3  61:02.26 application
   7572 1001      20   0 1355180 378868  42900 S 400.0   2.3  61:06.26 application
   7572 1001      20   0 1355180 378868  42900 S 403.0   2.3  61:10.29 application
   7572 1001      20   0 1355180 378868  42900 S 400.0   2.3  61:14.29 application
   7572 1001      20   0 1355180 379132  42900 S 398.0   2.3  61:18.27 application
   7572 1001      20   0 1355180 379132  42900 S 404.0   2.3  61:22.31 application
   7572 1001      20   0 1355180 379132  42900 S 402.0   2.3  61:26.33 application
   7572 1001      20   0 1355180 379396  42900 S 399.0   2.3  61:30.32 application
   7572 1001      20   0 1355180 379660  42900 S 398.0   2.3  61:34.34 application
   7572 1001      20   0 1355180 379660  42900 S 400.0   2.3  61:38.34 application
   7572 1001      20   0 1355180 379660  42900 S 399.0   2.3  61:42.33 application
   7572 1001      20   0 1355180 379660  42900 S 401.0   2.3  61:46.34 application
   7572 1001      20   0 1355180 379660  42900 S 401.0   2.3  61:50.35 application
   7572 1001      20   0 1356204 379924  42900 S 403.0   2.3  61:54.38 application
   7572 1001      20   0 1356204 379924  42900 S 400.0   2.3  61:58.38 application
   7572 1001      20   0 1356204 380188  42900 S 400.0   2.3  62:02.38 application
   7572 1001      20   0 1356204 380452  42900 S 398.0   2.3  62:06.40 application
   7572 1001      20   0 1356204 380452  42900 S 403.0   2.3  62:10.43 application
   7572 1001      20   0 1356204 380716  42900 S 400.0   2.3  62:14.43 application
   7572 1001      20   0 1356204 380716  42900 S 401.0   2.3  62:18.44 application
   7572 1001      20   0 1356204 380716  42900 S 400.0   2.3  62:22.44 application
   7572 1001      20   0 1356204 380716  42900 S 399.0   2.3  62:26.43 application
   7572 1001      20   0 1356204 380716  42900 S 404.0   2.3  62:30.47 application
   7572 1001      20   0 1356204 380716  42900 S 397.0   2.3  62:34.44 application
   7572 1001      20   0 1356