   8350 1001      20   0 5881620 485720  47984 S 143.8   3.0  30:00.75 application
   8350 1001      20   0 5882644 486244  47984 S 405.0   3.0  30:04.80 application
   8350 1001      20   0 5882644 486508  47984 S 400.0   3.0  30:08.80 application
   8350 1001      20   0 5882644 486772  47984 S 400.0   3.0  30:12.80 application
   8350 1001      20   0 5882644 487036  47984 S 400.0   3.0  30:16.80 application
   8350 1001      20   0 5883668 487564  47984 S 400.0   3.0  30:20.80 application
   8350 1001      20   0 5884692 488092  47984 S 400.0   3.0  30:24.80 application
   8350 1001      20   0 5884692 488620  47984 S 397.0   3.0  30:28.81 application
   8350 1001      20   0 5884692 489144  47984 S 401.0   3.0  30:32.82 application
   8350 1001      20   0 5885716 489408  47984 S 401.0   3.0  30:36.83 application
   8350 1001      20   0 5885716 489672  47984 S 400.0   3.0  30:40.83 application
   8350 1001      20   0 5885716 490192  47984 S 400.0   3.0  30:44.83 application
   8350 1001      20   0 5886740 490716  47984 S 403.0   3.0  30:48.86 application
   8350 1001      20   0 5886740 491508  47984 S 399.0   3.0  30:52.85 application
   8350 1001      20   0 5887764 491772  47984 S 401.0   3.0  30:56.86 application
   8350 1001      20   0 5887764 492296  47984 S 401.0   3.0  31:00.87 application
   8350 1001      20   0 5887764 492560  47984 S 404.0   3.0  31:04.91 application
   8350 1001      20   0 5888788 493064  47984 S 396.0   3.0  31:08.91 application
   8350 1001      20   0 5888788 493328  47984 S 399.0   3.0  31:12.90 application
   8350 1001      20   0 5888788 493328  47984 S 398.0   3.0  31:16.88 application
   8350 1001      20   0 5889812 493592  47984 S 405.0   3.0  31:20.93 application
   8350 1001      20   0 5889812 494384  47984 S 403.0   3.0  31:24.96 application
   8350 1001      20   0 5889812 494384  47984 S 400.0   3.0  31:28.96 application
   8350 1001      20   0 5890836 494644  47984 S 399.0   3.0  31:32.95 application
   8350 1001      20   0 5890836 495172  47984 S 404.0   3.0  31:36.99 application
   8350 1001      20   0 5890836 495436  47984 S 399.0   3.0  31:40.98 application
   8350 1001      20   0 5890836 496228  47984 S 407.0   3.0  31:45.05 application
   8350 1001      20   0 5891860 496492  47984 S 392.1   3.0  31:49.01 application
   8350 1001      20   0 5891860 497284  47984 S 400.0   3.0  31:53.01 application
   8350 1001      20   0 5892884 498076  47984 S 404.0   3.1  31:57.05 application
   8350 1001      20   0 5892884 498340  47984 S 399.0   3.1  32:01.04 application
   8350 1001      20   0 5892884 498600  47984 S 398.0   3.1  32:05.02 application
   8350 1001      20   0 5893908 498864  47984 S 401.0   3.1  32:09.03 application
   8350 1001      20   0 5893908 499128  47984 S 406.0   3.1  32:13.09 application
   8350 1001      20   0 5893908 499392  47984 S 399.0   3.1  32:17.08 application
   8350 1001      20   0 5894932 499652  47984 S 402.0   3.1  32:21.10 application
   8350 1001      20   0 5894932 499652  47984 S 399.0   3.1  32:25.09 application
   8350 1001      20   0 5887760 500412  47984 S 401.0   3.1  32:29.14 application
   8350 1001      20   0 5887760 500676  47984 S 401.0   3.1  32:33.15 application
   8350 1001      20   0 5887760 501204  47984 S 399.0   3.1  32:37.14 application
   8350 1001      20   0 5888784 501732  47984 S 396.0   3.1  32:41.10 application
   8350 1001      20   0 5889808 502524  47984 S 398.0   3.1  32:45.08 application
   8350 1001      20   0 5889808 503052  47984 S 405.0   3.1  32:49.13 application
   8350 1001      20   0 5889808 503316  47984 S 402.0   3.1  32:53.15 application
   8350 1001      20   0 5900052 504372  47984 S 402.0   3.1  32:57.17 application
   8350 1001      20   0 5900052 504636  47984 S 394.0   3.1  33:01.11 application
   8350 1001      20   0 5901076 504636  47984 S 409.0   3.1  33:05.20 application
   8350 1001      20   0 5901076 504900  47984 S 396.0   3.1  33:09.20 application
   8350 1001      20   0 5901076 505428  47984 S 397.0   3.1  33:13.17 application
   8350 1001      20   0 5902