   8350 1001      20   0 7108384 580476  49004 S  33.3   3.6  46:00.32 application
   8350 1001      20   0 7108384 580476  49004 S 402.0   3.6  46:04.34 application
   8350 1001      20   0 7108384 580476  49004 S 401.0   3.6  46:08.35 application
   8350 1001      20   0 7108384 580476  49004 S 400.0   3.6  46:12.35 application
   8350 1001      20   0 7108384 580476  49004 S 401.0   3.6  46:16.36 application
   8350 1001      20   0 7108384 580476  49004 S 403.0   3.6  46:20.39 application
   8350 1001      20   0 7108384 580476  49004 S 396.0   3.6  46:24.35 application
   8350 1001      20   0 7108384 580476  49004 S 404.0   3.6  46:28.39 application
   8350 1001      20   0 7108384 580476  49004 S 396.0   3.6  46:32.39 application
   8350 1001      20   0 7108384 580476  49004 S 404.0   3.6  46:36.43 application
   8350 1001      20   0 7108384 580476  49004 S 395.0   3.6  46:40.38 application
   8350 1001      20   0 7108384 580476  49004 S 406.0   3.6  46:44.44 application
   8350 1001      20   0 7149364 580476  49004 S 402.0   3.6  46:48.46 application
   8350 1001      20   0 7149364 580476  49004 S 404.0   3.6  46:52.50 application
   8350 1001      20   0 7149364 580476  49004 S 398.0   3.6  46:56.48 application
   8350 1001      20   0 7149364 580476  49004 S 393.0   3.6  47:00.41 application
   8350 1001      20   0 7149364 580476  49004 S 408.0   3.6  47:04.49 application
   8350 1001      20   0 7206736 580476  49004 S 402.0   3.6  47:08.51 application
   8350 1001      20   0 7206736 580476  49004 S 396.0   3.6  47:12.47 application
   8350 1001      20   0 7206736 580476  49004 S 400.0   3.6  47:16.51 application
   8350 1001      20   0 7206736 580476  49004 S 402.0   3.6  47:20.53 application
   8350 1001      20   0 7206736 580476  49004 S 405.0   3.6  47:24.58 application
   8350 1001      20   0 7206736 580476  49004 S 396.0   3.6  47:28.54 application
   8350 1001      20   0 7206736 580476  49004 S 406.0   3.6  47:32.60 application
   8350 1001      20   0 7206736 580476  49004 S 400.0   3.6  47:36.60 application
   8350 1001      20   0 7206736 580476  49004 S 396.0   3.6  47:40.56 application
   8350 1001      20   0 7206736 580476  49004 S 401.0   3.6  47:44.57 application
   8350 1001      20   0 7206736 580476  49004 S 397.0   3.6  47:48.54 application
   8350 1001      20   0 7206736 580476  49004 S 409.0   3.6  47:52.63 application
   8350 1001      20   0 7206736 580476  49004 S 396.0   3.6  47:56.63 application
   8350 1001      20   0 7206736 580476  49004 S 401.0   3.6  48:00.64 application
   8350 1001      20   0 7206736 580476  49004 S 405.0   3.6  48:04.69 application
   8350 1001      20   0 7206736 580476  49004 S 388.0   3.6  48:08.57 application
   8350 1001      20   0 7206736 580476  49004 S 412.0   3.6  48:12.69 application
   8350 1001      20   0 7206736 580476  49004 S 401.0   3.6  48:16.70 application
   8350 1001      20   0 7206736 580476  49004 S 400.0   3.6  48:20.70 application
   8350 1001      20   0 7206736 580476  49004 S 395.0   3.6  48:24.65 application
   8350 1001      20   0 7206736 580476  49004 S 405.0   3.6  48:28.70 application
   8350 1001      20   0 7206736 580476  49004 S 395.0   3.6  48:32.65 application
   8350 1001      20   0 7206736 580476  49004 S 401.0   3.6  48:36.70 application
   8350 1001      20   0 7206736 580476  49004 S 400.0   3.6  48:40.70 application
   8350 1001      20   0 7206736 580476  49004 S 400.0   3.6  48:44.70 application
   8350 1001      20   0 7206736 580476  49004 S 400.0   3.6  48:48.70 application
   8350 1001      20   0 7206736 580476  49004 S 400.0   3.6  48:52.70 application
   8350 1001      20   0 7206736 580476  49004 S 400.0   3.6  48:56.70 application
   8350 1001      20   0 7206736 580476  49004 S 400.0   3.6  49:00.70 application
   8350 1001      20   0 7206736 580476  49004 S 400.0   3.6  49:04.70 application
   8350 1001      20   0 7206736 580476  49004 S 397.0   3.6  49:08.71 application
   8350 1001      20   0 7206736 580476  49004 S 399.0   3.6  49:12.70 application
   8350 1001      20   0 7206