  18949 1001      20   0 5717780 385044  47228 S   0.0   2.4  13:16.75 application
  18949 1001      20   0 5717780 385572  47228 S 380.0   2.4  13:20.55 application
  18949 1001      20   0 5718804 386096  47228 S 400.0   2.4  13:24.55 application
  18949 1001      20   0 5718804 386360  47228 S 400.0   2.4  13:28.55 application
  18949 1001      20   0 5718804 386620  47228 S 398.0   2.4  13:32.57 application
  18949 1001      20   0 5719828 387148  47228 S 401.0   2.4  13:36.58 application
  18949 1001      20   0 5719828 387408  47228 S 400.0   2.4  13:40.58 application
  18949 1001      20   0 5719828 387672  47228 S 401.0   2.4  13:44.59 application
  18949 1001      20   0 5719828 388200  47228 S 402.0   2.4  13:48.61 application
  18949 1001      20   0 5720852 388200  47228 S 400.0   2.4  13:52.61 application
  18949 1001      20   0 5720852 388728  47228 S 400.0   2.4  13:56.61 application
  18949 1001      20   0 5720852 389252  47228 S 402.0   2.4  14:00.63 application
  18949 1001      20   0 5721876 389516  47228 S 402.0   2.4  14:04.65 application
  18949 1001      20   0 5721876 390040  47228 S 401.0   2.4  14:08.66 application
  18949 1001      20   0 5721876 390304  47228 S 395.0   2.4  14:12.65 application
  18949 1001      20   0 5722900 390304  47228 S 405.0   2.4  14:16.70 application
  18949 1001      20   0 5722900 390304  47228 S 396.0   2.4  14:20.66 application
  18949 1001      20   0 5722900 390832  47228 S 404.0   2.4  14:24.70 application
  18949 1001      20   0 5723924 391360  47228 S 399.0   2.4  14:28.69 application
  18949 1001      20   0 5723924 391624  47228 S 399.0   2.4  14:32.68 application
  18949 1001      20   0 5723924 391624  47228 S 408.0   2.4  14:36.76 application
  18949 1001      20   0 5723924 392204  47228 S 400.0   2.4  14:40.76 application
  18949 1001      20   0 5724948 392468  47228 S 401.0   2.4  14:44.77 application
  18949 1001      20   0 5724948 392732  47228 S 399.0   2.4  14:48.76 application
  18949 1001      20   0 5724948 392996  47228 S 393.1   2.4  14:52.73 application
  18949 1001      20   0 5724948 393256  47228 S 407.0   2.4  14:56.80 application
  18949 1001      20   0 5725972 393784  47228 S 399.0   2.4  15:00.79 application
  18949 1001      20   0 5725972 394048  47228 S 400.0   2.4  15:04.79 application
  18949 1001      20   0 5725972 394048  47228 S 405.0   2.4  15:08.84 application
  18949 1001      20   0 5726996 394312  47228 S 402.0   2.4  15:12.86 application
  18949 1001      20   0 5726996 394840  47228 S 394.0   2.4  15:16.80 application
  18949 1001      20   0 5726996 395368  47228 S 399.0   2.4  15:20.79 application
  18949 1001      20   0 5728020 395892  47228 S 404.0   2.4  15:24.83 application
  18949 1001      20   0 5728020 396152  47228 S 400.0   2.4  15:28.87 application
  18949 1001      20   0 5728020 396152  47228 S 398.0   2.4  15:32.85 application
  18949 1001      20   0 5729044 396416  47228 S 402.0   2.4  15:36.87 application
  18949 1001      20   0 5729044 396944  47228 S 400.0   2.4  15:40.87 application
  18949 1001      20   0 5679868 398232  47228 S 402.0   2.4  15:44.89 application
  18949 1001      20   0 5680892 398756  47228 S 400.0   2.4  15:48.89 application
  18949 1001      20   0 5680892 398756  47228 S 401.0   2.4  15:52.90 application
  18949 1001      20   0 5680892 398756  47228 S 398.0   2.4  15:56.88 application
  18949 1001      20   0 5682940 400076  47228 S 401.0   2.5  16:00.89 application
  18949 1001      20   0 5682940 400340  47228 S 399.0   2.5  16:04.88 application
  18949 1001      20   0 5682940 400864  47228 S 401.0   2.5  16:08.89 application
  18949 1001      20   0 5683964 401656  47228 S 400.0   2.5  16:12.93 application
  18949 1001      20   0 5683964 402184  47228 S 396.0   2.5  16:16.89 application
  18949 1001      20   0 5683964 402448  47228 S 403.0   2.5  16:20.92 application
  18949 1001      20   0 5684988 402636  47228 S 400.0   2.5  16:24.92 application
  18949 1001      20   0 5684988 402900  47228 S 401.0   2.5  16:28.93 application
  18949 1001      20   0 5684