  40175 1001      20   0 1318316 342408  42484 S   0.0   2.1  35:15.73 application
  40175 1001      20   0 1319340 342936  42484 S 384.0   2.1  35:19.57 application
  40175 1001      20   0 1319340 342936  42484 S 400.0   2.1  35:23.57 application
  40175 1001      20   0 1319340 342936  42484 S 400.0   2.1  35:27.57 application
  40175 1001      20   0 1319340 342936  42484 S 399.0   2.1  35:31.56 application
  40175 1001      20   0 1319340 342936  42484 S 397.0   2.1  35:35.57 application
  40175 1001      20   0 1319340 342936  42484 S 401.0   2.1  35:39.58 application
  40175 1001      20   0 1319340 342936  42484 S 401.0   2.1  35:43.59 application
  40175 1001      20   0 1319340 343200  42484 S 401.0   2.1  35:47.60 application
  40175 1001      20   0 1319340 343200  42484 S 402.0   2.1  35:51.62 application
  40175 1001      20   0 1319340 343464  42484 S 400.0   2.1  35:55.62 application
  40175 1001      20   0 1319340 343464  42484 S 400.0   2.1  35:59.62 application
  40175 1001      20   0 1320364 343728  42484 S 401.0   2.1  36:03.63 application
  40175 1001      20   0 1320364 343728  42484 S 396.0   2.1  36:07.63 application
  40175 1001      20   0 1320364 343728  42484 S 401.0   2.1  36:11.64 application
  40175 1001      20   0 1320364 343728  42484 S 403.0   2.1  36:15.67 application
  40175 1001      20   0 1320364 343992  42484 S 399.0   2.1  36:19.66 application
  40175 1001      20   0 1320364 343992  42484 S 403.0   2.1  36:23.69 application
  40175 1001      20   0 1320364 343992  42484 S 401.0   2.1  36:27.70 application
  40175 1001      20   0 1320364 344256  42484 S 401.0   2.1  36:31.71 application
  40175 1001      20   0 1320364 344256  42484 S 401.0   2.1  36:35.72 application
  40175 1001      20   0 1320364 344256  42484 S 398.0   2.1  36:39.74 application
  40175 1001      20   0 1320364 344520  42484 S 399.0   2.1  36:43.73 application
  40175 1001      20   0 1320364 344520  42484 S 402.0   2.1  36:47.75 application
  40175 1001      20   0 1320364 344784  42484 S 402.0   2.1  36:51.77 application
  40175 1001      20   0 1321388 344784  42484 S 400.0   2.1  36:55.77 application
  40175 1001      20   0 1321388 344784  42484 S 400.0   2.1  36:59.77 application
  40175 1001      20   0 1321388 344784  42484 S 401.0   2.1  37:03.78 application
  40175 1001      20   0 1321388 344784  42484 S 395.0   2.1  37:07.77 application
  40175 1001      20   0 1321388 345048  42484 S 404.0   2.1  37:11.81 application
  40175 1001      20   0 1321388 345048  42484 S 399.0   2.1  37:15.80 application
  40175 1001      20   0 1321388 345048  42484 S 399.0   2.1  37:19.79 application
  40175 1001      20   0 1321388 345048  42484 S 404.0   2.1  37:23.83 application
  40175 1001      20   0 1321388 345048  42484 S 401.0   2.1  37:27.84 application
  40175 1001      20   0 1321388 345048  42484 S 400.0   2.1  37:31.84 application
  40175 1001      20   0 1321388 345312  42484 S 401.0   2.1  37:35.85 application
  40175 1001      20   0 1321388 345576  42484 S 398.0   2.1  37:39.87 application
  40175 1001      20   0 1321388 345576  42484 S 400.0   2.1  37:43.87 application
  40175 1001      20   0 1322412 345576  42484 S 400.0   2.1  37:47.87 application
  40175 1001      20   0 1322412 345576  42484 S 401.0   2.1  37:51.88 application
  40175 1001      20   0 1322412 345576  42484 S 403.0   2.1  37:55.91 application
  40175 1001      20   0 1322412 345840  42484 S 401.0   2.1  37:59.92 application
  40175 1001      20   0 1322412 346104  42484 S 399.0   2.1  38:03.91 application
  40175 1001      20   0 1322412 346104  42484 S 398.0   2.1  38:07.89 application
  40175 1001      20   0 1322412 346368  42484 S 398.0   2.1  38:11.91 application
  40175 1001      20   0 1322412 346368  42484 S 404.0   2.1  38:15.95 application
  40175 1001      20   0 1322412 346368  42484 S 401.0   2.1  38:19.96 application
  40175 1001      20   0 1322412 346632  42484 S 400.0   2.1  38:23.96 application
  40175 1001      20   0 1322412 346632  42484 S 401.0   2.1  38:27.97 application
  40175 1001      20   0 1323