Running 1m test @ http://erik-pc.local:8080/fruits
  4 threads and 100 connections
  Thread calibration: mean lat.: 755.552ms, rate sampling interval: 3004ms
  Thread calibration: mean lat.: 1183.580ms, rate sampling interval: 4304ms
  Thread calibration: mean lat.: 1022.184ms, rate sampling interval: 4124ms
  Thread calibration: mean lat.: 1068.521ms, rate sampling interval: 3647ms
  Thread Stats   Avg      Stdev     Max   +/- Stdev
    Latency     7.66s     3.43s   18.01s    61.84%
    Req/Sec     5.82k   244.19     6.26k    73.08%
  Latency Distribution (HdrHistogram - Recorded Latency)
 50.000%    7.50s 
 75.000%   10.35s 
 90.000%   12.01s 
 99.000%   16.39s 
 99.900%   17.48s 
 99.990%   17.84s 
 99.999%   18.01s 
100.000%   18.02s 

  Detailed Percentile spectrum:
       Value   Percentile   TotalCount 1/(1-Percentile)

    1206.271     0.000000            1         1.00
    3131.391     0.100000       116012         1.11
    4218.879     0.200000       231957         1.25
    5337.087     0.300000       348151         1.43
    6443.007     0.400000       464139         1.67
    7503.871     0.500000       579803         2.00
    8093.695     0.550000       637850         2.22
    8650.751     0.600000       695955         2.50
    9232.383     0.650000       754067         2.86
    9814.015     0.700000       812345         3.33
   10354.687     0.750000       870347         4.00
   10633.215     0.775000       898945         4.44
   10903.551     0.800000       928103         5.00
   11165.695     0.825000       956758         5.71
   11419.647     0.850000       985755         6.67
   11714.559     0.875000      1015280         8.00
   11853.823     0.887500      1029629         8.89
   12009.471     0.900000      1043891        10.00
   12173.311     0.912500      1058165        11.43
   12345.343     0.925000      1072921        13.33
   12541.951     0.937500      1087631        16.00
   12673.023     0.943750      1094362        17.78
   12861.439     0.950000      1101640        20.00
   13123.583     0.956250      1108944        22.86
   13598.719     0.962500      1116175        26.67
   14295.039     0.968750      1123434        32.00
   14565.375     0.971875      1127036        35.56
   14835.711     0.975000      1130667        40.00
   15163.391     0.978125      1134300        45.71
   15491.071     0.981250      1137892        53.33
   15810.559     0.984375      1141474        64.00
   15966.207     0.985938      1143294        71.11
   16138.239     0.987500      1145125        80.00
   16293.887     0.989062      1146927        91.43
   16449.535     0.990625      1148745       106.67
   16613.375     0.992188      1150637       128.00
   16687.103     0.992969      1151483       142.22
   16793.599     0.993750      1152464       160.00
   16875.519     0.994531      1153326       182.86
   16973.823     0.995313      1154271       213.33
   17055.743     0.996094      1155102       256.00
   17121.279     0.996484      1155578       284.44
   17170.431     0.996875      1155964       320.00
   17235.967     0.997266      1156544       365.71
   17285.119     0.997656      1156943       426.67
   17350.655     0.998047      1157440       512.00
   17383.423     0.998242      1157643       568.89
   17399.807     0.998437      1157767       640.00
   17432.575     0.998633      1158093       731.43
   17448.959     0.998828      1158232       853.33
   17481.727     0.999023      1158485      1024.00
   17498.111     0.999121      1158575      1137.78
   17530.879     0.999219      1158740      1280.00
   17547.263     0.999316      1158808      1462.86
   17563.647     0.999414      1158907      1706.67
   17596.415     0.999512      1159040      2048.00
   17612.799     0.999561      1159099      2275.56
   17629.183     0.999609      1159150      2560.00
   17661.951     0.999658      1159197      2925.71
   17694.719     0.999707      1159248      3413.33
   17727.487     0.999756      1159314      4096.00
   17743.871     0.999780      1159330      4551.11
   17760.255     0.999805      1159354      5120.00
   17776.639     0.999829      1159389      5851.43
   17793.023     0.999854      1159410      6826.67
   17825.791     0.999878      1159449      8192.00
   17842.175     0.999890      1159471      9102.22
   17842.175     0.999902      1159471     10240.00
   17891.327     0.999915      1159483     11702.86
   17907.711     0.999927      1159503     13653.33
   17924.095     0.999939      1159513     16384.00
   17940.479     0.999945      1159518     18204.44
   17956.863     0.999951      1159527     20480.00
   17973.247     0.999957      1159537     23405.71
   17973.247     0.999963      1159537     27306.67
   17989.631     0.999969      1159548     32768.00
   17989.631     0.999973      1159548     36408.89
   18006.015     0.999976      1159566     40960.00
   18006.015     0.999979      1159566     46811.43
   18006.015     0.999982      1159566     54613.33
   18006.015     0.999985      1159566     65536.00
   18006.015     0.999986      1159566     72817.78
   18006.015     0.999988      1159566     81920.00
   18006.015     0.999989      1159566     93622.86
   18022.399     0.999991      1159577    109226.67
   18022.399     1.000000      1159577          inf
#[Mean    =     7658.580, StdDeviation   =     3433.860]
#[Max     =    18006.016, Total count    =      1159577]
#[Buckets =           27, SubBuckets     =         2048]
----------------------------------------------------------
  1390435 requests in 1.00m, 225.42MB read
Requests/sec:  23168.03
Transfer/sec:      3.76MB
