Running 1m test @ http://erik-pc.local:8080/fruits
  4 threads and 100 connections
  Thread calibration: mean lat.: 18.290ms, rate sampling interval: 76ms
  Thread calibration: mean lat.: 19.451ms, rate sampling interval: 83ms
  Thread calibration: mean lat.: 17.490ms, rate sampling interval: 74ms
  Thread calibration: mean lat.: 17.665ms, rate sampling interval: 78ms
  Thread Stats   Avg      Stdev     Max   +/- Stdev
    Latency   417.20ms  821.09ms   6.40s    90.72%
    Req/Sec     6.18k     2.20k   12.49k    65.68%
  Latency Distribution (HdrHistogram - Recorded Latency)
 50.000%  104.96ms
 75.000%  400.38ms
 90.000%    1.16s 
 99.000%    4.35s 
 99.900%    6.05s 
 99.990%    6.27s 
 99.999%    6.39s 
100.000%    6.40s 

  Detailed Percentile spectrum:
       Value   Percentile   TotalCount 1/(1-Percentile)

       0.371     0.000000            1         1.00
       5.151     0.100000       122321         1.11
      22.127     0.200000       244653         1.25
      36.031     0.300000       366887         1.43
      58.463     0.400000       489157         1.67
     104.959     0.500000       611485         2.00
     135.807     0.550000       672803         2.22
     173.439     0.600000       733930         2.50
     222.847     0.650000       794885         2.86
     293.887     0.700000       856165         3.33
     400.383     0.750000       917197         4.00
     464.639     0.775000       947772         4.44
     538.623     0.800000       978421         5.00
     623.103     0.825000      1008887         5.71
     737.279     0.850000      1039575         6.67
     900.607     0.875000      1070062         8.00
    1017.855     0.887500      1085361         8.89
    1161.215     0.900000      1100677        10.00
    1307.647     0.912500      1115978        11.43
    1500.159     0.925000      1131242        13.33
    1735.679     0.937500      1146535        16.00
    1838.079     0.943750      1154154        17.78
    1985.535     0.950000      1161790        20.00
    2195.455     0.956250      1169401        22.86
    2441.215     0.962500      1177091        26.67
    2791.423     0.968750      1184721        32.00
    2920.447     0.971875      1188513        35.56
    3127.295     0.975000      1192328        40.00
    3360.767     0.978125      1196160        45.71
    3561.471     0.981250      1199990        53.33
    3786.751     0.984375      1203791        64.00
    3936.255     0.985938      1205711        71.11
    4122.623     0.987500      1207621        80.00
    4284.415     0.989062      1209571        91.43
    4395.007     0.990625      1211452       106.67
    4562.943     0.992188      1213358       128.00
    4759.551     0.992969      1214311       142.22
    4923.391     0.993750      1215286       160.00
    5087.231     0.994531      1216257       182.86
    5308.415     0.995313      1217165       213.33
    5517.311     0.996094      1218137       256.00
    5611.519     0.996484      1218600       284.44
    5664.767     0.996875      1219100       320.00
    5722.111     0.997266      1219570       365.71
    5791.743     0.997656      1220043       426.67
    5836.799     0.998047      1220525       512.00
    5865.471     0.998242      1220754       568.89
    5894.143     0.998437      1220992       640.00
    5963.775     0.998633      1221239       731.43
    6025.215     0.998828      1221477       853.33
    6057.983     0.999023      1221732      1024.00
    6070.271     0.999121      1221849      1137.78
    6082.559     0.999219      1221943      1280.00
    6148.095     0.999316      1222072      1462.86
    6184.959     0.999414      1222189      1706.67
    6205.439     0.999512      1222324      2048.00
    6209.535     0.999561      1222368      2275.56
    6217.727     0.999609      1222438      2560.00
    6221.823     0.999658      1222482      2925.71
    6230.015     0.999707      1222559      3413.33
    6234.111     0.999756      1222597      4096.00
    6242.303     0.999780      1222644      4551.11
    6246.399     0.999805      1222663      5120.00
    6250.495     0.999829      1222684      5851.43
    6258.687     0.999854      1222724      6826.67
    6262.783     0.999878      1222744      8192.00
    6270.975     0.999890      1222772      9102.22
    6275.071     0.999902      1222779     10240.00
    6283.263     0.999915      1222793     11702.86
    6287.359     0.999927      1222804     13653.33
    6299.647     0.999939      1222823     16384.00
    6303.743     0.999945      1222826     18204.44
    6356.991     0.999951      1222833     20480.00
    6365.183     0.999957      1222845     23405.71
    6369.279     0.999963      1222853     27306.67
    6373.375     0.999969      1222858     32768.00
    6377.471     0.999973      1222862     36408.89
    6381.567     0.999976      1222867     40960.00
    6381.567     0.999979      1222867     46811.43
    6385.663     0.999982      1222871     54613.33
    6389.759     0.999985      1222877     65536.00
    6389.759     0.999986      1222877     72817.78
    6393.855     0.999988      1222881     81920.00
    6393.855     0.999989      1222881     93622.86
    6393.855     0.999991      1222881    109226.67
    6397.951     0.999992      1222887    131072.00
    6397.951     0.999993      1222887    145635.56
    6397.951     0.999994      1222887    163840.00
    6397.951     0.999995      1222887    187245.71
    6397.951     0.999995      1222887    218453.33
    6402.047     0.999996      1222892    262144.00
    6402.047     1.000000      1222892          inf
#[Mean    =      417.202, StdDeviation   =      821.086]
#[Max     =     6397.952, Total count    =      1222892]
#[Buckets =           27, SubBuckets     =         2048]
----------------------------------------------------------
  1474381 requests in 1.00m, 239.03MB read
Requests/sec:  24572.83
Transfer/sec:      3.98MB
