Running 1m test @ http://erik-pc.local:8080/fruits
  4 threads and 100 connections
  Thread calibration: mean lat.: 1.609ms, rate sampling interval: 10ms
  Thread calibration: mean lat.: 1.649ms, rate sampling interval: 10ms
  Thread calibration: mean lat.: 1.614ms, rate sampling interval: 10ms
  Thread calibration: mean lat.: 1.617ms, rate sampling interval: 10ms
  Thread Stats   Avg      Stdev     Max   +/- Stdev
    Latency     1.60ms  422.83us   5.32ms   66.40%
    Req/Sec     1.32k   181.92     2.11k    77.15%
  Latency Distribution (HdrHistogram - Recorded Latency)
 50.000%    1.59ms
 75.000%    1.88ms
 90.000%    2.15ms
 99.000%    2.61ms
 99.900%    3.32ms
 99.990%    3.87ms
 99.999%    4.26ms
100.000%    5.33ms

  Detailed Percentile spectrum:
       Value   Percentile   TotalCount 1/(1-Percentile)

       0.565     0.000000            1         1.00
       1.045     0.100000        25051         1.11
       1.211     0.200000        49995         1.25
       1.348     0.300000        74823         1.43
       1.471     0.400000        99866         1.67
       1.586     0.500000       124847         2.00
       1.642     0.550000       137178         2.22
       1.697     0.600000       149794         2.50
       1.754     0.650000       162239         2.86
       1.813     0.700000       174613         3.33
       1.880     0.750000       187149         4.00
       1.915     0.775000       193312         4.44
       1.954     0.800000       199658         5.00
       1.995     0.825000       205784         5.71
       2.040     0.850000       212038         6.67
       2.091     0.875000       218304         8.00
       2.119     0.887500       221465         8.89
       2.149     0.900000       224551        10.00
       2.181     0.912500       227592        11.43
       2.219     0.925000       230701        13.33
       2.261     0.937500       233889        16.00
       2.283     0.943750       235413        17.78
       2.309     0.950000       236999        20.00
       2.335     0.956250       238464        22.86
       2.367     0.962500       240055        26.67
       2.405     0.968750       241652        32.00
       2.425     0.971875       242409        35.56
       2.447     0.975000       243165        40.00
       2.473     0.978125       243964        45.71
       2.501     0.981250       244738        53.33
       2.535     0.984375       245502        64.00
       2.553     0.985938       245866        71.11
       2.575     0.987500       246283        80.00
       2.597     0.989062       246650        91.43
       2.625     0.990625       247042       106.67
       2.657     0.992188       247443       128.00
       2.671     0.992969       247626       142.22
       2.695     0.993750       247831       160.00
       2.717     0.994531       248014       182.86
       2.749     0.995313       248214       213.33
       2.791     0.996094       248399       256.00
       2.821     0.996484       248499       284.44
       2.859     0.996875       248596       320.00
       2.905     0.997266       248694       365.71
       2.975     0.997656       248789       426.67
       3.071     0.998047       248886       512.00
       3.109     0.998242       248935       568.89
       3.153     0.998437       248984       640.00
       3.207     0.998633       249032       731.43
       3.255     0.998828       249081       853.33
       3.323     0.999023       249129      1024.00
       3.361     0.999121       249153      1137.78
       3.395     0.999219       249179      1280.00
       3.433     0.999316       249202      1462.86
       3.489     0.999414       249226      1706.67
       3.525     0.999512       249251      2048.00
       3.559     0.999561       249263      2275.56
       3.587     0.999609       249275      2560.00
       3.615     0.999658       249287      2925.71
       3.661     0.999707       249299      3413.33
       3.727     0.999756       249313      4096.00
       3.749     0.999780       249318      4551.11
       3.765     0.999805       249324      5120.00
       3.799     0.999829       249330      5851.43
       3.825     0.999854       249336      6826.67
       3.847     0.999878       249342      8192.00
       3.871     0.999890       249345      9102.22
       3.879     0.999902       249348     10240.00
       3.889     0.999915       249351     11702.86
       3.921     0.999927       249355     13653.33
       3.965     0.999939       249357     16384.00
       3.973     0.999945       249359     18204.44
       3.979     0.999951       249360     20480.00
       4.013     0.999957       249362     23405.71
       4.023     0.999963       249363     27306.67
       4.077     0.999969       249365     32768.00
       4.079     0.999973       249366     36408.89
       4.079     0.999976       249366     40960.00
       4.089     0.999979       249367     46811.43
       4.195     0.999982       249368     54613.33
       4.235     0.999985       249369     65536.00
       4.235     0.999986       249369     72817.78
       4.235     0.999988       249369     81920.00
       4.255     0.999989       249370     93622.86
       4.255     0.999991       249370    109226.67
       4.343     0.999992       249371    131072.00
       4.343     0.999993       249371    145635.56
       4.343     0.999994       249371    163840.00
       4.343     0.999995       249371    187245.71
       4.343     0.999995       249371    218453.33
       5.327     0.999996       249372    262144.00
       5.327     1.000000       249372          inf
#[Mean    =        1.596, StdDeviation   =        0.423]
#[Max     =        5.324, Total count    =       249372]
#[Buckets =           27, SubBuckets     =         2048]
----------------------------------------------------------
  299742 requests in 1.00m, 48.60MB read
Requests/sec:   4995.56
Transfer/sec:    829.34KB
