Running 1m test @ http://erik-pc.local:8080/fruits
  4 threads and 100 connections
  Thread calibration: mean lat.: 1209.357ms, rate sampling interval: 4085ms
  Thread calibration: mean lat.: 893.299ms, rate sampling interval: 3125ms
  Thread calibration: mean lat.: 996.336ms, rate sampling interval: 3717ms
  Thread calibration: mean lat.: 993.308ms, rate sampling interval: 3792ms
  Thread Stats   Avg      Stdev     Max   +/- Stdev
    Latency     7.02s     3.38s   19.19s    67.71%
    Req/Sec     5.97k   263.76     6.41k    62.26%
  Latency Distribution (HdrHistogram - Recorded Latency)
 50.000%    6.75s 
 75.000%    9.22s 
 90.000%   11.01s 
 99.000%   17.10s 
 99.900%   18.51s 
 99.990%   19.10s 
 99.999%   19.17s 
100.000%   19.20s 

  Detailed Percentile spectrum:
       Value   Percentile   TotalCount 1/(1-Percentile)

    1101.823     0.000000            1         1.00
    2865.151     0.100000       119179         1.11
    3825.663     0.200000       238081         1.25
    4763.647     0.300000       357541         1.43
    5795.839     0.400000       476400         1.67
    6754.303     0.500000       595425         2.00
    7258.111     0.550000       654682         2.22
    7753.727     0.600000       714577         2.50
    8200.191     0.650000       774049         2.86
    8683.519     0.700000       833625         3.33
    9232.383     0.750000       893627         4.00
    9486.335     0.775000       923205         4.44
    9773.055     0.800000       952882         5.00
   10027.007     0.825000       982437         5.71
   10321.919     0.850000      1012131         6.67
   10616.831     0.875000      1041877         8.00
   10813.439     0.887500      1056712         8.89
   11010.047     0.900000      1071611        10.00
   11255.807     0.912500      1086241        11.43
   11583.487     0.925000      1100982        13.33
   12156.927     0.937500      1115876        16.00
   12689.407     0.943750      1123259        17.78
   13197.311     0.950000      1130725        20.00
   13737.983     0.956250      1138159        22.86
   14352.383     0.962500      1145606        26.67
   14966.783     0.968750      1153041        32.00
   15220.735     0.971875      1156721        35.56
   15523.839     0.975000      1160504        40.00
   15859.711     0.978125      1164175        45.71
   16179.199     0.981250      1167943        53.33
   16498.687     0.984375      1171615        64.00
   16662.527     0.985938      1173485        71.11
   16842.751     0.987500      1175345        80.00
   17006.591     0.989062      1177315        91.43
   17186.815     0.990625      1179038       106.67
   17399.807     0.992188      1180957       128.00
   17498.111     0.992969      1181817       142.22
   17612.799     0.993750      1182951       160.00
   17678.335     0.994531      1183856       182.86
   17743.871     0.995313      1184642       213.33
   17858.559     0.996094      1185551       256.00
   17940.479     0.996484      1186100       284.44
   18006.015     0.996875      1186463       320.00
   18087.935     0.997266      1187020       365.71
   18153.471     0.997656      1187471       426.67
   18219.007     0.998047      1187892       512.00
   18268.159     0.998242      1188144       568.89
   18317.311     0.998437      1188368       640.00
   18366.463     0.998633      1188589       731.43
   18415.615     0.998828      1188799       853.33
   18513.919     0.999023      1189021      1024.00
   18546.687     0.999121      1189134      1137.78
   18579.455     0.999219      1189267      1280.00
   18661.375     0.999316      1189394      1462.86
   18710.527     0.999414      1189493      1706.67
   18776.063     0.999512      1189609      2048.00
   18808.831     0.999561      1189669      2275.56
   18857.983     0.999609      1189718      2560.00
   18923.519     0.999658      1189778      2925.71
   18972.671     0.999707      1189840      3413.33
   19005.439     0.999756      1189893      4096.00
   19038.207     0.999780      1189949      4551.11
   19038.207     0.999805      1189949      5120.00
   19070.975     0.999829      1189998      5851.43
   19087.359     0.999854      1190038      6826.67
   19087.359     0.999878      1190038      8192.00
   19103.743     0.999890      1190072      9102.22
   19103.743     0.999902      1190072     10240.00
   19120.127     0.999915      1190091     11702.86
   19136.511     0.999927      1190101     13653.33
   19152.895     0.999939      1190150     16384.00
   19152.895     0.999945      1190150     18204.44
   19152.895     0.999951      1190150     20480.00
   19152.895     0.999957      1190150     23405.71
   19152.895     0.999963      1190150     27306.67
   19152.895     0.999969      1190150     32768.00
   19152.895     0.999973      1190150     36408.89
   19152.895     0.999976      1190150     40960.00
   19169.279     0.999979      1190168     46811.43
   19169.279     0.999982      1190168     54613.33
   19169.279     0.999985      1190168     65536.00
   19169.279     0.999986      1190168     72817.78
   19169.279     0.999988      1190168     81920.00
   19169.279     0.999989      1190168     93622.86
   19185.663     0.999991      1190172    109226.67
   19185.663     0.999992      1190172    131072.00
   19185.663     0.999993      1190172    145635.56
   19185.663     0.999994      1190172    163840.00
   19202.047     0.999995      1190179    187245.71
   19202.047     1.000000      1190179          inf
#[Mean    =     7021.973, StdDeviation   =     3379.014]
#[Max     =    19185.664, Total count    =      1190179]
#[Buckets =           27, SubBuckets     =         2048]
----------------------------------------------------------
  1430833 requests in 1.00m, 231.97MB read
Requests/sec:  23846.88
Transfer/sec:      3.87MB
