  24669 root      20   0 9226748 574608  29136 S   0.0   3.5  51:46.68 java
  24669 root      20   0 9226748 574608  29136 S 388.0   3.5  51:50.56 java
  24669 root      20   0 9226748 574608  29136 S 398.0   3.5  51:54.54 java
  24669 root      20   0 9226748 574608  29136 S 399.0   3.5  51:58.53 java
  24669 root      20   0 9226748 574812  29136 S 398.0   3.5  52:02.51 java
  24669 root      20   0 9226748 574812  29136 S 399.0   3.5  52:06.50 java
  24669 root      20   0 9226748 574812  29136 S 395.0   3.5  52:10.45 java
  24669 root      20   0 9226748 574812  29136 S 400.0   3.5  52:14.45 java
  24669 root      20   0 9226748 574812  29136 S 392.1   3.5  52:18.41 java
  24669 root      20   0 9226748 574812  29136 S 400.0   3.5  52:22.41 java
  24669 root      20   0 9226748 574812  29136 S 400.0   3.5  52:26.41 java
  24669 root      20   0 9226748 574812  29136 S 398.0   3.5  52:30.39 java
  24669 root      20   0 9226748 574812  29136 S 400.0   3.5  52:34.39 java
  24669 root      20   0 9226748 574812  29136 S 394.0   3.5  52:38.33 java
  24669 root      20   0 9226748 574812  29136 S 396.0   3.5  52:42.29 java
  24669 root      20   0 9226748 574812  29136 S 400.0   3.5  52:46.29 java
  24669 root      20   0 9226748 574812  29136 S 399.0   3.5  52:50.28 java
  24669 root      20   0 9226748 574812  29136 S 400.0   3.5  52:54.28 java
  24669 root      20   0 9226748 574812  29136 S 394.1   3.5  52:58.26 java
  24669 root      20   0 9226748 574812  29136 S 396.0   3.5  53:02.22 java
  24669 root      20   0 9226748 574812  29136 S 396.0   3.5  53:06.18 java
  24669 root      20   0 9226748 574812  29136 S 401.0   3.5  53:10.19 java
  24669 root      20   0 9226748 574812  29136 S 398.0   3.5  53:14.17 java
  24669 root      20   0 9226748 574812  29136 S 394.0   3.5  53:18.11 java
  24669 root      20   0 9226748 574812  29136 S 390.0   3.5  53:22.01 java
  24669 root      20   0 9226748 574812  29136 S 399.0   3.5  53:26.00 java
  24669 root      20   0 9226748 574812  29136 S 399.0   3.5  53:29.99 java
  24669 root      20   0 9226748 575040  29136 S 396.0   3.5  53:33.95 java
  24669 root      20   0 9226748 575040  29136 S 392.1   3.5  53:37.91 java
  24669 root      20   0 9226748 575040  29136 S 401.0   3.5  53:41.92 java
  24669 root      20   0 9226748 575040  29136 S 399.0   3.5  53:45.91 java
  24669 root      20   0 9226748 575040  29136 S 399.0   3.5  53:49.90 java
  24669 root      20   0 9226748 575040  29136 S 399.0   3.5  53:53.89 java
  24669 root      20   0 9226748 575040  29136 S 394.0   3.5  53:57.83 java
  24669 root      20   0 9226748 575040  29136 S 398.0   3.5  54:01.81 java
  24669 root      20   0 9226748 575040  29136 S 398.0   3.5  54:05.79 java
  24669 root      20   0 9226748 575040  29136 S 398.0   3.5  54:09.77 java
  24669 root      20   0 9226748 575040  29136 S 398.0   3.5  54:13.75 java
  24669 root      20   0 9226748 575040  29136 S 392.1   3.5  54:17.71 java
  24669 root      20   0 9226748 575280  29136 S 400.0   3.5  54:21.71 java
  24669 root      20   0 9226748 575280  29136 S 399.0   3.5  54:25.70 java
  24669 root      20   0 9226748 575280  29136 S 398.0   3.5  54:29.68 java
  24669 root      20   0 9226748 575280  29136 S 402.0   3.5  54:33.70 java
  24669 root      20   0 9226748 575280  29136 S 399.0   3.5  54:37.69 java
  24669 root      20   0 9226748 575280  29136 S 399.0   3.5  54:41.68 java
  24669 root      20   0 9226748 575280  29136 S 399.0   3.5  54:45.67 java
  24669 root      20   0 9226748 575280  29136 S 396.0   3.5  54:49.63 java
  24669 root      20   0 9226748 575520  29136 S 399.0   3.5  54:53.62 java
  24669 root      20   0 9226748 575520  29136 S 396.0   3.5  54:57.62 java
  24669 root      20   0 9226748 575520  29136 S 396.0   3.5  55:01.58 java
  24669 root      20   0 9226748 575520  29136 S 401.0   3.5  55:05.59 java
  24669 root      20   0 9226748 575520  29136 S 398.0   3.5  55:09.57 java
  24669 root      20   0 9226748 575520  29136 S 398.0   3.5  55:13.55 java
  24669 root      20   0 9226748 575520  29136 S 396.0   3.5  55:17.