  12132 root      20   0   13.6g 652228  29080 S   6.7   4.0  36:24.34 java
  12132 root      20   0   13.6g 652228  29080 S 400.0   4.0  36:28.34 java
  12132 root      20   0   13.6g 652228  29080 S 395.0   4.0  36:32.33 java
  12132 root      20   0   13.6g 652228  29080 S 400.0   4.0  36:36.33 java
  12132 root      20   0   13.6g 652472  29080 S 401.0   4.0  36:40.34 java
  12132 root      20   0   13.6g 652472  29080 S 400.0   4.0  36:44.34 java
  12132 root      20   0   13.6g 652788  29080 S 400.0   4.0  36:48.34 java
  12132 root      20   0   13.6g 652788  29080 S 400.0   4.0  36:52.34 java
  12132 root      20   0   13.6g 653188  29080 S 400.0   4.0  36:56.34 java
  12132 root      20   0   13.6g 653188  29080 S 399.0   4.0  37:00.33 java
  12132 root      20   0   13.6g 653332  29080 S 396.0   4.0  37:04.33 java
  12132 root      20   0   13.6g 653332  29080 S 402.0   4.0  37:08.35 java
  12132 root      20   0   13.6g 653332  29080 S 402.0   4.0  37:12.37 java
  12132 root      20   0   13.6g 653332  29080 S 400.0   4.0  37:16.37 java
  12132 root      20   0   13.6g 653452  29080 S 401.0   4.0  37:20.38 java
  12132 root      20   0   13.6g 653452  29080 S 401.0   4.0  37:24.39 java
  12132 root      20   0   13.6g 653452  29080 S 400.0   4.0  37:28.39 java
  12132 root      20   0   13.6g 653452  29080 S 400.0   4.0  37:32.39 java
  12132 root      20   0   13.6g 653452  29080 S 401.0   4.0  37:36.40 java
  12132 root      20   0   13.6g 654104  29080 S 403.0   4.0  37:40.43 java
  12132 root      20   0   13.6g 654104  29080 S 395.0   4.0  37:44.42 java
  12132 root      20   0   13.6g 654104  29080 S 401.0   4.0  37:48.43 java
  12132 root      20   0   13.6g 654104  29080 S 403.0   4.0  37:52.46 java
  12132 root      20   0   13.6g 654104  29080 S 399.0   4.0  37:56.45 java
  12132 root      20   0   13.6g 654104  29080 S 398.0   4.0  38:00.43 java
  12132 root      20   0   13.6g 654104  29080 S 402.0   4.0  38:04.45 java
  12132 root      20   0   13.6g 654104  29080 S 405.0   4.0  38:08.50 java
  12132 root      20   0   13.6g 654104  29080 S 398.0   4.0  38:12.48 java
  12132 root      20   0   13.6g 654104  29080 S 404.0   4.0  38:16.52 java
  12132 root      20   0   13.6g 654104  29080 S 400.0   4.0  38:20.52 java
  12132 root      20   0   13.6g 654104  29080 S 396.0   4.0  38:24.52 java
  12132 root      20   0   13.6g 654104  29080 S 399.0   4.0  38:28.51 java
  12132 root      20   0   13.6g 654332  29080 S 404.0   4.0  38:32.55 java
  12132 root      20   0   13.6g 654332  29080 S 399.0   4.0  38:36.54 java
  12132 root      20   0   13.6g 654332  29080 S 396.0   4.0  38:40.50 java
  12132 root      20   0   13.6g 656852  29080 S 407.0   4.0  38:44.57 java
  12132 root      20   0   13.6g 656852  29080 S 403.0   4.0  38:48.60 java
  12132 root      20   0   13.6g 656932  29080 S 400.0   4.0  38:52.60 java
  12132 root      20   0   13.6g 656932  29080 S 401.0   4.0  38:56.61 java
  12132 root      20   0   13.6g 657192  29080 S 397.0   4.0  39:00.62 java
  12132 root      20   0   13.6g 657192  29080 S 396.0   4.0  39:04.58 java
  12132 root      20   0   13.6g 657192  29080 S 405.0   4.0  39:08.63 java
  12132 root      20   0   13.6g 657192  29080 S 400.0   4.0  39:12.63 java
  12132 root      20   0   13.6g 657192  29080 S 401.0   4.0  39:16.64 java
  12132 root      20   0   13.6g 657192  29080 S 400.0   4.0  39:20.64 java
  12132 root      20   0   13.6g 657192  29080 S 402.0   4.0  39:24.66 java
  12132 root      20   0   13.6g 658368  29080 S 398.0   4.0  39:28.64 java
  12132 root      20   0   13.6g 658368  29080 S 404.0   4.0  39:32.68 java
  12132 root      20   0   13.6g 658368  29080 S 400.0   4.0  39:36.68 java
  12132 root      20   0   13.6g 658368  29080 S 399.0   4.0  39:40.67 java
  12132 root      20   0   13.6g 658368  29080 S 397.0   4.0  39:44.68 java
  12132 root      20   0   13.6g 658368  29080 S 403.0   4.0  39:48.71 java
  12132 root      20   0   13.6g 658368  29080 S 399.0   4.0  39:52.70 java
  12132 root      20   0   13.6g 658368  29080 S 396.0   4.0  39:56.