  24669 root      20   0 9226748 652012  29136 S  66.7   4.0  63:41.71 java
  24669 root      20   0 9226748 652012  29136 S 399.0   4.0  63:45.70 java
  24669 root      20   0 9226748 652012  29136 S 399.0   4.0  63:49.69 java
  24669 root      20   0 9226748 652012  29136 S 400.0   4.0  63:53.69 java
  24669 root      20   0 9226748 652012  29136 S 397.0   4.0  63:57.66 java
  24669 root      20   0 9226748 652880  29136 S 396.0   4.0  64:01.66 java
  24669 root      20   0 9226748 652880  29136 S 397.0   4.0  64:05.63 java
  24669 root      20   0 9226748 652880  29136 S 399.0   4.0  64:09.62 java
  24669 root      20   0 9226748 652880  29136 S 399.0   4.0  64:13.61 java
  24669 root      20   0 9226748 652880  29136 S 388.0   4.0  64:17.49 java
  24669 root      20   0 9226748 652880  29136 S 399.0   4.0  64:21.48 java
  24669 root      20   0 9226748 652880  29136 S 400.0   4.0  64:25.48 java
  24669 root      20   0 9226748 652880  29136 S 394.0   4.0  64:29.42 java
  24669 root      20   0 9226748 652880  29136 S 399.0   4.0  64:33.41 java
  24669 root      20   0 9226748 652880  29136 S 393.0   4.0  64:37.34 java
  24669 root      20   0 9226748 652880  29136 S 396.0   4.0  64:41.34 java
  24669 root      20   0 9226748 652880  29136 S 396.0   4.0  64:45.30 java
  24669 root      20   0 9226748 652880  29136 S 400.0   4.0  64:49.30 java
  24669 root      20   0 9226748 652880  29136 S 399.0   4.0  64:53.29 java
  24669 root      20   0 9226748 652880  29136 S 398.0   4.0  64:57.27 java
  24669 root      20   0 9226748 652880  29136 S 398.0   4.0  65:01.25 java
  24669 root      20   0 9226748 652880  29136 S 398.0   4.0  65:05.23 java
  24669 root      20   0 9226748 652880  29136 S 400.0   4.0  65:09.23 java
  24669 root      20   0 9226748 652880  29136 S 397.0   4.0  65:13.20 java
  24669 root      20   0 9226748 652880  29136 S 397.0   4.0  65:17.17 java
  24669 root      20   0 9226748 652880  29136 S 397.0   4.0  65:21.18 java
  24669 root      20   0 9226748 652880  29136 S 399.0   4.0  65:25.17 java
  24669 root      20   0 9226748 652880  29136 S 398.0   4.0  65:29.15 java
  24669 root      20   0 9226748 652880  29136 S 398.0   4.0  65:33.13 java
  24669 root      20   0 9226748 652880  29136 S 401.0   4.0  65:37.14 java
  24669 root      20   0 9226748 652880  29136 S 399.0   4.0  65:41.13 java
  24669 root      20   0 9226748 652880  29136 S 399.0   4.0  65:45.12 java
  24669 root      20   0 9226748 652880  29136 S 400.0   4.0  65:49.12 java
  24669 root      20   0 9226748 652880  29136 S 395.0   4.0  65:53.07 java
  24669 root      20   0 9226748 652880  29136 S 395.0   4.0  65:57.02 java
  24669 root      20   0 9226748 652880  29136 S 392.1   4.0  66:00.98 java
  24669 root      20   0 9226748 652880  29136 S 398.0   4.0  66:04.96 java
  24669 root      20   0 9226748 652880  29136 S 396.0   4.0  66:08.92 java
  24669 root      20   0 9226748 652880  29136 S 402.0   4.0  66:12.94 java
  24669 root      20   0 9226748 652880  29136 S 398.0   4.0  66:16.92 java
  24669 root      20   0 9226748 652880  29136 S 397.0   4.0  66:20.89 java
  24669 root      20   0 9226748 652880  29136 S 392.0   4.0  66:24.81 java
  24669 root      20   0 9226748 652880  29136 S 398.0   4.0  66:28.79 java
  24669 root      20   0 9226748 652880  29136 S 398.0   4.0  66:32.77 java
  24669 root      20   0 9226748 652880  29136 S 398.0   4.0  66:36.75 java
  24669 root      20   0 9226748 652880  29136 S 396.0   4.0  66:40.75 java
  24669 root      20   0 9226748 652880  29136 S 397.0   4.0  66:44.72 java
  24669 root      20   0 9226748 652880  29136 S 398.0   4.0  66:48.70 java
  24669 root      20   0 9226748 652880  29136 S 399.0   4.0  66:52.69 java
  24669 root      20   0 9226748 652880  29136 S 397.0   4.0  66:56.66 java
  24669 root      20   0 9226748 652880  29136 S 396.0   4.0  67:00.62 java
  24669 root      20   0 9226748 652880  29136 S 395.0   4.0  67:04.57 java
  24669 root      20   0 9226748 652880  29136 S 400.0   4.0  67:08.57 java
  24669 root      20   0 9226748 652880  29136 S 399.0   4.0  67:12.