  25622 root      20   0   13.6g 579032  29172 S  33.3   3.6   4:38.62 java
  25622 root      20   0   13.6g 579348  29172 S 184.0   3.6   4:40.46 java
  25622 root      20   0   13.6g 579472  29172 S 181.0   3.6   4:42.27 java
  25622 root      20   0   13.6g 579472  29172 S 177.0   3.6   4:44.04 java
  25622 root      20   0   13.6g 579472  29172 S 176.2   3.6   4:45.82 java
  25622 root      20   0   13.6g 579472  29172 S 181.0   3.6   4:47.63 java
  25622 root      20   0   13.6g 579588  29172 S 179.0   3.6   4:49.42 java
  25622 root      20   0   13.6g 579588  29172 S 179.0   3.6   4:51.21 java
  25622 root      20   0   13.6g 579752  29172 S 179.0   3.6   4:53.00 java
  25622 root      20   0   13.6g 579752  29172 S 180.0   3.6   4:54.80 java
  25622 root      20   0   13.6g 579752  29172 S 179.0   3.6   4:56.59 java
  25622 root      20   0   13.6g 579752  29172 S 179.0   3.6   4:58.38 java
  25622 root      20   0   13.6g 579920  29172 S 179.0   3.6   5:00.17 java
  25622 root      20   0   13.6g 579920  29172 S 179.0   3.6   5:01.96 java
  25622 root      20   0   13.6g 579920  29172 S 178.2   3.6   5:03.76 java
  25622 root      20   0   13.6g 580228  29172 S 181.0   3.6   5:05.57 java
  25622 root      20   0   13.6g 580228  29172 S 179.0   3.6   5:07.36 java
  25622 root      20   0   13.6g 580228  29172 S 180.0   3.6   5:09.16 java
  25622 root      20   0   13.6g 580368  29172 S 178.0   3.6   5:10.94 java
  25622 root      20   0   13.6g 580368  29172 S 179.0   3.6   5:12.73 java
  25622 root      20   0   13.6g 580368  29172 S 180.0   3.6   5:14.53 java
  25622 root      20   0   13.6g 580368  29172 S 177.0   3.6   5:16.30 java
  25622 root      20   0   13.6g 580368  29172 S 180.0   3.6   5:18.10 java
  25622 root      20   0   13.6g 580368  29172 S 179.0   3.6   5:19.89 java
  25622 root      20   0   13.6g 580368  29172 S 179.2   3.6   5:21.70 java
  25622 root      20   0   13.6g 580368  29172 S 178.0   3.6   5:23.48 java
  25622 root      20   0   13.6g 580368  29172 S 179.0   3.6   5:25.27 java
  25622 root      20   0   13.6g 580368  29172 S 181.0   3.6   5:27.08 java
  25622 root      20   0   13.6g 580368  29172 S 181.0   3.6   5:28.89 java
  25622 root      20   0   13.6g 580368  29172 S 180.0   3.6   5:30.69 java
  25622 root      20   0   13.6g 580368  29172 S 179.0   3.6   5:32.48 java
  25622 root      20   0   13.6g 580368  29172 S 181.0   3.6   5:34.29 java
  25622 root      20   0   13.6g 580368  29172 S 180.0   3.6   5:36.09 java
  25622 root      20   0   13.6g 580520  29172 S 179.0   3.6   5:37.88 java
  25622 root      20   0   13.6g 580520  29172 S 178.2   3.6   5:39.68 java
  25622 root      20   0   13.6g 580520  29172 S 179.0   3.6   5:41.47 java
  25622 root      20   0   13.6g 580520  29172 S 179.0   3.6   5:43.26 java
  25622 root      20   0   13.6g 580972  29172 S 179.0   3.6   5:45.05 java
  25622 root      20   0   13.6g 580972  29172 S 181.0   3.6   5:46.86 java
  25622 root      20   0   13.6g 580972  29172 S 181.0   3.6   5:48.67 java
  25622 root      20   0   13.6g 581112  29172 S 178.0   3.6   5:50.45 java
  25622 root      20   0   13.6g 581112  29172 S 179.0   3.6   5:52.24 java
  25622 root      20   0   13.6g 581112  29172 S 180.0   3.6   5:54.04 java
  25622 root      20   0   13.6g 581112  29172 S 181.0   3.6   5:55.85 java
  25622 root      20   0   13.6g 581112  29172 S 179.2   3.6   5:57.66 java
  25622 root      20   0   13.6g 581244  29172 S 182.0   3.6   5:59.48 java
  25622 root      20   0   13.6g 581244  29172 S 180.0   3.6   6:01.28 java
  25622 root      20   0   13.6g 581244  29172 S 180.0   3.6   6:03.08 java
  25622 root      20   0   13.6g 581244  29172 S 180.0   3.6   6:04.88 java
  25622 root      20   0   13.6g 581244  29172 S 184.0   3.6   6:06.72 java
  25622 root      20   0   13.6g 581404  29172 S 178.0   3.6   6:08.50 java
  25622 root      20   0   13.6g 582540  29172 S 178.0   3.6   6:10.28 java
  25622 root      20   0   13.6g 582676  29172 S 180.0   3.6   6:12.08 java
  25622 root      20   0   13.6g 582676  29172 S 180.0   3.6   6:13.