  11246 root      20   0 9226748 445324  29108 S  46.7   2.7  32:18.64 java
  11246 root      20   0 9226748 445324  29108 S 306.0   2.7  32:21.70 java
  11246 root      20   0 9226748 445324  29108 S 367.0   2.7  32:25.37 java
  11246 root      20   0 9226748 445324  29108 S 372.0   2.7  32:29.09 java
  11246 root      20   0 9226748 446012  29108 S 364.0   2.7  32:32.73 java
  11246 root      20   0 9226748 446012  29108 S 367.0   2.7  32:36.40 java
  11246 root      20   0 9226748 446012  29108 S 364.0   2.7  32:40.04 java
  11246 root      20   0 9226748 446012  29108 S 368.0   2.7  32:43.72 java
  11246 root      20   0 9226748 446012  29108 S 357.0   2.7  32:47.29 java
  11246 root      20   0 9226748 446012  29108 S 357.4   2.7  32:50.90 java
  11246 root      20   0 9226748 446012  29108 S 364.0   2.7  32:54.54 java
  11246 root      20   0 9226748 446012  29108 S 372.0   2.7  32:58.26 java
  11246 root      20   0 9226748 446012  29108 S 369.0   2.7  33:01.95 java
  11246 root      20   0 9226748 446012  29108 S 367.0   2.7  33:05.62 java
  11246 root      20   0 9226748 446012  29108 S 372.0   2.7  33:09.34 java
  11246 root      20   0 9226748 446012  29108 S 364.0   2.7  33:12.98 java
  11246 root      20   0 9226748 446012  29108 S 365.0   2.7  33:16.63 java
  11246 root      20   0 9226748 446012  29108 S 364.0   2.7  33:20.27 java
  11246 root      20   0 9226748 446012  29108 S 358.4   2.7  33:23.89 java
  11246 root      20   0 9226748 446012  29108 S 364.0   2.7  33:27.53 java
  11246 root      20   0 9226748 446012  29108 S 362.0   2.7  33:31.15 java
  11246 root      20   0 9226748 446012  29108 S 369.0   2.7  33:34.84 java
  11246 root      20   0 9226748 446012  29108 S 365.0   2.7  33:38.49 java
  11246 root      20   0 9226748 446012  29108 S 370.0   2.7  33:42.19 java
  11246 root      20   0 9226748 446012  29108 S 360.0   2.7  33:45.79 java
  11246 root      20   0 9226748 446012  29108 S 361.0   2.7  33:49.40 java
  11246 root      20   0 9226748 446012  29108 S 371.0   2.7  33:53.11 java
  11246 root      20   0 9226748 446012  29108 S 369.0   2.7  33:56.80 java
  11246 root      20   0 9226748 446012  29108 S 366.0   2.7  34:00.46 java
  11246 root      20   0 9226748 446012  29108 S 365.3   2.7  34:04.15 java
  11246 root      20   0 9226748 446232  29108 S 362.0   2.7  34:07.77 java
  11246 root      20   0 9226748 446232  29108 S 360.0   2.7  34:11.37 java
  11246 root      20   0 9226748 446232  29108 S 373.0   2.7  34:15.10 java
  11246 root      20   0 9226748 446232  29108 S 365.0   2.7  34:18.75 java
  11246 root      20   0 9226748 446232  29108 S 368.0   2.7  34:22.43 java
  11246 root      20   0 9226748 446436  29108 S 359.0   2.7  34:26.02 java
  11246 root      20   0 9226748 446436  29108 S 368.0   2.7  34:29.70 java
  11246 root      20   0 9226748 446436  29108 S 363.0   2.7  34:33.33 java
  11246 root      20   0 9226748 446436  29108 S 369.0   2.7  34:37.02 java
  11246 root      20   0 9226748 446436  29108 S 363.4   2.7  34:40.69 java
  11246 root      20   0 9226748 446436  29108 S 359.0   2.7  34:44.28 java
  11246 root      20   0 9226748 446436  29108 S 367.0   2.7  34:47.95 java
  11246 root      20   0 9226748 446436  29108 S 378.0   2.7  34:51.73 java
  11246 root      20   0 9226748 446436  29108 S 364.0   2.7  34:55.37 java
  11246 root      20   0 9226748 446436  29108 S 374.0   2.7  34:59.11 java
  11246 root      20   0 9226748 446436  29108 S 352.0   2.7  35:02.63 java
  11246 root      20   0 9226748 446436  29108 S 374.0   2.7  35:06.37 java
  11246 root      20   0 9226748 446436  29108 S 372.0   2.7  35:10.09 java
  11246 root      20   0 9226748 446436  29108 S 363.4   2.7  35:13.76 java
  11246 root      20   0 9226748 446436  29108 S 369.0   2.7  35:17.45 java
  11246 root      20   0 9226748 446436  29108 S 364.0   2.7  35:21.09 java
  11246 root      20   0 9226748 446436  29108 S 369.0   2.7  35:24.78 java
  11246 root      20   0 9226748 446436  29108 S 369.0   2.7  35:28.47 java
  11246 root      20   0 9226748 446436  29108 S 374.0   2.7  35:32.