  24669 root      20   0 9226748 509844  29136 S   0.0   3.1  43:53.71 java
  24669 root      20   0 9226748 510072  29136 S 378.0   3.1  43:57.49 java
  24669 root      20   0 9226748 510072  29136 S 390.0   3.1  44:01.39 java
  24669 root      20   0 9226748 510072  29136 S 394.0   3.1  44:05.33 java
  24669 root      20   0 9226748 510072  29136 S 389.1   3.1  44:09.26 java
  24669 root      20   0 9226748 510072  29136 S 389.0   3.1  44:13.15 java
  24669 root      20   0 9226748 510072  29136 S 389.0   3.1  44:17.04 java
  24669 root      20   0 9226748 510072  29136 S 396.0   3.1  44:21.00 java
  24669 root      20   0 9226748 510072  29136 S 397.0   3.1  44:24.97 java
  24669 root      20   0 9226748 510072  29136 S 393.0   3.1  44:28.90 java
  24669 root      20   0 9226748 510072  29136 S 395.0   3.1  44:32.85 java
  24669 root      20   0 9226748 510072  29136 S 399.0   3.1  44:36.84 java
  24669 root      20   0 9226748 510072  29136 S 393.0   3.1  44:40.77 java
  24669 root      20   0 9226748 510072  29136 S 397.0   3.1  44:44.74 java
  24669 root      20   0 9226748 510072  29136 S 395.0   3.1  44:48.73 java
  24669 root      20   0 9226748 510072  29136 S 400.0   3.1  44:52.73 java
  24669 root      20   0 9226748 510072  29136 S 393.0   3.1  44:56.66 java
  24669 root      20   0 9226748 510092  29136 S 397.0   3.1  45:00.63 java
  24669 root      20   0 9226748 510092  29136 S 394.0   3.1  45:04.57 java
  24669 root      20   0 9226748 510092  29136 S 388.0   3.1  45:08.45 java
  24669 root      20   0 9226748 510092  29136 S 396.0   3.1  45:12.41 java
  24669 root      20   0 9226748 510092  29136 S 397.0   3.1  45:16.38 java
  24669 root      20   0 9226748 510092  29136 S 397.0   3.1  45:20.35 java
  24669 root      20   0 9226748 510092  29136 S 396.0   3.1  45:24.31 java
  24669 root      20   0 9226748 510092  29136 S 391.1   3.1  45:28.26 java
  24669 root      20   0 9226748 510092  29136 S 391.0   3.1  45:32.17 java
  24669 root      20   0 9226748 510092  29136 S 394.0   3.1  45:36.11 java
  24669 root      20   0 9226748 510092  29136 S 399.0   3.1  45:40.10 java
  24669 root      20   0 9226748 510092  29136 S 396.0   3.1  45:44.06 java
  24669 root      20   0 9226748 510092  29136 S 399.0   3.1  45:48.05 java
  24669 root      20   0 9226748 510092  29136 S 386.0   3.1  45:51.91 java
  24669 root      20   0 9226748 510092  29136 S 395.0   3.1  45:55.86 java
  24669 root      20   0 9226748 510092  29136 S 396.0   3.1  45:59.82 java
  24669 root      20   0 9226748 510092  29136 S 391.0   3.1  46:03.73 java
  24669 root      20   0 9226748 510092  29136 S 394.1   3.1  46:07.71 java
  24669 root      20   0 9226748 510092  29136 S 396.0   3.1  46:11.67 java
  24669 root      20   0 9226748 510092  29136 S 399.0   3.1  46:15.66 java
  24669 root      20   0 9226748 510092  29136 S 395.0   3.1  46:19.61 java
  24669 root      20   0 9226748 510312  29136 S 396.0   3.1  46:23.57 java
  24669 root      20   0 9226748 510312  29136 S 397.0   3.1  46:27.54 java
  24669 root      20   0 9226748 510312  29136 S 397.0   3.1  46:31.51 java
  24669 root      20   0 9226748 510312  29136 S 394.0   3.1  46:35.45 java
  24669 root      20   0 9226748 510312  29136 S 394.0   3.1  46:39.39 java
  24669 root      20   0 9226748 510312  29136 S 398.0   3.1  46:43.37 java
  24669 root      20   0 9226748 510312  29136 S 386.1   3.1  46:47.27 java
  24669 root      20   0 9226748 510312  29136 S 397.0   3.1  46:51.24 java
  24669 root      20   0 9226748 510312  29136 S 393.0   3.1  46:55.17 java
  24669 root      20   0 9226748 510312  29136 S 393.0   3.1  46:59.10 java
  24669 root      20   0 9226748 510312  29136 S 397.0   3.1  47:03.07 java
  24669 root      20   0 9226748 510312  29136 S 395.0   3.1  47:07.02 java
  24669 root      20   0 9226748 510312  29136 S 388.0   3.1  47:10.90 java
  24669 root      20   0 9226748 510312  29136 S 396.0   3.1  47:14.86 java
  24669 root      20   0 9226748 510312  29136 S 394.0   3.1  47:18.80 java
  24669 root      20   0 9226748 510312  29136 S 390.0   3.1  47:22.