  12132 root      20   0   13.6g 614860  29080 S  20.0   3.8   7:02.05 java
  12132 root      20   0   13.6g 614860  29080 S 272.0   3.8   7:04.77 java
  12132 root      20   0   13.6g 614860  29080 S 271.0   3.8   7:07.48 java
  12132 root      20   0   13.6g 614860  29080 S 274.0   3.8   7:10.22 java
  12132 root      20   0   13.6g 615316  29080 S 279.0   3.8   7:13.01 java
  12132 root      20   0   13.6g 615316  29080 S 272.0   3.8   7:15.73 java
  12132 root      20   0   13.6g 615508  29080 S 271.0   3.8   7:18.44 java
  12132 root      20   0   13.6g 615668  29080 S 272.0   3.8   7:21.16 java
  12132 root      20   0   13.6g 615884  29080 S 275.0   3.8   7:23.91 java
  12132 root      20   0   13.6g 615884  29080 S 271.3   3.8   7:26.65 java
  12132 root      20   0   13.6g 615904  29080 S 272.0   3.8   7:29.37 java
  12132 root      20   0   13.6g 615904  29080 S 273.0   3.8   7:32.10 java
  12132 root      20   0   13.6g 615904  29080 S 273.0   3.8   7:34.83 java
  12132 root      20   0   13.6g 616136  29080 S 278.0   3.8   7:37.61 java
  12132 root      20   0   13.6g 616412  29080 S 274.0   3.8   7:40.35 java
  12132 root      20   0   13.6g 616412  29080 S 273.0   3.8   7:43.08 java
  12132 root      20   0   13.6g 616412  29080 S 273.0   3.8   7:45.81 java
  12132 root      20   0   13.6g 616412  29080 S 275.0   3.8   7:48.56 java
  12132 root      20   0   13.6g 616412  29080 S 273.0   3.8   7:51.29 java
  12132 root      20   0   13.6g 616412  29080 S 272.0   3.8   7:54.01 java
  12132 root      20   0   13.6g 616412  29080 S 266.3   3.8   7:56.70 java
  12132 root      20   0   13.6g 616412  29080 S 270.0   3.8   7:59.40 java
  12132 root      20   0   13.6g 616412  29080 S 278.0   3.8   8:02.18 java
  12132 root      20   0   13.6g 616412  29080 S 276.0   3.8   8:04.94 java
  12132 root      20   0   13.6g 616532  29080 S 270.0   3.8   8:07.64 java
  12132 root      20   0   13.6g 616532  29080 S 273.0   3.8   8:10.37 java
  12132 root      20   0   13.6g 616532  29080 S 279.0   3.8   8:13.16 java
  12132 root      20   0   13.6g 616532  29080 S 277.0   3.8   8:15.93 java
  12132 root      20   0   13.6g 616640  29080 S 273.0   3.8   8:18.66 java
  12132 root      20   0   13.6g 616640  29080 S 272.0   3.8   8:21.38 java
  12132 root      20   0   13.6g 616640  29080 S 272.3   3.8   8:24.13 java
  12132 root      20   0   13.6g 616784  29080 S 272.0   3.8   8:26.85 java
  12132 root      20   0   13.6g 616840  29080 S 275.0   3.8   8:29.60 java
  12132 root      20   0   13.6g 616968  29080 S 277.0   3.8   8:32.37 java
  12132 root      20   0   13.6g 616968  29080 S 273.0   3.8   8:35.10 java
  12132 root      20   0   13.6g 616968  29080 S 270.0   3.8   8:37.80 java
  12132 root      20   0   13.6g 616968  29080 S 280.0   3.8   8:40.60 java
  12132 root      20   0   13.6g 616968  29080 S 272.0   3.8   8:43.32 java
  12132 root      20   0   13.6g 617228  29080 S 275.0   3.8   8:46.07 java
  12132 root      20   0   13.6g 617228  29080 S 268.3   3.8   8:48.78 java
  12132 root      20   0   13.6g 617228  29080 S 274.0   3.8   8:51.52 java
  12132 root      20   0   13.6g 617228  29080 S 272.0   3.8   8:54.24 java
  12132 root      20   0   13.6g 617228  29080 S 267.0   3.8   8:56.91 java
  12132 root      20   0   13.6g 617228  29080 S 269.0   3.8   8:59.60 java
  12132 root      20   0   13.6g 617228  29080 S 275.0   3.8   9:02.35 java
  12132 root      20   0   13.6g 617228  29080 S 276.0   3.8   9:05.11 java
  12132 root      20   0   13.6g 617228  29080 S 278.0   3.8   9:07.89 java
  12132 root      20   0   13.6g 617228  29080 S 272.0   3.8   9:10.61 java
  12132 root      20   0   13.6g 617228  29080 S 276.0   3.8   9:13.37 java
  12132 root      20   0   13.6g 617684  29080 S 277.0   3.8   9:16.14 java
  12132 root      20   0   13.6g 617684  29080 S 272.3   3.8   9:18.89 java
  12132 root      20   0   13.6g 617684  29080 S 277.0   3.8   9:21.66 java
  12132 root      20   0   13.6g 617860  29080 S 279.0   3.8   9:24.45 java
  12132 root      20   0   13.6g 617860  29080 S 271.0   3.8   9:27.