  24669 root      20   0 9226748 575520  29136 S 120.0   3.5  55:45.25 java
  24669 root      20   0 9226748 575520  29136 S 362.0   3.5  55:48.87 java
  24669 root      20   0 9226748 575520  29136 S 389.0   3.5  55:52.76 java
  24669 root      20   0 9226748 575520  29136 S 400.0   3.5  55:56.76 java
  24669 root      20   0 9226748 575520  29136 S 399.0   3.5  56:00.75 java
  24669 root      20   0 9226748 575744  29136 S 394.0   3.5  56:04.69 java
  24669 root      20   0 9226748 575744  29136 S 400.0   3.5  56:08.69 java
  24669 root      20   0 9226748 575744  29136 S 397.0   3.5  56:12.66 java
  24669 root      20   0 9226748 575744  29136 S 397.0   3.5  56:16.67 java
  24669 root      20   0 9226748 575744  29136 S 398.0   3.5  56:20.65 java
  24669 root      20   0 9226748 575744  29136 S 394.0   3.5  56:24.59 java
  24669 root      20   0 9226748 575744  29136 S 401.0   3.5  56:28.60 java
  24669 root      20   0 9226748 575744  29136 S 392.0   3.5  56:32.52 java
  24669 root      20   0 9226748 575744  29136 S 401.0   3.5  56:36.53 java
  24669 root      20   0 9226748 575744  29136 S 400.0   3.5  56:40.53 java
  24669 root      20   0 9226748 575744  29136 S 397.0   3.5  56:44.50 java
  24669 root      20   0 9226748 575744  29136 S 398.0   3.5  56:48.48 java
  24669 root      20   0 9226748 575744  29136 S 400.0   3.5  56:52.48 java
  24669 root      20   0 9226748 575744  29136 S 395.0   3.5  56:56.47 java
  24669 root      20   0 9226748 575744  29136 S 396.0   3.5  57:00.43 java
  24669 root      20   0 9226748 575744  29136 S 399.0   3.5  57:04.42 java
  24669 root      20   0 9226748 651124  29136 S 400.0   4.0  57:08.42 java
  24669 root      20   0 9226748 651124  29136 S 399.0   4.0  57:12.41 java
  24669 root      20   0 9226748 651124  29136 S 396.0   4.0  57:16.37 java
  24669 root      20   0 9226748 651124  29136 S 397.0   4.0  57:20.34 java
  24669 root      20   0 9226748 651124  29136 S 401.0   4.0  57:24.35 java
  24669 root      20   0 9226748 651124  29136 S 400.0   4.0  57:28.35 java
  24669 root      20   0 9226748 651124  29136 S 390.0   4.0  57:32.25 java
  24669 root      20   0 9226748 651124  29136 S 396.0   4.0  57:36.25 java
  24669 root      20   0 9226748 651124  29136 S 400.0   4.0  57:40.25 java
  24669 root      20   0 9226748 651124  29136 S 400.0   4.0  57:44.25 java
  24669 root      20   0 9226748 651124  29136 S 397.0   4.0  57:48.22 java
  24669 root      20   0 9226748 651124  29136 S 400.0   4.0  57:52.22 java
  24669 root      20   0 9226748 651124  29136 S 399.0   4.0  57:56.21 java
  24669 root      20   0 9226748 651124  29136 S 401.0   4.0  58:00.22 java
  24669 root      20   0 9226748 651124  29136 S 396.0   4.0  58:04.18 java
  24669 root      20   0 9226748 651124  29136 S 401.0   4.0  58:08.19 java
  24669 root      20   0 9226748 651124  29136 S 396.0   4.0  58:12.15 java
  24669 root      20   0 9226748 651124  29136 S 395.0   4.0  58:16.14 java
  24669 root      20   0 9226748 651124  29136 S 398.0   4.0  58:20.12 java
  24669 root      20   0 9226748 651124  29136 S 398.0   4.0  58:24.10 java
  24669 root      20   0 9226748 651124  29136 S 399.0   4.0  58:28.09 java
  24669 root      20   0 9226748 651124  29136 S 399.0   4.0  58:32.08 java
  24669 root      20   0 9226748 651124  29136 S 400.0   4.0  58:36.08 java
  24669 root      20   0 9226748 651124  29136 S 397.0   4.0  58:40.05 java
  24669 root      20   0 9226748 651124  29136 S 399.0   4.0  58:44.04 java
  24669 root      20   0 9226748 651124  29136 S 397.0   4.0  58:48.01 java
  24669 root      20   0 9226748 651124  29136 S 396.0   4.0  58:51.97 java
  24669 root      20   0 9226748 651124  29136 S 394.1   4.0  58:55.95 java
  24669 root      20   0 9226748 651124  29136 S 395.0   4.0  58:59.90 java
  24669 root      20   0 9226748 651124  29136 S 401.0   4.0  59:03.91 java
  24669 root      20   0 9226748 651124  29136 S 398.0   4.0  59:07.89 java
  24669 root      20   0 9226748 651124  29136 S 401.0   4.0  59:11.90 java
  24669 root      20   0 9226748 651124  29136 S 397.0   4.0  59:15.