  24669 root      20   0 8552888 181240  29100 S 313.3   1.1   0:04.65 java
  24669 root      20   0 9226952 258764  29136 S 396.0   1.6   0:08.65 java
  24669 root      20   0 9226748 281852  29136 S 400.0   1.7   0:12.65 java
  24669 root      20   0 9229092 311776  29136 S 400.0   1.9   0:16.65 java
  24669 root      20   0 9226748 344344  29136 S 400.0   2.1   0:20.65 java
  24669 root      20   0 9226748 387332  29136 S 400.0   2.4   0:24.65 java
  24669 root      20   0 9226748 417220  29136 S 401.0   2.6   0:28.66 java
  24669 root      20   0 9226748 440616  29136 S 399.0   2.7   0:32.65 java
  24669 root      20   0 9226748 434808  29136 S 400.0   2.7   0:36.65 java
  24669 root      20   0 9226748 439528  29136 S 396.0   2.7   0:40.65 java
  24669 root      20   0 9226748 444568  29136 S 400.0   2.7   0:44.65 java
  24669 root      20   0 9226748 492696  29136 S 358.0   3.0   0:48.23 java
  24669 root      20   0 9226748 492960  29136 S  84.0   3.0   0:49.07 java
  24669 root      20   0 9226748 492960  29136 S  83.0   3.0   0:49.90 java
  24669 root      20   0 9226748 493008  29136 S  82.0   3.0   0:50.72 java
  24669 root      20   0 9226748 493008  29136 S  82.0   3.0   0:51.54 java
  24669 root      20   0 9226748 493008  29136 S  81.0   3.0   0:52.35 java
  24669 root      20   0 9226748 493008  29136 S  78.0   3.0   0:53.13 java
  24669 root      20   0 9226748 493008  29136 S  87.0   3.0   0:54.00 java
  24669 root      20   0 9226748 496784  29136 S  80.2   3.0   0:54.81 java
  24669 root      20   0 9226748 496940  29136 S  79.0   3.0   0:55.60 java
  24669 root      20   0 9226748 496940  29136 S  77.0   3.0   0:56.37 java
  24669 root      20   0 9226748 496940  29136 S  78.0   3.0   0:57.15 java
  24669 root      20   0 9226748 496940  29136 S  78.0   3.0   0:57.93 java
  24669 root      20   0 9226748 496940  29136 S  78.0   3.0   0:58.71 java
  24669 root      20   0 9226748 496940  29136 S  79.0   3.0   0:59.50 java
  24669 root      20   0 9226748 496940  29136 S  78.0   3.0   1:00.28 java
  24669 root      20   0 9226748 496940  29136 S  77.0   3.0   1:01.05 java
  24669 root      20   0 9226748 496940  29136 S  78.0   3.0   1:01.83 java
  24669 root      20   0 9226748 496940  29136 S  74.3   3.0   1:02.58 java
  24669 root      20   0 9226748 496940  29136 S  78.0   3.0   1:03.36 java
  24669 root      20   0 9226748 496940  29136 S  78.0   3.0   1:04.14 java
  24669 root      20   0 9226748 496940  29136 S  76.0   3.0   1:04.90 java
  24669 root      20   0 9226748 496940  29136 S  77.0   3.0   1:05.67 java
  24669 root      20   0 9226748 496940  29136 S  75.0   3.0   1:06.42 java
  24669 root      20   0 9226748 496940  29136 S  78.0   3.0   1:07.20 java
  24669 root      20   0 9226748 496940  29136 S  76.0   3.0   1:07.96 java
  24669 root      20   0 9226748 496940  29136 S  76.0   3.0   1:08.72 java
  24669 root      20   0 9226748 496940  29136 S  77.0   3.0   1:09.49 java
  24669 root      20   0 9226748 496940  29136 S  76.2   3.0   1:10.26 java
  24669 root      20   0 9226748 496940  29136 S  77.0   3.0   1:11.03 java
  24669 root      20   0 9226748 496940  29136 S  77.0   3.0   1:11.80 java
  24669 root      20   0 9226748 496940  29136 S  77.0   3.0   1:12.57 java
  24669 root      20   0 9226748 496940  29136 S  77.0   3.0   1:13.34 java
  24669 root      20   0 9226748 496940  29136 S  76.0   3.0   1:14.10 java
  24669 root      20   0 9226748 496940  29136 S  78.0   3.0   1:14.88 java
  24669 root      20   0 9226748 496940  29136 S  77.0   3.0   1:15.65 java
  24669 root      20   0 9226748 496940  29136 S  77.0   3.0   1:16.42 java
  24669 root      20   0 9226748 496940  29136 S  75.0   3.0   1:17.17 java
  24669 root      20   0 9226748 496940  29136 S  77.2   3.0   1:17.95 java
  24669 root      20   0 9226748 496940  29136 S  77.0   3.0   1:18.72 java
  24669 root      20   0 9226748 496940  29136 S  76.0   3.0   1:19.48 java
  24669 root      20   0 9226748 496940  29136 S  76.0   3.0   1:20.24 java
  24669 root      20   0 9226748 497040  29136 S  76.0   3.0   1:21.