  24669 root      20   0 9226748 507872  29136 S 120.0   3.1  40:02.96 java
  24669 root      20   0 9226748 507872  29136 S 397.0   3.1  40:06.93 java
  24669 root      20   0 9226748 507872  29136 S 380.0   3.1  40:10.73 java
  24669 root      20   0 9226748 507872  29136 S 392.0   3.1  40:14.65 java
  24669 root      20   0 9226748 508312  29136 S 387.0   3.1  40:18.52 java
  24669 root      20   0 9226748 508312  29136 S 372.0   3.1  40:22.24 java
  24669 root      20   0 9226748 508312  29136 S 378.2   3.1  40:26.06 java
  24669 root      20   0 9226748 508312  29136 S 388.0   3.1  40:29.94 java
  24669 root      20   0 9226748 508312  29136 S 380.0   3.1  40:33.74 java
  24669 root      20   0 9226748 508312  29136 S 385.0   3.1  40:37.59 java
  24669 root      20   0 9226748 508540  29136 S 389.0   3.1  40:41.48 java
  24669 root      20   0 9226748 508540  29136 S 393.0   3.1  40:45.41 java
  24669 root      20   0 9226748 508540  29136 S 386.0   3.1  40:49.27 java
  24669 root      20   0 9226748 508540  29136 S 389.0   3.1  40:53.16 java
  24669 root      20   0 9226748 508540  29136 S 375.0   3.1  40:56.91 java
  24669 root      20   0 9226748 508540  29136 S 373.0   3.1  41:00.64 java
  24669 root      20   0 9226748 508540  29136 S 374.3   3.1  41:04.42 java
  24669 root      20   0 9226748 508540  29136 S 382.0   3.1  41:08.24 java
  24669 root      20   0 9226748 508540  29136 S 393.0   3.1  41:12.17 java
  24669 root      20   0 9226748 508540  29136 S 379.0   3.1  41:15.96 java
  24669 root      20   0 9226748 508752  29136 S 381.0   3.1  41:19.77 java
  24669 root      20   0 9226748 508752  29136 S 391.0   3.1  41:23.68 java
  24669 root      20   0 9226748 508752  29136 S 394.0   3.1  41:27.62 java
  24669 root      20   0 9226748 508752  29136 S 379.0   3.1  41:31.41 java
  24669 root      20   0 9226748 508752  29136 S 394.0   3.1  41:35.35 java
  24669 root      20   0 9226748 509176  29136 S 383.0   3.1  41:39.18 java
  24669 root      20   0 9226748 509176  29136 S 386.1   3.1  41:43.08 java
  24669 root      20   0 9226748 509176  29136 S 389.0   3.1  41:46.97 java
  24669 root      20   0 9226748 509176  29136 S 391.0   3.1  41:50.88 java
  24669 root      20   0 9226748 509176  29136 S 392.0   3.1  41:54.80 java
  24669 root      20   0 9226748 509176  29136 S 386.0   3.1  41:58.66 java
  24669 root      20   0 9226748 509404  29136 S 377.0   3.1  42:02.43 java
  24669 root      20   0 9226748 509404  29136 S 392.0   3.1  42:06.35 java
  24669 root      20   0 9226748 509404  29136 S 383.0   3.1  42:10.18 java
  24669 root      20   0 9226748 509404  29136 S 390.0   3.1  42:14.08 java
  24669 root      20   0 9226748 509404  29136 S 384.0   3.1  42:17.92 java
  24669 root      20   0 9226748 509404  29136 S 381.2   3.1  42:21.77 java
  24669 root      20   0 9226748 509624  29136 S 384.0   3.1  42:25.61 java
  24669 root      20   0 9226748 509624  29136 S 385.0   3.1  42:29.46 java
  24669 root      20   0 9226748 509624  29136 S 392.0   3.1  42:33.38 java
  24669 root      20   0 9226748 509624  29136 S 389.0   3.1  42:37.27 java
  24669 root      20   0 9226748 509844  29136 S 388.0   3.1  42:41.15 java
  24669 root      20   0 9226748 509844  29136 S 386.0   3.1  42:45.01 java
  24669 root      20   0 9226748 509844  29136 S 382.0   3.1  42:48.83 java
  24669 root      20   0 9226748 509844  29136 S 379.0   3.1  42:52.62 java
  24669 root      20   0 9226748 509844  29136 S 381.0   3.1  42:56.43 java
  24669 root      20   0 9226748 509844  29136 S 375.2   3.1  43:00.22 java
  24669 root      20   0 9226748 509844  29136 S 391.0   3.1  43:04.13 java
  24669 root      20   0 9226748 509844  29136 S 390.0   3.1  43:08.03 java
  24669 root      20   0 9226748 509844  29136 S 393.0   3.1  43:11.96 java
  24669 root      20   0 9226748 509844  29136 S 391.0   3.1  43:15.87 java
  24669 root      20   0 9226748 509844  29136 S 386.0   3.1  43:19.73 java
  24669 root      20   0 9226748 509844  29136 S 375.0   3.1  43:23.48 java
  24669 root      20   0 9226748 509844  29136 S 375.0   3.1  43:27.