  24669 root      20   0 9226748 510312  29136 S   0.0   3.1  47:50.24 java
  24669 root      20   0 9226748 510484  29136 S 358.4   3.1  47:53.86 java
  24669 root      20   0 9226748 510484  29136 S 398.0   3.1  47:57.84 java
  24669 root      20   0 9226748 510484  29136 S 393.0   3.1  48:01.77 java
  24669 root      20   0 9226748 510700  29136 S 391.0   3.1  48:05.68 java
  24669 root      20   0 9226748 510700  29136 S 397.0   3.1  48:09.65 java
  24669 root      20   0 9226748 510700  29136 S 393.0   3.1  48:13.58 java
  24669 root      20   0 9226748 510700  29136 S 388.0   3.1  48:17.46 java
  24669 root      20   0 9226748 510700  29136 S 395.0   3.1  48:21.41 java
  24669 root      20   0 9226748 510700  29136 S 387.0   3.1  48:25.28 java
  24669 root      20   0 9226748 510700  29136 S 391.0   3.1  48:29.19 java
  24669 root      20   0 9226748 510700  29136 S 396.0   3.1  48:33.19 java
  24669 root      20   0 9226748 510904  29136 S 396.0   3.1  48:37.15 java
  24669 root      20   0 9226748 510904  29136 S 395.0   3.1  48:41.10 java
  24669 root      20   0 9226748 510904  29136 S 395.0   3.1  48:45.05 java
  24669 root      20   0 9226748 511104  29136 S 400.0   3.1  48:49.05 java
  24669 root      20   0 9226748 511104  29136 S 394.0   3.1  48:52.99 java
  24669 root      20   0 9226748 511104  29136 S 393.0   3.1  48:56.92 java
  24669 root      20   0 9226748 511104  29136 S 393.0   3.1  49:00.85 java
  24669 root      20   0 9226748 511104  29136 S 392.0   3.1  49:04.77 java
  24669 root      20   0 9226748 511104  29136 S 398.0   3.1  49:08.75 java
  24669 root      20   0 9226748 511104  29136 S 387.1   3.1  49:12.66 java
  24669 root      20   0 9226748 511104  29136 S 396.0   3.1  49:16.62 java
  24669 root      20   0 9226748 511336  29136 S 394.0   3.1  49:20.56 java
  24669 root      20   0 9226748 511336  29136 S 391.0   3.1  49:24.47 java
  24669 root      20   0 9226748 511336  29136 S 398.0   3.1  49:28.45 java
  24669 root      20   0 9226748 511336  29136 S 397.0   3.1  49:32.42 java
  24669 root      20   0 9226748 511568  29136 S 393.0   3.1  49:36.35 java
  24669 root      20   0 9226748 511568  29136 S 389.0   3.1  49:40.24 java
  24669 root      20   0 9226748 511568  29136 S 395.0   3.1  49:44.19 java
  24669 root      20   0 9226748 511568  29136 S 395.0   3.1  49:48.14 java
  24669 root      20   0 9226748 511568  29136 S 391.1   3.1  49:52.09 java
  24669 root      20   0 9226748 511568  29136 S 396.0   3.1  49:56.05 java
  24669 root      20   0 9226748 511568  29136 S 399.0   3.1  50:00.04 java
  24669 root      20   0 9226748 511568  29136 S 398.0   3.1  50:04.02 java
  24669 root      20   0 9226748 511568  29136 S 393.0   3.1  50:07.95 java
  24669 root      20   0 9226748 511568  29136 S 396.0   3.1  50:11.91 java
  24669 root      20   0 9226748 511796  29136 S 392.0   3.1  50:15.83 java
  24669 root      20   0 9226748 511796  29136 S 394.0   3.1  50:19.77 java
  24669 root      20   0 9226748 511796  29136 S 395.0   3.1  50:23.72 java
  24669 root      20   0 9226748 511796  29136 S 393.0   3.1  50:27.65 java
  24669 root      20   0 9226748 511796  29136 S 389.1   3.1  50:31.58 java
  24669 root      20   0 9226748 511796  29136 S 394.0   3.1  50:35.52 java
  24669 root      20   0 9226748 511796  29136 S 395.0   3.1  50:39.47 java
  24669 root      20   0 9226748 511796  29136 S 398.0   3.1  50:43.45 java
  24669 root      20   0 9226748 512024  29136 S 399.0   3.1  50:47.44 java
  24669 root      20   0 9226748 573912  29136 S 397.0   3.5  50:51.41 java
  24669 root      20   0 9226748 573912  29136 S 397.0   3.5  50:55.38 java
  24669 root      20   0 9226748 573912  29136 S 396.0   3.5  50:59.34 java
  24669 root      20   0 9226748 573912  29136 S 387.0   3.5  51:03.21 java
  24669 root      20   0 9226748 574160  29136 S 394.0   3.5  51:07.15 java
  24669 root      20   0 9226748 574160  29136 S 391.1   3.5  51:11.10 java
  24669 root      20   0 9226748 574160  29136 S 396.0   3.5  51:15.06 java
  24669 root      20   0 9226748 574160  29136 S 393.0   3.5  51:18.