  12132 root      20   0   13.6g 623052  29080 S   0.0   3.8  12:31.95 java
  12132 root      20   0   13.6g 623128  29080 S 345.0   3.8  12:35.40 java
  12132 root      20   0   13.6g 623128  29080 S 388.0   3.8  12:39.28 java
  12132 root      20   0   13.6g 623152  29080 S 391.0   3.8  12:43.19 java
  12132 root      20   0   13.6g 623216  29080 S 405.0   3.8  12:47.24 java
  12132 root      20   0   13.6g 623216  29080 S 393.0   3.8  12:51.17 java
  12132 root      20   0   13.6g 623404  29080 S 392.0   3.8  12:55.09 java
  12132 root      20   0   13.6g 623584  29080 S 394.0   3.8  12:59.03 java
  12132 root      20   0   13.6g 623584  29080 S 390.0   3.8  13:02.93 java
  12132 root      20   0   13.6g 623584  29080 S 390.1   3.8  13:06.87 java
  12132 root      20   0   13.6g 623972  29080 S 395.0   3.8  13:10.82 java
  12132 root      20   0   13.6g 625392  29080 S 394.0   3.8  13:14.76 java
  12132 root      20   0   13.6g 625508  29080 S 396.0   3.8  13:18.72 java
  12132 root      20   0   13.6g 625896  29080 S 392.0   3.8  13:22.64 java
  12132 root      20   0   13.6g 626448  29080 S 394.0   3.8  13:26.58 java
  12132 root      20   0   13.6g 626796  29080 S 392.0   3.8  13:30.50 java
  12132 root      20   0   13.6g 626796  29080 S 388.0   3.8  13:34.38 java
  12132 root      20   0   13.6g 627416  29080 S 396.0   3.8  13:38.34 java
  12132 root      20   0   13.6g 627416  29080 S 388.1   3.8  13:42.26 java
  12132 root      20   0   13.6g 627544  29080 S 395.0   3.8  13:46.21 java
  12132 root      20   0   13.6g 627544  29080 S 392.0   3.8  13:50.13 java
  12132 root      20   0   13.6g 627544  29080 S 391.0   3.8  13:54.04 java
  12132 root      20   0   13.6g 627544  29080 S 396.0   3.8  13:58.00 java
  12132 root      20   0   13.6g 627924  29080 S 394.0   3.9  14:01.94 java
  12132 root      20   0   13.6g 627924  29080 S 389.0   3.9  14:05.83 java
  12132 root      20   0   13.6g 628664  29080 S 396.0   3.9  14:09.79 java
  12132 root      20   0   13.6g 628664  29080 S 395.0   3.9  14:13.74 java
  12132 root      20   0   13.6g 628664  29080 S 395.0   3.9  14:17.69 java
  12132 root      20   0   13.6g 628664  29080 S 393.0   3.9  14:21.62 java
  12132 root      20   0   13.6g 628664  29080 S 381.2   3.9  14:25.47 java
  12132 root      20   0   13.6g 628776  29080 S 388.0   3.9  14:29.35 java
  12132 root      20   0   13.6g 628776  29080 S 393.0   3.9  14:33.28 java
  12132 root      20   0   13.6g 628776  29080 S 388.0   3.9  14:37.16 java
  12132 root      20   0   13.6g 628776  29080 S 392.0   3.9  14:41.08 java
  12132 root      20   0   13.6g 628776  29080 S 394.0   3.9  14:45.02 java
  12132 root      20   0   13.6g 628880  29080 S 397.0   3.9  14:48.99 java
  12132 root      20   0   13.6g 628880  29080 S 393.0   3.9  14:52.92 java
  12132 root      20   0   13.6g 628988  29080 S 392.0   3.9  14:56.84 java
  12132 root      20   0   13.6g 629088  29080 S 387.0   3.9  15:00.71 java
  12132 root      20   0   13.6g 629088  29080 S 385.1   3.9  15:04.60 java
  12132 root      20   0   13.6g 629088  29080 S 386.0   3.9  15:08.46 java
  12132 root      20   0   13.6g 629088  29080 S 388.0   3.9  15:12.34 java
  12132 root      20   0   13.6g 629088  29080 S 384.0   3.9  15:16.18 java
  12132 root      20   0   13.6g 629088  29080 S 385.0   3.9  15:20.03 java
  12132 root      20   0   13.6g 629088  29080 S 388.0   3.9  15:23.91 java
  12132 root      20   0   13.6g 629088  29080 S 393.0   3.9  15:27.84 java
  12132 root      20   0   13.6g 629088  29080 S 394.0   3.9  15:31.78 java
  12132 root      20   0   13.6g 629924  29080 S 393.0   3.9  15:35.71 java
  12132 root      20   0   13.6g 629924  29080 S 391.1   3.9  15:39.66 java
  12132 root      20   0   13.6g 629924  29080 S 391.0   3.9  15:43.57 java
  12132 root      20   0   13.6g 629924  29080 S 390.0   3.9  15:47.47 java
  12132 root      20   0   13.6g 629924  29080 S 390.0   3.9  15:51.37 java
  12132 root      20   0   13.6g 629924  29080 S 393.0   3.9  15:55.30 java
  12132 root      20   0   13.6g 629924  29080 S 387.0   3.9  15:59.