  25622 root      20   0   13.6g 609060  29172 S   0.0   3.7  27:53.61 java
  25622 root      20   0   13.6g 609060  29172 S 374.0   3.7  27:57.35 java
  25622 root      20   0   13.6g 609060  29172 S 400.0   3.7  28:01.35 java
  25622 root      20   0   13.6g 609060  29172 S 401.0   3.7  28:05.36 java
  25622 root      20   0   13.6g 609204  29172 S 399.0   3.7  28:09.35 java
  25622 root      20   0   13.6g 609348  29172 S 401.0   3.7  28:13.36 java
  25622 root      20   0   13.6g 609596  29172 S 400.0   3.7  28:17.36 java
  25622 root      20   0   13.6g 609596  29172 S 399.0   3.7  28:21.35 java
  25622 root      20   0   13.6g 609596  29172 S 397.0   3.7  28:25.36 java
  25622 root      20   0   13.6g 609596  29172 S 401.0   3.7  28:29.37 java
  25622 root      20   0   13.6g 611284  29172 S 401.0   3.7  28:33.38 java
  25622 root      20   0   13.6g 611284  29172 S 399.0   3.7  28:37.37 java
  25622 root      20   0   13.6g 611584  29172 S 403.0   3.8  28:41.40 java
  25622 root      20   0   13.6g 611584  29172 S 400.0   3.8  28:45.40 java
  25622 root      20   0   13.6g 611584  29172 S 401.0   3.8  28:49.41 java
  25622 root      20   0   13.6g 611584  29172 S 401.0   3.8  28:53.42 java
  25622 root      20   0   13.6g 611584  29172 S 400.0   3.8  28:57.42 java
  25622 root      20   0   13.6g 611584  29172 S 402.0   3.8  29:01.44 java
  25622 root      20   0   13.6g 611584  29172 S 397.0   3.8  29:05.45 java
  25622 root      20   0   13.6g 611584  29172 S 401.0   3.8  29:09.46 java
  25622 root      20   0   13.6g 611584  29172 S 398.0   3.8  29:13.44 java
  25622 root      20   0   13.6g 611820  29172 S 405.0   3.8  29:17.49 java
  25622 root      20   0   13.6g 663120  29172 S 399.0   4.1  29:21.48 java
  25622 root      20   0   13.6g 663120  29172 S 400.0   4.1  29:25.48 java
  25622 root      20   0   13.6g 663120  29172 S 403.0   4.1  29:29.51 java
  25622 root      20   0   13.6g 663120  29172 S 401.0   4.1  29:33.52 java
  25622 root      20   0   13.6g 663120  29172 S 401.0   4.1  29:37.53 java
  25622 root      20   0   13.6g 663120  29172 S 401.0   4.1  29:41.54 java
  25622 root      20   0   13.6g 663120  29172 S 393.1   4.1  29:45.51 java
  25622 root      20   0   13.6g 663120  29172 S 403.0   4.1  29:49.54 java
  25622 root      20   0   13.6g 663120  29172 S 403.0   4.1  29:53.57 java
  25622 root      20   0   13.6g 663120  29172 S 397.0   4.1  29:57.54 java
  25622 root      20   0   13.6g 663120  29172 S 403.0   4.1  30:01.57 java
  25622 root      20   0   13.6g 663120  29172 S 399.0   4.1  30:05.56 java
  25622 root      20   0   13.6g 663120  29172 S 401.0   4.1  30:09.57 java
  25622 root      20   0   13.6g 663120  29172 S 404.0   4.1  30:13.61 java
  25622 root      20   0   13.6g 663380  29172 S 400.0   4.1  30:17.61 java
  25622 root      20   0   13.6g 663380  29172 S 402.0   4.1  30:21.63 java
  25622 root      20   0   13.6g 663380  29172 S 394.1   4.1  30:25.61 java
  25622 root      20   0   13.6g 663380  29172 S 402.0   4.1  30:29.63 java
  25622 root      20   0   13.6g 663380  29172 S 401.0   4.1  30:33.64 java
  25622 root      20   0   13.6g 663380  29172 S 401.0   4.1  30:37.65 java
  25622 root      20   0   13.6g 663380  29172 S 401.0   4.1  30:41.66 java
  25622 root      20   0   13.6g 663380  29172 S 399.0   4.1  30:45.65 java
  25622 root      20   0   13.6g 663380  29172 S 401.0   4.1  30:49.66 java
  25622 root      20   0   13.6g 663784  29172 S 402.0   4.1  30:53.68 java
  25622 root      20   0   13.6g 663784  29172 S 400.0   4.1  30:57.68 java
  25622 root      20   0   13.6g 663784  29172 S 400.0   4.1  31:01.68 java
  25622 root      20   0   13.6g 663784  29172 S 399.0   4.1  31:05.71 java
  25622 root      20   0   13.6g 663784  29172 S 398.0   4.1  31:09.69 java
  25622 root      20   0   13.6g 663784  29172 S 400.0   4.1  31:13.69 java
  25622 root      20   0   13.6g 663784  29172 S 401.0   4.1  31:17.70 java
  25622 root      20   0   13.6g 663784  29172 S 401.0   4.1  31:21.71 java
  25622 root      20   0   13.6g 663916  29172 S 400.0   4.1  31:25.