  25622 root      20   0   13.6g 535200  29172 S 113.3   3.3   1:53.91 java
  25622 root      20   0   13.6g 594684  29172 S 376.0   3.6   1:57.67 java
  25622 root      20   0   13.6g 595340  29172 S 114.0   3.7   1:58.81 java
  25622 root      20   0   13.6g 582452  29172 S  92.0   3.6   1:59.73 java
  25622 root      20   0   13.6g 582572  29172 S  91.0   3.6   2:00.64 java
  25622 root      20   0   13.6g 582820  29172 S  98.0   3.6   2:01.62 java
  25622 root      20   0   13.6g 582820  29172 S  91.0   3.6   2:02.53 java
  25622 root      20   0   13.6g 582820  29172 S  98.0   3.6   2:03.51 java
  25622 root      20   0   13.6g 565584  29172 S  98.0   3.5   2:04.50 java
  25622 root      20   0   13.6g 565584  29172 S  91.0   3.5   2:05.41 java
  25622 root      20   0   13.6g 565584  29172 S  92.0   3.5   2:06.33 java
  25622 root      20   0   13.6g 565732  29172 S  92.0   3.5   2:07.25 java
  25622 root      20   0   13.6g 565880  29172 S  92.0   3.5   2:08.17 java
  25622 root      20   0   13.6g 565880  29172 S  92.0   3.5   2:09.09 java
  25622 root      20   0   13.6g 565880  29172 S  93.0   3.5   2:10.02 java
  25622 root      20   0   13.6g 565880  29172 S  90.0   3.5   2:10.92 java
  25622 root      20   0   13.6g 565880  29172 S  90.0   3.5   2:11.82 java
  25622 root      20   0   13.6g 565880  29172 S  89.0   3.5   2:12.71 java
  25622 root      20   0   13.6g 565880  29172 S  91.1   3.5   2:13.63 java
  25622 root      20   0   13.6g 565880  29172 S  92.0   3.5   2:14.55 java
  25622 root      20   0   13.6g 565880  29172 S  89.0   3.5   2:15.44 java
  25622 root      20   0   13.6g 565880  29172 S  90.0   3.5   2:16.34 java
  25622 root      20   0   13.6g 565880  29172 S  91.0   3.5   2:17.25 java
  25622 root      20   0   13.6g 565880  29172 S  91.0   3.5   2:18.16 java
  25622 root      20   0   13.6g 565880  29172 S  90.0   3.5   2:19.06 java
  25622 root      20   0   13.6g 565880  29172 S  90.0   3.5   2:19.96 java
  25622 root      20   0   13.6g 565880  29172 S  89.0   3.5   2:20.85 java
  25622 root      20   0   13.6g 565880  29172 S  91.0   3.5   2:21.76 java
  25622 root      20   0   13.6g 565880  29172 S  88.1   3.5   2:22.65 java
  25622 root      20   0   13.6g 569104  29172 S  92.0   3.5   2:23.57 java
  25622 root      20   0   13.6g 569104  29172 S  89.0   3.5   2:24.46 java
  25622 root      20   0   13.6g 569600  29172 S  90.0   3.5   2:25.36 java
  25622 root      20   0   13.6g 569600  29172 S  90.0   3.5   2:26.26 java
  25622 root      20   0   13.6g 569600  29172 S  89.0   3.5   2:27.15 java
  25622 root      20   0   13.6g 569600  29172 S 101.0   3.5   2:28.16 java
  25622 root      20   0   13.6g 569600  29172 S  89.0   3.5   2:29.05 java
  25622 root      20   0   13.6g 569600  29172 S  89.0   3.5   2:29.94 java
  25622 root      20   0   13.6g 569600  29172 S  90.0   3.5   2:30.84 java
  25622 root      20   0   13.6g 569696  29172 S  89.1   3.5   2:31.74 java
  25622 root      20   0   13.6g 569696  29172 S  87.0   3.5   2:32.61 java
  25622 root      20   0   13.6g 569696  29172 S  90.0   3.5   2:33.51 java
  25622 root      20   0   13.6g 569696  29172 S  88.0   3.5   2:34.39 java
  25622 root      20   0   13.6g 569696  29172 S  90.0   3.5   2:35.29 java
  25622 root      20   0   13.6g 569696  29172 S  89.0   3.5   2:36.18 java
  25622 root      20   0   13.6g 569696  29172 S  90.0   3.5   2:37.08 java
  25622 root      20   0   13.6g 569696  29172 S  90.0   3.5   2:37.98 java
  25622 root      20   0   13.6g 569696  29172 S  90.0   3.5   2:38.88 java
  25622 root      20   0   13.6g 569696  29172 S  90.0   3.5   2:39.78 java
  25622 root      20   0   13.6g 569696  29172 S  88.1   3.5   2:40.67 java
  25622 root      20   0   13.6g 569876  29172 S 101.0   3.5   2:41.68 java
  25622 root      20   0   13.6g 569996  29172 S 111.0   3.5   2:42.79 java
  25622 root      20   0   13.6g 570048  29172 S  99.0   3.5   2:43.78 java
  25622 root      20   0   13.6g 570048  29172 S  90.0   3.5   2:44.68 java
  25622 root      20   0   13.6g 570048  29172 S  89.0   3.5   2:45.