Running 1m test @ http://erik-pc.local:8080/greeting/Bob
  4 threads and 100 connections
  Thread calibration: mean lat.: 109.285ms, rate sampling interval: 355ms
  Thread calibration: mean lat.: 106.188ms, rate sampling interval: 375ms
  Thread calibration: mean lat.: 106.255ms, rate sampling interval: 393ms
  Thread calibration: mean lat.: 276.016ms, rate sampling interval: 2113ms
  Thread Stats   Avg      Stdev     Max   +/- Stdev
    Latency   680.68ms    1.24s    5.68s    86.01%
    Req/Sec    18.27k     2.52k   25.05k    70.07%
  Latency Distribution (HdrHistogram - Recorded Latency)
 50.000%   89.34ms
 75.000%  584.70ms
 90.000%    2.48s 
 99.000%    4.90s 
 99.900%    5.20s 
 99.990%    5.55s 
 99.999%    5.65s 
100.000%    5.68s 

  Detailed Percentile spectrum:
       Value   Percentile   TotalCount 1/(1-Percentile)

       0.164     0.000000            1         1.00
      12.879     0.100000       362802         1.11
      28.575     0.200000       725687         1.25
      40.799     0.300000      1088968         1.43
      57.535     0.400000      1450939         1.67
      89.343     0.500000      1813708         2.00
     108.351     0.550000      1995048         2.22
     135.551     0.600000      2176491         2.50
     177.663     0.650000      2357718         2.86
     254.079     0.700000      2539086         3.33
     584.703     0.750000      2720508         4.00
     824.319     0.775000      2811224         4.44
    1143.807     0.800000      2901750         5.00
    1445.887     0.825000      2992676         5.71
    1795.071     0.850000      3083114         6.67
    2101.247     0.875000      3173761         8.00
    2289.663     0.887500      3219199         8.89
    2476.031     0.900000      3264647        10.00
    2697.215     0.912500      3309770        11.43
    3205.119     0.925000      3355098        13.33
    3811.327     0.937500      3400600        16.00
    4036.607     0.943750      3423327        17.78
    4177.919     0.950000      3445996        20.00
    4255.743     0.956250      3468917        22.86
    4333.567     0.962500      3492174        26.67
    4435.967     0.968750      3514266        32.00
    4501.503     0.971875      3525698        35.56
    4562.943     0.975000      3536585        40.00
    4657.151     0.978125      3548275        45.71
    4722.687     0.981250      3559275        53.33
    4771.839     0.984375      3570689        64.00
    4796.415     0.985938      3576611        71.11
    4829.183     0.987500      3581862        80.00
    4878.335     0.989062      3587741        91.43
    4915.199     0.990625      3593377       106.67
    4947.967     0.992188      3599456       128.00
    4964.351     0.992969      3602176       142.22
    4980.735     0.993750      3604955       160.00
    4997.119     0.994531      3607736       182.86
    5013.503     0.995313      3610260       213.33
    5038.079     0.996094      3613437       256.00
    5050.367     0.996484      3614852       284.44
    5062.655     0.996875      3616197       320.00
    5074.943     0.997266      3617454       365.71
    5091.327     0.997656      3618994       426.67
    5107.711     0.998047      3620343       512.00
    5115.903     0.998242      3620903       568.89
    5128.191     0.998437      3621607       640.00
    5144.575     0.998633      3622315       731.43
    5169.151     0.998828      3622961       853.33
    5201.919     0.999023      3623626      1024.00
    5218.303     0.999121      3624003      1137.78
    5230.591     0.999219      3624322      1280.00
    5242.879     0.999316      3624668      1462.86
    5263.359     0.999414      3625025      1706.67
    5312.511     0.999512      3625363      2048.00
    5349.375     0.999561      3625548      2275.56
    5386.239     0.999609      3625716      2560.00
    5419.007     0.999658      3625920      2925.71
    5435.391     0.999707      3626077      3413.33
    5451.775     0.999756      3626290      4096.00
    5459.967     0.999780      3626378      4551.11
    5468.159     0.999805      3626451      5120.00
    5484.543     0.999829      3626521      5851.43
    5500.927     0.999854      3626614      6826.67
    5525.503     0.999878      3626700      8192.00
    5537.791     0.999890      3626747      9102.22
    5545.983     0.999902      3626794     10240.00
    5562.367     0.999915      3626826     11702.86
    5586.943     0.999927      3626873     13653.33
    5603.327     0.999939      3626928     16384.00
    5607.423     0.999945      3626943     18204.44
    5611.519     0.999951      3626958     20480.00
    5619.711     0.999957      3626982     23405.71
    5627.903     0.999963      3627006     27306.67
    5636.095     0.999969      3627035     32768.00
    5636.095     0.999973      3627035     36408.89
    5640.191     0.999976      3627050     40960.00
    5644.287     0.999979      3627079     46811.43
    5644.287     0.999982      3627079     54613.33
    5644.287     0.999985      3627079     65536.00
    5648.383     0.999986      3627093     72817.78
    5648.383     0.999988      3627093     81920.00
    5652.479     0.999989      3627100     93622.86
    5652.479     0.999991      3627100    109226.67
    5656.575     0.999992      3627107    131072.00
    5660.671     0.999993      3627114    145635.56
    5660.671     0.999994      3627114    163840.00
    5660.671     0.999995      3627114    187245.71
    5664.767     0.999995      3627119    218453.33
    5664.767     0.999996      3627119    262144.00
    5681.151     0.999997      3627132    291271.11
    5681.151     1.000000      3627132          inf
#[Mean    =      680.675, StdDeviation   =     1238.510]
#[Max     =     5677.056, Total count    =      3627132]
#[Buckets =           27, SubBuckets     =         2048]
----------------------------------------------------------
  4353483 requests in 1.00m, 303.08MB read
Requests/sec:  72558.47
Transfer/sec:      5.05MB
