Running 1m test @ http://erik-pc.local:8080/greeting/Bob
  4 threads and 100 connections
  Thread calibration: mean lat.: 1.359ms, rate sampling interval: 10ms
  Thread calibration: mean lat.: 1.366ms, rate sampling interval: 10ms
  Thread calibration: mean lat.: 1.490ms, rate sampling interval: 10ms
  Thread calibration: mean lat.: 1.357ms, rate sampling interval: 10ms
  Thread Stats   Avg      Stdev     Max   +/- Stdev
    Latency     1.39ms  557.29us   7.27ms   66.24%
    Req/Sec     2.64k   334.26     4.22k    85.48%
  Latency Distribution (HdrHistogram - Recorded Latency)
 50.000%    1.32ms
 75.000%    1.79ms
 90.000%    2.13ms
 99.000%    2.61ms
 99.900%    5.12ms
 99.990%    6.40ms
 99.999%    6.98ms
100.000%    7.28ms

  Detailed Percentile spectrum:
       Value   Percentile   TotalCount 1/(1-Percentile)

       0.315     0.000000            1         1.00
       0.728     0.100000        49929         1.11
       0.886     0.200000       100086         1.25
       1.024     0.300000       149634         1.43
       1.165     0.400000       199658         1.67
       1.322     0.500000       249418         2.00
       1.407     0.550000       274375         2.22
       1.499     0.600000       299270         2.50
       1.597     0.650000       324383         2.86
       1.694     0.700000       349147         3.33
       1.791     0.750000       374105         4.00
       1.840     0.775000       386606         4.44
       1.891     0.800000       399107         5.00
       1.945     0.825000       411541         5.71
       2.002     0.850000       424146         6.67
       2.061     0.875000       436453         8.00
       2.093     0.887500       442729         8.89
       2.129     0.900000       449071        10.00
       2.167     0.912500       455282        11.43
       2.209     0.925000       461521        13.33
       2.255     0.937500       467746        16.00
       2.279     0.943750       470806        17.78
       2.305     0.950000       473883        20.00
       2.335     0.956250       477118        22.86
       2.365     0.962500       480071        26.67
       2.401     0.968750       483216        32.00
       2.421     0.971875       484725        35.56
       2.443     0.975000       486335        40.00
       2.465     0.978125       487907        45.71
       2.493     0.981250       489515        53.33
       2.525     0.984375       490988        64.00
       2.545     0.985938       491787        71.11
       2.569     0.987500       492557        80.00
       2.595     0.989062       493329        91.43
       2.625     0.990625       494077       106.67
       2.667     0.992188       494869       128.00
       2.691     0.992969       495243       142.22
       2.721     0.993750       495634       160.00
       2.757     0.994531       496036       182.86
       2.807     0.995313       496411       213.33
       2.881     0.996094       496804       256.00
       2.939     0.996484       497000       284.44
       3.033     0.996875       497192       320.00
       3.261     0.997266       497385       365.71
       4.223     0.997656       497582       426.67
       4.523     0.998047       497775       512.00
       4.655     0.998242       497875       568.89
       4.755     0.998437       497970       640.00
       4.875     0.998633       498069       731.43
       4.995     0.998828       498165       853.33
       5.135     0.999023       498266      1024.00
       5.187     0.999121       498311      1137.78
       5.263     0.999219       498361      1280.00
       5.355     0.999316       498409      1462.86
       5.463     0.999414       498458      1706.67
       5.575     0.999512       498505      2048.00
       5.655     0.999561       498529      2275.56
       5.719     0.999609       498554      2560.00
       5.795     0.999658       498578      2925.71
       5.855     0.999707       498602      3413.33
       5.995     0.999756       498627      4096.00
       6.083     0.999780       498639      4551.11
       6.107     0.999805       498651      5120.00
       6.167     0.999829       498663      5851.43
       6.219     0.999854       498676      6826.67
       6.327     0.999878       498689      8192.00
       6.375     0.999890       498694      9102.22
       6.407     0.999902       498700     10240.00
       6.463     0.999915       498706     11702.86
       6.515     0.999927       498712     13653.33
       6.579     0.999939       498719     16384.00
       6.607     0.999945       498721     18204.44
       6.647     0.999951       498725     20480.00
       6.691     0.999957       498727     23405.71
       6.747     0.999963       498730     27306.67
       6.815     0.999969       498733     32768.00
       6.827     0.999973       498735     36408.89
       6.863     0.999976       498736     40960.00
       6.903     0.999979       498738     46811.43
       6.907     0.999982       498739     54613.33
       6.959     0.999985       498741     65536.00
       6.967     0.999986       498742     72817.78
       6.967     0.999988       498742     81920.00
       6.979     0.999989       498743     93622.86
       7.015     0.999991       498744    109226.67
       7.043     0.999992       498745    131072.00
       7.043     0.999993       498745    145635.56
       7.043     0.999994       498745    163840.00
       7.159     0.999995       498746    187245.71
       7.159     0.999995       498746    218453.33
       7.199     0.999996       498747    262144.00
       7.199     0.999997       498747    291271.11
       7.199     0.999997       498747    327680.00
       7.199     0.999997       498747    374491.43
       7.199     0.999998       498747    436906.67
       7.275     0.999998       498748    524288.00
       7.275     1.000000       498748          inf
#[Mean    =        1.393, StdDeviation   =        0.557]
#[Max     =        7.272, Total count    =       498748]
#[Buckets =           27, SubBuckets     =         2048]
----------------------------------------------------------
  599432 requests in 1.00m, 49.73MB read
Requests/sec:   9990.35
Transfer/sec:    848.79KB
