Running 1m test @ http://erik-pc.local:8080/greeting/Bob
  4 threads and 100 connections
  Thread calibration: mean lat.: 97.920ms, rate sampling interval: 481ms
  Thread calibration: mean lat.: 119.770ms, rate sampling interval: 680ms
  Thread calibration: mean lat.: 104.864ms, rate sampling interval: 408ms
  Thread calibration: mean lat.: 824.292ms, rate sampling interval: 4419ms
  Thread Stats   Avg      Stdev     Max   +/- Stdev
    Latency     1.32s     2.86s   17.19s    90.32%
    Req/Sec    18.43k     2.86k   24.97k    73.14%
  Latency Distribution (HdrHistogram - Recorded Latency)
 50.000%  141.95ms
 75.000%  966.66ms
 90.000%    4.11s 
 99.000%   14.58s 
 99.900%   16.43s 
 99.990%   16.99s 
 99.999%   17.19s 
100.000%   17.20s 

  Detailed Percentile spectrum:
       Value   Percentile   TotalCount 1/(1-Percentile)

       0.163     0.000000            1         1.00
      15.015     0.100000       354581         1.11
      33.503     0.200000       709116         1.25
      49.855     0.300000      1063468         1.43
      89.151     0.400000      1418340         1.67
     141.951     0.500000      1772301         2.00
     186.367     0.550000      1949749         2.22
     248.703     0.600000      2126810         2.50
     347.391     0.650000      2304313         2.86
     524.031     0.700000      2481202         3.33
     966.655     0.750000      2658449         4.00
    1306.623     0.775000      2747162         4.44
    1670.143     0.800000      2835618         5.00
    2089.983     0.825000      2924376         5.71
    2646.015     0.850000      3013061         6.67
    3223.551     0.875000      3101563         8.00
    3657.727     0.887500      3145787         8.89
    4110.335     0.900000      3190270        10.00
    4517.887     0.912500      3234489        11.43
    5185.535     0.925000      3278687        13.33
    6422.527     0.937500      3323013        16.00
    6983.679     0.943750      3345344        17.78
    7675.903     0.950000      3367370        20.00
    8945.663     0.956250      3389566        22.86
    9830.399     0.962500      3411817        26.67
   10715.135     0.968750      3433823        32.00
   11329.535     0.971875      3444928        35.56
   12099.583     0.975000      3455989        40.00
   12517.375     0.978125      3467185        45.71
   12861.439     0.981250      3478140        53.33
   13336.575     0.984375      3489193        64.00
   13705.215     0.985938      3494703        71.11
   14098.431     0.987500      3500266        80.00
   14344.191     0.989062      3505770        91.43
   14688.255     0.990625      3511395       106.67
   14991.359     0.992188      3517083       128.00
   15114.239     0.992969      3519638       142.22
   15310.847     0.993750      3522381       160.00
   15450.111     0.994531      3525257       182.86
   15589.375     0.995313      3528070       213.33
   15753.215     0.996094      3530693       256.00
   15826.943     0.996484      3532264       284.44
   15884.287     0.996875      3533448       320.00
   15990.783     0.997266      3534948       365.71
   16072.703     0.997656      3536252       426.67
   16154.623     0.998047      3537655       512.00
   16187.391     0.998242      3538459       568.89
   16228.351     0.998437      3539063       640.00
   16285.695     0.998633      3539774       731.43
   16359.423     0.998828      3540379       853.33
   16433.151     0.999023      3541071      1024.00
   16515.071     0.999121      3541428      1137.78
   16547.839     0.999219      3541828      1280.00
   16572.415     0.999316      3542190      1462.86
   16596.991     0.999414      3542479      1706.67
   16621.567     0.999512      3542830      2048.00
   16637.951     0.999561      3543025      2275.56
   16662.527     0.999609      3543182      2560.00
   16687.103     0.999658      3543335      2925.71
   16736.255     0.999707      3543535      3413.33
   16793.599     0.999756      3543708      4096.00
   16826.367     0.999780      3543772      4551.11
   16842.751     0.999805      3543881      5120.00
   16859.135     0.999829      3543940      5851.43
   16908.287     0.999854      3544033      6826.67
   16973.823     0.999878      3544103      8192.00
   16990.207     0.999890      3544192      9102.22
   16990.207     0.999902      3544192     10240.00
   17006.591     0.999915      3544288     11702.86
   17006.591     0.999927      3544288     13653.33
   17022.975     0.999939      3544330     16384.00
   17022.975     0.999945      3544330     18204.44
   17039.359     0.999951      3544359     20480.00
   17055.743     0.999957      3544395     23405.71
   17055.743     0.999963      3544395     27306.67
   17121.279     0.999969      3544413     32768.00
   17154.047     0.999973      3544452     36408.89
   17154.047     0.999976      3544452     40960.00
   17154.047     0.999979      3544452     46811.43
   17170.431     0.999982      3544463     54613.33
   17186.815     0.999985      3544491     65536.00
   17186.815     0.999986      3544491     72817.78
   17186.815     0.999988      3544491     81920.00
   17186.815     0.999989      3544491     93622.86
   17186.815     0.999991      3544491    109226.67
   17203.199     0.999992      3544519    131072.00
   17203.199     1.000000      3544519          inf
#[Mean    =     1324.610, StdDeviation   =     2861.221]
#[Max     =    17186.816, Total count    =      3544519]
#[Buckets =           27, SubBuckets     =         2048]
----------------------------------------------------------
  4262034 requests in 1.00m, 296.72MB read
Requests/sec:  71034.37
Transfer/sec:      4.95MB
