Running 1m test @ http://erik-pc.local:8080/greeting/Bob
  4 threads and 100 connections
  Thread calibration: mean lat.: 72.477ms, rate sampling interval: 302ms
  Thread calibration: mean lat.: 63.104ms, rate sampling interval: 242ms
  Thread calibration: mean lat.: 133.070ms, rate sampling interval: 629ms
  Thread calibration: mean lat.: 208.174ms, rate sampling interval: 755ms
  Thread Stats   Avg      Stdev     Max   +/- Stdev
    Latency   317.68ms  261.53ms   1.45s    72.91%
    Req/Sec     8.97k     1.05k   12.16k    70.16%
  Latency Distribution (HdrHistogram - Recorded Latency)
 50.000%  248.45ms
 75.000%  442.62ms
 90.000%  708.61ms
 99.000%    1.08s 
 99.900%    1.29s 
 99.990%    1.42s 
 99.999%    1.44s 
100.000%    1.45s 

  Detailed Percentile spectrum:
       Value   Percentile   TotalCount 1/(1-Percentile)

       0.230     0.000000            1         1.00
      53.567     0.100000       178825         1.11
      89.151     0.200000       357859         1.25
     136.575     0.300000       536551         1.43
     190.335     0.400000       715283         1.67
     248.447     0.500000       894361         2.00
     277.759     0.550000       983646         2.22
     310.783     0.600000      1073299         2.50
     348.415     0.650000      1162517         2.86
     390.655     0.700000      1251787         3.33
     442.623     0.750000      1341148         4.00
     475.391     0.775000      1386117         4.44
     515.583     0.800000      1430617         5.00
     558.079     0.825000      1475313         5.71
     604.671     0.850000      1520085         6.67
     655.871     0.875000      1565049         8.00
     681.471     0.887500      1587134         8.89
     708.607     0.900000      1609450        10.00
     741.887     0.912500      1631721        11.43
     784.895     0.925000      1654071        13.33
     831.487     0.937500      1676407        16.00
     857.599     0.943750      1687569        17.78
     884.223     0.950000      1698879        20.00
     911.359     0.956250      1710074        22.86
     941.567     0.962500      1721206        26.67
     970.239     0.968750      1732273        32.00
     984.575     0.971875      1738009        35.56
     997.887     0.975000      1743508        40.00
    1012.223     0.978125      1749131        45.71
    1027.583     0.981250      1754678        53.33
    1044.991     0.984375      1760310        64.00
    1053.695     0.985938      1763056        71.11
    1062.911     0.987500      1765949        80.00
    1072.127     0.989062      1768724        91.43
    1081.343     0.990625      1771427       106.67
    1091.583     0.992188      1774218       128.00
    1097.727     0.992969      1775735       142.22
    1103.871     0.993750      1777143       160.00
    1110.015     0.994531      1778369       182.86
    1118.207     0.995313      1779775       213.33
    1129.471     0.996094      1781286       256.00
    1134.591     0.996484      1781899       284.44
    1141.759     0.996875      1782571       320.00
    1151.999     0.997266      1783295       365.71
    1165.311     0.997656      1783981       426.67
    1185.791     0.998047      1784670       512.00
    1207.295     0.998242      1785006       568.89
    1232.895     0.998437      1785360       640.00
    1251.327     0.998633      1785701       731.43
    1270.783     0.998828      1786063       853.33
    1290.239     0.999023      1786398      1024.00
    1301.503     0.999121      1786585      1137.78
    1314.815     0.999219      1786755      1280.00
    1331.199     0.999316      1786933      1462.86
    1345.535     0.999414      1787098      1706.67
    1362.943     0.999512      1787275      2048.00
    1371.135     0.999561      1787358      2275.56
    1377.279     0.999609      1787446      2560.00
    1383.423     0.999658      1787535      2925.71
    1389.567     0.999707      1787631      3413.33
    1395.711     0.999756      1787720      4096.00
    1398.783     0.999780      1787763      4551.11
    1401.855     0.999805      1787802      5120.00
    1404.927     0.999829      1787843      5851.43
    1407.999     0.999854      1787889      6826.67
    1411.071     0.999878      1787924      8192.00
    1413.119     0.999890      1787946      9102.22
    1416.191     0.999902      1787973     10240.00
    1418.239     0.999915      1787993     11702.86
    1421.311     0.999927      1788015     13653.33
    1424.383     0.999939      1788035     16384.00
    1425.407     0.999945      1788046     18204.44
    1427.455     0.999951      1788061     20480.00
    1428.479     0.999957      1788067     23405.71
    1430.527     0.999963      1788083     27306.67
    1431.551     0.999969      1788089     32768.00
    1432.575     0.999973      1788095     36408.89
    1433.599     0.999976      1788099     40960.00
    1434.623     0.999979      1788107     46811.43
    1435.647     0.999982      1788111     54613.33
    1436.671     0.999985      1788117     65536.00
    1437.695     0.999986      1788122     72817.78
    1437.695     0.999988      1788122     81920.00
    1438.719     0.999989      1788127     93622.86
    1438.719     0.999991      1788127    109226.67
    1439.743     0.999992      1788132    131072.00
    1439.743     0.999993      1788132    145635.56
    1439.743     0.999994      1788132    163840.00
    1441.791     0.999995      1788135    187245.71
    1441.791     0.999995      1788135    218453.33
    1443.839     0.999996      1788137    262144.00
    1443.839     0.999997      1788137    291271.11
    1443.839     0.999997      1788137    327680.00
    1444.863     0.999997      1788138    374491.43
    1444.863     0.999998      1788138    436906.67
    1445.887     0.999998      1788139    524288.00
    1445.887     0.999998      1788139    582542.22
    1446.911     0.999998      1788140    655360.00
    1446.911     0.999999      1788140    748982.86
    1446.911     0.999999      1788140    873813.33
    1447.935     0.999999      1788141   1048576.00
    1447.935     0.999999      1788141   1165084.44
    1447.935     0.999999      1788141   1310720.00
    1447.935     0.999999      1788141   1497965.71
    1447.935     0.999999      1788141   1747626.67
    1449.983     1.000000      1788142   2097152.00
    1449.983     1.000000      1788142          inf
#[Mean    =      317.684, StdDeviation   =      261.526]
#[Max     =     1448.960, Total count    =      1788142]
#[Buckets =           27, SubBuckets     =         2048]
----------------------------------------------------------
  2133781 requests in 1.00m, 177.04MB read
Requests/sec:  35543.34
Transfer/sec:      2.95MB
