Running 1m test @ http://erik-pc.local:8080/greeting/Bob
  4 threads and 100 connections
  Thread calibration: mean lat.: 91.426ms, rate sampling interval: 446ms
  Thread calibration: mean lat.: 145.006ms, rate sampling interval: 1032ms
  Thread calibration: mean lat.: 286.360ms, rate sampling interval: 1912ms
  Thread calibration: mean lat.: 526.611ms, rate sampling interval: 1938ms
  Thread Stats   Avg      Stdev     Max   +/- Stdev
    Latency     1.48s     2.20s    9.91s    82.53%
    Req/Sec    18.38k     2.58k   26.27k    75.24%
  Latency Distribution (HdrHistogram - Recorded Latency)
 50.000%  229.89ms
 75.000%    2.33s 
 90.000%    5.12s 
 99.000%    8.64s 
 99.900%    9.37s 
 99.990%    9.75s 
 99.999%    9.91s 
100.000%    9.92s 

  Detailed Percentile spectrum:
       Value   Percentile   TotalCount 1/(1-Percentile)

       0.165     0.000000            1         1.00
      22.463     0.100000       362020         1.11
      42.591     0.200000       724552         1.25
      79.039     0.300000      1085843         1.43
     137.599     0.400000      1448108         1.67
     229.887     0.500000      1810057         2.00
     305.663     0.550000      1990964         2.22
     435.711     0.600000      2171678         2.50
     762.367     0.650000      2352714         2.86
    1656.831     0.700000      2533868         3.33
    2326.527     0.750000      2714635         4.00
    2711.551     0.775000      2805292         4.44
    3219.455     0.800000      2895643         5.00
    3674.111     0.825000      2986396         5.71
    4093.951     0.850000      3076831         6.67
    4579.327     0.875000      3167462         8.00
    4874.239     0.887500      3212813         8.89
    5124.095     0.900000      3257676        10.00
    5455.871     0.912500      3303468        11.43
    5685.247     0.925000      3348562        13.33
    5894.143     0.937500      3394109        16.00
    6017.023     0.943750      3416434        17.78
    6221.823     0.950000      3438805        20.00
    6447.103     0.956250      3461150        22.86
    6758.399     0.962500      3483953        26.67
    7188.479     0.968750      3506539        32.00
    7344.127     0.971875      3517805        35.56
    7655.423     0.975000      3529050        40.00
    7831.551     0.978125      3540290        45.71
    8065.023     0.981250      3551816        53.33
    8323.071     0.984375      3562909        64.00
    8454.143     0.985938      3568890        71.11
    8536.063     0.987500      3574682        80.00
    8617.983     0.989062      3580597        91.43
    8675.327     0.990625      3585936       106.67
    8765.439     0.992188      3591327       128.00
    8822.783     0.992969      3594049       142.22
    8880.127     0.993750      3597131       160.00
    8937.471     0.994531      3599758       182.86
    9011.199     0.995313      3602631       213.33
    9060.351     0.996094      3605604       256.00
    9093.119     0.996484      3606838       284.44
    9134.079     0.996875      3608487       320.00
    9166.847     0.997266      3609711       365.71
    9215.999     0.997656      3611191       426.67
    9248.767     0.998047      3612711       512.00
    9265.151     0.998242      3613390       568.89
    9281.535     0.998437      3614004       640.00
    9306.111     0.998633      3614691       731.43
    9330.687     0.998828      3615247       853.33
    9379.839     0.999023      3615952      1024.00
    9404.415     0.999121      3616313      1137.78
    9428.991     0.999219      3616718      1280.00
    9445.375     0.999316      3617075      1462.86
    9461.759     0.999414      3617370      1706.67
    9486.335     0.999512      3617699      2048.00
    9502.719     0.999561      3617896      2275.56
    9519.103     0.999609      3618075      2560.00
    9535.487     0.999658      3618264      2925.71
    9543.679     0.999707      3618396      3413.33
    9560.063     0.999756      3618590      4096.00
    9568.255     0.999780      3618671      4551.11
    9592.831     0.999805      3618754      5120.00
    9625.599     0.999829      3618836      5851.43
    9658.367     0.999854      3618925      6826.67
    9707.519     0.999878      3619035      8192.00
    9715.711     0.999890      3619054      9102.22
    9748.479     0.999902      3619095     10240.00
    9805.823     0.999915      3619146     11702.86
    9830.399     0.999927      3619188     13653.33
    9863.167     0.999939      3619232     16384.00
    9879.551     0.999945      3619267     18204.44
    9887.743     0.999951      3619295     20480.00
    9887.743     0.999957      3619295     23405.71
    9895.935     0.999963      3619344     27306.67
    9895.935     0.999969      3619344     32768.00
    9904.127     0.999973      3619392     36408.89
    9904.127     0.999976      3619392     40960.00
    9904.127     0.999979      3619392     46811.43
    9904.127     0.999982      3619392     54613.33
    9912.319     0.999985      3619428     65536.00
    9912.319     0.999986      3619428     72817.78
    9912.319     0.999988      3619428     81920.00
    9912.319     0.999989      3619428     93622.86
    9912.319     0.999991      3619428    109226.67
    9912.319     0.999992      3619428    131072.00
    9912.319     0.999993      3619428    145635.56
    9912.319     0.999994      3619428    163840.00
    9920.511     0.999995      3619448    187245.71
    9920.511     1.000000      3619448          inf
#[Mean    =     1477.777, StdDeviation   =     2200.335]
#[Max     =     9912.320, Total count    =      3619448]
#[Buckets =           27, SubBuckets     =         2048]
----------------------------------------------------------
  4343863 requests in 1.00m, 302.41MB read
Requests/sec:  72397.32
Transfer/sec:      5.04MB
