Running 1m test @ http://erik-pc.local:8080/greeting/Bob
  4 threads and 100 connections
  Thread calibration: mean lat.: 1.381ms, rate sampling interval: 10ms
  Thread calibration: mean lat.: 1.156ms, rate sampling interval: 10ms
  Thread calibration: mean lat.: 1.180ms, rate sampling interval: 10ms
  Thread calibration: mean lat.: 1.773ms, rate sampling interval: 10ms
  Thread Stats   Avg      Stdev     Max   +/- Stdev
    Latency     1.38ms  583.65us   5.72ms   66.29%
    Req/Sec     2.64k   504.89     5.55k    86.06%
  Latency Distribution (HdrHistogram - Recorded Latency)
 50.000%    1.28ms
 75.000%    1.76ms
 90.000%    2.22ms
 99.000%    2.89ms
 99.900%    3.85ms
 99.990%    5.03ms
 99.999%    5.62ms
100.000%    5.72ms

  Detailed Percentile spectrum:
       Value   Percentile   TotalCount 1/(1-Percentile)

       0.256     0.000000            1         1.00
       0.699     0.100000        50050         1.11
       0.858     0.200000        99907         1.25
       0.999     0.300000       149877         1.43
       1.138     0.400000       199772         1.67
       1.284     0.500000       249369         2.00
       1.364     0.550000       274609         2.22
       1.449     0.600000       299311         2.50
       1.543     0.650000       324389         2.86
       1.646     0.700000       349264         3.33
       1.765     0.750000       374227         4.00
       1.831     0.775000       386611         4.44
       1.900     0.800000       399146         5.00
       1.972     0.825000       411468         5.71
       2.047     0.850000       423946         6.67
       2.129     0.875000       436396         8.00
       2.171     0.887500       442673         8.89
       2.217     0.900000       449071        10.00
       2.263     0.912500       455159        11.43
       2.313     0.925000       461342        13.33
       2.369     0.937500       467686        16.00
       2.401     0.943750       470840        17.78
       2.435     0.950000       473898        20.00
       2.473     0.956250       476940        22.86
       2.519     0.962500       480134        26.67
       2.571     0.968750       483199        32.00
       2.601     0.971875       484827        35.56
       2.633     0.975000       486287        40.00
       2.673     0.978125       487887        45.71
       2.715     0.981250       489399        53.33
       2.765     0.984375       490971        64.00
       2.793     0.985938       491756        71.11
       2.823     0.987500       492507        80.00
       2.861     0.989062       493310        91.43
       2.903     0.990625       494063       106.67
       2.955     0.992188       494841       128.00
       2.985     0.992969       495247       142.22
       3.017     0.993750       495628       160.00
       3.049     0.994531       496015       182.86
       3.095     0.995313       496410       213.33
       3.147     0.996094       496795       256.00
       3.177     0.996484       496991       284.44
       3.213     0.996875       497184       320.00
       3.255     0.997266       497380       365.71
       3.307     0.997656       497568       426.67
       3.383     0.998047       497764       512.00
       3.433     0.998242       497861       568.89
       3.503     0.998437       497957       640.00
       3.589     0.998633       498056       731.43
       3.719     0.998828       498152       853.33
       3.871     0.999023       498250      1024.00
       3.949     0.999121       498298      1137.78
       4.061     0.999219       498347      1280.00
       4.147     0.999316       498396      1462.86
       4.263     0.999414       498445      1706.67
       4.359     0.999512       498498      2048.00
       4.395     0.999561       498520      2275.56
       4.435     0.999609       498542      2560.00
       4.515     0.999658       498567      2925.71
       4.591     0.999707       498590      3413.33
       4.699     0.999756       498616      4096.00
       4.735     0.999780       498627      4551.11
       4.779     0.999805       498639      5120.00
       4.851     0.999829       498651      5851.43
       4.899     0.999854       498663      6826.67
       4.967     0.999878       498676      8192.00
       5.003     0.999890       498682      9102.22
       5.055     0.999902       498689     10240.00
       5.067     0.999915       498694     11702.86
       5.111     0.999927       498700     13653.33
       5.183     0.999939       498706     16384.00
       5.211     0.999945       498709     18204.44
       5.243     0.999951       498712     20480.00
       5.291     0.999957       498715     23405.71
       5.359     0.999963       498718     27306.67
       5.395     0.999969       498721     32768.00
       5.415     0.999973       498723     36408.89
       5.435     0.999976       498724     40960.00
       5.523     0.999979       498726     46811.43
       5.551     0.999982       498727     54613.33
       5.583     0.999985       498729     65536.00
       5.619     0.999986       498730     72817.78
       5.619     0.999988       498730     81920.00
       5.623     0.999989       498731     93622.86
       5.679     0.999991       498732    109226.67
       5.683     0.999992       498733    131072.00
       5.683     0.999993       498733    145635.56
       5.683     0.999994       498733    163840.00
       5.695     0.999995       498734    187245.71
       5.695     0.999995       498734    218453.33
       5.707     0.999996       498735    262144.00
       5.707     0.999997       498735    291271.11
       5.707     0.999997       498735    327680.00
       5.707     0.999997       498735    374491.43
       5.707     0.999998       498735    436906.67
       5.723     0.999998       498736    524288.00
       5.723     1.000000       498736          inf
#[Mean    =        1.382, StdDeviation   =        0.584]
#[Max     =        5.720, Total count    =       498736]
#[Buckets =           27, SubBuckets     =         2048]
----------------------------------------------------------
  597088 requests in 1.00m, 41.57MB read
Requests/sec:   9951.10
Transfer/sec:    709.40KB
