Running 1m test @ http://erik-pc.local:8080/greeting/Bob
  4 threads and 100 connections
  Thread calibration: mean lat.: 13.636ms, rate sampling interval: 64ms
  Thread calibration: mean lat.: 12.740ms, rate sampling interval: 62ms
  Thread calibration: mean lat.: 13.182ms, rate sampling interval: 63ms
  Thread calibration: mean lat.: 13.386ms, rate sampling interval: 63ms
  Thread Stats   Avg      Stdev     Max   +/- Stdev
    Latency    12.49ms   12.33ms  87.04ms   79.72%
    Req/Sec    12.60k     3.82k   20.86k    59.19%
  Latency Distribution (HdrHistogram - Recorded Latency)
 50.000%    8.50ms
 75.000%   22.46ms
 90.000%   30.43ms
 99.000%   43.90ms
 99.900%   57.09ms
 99.990%   71.87ms
 99.999%   81.86ms
100.000%   87.10ms

  Detailed Percentile spectrum:
       Value   Percentile   TotalCount 1/(1-Percentile)

       0.158     0.000000            1         1.00
       0.745     0.100000       249690         1.11
       1.129     0.200000       498917         1.25
       1.554     0.300000       748146         1.43
       2.467     0.400000       997589         1.67
       8.503     0.500000      1247116         2.00
      11.535     0.550000      1371570         2.22
      14.415     0.600000      1496293         2.50
      17.215     0.650000      1621342         2.86
      19.903     0.700000      1746380         3.33
      22.463     0.750000      1870724         4.00
      23.727     0.775000      1932972         4.44
      24.975     0.800000      1995193         5.00
      26.255     0.825000      2057512         5.71
      27.583     0.850000      2120327         6.67
      28.943     0.875000      2182318         8.00
      29.679     0.887500      2213550         8.89
      30.431     0.900000      2244921        10.00
      31.231     0.912500      2275701        11.43
      32.111     0.925000      2306846        13.33
      33.119     0.937500      2338401        16.00
      33.695     0.943750      2353649        17.78
      34.335     0.950000      2369755        20.00
      35.039     0.956250      2385213        22.86
      35.871     0.962500      2400487        26.67
      36.863     0.968750      2415965        32.00
      37.503     0.971875      2423875        35.56
      38.175     0.975000      2431595        40.00
      38.975     0.978125      2439382        45.71
      39.967     0.981250      2447186        53.33
      41.087     0.984375      2454822        64.00
      41.791     0.985938      2458716        71.11
      42.527     0.987500      2462683        80.00
      43.327     0.989062      2466510        91.43
      44.255     0.990625      2470444       106.67
      45.247     0.992188      2474302       128.00
      45.855     0.992969      2476230       142.22
      46.463     0.993750      2478183       160.00
      47.167     0.994531      2480137       182.86
      47.999     0.995313      2482062       213.33
      48.959     0.996094      2484045       256.00
      49.567     0.996484      2485017       284.44
      50.207     0.996875      2485963       320.00
      50.943     0.997266      2486926       365.71
      51.871     0.997656      2487922       426.67
      52.895     0.998047      2488882       512.00
      53.567     0.998242      2489365       568.89
      54.303     0.998437      2489855       640.00
      55.199     0.998633      2490350       731.43
      56.127     0.998828      2490825       853.33
      57.215     0.999023      2491317      1024.00
      57.887     0.999121      2491558      1137.78
      58.591     0.999219      2491801      1280.00
      59.519     0.999316      2492046      1462.86
      60.543     0.999414      2492286      1706.67
      61.791     0.999512      2492529      2048.00
      62.591     0.999561      2492650      2275.56
      63.423     0.999609      2492770      2560.00
      64.511     0.999658      2492892      2925.71
      65.727     0.999707      2493019      3413.33
      66.815     0.999756      2493143      4096.00
      67.583     0.999780      2493202      4551.11
      68.287     0.999805      2493261      5120.00
      69.055     0.999829      2493322      5851.43
      70.015     0.999854      2493382      6826.67
      70.975     0.999878      2493444      8192.00
      71.423     0.999890      2493472      9102.22
      71.999     0.999902      2493503     10240.00
      72.639     0.999915      2493533     11702.86
      73.407     0.999927      2493562     13653.33
      74.367     0.999939      2493592     16384.00
      74.943     0.999945      2493608     18204.44
      75.455     0.999951      2493624     20480.00
      75.967     0.999957      2493640     23405.71
      76.927     0.999963      2493654     27306.67
      77.823     0.999969      2493669     32768.00
      78.335     0.999973      2493677     36408.89
      78.847     0.999976      2493684     40960.00
      79.679     0.999979      2493691     46811.43
      80.447     0.999982      2493701     54613.33
      80.895     0.999985      2493707     65536.00
      81.023     0.999986      2493710     72817.78
      81.599     0.999988      2493714     81920.00
      81.855     0.999989      2493719     93622.86
      82.367     0.999991      2493722    109226.67
      83.007     0.999992      2493725    131072.00
      83.263     0.999993      2493727    145635.56
      83.391     0.999994      2493729    163840.00
      83.711     0.999995      2493732    187245.71
      83.775     0.999995      2493733    218453.33
      84.287     0.999996      2493735    262144.00
      84.543     0.999997      2493737    291271.11
      84.543     0.999997      2493737    327680.00
      84.863     0.999997      2493738    374491.43
      85.055     0.999998      2493739    436906.67
      85.439     0.999998      2493740    524288.00
      85.439     0.999998      2493740    582542.22
      85.503     0.999998      2493741    655360.00
      85.503     0.999999      2493741    748982.86
      85.759     0.999999      2493742    873813.33
      85.759     0.999999      2493742   1048576.00
      85.759     0.999999      2493742   1165084.44
      86.271     0.999999      2493743   1310720.00
      86.271     0.999999      2493743   1497965.71
      86.271     0.999999      2493743   1747626.67
      86.271     1.000000      2493743   2097152.00
      86.271     1.000000      2493743   2330168.89
      87.103     1.000000      2493744   2621440.00
      87.103     1.000000      2493744          inf
#[Mean    =       12.494, StdDeviation   =       12.331]
#[Max     =       87.040, Total count    =      2493744]
#[Buckets =           27, SubBuckets     =         2048]
----------------------------------------------------------
  2996988 requests in 1.00m, 208.64MB read
Requests/sec:  49949.67
Transfer/sec:      3.48MB
