Running 1m test @ http://erik-pc.local:8080/fruits
  4 threads and 100 connections
  Thread calibration: mean lat.: 1.809ms, rate sampling interval: 10ms
  Thread calibration: mean lat.: 1.781ms, rate sampling interval: 10ms
  Thread calibration: mean lat.: 1.701ms, rate sampling interval: 10ms
  Thread calibration: mean lat.: 1.870ms, rate sampling interval: 10ms
  Thread Stats   Avg      Stdev     Max   +/- Stdev
    Latency     1.79ms    1.01ms  23.09ms   86.94%
    Req/Sec     7.92k   773.23    14.80k    78.01%
  Latency Distribution (HdrHistogram - Recorded Latency)
 50.000%    1.63ms
 75.000%    2.15ms
 90.000%    2.68ms
 99.000%    4.70ms
 99.900%   13.63ms
 99.990%   18.33ms
 99.999%   20.19ms
100.000%   23.10ms

  Detailed Percentile spectrum:
       Value   Percentile   TotalCount 1/(1-Percentile)

       0.321     0.000000            1         1.00
       0.939     0.100000       149775         1.11
       1.152     0.200000       299837         1.25
       1.317     0.300000       449770         1.43
       1.472     0.400000       598846         1.67
       1.632     0.500000       748827         2.00
       1.721     0.550000       823643         2.22
       1.815     0.600000       898336         2.50
       1.916     0.650000       973199         2.86
       2.028     0.700000      1047806         3.33
       2.151     0.750000      1123149         4.00
       2.215     0.775000      1159612         4.44
       2.287     0.800000      1197049         5.00
       2.369     0.825000      1234721         5.71
       2.459     0.850000      1272175         6.67
       2.561     0.875000      1309474         8.00
       2.617     0.887500      1328064         8.89
       2.683     0.900000      1347119        10.00
       2.755     0.912500      1365331        11.43
       2.835     0.925000      1384126        13.33
       2.925     0.937500      1402947        16.00
       2.977     0.943750      1412345        17.78
       3.035     0.950000      1421490        20.00
       3.103     0.956250      1431004        22.86
       3.181     0.962500      1440287        26.67
       3.281     0.968750      1449498        32.00
       3.347     0.971875      1454202        35.56
       3.425     0.975000      1458924        40.00
       3.523     0.978125      1463525        45.71
       3.657     0.981250      1468173        53.33
       3.867     0.984375      1472869        64.00
       4.019     0.985938      1475189        71.11
       4.223     0.987500      1477572        80.00
       4.491     0.989062      1479863        91.43
       4.867     0.990625      1482210       106.67
       5.523     0.992188      1484549       128.00
       5.979     0.992969      1485710       142.22
       6.531     0.993750      1486877       160.00
       7.151     0.994531      1488049       182.86
       7.887     0.995313      1489216       213.33
       8.671     0.996094      1490387       256.00
       9.119     0.996484      1490971       284.44
       9.591     0.996875      1491554       320.00
      10.119     0.997266      1492140       365.71
      10.687     0.997656      1492726       426.67
      11.399     0.998047      1493308       512.00
      11.791     0.998242      1493603       568.89
      12.183     0.998437      1493890       640.00
      12.631     0.998633      1494184       731.43
      13.175     0.998828      1494478       853.33
      13.703     0.999023      1494768      1024.00
      14.007     0.999121      1494915      1137.78
      14.351     0.999219      1495061      1280.00
      14.719     0.999316      1495206      1462.86
      15.127     0.999414      1495351      1706.67
      15.615     0.999512      1495499      2048.00
      15.815     0.999561      1495570      2275.56
      16.087     0.999609      1495643      2560.00
      16.375     0.999658      1495717      2925.71
      16.671     0.999707      1495789      3413.33
      17.023     0.999756      1495863      4096.00
      17.167     0.999780      1495900      4551.11
      17.375     0.999805      1495937      5120.00
      17.567     0.999829      1495972      5851.43
      17.775     0.999854      1496008      6826.67
      17.999     0.999878      1496047      8192.00
      18.175     0.999890      1496065      9102.22
      18.383     0.999902      1496082     10240.00
      18.575     0.999915      1496100     11702.86
      18.687     0.999927      1496119     13653.33
      18.783     0.999939      1496137     16384.00
      18.911     0.999945      1496147     18204.44
      18.991     0.999951      1496155     20480.00
      19.167     0.999957      1496164     23405.71
      19.231     0.999963      1496174     27306.67
      19.375     0.999969      1496182     32768.00
      19.519     0.999973      1496186     36408.89
      19.679     0.999976      1496191     40960.00
      19.759     0.999979      1496196     46811.43
      19.839     0.999982      1496200     54613.33
      19.935     0.999985      1496205     65536.00
      20.031     0.999986      1496207     72817.78
      20.095     0.999988      1496209     81920.00
      20.191     0.999989      1496213     93622.86
      20.223     0.999991      1496214    109226.67
      20.335     0.999992      1496216    131072.00
      20.463     0.999993      1496217    145635.56
      20.559     0.999994      1496218    163840.00
      20.639     0.999995      1496220    187245.71
      20.895     0.999995      1496221    218453.33
      21.055     0.999996      1496222    262144.00
      21.055     0.999997      1496222    291271.11
      21.103     0.999997      1496223    327680.00
      21.775     0.999997      1496224    374491.43
      21.775     0.999998      1496224    436906.67
      21.871     0.999998      1496225    524288.00
      21.871     0.999998      1496225    582542.22
      21.871     0.999998      1496225    655360.00
      21.935     0.999999      1496226    748982.86
      21.935     0.999999      1496226    873813.33
      21.935     0.999999      1496226   1048576.00
      21.935     0.999999      1496226   1165084.44
      21.935     0.999999      1496226   1310720.00
      23.103     0.999999      1496227   1497965.71
      23.103     1.000000      1496227          inf
#[Mean    =        1.790, StdDeviation   =        1.008]
#[Max     =       23.088, Total count    =      1496227]
#[Buckets =           27, SubBuckets     =         2048]
----------------------------------------------------------
  1798171 requests in 1.00m, 291.53MB read
Requests/sec:  29970.16
Transfer/sec:      4.86MB
