Running 1m test @ http://erik-pc.local:8080/fruits
  4 threads and 100 connections
  Thread calibration: mean lat.: 15.475ms, rate sampling interval: 72ms
  Thread calibration: mean lat.: 14.825ms, rate sampling interval: 71ms
  Thread calibration: mean lat.: 15.236ms, rate sampling interval: 72ms
  Thread calibration: mean lat.: 15.572ms, rate sampling interval: 73ms
  Thread Stats   Avg      Stdev     Max   +/- Stdev
    Latency    16.65ms   14.37ms  89.66ms   50.02%
    Req/Sec     5.54k     1.61k    8.68k    57.78%
  Latency Distribution (HdrHistogram - Recorded Latency)
 50.000%   14.45ms
 75.000%   28.90ms
 90.000%   37.41ms
 99.000%   47.36ms
 99.900%   55.62ms
 99.990%   71.61ms
 99.999%   81.73ms
100.000%   89.73ms

  Detailed Percentile spectrum:
       Value   Percentile   TotalCount 1/(1-Percentile)

       0.306     0.000000            1         1.00
       1.108     0.100000       109757         1.11
       1.632     0.200000       219510         1.25
       2.409     0.300000       329091         1.43
       8.055     0.400000       438753         1.67
      14.447     0.500000       548568         2.00
      17.471     0.550000       603333         2.22
      20.415     0.600000       658123         2.50
      23.311     0.650000       713178         2.86
      26.127     0.700000       767963         3.33
      28.895     0.750000       822711         4.00
      30.287     0.775000       850414         4.44
      31.647     0.800000       877680         5.00
      33.023     0.825000       905074         5.71
      34.431     0.850000       932843         6.67
      35.871     0.875000       959997         8.00
      36.639     0.887500       973986         8.89
      37.407     0.900000       987522        10.00
      38.207     0.912500      1000915        11.43
      39.103     0.925000      1014716        13.33
      40.095     0.937500      1028514        16.00
      40.639     0.943750      1035556        17.78
      41.183     0.950000      1042213        20.00
      41.791     0.956250      1049131        22.86
      42.463     0.962500      1055964        26.67
      43.199     0.968750      1062661        32.00
      43.615     0.971875      1066054        35.56
      44.063     0.975000      1069476        40.00
      44.575     0.978125      1072912        45.71
      45.151     0.981250      1076354        53.33
      45.823     0.984375      1079845        64.00
      46.175     0.985938      1081444        71.11
      46.591     0.987500      1083212        80.00
      47.071     0.989062      1084973        91.43
      47.551     0.990625      1086596       106.67
      48.191     0.992188      1088320       128.00
      48.575     0.992969      1089204       142.22
      48.991     0.993750      1090052       160.00
      49.439     0.994531      1090893       182.86
      49.983     0.995313      1091770       213.33
      50.623     0.996094      1092629       256.00
      50.943     0.996484      1093017       284.44
      51.391     0.996875      1093470       320.00
      51.807     0.997266      1093871       365.71
      52.351     0.997656      1094307       426.67
      53.023     0.998047      1094740       512.00
      53.375     0.998242      1094951       568.89
      53.855     0.998437      1095166       640.00
      54.367     0.998633      1095376       731.43
      54.911     0.998828      1095589       853.33
      55.711     0.999023      1095796      1024.00
      56.127     0.999121      1095904      1137.78
      56.735     0.999219      1096017      1280.00
      57.375     0.999316      1096117      1462.86
      58.207     0.999414      1096224      1706.67
      59.455     0.999512      1096332      2048.00
      60.191     0.999561      1096385      2275.56
      61.023     0.999609      1096438      2560.00
      62.015     0.999658      1096492      2925.71
      63.391     0.999707      1096548      3413.33
      64.991     0.999756      1096599      4096.00
      65.791     0.999780      1096625      4551.11
      66.815     0.999805      1096654      5120.00
      67.775     0.999829      1096681      5851.43
      68.991     0.999854      1096706      6826.67
      70.143     0.999878      1096733      8192.00
      70.975     0.999890      1096746      9102.22
      71.871     0.999902      1096761     10240.00
      72.767     0.999915      1096773     11702.86
      74.239     0.999927      1096787     13653.33
      75.071     0.999939      1096800     16384.00
      75.519     0.999945      1096806     18204.44
      75.967     0.999951      1096814     20480.00
      77.055     0.999957      1096820     23405.71
      77.631     0.999963      1096826     27306.67
      78.527     0.999969      1096833     32768.00
      78.847     0.999973      1096836     36408.89
      79.359     0.999976      1096840     40960.00
      79.551     0.999979      1096843     46811.43
      80.319     0.999982      1096846     54613.33
      80.895     0.999985      1096850     65536.00
      81.023     0.999986      1096852     72817.78
      81.087     0.999988      1096853     81920.00
      81.727     0.999989      1096855     93622.86
      81.855     0.999991      1096856    109226.67
      82.559     0.999992      1096858    131072.00
      83.199     0.999993      1096860    145635.56
      83.199     0.999994      1096860    163840.00
      83.711     0.999995      1096861    187245.71
      83.711     0.999995      1096861    218453.33
      84.095     0.999996      1096862    262144.00
      84.799     0.999997      1096863    291271.11
      84.799     0.999997      1096863    327680.00
      86.079     0.999997      1096864    374491.43
      86.079     0.999998      1096864    436906.67
      86.079     0.999998      1096864    524288.00
      88.127     0.999998      1096865    582542.22
      88.127     0.999998      1096865    655360.00
      88.127     0.999999      1096865    748982.86
      88.127     0.999999      1096865    873813.33
      88.127     0.999999      1096865   1048576.00
      89.727     0.999999      1096866   1165084.44
      89.727     1.000000      1096866          inf
#[Mean    =       16.648, StdDeviation   =       14.367]
#[Max     =       89.664, Total count    =      1096866]
#[Buckets =           27, SubBuckets     =         2048]
----------------------------------------------------------
  1318296 requests in 1.00m, 213.73MB read
Requests/sec:  21971.73
Transfer/sec:      3.56MB
