Running 1m test @ http://erik-pc.local:8080/fruits
  4 threads and 100 connections
  Thread calibration: mean lat.: 1.406ms, rate sampling interval: 10ms
  Thread calibration: mean lat.: 1.482ms, rate sampling interval: 10ms
  Thread calibration: mean lat.: 1.423ms, rate sampling interval: 10ms
  Thread calibration: mean lat.: 1.615ms, rate sampling interval: 10ms
  Thread Stats   Avg      Stdev     Max   +/- Stdev
    Latency     1.48ms  527.97us   7.70ms   65.17%
    Req/Sec     2.64k   344.59     4.90k    83.20%
  Latency Distribution (HdrHistogram - Recorded Latency)
 50.000%    1.40ms
 75.000%    1.83ms
 90.000%    2.25ms
 99.000%    2.72ms
 99.900%    3.31ms
 99.990%    4.45ms
 99.999%    7.04ms
100.000%    7.70ms

  Detailed Percentile spectrum:
       Value   Percentile   TotalCount 1/(1-Percentile)

       0.419     0.000000            1         1.00
       0.827     0.100000        50023         1.11
       0.997     0.200000        99799         1.25
       1.140     0.300000       149821         1.43
       1.274     0.400000       199520         1.67
       1.405     0.500000       249621         2.00
       1.472     0.550000       274510         2.22
       1.546     0.600000       299372         2.50
       1.630     0.650000       324233         2.86
       1.726     0.700000       349290         3.33
       1.833     0.750000       374206         4.00
       1.891     0.775000       386569         4.44
       1.952     0.800000       399141         5.00
       2.016     0.825000       411504         5.71
       2.087     0.850000       424135         6.67
       2.165     0.875000       436648         8.00
       2.205     0.887500       442826         8.89
       2.247     0.900000       448896        10.00
       2.289     0.912500       455112        11.43
       2.335     0.925000       461405        13.33
       2.383     0.937500       467720        16.00
       2.407     0.943750       470704        17.78
       2.435     0.950000       474009        20.00
       2.463     0.956250       476973        22.86
       2.495     0.962500       480073        26.67
       2.531     0.968750       483267        32.00
       2.549     0.971875       484717        35.56
       2.571     0.975000       486327        40.00
       2.595     0.978125       487903        45.71
       2.621     0.981250       489413        53.33
       2.651     0.984375       490964        64.00
       2.669     0.985938       491783        71.11
       2.687     0.987500       492545        80.00
       2.707     0.989062       493295        91.43
       2.733     0.990625       494109       106.67
       2.761     0.992188       494853       128.00
       2.779     0.992969       495263       142.22
       2.797     0.993750       495629       160.00
       2.819     0.994531       496035       182.86
       2.849     0.995313       496413       213.33
       2.881     0.996094       496792       256.00
       2.899     0.996484       496988       284.44
       2.921     0.996875       497183       320.00
       2.951     0.997266       497376       365.71
       2.991     0.997656       497570       426.67
       3.043     0.998047       497763       512.00
       3.077     0.998242       497868       568.89
       3.117     0.998437       497959       640.00
       3.173     0.998633       498055       731.43
       3.247     0.998828       498153       853.33
       3.319     0.999023       498250      1024.00
       3.371     0.999121       498299      1137.78
       3.423     0.999219       498347      1280.00
       3.487     0.999316       498397      1462.86
       3.559     0.999414       498444      1706.67
       3.635     0.999512       498493      2048.00
       3.695     0.999561       498519      2275.56
       3.757     0.999609       498543      2560.00
       3.807     0.999658       498566      2925.71
       3.897     0.999707       498590      3413.33
       4.005     0.999756       498615      4096.00
       4.063     0.999780       498627      4551.11
       4.119     0.999805       498639      5120.00
       4.191     0.999829       498651      5851.43
       4.263     0.999854       498663      6826.67
       4.363     0.999878       498676      8192.00
       4.415     0.999890       498682      9102.22
       4.483     0.999902       498689     10240.00
       4.551     0.999915       498694     11702.86
       4.835     0.999927       498700     13653.33
       5.171     0.999939       498706     16384.00
       5.323     0.999945       498709     18204.44
       5.555     0.999951       498713     20480.00
       5.679     0.999957       498715     23405.71
       6.031     0.999963       498718     27306.67
       6.239     0.999969       498721     32768.00
       6.567     0.999973       498723     36408.89
       6.759     0.999976       498724     40960.00
       6.851     0.999979       498726     46811.43
       6.883     0.999982       498727     54613.33
       7.023     0.999985       498729     65536.00
       7.027     0.999986       498730     72817.78
       7.027     0.999988       498730     81920.00
       7.043     0.999989       498731     93622.86
       7.119     0.999991       498732    109226.67
       7.203     0.999992       498733    131072.00
       7.203     0.999993       498733    145635.56
       7.203     0.999994       498733    163840.00
       7.539     0.999995       498734    187245.71
       7.539     0.999995       498734    218453.33
       7.599     0.999996       498735    262144.00
       7.599     0.999997       498735    291271.11
       7.599     0.999997       498735    327680.00
       7.599     0.999997       498735    374491.43
       7.599     0.999998       498735    436906.67
       7.699     0.999998       498736    524288.00
       7.699     1.000000       498736          inf
#[Mean    =        1.476, StdDeviation   =        0.528]
#[Max     =        7.696, Total count    =       498736]
#[Buckets =           27, SubBuckets     =         2048]
----------------------------------------------------------
  597080 requests in 1.00m, 96.80MB read
Requests/sec:   9951.12
Transfer/sec:      1.61MB
