Running 1m test @ http://erik-pc.local:8080/fruits
  4 threads and 100 connections
  Thread calibration: mean lat.: 1.529ms, rate sampling interval: 10ms
  Thread calibration: mean lat.: 1.695ms, rate sampling interval: 10ms
  Thread calibration: mean lat.: 1.664ms, rate sampling interval: 10ms
  Thread calibration: mean lat.: 2.030ms, rate sampling interval: 10ms
  Thread Stats   Avg      Stdev     Max   +/- Stdev
    Latency     1.73ms  579.97us   6.37ms   67.46%
    Req/Sec     2.64k   422.28     5.33k    81.98%
  Latency Distribution (HdrHistogram - Recorded Latency)
 50.000%    1.67ms
 75.000%    2.10ms
 90.000%    2.52ms
 99.000%    3.25ms
 99.900%    4.07ms
 99.990%    4.88ms
 99.999%    5.86ms
100.000%    6.38ms

  Detailed Percentile spectrum:
       Value   Percentile   TotalCount 1/(1-Percentile)

       0.513     0.000000            1         1.00
       1.015     0.100000        50012         1.11
       1.212     0.200000        99793         1.25
       1.377     0.300000       149907         1.43
       1.526     0.400000       199772         1.67
       1.674     0.500000       249541         2.00
       1.755     0.550000       274596         2.22
       1.837     0.600000       299480         2.50
       1.920     0.650000       324352         2.86
       2.009     0.700000       349322         3.33
       2.103     0.750000       374426         4.00
       2.153     0.775000       386564         4.44
       2.209     0.800000       399093         5.00
       2.271     0.825000       411527         5.71
       2.343     0.850000       424161         6.67
       2.423     0.875000       436498         8.00
       2.467     0.887500       442725         8.89
       2.515     0.900000       448908        10.00
       2.567     0.912500       455224        11.43
       2.623     0.925000       461453        13.33
       2.687     0.937500       467689        16.00
       2.723     0.943750       470817        17.78
       2.763     0.950000       473853        20.00
       2.807     0.956250       476933        22.86
       2.857     0.962500       480132        26.67
       2.913     0.968750       483203        32.00
       2.945     0.971875       484808        35.56
       2.979     0.975000       486297        40.00
       3.021     0.978125       487894        45.71
       3.065     0.981250       489408        53.33
       3.119     0.984375       490981        64.00
       3.151     0.985938       491734        71.11
       3.185     0.987500       492513        80.00
       3.225     0.989062       493307        91.43
       3.271     0.990625       494065       106.67
       3.333     0.992188       494855       128.00
       3.367     0.992969       495237       142.22
       3.407     0.993750       495625       160.00
       3.453     0.994531       496012       182.86
       3.505     0.995313       496404       213.33
       3.573     0.996094       496788       256.00
       3.615     0.996484       496988       284.44
       3.661     0.996875       497187       320.00
       3.713     0.997266       497375       365.71
       3.775     0.997656       497571       426.67
       3.847     0.998047       497765       512.00
       3.887     0.998242       497863       568.89
       3.931     0.998437       497961       640.00
       3.971     0.998633       498057       731.43
       4.019     0.998828       498153       853.33
       4.087     0.999023       498250      1024.00
       4.119     0.999121       498298      1137.78
       4.167     0.999219       498350      1280.00
       4.195     0.999316       498401      1462.86
       4.235     0.999414       498444      1706.67
       4.303     0.999512       498494      2048.00
       4.335     0.999561       498518      2275.56
       4.375     0.999609       498547      2560.00
       4.407     0.999658       498566      2925.71
       4.455     0.999707       498591      3413.33
       4.515     0.999756       498615      4096.00
       4.551     0.999780       498627      4551.11
       4.611     0.999805       498639      5120.00
       4.655     0.999829       498651      5851.43
       4.715     0.999854       498663      6826.67
       4.807     0.999878       498677      8192.00
       4.855     0.999890       498682      9102.22
       4.911     0.999902       498688     10240.00
       5.023     0.999915       498694     11702.86
       5.103     0.999927       498700     13653.33
       5.199     0.999939       498707     16384.00
       5.251     0.999945       498709     18204.44
       5.263     0.999951       498712     20480.00
       5.339     0.999957       498715     23405.71
       5.375     0.999963       498718     27306.67
       5.403     0.999969       498721     32768.00
       5.463     0.999973       498723     36408.89
       5.467     0.999976       498725     40960.00
       5.495     0.999979       498726     46811.43
       5.499     0.999982       498727     54613.33
       5.795     0.999985       498729     65536.00
       5.843     0.999986       498730     72817.78
       5.843     0.999988       498730     81920.00
       5.859     0.999989       498731     93622.86
       5.895     0.999991       498732    109226.67
       5.931     0.999992       498733    131072.00
       5.931     0.999993       498733    145635.56
       5.931     0.999994       498733    163840.00
       6.175     0.999995       498734    187245.71
       6.175     0.999995       498734    218453.33
       6.367     0.999996       498735    262144.00
       6.367     0.999997       498735    291271.11
       6.367     0.999997       498735    327680.00
       6.367     0.999997       498735    374491.43
       6.367     0.999998       498735    436906.67
       6.375     0.999998       498736    524288.00
       6.375     1.000000       498736          inf
#[Mean    =        1.732, StdDeviation   =        0.580]
#[Max     =        6.372, Total count    =       498736]
#[Buckets =           27, SubBuckets     =         2048]
----------------------------------------------------------
  597075 requests in 1.00m, 96.80MB read
Requests/sec:   9950.98
Transfer/sec:      1.61MB
