Running 1m test @ http://erik-pc.local:8080/fruits
  4 threads and 100 connections
  Thread calibration: mean lat.: 297.981ms, rate sampling interval: 1050ms
  Thread calibration: mean lat.: 466.786ms, rate sampling interval: 1880ms
  Thread calibration: mean lat.: 216.808ms, rate sampling interval: 1031ms
  Thread calibration: mean lat.: 315.685ms, rate sampling interval: 1173ms
  Thread Stats   Avg      Stdev     Max   +/- Stdev
    Latency     2.44s     1.07s    5.26s    60.15%
    Req/Sec     6.51k   391.92     7.55k    65.03%
  Latency Distribution (HdrHistogram - Recorded Latency)
 50.000%    2.44s 
 75.000%    3.32s 
 90.000%    3.85s 
 99.000%    4.61s 
 99.900%    4.99s 
 99.990%    5.22s 
 99.999%    5.26s 
100.000%    5.27s 

  Detailed Percentile spectrum:
       Value   Percentile   TotalCount 1/(1-Percentile)

     236.415     0.000000            1         1.00
     975.359     0.100000       130053         1.11
    1351.679     0.200000       259888         1.25
    1750.015     0.300000       389908         1.43
    2105.343     0.400000       519773         1.67
    2443.263     0.500000       649731         2.00
    2615.295     0.550000       714919         2.22
    2785.279     0.600000       779852         2.50
    2965.503     0.650000       844522         2.86
    3147.775     0.700000       909553         3.33
    3323.903     0.750000       974804         4.00
    3409.919     0.775000      1007379         4.44
    3493.887     0.800000      1039657         5.00
    3575.807     0.825000      1072363         5.71
    3657.727     0.850000      1104519         6.67
    3743.743     0.875000      1136799         8.00
    3794.943     0.887500      1153246         8.89
    3848.191     0.900000      1169264        10.00
    3905.535     0.912500      1185658        11.43
    3966.975     0.925000      1202179        13.33
    4038.655     0.937500      1217945        16.00
    4091.903     0.943750      1226298        17.78
    4143.103     0.950000      1234161        20.00
    4192.255     0.956250      1242566        22.86
    4243.455     0.962500      1250960        26.67
    4300.799     0.968750      1258693        32.00
    4329.471     0.971875      1263004        35.56
    4354.047     0.975000      1267168        40.00
    4382.719     0.978125      1271070        45.71
    4427.775     0.981250      1274803        53.33
    4493.311     0.984375      1278879        64.00
    4526.079     0.985938      1281007        71.11
    4554.751     0.987500      1283024        80.00
    4591.615     0.989062      1285087        91.43
    4624.383     0.990625      1286938       106.67
    4661.247     0.992188      1289119       128.00
    4677.631     0.992969      1289977       142.22
    4710.399     0.993750      1291072       160.00
    4751.359     0.994531      1292091       182.86
    4792.319     0.995313      1293097       213.33
    4825.087     0.996094      1294055       256.00
    4841.471     0.996484      1294607       284.44
    4861.951     0.996875      1295135       320.00
    4878.335     0.997266      1295559       365.71
    4902.911     0.997656      1296109       426.67
    4935.679     0.998047      1296619       512.00
    4947.967     0.998242      1296845       568.89
    4960.255     0.998437      1297114       640.00
    4968.447     0.998633      1297335       731.43
    4980.735     0.998828      1297653       853.33
    4988.927     0.999023      1297840      1024.00
    4997.119     0.999121      1297986      1137.78
    5005.311     0.999219      1298112      1280.00
    5017.599     0.999316      1298228      1462.86
    5054.463     0.999414      1298336      1706.67
    5128.191     0.999512      1298471      2048.00
    5140.479     0.999561      1298528      2275.56
    5152.767     0.999609      1298601      2560.00
    5160.959     0.999658      1298663      2925.71
    5169.151     0.999707      1298720      3413.33
    5177.343     0.999756      1298779      4096.00
    5185.535     0.999780      1298825      4551.11
    5189.631     0.999805      1298846      5120.00
    5197.823     0.999829      1298890      5851.43
    5201.919     0.999854      1298910      6826.67
    5210.111     0.999878      1298939      8192.00
    5214.207     0.999890      1298956      9102.22
    5218.303     0.999902      1298977     10240.00
    5222.399     0.999915      1298997     11702.86
    5226.495     0.999927      1299015     13653.33
    5230.591     0.999939      1299025     16384.00
    5230.591     0.999945      1299025     18204.44
    5234.687     0.999951      1299033     20480.00
    5238.783     0.999957      1299042     23405.71
    5242.879     0.999963      1299052     27306.67
    5246.975     0.999969      1299062     32768.00
    5246.975     0.999973      1299062     36408.89
    5251.071     0.999976      1299072     40960.00
    5251.071     0.999979      1299072     46811.43
    5255.167     0.999982      1299082     54613.33
    5255.167     0.999985      1299082     65536.00
    5255.167     0.999986      1299082     72817.78
    5255.167     0.999988      1299082     81920.00
    5259.263     0.999989      1299087     93622.86
    5259.263     0.999991      1299087    109226.67
    5259.263     0.999992      1299087    131072.00
    5263.359     0.999993      1299094    145635.56
    5263.359     0.999994      1299094    163840.00
    5263.359     0.999995      1299094    187245.71
    5263.359     0.999995      1299094    218453.33
    5263.359     0.999996      1299094    262144.00
    5263.359     0.999997      1299094    291271.11
    5263.359     0.999997      1299094    327680.00
    5263.359     0.999997      1299094    374491.43
    5263.359     0.999998      1299094    436906.67
    5263.359     0.999998      1299094    524288.00
    5263.359     0.999998      1299094    582542.22
    5267.455     0.999998      1299096    655360.00
    5267.455     1.000000      1299096          inf
#[Mean    =     2439.893, StdDeviation   =     1072.648]
#[Max     =     5263.360, Total count    =      1299096]
#[Buckets =           27, SubBuckets     =         2048]
----------------------------------------------------------
  1563154 requests in 1.00m, 253.43MB read
Requests/sec:  26052.50
Transfer/sec:      4.22MB
