Running 1m test @ http://erik-pc.local:8080/fruits
  4 threads and 100 connections
  Thread calibration: mean lat.: 1.551ms, rate sampling interval: 10ms
  Thread calibration: mean lat.: 1.595ms, rate sampling interval: 10ms
  Thread calibration: mean lat.: 1.610ms, rate sampling interval: 10ms
  Thread calibration: mean lat.: 1.572ms, rate sampling interval: 10ms
  Thread Stats   Avg      Stdev     Max   +/- Stdev
    Latency     1.52ms  459.05us   4.27ms   66.98%
    Req/Sec     1.32k   177.58     2.11k    78.46%
  Latency Distribution (HdrHistogram - Recorded Latency)
 50.000%    1.48ms
 75.000%    1.82ms
 90.000%    2.14ms
 99.000%    2.74ms
 99.900%    3.16ms
 99.990%    3.70ms
 99.999%    4.20ms
100.000%    4.27ms

  Detailed Percentile spectrum:
       Value   Percentile   TotalCount 1/(1-Percentile)

       0.535     0.000000            1         1.00
       0.956     0.100000        25022         1.11
       1.114     0.200000        50007         1.25
       1.242     0.300000        74934         1.43
       1.360     0.400000        99783         1.67
       1.475     0.500000       124731         2.00
       1.536     0.550000       137248         2.22
       1.601     0.600000       149737         2.50
       1.671     0.650000       162218         2.86
       1.743     0.700000       174562         3.33
       1.824     0.750000       187030         4.00
       1.867     0.775000       193286         4.44
       1.913     0.800000       199512         5.00
       1.962     0.825000       205738         5.71
       2.017     0.850000       212045         6.67
       2.075     0.875000       218281         8.00
       2.109     0.887500       221411         8.89
       2.145     0.900000       224481        10.00
       2.185     0.912500       227592        11.43
       2.231     0.925000       230691        13.33
       2.283     0.937500       233795        16.00
       2.313     0.943750       235425        17.78
       2.345     0.950000       236922        20.00
       2.385     0.956250       238511        22.86
       2.427     0.962500       240058        26.67
       2.479     0.968750       241639        32.00
       2.503     0.971875       242363        35.56
       2.535     0.975000       243140        40.00
       2.571     0.978125       243938        45.71
       2.605     0.981250       244707        53.33
       2.647     0.984375       245482        64.00
       2.671     0.985938       245898        71.11
       2.693     0.987500       246261        80.00
       2.719     0.989062       246646        91.43
       2.749     0.990625       247038       106.67
       2.785     0.992188       247428       128.00
       2.803     0.992969       247620       142.22
       2.825     0.993750       247825       160.00
       2.849     0.994531       248021       182.86
       2.877     0.995313       248208       213.33
       2.907     0.996094       248398       256.00
       2.927     0.996484       248498       284.44
       2.949     0.996875       248594       320.00
       2.975     0.997266       248692       365.71
       3.005     0.997656       248789       426.67
       3.041     0.998047       248888       512.00
       3.059     0.998242       248938       568.89
       3.077     0.998437       248987       640.00
       3.101     0.998633       249033       731.43
       3.123     0.998828       249080       853.33
       3.165     0.999023       249131      1024.00
       3.179     0.999121       249154      1137.78
       3.209     0.999219       249178      1280.00
       3.233     0.999316       249205      1462.86
       3.267     0.999414       249226      1706.67
       3.303     0.999512       249252      2048.00
       3.319     0.999561       249265      2275.56
       3.343     0.999609       249276      2560.00
       3.371     0.999658       249287      2925.71
       3.417     0.999707       249299      3413.33
       3.461     0.999756       249312      4096.00
       3.477     0.999780       249318      4551.11
       3.505     0.999805       249324      5120.00
       3.537     0.999829       249330      5851.43
       3.629     0.999854       249336      6826.67
       3.669     0.999878       249342      8192.00
       3.691     0.999890       249345      9102.22
       3.749     0.999902       249348     10240.00
       3.791     0.999915       249352     11702.86
       3.799     0.999927       249354     13653.33
       3.931     0.999939       249357     16384.00
       3.965     0.999945       249359     18204.44
       3.995     0.999951       249360     20480.00
       4.007     0.999957       249362     23405.71
       4.009     0.999963       249363     27306.67
       4.081     0.999969       249365     32768.00
       4.119     0.999973       249366     36408.89
       4.119     0.999976       249366     40960.00
       4.155     0.999979       249367     46811.43
       4.179     0.999982       249368     54613.33
       4.187     0.999985       249369     65536.00
       4.187     0.999986       249369     72817.78
       4.187     0.999988       249369     81920.00
       4.199     0.999989       249370     93622.86
       4.199     0.999991       249370    109226.67
       4.243     0.999992       249371    131072.00
       4.243     0.999993       249371    145635.56
       4.243     0.999994       249371    163840.00
       4.243     0.999995       249371    187245.71
       4.243     0.999995       249371    218453.33
       4.271     0.999996       249372    262144.00
       4.271     1.000000       249372          inf
#[Mean    =        1.524, StdDeviation   =        0.459]
#[Max     =        4.268, Total count    =       249372]
#[Buckets =           27, SubBuckets     =         2048]
----------------------------------------------------------
  299742 requests in 1.00m, 48.60MB read
Requests/sec:   4995.57
Transfer/sec:    829.34KB
