Running 1m test @ http://erik-pc.local:8080/fruits
  4 threads and 100 connections
  Thread calibration: mean lat.: 1.429ms, rate sampling interval: 10ms
  Thread calibration: mean lat.: 1.417ms, rate sampling interval: 10ms
  Thread calibration: mean lat.: 1.426ms, rate sampling interval: 10ms
  Thread calibration: mean lat.: 1.570ms, rate sampling interval: 10ms
  Thread Stats   Avg      Stdev     Max   +/- Stdev
    Latency     1.43ms  558.41us   8.53ms   64.48%
    Req/Sec     3.95k   484.90     5.55k    75.92%
  Latency Distribution (HdrHistogram - Recorded Latency)
 50.000%    1.36ms
 75.000%    1.83ms
 90.000%    2.21ms
 99.000%    2.79ms
 99.900%    3.44ms
 99.990%    5.31ms
 99.999%    7.26ms
100.000%    8.53ms

  Detailed Percentile spectrum:
       Value   Percentile   TotalCount 1/(1-Percentile)

       0.345     0.000000            2         1.00
       0.748     0.100000        74923         1.11
       0.911     0.200000       150095         1.25
       1.056     0.300000       224905         1.43
       1.201     0.400000       299469         1.67
       1.355     0.500000       374272         2.00
       1.438     0.550000       411659         2.22
       1.528     0.600000       449261         2.50
       1.622     0.650000       486469         2.86
       1.723     0.700000       524000         3.33
       1.830     0.750000       561221         4.00
       1.886     0.775000       579841         4.44
       1.944     0.800000       598534         5.00
       2.005     0.825000       617499         5.71
       2.069     0.850000       636466         6.67
       2.135     0.875000       654681         8.00
       2.171     0.887500       664096         8.89
       2.209     0.900000       673489        10.00
       2.251     0.912500       683094        11.43
       2.295     0.925000       692362        13.33
       2.345     0.937500       701649        16.00
       2.373     0.943750       706261        17.78
       2.403     0.950000       710810        20.00
       2.439     0.956250       715577        22.86
       2.479     0.962500       720256        26.67
       2.523     0.968750       724784        32.00
       2.549     0.971875       727214        35.56
       2.577     0.975000       729529        40.00
       2.609     0.978125       731922        45.71
       2.641     0.981250       734103        53.33
       2.685     0.984375       736456        64.00
       2.709     0.985938       737654        71.11
       2.735     0.987500       738792        80.00
       2.765     0.989062       739950        91.43
       2.799     0.990625       741123       106.67
       2.839     0.992188       742331       128.00
       2.861     0.992969       742919       142.22
       2.885     0.993750       743480       160.00
       2.913     0.994531       744067       182.86
       2.945     0.995313       744623       213.33
       2.985     0.996094       745211       256.00
       3.011     0.996484       745499       284.44
       3.039     0.996875       745802       320.00
       3.069     0.997266       746090       365.71
       3.111     0.997656       746387       426.67
       3.159     0.998047       746670       512.00
       3.191     0.998242       746819       568.89
       3.225     0.998437       746970       640.00
       3.273     0.998633       747108       731.43
       3.349     0.998828       747254       853.33
       3.447     0.999023       747400      1024.00
       3.489     0.999121       747472      1137.78
       3.547     0.999219       747547      1280.00
       3.613     0.999316       747619      1462.86
       3.705     0.999414       747691      1706.67
       3.823     0.999512       747763      2048.00
       3.881     0.999561       747801      2275.56
       3.975     0.999609       747836      2560.00
       4.065     0.999658       747873      2925.71
       4.171     0.999707       747909      3413.33
       4.267     0.999756       747947      4096.00
       4.327     0.999780       747964      4551.11
       4.443     0.999805       747982      5120.00
       4.575     0.999829       748001      5851.43
       4.783     0.999854       748021      6826.67
       4.979     0.999878       748037      8192.00
       5.147     0.999890       748046      9102.22
       5.375     0.999902       748055     10240.00
       5.551     0.999915       748065     11702.86
       5.795     0.999927       748074     13653.33
       6.019     0.999939       748083     16384.00
       6.055     0.999945       748087     18204.44
       6.275     0.999951       748092     20480.00
       6.331     0.999957       748097     23405.71
       6.399     0.999963       748101     27306.67
       6.495     0.999969       748106     32768.00
       6.571     0.999973       748108     36408.89
       6.583     0.999976       748110     40960.00
       6.671     0.999979       748113     46811.43
       6.927     0.999982       748115     54613.33
       6.995     0.999985       748117     65536.00
       7.067     0.999986       748118     72817.78
       7.087     0.999988       748119     81920.00
       7.259     0.999989       748121     93622.86
       7.663     0.999991       748122    109226.67
       7.711     0.999992       748123    131072.00
       7.711     0.999993       748123    145635.56
       7.795     0.999994       748124    163840.00
       7.819     0.999995       748125    187245.71
       7.819     0.999995       748125    218453.33
       7.895     0.999996       748126    262144.00
       7.895     0.999997       748126    291271.11
       7.895     0.999997       748126    327680.00
       7.915     0.999997       748127    374491.43
       7.915     0.999998       748127    436906.67
       7.915     0.999998       748127    524288.00
       7.915     0.999998       748127    582542.22
       7.915     0.999998       748127    655360.00
       8.535     0.999999       748128    748982.86
       8.535     1.000000       748128          inf
#[Mean    =        1.430, StdDeviation   =        0.558]
#[Max     =        8.528, Total count    =       748128]
#[Buckets =           27, SubBuckets     =         2048]
----------------------------------------------------------
  895596 requests in 1.00m, 145.20MB read
Requests/sec:  14926.41
Transfer/sec:      2.42MB
