Running 1m test @ http://erik-pc.local:8080/fruits
  4 threads and 100 connections
  Thread calibration: mean lat.: 178.967ms, rate sampling interval: 894ms
  Thread calibration: mean lat.: 332.172ms, rate sampling interval: 1872ms
  Thread calibration: mean lat.: 141.076ms, rate sampling interval: 747ms
  Thread calibration: mean lat.: 296.070ms, rate sampling interval: 1594ms
  Thread Stats   Avg      Stdev     Max   +/- Stdev
    Latency     1.63s     1.62s    8.20s    81.18%
    Req/Sec     8.83k   812.26    10.86k    72.47%
  Latency Distribution (HdrHistogram - Recorded Latency)
 50.000%    1.06s 
 75.000%    2.67s 
 90.000%    4.01s 
 99.000%    7.09s 
 99.900%    7.90s 
 99.990%    8.07s 
 99.999%    8.20s 
100.000%    8.21s 

  Detailed Percentile spectrum:
       Value   Percentile   TotalCount 1/(1-Percentile)

       0.414     0.000000            1         1.00
      63.935     0.100000       175623         1.11
     162.047     0.200000       351349         1.25
     387.327     0.300000       526898         1.43
     718.847     0.400000       702424         1.67
    1062.911     0.500000       878033         2.00
    1348.607     0.550000       965949         2.22
    1624.063     0.600000      1053911         2.50
    1858.559     0.650000      1141439         2.86
    2254.847     0.700000      1229537         3.33
    2670.591     0.750000      1317106         4.00
    2875.391     0.775000      1361154         4.44
    3045.375     0.800000      1405010         5.00
    3235.839     0.825000      1449167         5.71
    3463.167     0.850000      1492949         6.67
    3733.503     0.875000      1536655         8.00
    3876.863     0.887500      1558610         8.89
    4005.887     0.900000      1580703        10.00
    4143.103     0.912500      1602514        11.43
    4317.183     0.925000      1624494        13.33
    4481.023     0.937500      1646693        16.00
    4546.559     0.943750      1657342        17.78
    4685.823     0.950000      1668322        20.00
    4894.719     0.956250      1679359        22.86
    5013.503     0.962500      1690493        26.67
    5156.863     0.968750      1701233        32.00
    5238.783     0.971875      1706708        35.56
    5431.295     0.975000      1712239        40.00
    5595.135     0.978125      1717713        45.71
    5820.415     0.981250      1723139        53.33
    6103.039     0.984375      1728647        64.00
    6242.303     0.985938      1731373        71.11
    6447.103     0.987500      1734110        80.00
    6971.391     0.989062      1736851        91.43
    7176.191     0.990625      1739647       106.67
    7405.567     0.992188      1742396       128.00
    7458.815     0.992969      1743716       142.22
    7532.543     0.993750      1745184       160.00
    7573.503     0.994531      1746547       182.86
    7671.807     0.995313      1747895       213.33
    7729.151     0.996094      1749240       256.00
    7749.631     0.996484      1749887       284.44
    7774.207     0.996875      1750687       320.00
    7790.591     0.997266      1751270       365.71
    7811.071     0.997656      1751988       426.67
    7831.551     0.998047      1752629       512.00
    7847.935     0.998242      1753042       568.89
    7860.223     0.998437      1753340       640.00
    7876.607     0.998633      1753704       731.43
    7888.895     0.998828      1754020       853.33
    7905.279     0.999023      1754364      1024.00
    7917.567     0.999121      1754571      1137.78
    7929.855     0.999219      1754735      1280.00
    7942.143     0.999316      1754919      1462.86
    7950.335     0.999414      1755045      1706.67
    7962.623     0.999512      1755241      2048.00
    7966.719     0.999561      1755292      2275.56
    7974.911     0.999609      1755380      2560.00
    7983.103     0.999658      1755472      2925.71
    8007.679     0.999707      1755552      3413.33
    8032.255     0.999756      1755633      4096.00
    8036.351     0.999780      1755673      4551.11
    8044.543     0.999805      1755726      5120.00
    8052.735     0.999829      1755775      5851.43
    8056.831     0.999854      1755801      6826.67
    8060.927     0.999878      1755843      8192.00
    8065.023     0.999890      1755890      9102.22
    8065.023     0.999902      1755890     10240.00
    8069.119     0.999915      1755931     11702.86
    8069.119     0.999927      1755931     13653.33
    8073.215     0.999939      1755950     16384.00
    8077.311     0.999945      1755963     18204.44
    8081.407     0.999951      1755973     20480.00
    8089.599     0.999957      1755986     23405.71
    8101.887     0.999963      1756002     27306.67
    8105.983     0.999969      1756016     32768.00
    8105.983     0.999973      1756016     36408.89
    8105.983     0.999976      1756016     40960.00
    8138.751     0.999979      1756020     46811.43
    8167.423     0.999982      1756025     54613.33
    8196.095     0.999985      1756036     65536.00
    8196.095     0.999986      1756036     72817.78
    8196.095     0.999988      1756036     81920.00
    8200.191     0.999989      1756047     93622.86
    8200.191     0.999991      1756047    109226.67
    8200.191     0.999992      1756047    131072.00
    8200.191     0.999993      1756047    145635.56
    8200.191     0.999994      1756047    163840.00
    8204.287     0.999995      1756055    187245.71
    8204.287     0.999995      1756055    218453.33
    8204.287     0.999996      1756055    262144.00
    8204.287     0.999997      1756055    291271.11
    8204.287     0.999997      1756055    327680.00
    8204.287     0.999997      1756055    374491.43
    8204.287     0.999998      1756055    436906.67
    8204.287     0.999998      1756055    524288.00
    8204.287     0.999998      1756055    582542.22
    8204.287     0.999998      1756055    655360.00
    8204.287     0.999999      1756055    748982.86
    8204.287     0.999999      1756055    873813.33
    8208.383     0.999999      1756057   1048576.00
    8208.383     1.000000      1756057          inf
#[Mean    =     1629.554, StdDeviation   =     1623.146]
#[Max     =     8204.288, Total count    =      1756057]
#[Buckets =           27, SubBuckets     =         2048]
----------------------------------------------------------
  2110500 requests in 1.00m, 342.16MB read
Requests/sec:  35175.78
Transfer/sec:      5.70MB
