  63130 1001      20   0 1339820 364492  42812 S   0.0   2.2  51:10.33 application
  63130 1001      20   0 1340844 365020  42812 S 396.0   2.2  51:14.29 application
  63130 1001      20   0 1340844 365020  42812 S 396.0   2.2  51:18.29 application
  63130 1001      20   0 1340844 365284  42812 S 402.0   2.2  51:22.31 application
  63130 1001      20   0 1340844 365284  42812 S 400.0   2.2  51:26.31 application
  63130 1001      20   0 1340844 365284  42812 S 401.0   2.2  51:30.32 application
  63130 1001      20   0 1340844 365284  42812 S 400.0   2.2  51:34.32 application
  63130 1001      20   0 1341868 365812  42812 S 402.0   2.2  51:38.34 application
  63130 1001      20   0 1341868 365812  42812 S 401.0   2.2  51:42.35 application
  63130 1001      20   0 1341868 365812  42812 S 401.0   2.2  51:46.36 application
  63130 1001      20   0 1341868 365812  42812 S 396.0   2.2  51:50.36 application
  63130 1001      20   0 1341868 365812  42812 S 402.0   2.2  51:54.38 application
  63130 1001      20   0 1341868 366076  42812 S 400.0   2.2  51:58.38 application
  63130 1001      20   0 1341868 366076  42812 S 400.0   2.2  52:02.38 application
  63130 1001      20   0 1341868 366076  42812 S 402.0   2.2  52:06.40 application
  63130 1001      20   0 1341868 366076  42812 S 400.0   2.2  52:10.40 application
  63130 1001      20   0 1341868 366340  42812 S 402.0   2.2  52:14.42 application
  63130 1001      20   0 1341868 366604  42812 S 402.0   2.2  52:18.44 application
  63130 1001      20   0 1341868 366604  42812 S 396.0   2.2  52:22.44 application
  63130 1001      20   0 1341868 366604  42812 S 401.0   2.2  52:26.45 application
  63130 1001      20   0 1342892 366868  42812 S 400.0   2.2  52:30.45 application
  63130 1001      20   0 1342892 366868  42812 S 403.0   2.2  52:34.48 application
  63130 1001      20   0 1342892 367132  42812 S 400.0   2.3  52:38.48 application
  63130 1001      20   0 1342892 367132  42812 S 401.0   2.3  52:42.49 application
  63130 1001      20   0 1342892 367132  42812 S 400.0   2.3  52:46.49 application
  63130 1001      20   0 1342892 367132  42812 S 402.0   2.3  52:50.51 application
  63130 1001      20   0 1342892 367396  42812 S 398.0   2.3  52:54.53 application
  63130 1001      20   0 1342892 367396  42812 S 401.0   2.3  52:58.54 application
  63130 1001      20   0 1342892 367396  42812 S 400.0   2.3  53:02.54 application
  63130 1001      20   0 1342892 367396  42812 S 402.0   2.3  53:06.56 application
  63130 1001      20   0 1342892 367396  42812 S 400.0   2.3  53:10.56 application
  63130 1001      20   0 1342892 367396  42812 S 400.0   2.3  53:14.56 application
  63130 1001      20   0 1343916 367396  42812 S 399.0   2.3  53:18.55 application
  63130 1001      20   0 1343916 367660  42812 S 402.0   2.3  53:22.57 application
  63130 1001      20   0 1343916 367660  42812 S 400.0   2.3  53:26.61 application
  63130 1001      20   0 1343916 367660  42812 S 397.0   2.3  53:30.58 application
  63130 1001      20   0 1343916 367660  42812 S 403.0   2.3  53:34.61 application
  63130 1001      20   0 1343916 367660  42812 S 402.0   2.3  53:38.63 application
  63130 1001      20   0 1343916 367660  42812 S 400.0   2.3  53:42.63 application
  63130 1001      20   0 1343916 367660  42812 S 401.0   2.3  53:46.64 application
  63130 1001      20   0 1343916 367660  42812 S 398.0   2.3  53:50.62 application
  63130 1001      20   0 1343916 367924  42812 S 405.0   2.3  53:54.67 application
  63130 1001      20   0 1343916 368452  42812 S 394.1   2.3  53:58.65 application
  63130 1001      20   0 1343916 368716  42812 S 404.0   2.3  54:02.69 application
  63130 1001      20   0 1344940 368716  42812 S 397.0   2.3  54:06.66 application
  63130 1001      20   0 1344940 368716  42812 S 403.0   2.3  54:10.69 application
  63130 1001      20   0 1344940 368980  42812 S 401.0   2.3  54:14.70 application
  63130 1001      20   0 1344940 368980  42812 S 399.0   2.3  54:18.69 application
  63130 1001      20   0 1344940 368980  42812 S 400.0   2.3  54:22.69 application
  63130 1001      20   0 1344