  63806 1001      20   0 3209832 328536  47604 S  60.0   2.0   1:29.36 application
  63806 1001      20   0 3209832 329120  47668 S 143.0   2.0   1:30.79 application
  63806 1001      20   0 3209832 329120  47668 S 137.0   2.0   1:32.16 application
  63806 1001      20   0 3210856 329972  47732 S 144.0   2.0   1:33.60 application
  63806 1001      20   0 3210856 329972  47732 S 144.0   2.0   1:35.04 application
  63806 1001      20   0 3210856 329972  47732 S 146.0   2.0   1:36.50 application
  63806 1001      20   0 3210856 329972  47732 S 143.6   2.0   1:37.95 application
  63806 1001      20   0 3210856 329972  47732 S 140.0   2.0   1:39.35 application
  63806 1001      20   0 3210856 329972  47732 S 137.0   2.0   1:40.72 application
  63806 1001      20   0 3210856 329972  47732 S 135.0   2.0   1:42.07 application
  63806 1001      20   0 3210856 330236  47732 S 144.0   2.0   1:43.51 application
  63806 1001      20   0 3210856 330236  47732 S 142.0   2.0   1:44.93 application
  63806 1001      20   0 3210856 330236  47732 S 144.0   2.0   1:46.37 application
  63806 1001      20   0 3211880 330236  47732 S 142.0   2.0   1:47.79 application
  63806 1001      20   0 3211880 330496  47732 S 140.0   2.0   1:49.19 application
  63806 1001      20   0 3211880 330496  47732 S 139.6   2.0   1:50.60 application
  63806 1001      20   0 3211880 330760  47732 S 142.0   2.0   1:52.02 application
  63806 1001      20   0 3211880 330760  47732 S 143.0   2.0   1:53.45 application
  63806 1001      20   0 3211880 330760  47732 S 144.0   2.0   1:54.89 application
  63806 1001      20   0 3211880 330760  47732 S 143.0   2.0   1:56.32 application
  63806 1001      20   0 3211880 330760  47732 S 141.0   2.0   1:57.73 application
  63806 1001      20   0 3211880 330760  47732 S 137.0   2.0   1:59.10 application
  63806 1001      20   0 3211880 330760  47732 S 137.0   2.0   2:00.47 application
  63806 1001      20   0 3211880 330760  47732 S 141.0   2.0   2:01.88 application
  63806 1001      20   0 3211880 330760  47732 S 137.6   2.0   2:03.27 application
  63806 1001      20   0 3211880 331020  47732 S 138.0   2.0   2:04.65 application
  63806 1001      20   0 3211880 331020  47732 S 140.0   2.0   2:06.05 application
  63806 1001      20   0 3212904 331284  47732 S 144.0   2.0   2:07.49 application
  63806 1001      20   0 3212904 331544  47732 S 143.0   2.0   2:08.92 application
  63806 1001      20   0 3212904 331544  47732 S 145.0   2.0   2:10.37 application
  63806 1001      20   0 3212904 331544  47732 S 143.0   2.0   2:11.80 application
  63806 1001      20   0 3212904 331820  47732 S 140.0   2.0   2:13.20 application
  63806 1001      20   0 3212904 331820  47732 S 135.0   2.0   2:14.55 application
  63806 1001      20   0 3212904 332084  47732 S 133.7   2.0   2:15.90 application
  63806 1001      20   0 3212904 332084  47732 S 136.0   2.0   2:17.26 application
  63806 1001      20   0 3212904 332084  47732 S 136.0   2.0   2:18.62 application
  63806 1001      20   0 3212904 332084  47732 S 132.0   2.0   2:19.94 application
  63806 1001      20   0 3212904 332084  47732 S 134.0   2.0   2:21.28 application
  63806 1001      20   0 3212904 332084  47732 S 138.0   2.0   2:22.66 application
  63806 1001      20   0 3212904 332084  47732 S 143.0   2.0   2:24.09 application
  63806 1001      20   0 3212904 332084  47732 S 140.0   2.0   2:25.49 application
  63806 1001      20   0 3213928 332608  47732 S 137.6   2.0   2:26.88 application
  63806 1001      20   0 3213928 332608  47732 S 141.0   2.0   2:28.29 application
  63806 1001      20   0 3214952 333400  47732 S 142.0   2.0   2:29.71 application
  63806 1001      20   0 3214952 333400  47732 S 145.0   2.0   2:31.16 application
  63806 1001      20   0 3214952 333400  47732 S 145.0   2.0   2:32.61 application
  63806 1001      20   0 3214952 333400  47732 S 144.0   2.0   2:34.05 application
  63806 1001      20   0 3214952 333400  47732 S 140.0   2.0   2:35.45 application
  63806 1001      20   0 3214952 333664  47732 S 138.0   2.0   2:36.83 application
  63806 1001      20   0 3214