  63130 1001      20   0 1290668 315212  42624 S  68.8   1.9   3:50.22 application
  63130 1001      20   0 1290668 315476  42624 S 196.0   1.9   3:52.18 application
  63130 1001      20   0 1290668 315476  42624 S 195.0   1.9   3:54.13 application
  63130 1001      20   0 1290668 315476  42624 S 197.0   1.9   3:56.10 application
  63130 1001      20   0 1290668 315476  42624 S 197.0   1.9   3:58.07 application
  63130 1001      20   0 1290668 315476  42624 S 197.0   1.9   4:00.04 application
  63130 1001      20   0 1290668 315476  42624 S 194.0   1.9   4:01.98 application
  63130 1001      20   0 1290668 315476  42624 S 194.1   1.9   4:03.94 application
  63130 1001      20   0 1290668 315476  42624 S 196.0   1.9   4:05.90 application
  63130 1001      20   0 1290668 315476  42624 S 198.0   1.9   4:07.88 application
  63130 1001      20   0 1290668 315476  42624 S 196.0   1.9   4:09.84 application
  63130 1001      20   0 1290668 315476  42624 S 197.0   1.9   4:11.81 application
  63130 1001      20   0 1290668 315476  42624 S 195.0   1.9   4:13.76 application
  63130 1001      20   0 1290668 315476  42624 S 193.0   1.9   4:15.69 application
  63130 1001      20   0 1290668 315476  42624 S 194.0   1.9   4:17.63 application
  63130 1001      20   0 1290668 315476  42624 S 193.1   1.9   4:19.58 application
  63130 1001      20   0 1290668 315476  42624 S 196.0   1.9   4:21.54 application
  63130 1001      20   0 1290668 315476  42624 S 196.0   1.9   4:23.50 application
  63130 1001      20   0 1290668 315476  42624 S 193.0   1.9   4:25.43 application
  63130 1001      20   0 1290668 315476  42624 S 196.0   1.9   4:27.39 application
  63130 1001      20   0 1290668 315476  42624 S 193.0   1.9   4:29.32 application
  63130 1001      20   0 1290668 315476  42624 S 192.0   1.9   4:31.24 application
  63130 1001      20   0 1290668 315476  42624 S 188.1   1.9   4:33.14 application
  63130 1001      20   0 1290668 315476  42624 S 193.0   1.9   4:35.07 application
  63130 1001      20   0 1290668 315476  42624 S 194.0   1.9   4:37.01 application
  63130 1001      20   0 1290668 315476  42624 S 193.0   1.9   4:38.94 application
  63130 1001      20   0 1290668 315476  42624 S 194.0   1.9   4:40.88 application
  63130 1001      20   0 1290668 315476  42624 S 194.0   1.9   4:42.82 application
  63130 1001      20   0 1290668 315476  42624 S 195.0   1.9   4:44.77 application
  63130 1001      20   0 1290668 315476  42624 S 192.1   1.9   4:46.71 application
  63130 1001      20   0 1290668 315476  42624 S 197.0   1.9   4:48.68 application
  63130 1001      20   0 1290668 315476  42624 S 196.0   1.9   4:50.64 application
  63130 1001      20   0 1290668 315476  42624 S 191.0   1.9   4:52.55 application
  63130 1001      20   0 1290668 315476  42624 S 191.0   1.9   4:54.46 application
  63130 1001      20   0 1290668 315476  42624 S 196.0   1.9   4:56.42 application
  63130 1001      20   0 1290668 315476  42624 S 194.0   1.9   4:58.36 application
  63130 1001      20   0 1290668 315476  42624 S 194.0   1.9   5:00.30 application
  63130 1001      20   0 1291692 315476  42624 S 191.1   1.9   5:02.23 application
  63130 1001      20   0 1291692 315476  42624 S 195.0   1.9   5:04.18 application
  63130 1001      20   0 1291692 315476  42624 S 195.0   1.9   5:06.13 application
  63130 1001      20   0 1291692 315476  42624 S 195.0   1.9   5:08.08 application
  63130 1001      20   0 1291692 315476  42624 S 196.0   1.9   5:10.04 application
  63130 1001      20   0 1291692 315476  42624 S 194.0   1.9   5:11.98 application
  63130 1001      20   0 1291692 315856  42748 S 194.0   1.9   5:13.92 application
  63130 1001      20   0 1291692 315856  42748 S 192.1   1.9   5:15.86 application
  63130 1001      20   0 1291692 315856  42748 S 197.0   1.9   5:17.83 application
  63130 1001      20   0 1291692 315856  42748 S 192.0   1.9   5:19.75 application
  63130 1001      20   0 1291692 315856  42748 S 196.0   1.9   5:21.71 application
  63130 1001      20   0 1291692 315856  42748 S 194.0   1.9   5:23.65 application
  63130 1001      20   0 1291