   8154 root      20   0   10.4g 201112  28944 S 500.0   1.2   0:05.45 java
   8154 root      20   0   13.0g 232952  28944 S 400.0   1.4   0:09.45 java
   8154 root      20   0   13.6g 271836  28944 S 401.0   1.7   0:13.46 java
   8154 root      20   0   13.6g 413544  28944 S 398.0   2.5   0:17.44 java
   8154 root      20   0   13.6g 442664  28944 S 400.0   2.7   0:21.44 java
   8154 root      20   0   13.6g 451948  28944 S 400.0   2.8   0:25.44 java
   8154 root      20   0   13.6g 447380  28944 S 400.0   2.7   0:29.44 java
   8154 root      20   0   13.6g 459388  28944 S 396.0   2.8   0:33.44 java
   8154 root      20   0   13.6g 452776  28944 S 401.0   2.8   0:37.45 java
   8154 root      20   0   13.6g 450500  29008 S 399.0   2.8   0:41.44 java
   8154 root      20   0   13.6g 451136  29008 S 223.0   2.8   0:43.67 java
   8154 root      20   0   13.6g 451132  29008 S  82.0   2.8   0:44.49 java
   8154 root      20   0   13.6g 451116  29008 S  90.0   2.8   0:45.39 java
   8154 root      20   0   13.6g 451232  29008 S  82.0   2.8   0:46.21 java
   8154 root      20   0   13.6g 429784  29008 S  86.0   2.6   0:47.07 java
   8154 root      20   0   13.6g 429784  29008 S  84.0   2.6   0:47.91 java
   8154 root      20   0   13.6g 429784  29008 S  81.2   2.6   0:48.73 java
   8154 root      20   0   13.6g 433960  29008 S  83.0   2.7   0:49.56 java
   8154 root      20   0   13.6g 436676  29008 S  87.0   2.7   0:50.43 java
   8154 root      20   0   13.6g 436940  29008 S  80.0   2.7   0:51.23 java
   8154 root      20   0   13.6g 436940  29008 S  77.0   2.7   0:52.00 java
   8154 root      20   0   13.6g 437060  29008 S  83.0   2.7   0:52.83 java
   8154 root      20   0   13.6g 437060  29008 S  85.0   2.7   0:53.68 java
   8154 root      20   0   13.6g 437060  29008 S  79.0   2.7   0:54.47 java
   8154 root      20   0   13.6g 437060  29008 S  83.2   2.7   0:55.31 java
   8154 root      20   0   13.6g 437060  29008 S  82.0   2.7   0:56.13 java
   8154 root      20   0   13.6g 437060  29008 S  80.0   2.7   0:56.93 java
   8154 root      20   0   13.6g 437060  29008 S  80.0   2.7   0:57.73 java
   8154 root      20   0   13.6g 437060  29008 S  81.0   2.7   0:58.54 java
   8154 root      20   0   13.6g 437060  29008 S  84.0   2.7   0:59.38 java
   8154 root      20   0   13.6g 437060  29008 S  81.0   2.7   1:00.19 java
   8154 root      20   0   13.6g 437060  29008 S  82.0   2.7   1:01.01 java
   8154 root      20   0   13.6g 438068  29008 S  80.0   2.7   1:01.81 java
   8154 root      20   0   13.6g 438476  29008 S  80.2   2.7   1:02.62 java
   8154 root      20   0   13.6g 438476  29008 S  81.0   2.7   1:03.43 java
   8154 root      20   0   13.6g 439348  29008 S  78.0   2.7   1:04.21 java
   8154 root      20   0   13.6g 439348  29008 S  81.0   2.7   1:05.02 java
   8154 root      20   0   13.6g 439348  29008 S  84.0   2.7   1:05.86 java
   8154 root      20   0   13.6g 439808  29008 S  86.0   2.7   1:06.72 java
   8154 root      20   0   13.6g 440068  29008 S  80.0   2.7   1:07.52 java
   8154 root      20   0   13.6g 440176  29008 S  79.0   2.7   1:08.31 java
   8154 root      20   0   13.6g 440288  29008 S  82.0   2.7   1:09.13 java
   8154 root      20   0   13.6g 440288  29008 S  77.2   2.7   1:09.91 java
   8154 root      20   0   13.6g 440288  29008 S  82.0   2.7   1:10.73 java
   8154 root      20   0   13.6g 440288  29008 S  78.0   2.7   1:11.51 java
   8154 root      20   0   13.6g 440396  29008 S  77.0   2.7   1:12.28 java
   8154 root      20   0   13.6g 440396  29008 S  82.0   2.7   1:13.10 java
   8154 root      20   0   13.6g 440396  29008 S  83.0   2.7   1:13.93 java
   8154 root      20   0   13.6g 440396  29008 S  77.0   2.7   1:14.70 java
   8154 root      20   0   13.6g 440396  29008 S  79.0   2.7   1:15.49 java
   8154 root      20   0   13.6g 440488  29008 S  79.0   2.7   1:16.28 java
   8154 root      20   0   13.6g 440488  29008 S  79.2   2.7   1:17.08 java
   8154 root      20   0   13.6g 440488  29008 S  79.0   2.7   1:17.87 java
   8154 root      20   0   13.6g 440488  29008 S  80.0   2.7   1:18.