   6970 root      20   0 9218556 393108  29116 S  86.7   2.4  14:23.02 java
   6970 root      20   0 9218556 393108  29116 S 228.7   2.4  14:25.33 java
   6970 root      20   0 9218556 393108  29116 S 223.0   2.4  14:27.56 java
   6970 root      20   0 9218556 393108  29116 S 224.0   2.4  14:29.80 java
   6970 root      20   0 9218556 393108  29116 S 229.0   2.4  14:32.09 java
   6970 root      20   0 9218556 393108  29116 S 228.0   2.4  14:34.37 java
   6970 root      20   0 9218556 393596  29116 S 223.0   2.4  14:36.60 java
   6970 root      20   0 9218556 393596  29116 S 226.0   2.4  14:38.86 java
   6970 root      20   0 9218556 393596  29116 S 227.0   2.4  14:41.13 java
   6970 root      20   0 9218556 393596  29116 S 221.8   2.4  14:43.37 java
   6970 root      20   0 9218556 393596  29116 S 228.0   2.4  14:45.65 java
   6970 root      20   0 9218556 393596  29116 S 227.0   2.4  14:47.92 java
   6970 root      20   0 9218556 393596  29116 S 229.0   2.4  14:50.21 java
   6970 root      20   0 9218556 393596  29116 S 231.0   2.4  14:52.52 java
   6970 root      20   0 9218556 393596  29116 S 232.0   2.4  14:54.84 java
   6970 root      20   0 9218556 393596  29116 S 227.0   2.4  14:57.11 java
   6970 root      20   0 9218556 393596  29116 S 229.0   2.4  14:59.40 java
   6970 root      20   0 9218556 393596  29116 S 235.0   2.4  15:01.75 java
   6970 root      20   0 9218556 393596  29116 S 225.7   2.4  15:04.03 java
   6970 root      20   0 9218556 393596  29116 S 235.0   2.4  15:06.38 java
   6970 root      20   0 9218556 393596  29116 S 234.0   2.4  15:08.72 java
   6970 root      20   0 9218556 393596  29116 S 238.0   2.4  15:11.10 java
   6970 root      20   0 9218556 393596  29116 S 221.0   2.4  15:13.31 java
   6970 root      20   0 9218556 393596  29116 S 226.0   2.4  15:15.57 java
   6970 root      20   0 9218556 393596  29116 S 233.0   2.4  15:17.90 java
   6970 root      20   0 9218556 393596  29116 S 233.0   2.4  15:20.23 java
   6970 root      20   0 9218556 393596  29116 S 233.7   2.4  15:22.59 java
   6970 root      20   0 9218556 393596  29116 S 240.0   2.4  15:24.99 java
   6970 root      20   0 9218556 393596  29116 S 236.0   2.4  15:27.35 java
   6970 root      20   0 9218556 393596  29116 S 233.0   2.4  15:29.68 java
   6970 root      20   0 9218556 393596  29116 S 233.0   2.4  15:32.01 java
   6970 root      20   0 9218556 393596  29116 S 228.0   2.4  15:34.29 java
   6970 root      20   0 9218556 393596  29116 S 221.8   2.4  15:36.53 java
   6970 root      20   0 9218556 393596  29116 S 233.0   2.4  15:38.86 java
   6970 root      20   0 9218556 393596  29116 S 237.0   2.4  15:41.23 java
   6970 root      20   0 9218556 393596  29116 S 232.0   2.4  15:43.55 java
   6970 root      20   0 9218556 393596  29116 S 234.0   2.4  15:45.89 java
   6970 root      20   0 9218556 393596  29116 S 230.0   2.4  15:48.19 java
   6970 root      20   0 9218556 393596  29116 S 225.0   2.4  15:50.44 java
   6970 root      20   0 9218556 393596  29116 S 230.7   2.4  15:52.77 java
   6970 root      20   0 9218556 393596  29116 S 233.0   2.4  15:55.10 java
   6970 root      20   0 9218556 393596  29116 S 228.0   2.4  15:57.38 java
   6970 root      20   0 9218556 393596  29116 S 230.0   2.4  15:59.68 java
   6970 root      20   0 9218556 393680  29116 S 231.0   2.4  16:01.99 java
   6970 root      20   0 9218556 393680  29116 S 235.0   2.4  16:04.34 java
   6970 root      20   0 9218556 393680  29116 S 230.0   2.4  16:06.64 java
   6970 root      20   0 9218556 393680  29116 S 228.7   2.4  16:08.95 java
   6970 root      20   0 9218556 393680  29116 S 229.0   2.4  16:11.24 java
   6970 root      20   0 9218556 393680  29116 S 237.0   2.4  16:13.61 java
   6970 root      20   0 9218556 393680  29116 S 234.0   2.4  16:15.95 java
   6970 root      20   0 9218556 393680  29116 S 226.0   2.4  16:18.21 java
   6970 root      20   0 9218556 393680  29116 S 225.0   2.4  16:20.46 java
   6970 root      20   0 9218556 393680  29116 S 226.0   2.4  16:22.72 java
   6970 root      20   0 9218556 393680  29116 S 231.0   2.4  16:25.