   6970 root      20   0 9218556 684052  29116 S 420.0   4.2  91:31.28 java
   6970 root      20   0 9218556 684052  29116 S 403.0   4.2  91:35.35 java
   6970 root      20   0 9218556 684052  29116 S 400.0   4.2  91:39.35 java
   6970 root      20   0 9218556 684052  29116 S 400.0   4.2  91:43.35 java
   6970 root      20   0 9218556 684052  29116 S 400.0   4.2  91:47.35 java
   6970 root      20   0 9218556 684052  29116 S 400.0   4.2  91:51.35 java
   6970 root      20   0 9218556 684364  29116 S 400.0   4.2  91:55.35 java
   6970 root      20   0 9218556 684364  29116 S 400.0   4.2  91:59.35 java
   6970 root      20   0 9218556 684364  29116 S 400.0   4.2  92:03.35 java
   6970 root      20   0 9218556 684364  29116 S 397.0   4.2  92:07.36 java
   6970 root      20   0 9218556 684364  29116 S 399.0   4.2  92:11.35 java
   6970 root      20   0 9218556 684364  29116 S 400.0   4.2  92:15.35 java
   6970 root      20   0 9218556 684364  29116 S 400.0   4.2  92:19.35 java
   6970 root      20   0 9218556 684364  29116 S 399.0   4.2  92:23.34 java
   6970 root      20   0 9218556 684364  29116 S 401.0   4.2  92:27.35 java
   6970 root      20   0 9218556 684364  29116 S 400.0   4.2  92:31.35 java
   6970 root      20   0 9218556 684364  29116 S 400.0   4.2  92:35.35 java
   6970 root      20   0 9218556 684364  29116 S 396.0   4.2  92:39.35 java
   6970 root      20   0 9218556 684364  29116 S 400.0   4.2  92:43.35 java
   6970 root      20   0 9218556 684364  29116 S 401.0   4.2  92:47.36 java
   6970 root      20   0 9218556 684364  29116 S 401.0   4.2  92:51.37 java
   6970 root      20   0 9218556 684364  29116 S 401.0   4.2  92:55.38 java
   6970 root      20   0 9218556 684364  29116 S 402.0   4.2  92:59.40 java
   6970 root      20   0 9218556 684364  29116 S 399.0   4.2  93:03.39 java
   6970 root      20   0 9218556 684364  29116 S 401.0   4.2  93:07.40 java
   6970 root      20   0 9218556 684364  29116 S 401.0   4.2  93:11.41 java
   6970 root      20   0 9218556 684364  29116 S 396.0   4.2  93:15.41 java
   6970 root      20   0 9218556 684364  29116 S 402.0   4.2  93:19.43 java
   6970 root      20   0 9218556 684364  29116 S 401.0   4.2  93:23.44 java
   6970 root      20   0 9218556 684364  29116 S 400.0   4.2  93:27.44 java
   6970 root      20   0 9218556 684364  29116 S 402.0   4.2  93:31.46 java
   6970 root      20   0 9218556 684364  29116 S 399.0   4.2  93:35.45 java
   6970 root      20   0 9218556 684364  29116 S 403.0   4.2  93:39.48 java
   6970 root      20   0 9218556 684364  29116 S 395.0   4.2  93:43.47 java
   6970 root      20   0 9218556 684364  29116 S 402.0   4.2  93:47.49 java
   6970 root      20   0 9218556 684364  29116 S 401.0   4.2  93:51.50 java
   6970 root      20   0 9218556 684364  29116 S 401.0   4.2  93:55.51 java
   6970 root      20   0 9218556 684364  29116 S 399.0   4.2  93:59.50 java
   6970 root      20   0 9218556 684364  29116 S 402.0   4.2  94:03.52 java
   6970 root      20   0 9218556 684364  29116 S 400.0   4.2  94:07.52 java
   6970 root      20   0 9218556 684364  29116 S 402.0   4.2  94:11.54 java
   6970 root      20   0 9218556 684364  29116 S 400.0   4.2  94:15.54 java
   6970 root      20   0 9218556 684364  29116 S 395.0   4.2  94:19.53 java
   6970 root      20   0 9218556 684364  29116 S 401.0   4.2  94:23.54 java
   6970 root      20   0 9218556 684364  29116 S 401.0   4.2  94:27.55 java
   6970 root      20   0 9218556 684364  29116 S 400.0   4.2  94:31.55 java
   6970 root      20   0 9218556 684364  29116 S 402.0   4.2  94:35.57 java
   6970 root      20   0 9218556 684364  29116 S 401.0   4.2  94:39.58 java
   6970 root      20   0 9218556 684364  29116 S 400.0   4.2  94:43.58 java
   6970 root      20   0 9218556 684364  29116 S 402.0   4.2  94:47.60 java
   6970 root      20   0 9218556 684364  29116 S 399.0   4.2  94:51.59 java
   6970 root      20   0 9218556 684364  29116 S 397.0   4.2  94:55.60 java
   6970 root      20   0 9218556 684364  29116 S 399.0   4.2  94:59.59 java
   6970 root      20   0 9218556 684364  29116 S 403.0   4.2  95:03.