   6970 root      20   0 9218556 513168  29116 S 387.5   3.1  51:31.78 java
   6970 root      20   0 9218556 513168  29116 S 405.0   3.1  51:35.83 java
   6970 root      20   0 9218556 513168  29116 S 400.0   3.1  51:39.83 java
   6970 root      20   0 9218556 513168  29116 S 400.0   3.1  51:43.83 java
   6970 root      20   0 9218556 513500  29116 S 400.0   3.1  51:47.83 java
   6970 root      20   0 9218556 513648  29116 S 400.0   3.1  51:51.83 java
   6970 root      20   0 9218556 513648  29116 S 400.0   3.1  51:55.83 java
   6970 root      20   0 9218556 513648  29116 S 400.0   3.1  51:59.83 java
   6970 root      20   0 9218556 588776  29116 S 396.0   3.6  52:03.83 java
   6970 root      20   0 9218556 588776  29116 S 399.0   3.6  52:07.82 java
   6970 root      20   0 9218556 588776  29116 S 401.0   3.6  52:11.83 java
   6970 root      20   0 9218556 588776  29116 S 400.0   3.6  52:15.83 java
   6970 root      20   0 9218556 588776  29116 S 400.0   3.6  52:19.83 java
   6970 root      20   0 9218556 588776  29116 S 400.0   3.6  52:23.83 java
   6970 root      20   0 9218556 588776  29116 S 400.0   3.6  52:27.83 java
   6970 root      20   0 9218556 588776  29116 S 400.0   3.6  52:31.83 java
   6970 root      20   0 9218556 588776  29116 S 396.0   3.6  52:35.83 java
   6970 root      20   0 9218556 588776  29116 S 401.0   3.6  52:39.84 java
   6970 root      20   0 9218556 588776  29116 S 401.0   3.6  52:43.85 java
   6970 root      20   0 9218556 588776  29116 S 400.0   3.6  52:47.85 java
   6970 root      20   0 9218556 588776  29116 S 400.0   3.6  52:51.85 java
   6970 root      20   0 9218556 588776  29116 S 402.0   3.6  52:55.87 java
   6970 root      20   0 9218556 588776  29116 S 401.0   3.6  52:59.88 java
   6970 root      20   0 9218556 588776  29116 S 402.0   3.6  53:03.90 java
   6970 root      20   0 9218556 588776  29116 S 395.0   3.6  53:07.89 java
   6970 root      20   0 9218556 588776  29116 S 401.0   3.6  53:11.90 java
   6970 root      20   0 9218556 588776  29116 S 401.0   3.6  53:15.91 java
   6970 root      20   0 9218556 588776  29116 S 402.0   3.6  53:19.93 java
   6970 root      20   0 9218556 588776  29116 S 400.0   3.6  53:23.93 java
   6970 root      20   0 9218556 588776  29116 S 401.0   3.6  53:27.94 java
   6970 root      20   0 9218556 588776  29116 S 401.0   3.6  53:31.95 java
   6970 root      20   0 9218556 588776  29116 S 397.0   3.6  53:35.96 java
   6970 root      20   0 9218556 588776  29116 S 401.0   3.6  53:39.97 java
   6970 root      20   0 9218556 588776  29116 S 400.0   3.6  53:43.97 java
   6970 root      20   0 9218556 588776  29116 S 401.0   3.6  53:47.98 java
   6970 root      20   0 9218556 588776  29116 S 403.0   3.6  53:52.01 java
   6970 root      20   0 9218556 588776  29116 S 401.0   3.6  53:56.02 java
   6970 root      20   0 9218556 588776  29116 S 398.0   3.6  54:00.00 java
   6970 root      20   0 9218556 588776  29116 S 397.0   3.6  54:04.01 java
   6970 root      20   0 9218556 588776  29116 S 402.0   3.6  54:08.03 java
   6970 root      20   0 9218556 588936  29116 S 402.0   3.6  54:12.05 java
   6970 root      20   0 9218556 588936  29116 S 400.0   3.6  54:16.05 java
   6970 root      20   0 9218556 588936  29116 S 401.0   3.6  54:20.06 java
   6970 root      20   0 9218556 588936  29116 S 399.0   3.6  54:24.05 java
   6970 root      20   0 9218556 588936  29116 S 403.0   3.6  54:28.08 java
   6970 root      20   0 9218556 588936  29116 S 397.0   3.6  54:32.09 java
   6970 root      20   0 9218556 588936  29116 S 401.0   3.6  54:36.10 java
   6970 root      20   0 9218556 588936  29116 S 401.0   3.6  54:40.11 java
   6970 root      20   0 9218556 588936  29116 S 402.0   3.6  54:44.13 java
   6970 root      20   0 9218556 588936  29116 S 399.0   3.6  54:48.12 java
   6970 root      20   0 9218556 588936  29116 S 399.0   3.6  54:52.15 java
   6970 root      20   0 9218556 588936  29116 S 400.0   3.6  54:56.15 java
   6970 root      20   0 9218556 588936  29116 S 401.0   3.6  55:00.16 java
   6970 root      20   0 9218556 588936  29116 S 402.0   3.6  55:04.