   6970 root      20   0 9218556 394184  29116 S  53.3   2.4  19:14.23 java
   6970 root      20   0 9218556 394184  29116 S 232.0   2.4  19:16.55 java
   6970 root      20   0 9218556 394184  29116 S 267.0   2.4  19:19.22 java
   6970 root      20   0 9218556 394184  29116 S 264.0   2.4  19:21.86 java
   6970 root      20   0 9218556 394184  29116 S 274.0   2.4  19:24.60 java
   6970 root      20   0 9218556 394184  29116 S 271.3   2.4  19:27.34 java
   6970 root      20   0 9218556 394352  29116 S 271.0   2.4  19:30.05 java
   6970 root      20   0 9218556 394352  29116 S 272.0   2.4  19:32.77 java
   6970 root      20   0 9218556 394352  29116 S 275.0   2.4  19:35.52 java
   6970 root      20   0 9218556 394352  29116 S 273.0   2.4  19:38.25 java
   6970 root      20   0 9218556 394352  29116 S 280.0   2.4  19:41.05 java
   6970 root      20   0 9218556 394352  29116 S 279.0   2.4  19:43.84 java
   6970 root      20   0 9218556 394352  29116 S 270.3   2.4  19:46.57 java
   6970 root      20   0 9218556 394352  29116 S 274.0   2.4  19:49.31 java
   6970 root      20   0 9218556 394352  29116 S 276.0   2.4  19:52.07 java
   6970 root      20   0 9218556 394352  29116 S 269.0   2.4  19:54.76 java
   6970 root      20   0 9218556 394352  29116 S 265.0   2.4  19:57.41 java
   6970 root      20   0 9218556 394352  29116 S 276.0   2.4  20:00.17 java
   6970 root      20   0 9218556 394352  29116 S 272.0   2.4  20:02.89 java
   6970 root      20   0 9218556 394352  29116 S 265.3   2.4  20:05.57 java
   6970 root      20   0 9218556 394500  29116 S 275.0   2.4  20:08.32 java
   6970 root      20   0 9218556 394500  29116 S 270.0   2.4  20:11.02 java
   6970 root      20   0 9218556 394500  29116 S 274.0   2.4  20:13.76 java
   6970 root      20   0 9218556 394500  29116 S 281.0   2.4  20:16.57 java
   6970 root      20   0 9218556 394500  29116 S 281.0   2.4  20:19.38 java
   6970 root      20   0 9218556 394500  29116 S 282.0   2.4  20:22.20 java
   6970 root      20   0 9218556 394500  29116 S 269.0   2.4  20:24.89 java
   6970 root      20   0 9218556 394500  29116 S 270.3   2.4  20:27.62 java
   6970 root      20   0 9218556 394500  29116 S 272.0   2.4  20:30.34 java
   6970 root      20   0 9218556 394500  29116 S 267.0   2.4  20:33.01 java
   6970 root      20   0 9218556 394500  29116 S 271.0   2.4  20:35.72 java
   6970 root      20   0 9218556 394500  29116 S 276.0   2.4  20:38.48 java
   6970 root      20   0 9218556 394500  29116 S 284.0   2.4  20:41.32 java
   6970 root      20   0 9218556 394500  29116 S 278.0   2.4  20:44.10 java
   6970 root      20   0 9218556 394500  29116 S 278.0   2.4  20:46.88 java
   6970 root      20   0 9218556 394500  29116 S 271.3   2.4  20:49.62 java
   6970 root      20   0 9218556 394500  29116 S 273.0   2.4  20:52.35 java
   6970 root      20   0 9218556 394500  29116 S 270.0   2.4  20:55.05 java
   6970 root      20   0 9218556 394500  29116 S 277.0   2.4  20:57.82 java
   6970 root      20   0 9218556 394500  29116 S 271.0   2.4  21:00.53 java
   6970 root      20   0 9218556 394500  29116 S 268.0   2.4  21:03.21 java
   6970 root      20   0 9218556 394500  29116 S 267.0   2.4  21:05.88 java
   6970 root      20   0 9218556 394500  29116 S 282.0   2.4  21:08.70 java
   6970 root      20   0 9218556 394500  29116 S 270.3   2.4  21:11.43 java
   6970 root      20   0 9218556 394500  29116 S 270.0   2.4  21:14.13 java
   6970 root      20   0 9218556 394500  29116 S 283.0   2.4  21:16.96 java
   6970 root      20   0 9218556 394500  29116 S 275.0   2.4  21:19.71 java
   6970 root      20   0 9218556 394500  29116 S 268.0   2.4  21:22.39 java
   6970 root      20   0 9218556 394500  29116 S 272.0   2.4  21:25.11 java
   6970 root      20   0 9218556 394500  29116 S 286.0   2.4  21:27.97 java
   6970 root      20   0 9218556 394500  29116 S 285.0   2.4  21:30.82 java
   6970 root      20   0 9218556 394500  29116 S 272.0   2.4  21:33.54 java
   6970 root      20   0 9218556 394500  29116 S 266.3   2.4  21:36.23 java
   6970 root      20   0 9218556 394500  29116 S 290.0   2.4  21:39.