   6970 root      20   0 9218556 682844  29116 S 186.7   4.2  79:30.69 java
   6970 root      20   0 9218556 682844  29116 S 407.0   4.2  79:34.76 java
   6970 root      20   0 9218556 682844  29116 S 401.0   4.2  79:38.77 java
   6970 root      20   0 9218556 682844  29116 S 395.0   4.2  79:42.76 java
   6970 root      20   0 9218556 682844  29116 S 400.0   4.2  79:46.76 java
   6970 root      20   0 9218556 682844  29116 S 401.0   4.2  79:50.77 java
   6970 root      20   0 9218556 683344  29116 S 399.0   4.2  79:54.76 java
   6970 root      20   0 9218556 683344  29116 S 400.0   4.2  79:58.76 java
   6970 root      20   0 9218556 683344  29116 S 400.0   4.2  80:02.76 java
   6970 root      20   0 9218556 683344  29116 S 400.0   4.2  80:06.76 java
   6970 root      20   0 9218556 683344  29116 S 400.0   4.2  80:10.76 java
   6970 root      20   0 9218556 683344  29116 S 396.0   4.2  80:14.76 java
   6970 root      20   0 9218556 683344  29116 S 401.0   4.2  80:18.77 java
   6970 root      20   0 9218556 683344  29116 S 401.0   4.2  80:22.78 java
   6970 root      20   0 9218556 683344  29116 S 401.0   4.2  80:26.79 java
   6970 root      20   0 9218556 683344  29116 S 400.0   4.2  80:30.79 java
   6970 root      20   0 9218556 683344  29116 S 401.0   4.2  80:34.80 java
   6970 root      20   0 9218556 683344  29116 S 401.0   4.2  80:38.81 java
   6970 root      20   0 9218556 683344  29116 S 400.0   4.2  80:42.81 java
   6970 root      20   0 9218556 683344  29116 S 400.0   4.2  80:46.81 java
   6970 root      20   0 9218556 683344  29116 S 397.0   4.2  80:50.82 java
   6970 root      20   0 9218556 683344  29116 S 402.0   4.2  80:54.84 java
   6970 root      20   0 9218556 683344  29116 S 401.0   4.2  80:58.85 java
   6970 root      20   0 9218556 683344  29116 S 402.0   4.2  81:02.87 java
   6970 root      20   0 9218556 683344  29116 S 399.0   4.2  81:06.86 java
   6970 root      20   0 9218556 683344  29116 S 401.0   4.2  81:10.87 java
   6970 root      20   0 9218556 683344  29116 S 399.0   4.2  81:14.86 java
   6970 root      20   0 9218556 683344  29116 S 403.0   4.2  81:18.89 java
   6970 root      20   0 9218556 683344  29116 S 400.0   4.2  81:22.89 java
   6970 root      20   0 9218556 683344  29116 S 396.0   4.2  81:26.89 java
   6970 root      20   0 9218556 683344  29116 S 400.0   4.2  81:30.89 java
   6970 root      20   0 9218556 683344  29116 S 403.0   4.2  81:34.92 java
   6970 root      20   0 9218556 683344  29116 S 400.0   4.2  81:38.92 java
   6970 root      20   0 9218556 683344  29116 S 402.0   4.2  81:42.94 java
   6970 root      20   0 9218556 683344  29116 S 400.0   4.2  81:46.94 java
   6970 root      20   0 9218556 683344  29116 S 402.0   4.2  81:50.96 java
   6970 root      20   0 9218556 683344  29116 S 396.0   4.2  81:54.96 java
   6970 root      20   0 9218556 683344  29116 S 401.0   4.2  81:58.97 java
   6970 root      20   0 9218556 683344  29116 S 400.0   4.2  82:02.97 java
   6970 root      20   0 9218556 683344  29116 S 401.0   4.2  82:06.98 java
   6970 root      20   0 9218556 683344  29116 S 400.0   4.2  82:10.98 java
   6970 root      20   0 9218556 683344  29116 S 401.0   4.2  82:14.99 java
   6970 root      20   0 9218556 683344  29116 S 402.0   4.2  82:19.01 java
   6970 root      20   0 9218556 683344  29116 S 396.0   4.2  82:23.01 java
   6970 root      20   0 9218556 683344  29116 S 402.0   4.2  82:27.03 java
   6970 root      20   0 9218556 683344  29116 S 401.0   4.2  82:31.04 java
   6970 root      20   0 9218556 683344  29116 S 401.0   4.2  82:35.05 java
   6970 root      20   0 9218556 683344  29116 S 399.0   4.2  82:39.04 java
   6970 root      20   0 9218556 683344  29116 S 402.0   4.2  82:43.06 java
   6970 root      20   0 9218556 683344  29116 S 401.0   4.2  82:47.07 java
   6970 root      20   0 9218556 683344  29116 S 401.0   4.2  82:51.08 java
   6970 root      20   0 9218556 683344  29116 S 397.0   4.2  82:55.09 java
   6970 root      20   0 9218556 683344  29116 S 400.0   4.2  82:59.09 java
   6970 root      20   0 9218556 683344  29116 S 400.0   4.2  83:03.