   8154 root      20   0   13.6g 638680  29008 S 426.7   3.9  25:52.90 java
   8154 root      20   0   13.6g 638680  29008 S 400.0   3.9  25:56.90 java
   8154 root      20   0   13.6g 638860  29008 S 401.0   3.9  26:00.91 java
   8154 root      20   0   13.6g 639192  29008 S 399.0   3.9  26:04.90 java
   8154 root      20   0   13.6g 639192  29008 S 400.0   3.9  26:08.90 java
   8154 root      20   0   13.6g 639616  29008 S 396.0   3.9  26:12.90 java
   8154 root      20   0   13.6g 639616  29008 S 400.0   3.9  26:16.90 java
   8154 root      20   0   13.6g 639616  29008 S 400.0   3.9  26:20.90 java
   8154 root      20   0   13.6g 639784  29008 S 400.0   3.9  26:24.90 java
   8154 root      20   0   13.6g 639784  29008 S 400.0   3.9  26:28.90 java
   8154 root      20   0   13.6g 639784  29008 S 400.0   3.9  26:32.90 java
   8154 root      20   0   13.6g 639972  29008 S 401.0   3.9  26:36.91 java
   8154 root      20   0   13.6g 639972  29008 S 395.0   3.9  26:40.90 java
   8154 root      20   0   13.6g 640220  29008 S 402.0   3.9  26:44.92 java
   8154 root      20   0   13.6g 640220  29008 S 400.0   3.9  26:48.92 java
   8154 root      20   0   13.6g 640220  29008 S 401.0   3.9  26:52.93 java
   8154 root      20   0   13.6g 640220  29008 S 400.0   3.9  26:56.93 java
   8154 root      20   0   13.6g 640220  29008 S 401.0   3.9  27:00.94 java
   8154 root      20   0   13.6g 640384  29008 S 400.0   3.9  27:04.94 java
   8154 root      20   0   13.6g 640540  29008 S 403.0   3.9  27:08.97 java
   8154 root      20   0   13.6g 640732  29008 S 397.0   3.9  27:12.94 java
   8154 root      20   0   13.6g 640928  29008 S 403.0   3.9  27:16.97 java
   8154 root      20   0   13.6g 640928  29008 S 401.0   3.9  27:20.98 java
   8154 root      20   0   13.6g 641100  29008 S 400.0   3.9  27:25.02 java
   8154 root      20   0   13.6g 641100  29008 S 398.0   3.9  27:29.00 java
   8154 root      20   0   13.6g 641100  29008 S 402.0   3.9  27:33.02 java
   8154 root      20   0   13.6g 641100  29008 S 403.0   3.9  27:37.05 java
   8154 root      20   0   13.6g 641100  29008 S 402.0   3.9  27:41.07 java
   8154 root      20   0   13.6g 641704  29008 S 397.0   3.9  27:45.04 java
   8154 root      20   0   13.6g 642004  29008 S 405.0   3.9  27:49.09 java
   8154 root      20   0   13.6g 642156  29008 S 401.0   3.9  27:53.10 java
   8154 root      20   0   13.6g 642156  29008 S 393.0   3.9  27:57.03 java
   8154 root      20   0   13.6g 642156  29008 S 405.0   3.9  28:01.08 java
   8154 root      20   0   13.6g 642324  29008 S 398.0   3.9  28:05.10 java
   8154 root      20   0   13.6g 642324  29008 S 404.0   3.9  28:09.14 java
   8154 root      20   0   13.6g 642324  29008 S 395.0   3.9  28:13.09 java
   8154 root      20   0   13.6g 642324  29008 S 408.0   3.9  28:17.17 java
   8154 root      20   0   13.6g 642468  29008 S 394.0   3.9  28:21.11 java
   8154 root      20   0   13.6g 642468  29008 S 399.0   3.9  28:25.10 java
   8154 root      20   0   13.6g 642468  29008 S 401.0   3.9  28:29.11 java
   8154 root      20   0   13.6g 642712  29008 S 405.0   3.9  28:33.16 java
   8154 root      20   0   13.6g 642712  29008 S 397.0   3.9  28:37.13 java
   8154 root      20   0   13.6g 642948  29008 S 401.0   3.9  28:41.18 java
   8154 root      20   0   13.6g 642948  29008 S 401.0   3.9  28:45.19 java
   8154 root      20   0   13.6g 643076  29008 S 403.0   3.9  28:49.22 java
   8154 root      20   0   13.6g 643220  29008 S 402.0   3.9  28:53.24 java
   8154 root      20   0   13.6g 643476  29008 S 395.0   3.9  28:57.19 java
   8154 root      20   0   13.6g 643476  29008 S 400.0   3.9  29:01.19 java
   8154 root      20   0   13.6g 643476  29008 S 404.0   3.9  29:05.23 java
   8154 root      20   0   13.6g 643476  29008 S 400.0   3.9  29:09.23 java
   8154 root      20   0   13.6g 643476  29008 S 400.0   3.9  29:13.23 java
   8154 root      20   0   13.6g 643476  29008 S 401.0   3.9  29:17.24 java
   8154 root      20   0   13.6g 643620  29008 S 401.0   3.9  29:21.25 java
   8154 root      20   0   13.6g 643620  29008 S 396.0   3.9  29:25.