   6970 root      20   0 9218556 396496  29116 S 406.7   2.4  35:37.37 java
   6970 root      20   0 9218556 396496  29116 S 398.0   2.4  35:41.35 java
   6970 root      20   0 9218556 396496  29116 S 395.0   2.4  35:45.30 java
   6970 root      20   0 9218556 396996  29116 S 383.2   2.4  35:49.17 java
   6970 root      20   0 9218556 396996  29116 S 401.0   2.4  35:53.18 java
   6970 root      20   0 9218556 396996  29116 S 400.0   2.4  35:57.18 java
   6970 root      20   0 9218556 396996  29116 S 397.0   2.4  36:01.15 java
   6970 root      20   0 9218556 396996  29116 S 390.0   2.4  36:05.05 java
   6970 root      20   0 9218556 396996  29116 S 391.0   2.4  36:08.96 java
   6970 root      20   0 9218556 396996  29116 S 395.0   2.4  36:12.91 java
   6970 root      20   0 9218556 396996  29116 S 393.0   2.4  36:16.84 java
   6970 root      20   0 9218556 396996  29116 S 387.1   2.4  36:20.75 java
   6970 root      20   0 9218556 396996  29116 S 400.0   2.4  36:24.75 java
   6970 root      20   0 9218556 396996  29116 S 395.0   2.4  36:28.70 java
   6970 root      20   0 9218556 396996  29116 S 398.0   2.4  36:32.68 java
   6970 root      20   0 9218556 396996  29116 S 403.0   2.4  36:36.71 java
   6970 root      20   0 9218556 396996  29116 S 397.0   2.4  36:40.68 java
   6970 root      20   0 9218556 396996  29116 S 403.0   2.4  36:44.71 java
   6970 root      20   0 9218556 396996  29116 S 399.0   2.4  36:48.74 java
   6970 root      20   0 9218556 396996  29116 S 396.0   2.4  36:52.70 java
   6970 root      20   0 9218556 396996  29116 S 400.0   2.4  36:56.70 java
   6970 root      20   0 9218556 396996  29116 S 401.0   2.4  37:00.71 java
   6970 root      20   0 9218556 396996  29116 S 399.0   2.4  37:04.70 java
   6970 root      20   0 9218556 396996  29116 S 388.0   2.4  37:08.58 java
   6970 root      20   0 9218556 396996  29116 S 407.0   2.4  37:12.65 java
   6970 root      20   0 9218556 396996  29116 S 393.0   2.4  37:16.58 java
   6970 root      20   0 9218556 396996  29116 S 387.0   2.4  37:20.45 java
   6970 root      20   0 9218556 396996  29116 S 389.1   2.4  37:24.38 java
   6970 root      20   0 9218556 396996  29116 S 391.0   2.4  37:28.29 java
   6970 root      20   0 9218556 396996  29116 S 394.0   2.4  37:32.23 java
   6970 root      20   0 9218556 396996  29116 S 381.0   2.4  37:36.04 java
   6970 root      20   0 9218556 396996  29116 S 399.0   2.4  37:40.03 java
   6970 root      20   0 9218556 396996  29116 S 384.0   2.4  37:43.87 java
   6970 root      20   0 9218556 396996  29116 S 398.0   2.4  37:47.85 java
   6970 root      20   0 9218556 396996  29116 S 399.0   2.4  37:51.88 java
   6970 root      20   0 9218556 396996  29116 S 391.0   2.4  37:55.79 java
   6970 root      20   0 9218556 396996  29116 S 404.0   2.4  37:59.83 java
   6970 root      20   0 9218556 396996  29116 S 399.0   2.4  38:03.82 java
   6970 root      20   0 9218556 396996  29116 S 387.0   2.4  38:07.69 java
   6970 root      20   0 9218556 396996  29116 S 395.0   2.4  38:11.64 java
   6970 root      20   0 9218556 396996  29116 S 400.0   2.4  38:15.64 java
   6970 root      20   0 9218556 396996  29116 S 399.0   2.4  38:19.63 java
   6970 root      20   0 9218556 396996  29116 S 389.1   2.4  38:23.56 java
   6970 root      20   0 9218556 396996  29116 S 388.0   2.4  38:27.44 java
   6970 root      20   0 9218556 396996  29116 S 399.0   2.4  38:31.43 java
   6970 root      20   0 9218556 396996  29116 S 388.0   2.4  38:35.31 java
   6970 root      20   0 9218556 396996  29116 S 403.0   2.4  38:39.34 java
   6970 root      20   0 9218556 396996  29116 S 406.0   2.4  38:43.40 java
   6970 root      20   0 9218556 396996  29116 S 394.0   2.4  38:47.34 java
   6970 root      20   0 9218556 396996  29116 S 379.2   2.4  38:51.17 java
   6970 root      20   0 9218556 396996  29116 S 386.0   2.4  38:55.03 java
   6970 root      20   0 9218556 396996  29116 S 402.0   2.4  38:59.05 java
   6970 root      20   0 9218556 396996  29116 S 382.0   2.4  39:02.87 java
   6970 root      20   0 9218556 396996  29116 S 394.0   2.4  39:06.