   6970 root      20   0 9218556 391692  29116 S 106.7   2.4   6:56.10 java
   6970 root      20   0 9218556 391692  29116 S 143.0   2.4   6:57.53 java
   6970 root      20   0 9218556 391692  29116 S 148.0   2.4   6:59.01 java
   6970 root      20   0 9218556 391692  29116 S 149.0   2.4   7:00.50 java
   6970 root      20   0 9218556 391692  29116 S 148.0   2.4   7:01.98 java
   6970 root      20   0 9218556 391692  29116 S 152.0   2.4   7:03.50 java
   6970 root      20   0 9218556 391692  29116 S 148.5   2.4   7:05.00 java
   6970 root      20   0 9218556 391692  29116 S 149.0   2.4   7:06.49 java
   6970 root      20   0 9218556 391692  29116 S 148.0   2.4   7:07.97 java
   6970 root      20   0 9218556 392028  29116 S 154.0   2.4   7:09.51 java
   6970 root      20   0 9218556 392028  29116 S 159.0   2.4   7:11.10 java
   6970 root      20   0 9218556 392028  29116 S 152.0   2.4   7:12.62 java
   6970 root      20   0 9218556 392028  29116 S 153.0   2.4   7:14.15 java
   6970 root      20   0 9218556 392028  29116 S 155.0   2.4   7:15.70 java
   6970 root      20   0 9218556 392028  29116 S 156.0   2.4   7:17.26 java
   6970 root      20   0 9218556 392028  29116 S 151.5   2.4   7:18.79 java
   6970 root      20   0 9218556 392028  29116 S 148.0   2.4   7:20.27 java
   6970 root      20   0 9218556 392028  29116 S 152.0   2.4   7:21.79 java
   6970 root      20   0 9218556 392028  29116 S 144.0   2.4   7:23.23 java
   6970 root      20   0 9218556 392028  29116 S 139.0   2.4   7:24.62 java
   6970 root      20   0 9218556 392028  29116 S 140.0   2.4   7:26.02 java
   6970 root      20   0 9218556 392028  29116 S 148.0   2.4   7:27.50 java
   6970 root      20   0 9218556 392028  29116 S 148.0   2.4   7:28.98 java
   6970 root      20   0 9218556 392028  29116 S 150.5   2.4   7:30.50 java
   6970 root      20   0 9218556 392028  29116 S 150.0   2.4   7:32.00 java
   6970 root      20   0 9218556 392028  29116 S 150.0   2.4   7:33.50 java
   6970 root      20   0 9218556 392028  29116 S 149.0   2.4   7:34.99 java
   6970 root      20   0 9218556 392028  29116 S 147.0   2.4   7:36.46 java
   6970 root      20   0 9218556 392028  29116 S 145.0   2.4   7:37.91 java
   6970 root      20   0 9218556 392028  29116 S 150.0   2.4   7:39.41 java
   6970 root      20   0 9218556 392028  29116 S 145.5   2.4   7:40.88 java
   6970 root      20   0 9218556 392028  29116 S 148.0   2.4   7:42.36 java
   6970 root      20   0 9218556 392028  29116 S 150.0   2.4   7:43.86 java
   6970 root      20   0 9218556 392028  29116 S 148.0   2.4   7:45.34 java
   6970 root      20   0 9218556 392028  29116 S 152.0   2.4   7:46.86 java
   6970 root      20   0 9218556 392028  29116 S 147.0   2.4   7:48.33 java
   6970 root      20   0 9218556 392028  29116 S 146.0   2.4   7:49.79 java
   6970 root      20   0 9218556 392028  29116 S 144.0   2.4   7:51.23 java
   6970 root      20   0 9218556 392028  29116 S 145.5   2.4   7:52.70 java
   6970 root      20   0 9218556 392028  29116 S 145.0   2.4   7:54.15 java
   6970 root      20   0 9218556 392028  29116 S 145.0   2.4   7:55.60 java
   6970 root      20   0 9218556 392028  29116 S 150.0   2.4   7:57.10 java
   6970 root      20   0 9218556 392028  29116 S 151.0   2.4   7:58.61 java
   6970 root      20   0 9218556 392028  29116 S 151.0   2.4   8:00.12 java
   6970 root      20   0 9218556 392028  29116 S 150.0   2.4   8:01.62 java
   6970 root      20   0 9218556 392028  29116 S 146.0   2.4   8:03.08 java
   6970 root      20   0 9218556 392028  29116 S 143.6   2.4   8:04.53 java
   6970 root      20   0 9218556 392028  29116 S 148.0   2.4   8:06.01 java
   6970 root      20   0 9218556 392028  29116 S 146.0   2.4   8:07.47 java
   6970 root      20   0 9218556 392028  29116 S 147.0   2.4   8:08.94 java
   6970 root      20   0 9218556 392028  29116 S 145.0   2.4   8:10.39 java
   6970 root      20   0 9218556 392028  29116 S 141.0   2.4   8:11.80 java
   6970 root      20   0 9218556 392028  29116 S 144.0   2.4   8:13.24 java
   6970 root      20   0 9218556 392028  29116 S 152.0   2.4   8:14.