   6970 root      20   0 9218556 589440  29116 S 406.7   3.6  59:31.51 java
   6970 root      20   0 9218556 589440  29116 S 409.0   3.6  59:35.60 java
   6970 root      20   0 9218556 589440  29116 S 399.0   3.6  59:39.59 java
   6970 root      20   0 9218556 589440  29116 S 397.0   3.6  59:43.60 java
   6970 root      20   0 9218556 589440  29116 S 400.0   3.6  59:47.60 java
   6970 root      20   0 9218556 589580  29116 S 400.0   3.6  59:51.60 java
   6970 root      20   0 9218556 589904  29116 S 400.0   3.6  59:55.60 java
   6970 root      20   0 9218556 589904  29116 S 400.0   3.6  59:59.60 java
   6970 root      20   0 9218556 589904  29116 S 400.0   3.6  60:03.60 java
   6970 root      20   0 9218556 589904  29116 S 400.0   3.6  60:07.60 java
   6970 root      20   0 9218556 589904  29116 S 400.0   3.6  60:11.60 java
   6970 root      20   0 9218556 589904  29116 S 396.0   3.6  60:15.60 java
   6970 root      20   0 9218556 589904  29116 S 400.0   3.6  60:19.60 java
   6970 root      20   0 9218556 589904  29116 S 400.0   3.6  60:23.60 java
   6970 root      20   0 9218556 589904  29116 S 400.0   3.6  60:27.60 java
   6970 root      20   0 9218556 589904  29116 S 400.0   3.6  60:31.60 java
   6970 root      20   0 9218556 590092  29116 S 400.0   3.6  60:35.60 java
   6970 root      20   0 9218556 590092  29116 S 400.0   3.6  60:39.60 java
   6970 root      20   0 9218556 590092  29116 S 400.0   3.6  60:43.60 java
   6970 root      20   0 9218556 590092  29116 S 396.0   3.6  60:47.60 java
   6970 root      20   0 9218556 590092  29116 S 401.0   3.6  60:51.61 java
   6970 root      20   0 9218556 590092  29116 S 401.0   3.6  60:55.62 java
   6970 root      20   0 9218556 590092  29116 S 401.0   3.6  60:59.63 java
   6970 root      20   0 9218556 590092  29116 S 401.0   3.6  61:03.64 java
   6970 root      20   0 9218556 590092  29116 S 401.0   3.6  61:07.65 java
   6970 root      20   0 9218556 590092  29116 S 398.0   3.6  61:11.67 java
   6970 root      20   0 9218556 590092  29116 S 401.0   3.6  61:15.68 java
   6970 root      20   0 9218556 590092  29116 S 401.0   3.6  61:19.69 java
   6970 root      20   0 9218556 590092  29116 S 400.0   3.6  61:23.69 java
   6970 root      20   0 9218556 590092  29116 S 401.0   3.6  61:27.70 java
   6970 root      20   0 9218556 590092  29116 S 400.0   3.6  61:31.70 java
   6970 root      20   0 9218556 590092  29116 S 401.0   3.6  61:35.71 java
   6970 root      20   0 9218556 590092  29116 S 401.0   3.6  61:39.72 java
   6970 root      20   0 9218556 590092  29116 S 398.0   3.6  61:43.74 java
   6970 root      20   0 9218556 590092  29116 S 400.0   3.6  61:47.74 java
   6970 root      20   0 9218556 590092  29116 S 401.0   3.6  61:51.75 java
   6970 root      20   0 9218556 590092  29116 S 402.0   3.6  61:55.77 java
   6970 root      20   0 9218556 590092  29116 S 399.0   3.6  61:59.76 java
   6970 root      20   0 9218556 590092  29116 S 403.0   3.6  62:03.79 java
   6970 root      20   0 9218556 590092  29116 S 396.0   3.6  62:07.79 java
   6970 root      20   0 9218556 590092  29116 S 402.0   3.6  62:11.81 java
   6970 root      20   0 9218556 590092  29116 S 402.0   3.6  62:15.83 java
   6970 root      20   0 9218556 680784  29116 S 399.0   4.2  62:19.82 java
   6970 root      20   0 9218556 680784  29116 S 403.0   4.2  62:23.85 java
   6970 root      20   0 9218556 680784  29116 S 400.0   4.2  62:27.85 java
   6970 root      20   0 9218556 680784  29116 S 396.0   4.2  62:31.85 java
   6970 root      20   0 9218556 681048  29116 S 400.0   4.2  62:35.85 java
   6970 root      20   0 9218556 681048  29116 S 401.0   4.2  62:39.86 java
   6970 root      20   0 9218556 681048  29116 S 402.0   4.2  62:43.88 java
   6970 root      20   0 9218556 681048  29116 S 400.0   4.2  62:47.88 java
   6970 root      20   0 9218556 681048  29116 S 402.0   4.2  62:51.90 java
   6970 root      20   0 9218556 681048  29116 S 398.0   4.2  62:55.88 java
   6970 root      20   0 9218556 681048  29116 S 400.0   4.2  62:59.88 java
   6970 root      20   0 9218556 681048  29116 S 401.0   4.2  63:03.