  47397 root      20   0 9218556 461772  29016 S  33.3   2.8  14:08.43 java
  47397 root      20   0 9218556 461772  29016 S 219.0   2.8  14:10.62 java
  47397 root      20   0 9218556 461772  29016 S 223.0   2.8  14:12.85 java
  47397 root      20   0 9218556 461772  29016 S 231.0   2.8  14:15.16 java
  47397 root      20   0 9218556 461772  29016 S 227.0   2.8  14:17.43 java
  47397 root      20   0 9218556 461772  29016 S 232.7   2.8  14:19.78 java
  47397 root      20   0 9218556 461772  29016 S 229.0   2.8  14:22.07 java
  47397 root      20   0 9218556 462068  29016 S 226.0   2.8  14:24.33 java
  47397 root      20   0 9218556 462068  29016 S 235.0   2.8  14:26.68 java
  47397 root      20   0 9218556 462068  29016 S 223.0   2.8  14:28.91 java
  47397 root      20   0 9218556 462068  29016 S 231.0   2.8  14:31.22 java
  47397 root      20   0 9218556 462068  29016 S 230.0   2.8  14:33.52 java
  47397 root      20   0 9218556 462068  29016 S 228.0   2.8  14:35.80 java
  47397 root      20   0 9218556 462068  29016 S 216.8   2.8  14:37.99 java
  47397 root      20   0 9218556 462068  29016 S 233.0   2.8  14:40.32 java
  47397 root      20   0 9218556 462068  29016 S 229.0   2.8  14:42.61 java
  47397 root      20   0 9218556 462068  29016 S 221.0   2.8  14:44.82 java
  47397 root      20   0 9218556 462068  29016 S 222.0   2.8  14:47.04 java
  47397 root      20   0 9218556 462068  29016 S 233.0   2.8  14:49.37 java
  47397 root      20   0 9218556 462068  29016 S 231.0   2.8  14:51.68 java
  47397 root      20   0 9218556 462068  29016 S 224.0   2.8  14:53.92 java
  47397 root      20   0 9218556 462068  29016 S 225.0   2.8  14:56.17 java
  47397 root      20   0 9218556 462068  29016 S 228.0   2.8  14:58.45 java
  47397 root      20   0 9218556 462068  29016 S 233.7   2.8  15:00.81 java
  47397 root      20   0 9218556 462068  29016 S 227.0   2.8  15:03.08 java
  47397 root      20   0 9218556 462068  29016 S 239.0   2.8  15:05.47 java
  47397 root      20   0 9218556 462068  29016 S 233.0   2.8  15:07.80 java
  47397 root      20   0 9218556 462068  29016 S 227.0   2.8  15:10.07 java
  47397 root      20   0 9218556 462068  29016 S 233.0   2.8  15:12.40 java
  47397 root      20   0 9218556 462068  29016 S 231.0   2.8  15:14.71 java
  47397 root      20   0 9218556 462068  29016 S 225.0   2.8  15:16.96 java
  47397 root      20   0 9218556 462068  29016 S 225.7   2.8  15:19.24 java
  47397 root      20   0 9218556 462068  29016 S 232.0   2.8  15:21.56 java
  47397 root      20   0 9218556 462068  29016 S 237.0   2.8  15:23.93 java
  47397 root      20   0 9218556 462068  29016 S 230.0   2.8  15:26.23 java
  47397 root      20   0 9218556 462068  29016 S 230.0   2.8  15:28.53 java
  47397 root      20   0 9218556 462068  29016 S 235.0   2.8  15:30.88 java
  47397 root      20   0 9218556 462068  29016 S 222.0   2.8  15:33.10 java
  47397 root      20   0 9218556 462068  29016 S 232.0   2.8  15:35.42 java
  47397 root      20   0 9218556 462068  29016 S 236.0   2.8  15:37.78 java
  47397 root      20   0 9218556 462068  29016 S 225.7   2.8  15:40.06 java
  47397 root      20   0 9218556 462068  29016 S 233.0   2.8  15:42.39 java
  47397 root      20   0 9218556 462068  29016 S 224.0   2.8  15:44.63 java
  47397 root      20   0 9218556 462068  29016 S 226.0   2.8  15:46.89 java
  47397 root      20   0 9218556 462068  29016 S 239.0   2.8  15:49.28 java
  47397 root      20   0 9218556 462068  29016 S 231.0   2.8  15:51.59 java
  47397 root      20   0 9218556 462068  29016 S 242.0   2.8  15:54.01 java
  47397 root      20   0 9218556 462068  29016 S 236.0   2.8  15:56.37 java
  47397 root      20   0 9218556 462068  29016 S 229.0   2.8  15:58.66 java
  47397 root      20   0 9218556 462068  29016 S 229.7   2.8  16:00.98 java
  47397 root      20   0 9218556 462068  29016 S 230.0   2.8  16:03.28 java
  47397 root      20   0 9218556 462068  29016 S 218.0   2.8  16:05.46 java
  47397 root      20   0 9218556 462068  29016 S 229.0   2.8  16:07.75 java
  47397 root      20   0 9218556 462068  29016 S 230.0   2.8  16:10.