  47397 root      20   0 9218556 464688  29016 S 426.7   2.8  35:12.95 java
  47397 root      20   0 9218556 464840  29016 S 385.0   2.9  35:16.80 java
  47397 root      20   0 9218556 464840  29016 S 394.1   2.9  35:20.78 java
  47397 root      20   0 9218556 464840  29016 S 393.0   2.9  35:24.71 java
  47397 root      20   0 9218556 464996  29016 S 381.0   2.9  35:28.52 java
  47397 root      20   0 9218556 464996  29016 S 386.0   2.9  35:32.38 java
  47397 root      20   0 9218556 464996  29016 S 393.0   2.9  35:36.31 java
  47397 root      20   0 9218556 464996  29016 S 403.0   2.9  35:40.34 java
  47397 root      20   0 9218556 464996  29016 S 397.0   2.9  35:44.31 java
  47397 root      20   0 9218556 464996  29016 S 387.0   2.9  35:48.18 java
  47397 root      20   0 9218556 464996  29016 S 404.0   2.9  35:52.22 java
  47397 root      20   0 9218556 464996  29016 S 399.0   2.9  35:56.25 java
  47397 root      20   0 9218556 464996  29016 S 377.0   2.9  36:00.02 java
  47397 root      20   0 9218556 464996  29016 S 394.0   2.9  36:03.96 java
  47397 root      20   0 9218556 464996  29016 S 379.0   2.9  36:07.75 java
  47397 root      20   0 9218556 464996  29016 S 381.0   2.9  36:11.56 java
  47397 root      20   0 9218556 464996  29016 S 391.0   2.9  36:15.47 java
  47397 root      20   0 9218556 464996  29016 S 374.0   2.9  36:19.21 java
  47397 root      20   0 9218556 464996  29016 S 387.0   2.9  36:23.08 java
  47397 root      20   0 9218556 464996  29016 S 397.0   2.9  36:27.09 java
  47397 root      20   0 9218556 464996  29016 S 384.0   2.9  36:30.93 java
  47397 root      20   0 9218556 464996  29016 S 387.0   2.9  36:34.80 java
  47397 root      20   0 9218556 464996  29016 S 387.0   2.9  36:38.67 java
  47397 root      20   0 9218556 464996  29016 S 383.0   2.9  36:42.50 java
  47397 root      20   0 9218556 464996  29016 S 391.0   2.9  36:46.41 java
  47397 root      20   0 9218556 464996  29016 S 397.0   2.9  36:50.38 java
  47397 root      20   0 9218556 464996  29016 S 398.0   2.9  36:54.36 java
  47397 root      20   0 9218556 464996  29016 S 390.0   2.9  36:58.26 java
  47397 root      20   0 9218556 464996  29016 S 386.0   2.9  37:02.12 java
  47397 root      20   0 9218556 464996  29016 S 392.1   2.9  37:06.08 java
  47397 root      20   0 9218556 464996  29016 S 394.0   2.9  37:10.02 java
  47397 root      20   0 9218556 464996  29016 S 392.0   2.9  37:13.94 java
  47397 root      20   0 9218556 464996  29016 S 383.0   2.9  37:17.77 java
  47397 root      20   0 9218556 464996  29016 S 392.0   2.9  37:21.69 java
  47397 root      20   0 9218556 464996  29016 S 392.0   2.9  37:25.61 java
  47397 root      20   0 9218556 464996  29016 S 402.0   2.9  37:29.63 java
  47397 root      20   0 9218556 464996  29016 S 402.0   2.9  37:33.65 java
  47397 root      20   0 9218556 464996  29016 S 402.0   2.9  37:37.67 java
  47397 root      20   0 9218556 464996  29016 S 398.0   2.9  37:41.65 java
  47397 root      20   0 9218556 464996  29016 S 397.0   2.9  37:45.66 java
  47397 root      20   0 9218556 464996  29016 S 402.0   2.9  37:49.68 java
  47397 root      20   0 9218556 464996  29016 S 392.0   2.9  37:53.60 java
  47397 root      20   0 9218556 464996  29016 S 400.0   2.9  37:57.60 java
  47397 root      20   0 9218556 464996  29016 S 396.0   2.9  38:01.56 java
  47397 root      20   0 9218556 464996  29016 S 406.0   2.9  38:05.62 java
  47397 root      20   0 9218556 464996  29016 S 384.0   2.9  38:09.46 java
  47397 root      20   0 9218556 464996  29016 S 394.0   2.9  38:13.40 java
  47397 root      20   0 9218556 464996  29016 S 392.0   2.9  38:17.32 java
  47397 root      20   0 9218556 464996  29016 S 380.2   2.9  38:21.16 java
  47397 root      20   0 9218556 464996  29016 S 393.0   2.9  38:25.09 java
  47397 root      20   0 9218556 464996  29016 S 389.0   2.9  38:28.98 java
  47397 root      20   0 9218556 464996  29016 S 385.0   2.9  38:32.83 java
  47397 root      20   0 9218556 464996  29016 S 388.0   2.9  38:36.71 java
  47397 root      20   0 9218556 464996  29016 S 394.0   2.9  38:40.