  47397 root      20   0 9218556 462092  29016 S 280.0   2.8  16:26.61 java
  47397 root      20   0 9218556 462092  29016 S 243.0   2.8  16:29.04 java
  47397 root      20   0 9218556 462092  29016 S 237.0   2.8  16:31.41 java
  47397 root      20   0 9218556 462092  29016 S 245.0   2.8  16:33.86 java
  47397 root      20   0 9218556 462092  29016 S 254.5   2.8  16:36.43 java
  47397 root      20   0 9218556 462092  29016 S 258.0   2.8  16:39.01 java
  47397 root      20   0 9218556 462708  29016 S 253.0   2.8  16:41.54 java
  47397 root      20   0 9218556 462708  29016 S 249.0   2.8  16:44.03 java
  47397 root      20   0 9218556 462708  29016 S 254.0   2.8  16:46.57 java
  47397 root      20   0 9218556 462708  29016 S 256.0   2.8  16:49.13 java
  47397 root      20   0 9218556 462708  29016 S 249.0   2.8  16:51.62 java
  47397 root      20   0 9218556 462708  29016 S 244.0   2.8  16:54.06 java
  47397 root      20   0 9218556 462708  29016 S 254.0   2.8  16:56.60 java
  47397 root      20   0 9218556 462708  29016 S 259.0   2.8  16:59.19 java
  47397 root      20   0 9218556 462708  29016 S 254.5   2.8  17:01.76 java
  47397 root      20   0 9218556 462708  29016 S 253.0   2.8  17:04.29 java
  47397 root      20   0 9218556 462708  29016 S 255.0   2.8  17:06.84 java
  47397 root      20   0 9218556 462708  29016 S 256.0   2.8  17:09.40 java
  47397 root      20   0 9218556 462708  29016 S 253.0   2.8  17:11.93 java
  47397 root      20   0 9218556 462708  29016 S 252.0   2.8  17:14.45 java
  47397 root      20   0 9218556 462708  29016 S 237.0   2.8  17:16.82 java
  47397 root      20   0 9218556 462708  29016 S 248.0   2.8  17:19.30 java
  47397 root      20   0 9218556 462708  29016 S 249.0   2.8  17:21.79 java
  47397 root      20   0 9218556 462708  29016 S 257.4   2.8  17:24.39 java
  47397 root      20   0 9218556 462708  29016 S 251.0   2.8  17:26.90 java
  47397 root      20   0 9218556 462708  29016 S 248.0   2.8  17:29.38 java
  47397 root      20   0 9218556 462708  29016 S 247.0   2.8  17:31.85 java
  47397 root      20   0 9218556 462708  29016 S 270.0   2.8  17:34.55 java
  47397 root      20   0 9218556 462708  29016 S 252.0   2.8  17:37.07 java
  47397 root      20   0 9218556 462708  29016 S 251.0   2.8  17:39.58 java
  47397 root      20   0 9218556 462708  29016 S 252.0   2.8  17:42.10 java
  47397 root      20   0 9218556 462708  29016 S 255.4   2.8  17:44.68 java
  47397 root      20   0 9218556 462708  29016 S 256.0   2.8  17:47.24 java
  47397 root      20   0 9218556 462708  29016 S 246.0   2.8  17:49.70 java
  47397 root      20   0 9218556 462708  29016 S 258.0   2.8  17:52.28 java
  47397 root      20   0 9218556 462708  29016 S 251.0   2.8  17:54.79 java
  47397 root      20   0 9218556 462708  29016 S 249.0   2.8  17:57.28 java
  47397 root      20   0 9218556 462708  29016 S 253.0   2.8  17:59.81 java
  47397 root      20   0 9218556 462708  29016 S 255.0   2.8  18:02.36 java
  47397 root      20   0 9218556 462708  29016 S 263.0   2.8  18:04.99 java
  47397 root      20   0 9218556 462708  29016 S 255.0   2.8  18:07.54 java
  47397 root      20   0 9218556 462708  29016 S 267.0   2.8  18:10.21 java
  47397 root      20   0 9218556 462708  29016 S 254.5   2.8  18:12.78 java
  47397 root      20   0 9218556 462708  29016 S 254.0   2.8  18:15.32 java
  47397 root      20   0 9218556 462708  29016 S 250.0   2.8  18:17.82 java
  47397 root      20   0 9218556 462708  29016 S 250.0   2.8  18:20.32 java
  47397 root      20   0 9218556 462708  29016 S 249.0   2.8  18:22.81 java
  47397 root      20   0 9218556 462708  29016 S 245.0   2.8  18:25.26 java
  47397 root      20   0 9218556 462708  29016 S 247.0   2.8  18:27.73 java
  47397 root      20   0 9218556 462708  29016 S 252.5   2.8  18:30.28 java
  47397 root      20   0 9218556 462708  29016 S 253.0   2.8  18:32.81 java
  47397 root      20   0 9218556 462708  29016 S 253.0   2.8  18:35.34 java
  47397 root      20   0 9218556 462708  29016 S 253.0   2.8  18:37.87 java
  47397 root      20   0 9218556 462708  29016 S 252.0   2.8  18:40.