  47984 root      20   0   13.5g 587836  29160 S 446.7   3.6  25:41.59 java
  47984 root      20   0   13.5g 587836  29160 S 400.0   3.6  25:45.59 java
  47984 root      20   0   13.5g 587836  29160 S 395.0   3.6  25:49.58 java
  47984 root      20   0   13.5g 588436  29160 S 401.0   3.6  25:53.59 java
  47984 root      20   0   13.5g 589064  29160 S 399.0   3.6  25:57.58 java
  47984 root      20   0   13.5g 589568  29160 S 400.0   3.6  26:01.58 java
  47984 root      20   0   13.5g 589568  29160 S 401.0   3.6  26:05.59 java
  47984 root      20   0   13.5g 589568  29160 S 400.0   3.6  26:09.59 java
  47984 root      20   0   13.5g 589708  29160 S 399.0   3.6  26:13.58 java
  47984 root      20   0   13.5g 589708  29160 S 397.0   3.6  26:17.59 java
  47984 root      20   0   13.5g 589928  29160 S 401.0   3.6  26:21.60 java
  47984 root      20   0   13.5g 589928  29160 S 401.0   3.6  26:25.61 java
  47984 root      20   0   13.5g 589928  29160 S 399.0   3.6  26:29.60 java
  47984 root      20   0   13.5g 589928  29160 S 403.0   3.6  26:33.63 java
  47984 root      20   0   13.5g 589928  29160 S 401.0   3.6  26:37.64 java
  47984 root      20   0   13.5g 589928  29160 S 400.0   3.6  26:41.64 java
  47984 root      20   0   13.5g 590036  29160 S 402.0   3.6  26:45.66 java
  47984 root      20   0   13.5g 591348  29160 S 398.0   3.6  26:49.64 java
  47984 root      20   0   13.5g 591348  29160 S 405.0   3.6  26:53.69 java
  47984 root      20   0   13.5g 591348  29160 S 396.0   3.6  26:57.69 java
  47984 root      20   0   13.5g 591452  29160 S 401.0   3.6  27:01.70 java
  47984 root      20   0   13.5g 591452  29160 S 402.0   3.6  27:05.72 java
  47984 root      20   0   13.5g 591452  29160 S 397.0   3.6  27:09.69 java
  47984 root      20   0   13.5g 591452  29160 S 403.0   3.6  27:13.72 java
  47984 root      20   0   13.5g 591452  29160 S 398.0   3.6  27:17.70 java
  47984 root      20   0   13.5g 591452  29160 S 406.0   3.6  27:21.76 java
  47984 root      20   0   13.5g 591452  29160 S 402.0   3.6  27:25.78 java
  47984 root      20   0   13.5g 591452  29160 S 401.0   3.6  27:29.79 java
  47984 root      20   0   13.5g 591452  29160 S 395.0   3.6  27:33.74 java
  47984 root      20   0   13.5g 591452  29160 S 396.0   3.6  27:37.74 java
  47984 root      20   0   13.5g 591452  29160 S 404.0   3.6  27:41.78 java
  47984 root      20   0   13.5g 591452  29160 S 400.0   3.6  27:45.78 java
  47984 root      20   0   13.5g 591452  29160 S 404.0   3.6  27:49.82 java
  47984 root      20   0   13.5g 591452  29160 S 404.0   3.6  27:53.86 java
  47984 root      20   0   13.5g 591452  29160 S 397.0   3.6  27:57.83 java
  47984 root      20   0   13.5g 591452  29160 S 399.0   3.6  28:01.82 java
  47984 root      20   0   13.5g 591452  29160 S 400.0   3.6  28:05.82 java
  47984 root      20   0   13.5g 591452  29160 S 409.0   3.6  28:09.91 java
  47984 root      20   0   13.5g 591452  29160 S 397.0   3.6  28:13.88 java
  47984 root      20   0   13.5g 591556  29160 S 389.1   3.6  28:17.81 java
  47984 root      20   0   13.5g 591872  29160 S 407.0   3.6  28:21.88 java
  47984 root      20   0   13.5g 591872  29160 S 400.0   3.6  28:25.88 java
  47984 root      20   0   13.5g 592440  29160 S 399.0   3.6  28:29.87 java
  47984 root      20   0   13.5g 592440  29160 S 402.0   3.6  28:33.89 java
  47984 root      20   0   13.5g 592440  29160 S 399.0   3.6  28:37.88 java
  47984 root      20   0   13.5g 592440  29160 S 403.0   3.6  28:41.91 java
  47984 root      20   0   13.5g 592572  29160 S 399.0   3.6  28:45.90 java
  47984 root      20   0   13.5g 592860  29160 S 399.0   3.6  28:49.89 java
  47984 root      20   0   13.5g 592860  29160 S 400.0   3.6  28:53.89 java
  47984 root      20   0   13.5g 592860  29160 S 401.0   3.6  28:57.94 java
  47984 root      20   0   13.5g 592860  29160 S 399.0   3.6  29:01.93 java
  47984 root      20   0   13.5g 592860  29160 S 402.0   3.6  29:05.95 java
  47984 root      20   0   13.5g 592860  29160 S 401.0   3.6  29:09.96 java
  47984 root      20   0   13.5g 592860  29160 S 399.0   3.6  29:13.