  47397 root      20   0 9218556 459568  29016 S  81.2   2.8   6:26.88 java
  47397 root      20   0 9218556 459568  29016 S 151.0   2.8   6:28.39 java
  47397 root      20   0 9218556 459568  29016 S 153.0   2.8   6:29.92 java
  47397 root      20   0 9218556 459568  29016 S 145.0   2.8   6:31.37 java
  47397 root      20   0 9218556 459568  29016 S 141.0   2.8   6:32.78 java
  47397 root      20   0 9218556 459568  29016 S 139.0   2.8   6:34.17 java
  47397 root      20   0 9218556 459568  29016 S 139.0   2.8   6:35.56 java
  47397 root      20   0 9218556 459568  29016 S 145.0   2.8   6:37.01 java
  47397 root      20   0 9218556 459568  29016 S 145.5   2.8   6:38.48 java
  47397 root      20   0 9218556 459568  29016 S 151.0   2.8   6:39.99 java
  47397 root      20   0 9218556 459568  29016 S 147.0   2.8   6:41.46 java
  47397 root      20   0 9218556 460188  29016 S 149.0   2.8   6:42.95 java
  47397 root      20   0 9218556 460188  29016 S 142.0   2.8   6:44.37 java
  47397 root      20   0 9218556 460188  29016 S 139.0   2.8   6:45.76 java
  47397 root      20   0 9218556 460188  29016 S 145.0   2.8   6:47.21 java
  47397 root      20   0 9218556 460188  29016 S 150.0   2.8   6:48.71 java
  47397 root      20   0 9218556 460188  29016 S 150.5   2.8   6:50.23 java
  47397 root      20   0 9218556 460188  29016 S 150.0   2.8   6:51.73 java
  47397 root      20   0 9218556 460188  29016 S 148.0   2.8   6:53.21 java
  47397 root      20   0 9218556 460188  29016 S 148.0   2.8   6:54.69 java
  47397 root      20   0 9218556 460188  29016 S 153.0   2.8   6:56.22 java
  47397 root      20   0 9218556 460188  29016 S 149.0   2.8   6:57.71 java
  47397 root      20   0 9218556 460188  29016 S 150.0   2.8   6:59.21 java
  47397 root      20   0 9218556 460188  29016 S 151.0   2.8   7:00.72 java
  47397 root      20   0 9218556 460188  29016 S 152.0   2.8   7:02.24 java
  47397 root      20   0 9218556 460188  29016 S 150.5   2.8   7:03.76 java
  47397 root      20   0 9218556 460188  29016 S 142.0   2.8   7:05.18 java
  47397 root      20   0 9218556 460188  29016 S 149.0   2.8   7:06.67 java
  47397 root      20   0 9218556 460188  29016 S 146.0   2.8   7:08.13 java
  47397 root      20   0 9218556 460188  29016 S 147.0   2.8   7:09.60 java
  47397 root      20   0 9218556 460188  29016 S 145.0   2.8   7:11.05 java
  47397 root      20   0 9218556 460188  29016 S 145.0   2.8   7:12.50 java
  47397 root      20   0 9218556 460188  29016 S 142.0   2.8   7:13.92 java
  47397 root      20   0 9218556 460188  29016 S 140.6   2.8   7:15.34 java
  47397 root      20   0 9218556 460188  29016 S 145.0   2.8   7:16.79 java
  47397 root      20   0 9218556 460188  29016 S 143.0   2.8   7:18.22 java
  47397 root      20   0 9218556 460188  29016 S 152.0   2.8   7:19.74 java
  47397 root      20   0 9218556 460188  29016 S 151.0   2.8   7:21.25 java
  47397 root      20   0 9218556 460188  29016 S 149.0   2.8   7:22.74 java
  47397 root      20   0 9218556 460188  29016 S 147.0   2.8   7:24.21 java
  47397 root      20   0 9218556 460188  29016 S 146.0   2.8   7:25.67 java
  47397 root      20   0 9218556 460188  29016 S 148.5   2.8   7:27.17 java
  47397 root      20   0 9218556 460188  29016 S 149.0   2.8   7:28.66 java
  47397 root      20   0 9218556 460188  29016 S 146.0   2.8   7:30.12 java
  47397 root      20   0 9218556 460188  29016 S 148.0   2.8   7:31.60 java
  47397 root      20   0 9218556 460188  29016 S 145.0   2.8   7:33.05 java
  47397 root      20   0 9218556 460188  29016 S 144.0   2.8   7:34.49 java
  47397 root      20   0 9218556 460188  29016 S 147.0   2.8   7:35.96 java
  47397 root      20   0 9218556 460188  29016 S 147.0   2.8   7:37.43 java
  47397 root      20   0 9218556 460188  29016 S 145.0   2.8   7:38.88 java
  47397 root      20   0 9218556 460188  29016 S 148.5   2.8   7:40.38 java
  47397 root      20   0 9218556 460188  29016 S 153.0   2.8   7:41.91 java
  47397 root      20   0 9218556 460188  29016 S 151.0   2.8   7:43.42 java
  47397 root      20   0 9218556 460188  29016 S 148.0   2.8   7:44.