  47397 root      20   0 9218556 465212  29016 S 333.3   2.9  43:02.12 java
  47397 root      20   0 9218556 465212  29016 S 365.0   2.9  43:05.77 java
  47397 root      20   0 9218556 465212  29016 S 402.0   2.9  43:09.79 java
  47397 root      20   0 9218556 465212  29016 S 398.0   2.9  43:13.77 java
  47397 root      20   0 9218556 465724  29016 S 404.0   2.9  43:17.81 java
  47397 root      20   0 9218556 465724  29016 S 400.0   2.9  43:21.81 java
  47397 root      20   0 9218556 465724  29016 S 400.0   2.9  43:25.81 java
  47397 root      20   0 9218556 465724  29016 S 398.0   2.9  43:29.83 java
  47397 root      20   0 9218556 465872  29016 S 400.0   2.9  43:33.83 java
  47397 root      20   0 9218556 465872  29016 S 402.0   2.9  43:37.85 java
  47397 root      20   0 9218556 465872  29016 S 400.0   2.9  43:41.85 java
  47397 root      20   0 9218556 465872  29016 S 401.0   2.9  43:45.86 java
  47397 root      20   0 9218556 465872  29016 S 401.0   2.9  43:49.87 java
  47397 root      20   0 9218556 465872  29016 S 402.0   2.9  43:53.89 java
  47397 root      20   0 9218556 465872  29016 S 397.0   2.9  43:57.90 java
  47397 root      20   0 9218556 465872  29016 S 396.0   2.9  44:01.86 java
  47397 root      20   0 9218556 465872  29016 S 398.0   2.9  44:05.84 java
  47397 root      20   0 9218556 465872  29016 S 405.0   2.9  44:09.89 java
  47397 root      20   0 9218556 465872  29016 S 400.0   2.9  44:13.89 java
  47397 root      20   0 9218556 465872  29016 S 398.0   2.9  44:17.87 java
  47397 root      20   0 9218556 465872  29016 S 406.0   2.9  44:21.93 java
  47397 root      20   0 9218556 465872  29016 S 398.0   2.9  44:25.91 java
  47397 root      20   0 9218556 465872  29016 S 403.0   2.9  44:29.94 java
  47397 root      20   0 9218556 465872  29016 S 395.0   2.9  44:33.93 java
  47397 root      20   0 9218556 465872  29016 S 399.0   2.9  44:37.92 java
  47397 root      20   0 9218556 465872  29016 S 404.0   2.9  44:41.96 java
  47397 root      20   0 9218556 465872  29016 S 398.0   2.9  44:45.94 java
  47397 root      20   0 9218556 465872  29016 S 403.0   2.9  44:49.97 java
  47397 root      20   0 9218556 465872  29016 S 398.0   2.9  44:53.95 java
  47397 root      20   0 9218556 465872  29016 S 404.0   2.9  44:57.99 java
  47397 root      20   0 9218556 465872  29016 S 399.0   2.9  45:01.98 java
  47397 root      20   0 9218556 465872  29016 S 398.0   2.9  45:05.96 java
  47397 root      20   0 9218556 465872  29016 S 397.0   2.9  45:09.97 java
  47397 root      20   0 9218556 465872  29016 S 400.0   2.9  45:13.97 java
  47397 root      20   0 9218556 465872  29016 S 401.0   2.9  45:17.98 java
  47397 root      20   0 9218556 465872  29016 S 399.0   2.9  45:21.97 java
  47397 root      20   0 9218556 465872  29016 S 401.0   2.9  45:25.98 java
  47397 root      20   0 9218556 465872  29016 S 400.0   2.9  45:29.98 java
  47397 root      20   0 9218556 465872  29016 S 404.0   2.9  45:34.02 java
  47397 root      20   0 9218556 465872  29016 S 397.0   2.9  45:37.99 java
  47397 root      20   0 9218556 465872  29016 S 403.0   2.9  45:42.02 java
  47397 root      20   0 9218556 465872  29016 S 396.0   2.9  45:46.02 java
  47397 root      20   0 9218556 465872  29016 S 399.0   2.9  45:50.01 java
  47397 root      20   0 9218556 465872  29016 S 401.0   2.9  45:54.02 java
  47397 root      20   0 9218556 465872  29016 S 400.0   2.9  45:58.02 java
  47397 root      20   0 9218556 465872  29016 S 401.0   2.9  46:02.03 java
  47397 root      20   0 9218556 465872  29016 S 400.0   2.9  46:06.03 java
  47397 root      20   0 9218556 465872  29016 S 399.0   2.9  46:10.02 java
  47397 root      20   0 9218556 465872  29016 S 401.0   2.9  46:14.03 java
  47397 root      20   0 9218556 465872  29016 S 399.0   2.9  46:18.02 java
  47397 root      20   0 9218556 465872  29016 S 396.0   2.9  46:22.02 java
  47397 root      20   0 9218556 465872  29016 S 401.0   2.9  46:26.03 java
  47397 root      20   0 9218556 465872  29016 S 400.0   2.9  46:30.03 java
  47397 root      20   0 9218556 465872  29016 S 399.0   2.9  46:34.