  47397 root      20   0 9218556 467316  29016 S 493.3   2.9  59:00.83 java
  47397 root      20   0 9218556 467316  29016 S 394.1   2.9  59:04.81 java
  47397 root      20   0 9218556 467316  29016 S 398.0   2.9  59:08.79 java
  47397 root      20   0 9218556 468052  29016 S 402.0   2.9  59:12.81 java
  47397 root      20   0 9218556 468052  29016 S 401.0   2.9  59:16.82 java
  47397 root      20   0 9218556 468052  29016 S 401.0   2.9  59:20.83 java
  47397 root      20   0 9218556 468052  29016 S 401.0   2.9  59:24.84 java
  47397 root      20   0 9218556 468052  29016 S 400.0   2.9  59:28.84 java
  47397 root      20   0 9218556 468052  29016 S 401.0   2.9  59:32.85 java
  47397 root      20   0 9218556 468052  29016 S 396.0   2.9  59:36.85 java
  47397 root      20   0 9218556 530480  29016 S 399.0   3.3  59:40.84 java
  47397 root      20   0 9218556 530480  29016 S 405.0   3.3  59:44.89 java
  47397 root      20   0 9218556 530480  29016 S 398.0   3.3  59:48.87 java
  47397 root      20   0 9218556 530480  29016 S 402.0   3.3  59:52.89 java
  47397 root      20   0 9218556 530480  29016 S 398.0   3.3  59:56.87 java
  47397 root      20   0 9218556 530480  29016 S 405.0   3.3  60:00.92 java
  47397 root      20   0 9218556 530480  29016 S 400.0   3.3  60:04.92 java
  47397 root      20   0 9218556 530480  29016 S 398.0   3.3  60:08.90 java
  47397 root      20   0 9218556 530480  29016 S 396.0   3.3  60:12.90 java
  47397 root      20   0 9218556 530480  29016 S 401.0   3.3  60:16.91 java
  47397 root      20   0 9218556 530480  29016 S 399.0   3.3  60:20.90 java
  47397 root      20   0 9218556 530480  29016 S 405.0   3.3  60:24.95 java
  47397 root      20   0 9218556 530480  29016 S 398.0   3.3  60:28.93 java
  47397 root      20   0 9218556 530480  29016 S 400.0   3.3  60:32.93 java
  47397 root      20   0 9218556 530480  29016 S 400.0   3.3  60:36.93 java
  47397 root      20   0 9218556 530480  29016 S 401.0   3.3  60:40.94 java
  47397 root      20   0 9218556 530480  29016 S 397.0   3.3  60:44.95 java
  47397 root      20   0 9218556 530480  29016 S 400.0   3.3  60:48.95 java
  47397 root      20   0 9218556 530480  29016 S 400.0   3.3  60:52.95 java
  47397 root      20   0 9218556 530480  29016 S 400.0   3.3  60:56.95 java
  47397 root      20   0 9218556 530480  29016 S 400.0   3.3  61:00.95 java
  47397 root      20   0 9218556 530480  29016 S 400.0   3.3  61:04.95 java
  47397 root      20   0 9218556 530480  29016 S 400.0   3.3  61:08.95 java
  47397 root      20   0 9218556 530480  29016 S 400.0   3.3  61:12.95 java
  47397 root      20   0 9218556 530480  29016 S 396.0   3.3  61:16.95 java
  47397 root      20   0 9218556 530480  29016 S 400.0   3.3  61:20.95 java
  47397 root      20   0 9218556 530480  29016 S 400.0   3.3  61:24.95 java
  47397 root      20   0 9218556 530480  29016 S 400.0   3.3  61:28.95 java
  47397 root      20   0 9218556 530480  29016 S 400.0   3.3  61:32.95 java
  47397 root      20   0 9218556 530480  29016 S 400.0   3.3  61:36.95 java
  47397 root      20   0 9218556 530480  29016 S 400.0   3.3  61:40.95 java
  47397 root      20   0 9218556 530480  29016 S 400.0   3.3  61:44.95 java
  47397 root      20   0 9218556 530480  29016 S 396.0   3.3  61:48.95 java
  47397 root      20   0 9218556 530480  29016 S 400.0   3.3  61:52.95 java
  47397 root      20   0 9218556 530480  29016 S 400.0   3.3  61:56.95 java
  47397 root      20   0 9218556 530480  29016 S 400.0   3.3  62:00.95 java
  47397 root      20   0 9218556 530720  29016 S 399.0   3.3  62:04.94 java
  47397 root      20   0 9218556 530720  29016 S 401.0   3.3  62:08.95 java
  47397 root      20   0 9218556 530720  29016 S 400.0   3.3  62:12.95 java
  47397 root      20   0 9218556 530720  29016 S 396.0   3.3  62:16.95 java
  47397 root      20   0 9218556 530720  29016 S 400.0   3.3  62:20.95 java
  47397 root      20   0 9218556 530720  29016 S 401.0   3.3  62:24.96 java
  47397 root      20   0 9218556 530720  29016 S 401.0   3.3  62:28.97 java
  47397 root      20   0 9218556 530720  29016 S 400.0   3.3  62:32.