  47397 root      20   0 9218556 462872  29016 S 313.3   2.8  21:42.07 java
  47397 root      20   0 9218556 462872  29016 S 288.1   2.8  21:44.98 java
  47397 root      20   0 9218556 462872  29016 S 291.0   2.8  21:47.89 java
  47397 root      20   0 9218556 462872  29016 S 285.0   2.8  21:50.74 java
  47397 root      20   0 9218556 462872  29016 S 283.0   2.8  21:53.57 java
  47397 root      20   0 9218556 463304  29016 S 290.0   2.8  21:56.47 java
  47397 root      20   0 9218556 463304  29016 S 293.0   2.8  21:59.40 java
  47397 root      20   0 9218556 463304  29016 S 288.0   2.8  22:02.28 java
  47397 root      20   0 9218556 463304  29016 S 292.0   2.8  22:05.20 java
  47397 root      20   0 9218556 463304  29016 S 289.0   2.8  22:08.09 java
  47397 root      20   0 9218556 463304  29016 S 297.0   2.8  22:11.06 java
  47397 root      20   0 9218556 463304  29016 S 289.1   2.8  22:13.98 java
  47397 root      20   0 9218556 463304  29016 S 292.0   2.8  22:16.90 java
  47397 root      20   0 9218556 463304  29016 S 293.0   2.8  22:19.83 java
  47397 root      20   0 9218556 463304  29016 S 287.0   2.8  22:22.70 java
  47397 root      20   0 9218556 463304  29016 S 288.0   2.8  22:25.58 java
  47397 root      20   0 9218556 463304  29016 S 290.0   2.8  22:28.48 java
  47397 root      20   0 9218556 463304  29016 S 296.0   2.8  22:31.44 java
  47397 root      20   0 9218556 463304  29016 S 280.0   2.8  22:34.24 java
  47397 root      20   0 9218556 463304  29016 S 289.0   2.8  22:37.13 java
  47397 root      20   0 9218556 463304  29016 S 282.0   2.8  22:39.95 java
  47397 root      20   0 9218556 463304  29016 S 294.1   2.8  22:42.92 java
  47397 root      20   0 9218556 463304  29016 S 295.0   2.8  22:45.87 java
  47397 root      20   0 9218556 463304  29016 S 300.0   2.8  22:48.87 java
  47397 root      20   0 9218556 463304  29016 S 298.0   2.8  22:51.85 java
  47397 root      20   0 9218556 463304  29016 S 295.0   2.8  22:54.80 java
  47397 root      20   0 9218556 463304  29016 S 290.0   2.8  22:57.70 java
  47397 root      20   0 9218556 463304  29016 S 290.0   2.8  23:00.60 java
  47397 root      20   0 9218556 463304  29016 S 293.0   2.8  23:03.53 java
  47397 root      20   0 9218556 463304  29016 S 282.0   2.8  23:06.35 java
  47397 root      20   0 9218556 463304  29016 S 270.3   2.8  23:09.08 java
  47397 root      20   0 9218556 463304  29016 S 286.0   2.8  23:11.94 java
  47397 root      20   0 9218556 463304  29016 S 290.0   2.8  23:14.84 java
  47397 root      20   0 9218556 463304  29016 S 288.0   2.8  23:17.72 java
  47397 root      20   0 9218556 463304  29016 S 287.0   2.8  23:20.59 java
  47397 root      20   0 9218556 463304  29016 S 295.0   2.8  23:23.54 java
  47397 root      20   0 9218556 463304  29016 S 289.0   2.8  23:26.43 java
  47397 root      20   0 9218556 463304  29016 S 297.0   2.8  23:29.40 java
  47397 root      20   0 9218556 463304  29016 S 288.1   2.8  23:32.31 java
  47397 root      20   0 9218556 463304  29016 S 299.0   2.8  23:35.30 java
  47397 root      20   0 9218556 463304  29016 S 294.0   2.8  23:38.24 java
  47397 root      20   0 9218556 463304  29016 S 288.0   2.8  23:41.12 java
  47397 root      20   0 9218556 463304  29016 S 295.0   2.8  23:44.07 java
  47397 root      20   0 9218556 463304  29016 S 295.0   2.8  23:47.02 java
  47397 root      20   0 9218556 463304  29016 S 299.0   2.8  23:50.01 java
  47397 root      20   0 9218556 463304  29016 S 289.1   2.8  23:52.93 java
  47397 root      20   0 9218556 463304  29016 S 294.0   2.8  23:55.87 java
  47397 root      20   0 9218556 463304  29016 S 293.0   2.8  23:58.80 java
  47397 root      20   0 9218556 463304  29016 S 293.0   2.8  24:01.73 java
  47397 root      20   0 9218556 463304  29016 S 292.0   2.8  24:04.65 java
  47397 root      20   0 9218556 463304  29016 S 294.0   2.8  24:07.59 java
  47397 root      20   0 9218556 463304  29016 S 292.0   2.8  24:10.51 java
  47397 root      20   0 9218556 463304  29016 S 284.0   2.8  24:13.35 java
  47397 root      20   0 9218556 463304  29016 S 286.0   2.8  24:16.