  47984 root      20   0   13.5g 669452  29160 S 273.3   4.1  41:40.90 java
  47984 root      20   0   13.5g 669452  29160 S 402.0   4.1  41:44.92 java
  47984 root      20   0   13.5g 669452  29160 S 400.0   4.1  41:48.92 java
  47984 root      20   0   13.5g 669452  29160 S 401.0   4.1  41:52.93 java
  47984 root      20   0   13.5g 669452  29160 S 403.0   4.1  41:56.96 java
  47984 root      20   0   13.5g 670484  29160 S 400.0   4.1  42:00.96 java
  47984 root      20   0   13.5g 670484  29160 S 399.0   4.1  42:04.95 java
  47984 root      20   0   13.5g 670484  29160 S 403.0   4.1  42:08.98 java
  47984 root      20   0   13.5g 670484  29160 S 399.0   4.1  42:12.97 java
  47984 root      20   0   13.5g 670484  29160 S 400.0   4.1  42:17.01 java
  47984 root      20   0   13.5g 670600  29160 S 402.0   4.1  42:21.03 java
  47984 root      20   0   13.5g 670600  29160 S 401.0   4.1  42:25.04 java
  47984 root      20   0   13.5g 670600  29160 S 397.0   4.1  42:29.01 java
  47984 root      20   0   13.5g 670600  29160 S 399.0   4.1  42:33.00 java
  47984 root      20   0   13.5g 670600  29160 S 405.0   4.1  42:37.05 java
  47984 root      20   0   13.5g 670600  29160 S 401.0   4.1  42:41.06 java
  47984 root      20   0   13.5g 670600  29160 S 402.0   4.1  42:45.08 java
  47984 root      20   0   13.5g 670600  29160 S 402.0   4.1  42:49.10 java
  47984 root      20   0   13.5g 670600  29160 S 400.0   4.1  42:53.10 java
  47984 root      20   0   13.5g 670600  29160 S 399.0   4.1  42:57.13 java
  47984 root      20   0   13.5g 670600  29160 S 396.0   4.1  43:01.09 java
  47984 root      20   0   13.5g 670600  29160 S 400.0   4.1  43:05.09 java
  47984 root      20   0   13.5g 670600  29160 S 399.0   4.1  43:09.08 java
  47984 root      20   0   13.5g 670600  29160 S 408.0   4.1  43:13.16 java
  47984 root      20   0   13.5g 670600  29160 S 399.0   4.1  43:17.15 java
  47984 root      20   0   13.5g 670600  29160 S 400.0   4.1  43:21.15 java
  47984 root      20   0   13.5g 670600  29160 S 396.0   4.1  43:25.11 java
  47984 root      20   0   13.5g 670880  29160 S 410.0   4.1  43:29.21 java
  47984 root      20   0   13.5g 670880  29160 S 400.0   4.1  43:33.21 java
  47984 root      20   0   13.5g 671368  29160 S 398.0   4.1  43:37.23 java
  47984 root      20   0   13.5g 672172  29160 S 398.0   4.1  43:41.21 java
  47984 root      20   0   13.5g 672172  29160 S 394.0   4.1  43:45.15 java
  47984 root      20   0   13.5g 672172  29160 S 405.0   4.1  43:49.20 java
  47984 root      20   0   13.5g 672172  29160 S 407.0   4.1  43:53.27 java
  47984 root      20   0   13.5g 672172  29160 S 400.0   4.1  43:57.27 java
  47984 root      20   0   13.5g 672288  29160 S 401.0   4.1  44:01.28 java
  47984 root      20   0   13.5g 673196  29160 S 395.0   4.1  44:05.23 java
  47984 root      20   0   13.5g 673196  29160 S 403.0   4.1  44:09.26 java
  47984 root      20   0   13.5g 673196  29160 S 404.0   4.1  44:13.30 java
  47984 root      20   0   13.5g 673196  29160 S 393.1   4.1  44:17.27 java
  47984 root      20   0   13.5g 673196  29160 S 400.0   4.1  44:21.27 java
  47984 root      20   0   13.5g 673196  29160 S 392.0   4.1  44:25.19 java
  47984 root      20   0   13.5g 673196  29160 S 409.0   4.1  44:29.28 java
  47984 root      20   0   13.5g 673452  29160 S 401.0   4.1  44:33.29 java
  47984 root      20   0   13.5g 673452  29160 S 399.0   4.1  44:37.28 java
  47984 root      20   0   13.5g 673588  29160 S 402.0   4.1  44:41.30 java
  47984 root      20   0   13.5g 673588  29160 S 400.0   4.1  44:45.30 java
  47984 root      20   0   13.5g 673588  29160 S 400.0   4.1  44:49.30 java
  47984 root      20   0   13.5g 673588  29160 S 400.0   4.1  44:53.30 java
  47984 root      20   0   13.5g 673680  29160 S 397.0   4.1  44:57.31 java
  47984 root      20   0   13.5g 673680  29160 S 399.0   4.1  45:01.30 java
  47984 root      20   0   13.5g 673680  29160 S 401.0   4.1  45:05.31 java
  47984 root      20   0   13.5g 673680  29160 S 400.0   4.1  45:09.31 java
  47984 root      20   0   13.5g 673680  29160 S 400.0   4.1  45:13.