  37208 root      20   0   13.0g 833452  29052 S 413.3   5.1  50:29.84 java
  37208 root      20   0   13.0g 833452  29052 S 395.0   5.1  50:33.83 java
  37208 root      20   0   13.0g 833452  29052 S 400.0   5.1  50:37.83 java
  37208 root      20   0   13.0g 833452  29052 S 400.0   5.1  50:41.83 java
  37208 root      20   0   13.0g 833452  29052 S 400.0   5.1  50:45.83 java
  37208 root      20   0   13.0g 833452  29052 S 401.0   5.1  50:49.84 java
  37208 root      20   0   13.0g 833788  29052 S 400.0   5.1  50:53.84 java
  37208 root      20   0   13.0g 833788  29052 S 400.0   5.1  50:57.84 java
  37208 root      20   0   13.0g 833908  29052 S 400.0   5.1  51:01.84 java
  37208 root      20   0   13.0g 833908  29052 S 400.0   5.1  51:05.84 java
  37208 root      20   0   13.0g 833908  29052 S 396.0   5.1  51:09.84 java
  37208 root      20   0   13.0g 834580  29052 S 400.0   5.1  51:13.84 java
  37208 root      20   0   13.0g 834580  29052 S 400.0   5.1  51:17.84 java
  37208 root      20   0   13.0g 834580  29052 S 399.0   5.1  51:21.83 java
  37208 root      20   0   13.0g 834580  29052 S 400.0   5.1  51:25.83 java
  37208 root      20   0   13.0g 834580  29052 S 400.0   5.1  51:29.83 java
  37208 root      20   0   13.0g 834580  29052 S 401.0   5.1  51:33.84 java
  37208 root      20   0   13.0g 834580  29052 S 396.0   5.1  51:37.84 java
  37208 root      20   0   13.0g 834580  29052 S 400.0   5.1  51:41.84 java
  37208 root      20   0   13.0g 834580  29052 S 401.0   5.1  51:45.85 java
  37208 root      20   0   13.0g 834580  29052 S 401.0   5.1  51:49.86 java
  37208 root      20   0   13.0g 834580  29052 S 401.0   5.1  51:53.87 java
  37208 root      20   0   13.0g 834716  29052 S 399.0   5.1  51:57.86 java
  37208 root      20   0   13.0g 834856  29052 S 402.0   5.1  52:01.88 java
  37208 root      20   0   13.0g 834992  29052 S 404.0   5.1  52:05.92 java
  37208 root      20   0   13.0g 834992  29052 S 400.0   5.1  52:09.92 java
  37208 root      20   0   13.0g 834992  29052 S 398.0   5.1  52:13.90 java
  37208 root      20   0   13.0g 834992  29052 S 400.0   5.1  52:17.94 java
  37208 root      20   0   13.0g 834992  29052 S 400.0   5.1  52:21.94 java
  37208 root      20   0   13.0g 834992  29052 S 402.0   5.1  52:25.96 java
  37208 root      20   0   13.0g 834992  29052 S 402.0   5.1  52:29.98 java
  37208 root      20   0   13.0g 835100  29052 S 398.0   5.1  52:33.96 java
  37208 root      20   0   13.0g 835100  29052 S 401.0   5.1  52:37.97 java
  37208 root      20   0   13.0g 835244  29052 S 400.0   5.1  52:41.97 java
  37208 root      20   0   13.0g 835244  29052 S 400.0   5.1  52:45.97 java
  37208 root      20   0   13.0g 835244  29052 S 402.0   5.1  52:49.99 java
  37208 root      20   0   13.0g 835244  29052 S 401.0   5.1  52:54.00 java
  37208 root      20   0   13.0g 835244  29052 S 395.0   5.1  52:57.99 java
  37208 root      20   0   13.0g 835244  29052 S 405.0   5.1  53:02.04 java
  37208 root      20   0   13.0g 835244  29052 S 398.0   5.1  53:06.02 java
  37208 root      20   0   13.0g 835244  29052 S 402.0   5.1  53:10.04 java
  37208 root      20   0   13.0g 835244  29052 S 401.0   5.1  53:14.05 java
  37208 root      20   0   13.0g 835244  29052 S 404.0   5.1  53:18.09 java
  37208 root      20   0   13.0g 835244  29052 S 401.0   5.1  53:22.10 java
  37208 root      20   0   13.0g 835244  29052 S 395.0   5.1  53:26.05 java
  37208 root      20   0   13.0g 835244  29052 S 404.0   5.1  53:30.09 java
  37208 root      20   0   13.0g 835244  29052 S 404.0   5.1  53:34.13 java
  37208 root      20   0   13.0g 835244  29052 S 397.0   5.1  53:38.14 java
  37208 root      20   0   13.0g 835492  29052 S 399.0   5.1  53:42.13 java
  37208 root      20   0   13.0g 835492  29052 S 405.0   5.1  53:46.18 java
  37208 root      20   0   13.0g 835492  29052 S 399.0   5.1  53:50.17 java
  37208 root      20   0   13.0g 835632  29052 S 395.0   5.1  53:54.12 java
  37208 root      20   0   13.0g 835632  29052 S 408.0   5.1  53:58.20 java
  37208 root      20   0   13.0g 835632  29052 S 402.0   5.1  54:02.