  47984 root      20   0   13.5g 513600  29160 S 118.8   3.1  14:21.30 java
  47984 root      20   0   13.5g 513600  29160 S 332.0   3.1  14:24.62 java
  47984 root      20   0   13.5g 513892  29160 S 332.0   3.2  14:27.94 java
  47984 root      20   0   13.5g 514072  29160 S 331.0   3.2  14:31.25 java
  47984 root      20   0   13.5g 514072  29160 S 336.0   3.2  14:34.61 java
  47984 root      20   0   13.5g 514072  29160 S 338.0   3.2  14:37.99 java
  47984 root      20   0   13.5g 514072  29160 S 333.0   3.2  14:41.32 java
  47984 root      20   0   13.5g 514096  29160 S 336.0   3.2  14:44.68 java
  47984 root      20   0   13.5g 514276  29160 S 338.0   3.2  14:48.06 java
  47984 root      20   0   13.5g 514448  29160 S 337.0   3.2  14:51.43 java
  47984 root      20   0   13.5g 514448  29160 S 334.7   3.2  14:54.81 java
  47984 root      20   0   13.5g 514984  29160 S 336.0   3.2  14:58.17 java
  47984 root      20   0   13.5g 514984  29160 S 334.0   3.2  15:01.51 java
  47984 root      20   0   13.5g 515176  29160 S 336.0   3.2  15:04.87 java
  47984 root      20   0   13.5g 515372  29160 S 336.0   3.2  15:08.23 java
  47984 root      20   0   13.5g 515372  29160 S 334.0   3.2  15:11.57 java
  47984 root      20   0   13.5g 515536  29160 S 333.0   3.2  15:14.90 java
  47984 root      20   0   13.5g 515848  29160 S 331.0   3.2  15:18.21 java
  47984 root      20   0   13.5g 516096  29160 S 331.0   3.2  15:21.52 java
  47984 root      20   0   13.5g 516096  29160 S 335.0   3.2  15:24.87 java
  47984 root      20   0   13.5g 516096  29160 S 325.7   3.2  15:28.16 java
  47984 root      20   0   13.5g 516264  29160 S 330.0   3.2  15:31.46 java
  47984 root      20   0   13.5g 516264  29160 S 330.0   3.2  15:34.76 java
  47984 root      20   0   13.5g 516592  29160 S 333.0   3.2  15:38.09 java
  47984 root      20   0   13.5g 516592  29160 S 338.0   3.2  15:41.47 java
  47984 root      20   0   13.5g 516592  29160 S 333.0   3.2  15:44.80 java
  47984 root      20   0   13.5g 516592  29160 S 332.0   3.2  15:48.12 java
  47984 root      20   0   13.5g 516592  29160 S 332.0   3.2  15:51.44 java
  47984 root      20   0   13.5g 516592  29160 S 335.0   3.2  15:54.79 java
  47984 root      20   0   13.5g 516592  29160 S 333.0   3.2  15:58.12 java
  47984 root      20   0   13.5g 516592  29160 S 333.7   3.2  16:01.49 java
  47984 root      20   0   13.5g 516592  29160 S 331.0   3.2  16:04.80 java
  47984 root      20   0   13.5g 516592  29160 S 334.0   3.2  16:08.14 java
  47984 root      20   0   13.5g 516784  29160 S 334.0   3.2  16:11.48 java
  47984 root      20   0   13.5g 517088  29160 S 335.0   3.2  16:14.83 java
  47984 root      20   0   13.5g 517292  29160 S 335.0   3.2  16:18.18 java
  47984 root      20   0   13.5g 517456  29160 S 338.0   3.2  16:21.56 java
  47984 root      20   0   13.5g 517456  29160 S 334.0   3.2  16:24.90 java
  47984 root      20   0   13.5g 517456  29160 S 332.0   3.2  16:28.22 java
  47984 root      20   0   13.5g 517800  29160 S 330.0   3.2  16:31.52 java
  47984 root      20   0   13.5g 517800  29160 S 332.7   3.2  16:34.88 java
  47984 root      20   0   13.5g 517800  29160 S 334.0   3.2  16:38.22 java
  47984 root      20   0   13.5g 518120  29160 S 332.0   3.2  16:41.54 java
  47984 root      20   0   13.5g 518120  29160 S 336.0   3.2  16:44.90 java
  47984 root      20   0   13.5g 518452  29160 S 336.0   3.2  16:48.26 java
  47984 root      20   0   13.5g 518452  29160 S 338.0   3.2  16:51.64 java
  47984 root      20   0   13.5g 518452  29160 S 334.0   3.2  16:54.98 java
  47984 root      20   0   13.5g 518624  29160 S 339.0   3.2  16:58.37 java
  47984 root      20   0   13.5g 518784  29160 S 334.0   3.2  17:01.71 java
  47984 root      20   0   13.5g 518784  29160 S 333.0   3.2  17:05.04 java
  47984 root      20   0   13.5g 518952  29160 S 330.7   3.2  17:08.38 java
  47984 root      20   0   13.5g 518952  29160 S 334.0   3.2  17:11.72 java
  47984 root      20   0   13.5g 518952  29160 S 334.0   3.2  17:15.06 java
  47984 root      20   0   13.5g 518952  29160 S 333.0   3.2  17:18.