  47984 root      20   0   13.5g 868372  29160 S 186.7   5.3  69:40.92 java
  47984 root      20   0   13.5g 868372  29160 S 401.0   5.3  69:44.93 java
  47984 root      20   0   13.5g 868372  29160 S 400.0   5.3  69:48.93 java
  47984 root      20   0   13.5g 868372  29160 S 403.0   5.3  69:52.96 java
  47984 root      20   0   13.5g 868504  29160 S 401.0   5.3  69:56.97 java
  47984 root      20   0   13.5g 868504  29160 S 399.0   5.3  70:00.96 java
  47984 root      20   0   13.5g 868604  29160 S 403.0   5.3  70:04.99 java
  47984 root      20   0   13.5g 868604  29160 S 401.0   5.3  70:09.00 java
  47984 root      20   0   13.5g 868604  29160 S 400.0   5.3  70:13.00 java
  47984 root      20   0   13.5g 868604  29160 S 399.0   5.3  70:17.03 java
  47984 root      20   0   13.5g 868604  29160 S 400.0   5.3  70:21.03 java
  47984 root      20   0   13.5g 868604  29160 S 402.0   5.3  70:25.05 java
  47984 root      20   0   13.5g 868604  29160 S 401.0   5.3  70:29.06 java
  47984 root      20   0   13.5g 868604  29160 S 400.0   5.3  70:33.06 java
  47984 root      20   0   13.5g 868604  29160 S 400.0   5.3  70:37.06 java
  47984 root      20   0   13.5g 868604  29160 S 396.0   5.3  70:41.02 java
  47984 root      20   0   13.5g 868604  29160 S 404.0   5.3  70:45.06 java
  47984 root      20   0   13.5g 868604  29160 S 406.0   5.3  70:49.12 java
  47984 root      20   0   13.5g 868604  29160 S 395.0   5.3  70:53.07 java
  47984 root      20   0   13.5g 868604  29160 S 403.0   5.3  70:57.14 java
  47984 root      20   0   13.5g 868604  29160 S 402.0   5.3  71:01.16 java
  47984 root      20   0   13.5g 868604  29160 S 392.0   5.3  71:05.08 java
  47984 root      20   0   13.5g 868604  29160 S 410.0   5.3  71:09.18 java
  47984 root      20   0   13.5g 868604  29160 S 396.0   5.3  71:13.14 java
  47984 root      20   0   13.5g 868604  29160 S 403.0   5.3  71:17.17 java
  47984 root      20   0   13.5g 868604  29160 S 398.0   5.3  71:21.15 java
  47984 root      20   0   13.5g 868604  29160 S 405.0   5.3  71:25.20 java
  47984 root      20   0   13.5g 868604  29160 S 396.0   5.3  71:29.16 java
  47984 root      20   0   13.5g 868604  29160 S 398.0   5.3  71:33.14 java
  47984 root      20   0   13.5g 868604  29160 S 400.0   5.3  71:37.18 java
  47984 root      20   0   13.5g 868604  29160 S 402.0   5.3  71:41.20 java
  47984 root      20   0   13.5g 868604  29160 S 401.0   5.3  71:45.21 java
  47984 root      20   0   13.5g 868604  29160 S 397.0   5.3  71:49.18 java
  47984 root      20   0   13.5g 868604  29160 S 405.0   5.3  71:53.23 java
  47984 root      20   0   13.5g 868604  29160 S 407.0   5.3  71:57.30 java
  47984 root      20   0   13.5g 868604  29160 S 399.0   5.3  72:01.29 java
  47984 root      20   0   13.5g 868604  29160 S 392.0   5.3  72:05.21 java
  47984 root      20   0   13.5g 868604  29160 S 405.0   5.3  72:09.26 java
  47984 root      20   0   13.5g 868604  29160 S 405.0   5.3  72:13.31 java
  47984 root      20   0   13.5g 868604  29160 S 392.1   5.3  72:17.27 java
  47984 root      20   0   13.5g 868604  29160 S 403.0   5.3  72:21.30 java
  47984 root      20   0   13.5g 868700  29160 S 399.0   5.3  72:25.29 java
  47984 root      20   0   13.5g 868700  29160 S 402.0   5.3  72:29.31 java
  47984 root      20   0   13.5g 868700  29160 S 393.0   5.3  72:33.24 java
  47984 root      20   0   13.5g 868700  29160 S 408.0   5.3  72:37.32 java
  47984 root      20   0   13.5g 868700  29160 S 399.0   5.3  72:41.31 java
  47984 root      20   0   13.5g 868700  29160 S 401.0   5.3  72:45.32 java
  47984 root      20   0   13.5g 868700  29160 S 400.0   5.3  72:49.32 java
  47984 root      20   0   13.5g 868872  29160 S 400.0   5.3  72:53.32 java
  47984 root      20   0   13.5g 868872  29160 S 396.0   5.3  72:57.32 java
  47984 root      20   0   13.5g 868872  29160 S 400.0   5.3  73:01.32 java
  47984 root      20   0   13.5g 868872  29160 S 400.0   5.3  73:05.32 java
  47984 root      20   0   13.5g 868872  29160 S 400.0   5.3  73:09.32 java
  47984 root      20   0   13.5g 868872  29160 S 399.0   5.3  73:13.