  47397 root      20   0 9218556 531196  29016 S 413.3   3.3  67:00.65 java
  47397 root      20   0 9218556 531196  29016 S 400.0   3.3  67:04.65 java
  47397 root      20   0 9218556 531196  29016 S 396.0   3.3  67:08.65 java
  47397 root      20   0 9218556 531196  29016 S 399.0   3.3  67:12.64 java
  47397 root      20   0 9218556 531636  29016 S 401.0   3.3  67:16.65 java
  47397 root      20   0 9218556 531636  29016 S 399.0   3.3  67:20.64 java
  47397 root      20   0 9218556 531636  29016 S 400.0   3.3  67:24.64 java
  47397 root      20   0 9218556 531636  29016 S 400.0   3.3  67:28.64 java
  47397 root      20   0 9218556 531636  29016 S 400.0   3.3  67:32.64 java
  47397 root      20   0 9218556 531636  29016 S 401.0   3.3  67:36.65 java
  47397 root      20   0 9218556 531636  29016 S 396.0   3.3  67:40.65 java
  47397 root      20   0 9218556 531636  29016 S 401.0   3.3  67:44.66 java
  47397 root      20   0 9218556 531636  29016 S 400.0   3.3  67:48.66 java
  47397 root      20   0 9218556 531636  29016 S 402.0   3.3  67:52.68 java
  47397 root      20   0 9218556 531636  29016 S 400.0   3.3  67:56.68 java
  47397 root      20   0 9218556 531636  29016 S 400.0   3.3  68:00.68 java
  47397 root      20   0 9218556 531636  29016 S 401.0   3.3  68:04.69 java
  47397 root      20   0 9218556 531636  29016 S 401.0   3.3  68:08.70 java
  47397 root      20   0 9218556 531636  29016 S 397.0   3.3  68:12.71 java
  47397 root      20   0 9218556 531636  29016 S 400.0   3.3  68:16.71 java
  47397 root      20   0 9218556 531636  29016 S 401.0   3.3  68:20.72 java
  47397 root      20   0 9218556 531636  29016 S 401.0   3.3  68:24.73 java
  47397 root      20   0 9218556 531636  29016 S 400.0   3.3  68:28.73 java
  47397 root      20   0 9218556 531636  29016 S 403.0   3.3  68:32.76 java
  47397 root      20   0 9218556 531636  29016 S 399.0   3.3  68:36.75 java
  47397 root      20   0 9218556 531636  29016 S 401.0   3.3  68:40.76 java
  47397 root      20   0 9218556 531636  29016 S 399.0   3.3  68:44.75 java
  47397 root      20   0 9218556 531636  29016 S 398.0   3.3  68:48.77 java
  47397 root      20   0 9218556 531636  29016 S 401.0   3.3  68:52.78 java
  47397 root      20   0 9218556 531636  29016 S 399.0   3.3  68:56.77 java
  47397 root      20   0 9218556 531636  29016 S 402.0   3.3  69:00.79 java
  47397 root      20   0 9218556 531636  29016 S 402.0   3.3  69:04.81 java
  47397 root      20   0 9218556 531636  29016 S 400.0   3.3  69:08.81 java
  47397 root      20   0 9218556 531636  29016 S 402.0   3.3  69:12.83 java
  47397 root      20   0 9218556 531636  29016 S 400.0   3.3  69:16.83 java
  47397 root      20   0 9218556 531636  29016 S 397.0   3.3  69:20.84 java
  47397 root      20   0 9218556 531636  29016 S 399.0   3.3  69:24.83 java
  47397 root      20   0 9218556 531636  29016 S 402.0   3.3  69:28.85 java
  47397 root      20   0 9218556 531636  29016 S 399.0   3.3  69:32.84 java
  47397 root      20   0 9218556 531636  29016 S 402.0   3.3  69:36.86 java
  47397 root      20   0 9218556 531636  29016 S 400.0   3.3  69:40.86 java
  47397 root      20   0 9218556 531820  29016 S 400.0   3.3  69:44.86 java
  47397 root      20   0 9218556 531820  29016 S 401.0   3.3  69:48.87 java
  47397 root      20   0 9218556 531820  29016 S 401.0   3.3  69:52.88 java
  47397 root      20   0 9218556 531820  29016 S 396.0   3.3  69:56.88 java
  47397 root      20   0 9218556 531820  29016 S 403.0   3.3  70:00.91 java
  47397 root      20   0 9218556 531820  29016 S 400.0   3.3  70:04.91 java
  47397 root      20   0 9218556 531820  29016 S 400.0   3.3  70:08.91 java
  47397 root      20   0 9218556 531820  29016 S 401.0   3.3  70:12.92 java
  47397 root      20   0 9218556 531820  29016 S 401.0   3.3  70:16.93 java
  47397 root      20   0 9218556 531820  29016 S 402.0   3.3  70:20.95 java
  47397 root      20   0 9218556 531820  29016 S 397.0   3.3  70:24.96 java
  47397 root      20   0 9218556 531820  29016 S 401.0   3.3  70:28.97 java
  47397 root      20   0 9218556 531820  29016 S 400.0   3.3  70:32.