  36030 root      20   0 9218556 763628  29032 S 240.0   4.7  71:58.77 java
  36030 root      20   0 9218556 763628  29032 S 411.0   4.7  72:02.88 java
  36030 root      20   0 9218556 763628  29032 S 399.0   4.7  72:06.87 java
  36030 root      20   0 9218556 763628  29032 S 403.0   4.7  72:10.90 java
  36030 root      20   0 9218556 763628  29032 S 402.0   4.7  72:14.92 java
  36030 root      20   0 9218556 763628  29032 S 398.0   4.7  72:18.90 java
  36030 root      20   0 9218556 763628  29032 S 400.0   4.7  72:22.94 java
  36030 root      20   0 9218556 763960  29032 S 399.0   4.7  72:26.93 java
  36030 root      20   0 9218556 763960  29032 S 402.0   4.7  72:30.95 java
  36030 root      20   0 9218556 763960  29032 S 398.0   4.7  72:34.93 java
  36030 root      20   0 9218556 763960  29032 S 399.0   4.7  72:38.96 java
  36030 root      20   0 9218556 763960  29032 S 400.0   4.7  72:42.96 java
  36030 root      20   0 9218556 763960  29032 S 404.0   4.7  72:47.00 java
  36030 root      20   0 9218556 763960  29032 S 401.0   4.7  72:51.01 java
  36030 root      20   0 9218556 763960  29032 S 398.0   4.7  72:54.99 java
  36030 root      20   0 9218556 763960  29032 S 402.0   4.7  72:59.01 java
  36030 root      20   0 9218556 763960  29032 S 400.0   4.7  73:03.01 java
  36030 root      20   0 9218556 763960  29032 S 399.0   4.7  73:07.00 java
  36030 root      20   0 9218556 763960  29032 S 396.0   4.7  73:11.00 java
  36030 root      20   0 9218556 763960  29032 S 400.0   4.7  73:15.00 java
  36030 root      20   0 9218556 763960  29032 S 400.0   4.7  73:19.00 java
  36030 root      20   0 9218556 763960  29032 S 400.0   4.7  73:23.00 java
  36030 root      20   0 9218556 763960  29032 S 401.0   4.7  73:27.01 java
  36030 root      20   0 9218556 763960  29032 S 399.0   4.7  73:31.00 java
  36030 root      20   0 9218556 763960  29032 S 400.0   4.7  73:35.00 java
  36030 root      20   0 9218556 763960  29032 S 400.0   4.7  73:39.00 java
  36030 root      20   0 9218556 763960  29032 S 397.0   4.7  73:43.01 java
  36030 root      20   0 9218556 763960  29032 S 400.0   4.7  73:47.01 java
  36030 root      20   0 9218556 763960  29032 S 399.0   4.7  73:51.00 java
  36030 root      20   0 9218556 763960  29032 S 401.0   4.7  73:55.01 java
  36030 root      20   0 9218556 763960  29032 S 400.0   4.7  73:59.01 java
  36030 root      20   0 9218556 763960  29032 S 399.0   4.7  74:03.00 java
  36030 root      20   0 9218556 763960  29032 S 400.0   4.7  74:07.00 java
  36030 root      20   0 9218556 763960  29032 S 401.0   4.7  74:11.01 java
  36030 root      20   0 9218556 763960  29032 S 395.0   4.7  74:15.00 java
  36030 root      20   0 9218556 763960  29032 S 401.0   4.7  74:19.01 java
  36030 root      20   0 9218556 763960  29032 S 399.0   4.7  74:23.00 java
  36030 root      20   0 9218556 763960  29032 S 400.0   4.7  74:27.00 java
  36030 root      20   0 9218556 763960  29032 S 400.0   4.7  74:31.00 java
  36030 root      20   0 9218556 763960  29032 S 401.0   4.7  74:35.01 java
  36030 root      20   0 9218556 763960  29032 S 400.0   4.7  74:39.01 java
  36030 root      20   0 9218556 763960  29032 S 399.0   4.7  74:43.00 java
  36030 root      20   0 9218556 763960  29032 S 397.0   4.7  74:47.01 java
  36030 root      20   0 9218556 763960  29032 S 400.0   4.7  74:51.01 java
  36030 root      20   0 9218556 763960  29032 S 400.0   4.7  74:55.01 java
  36030 root      20   0 9218556 763960  29032 S 401.0   4.7  74:59.02 java
  36030 root      20   0 9218556 763960  29032 S 401.0   4.7  75:03.03 java
  36030 root      20   0 9218556 763960  29032 S 401.0   4.7  75:07.04 java
  36030 root      20   0 9218556 763960  29032 S 402.0   4.7  75:11.06 java
  36030 root      20   0 9218556 763960  29032 S 401.0   4.7  75:15.07 java
  36030 root      20   0 9218556 763960  29032 S 396.0   4.7  75:19.07 java
  36030 root      20   0 9218556 764108  29032 S 402.0   4.7  75:23.09 java
  36030 root      20   0 9218556 764108  29032 S 400.0   4.7  75:27.09 java
  36030 root      20   0 9218556 764108  29032 S 401.0   4.7  75:31.