  47397 root      20   0 9218556 406544  29016 S 160.0   2.5   4:52.73 java
  47397 root      20   0 9218556 406544  29016 S 158.0   2.5   4:54.31 java
  47397 root      20   0 9218556 406544  29016 S 160.0   2.5   4:55.91 java
  47397 root      20   0 9218556 406544  29016 S 161.0   2.5   4:57.52 java
  47397 root      20   0 9218556 406544  29016 S 156.0   2.5   4:59.08 java
  47397 root      20   0 9218556 406544  29016 S 158.0   2.5   5:00.66 java
  47397 root      20   0 9218556 406544  29016 S 152.0   2.5   5:02.18 java
  47397 root      20   0 9218556 406544  29016 S 154.5   2.5   5:03.74 java
  47397 root      20   0 9218556 406544  29016 S 160.0   2.5   5:05.34 java
  47397 root      20   0 9218556 406940  29016 S 154.0   2.5   5:06.88 java
  47397 root      20   0 9218556 406940  29016 S 150.0   2.5   5:08.38 java
  47397 root      20   0 9218556 406940  29016 S 156.0   2.5   5:09.94 java
  47397 root      20   0 9218556 406940  29016 S 169.0   2.5   5:11.63 java
  47397 root      20   0 9218556 406940  29016 S 160.0   2.5   5:13.23 java
  47397 root      20   0 9218556 406940  29016 S 152.0   2.5   5:14.75 java
  47397 root      20   0 9218556 406940  29016 S 157.4   2.5   5:16.34 java
  47397 root      20   0 9218556 406940  29016 S 159.0   2.5   5:17.93 java
  47397 root      20   0 9218556 406940  29016 S 159.0   2.5   5:19.52 java
  47397 root      20   0 9218556 406940  29016 S 156.0   2.5   5:21.08 java
  47397 root      20   0 9218556 406940  29016 S 162.0   2.5   5:22.70 java
  47397 root      20   0 9218556 406940  29016 S 156.0   2.5   5:24.26 java
  47397 root      20   0 9218556 406940  29016 S 150.0   2.5   5:25.76 java
  47397 root      20   0 9218556 406940  29016 S 154.0   2.5   5:27.30 java
  47397 root      20   0 9218556 406940  29016 S 153.5   2.5   5:28.85 java
  47397 root      20   0 9218556 406940  29016 S 159.0   2.5   5:30.44 java
  47397 root      20   0 9218556 406940  29016 S 156.0   2.5   5:32.00 java
  47397 root      20   0 9218556 406940  29016 S 157.0   2.5   5:33.57 java
  47397 root      20   0 9218556 406940  29016 S 163.0   2.5   5:35.20 java
  47397 root      20   0 9218556 406940  29016 S 160.0   2.5   5:36.80 java
  47397 root      20   0 9218556 406940  29016 S 154.0   2.5   5:38.34 java
  47397 root      20   0 9218556 406940  29016 S 155.0   2.5   5:39.89 java
  47397 root      20   0 9218556 406940  29016 S 156.4   2.5   5:41.47 java
  47397 root      20   0 9218556 406940  29016 S 159.0   2.5   5:43.06 java
  47397 root      20   0 9218556 406940  29016 S 156.0   2.5   5:44.62 java
  47397 root      20   0 9218556 406940  29016 S 157.0   2.5   5:46.19 java
  47397 root      20   0 9218556 406940  29016 S 158.0   2.5   5:47.77 java
  47397 root      20   0 9218556 406940  29016 S 155.0   2.5   5:49.32 java
  47397 root      20   0 9218556 406940  29016 S 157.0   2.5   5:50.89 java
  47397 root      20   0 9218556 406940  29016 S 161.0   2.5   5:52.50 java
  47397 root      20   0 9218556 406940  29016 S 157.0   2.5   5:54.07 java
  47397 root      20   0 9218556 406940  29016 S 155.4   2.5   5:55.64 java
  47397 root      20   0 9218556 406940  29016 S 154.0   2.5   5:57.18 java
  47397 root      20   0 9218556 406940  29016 S 153.0   2.5   5:58.71 java
  47397 root      20   0 9218556 406940  29016 S 154.0   2.5   6:00.25 java
  47397 root      20   0 9218556 406940  29016 S 168.0   2.5   6:01.93 java
  47397 root      20   0 9218556 406940  29016 S 159.0   2.5   6:03.52 java
  47397 root      20   0 9218556 406940  29016 S 157.0   2.5   6:05.09 java
  47397 root      20   0 9218556 406940  29016 S 162.4   2.5   6:06.73 java
  47397 root      20   0 9218556 459464  29016 S 169.0   2.8   6:08.42 java
  47397 root      20   0 9218556 459464  29016 S 164.0   2.8   6:10.06 java
  47397 root      20   0 9218556 459464  29016 S 161.0   2.8   6:11.67 java
  47397 root      20   0 9218556 459464  29016 S 155.0   2.8   6:13.22 java
  47397 root      20   0 9218556 459464  29016 S 157.0   2.8   6:14.79 java
  47397 root      20   0 9218556 459464  29016 S 157.0   2.8   6:16.