  47397 root      20   0 9218556 608568  29016 S 113.3   3.7  86:59.75 java
  47397 root      20   0 9218556 608568  29016 S 408.0   3.7  87:03.83 java
  47397 root      20   0 9218556 608568  29016 S 401.0   3.7  87:07.84 java
  47397 root      20   0 9218556 608568  29016 S 401.0   3.7  87:11.85 java
  47397 root      20   0 9218556 608568  29016 S 397.0   3.7  87:15.86 java
  47397 root      20   0 9218556 608880  29016 S 401.0   3.7  87:19.87 java
  47397 root      20   0 9218556 608880  29016 S 400.0   3.7  87:23.87 java
  47397 root      20   0 9218556 608880  29016 S 401.0   3.7  87:27.88 java
  47397 root      20   0 9218556 608880  29016 S 400.0   3.7  87:31.88 java
  47397 root      20   0 9218556 608880  29016 S 400.0   3.7  87:35.88 java
  47397 root      20   0 9218556 608880  29016 S 400.0   3.7  87:39.88 java
  47397 root      20   0 9218556 608880  29016 S 400.0   3.7  87:43.88 java
  47397 root      20   0 9218556 608880  29016 S 404.0   3.7  87:47.92 java
  47397 root      20   0 9218556 608880  29016 S 396.0   3.7  87:51.92 java
  47397 root      20   0 9218556 608880  29016 S 400.0   3.7  87:55.92 java
  47397 root      20   0 9218556 608880  29016 S 403.0   3.7  87:59.95 java
  47397 root      20   0 9218556 608880  29016 S 398.0   3.7  88:03.93 java
  47397 root      20   0 9218556 608880  29016 S 402.0   3.7  88:07.95 java
  47397 root      20   0 9218556 608880  29016 S 401.0   3.7  88:11.96 java
  47397 root      20   0 9218556 608880  29016 S 400.0   3.7  88:15.96 java
  47397 root      20   0 9218556 608880  29016 S 396.0   3.7  88:19.96 java
  47397 root      20   0 9218556 608880  29016 S 403.0   3.7  88:23.99 java
  47397 root      20   0 9218556 608880  29016 S 401.0   3.7  88:28.00 java
  47397 root      20   0 9218556 608880  29016 S 399.0   3.7  88:31.99 java
  47397 root      20   0 9218556 608880  29016 S 402.0   3.7  88:36.01 java
  47397 root      20   0 9218556 608880  29016 S 402.0   3.7  88:40.03 java
  47397 root      20   0 9218556 608880  29016 S 400.0   3.7  88:44.03 java
  47397 root      20   0 9218556 608880  29016 S 399.0   3.7  88:48.02 java
  47397 root      20   0 9218556 608880  29016 S 398.0   3.7  88:52.04 java
  47397 root      20   0 9218556 608880  29016 S 400.0   3.7  88:56.04 java
  47397 root      20   0 9218556 608880  29016 S 398.0   3.7  89:00.02 java
  47397 root      20   0 9218556 608880  29016 S 402.0   3.7  89:04.04 java
  47397 root      20   0 9218556 608880  29016 S 400.0   3.7  89:08.04 java
  47397 root      20   0 9218556 608880  29016 S 401.0   3.7  89:12.05 java
  47397 root      20   0 9218556 608880  29016 S 401.0   3.7  89:16.06 java
  47397 root      20   0 9218556 608880  29016 S 400.0   3.7  89:20.06 java
  47397 root      20   0 9218556 608880  29016 S 400.0   3.7  89:24.06 java
  47397 root      20   0 9218556 608880  29016 S 397.0   3.7  89:28.07 java
  47397 root      20   0 9218556 608880  29016 S 399.0   3.7  89:32.06 java
  47397 root      20   0 9218556 608880  29016 S 400.0   3.7  89:36.06 java
  47397 root      20   0 9218556 608880  29016 S 401.0   3.7  89:40.07 java
  47397 root      20   0 9218556 608880  29016 S 399.0   3.7  89:44.06 java
  47397 root      20   0 9218556 608880  29016 S 400.0   3.7  89:48.06 java
  47397 root      20   0 9218556 608880  29016 S 400.0   3.7  89:52.06 java
  47397 root      20   0 9218556 608880  29016 S 400.0   3.7  89:56.06 java
  47397 root      20   0 9218556 608880  29016 S 396.0   3.7  90:00.06 java
  47397 root      20   0 9218556 608880  29016 S 401.0   3.7  90:04.07 java
  47397 root      20   0 9218556 608880  29016 S 400.0   3.7  90:08.07 java
  47397 root      20   0 9218556 608880  29016 S 400.0   3.7  90:12.07 java
  47397 root      20   0 9218556 608880  29016 S 400.0   3.7  90:16.07 java
  47397 root      20   0 9218556 608880  29016 S 400.0   3.7  90:20.07 java
  47397 root      20   0 9218556 608880  29016 S 400.0   3.7  90:24.07 java
  47397 root      20   0 9218556 608880  29016 S 400.0   3.7  90:28.07 java
  47397 root      20   0 9218556 608880  29016 S 395.0   3.7  90:32.