  36030 root      20   0 9218556 476084  29032 S 126.7   2.9   0:45.52 java
  36030 root      20   0 9218556 476348  29032 S  78.0   2.9   0:46.30 java
  36030 root      20   0 9218556 476348  29032 S  45.0   2.9   0:46.75 java
  36030 root      20   0 9218556 476348  29032 S  40.6   2.9   0:47.16 java
  36030 root      20   0 9218556 476348  29032 S  41.0   2.9   0:47.57 java
  36030 root      20   0 9218556 476348  29032 S  43.0   2.9   0:48.00 java
  36030 root      20   0 9218556 476348  29032 S  45.0   2.9   0:48.45 java
  36030 root      20   0 9218556 476348  29032 S  42.0   2.9   0:48.87 java
  36030 root      20   0 9218556 476348  29032 S  41.0   2.9   0:49.28 java
  36030 root      20   0 9218556 476348  29032 S  41.0   2.9   0:49.69 java
  36030 root      20   0 9218556 476348  29032 S  42.0   2.9   0:50.11 java
  36030 root      20   0 9218556 476348  29032 S  40.0   2.9   0:50.51 java
  36030 root      20   0 9218556 476348  29032 S  39.6   2.9   0:50.91 java
  36030 root      20   0 9218556 476348  29032 S  40.0   2.9   0:51.31 java
  36030 root      20   0 9218556 476348  29032 S  39.0   2.9   0:51.70 java
  36030 root      20   0 9218556 476348  29032 S  39.0   2.9   0:52.09 java
  36030 root      20   0 9218556 476348  29032 S  40.0   2.9   0:52.49 java
  36030 root      20   0 9218556 476348  29032 S  40.0   2.9   0:52.89 java
  36030 root      20   0 9218556 476348  29032 S  40.0   2.9   0:53.29 java
  36030 root      20   0 9218556 476348  29032 S  40.0   2.9   0:53.69 java
  36030 root      20   0 9218556 476348  29032 S  42.6   2.9   0:54.12 java
  36030 root      20   0 9218556 476348  29032 S  41.0   2.9   0:54.53 java
  36030 root      20   0 9218556 476348  29032 S  40.0   2.9   0:54.93 java
  36030 root      20   0 9218556 476348  29032 S  39.0   2.9   0:55.32 java
  36030 root      20   0 9218556 476348  29032 S  39.0   2.9   0:55.71 java
  36030 root      20   0 9218556 476348  29032 S  41.0   2.9   0:56.12 java
  36030 root      20   0 9218556 476348  29032 S  39.0   2.9   0:56.51 java
  36030 root      20   0 9218556 476348  29032 S  38.6   2.9   0:56.90 java
  36030 root      20   0 9218556 476348  29032 S  38.0   2.9   0:57.28 java
  36030 root      20   0 9218556 476348  29032 S  38.0   2.9   0:57.66 java
  36030 root      20   0 9218556 476348  29032 S  39.0   2.9   0:58.05 java
  36030 root      20   0 9218556 476348  29032 S  38.0   2.9   0:58.43 java
  36030 root      20   0 9218556 476348  29032 S  39.0   2.9   0:58.82 java
  36030 root      20   0 9218556 476348  29032 S  39.0   2.9   0:59.21 java
  36030 root      20   0 9218556 476348  29032 S  38.0   2.9   0:59.59 java
  36030 root      20   0 9218556 476348  29032 S  40.0   2.9   0:59.99 java
  36030 root      20   0 9218556 476348  29032 S  38.6   2.9   1:00.38 java
  36030 root      20   0 9218556 476348  29032 S  40.0   2.9   1:00.78 java
  36030 root      20   0 9218556 476348  29032 S  41.0   2.9   1:01.19 java
  36030 root      20   0 9218556 476348  29032 S  41.0   2.9   1:01.60 java
  36030 root      20   0 9218556 476348  29032 S  42.0   2.9   1:02.02 java
  36030 root      20   0 9218556 476348  29032 S  40.0   2.9   1:02.42 java
  36030 root      20   0 9218556 476348  29032 S  40.0   2.9   1:02.82 java
  36030 root      20   0 9218556 476348  29032 S  41.6   2.9   1:03.24 java
  36030 root      20   0 9218556 476348  29032 S  40.0   2.9   1:03.64 java
  36030 root      20   0 9218556 476348  29032 S  40.0   2.9   1:04.04 java
  36030 root      20   0 9218556 476472  29032 S  40.0   2.9   1:04.44 java
  36030 root      20   0 9218556 476472  29032 S  40.0   2.9   1:04.84 java
  36030 root      20   0 9218556 476472  29032 S  39.0   2.9   1:05.23 java
  36030 root      20   0 9218556 476472  29032 S  40.0   2.9   1:05.63 java
  36030 root      20   0 9218556 476472  29032 S  39.0   2.9   1:06.02 java
  36030 root      20   0 9218556 476472  29032 S  38.6   2.9   1:06.41 java
  36030 root      20   0 9218556 476472  29032 S  40.0   2.9   1:06.81 java
  36030 root      20   0 9218556 476472  29032 S  40.0   2.9   1:07.