  47397 root      20   0 9218556 467144  29016 S  13.3   2.9  54:59.90 java
  47397 root      20   0 9218556 467144  29016 S 398.0   2.9  55:03.88 java
  47397 root      20   0 9218556 467144  29016 S 401.0   2.9  55:07.89 java
  47397 root      20   0 9218556 467144  29016 S 400.0   2.9  55:11.89 java
  47397 root      20   0 9218556 467304  29016 S 400.0   2.9  55:15.89 java
  47397 root      20   0 9218556 467304  29016 S 396.0   2.9  55:19.89 java
  47397 root      20   0 9218556 467304  29016 S 399.0   2.9  55:23.88 java
  47397 root      20   0 9218556 467304  29016 S 401.0   2.9  55:27.89 java
  47397 root      20   0 9218556 467304  29016 S 400.0   2.9  55:31.89 java
  47397 root      20   0 9218556 467304  29016 S 400.0   2.9  55:35.89 java
  47397 root      20   0 9218556 467304  29016 S 400.0   2.9  55:39.89 java
  47397 root      20   0 9218556 467304  29016 S 400.0   2.9  55:43.89 java
  47397 root      20   0 9218556 467304  29016 S 400.0   2.9  55:47.89 java
  47397 root      20   0 9218556 467304  29016 S 396.0   2.9  55:51.89 java
  47397 root      20   0 9218556 467304  29016 S 401.0   2.9  55:55.90 java
  47397 root      20   0 9218556 467304  29016 S 401.0   2.9  55:59.91 java
  47397 root      20   0 9218556 467304  29016 S 400.0   2.9  56:03.91 java
  47397 root      20   0 9218556 467304  29016 S 400.0   2.9  56:07.91 java
  47397 root      20   0 9218556 467304  29016 S 401.0   2.9  56:11.92 java
  47397 root      20   0 9218556 467304  29016 S 401.0   2.9  56:15.93 java
  47397 root      20   0 9218556 467304  29016 S 401.0   2.9  56:19.94 java
  47397 root      20   0 9218556 467304  29016 S 398.0   2.9  56:23.96 java
  47397 root      20   0 9218556 467304  29016 S 400.0   2.9  56:27.96 java
  47397 root      20   0 9218556 467304  29016 S 402.0   2.9  56:31.98 java
  47397 root      20   0 9218556 467304  29016 S 400.0   2.9  56:35.98 java
  47397 root      20   0 9218556 467304  29016 S 402.0   2.9  56:40.00 java
  47397 root      20   0 9218556 467304  29016 S 399.0   2.9  56:43.99 java
  47397 root      20   0 9218556 467304  29016 S 401.0   2.9  56:48.00 java
  47397 root      20   0 9218556 467304  29016 S 401.0   2.9  56:52.01 java
  47397 root      20   0 9218556 467304  29016 S 397.0   2.9  56:56.02 java
  47397 root      20   0 9218556 467304  29016 S 402.0   2.9  57:00.04 java
  47397 root      20   0 9218556 467304  29016 S 400.0   2.9  57:04.04 java
  47397 root      20   0 9218556 467304  29016 S 402.0   2.9  57:08.06 java
  47397 root      20   0 9218556 467304  29016 S 402.0   2.9  57:12.08 java
  47397 root      20   0 9218556 467304  29016 S 400.0   2.9  57:16.08 java
  47397 root      20   0 9218556 467304  29016 S 396.0   2.9  57:20.08 java
  47397 root      20   0 9218556 467304  29016 S 403.0   2.9  57:24.11 java
  47397 root      20   0 9218556 467304  29016 S 399.0   2.9  57:28.10 java
  47397 root      20   0 9218556 467304  29016 S 401.0   2.9  57:32.11 java
  47397 root      20   0 9218556 467304  29016 S 401.0   2.9  57:36.12 java
  47397 root      20   0 9218556 467304  29016 S 402.0   2.9  57:40.14 java
  47397 root      20   0 9218556 467304  29016 S 399.0   2.9  57:44.13 java
  47397 root      20   0 9218556 467304  29016 S 401.0   2.9  57:48.14 java
  47397 root      20   0 9218556 467304  29016 S 396.0   2.9  57:52.14 java
  47397 root      20   0 9218556 467304  29016 S 402.0   2.9  57:56.16 java
  47397 root      20   0 9218556 467316  29016 S 399.0   2.9  58:00.15 java
  47397 root      20   0 9218556 467316  29016 S 403.0   2.9  58:04.18 java
  47397 root      20   0 9218556 467316  29016 S 399.0   2.9  58:08.17 java
  47397 root      20   0 9218556 467316  29016 S 402.0   2.9  58:12.19 java
  47397 root      20   0 9218556 467316  29016 S 397.0   2.9  58:16.16 java
  47397 root      20   0 9218556 467316  29016 S 401.0   2.9  58:20.21 java
  47397 root      20   0 9218556 467316  29016 S 398.0   2.9  58:24.19 java
  47397 root      20   0 9218556 467316  29016 S 399.0   2.9  58:28.18 java
  47397 root      20   0 9218556 467316  29016 S 401.0   2.9  58:32.