  47984 root      20   0   13.5g 597948  29160 S 413.3   3.7  33:41.71 java
  47984 root      20   0   13.5g 597948  29160 S 403.0   3.7  33:45.74 java
  47984 root      20   0   13.5g 597948  29160 S 398.0   3.7  33:49.72 java
  47984 root      20   0   13.5g 598048  29160 S 404.0   3.7  33:53.76 java
  47984 root      20   0   13.5g 598048  29160 S 401.0   3.7  33:57.77 java
  47984 root      20   0   13.5g 598204  29160 S 394.1   3.7  34:01.75 java
  47984 root      20   0   13.5g 598204  29160 S 400.0   3.7  34:05.75 java
  47984 root      20   0   13.5g 598308  29160 S 401.0   3.7  34:09.76 java
  47984 root      20   0   13.5g 598308  29160 S 404.0   3.7  34:13.80 java
  47984 root      20   0   13.5g 598308  29160 S 401.0   3.7  34:17.81 java
  47984 root      20   0   13.5g 598648  29160 S 402.0   3.7  34:21.83 java
  47984 root      20   0   13.5g 598648  29160 S 398.0   3.7  34:25.81 java
  47984 root      20   0   13.5g 598784  29160 S 400.0   3.7  34:29.81 java
  47984 root      20   0   13.5g 598784  29160 S 404.0   3.7  34:33.85 java
  47984 root      20   0   13.5g 598784  29160 S 401.0   3.7  34:37.86 java
  47984 root      20   0   13.5g 598784  29160 S 391.1   3.7  34:41.81 java
  47984 root      20   0   13.5g 598784  29160 S 400.0   3.7  34:45.81 java
  47984 root      20   0   13.5g 598892  29160 S 411.0   3.7  34:49.92 java
  47984 root      20   0   13.5g 598892  29160 S 395.0   3.7  34:53.87 java
  47984 root      20   0   13.5g 598892  29160 S 406.0   3.7  34:57.93 java
  47984 root      20   0   13.5g 599148  29160 S 399.0   3.7  35:01.92 java
  47984 root      20   0   13.5g 599932  29160 S 398.0   3.7  35:05.90 java
  47984 root      20   0   13.5g 599932  29160 S 405.0   3.7  35:09.95 java
  47984 root      20   0   13.5g 599932  29160 S 401.0   3.7  35:13.96 java
  47984 root      20   0   13.5g 600104  29160 S 401.0   3.7  35:17.97 java
  47984 root      20   0   13.5g 600104  29160 S 392.1   3.7  35:21.93 java
  47984 root      20   0   13.5g 600104  29160 S 400.0   3.7  35:25.93 java
  47984 root      20   0   13.5g 600428  29160 S 400.0   3.7  35:29.93 java
  47984 root      20   0   13.5g 600428  29160 S 399.0   3.7  35:33.92 java
  47984 root      20   0   13.5g 600428  29160 S 405.0   3.7  35:37.97 java
  47984 root      20   0   13.5g 600592  29160 S 396.0   3.7  35:41.93 java
  47984 root      20   0   13.5g 602392  29160 S 408.0   3.7  35:46.01 java
  47984 root      20   0   13.5g 602392  29160 S 401.0   3.7  35:50.02 java
  47984 root      20   0   13.5g 602392  29160 S 401.0   3.7  35:54.03 java
  47984 root      20   0   13.5g 602392  29160 S 398.0   3.7  35:58.01 java
  47984 root      20   0   13.5g 602704  29160 S 396.0   3.7  36:02.01 java
  47984 root      20   0   13.5g 602704  29160 S 405.0   3.7  36:06.06 java
  47984 root      20   0   13.5g 602796  29160 S 399.0   3.7  36:10.05 java
  47984 root      20   0   13.5g 602796  29160 S 401.0   3.7  36:14.06 java
  47984 root      20   0   13.5g 602796  29160 S 395.0   3.7  36:18.01 java
  47984 root      20   0   13.5g 602796  29160 S 405.0   3.7  36:22.06 java
  47984 root      20   0   13.5g 602796  29160 S 400.0   3.7  36:26.06 java
  47984 root      20   0   13.5g 602796  29160 S 401.0   3.7  36:30.07 java
  47984 root      20   0   13.5g 602796  29160 S 398.0   3.7  36:34.05 java
  47984 root      20   0   13.5g 602796  29160 S 402.0   3.7  36:38.07 java
  47984 root      20   0   13.5g 603040  29160 S 396.0   3.7  36:42.07 java
  47984 root      20   0   13.5g 603040  29160 S 400.0   3.7  36:46.07 java
  47984 root      20   0   13.5g 603040  29160 S 400.0   3.7  36:50.07 java
  47984 root      20   0   13.5g 603040  29160 S 400.0   3.7  36:54.07 java
  47984 root      20   0   13.5g 603040  29160 S 400.0   3.7  36:58.07 java
  47984 root      20   0   13.5g 603296  29160 S 399.0   3.7  37:02.06 java
  47984 root      20   0   13.5g 603296  29160 S 401.0   3.7  37:06.07 java
  47984 root      20   0   13.5g 603296  29160 S 400.0   3.7  37:10.07 java
  47984 root      20   0   13.5g 603296  29160 S 396.0   3.7  37:14.