Running 1m test @ http://erik-pc.local:8080/fruits
  4 threads and 100 connections
  Thread calibration: mean lat.: 115.343ms, rate sampling interval: 537ms
  Thread calibration: mean lat.: 100.732ms, rate sampling interval: 397ms
  Thread calibration: mean lat.: 90.972ms, rate sampling interval: 457ms
  Thread calibration: mean lat.: 177.694ms, rate sampling interval: 714ms
  Thread Stats   Avg      Stdev     Max   +/- Stdev
    Latency   630.92ms  456.47ms   2.82s    73.46%
    Req/Sec     3.84k   395.19     4.81k    67.59%
  Latency Distribution (HdrHistogram - Recorded Latency)
 50.000%  560.64ms
 75.000%  843.78ms
 90.000%    1.20s 
 99.000%    2.11s 
 99.900%    2.54s 
 99.990%    2.76s 
 99.999%    2.80s 
100.000%    2.83s 

  Detailed Percentile spectrum:
       Value   Percentile   TotalCount 1/(1-Percentile)

       0.412     0.000000            1         1.00
     126.143     0.100000        76573         1.11
     239.231     0.200000       153085         1.25
     347.135     0.300000       229732         1.43
     454.911     0.400000       306312         1.67
     560.639     0.500000       382999         2.00
     612.863     0.550000       421220         2.22
     666.623     0.600000       459356         2.50
     722.431     0.650000       497885         2.86
     779.263     0.700000       535811         3.33
     843.775     0.750000       574175         4.00
     879.103     0.775000       593388         4.44
     914.943     0.800000       612352         5.00
     955.903     0.825000       631635         5.71
    1007.615     0.850000       650605         6.67
    1083.391     0.875000       669810         8.00
    1134.591     0.887500       679443         8.89
    1196.031     0.900000       689013        10.00
    1270.783     0.912500       698468        11.43
    1360.895     0.925000       708025        13.33
    1503.231     0.937500       717592        16.00
    1564.671     0.943750       722405        17.78
    1623.039     0.950000       727162        20.00
    1686.527     0.956250       731958        22.86
    1746.943     0.962500       736727        26.67
    1808.383     0.968750       741499        32.00
    1844.223     0.971875       743934        35.56
    1878.015     0.975000       746304        40.00
    1915.903     0.978125       748733        45.71
    1954.815     0.981250       751070        53.33
    2007.039     0.984375       753469        64.00
    2035.711     0.985938       754659        71.11
    2062.335     0.987500       755888        80.00
    2088.959     0.989062       757062        91.43
    2123.775     0.990625       758284       106.67
    2158.591     0.992188       759486       128.00
    2174.975     0.992969       760067       142.22
    2193.407     0.993750       760658       160.00
    2217.983     0.994531       761232       182.86
    2260.991     0.995313       761841       213.33
    2312.191     0.996094       762452       256.00
    2330.623     0.996484       762728       284.44
    2351.103     0.996875       763056       320.00
    2369.535     0.997266       763342       365.71
    2387.967     0.997656       763628       426.67
    2412.543     0.998047       763931       512.00
    2430.975     0.998242       764076       568.89
    2463.743     0.998437       764223       640.00
    2498.559     0.998633       764378       731.43
    2523.135     0.998828       764528       853.33
    2547.711     0.999023       764678      1024.00
    2557.951     0.999121       764752      1137.78
    2570.239     0.999219       764832      1280.00
    2580.479     0.999316       764905      1462.86
    2592.767     0.999414       764979      1706.67
    2607.103     0.999512       765052      2048.00
    2615.295     0.999561       765088      2275.56
    2629.631     0.999609       765119      2560.00
    2656.255     0.999658       765157      2925.71
    2674.687     0.999707       765194      3413.33
    2695.167     0.999756       765232      4096.00
    2707.455     0.999780       765249      4551.11
    2721.791     0.999805       765269      5120.00
    2736.127     0.999829       765291      5851.43
    2746.367     0.999854       765308      6826.67
    2754.559     0.999878       765324      8192.00
    2758.655     0.999890       765336      9102.22
    2762.751     0.999902       765346     10240.00
    2764.799     0.999915       765352     11702.86
    2768.895     0.999927       765362     13653.33
    2775.039     0.999939       765375     16384.00
    2775.039     0.999945       765375     18204.44
    2781.183     0.999951       765384     20480.00
    2783.231     0.999957       765385     23405.71
    2785.279     0.999963       765390     27306.67
    2789.375     0.999969       765395     32768.00
    2791.423     0.999973       765398     36408.89
    2793.471     0.999976       765401     40960.00
    2793.471     0.999979       765401     46811.43
    2795.519     0.999982       765404     54613.33
    2797.567     0.999985       765406     65536.00
    2799.615     0.999986       765408     72817.78
    2799.615     0.999988       765408     81920.00
    2801.663     0.999989       765411     93622.86
    2801.663     0.999991       765411    109226.67
    2805.759     0.999992       765412    131072.00
    2805.759     0.999993       765412    145635.56
    2811.903     0.999994       765413    163840.00
    2811.903     0.999995       765413    187245.71
    2815.999     0.999995       765414    218453.33
    2820.095     0.999996       765415    262144.00
    2820.095     0.999997       765415    291271.11
    2820.095     0.999997       765415    327680.00
    2820.095     0.999997       765415    374491.43
    2824.191     0.999998       765416    436906.67
    2824.191     0.999998       765416    524288.00
    2824.191     0.999998       765416    582542.22
    2824.191     0.999998       765416    655360.00
    2824.191     0.999999       765416    748982.86
    2826.239     0.999999       765417    873813.33
    2826.239     1.000000       765417          inf
#[Mean    =      630.924, StdDeviation   =      456.469]
#[Max     =     2824.192, Total count    =       765417]
#[Buckets =           27, SubBuckets     =         2048]
----------------------------------------------------------
  916691 requests in 1.00m, 148.62MB read
Requests/sec:  15277.39
Transfer/sec:      2.48MB
