Running 1m test @ http://erik-pc.local:8080/fruits
  4 threads and 100 connections
  Thread calibration: mean lat.: 12.640ms, rate sampling interval: 59ms
  Thread calibration: mean lat.: 11.416ms, rate sampling interval: 55ms
  Thread calibration: mean lat.: 12.685ms, rate sampling interval: 59ms
  Thread calibration: mean lat.: 12.800ms, rate sampling interval: 56ms
  Thread Stats   Avg      Stdev     Max   +/- Stdev
    Latency    12.69ms   11.21ms  65.34ms   63.37%
    Req/Sec     4.54k     1.49k    7.84k    56.75%
  Latency Distribution (HdrHistogram - Recorded Latency)
 50.000%    9.93ms
 75.000%   22.24ms
 90.000%   29.07ms
 99.000%   38.08ms
 99.900%   47.07ms
 99.990%   57.25ms
 99.999%   62.33ms
100.000%   65.38ms

  Detailed Percentile spectrum:
       Value   Percentile   TotalCount 1/(1-Percentile)

       0.450     0.000000            1         1.00
       1.276     0.100000        89957         1.11
       1.676     0.200000       179788         1.25
       2.275     0.300000       269506         1.43
       4.627     0.400000       359273         1.67
       9.927     0.500000       449012         2.00
      12.527     0.550000       493951         2.22
      15.071     0.600000       538933         2.50
      17.535     0.650000       583827         2.86
      19.935     0.700000       628854         3.33
      22.239     0.750000       673564         4.00
      23.343     0.775000       695993         4.44
      24.479     0.800000       718688         5.00
      25.583     0.825000       740907         5.71
      26.687     0.850000       763368         6.67
      27.839     0.875000       785868         8.00
      28.447     0.887500       797141         8.89
      29.071     0.900000       808371        10.00
      29.727     0.912500       819700        11.43
      30.431     0.925000       830798        13.33
      31.231     0.937500       841907        16.00
      31.679     0.943750       847646        17.78
      32.175     0.950000       853159        20.00
      32.735     0.956250       858845        22.86
      33.343     0.962500       864354        26.67
      34.047     0.968750       870107        32.00
      34.431     0.971875       872827        35.56
      34.847     0.975000       875639        40.00
      35.327     0.978125       878478        45.71
      35.839     0.981250       881196        53.33
      36.479     0.984375       884043        64.00
      36.863     0.985938       885492        71.11
      37.247     0.987500       886815        80.00
      37.727     0.989062       888198        91.43
      38.271     0.990625       889604       106.67
      38.911     0.992188       891045       128.00
      39.263     0.992969       891739       142.22
      39.647     0.993750       892439       160.00
      40.095     0.994531       893117       182.86
      40.607     0.995313       893853       213.33
      41.183     0.996094       894515       256.00
      41.535     0.996484       894868       284.44
      41.919     0.996875       895224       320.00
      42.367     0.997266       895570       365.71
      43.007     0.997656       895923       426.67
      43.807     0.998047       896276       512.00
      44.287     0.998242       896442       568.89
      44.831     0.998437       896617       640.00
      45.471     0.998633       896791       731.43
      46.271     0.998828       896967       853.33
      47.135     0.999023       897145      1024.00
      47.711     0.999121       897230      1137.78
      48.287     0.999219       897317      1280.00
      48.991     0.999316       897408      1462.86
      49.759     0.999414       897493      1706.67
      50.719     0.999512       897581      2048.00
      51.199     0.999561       897624      2275.56
      51.743     0.999609       897668      2560.00
      52.351     0.999658       897712      2925.71
      53.247     0.999707       897755      3413.33
      54.143     0.999756       897800      4096.00
      54.431     0.999780       897822      4551.11
      54.687     0.999805       897843      5120.00
      55.103     0.999829       897865      5851.43
      55.679     0.999854       897887      6826.67
      56.383     0.999878       897909      8192.00
      56.831     0.999890       897920      9102.22
      57.471     0.999902       897931     10240.00
      57.983     0.999915       897943     11702.86
      58.303     0.999927       897953     13653.33
      58.559     0.999939       897965     16384.00
      58.783     0.999945       897969     18204.44
      59.167     0.999951       897975     20480.00
      59.487     0.999957       897980     23405.71
      60.063     0.999963       897986     27306.67
      60.287     0.999969       897991     32768.00
      60.415     0.999973       897995     36408.89
      60.671     0.999976       897997     40960.00
      60.703     0.999979       898000     46811.43
      61.087     0.999982       898002     54613.33
      61.471     0.999985       898006     65536.00
      61.471     0.999986       898006     72817.78
      61.823     0.999988       898008     81920.00
      62.335     0.999989       898010     93622.86
      62.335     0.999991       898010    109226.67
      62.719     0.999992       898012    131072.00
      62.719     0.999993       898012    145635.56
      63.519     0.999994       898013    163840.00
      63.551     0.999995       898014    187245.71
      63.551     0.999995       898014    218453.33
      63.967     0.999996       898015    262144.00
      63.967     0.999997       898015    291271.11
      64.223     0.999997       898016    327680.00
      64.223     0.999997       898016    374491.43
      64.223     0.999998       898016    436906.67
      64.959     0.999998       898017    524288.00
      64.959     0.999998       898017    582542.22
      64.959     0.999998       898017    655360.00
      64.959     0.999999       898017    748982.86
      64.959     0.999999       898017    873813.33
      65.375     0.999999       898018   1048576.00
      65.375     1.000000       898018          inf
#[Mean    =       12.693, StdDeviation   =       11.205]
#[Max     =       65.344, Total count    =       898018]
#[Buckets =           27, SubBuckets     =         2048]
----------------------------------------------------------
  1078918 requests in 1.00m, 174.92MB read
Requests/sec:  17981.98
Transfer/sec:      2.92MB
