Running 1m test @ http://erik-pc.local:8080/fruits
  4 threads and 100 connections
  Thread calibration: mean lat.: 3.239ms, rate sampling interval: 10ms
  Thread calibration: mean lat.: 3.479ms, rate sampling interval: 10ms
  Thread calibration: mean lat.: 3.396ms, rate sampling interval: 10ms
  Thread calibration: mean lat.: 3.423ms, rate sampling interval: 10ms
  Thread Stats   Avg      Stdev     Max   +/- Stdev
    Latency     3.36ms    1.09ms  12.98ms   72.26%
    Req/Sec     2.64k   410.85     5.22k    72.29%
  Latency Distribution (HdrHistogram - Recorded Latency)
 50.000%    3.42ms
 75.000%    4.11ms
 90.000%    4.55ms
 99.000%    5.68ms
 99.900%    9.50ms
 99.990%   11.05ms
 99.999%   12.59ms
100.000%   12.98ms

  Detailed Percentile spectrum:
       Value   Percentile   TotalCount 1/(1-Percentile)

       0.578     0.000000            1         1.00
       1.969     0.100000        49880         1.11
       2.501     0.200000        99767         1.25
       2.833     0.300000       149714         1.43
       3.129     0.400000       199608         1.67
       3.421     0.500000       249374         2.00
       3.567     0.550000       274316         2.22
       3.713     0.600000       299555         2.50
       3.849     0.650000       324292         2.86
       3.983     0.700000       349282         3.33
       4.111     0.750000       374071         4.00
       4.179     0.775000       387135         4.44
       4.243     0.800000       399276         5.00
       4.311     0.825000       411862         5.71
       4.383     0.850000       424109         6.67
       4.467     0.875000       436932         8.00
       4.507     0.887500       442709         8.89
       4.555     0.900000       449252        10.00
       4.603     0.912500       455160        11.43
       4.663     0.925000       461432        13.33
       4.731     0.937500       467753        16.00
       4.767     0.943750       470808        17.78
       4.807     0.950000       473854        20.00
       4.851     0.956250       476940        22.86
       4.907     0.962500       480167        26.67
       4.971     0.968750       483285        32.00
       5.007     0.971875       484786        35.56
       5.051     0.975000       486289        40.00
       5.103     0.978125       487931        45.71
       5.163     0.981250       489412        53.33
       5.251     0.984375       491006        64.00
       5.311     0.985938       491758        71.11
       5.403     0.987500       492531        80.00
       5.535     0.989062       493288        91.43
       5.843     0.990625       494068       106.67
       6.419     0.992188       494848       128.00
       6.711     0.992969       495239       142.22
       7.051     0.993750       495628       160.00
       7.391     0.994531       496016       182.86
       7.703     0.995313       496407       213.33
       8.019     0.996094       496800       256.00
       8.207     0.996484       496994       284.44
       8.367     0.996875       497191       320.00
       8.551     0.997266       497384       365.71
       8.727     0.997656       497578       426.67
       8.919     0.998047       497781       512.00
       8.999     0.998242       497868       568.89
       9.135     0.998437       497967       640.00
       9.247     0.998633       498066       731.43
       9.383     0.998828       498164       853.33
       9.527     0.999023       498265      1024.00
       9.599     0.999121       498308      1137.78
       9.703     0.999219       498356      1280.00
       9.783     0.999316       498403      1462.86
       9.911     0.999414       498454      1706.67
       9.999     0.999512       498502      2048.00
      10.087     0.999561       498528      2275.56
      10.143     0.999609       498551      2560.00
      10.223     0.999658       498575      2925.71
      10.343     0.999707       498597      3413.33
      10.487     0.999756       498624      4096.00
      10.543     0.999780       498634      4551.11
      10.599     0.999805       498647      5120.00
      10.655     0.999829       498658      5851.43
      10.791     0.999854       498670      6826.67
      10.975     0.999878       498683      8192.00
      11.015     0.999890       498689      9102.22
      11.047     0.999902       498695     10240.00
      11.127     0.999915       498701     11702.86
      11.343     0.999927       498707     13653.33
      11.559     0.999939       498713     16384.00
      11.615     0.999945       498716     18204.44
      11.671     0.999951       498719     20480.00
      11.759     0.999957       498722     23405.71
      11.831     0.999963       498725     27306.67
      11.871     0.999969       498728     32768.00
      11.935     0.999973       498730     36408.89
      12.071     0.999976       498731     40960.00
      12.135     0.999979       498733     46811.43
      12.239     0.999982       498734     54613.33
      12.335     0.999985       498736     65536.00
      12.415     0.999986       498737     72817.78
      12.415     0.999988       498737     81920.00
      12.591     0.999989       498738     93622.86
      12.615     0.999991       498739    109226.67
      12.639     0.999992       498740    131072.00
      12.639     0.999993       498740    145635.56
      12.639     0.999994       498740    163840.00
      12.767     0.999995       498741    187245.71
      12.767     0.999995       498741    218453.33
      12.903     0.999996       498742    262144.00
      12.903     0.999997       498742    291271.11
      12.903     0.999997       498742    327680.00
      12.903     0.999997       498742    374491.43
      12.903     0.999998       498742    436906.67
      12.983     0.999998       498743    524288.00
      12.983     1.000000       498743          inf
#[Mean    =        3.363, StdDeviation   =        1.086]
#[Max     =       12.976, Total count    =       498743]
#[Buckets =           27, SubBuckets     =         2048]
----------------------------------------------------------
  599419 requests in 1.00m, 97.18MB read
Requests/sec:   9990.18
Transfer/sec:      1.62MB
