Running 1m test @ http://erik-pc.local:8080/fruits
  4 threads and 100 connections
  Thread calibration: mean lat.: 2.088ms, rate sampling interval: 10ms
  Thread calibration: mean lat.: 2.050ms, rate sampling interval: 10ms
  Thread calibration: mean lat.: 2.073ms, rate sampling interval: 10ms
  Thread calibration: mean lat.: 2.094ms, rate sampling interval: 10ms
  Thread Stats   Avg      Stdev     Max   +/- Stdev
    Latency     2.15ms    1.22ms  18.94ms   90.04%
    Req/Sec     3.96k   532.49     7.44k    83.12%
  Latency Distribution (HdrHistogram - Recorded Latency)
 50.000%    1.96ms
 75.000%    2.43ms
 90.000%    2.95ms
 99.000%    7.89ms
 99.900%   12.46ms
 99.990%   15.45ms
 99.999%   17.84ms
100.000%   18.96ms

  Detailed Percentile spectrum:
       Value   Percentile   TotalCount 1/(1-Percentile)

       0.434     0.000000            1         1.00
       1.157     0.100000        74842         1.11
       1.420     0.200000       149668         1.25
       1.620     0.300000       224762         1.43
       1.792     0.400000       299327         1.67
       1.958     0.500000       374379         2.00
       2.041     0.550000       411643         2.22
       2.127     0.600000       449000         2.50
       2.219     0.650000       486547         2.86
       2.317     0.700000       523877         3.33
       2.427     0.750000       561573         4.00
       2.487     0.775000       579903         4.44
       2.555     0.800000       598577         5.00
       2.631     0.825000       617677         5.71
       2.717     0.850000       636175         6.67
       2.819     0.875000       654626         8.00
       2.881     0.887500       663974         8.89
       2.951     0.900000       673349        10.00
       3.037     0.912500       682769        11.43
       3.147     0.925000       692024        13.33
       3.309     0.937500       701373        16.00
       3.431     0.943750       706056        17.78
       3.611     0.950000       710742        20.00
       3.913     0.956250       715387        22.86
       4.463     0.962500       720074        26.67
       5.163     0.968750       724748        32.00
       5.483     0.971875       727087        35.56
       5.807     0.975000       729442        40.00
       6.131     0.978125       731750        45.71
       6.495     0.981250       734098        53.33
       6.895     0.984375       736436        64.00
       7.135     0.985938       737605        71.11
       7.391     0.987500       738766        80.00
       7.687     0.989062       739943        91.43
       8.031     0.990625       741101       106.67
       8.415     0.992188       742272       128.00
       8.647     0.992969       742865       142.22
       8.903     0.993750       743443       160.00
       9.183     0.994531       744029       182.86
       9.527     0.995313       744618       213.33
       9.911     0.996094       745194       256.00
      10.135     0.996484       745487       284.44
      10.375     0.996875       745777       320.00
      10.655     0.997266       746074       365.71
      10.935     0.997656       746361       426.67
      11.319     0.998047       746655       512.00
      11.519     0.998242       746808       568.89
      11.719     0.998437       746948       640.00
      11.951     0.998633       747094       731.43
      12.207     0.998828       747240       853.33
      12.519     0.999023       747384      1024.00
      12.663     0.999121       747458      1137.78
      12.855     0.999219       747533      1280.00
      13.023     0.999316       747603      1462.86
      13.247     0.999414       747678      1706.67
      13.455     0.999512       747750      2048.00
      13.575     0.999561       747786      2275.56
      13.767     0.999609       747823      2560.00
      13.935     0.999658       747859      2925.71
      14.175     0.999707       747895      3413.33
      14.431     0.999756       747932      4096.00
      14.535     0.999780       747950      4551.11
      14.703     0.999805       747968      5120.00
      14.855     0.999829       747987      5851.43
      14.967     0.999854       748005      6826.67
      15.151     0.999878       748023      8192.00
      15.335     0.999890       748032      9102.22
      15.479     0.999902       748041     10240.00
      15.727     0.999915       748051     11702.86
      15.855     0.999927       748061     13653.33
      15.999     0.999939       748069     16384.00
      16.191     0.999945       748073     18204.44
      16.287     0.999951       748078     20480.00
      16.607     0.999957       748083     23405.71
      16.671     0.999963       748087     27306.67
      16.911     0.999969       748092     32768.00
      17.071     0.999973       748094     36408.89
      17.199     0.999976       748096     40960.00
      17.263     0.999979       748099     46811.43
      17.455     0.999982       748101     54613.33
      17.551     0.999985       748103     65536.00
      17.599     0.999986       748104     72817.78
      17.663     0.999988       748105     81920.00
      17.839     0.999989       748107     93622.86
      18.239     0.999991       748108    109226.67
      18.255     0.999992       748109    131072.00
      18.255     0.999993       748109    145635.56
      18.303     0.999994       748110    163840.00
      18.463     0.999995       748111    187245.71
      18.463     0.999995       748111    218453.33
      18.655     0.999996       748112    262144.00
      18.655     0.999997       748112    291271.11
      18.655     0.999997       748112    327680.00
      18.799     0.999997       748113    374491.43
      18.799     0.999998       748113    436906.67
      18.799     0.999998       748113    524288.00
      18.799     0.999998       748113    582542.22
      18.799     0.999998       748113    655360.00
      18.959     0.999999       748114    748982.86
      18.959     1.000000       748114          inf
#[Mean    =        2.150, StdDeviation   =        1.221]
#[Max     =       18.944, Total count    =       748114]
#[Buckets =           27, SubBuckets     =         2048]
----------------------------------------------------------
  899113 requests in 1.00m, 145.77MB read
Requests/sec:  14985.33
Transfer/sec:      2.43MB
