  25660 1001      20   0 8927160 578220  53728 S   0.0   3.5  34:43.17 application
  25660 1001      20   0 8927160 578220  53728 S 365.0   3.5  34:46.82 application
  25660 1001      20   0 8927160 578220  53728 S 400.0   3.5  34:50.82 application
  25660 1001      20   0 8927160 578220  53728 S 396.0   3.5  34:54.82 application
  25660 1001      20   0 8927160 578220  53728 S 401.0   3.5  34:58.83 application
  25660 1001      20   0 8927160 578220  53728 S 400.0   3.5  35:02.83 application
  25660 1001      20   0 8927160 578220  53728 S 402.0   3.5  35:06.85 application
  25660 1001      20   0 8927160 578220  53728 S 401.0   3.5  35:10.86 application
  25660 1001      20   0 8927160 578220  53728 S 401.0   3.5  35:14.87 application
  25660 1001      20   0 8927160 578388  53728 S 400.0   3.5  35:18.87 application
  25660 1001      20   0 8927160 578388  53728 S 402.0   3.5  35:22.89 application
  25660 1001      20   0 8927160 578388  53728 S 400.0   3.5  35:26.89 application
  25660 1001      20   0 8927160 578388  53728 S 401.0   3.5  35:30.90 application
  25660 1001      20   0 8927160 578388  53728 S 398.0   3.5  35:34.92 application
  25660 1001      20   0 8927160 578388  53728 S 400.0   3.5  35:38.92 application
  25660 1001      20   0 8927160 578388  53728 S 401.0   3.5  35:42.93 application
  25660 1001      20   0 8927160 578388  53728 S 402.0   3.5  35:46.95 application
  25660 1001      20   0 8927160 578388  53728 S 399.0   3.5  35:50.94 application
  25660 1001      20   0 8927160 578648  53728 S 402.0   3.5  35:54.96 application
  25660 1001      20   0 8927160 578648  53728 S 403.0   3.5  35:58.99 application
  25660 1001      20   0 8927160 578648  53728 S 398.0   3.5  36:02.97 application
  25660 1001      20   0 8927160 578648  53728 S 403.0   3.5  36:07.00 application
  25660 1001      20   0 8927160 578648  53728 S 398.0   3.5  36:10.98 application
  25660 1001      20   0 8927160 578648  53728 S 399.0   3.5  36:15.01 application
  25660 1001      20   0 8927160 578648  53728 S 403.0   3.5  36:19.04 application
  25660 1001      20   0 8927160 578648  53728 S 399.0   3.5  36:23.03 application
  25660 1001      20   0 8927160 578648  53728 S 399.0   3.5  36:27.02 application
  25660 1001      20   0 8927160 578648  53728 S 402.0   3.5  36:31.04 application
  25660 1001      20   0 8927160 578648  53728 S 403.0   3.5  36:35.07 application
  25660 1001      20   0 8927160 578648  53728 S 399.0   3.5  36:39.06 application
  25660 1001      20   0 8927160 578648  53728 S 401.0   3.5  36:43.07 application
  25660 1001      20   0 8927160 578648  53728 S 405.0   3.5  36:47.12 application
  25660 1001      20   0 8927160 578648  53728 S 394.0   3.5  36:51.06 application
  25660 1001      20   0 8927160 578648  53728 S 398.0   3.5  36:55.08 application
  25660 1001      20   0 8927160 578648  53728 S 400.0   3.5  36:59.08 application
  25660 1001      20   0 8927160 578648  53728 S 407.0   3.5  37:03.15 application
  25660 1001      20   0 8927160 578648  53728 S 401.0   3.5  37:07.16 application
  25660 1001      20   0 8927160 578648  53728 S 398.0   3.5  37:11.14 application
  25660 1001      20   0 8927160 578648  53728 S 402.0   3.5  37:15.16 application
  25660 1001      20   0 8927160 578648  53728 S 399.0   3.5  37:19.15 application
  25660 1001      20   0 8927160 578648  53728 S 402.0   3.5  37:23.17 application
  25660 1001      20   0 8927160 578648  53728 S 398.0   3.5  37:27.15 application
  25660 1001      20   0 8927160 578648  53728 S 402.0   3.5  37:31.17 application
  25660 1001      20   0 8927160 578648  53728 S 396.0   3.5  37:35.17 application
  25660 1001      20   0 8927160 578648  53728 S 399.0   3.5  37:39.16 application
  25660 1001      20   0 8927160 578648  53728 S 401.0   3.5  37:43.17 application
  25660 1001      20   0 8927160 578648  53728 S 400.0   3.5  37:47.17 application
  25660 1001      20   0 8927160 578648  53728 S 400.0   3.5  37:51.17 application
  25660 1001      20   0 8927160 578648  53728 S 400.0   3.5  37:55.17 application
  25660 1001      20   0 8927