  25660 1001      20   0 3951276 344264  52444 S   0.0   2.1   3:29.87 application
  25660 1001      20   0 3951276 344264  52444 S 250.0   2.1   3:32.37 application
  25660 1001      20   0 3952300 345168  52564 S 366.0   2.1   3:36.03 application
  25660 1001      20   0 3961520 345696  52564 S 367.3   2.1   3:39.74 application
  25660 1001      20   0 3970740 346748  52564 S 370.0   2.1   3:43.44 application
  25660 1001      20   0 3970740 347012  52564 S 372.0   2.1   3:47.16 application
  25660 1001      20   0 3970740 347540  52564 S 373.0   2.1   3:50.89 application
  25660 1001      20   0 3971764 347804  52564 S 371.0   2.1   3:54.60 application
  25660 1001      20   0 3971764 348068  52564 S 370.0   2.1   3:58.30 application
  25660 1001      20   0 3971764 348596  52564 S 372.0   2.1   4:02.02 application
  25660 1001      20   0 3971764 348596  52564 S 371.0   2.1   4:05.73 application
  25660 1001      20   0 3972788 348596  52564 S 371.0   2.1   4:09.44 application
  25660 1001      20   0 3972788 348860  52564 S 371.0   2.1   4:13.15 application
  25660 1001      20   0 3972788 349388  52564 S 366.3   2.1   4:16.85 application
  25660 1001      20   0 3972788 349652  52564 S 370.0   2.1   4:20.55 application
  25660 1001      20   0 3973812 349916  52564 S 372.0   2.1   4:24.27 application
  25660 1001      20   0 3973812 350180  52564 S 371.0   2.1   4:27.98 application
  25660 1001      20   0 4129472 350180  52564 S 371.0   2.1   4:31.69 application
  25660 1001      20   0 4130496 351232  52564 S 370.0   2.2   4:35.39 application
  25660 1001      20   0 4130496 351496  52564 S 370.0   2.2   4:39.09 application
  25660 1001      20   0 4131520 351756  52564 S 372.0   2.2   4:42.81 application
  25660 1001      20   0 4131520 352284  52564 S 371.0   2.2   4:46.52 application
  25660 1001      20   0 4131520 352548  52564 S 370.0   2.2   4:50.22 application
  25660 1001      20   0 4132544 352548  52564 S 367.3   2.2   4:53.93 application
  25660 1001      20   0 4132544 352548  52564 S 371.0   2.2   4:57.64 application
  25660 1001      20   0 4206276 352812  52564 S 371.0   2.2   5:01.35 application
  25660 1001      20   0 4207300 353072  52564 S 372.0   2.2   5:05.07 application
  25660 1001      20   0 4207300 353336  52564 S 370.0   2.2   5:08.77 application
  25660 1001      20   0 4207300 353600  52564 S 372.0   2.2   5:12.49 application
  25660 1001      20   0 4207300 353600  52564 S 369.0   2.2   5:16.18 application
  25660 1001      20   0 4207300 353864  52564 S 371.0   2.2   5:19.89 application
  25660 1001      20   0 4208324 354392  52564 S 370.0   2.2   5:23.59 application
  25660 1001      20   0 4208324 354652  52564 S 372.0   2.2   5:27.31 application
  25660 1001      20   0 4208324 354916  52564 S 367.3   2.2   5:31.02 application
  25660 1001      20   0 4208324 355180  52564 S 372.0   2.2   5:34.74 application
  25660 1001      20   0 4208324 355180  52564 S 372.0   2.2   5:38.46 application
  25660 1001      20   0 4209348 355180  52564 S 371.0   2.2   5:42.17 application
  25660 1001      20   0 4209348 355180  52564 S 371.0   2.2   5:45.88 application
  25660 1001      20   0 4209348 355444  52564 S 371.0   2.2   5:49.59 application
  25660 1001      20   0 4209348 355444  52564 S 370.0   2.2   5:53.29 application
  25660 1001      20   0 4209348 355972  52564 S 373.0   2.2   5:57.02 application
  25660 1001      20   0 4210372 356236  52564 S 371.0   2.2   6:00.73 application
  25660 1001      20   0 4210372 356500  52564 S 370.0   2.2   6:04.43 application
  25660 1001      20   0 4210372 356764  52564 S 367.3   2.2   6:08.14 application
  25660 1001      20   0 4211396 357024  52564 S 372.0   2.2   6:11.86 application
  25660 1001      20   0 4211396 357024  52564 S 372.0   2.2   6:15.58 application
  25660 1001      20   0 4211396 357288  52564 S 370.0   2.2   6:19.28 application
  25660 1001      20   0 4211396 358080  52564 S 372.0   2.2   6:23.00 application
  25660 1001      20   0 4212420 358344  52564 S 370.0   2.2   6:26.70 application
  25660 1001      20   0 4212