  23540 1001      20   0 1544616 574972  48192 S   0.0   3.5  32:58.38 application
  23540 1001      20   0 1544616 574972  48192 S 389.0   3.5  33:02.27 application
  23540 1001      20   0 1544616 574972  48192 S 400.0   3.5  33:06.27 application
  23540 1001      20   0 1544616 574972  48192 S 397.0   3.5  33:10.28 application
  23540 1001      20   0 1544616 574972  48192 S 401.0   3.5  33:14.29 application
  23540 1001      20   0 1544616 574972  48192 S 401.0   3.5  33:18.30 application
  23540 1001      20   0 1544616 574972  48192 S 400.0   3.5  33:22.30 application
  23540 1001      20   0 1544616 574972  48192 S 401.0   3.5  33:26.31 application
  23540 1001      20   0 1544616 574972  48192 S 401.0   3.5  33:30.32 application
  23540 1001      20   0 1544616 574972  48192 S 400.0   3.5  33:34.32 application
  23540 1001      20   0 1544616 574972  48192 S 401.0   3.5  33:38.33 application
  23540 1001      20   0 1544616 574972  48192 S 401.0   3.5  33:42.34 application
  23540 1001      20   0 1544616 574972  48192 S 397.0   3.5  33:46.35 application
  23540 1001      20   0 1545640 575500  48192 S 400.0   3.5  33:50.35 application
  23540 1001      20   0 1544616 575212  48192 S 401.0   3.5  33:54.36 application
  23540 1001      20   0 1544616 575212  48192 S 400.0   3.5  33:58.36 application
  23540 1001      20   0 1544616 575212  48192 S 401.0   3.5  34:02.37 application
  23540 1001      20   0 1544616 575212  48192 S 401.0   3.5  34:06.38 application
  23540 1001      20   0 1544616 575212  48192 S 400.0   3.5  34:10.38 application
  23540 1001      20   0 1544616 575212  48192 S 402.0   3.5  34:14.40 application
  23540 1001      20   0 1544616 575212  48192 S 398.0   3.5  34:18.38 application
  23540 1001      20   0 1544616 575212  48192 S 402.0   3.5  34:22.40 application
  23540 1001      20   0 1544616 575212  48192 S 401.0   3.5  34:26.41 application
  23540 1001      20   0 1544616 575212  48192 S 397.0   3.5  34:30.42 application
  23540 1001      20   0 1544616 575212  48192 S 401.0   3.5  34:34.43 application
  23540 1001      20   0 1544616 575212  48192 S 401.0   3.5  34:38.44 application
  23540 1001      20   0 1544616 575212  48192 S 400.0   3.5  34:42.44 application
  23540 1001      20   0 1544616 575212  48192 S 401.0   3.5  34:46.45 application
  23540 1001      20   0 1544616 575212  48192 S 400.0   3.5  34:50.45 application
  23540 1001      20   0 1544616 575212  48192 S 400.0   3.5  34:54.45 application
  23540 1001      20   0 1544616 575212  48192 S 402.0   3.5  34:58.47 application
  23540 1001      20   0 1544616 575212  48192 S 398.0   3.5  35:02.45 application
  23540 1001      20   0 1544616 575212  48192 S 403.0   3.5  35:06.48 application
  23540 1001      20   0 1544616 575212  48192 S 396.0   3.5  35:10.48 application
  23540 1001      20   0 1544616 575212  48192 S 401.0   3.5  35:14.49 application
  23540 1001      20   0 1544616 575212  48192 S 402.0   3.5  35:18.51 application
  23540 1001      20   0 1544616 575212  48192 S 400.0   3.5  35:22.51 application
  23540 1001      20   0 1544616 575212  48192 S 402.0   3.5  35:26.53 application
  23540 1001      20   0 1544616 575212  48192 S 398.0   3.5  35:30.51 application
  23540 1001      20   0 1544616 575212  48192 S 401.0   3.5  35:34.52 application
  23540 1001      20   0 1544616 575212  48192 S 399.0   3.5  35:38.51 application
  23540 1001      20   0 1544616 575212  48192 S 402.0   3.5  35:42.53 application
  23540 1001      20   0 1544616 575212  48192 S 396.0   3.5  35:46.53 application
  23540 1001      20   0 1544616 575212  48192 S 403.0   3.5  35:50.56 application
  23540 1001      20   0 1544616 575212  48192 S 399.0   3.5  35:54.55 application
  23540 1001      20   0 1544616 575212  48192 S 402.0   3.5  35:58.57 application
  23540 1001      20   0 1544616 575212  48192 S 400.0   3.5  36:02.57 application
  23540 1001      20   0 1544616 575212  48192 S 399.0   3.5  36:06.56 application
  23540 1001      20   0 1544616 575212  48192 S 401.0   3.5  36:10.57 application
  23540 1001      20   0 1544