  25660 1001      20   0 8927160 578648  53728 S 113.3   3.5  38:43.36 application
  25660 1001      20   0 8927160 578648  53728 S 403.0   3.5  38:47.39 application
  25660 1001      20   0 8927160 578648  53728 S 400.0   3.5  38:51.39 application
  25660 1001      20   0 8927160 578648  53728 S 399.0   3.5  38:55.38 application
  25660 1001      20   0 8927160 578648  53728 S 400.0   3.5  38:59.38 application
  25660 1001      20   0 8927160 578648  53728 S 397.0   3.5  39:03.39 application
  25660 1001      20   0 8927160 578648  53728 S 401.0   3.5  39:07.40 application
  25660 1001      20   0 8927160 578648  53728 S 401.0   3.5  39:11.41 application
  25660 1001      20   0 8927160 578648  53728 S 398.0   3.5  39:15.39 application
  25660 1001      20   0 8927160 578648  53728 S 405.0   3.5  39:19.44 application
  25660 1001      20   0 8927160 578648  53728 S 400.0   3.5  39:23.44 application
  25660 1001      20   0 8927160 578648  53728 S 401.0   3.5  39:27.45 application
  25660 1001      20   0 8927160 578648  53728 S 401.0   3.5  39:31.46 application
  25660 1001      20   0 8927160 578648  53728 S 398.0   3.5  39:35.44 application
  25660 1001      20   0 8927160 578648  53728 S 404.0   3.5  39:39.48 application
  25660 1001      20   0 8927160 578648  53728 S 396.0   3.5  39:43.48 application
  25660 1001      20   0 8927160 578648  53728 S 401.0   3.5  39:47.49 application
  25660 1001      20   0 8927160 578648  53728 S 401.0   3.5  39:51.50 application
  25660 1001      20   0 8927160 578648  53728 S 402.0   3.5  39:55.52 application
  25660 1001      20   0 8927160 578648  53728 S 397.0   3.5  39:59.49 application
  25660 1001      20   0 8927160 578648  53728 S 405.0   3.5  40:03.54 application
  25660 1001      20   0 8927160 578648  53728 S 399.0   3.5  40:07.53 application
  25660 1001      20   0 8927160 578648  53728 S 399.0   3.5  40:11.52 application
  25660 1001      20   0 8927160 578648  53728 S 401.0   3.5  40:15.53 application
  25660 1001      20   0 8927160 578648  53728 S 405.0   3.5  40:19.58 application
  25660 1001      20   0 8927160 578648  53728 S 389.1   3.5  40:23.51 application
  25660 1001      20   0 8927160 578648  53728 S 408.0   3.5  40:27.59 application
  25660 1001      20   0 8927160 578648  53728 S 402.0   3.5  40:31.61 application
  25660 1001      20   0 8927160 578648  53728 S 401.0   3.5  40:35.62 application
  25660 1001      20   0 8927160 578648  53728 S 399.0   3.5  40:39.61 application
  25660 1001      20   0 8927160 578648  53728 S 398.0   3.5  40:43.59 application
  25660 1001      20   0 8927160 578648  53728 S 405.0   3.5  40:47.64 application
  25660 1001      20   0 8927160 578648  53728 S 403.0   3.5  40:51.67 application
  25660 1001      20   0 8927160 578648  53728 S 400.0   3.5  40:55.67 application
  25660 1001      20   0 8927160 578648  53728 S 397.0   3.5  40:59.64 application
  25660 1001      20   0 8927160 578648  53728 S 393.1   3.5  41:03.61 application
  25660 1001      20   0 8927160 578648  53728 S 408.0   3.5  41:07.69 application
  25660 1001      20   0 8927160 578648  53728 S 403.0   3.5  41:11.72 application
  25660 1001      20   0 8927160 578648  53728 S 398.0   3.5  41:15.70 application
  25660 1001      20   0 8927160 578648  53728 S 404.0   3.5  41:19.74 application
  25660 1001      20   0 8927160 578648  53728 S 397.0   3.5  41:23.71 application
  25660 1001      20   0 8927160 578648  53728 S 404.0   3.5  41:27.75 application
  25660 1001      20   0 8927160 578648  53728 S 400.0   3.5  41:31.75 application
  25660 1001      20   0 8927160 578648  53728 S 394.0   3.5  41:35.69 application
  25660 1001      20   0 8927160 578648  53728 S 405.0   3.5  41:39.74 application
  25660 1001      20   0 8927160 578648  53728 S 397.0   3.5  41:43.75 application
  25660 1001      20   0 8927160 578648  53728 S 400.0   3.5  41:47.75 application
  25660 1001      20   0 8927160 578648  53728 S 399.0   3.5  41:51.74 application
  25660 1001      20   0 8927160 578648  53728 S 400.0   3.5  41:55.74 application
  25660 1001      20   0 8927