  25660 1001      20   0 7767936 447812  52636 S   0.0   2.7  18:43.42 application
  25660 1001      20   0 7768960 448864  52636 S 377.0   2.8  18:47.19 application
  25660 1001      20   0 7768960 449128  52636 S 401.0   2.8  18:51.20 application
  25660 1001      20   0 7768960 449392  52636 S 396.0   2.8  18:55.20 application
  25660 1001      20   0 7769984 449916  52636 S 402.0   2.8  18:59.22 application
  25660 1001      20   0 7769984 450444  52636 S 400.0   2.8  19:03.22 application
  25660 1001      20   0 7771008 450972  52636 S 402.0   2.8  19:07.24 application
  25660 1001      20   0 7772032 451764  52636 S 401.0   2.8  19:11.25 application
  25660 1001      20   0 7772032 452352  52700 S 401.0   2.8  19:15.26 application
  25660 1001      20   0 7773056 452616  52700 S 401.0   2.8  19:19.27 application
  25660 1001      20   0 7773056 453144  52700 S 401.0   2.8  19:23.28 application
  25660 1001      20   0 7773056 453668  52700 S 402.0   2.8  19:27.30 application
  25660 1001      20   0 7774080 454460  52700 S 400.0   2.8  19:31.30 application
  25660 1001      20   0 7774080 454724  52700 S 396.0   2.8  19:35.30 application
  25660 1001      20   0 7775104 455516  52700 S 401.0   2.8  19:39.31 application
  25660 1001      20   0 7776128 456568  52700 S 401.0   2.8  19:43.32 application
  25660 1001      20   0 7777152 457096  52700 S 402.0   2.8  19:47.34 application
  25660 1001      20   0 7777152 457620  52700 S 401.0   2.8  19:51.35 application
  25660 1001      20   0 7778176 458144  52700 S 400.0   2.8  19:55.35 application
  25660 1001      20   0 7778176 458404  52700 S 404.0   2.8  19:59.39 application
  25660 1001      20   0 7779200 459456  52700 S 399.0   2.8  20:03.38 application
  25660 1001      20   0 7780224 459720  52700 S 402.0   2.8  20:07.40 application
  25660 1001      20   0 7773052 461104  52700 S 401.0   2.8  20:11.41 application
  25660 1001      20   0 7764856 461568  52700 S 399.0   2.8  20:15.44 application
  25660 1001      20   0 7766904 463672  52700 S 401.0   2.8  20:19.45 application
  25660 1001      20   0 7766904 464460  52700 S 395.0   2.8  20:23.40 application
  25660 1001      20   0 7767928 464988  52700 S 407.0   2.9  20:27.47 application
  25660 1001      20   0 7768952 465516  52700 S 397.0   2.9  20:31.44 application
  25660 1001      20   0 7768952 466044  52700 S 402.0   2.9  20:35.46 application
  25660 1001      20   0 7768952 466568  52700 S 403.0   2.9  20:39.49 application
  25660 1001      20   0 8601516 471584  52700 S 392.0   2.9  20:43.41 application
  25660 1001      20   0 8602540 471848  52700 S 409.0   2.9  20:47.50 application
  25660 1001      20   0 8602540 472108  52700 S 399.0   2.9  20:51.49 application
  25660 1001      20   0 8603564 472636  52700 S 394.1   2.9  20:55.47 application
  25660 1001      20   0 8603564 473156  52700 S 404.0   2.9  20:59.51 application
  25660 1001      20   0 8604588 473680  52700 S 407.0   2.9  21:03.58 application
  25660 1001      20   0 8604588 473680  52700 S 397.0   2.9  21:07.55 application
  25660 1001      20   0 8605612 474208  52700 S 400.0   2.9  21:11.55 application
  25660 1001      20   0 8605612 474736  52700 S 401.0   2.9  21:15.56 application
  25660 1001      20   0 8606636 475792  52700 S 398.0   2.9  21:19.54 application
  25660 1001      20   0 8606636 476576  52700 S 403.0   2.9  21:23.57 application
  25660 1001      20   0 8607660 477368  52700 S 398.0   2.9  21:27.55 application
  25660 1001      20   0 8608684 477892  52700 S 403.0   2.9  21:31.58 application
  25660 1001      20   0 8609708 478680  52700 S 397.0   2.9  21:35.59 application
  25660 1001      20   0 8609708 479472  52700 S 400.0   2.9  21:39.59 application
  25660 1001      20   0 8610732 480000  52700 S 401.0   2.9  21:43.60 application
  25660 1001      20   0 8610732 480524  52700 S 399.0   2.9  21:47.59 application
  25660 1001      20   0 8610732 480788  52700 S 400.0   2.9  21:51.59 application
  25660 1001      20   0 8611756 481052  52700 S 400.0   2.9  21:55.59 application
  25660 1001      20   0 8612