  23540 1001      20   0 1054120  71040  45984 S  80.0   0.4   0:00.18 application
  23540 1001      20   0 1290664 312020  46212 S 174.0   1.9   0:01.92 application
  23540 1001      20   0 1290664 315188  46212 S 154.0   1.9   0:03.46 application
  23540 1001      20   0 1290664 317300  46212 S 156.0   1.9   0:05.02 application
  23540 1001      20   0 1290664 318092  46212 S 153.0   2.0   0:06.55 application
  23540 1001      20   0 1290664 318356  46212 S 152.0   2.0   0:08.07 application
  23540 1001      20   0 1290664 318620  46212 S 150.5   2.0   0:09.59 application
  23540 1001      20   0 1290664 319004  46340 S 153.0   2.0   0:11.12 application
  23540 1001      20   0 1290664 319004  46340 S 150.0   2.0   0:12.62 application
  23540 1001      20   0 1291688 319328  46404 S 152.0   2.0   0:14.14 application
  23540 1001      20   0 1291688 319328  46404 S 152.0   2.0   0:15.66 application
  23540 1001      20   0 1291688 319652  46468 S 153.0   2.0   0:17.19 application
  23540 1001      20   0 1291688 319652  46468 S 154.0   2.0   0:18.73 application
  23540 1001      20   0 1291688 319652  46468 S 154.0   2.0   0:20.27 application
  23540 1001      20   0 1291688 319916  46468 S 153.0   2.0   0:21.80 application
  23540 1001      20   0 1291688 319916  46468 S 151.5   2.0   0:23.33 application
  23540 1001      20   0 1291688 319916  46468 S 155.0   2.0   0:24.88 application
  23540 1001      20   0 1291688 319916  46468 S 152.0   2.0   0:26.40 application
  23540 1001      20   0 1291688 320180  46468 S 158.0   2.0   0:27.98 application
  23540 1001      20   0 1292712 320444  46468 S 154.0   2.0   0:29.52 application
  23540 1001      20   0 1292712 320444  46468 S 155.0   2.0   0:31.07 application
  23540 1001      20   0 1292712 320444  46468 S 155.0   2.0   0:32.62 application
  23540 1001      20   0 1292712 320444  46468 S 155.0   2.0   0:34.17 application
  23540 1001      20   0 1292712 320768  46532 S 161.0   2.0   0:35.78 application
  23540 1001      20   0 1292712 321032  46532 S 158.0   2.0   0:37.36 application
  23540 1001      20   0 1292712 321296  46532 S 156.0   2.0   0:38.92 application
  23540 1001      20   0 1292712 321680  46660 S 155.4   2.0   0:40.49 application
  23540 1001      20   0 1292712 321680  46660 S 157.0   2.0   0:42.06 application
  23540 1001      20   0 1293736 321680  46660 S 154.0   2.0   0:43.60 application
  23540 1001      20   0 1293736 321680  46660 S 155.0   2.0   0:45.15 application
  23540 1001      20   0 1293736 321944  46660 S 155.0   2.0   0:46.70 application
  23540 1001      20   0 1293736 321944  46660 S 155.0   2.0   0:48.25 application
  23540 1001      20   0 1293736 321944  46660 S 153.0   2.0   0:49.78 application
  23540 1001      20   0 1293736 322208  46660 S 154.0   2.0   0:51.32 application
  23540 1001      20   0 1293736 322208  46660 S 153.0   2.0   0:52.85 application
  23540 1001      20   0 1293736 322532  46724 S 156.0   2.0   0:54.41 application
  23540 1001      20   0 1293736 322532  46724 S 153.5   2.0   0:55.96 application
  23540 1001      20   0 1294760 322796  46724 S 157.0   2.0   0:57.53 application
  23540 1001      20   0 1294760 322796  46724 S 154.0   2.0   0:59.07 application
  23540 1001      20   0 1294760 323060  46724 S 153.0   2.0   1:00.60 application
  23540 1001      20   0 1294760 323060  46724 S 156.0   2.0   1:02.16 application
  23540 1001      20   0 1294760 323060  46724 S 151.0   2.0   1:03.67 application
  23540 1001      20   0 1294760 323060  46724 S 156.0   2.0   1:05.23 application
  23540 1001      20   0 1294760 323324  46724 S 154.0   2.0   1:06.77 application
  23540 1001      20   0 1295784 323648  46788 S 155.0   2.0   1:08.32 application
  23540 1001      20   0 1295784 323648  46788 S 153.5   2.0   1:09.87 application
  23540 1001      20   0 1295784 323648  46788 S 152.0   2.0   1:11.39 application
  23540 1001      20   0 1295784 323912  46788 S 153.0   2.0   1:12.92 application
  23540 1001      20   0 1295784 324176  46788 S 152.0   2.0   1:14.44 application
  23540 1001      20   0 1295