  24181 1001      20   0 7959388 518616  52276 S   0.0   3.2  26:06.63 application
  24181 1001      20   0 7952216 519664  52276 S 390.0   3.2  26:10.53 application
  24181 1001      20   0 7952216 519928  52276 S 400.0   3.2  26:14.53 application
  24181 1001      20   0 7953240 520720  52276 S 396.0   3.2  26:18.53 application
  24181 1001      20   0 7954264 521512  52276 S 402.0   3.2  26:22.55 application
  24181 1001      20   0 7955288 522304  52276 S 402.0   3.2  26:26.57 application
  24181 1001      20   0 7955288 522832  52276 S 400.0   3.2  26:30.57 application
  24181 1001      20   0 7955288 523360  52276 S 402.0   3.2  26:34.59 application
  24181 1001      20   0 7956312 523948  52276 S 401.0   3.2  26:38.60 application
  24181 1001      20   0 7957336 524740  52276 S 400.0   3.2  26:42.60 application
  24181 1001      20   0 8010608 527644  52276 S 402.0   3.2  26:46.62 application
  24181 1001      20   0 8010608 528964  52276 S 400.0   3.2  26:50.62 application
  24181 1001      20   0 8019828 529492  52276 S 398.0   3.2  26:54.64 application
  24181 1001      20   0 8053636 530544  52276 S 401.0   3.3  26:58.65 application
  24181 1001      20   0 8369052 535296  52276 S 400.0   3.3  27:02.65 application
  24181 1001      20   0 8370076 535560  52276 S 400.0   3.3  27:06.65 application
  24181 1001      20   0 8370076 536088  52276 S 401.0   3.3  27:10.66 application
  24181 1001      20   0 8371100 536880  52276 S 401.0   3.3  27:14.67 application
  24181 1001      20   0 8372124 537672  52276 S 399.0   3.3  27:18.66 application
  24181 1001      20   0 8372124 538196  52276 S 403.0   3.3  27:22.69 application
  24181 1001      20   0 8815540 538460  52276 S 402.0   3.3  27:26.71 application
  24181 1001      20   0 8817588 541628  52276 S 399.0   3.3  27:30.70 application
  24181 1001      20   0 8818612 542156  52276 S 403.0   3.3  27:34.73 application
  24181 1001      20   0 8819636 542420  52276 S 396.0   3.3  27:38.73 application
  24181 1001      20   0 8819636 542944  52276 S 404.0   3.3  27:42.77 application
  24181 1001      20   0 8820660 543468  52276 S 399.0   3.3  27:46.76 application
  24181 1001      20   0 8821684 543996  52276 S 402.0   3.3  27:50.78 application
  24181 1001      20   0 8821684 544524  52276 S 401.0   3.3  27:54.79 application
  24181 1001      20   0 8822708 545048  52276 S 403.0   3.3  27:58.82 application
  24181 1001      20   0 8822708 545312  52276 S 400.0   3.3  28:02.82 application
  24181 1001      20   0 8824756 546100  52276 S 400.0   3.3  28:06.82 application
  24181 1001      20   0 8824756 547948  52276 S 401.0   3.4  28:10.83 application
  24181 1001      20   0 8824756 548212  52276 S 401.0   3.4  28:14.84 application
  24181 1001      20   0 8824756 548212  52276 S 392.1   3.4  28:18.80 application
  24181 1001      20   0 8825780 548212  52276 S 407.0   3.4  28:22.87 application
  24181 1001      20   0 8825780 548476  52276 S 398.0   3.4  28:26.85 application
  24181 1001      20   0 8826804 549004  52276 S 399.0   3.4  28:30.84 application
  24181 1001      20   0 8826804 549532  52276 S 403.0   3.4  28:34.87 application
  24181 1001      20   0 8827828 550056  52276 S 402.0   3.4  28:38.89 application
  24181 1001      20   0 8827828 550320  52276 S 402.0   3.4  28:42.91 application
  24181 1001      20   0 8828852 550848  52276 S 400.0   3.4  28:46.91 application
  24181 1001      20   0 8828852 551376  52276 S 400.0   3.4  28:50.91 application
  24181 1001      20   0 8829876 551640  52276 S 392.1   3.4  28:54.87 application
  24181 1001      20   0 8830900 552432  52276 S 404.0   3.4  28:58.91 application
  24181 1001      20   0 8830900 552692  52276 S 398.0   3.4  29:02.89 application
  24181 1001      20   0 8830900 552956  52276 S 402.0   3.4  29:06.91 application
  24181 1001      20   0 8831924 553480  52276 S 400.0   3.4  29:10.91 application
  24181 1001      20   0 8832948 554004  52276 S 400.0   3.4  29:14.91 application
  24181 1001      20   0 8832948 554532  52276 S 400.0   3.4  29:18.91 application
  24181 1001      20   0 8833