  24974 1001      20   0 1294760 323068  46380 S  40.0   2.0   1:31.17 application
  24974 1001      20   0 1295784 323596  46380 S 150.0   2.0   1:32.67 application
  24974 1001      20   0 1295784 323596  46380 S 151.0   2.0   1:34.18 application
  24974 1001      20   0 1295784 323860  46380 S 152.0   2.0   1:35.70 application
  24974 1001      20   0 1295784 323860  46380 S 151.0   2.0   1:37.21 application
  24974 1001      20   0 1295784 323860  46380 S 153.0   2.0   1:38.74 application
  24974 1001      20   0 1295784 323860  46380 S 148.5   2.0   1:40.24 application
  24974 1001      20   0 1295784 324124  46380 S 151.0   2.0   1:41.75 application
  24974 1001      20   0 1295784 324124  46380 S 150.0   2.0   1:43.25 application
  24974 1001      20   0 1296808 324124  46380 S 148.0   2.0   1:44.73 application
  24974 1001      20   0 1296808 324388  46380 S 149.0   2.0   1:46.22 application
  24974 1001      20   0 1296808 324388  46380 S 148.0   2.0   1:47.70 application
  24974 1001      20   0 1296808 324652  46380 S 149.0   2.0   1:49.19 application
  24974 1001      20   0 1296808 324652  46380 S 155.0   2.0   1:50.74 application
  24974 1001      20   0 1296808 324916  46380 S 151.0   2.0   1:52.25 application
  24974 1001      20   0 1296808 325180  46380 S 152.0   2.0   1:53.77 application
  24974 1001      20   0 1296808 325180  46380 S 145.5   2.0   1:55.24 application
  24974 1001      20   0 1296808 325180  46380 S 152.0   2.0   1:56.76 application
  24974 1001      20   0 1296808 325180  46380 S 151.0   2.0   1:58.27 application
  24974 1001      20   0 1296808 325444  46380 S 150.0   2.0   1:59.77 application
  24974 1001      20   0 1296808 325444  46380 S 150.0   2.0   2:01.27 application
  24974 1001      20   0 1297832 325444  46380 S 152.0   2.0   2:02.79 application
  24974 1001      20   0 1297832 325444  46380 S 151.0   2.0   2:04.30 application
  24974 1001      20   0 1297832 325708  46380 S 151.0   2.0   2:05.81 application
  24974 1001      20   0 1297832 325708  46380 S 150.0   2.0   2:07.31 application
  24974 1001      20   0 1297832 325972  46380 S 148.0   2.0   2:08.79 application
  24974 1001      20   0 1297832 325972  46380 S 152.5   2.0   2:10.33 application
  24974 1001      20   0 1297832 325972  46380 S 152.0   2.0   2:11.85 application
  24974 1001      20   0 1297832 325972  46380 S 148.0   2.0   2:13.33 application
  24974 1001      20   0 1297832 325972  46380 S 151.0   2.0   2:14.84 application
  24974 1001      20   0 1297832 325972  46380 S 148.0   2.0   2:16.32 application
  24974 1001      20   0 1297832 326292  46440 S 149.0   2.0   2:17.81 application
  24974 1001      20   0 1297832 326556  46440 S 150.0   2.0   2:19.31 application
  24974 1001      20   0 1298856 326556  46440 S 153.0   2.0   2:20.84 application
  24974 1001      20   0 1298856 326556  46440 S 153.0   2.0   2:22.37 application
  24974 1001      20   0 1298856 326820  46440 S 153.0   2.0   2:23.90 application
  24974 1001      20   0 1298856 326820  46440 S 148.5   2.0   2:25.40 application
  24974 1001      20   0 1298856 326820  46440 S 152.0   2.0   2:26.92 application
  24974 1001      20   0 1298856 326820  46440 S 150.0   2.0   2:28.42 application
  24974 1001      20   0 1298856 326820  46440 S 149.0   2.0   2:29.91 application
  24974 1001      20   0 1298856 326820  46440 S 154.0   2.0   2:31.45 application
  24974 1001      20   0 1299880 327348  46440 S 153.0   2.0   2:32.98 application
  24974 1001      20   0 1299880 327876  46440 S 150.0   2.0   2:34.48 application
  24974 1001      20   0 1299880 328140  46440 S 152.0   2.0   2:36.00 application
  24974 1001      20   0 1299880 328140  46440 S 150.0   2.0   2:37.50 application
  24974 1001      20   0 1299880 328404  46440 S 151.5   2.0   2:39.03 application
  24974 1001      20   0 1299880 328404  46440 S 149.0   2.0   2:40.52 application
  24974 1001      20   0 1299880 328404  46440 S 150.0   2.0   2:42.02 application
  24974 1001      20   0 1299880 328404  46440 S 150.0   2.0   2:43.52 application
  24974 1001      20   0 1299