   5648 root      20   0 9220604 397668  29160 S   0.0   2.4  14:40.87 java
   5648 root      20   0 9220604 397688  29160 S 202.0   2.4  14:42.89 java
   5648 root      20   0 9220604 397688  29160 S 222.0   2.4  14:45.11 java
   5648 root      20   0 9220604 397688  29160 S 224.0   2.4  14:47.35 java
   5648 root      20   0 9220604 397688  29160 S 228.0   2.4  14:49.63 java
   5648 root      20   0 9220604 397688  29160 S 223.0   2.4  14:51.86 java
   5648 root      20   0 9220604 397956  29160 S 221.8   2.4  14:54.10 java
   5648 root      20   0 9220604 397956  29160 S 227.0   2.4  14:56.37 java
   5648 root      20   0 9220604 397956  29160 S 226.0   2.4  14:58.63 java
   5648 root      20   0 9220604 397956  29160 S 224.0   2.4  15:00.87 java
   5648 root      20   0 9220604 397956  29160 S 222.0   2.4  15:03.09 java
   5648 root      20   0 9220604 397956  29160 S 224.0   2.4  15:05.33 java
   5648 root      20   0 9220604 397956  29160 S 228.0   2.4  15:07.61 java
   5648 root      20   0 9220604 397956  29160 S 226.0   2.4  15:09.87 java
   5648 root      20   0 9220604 397956  29160 S 225.7   2.4  15:12.15 java
   5648 root      20   0 9220604 397956  29160 S 231.0   2.4  15:14.46 java
   5648 root      20   0 9220604 397956  29160 S 231.0   2.4  15:16.77 java
   5648 root      20   0 9220604 397956  29160 S 233.0   2.4  15:19.10 java
   5648 root      20   0 9220604 397956  29160 S 231.0   2.4  15:21.41 java
   5648 root      20   0 9220604 398096  29160 S 240.0   2.4  15:23.81 java
   5648 root      20   0 9220604 398096  29160 S 227.0   2.4  15:26.08 java
   5648 root      20   0 9220604 398096  29160 S 232.0   2.4  15:28.40 java
   5648 root      20   0 9220604 398096  29160 S 227.0   2.4  15:30.67 java
   5648 root      20   0 9220604 398096  29160 S 239.6   2.4  15:33.09 java
   5648 root      20   0 9220604 398096  29160 S 233.0   2.4  15:35.42 java
   5648 root      20   0 9220604 398096  29160 S 219.0   2.4  15:37.61 java
   5648 root      20   0 9220604 398096  29160 S 231.0   2.4  15:39.92 java
   5648 root      20   0 9220604 398096  29160 S 228.0   2.4  15:42.20 java
   5648 root      20   0 9220604 398096  29160 S 224.0   2.4  15:44.44 java
   5648 root      20   0 9220604 398096  29160 S 227.0   2.4  15:46.71 java
   5648 root      20   0 9220604 398096  29160 S 223.0   2.4  15:48.94 java
   5648 root      20   0 9220604 398096  29160 S 228.0   2.4  15:51.22 java
   5648 root      20   0 9220604 398096  29160 S 234.0   2.4  15:53.56 java
   5648 root      20   0 9220604 398096  29160 S 227.7   2.4  15:55.86 java
   5648 root      20   0 9220604 398096  29160 S 219.0   2.4  15:58.05 java
   5648 root      20   0 9220604 398096  29160 S 224.0   2.4  16:00.29 java
   5648 root      20   0 9220604 398096  29160 S 226.0   2.4  16:02.55 java
   5648 root      20   0 9220604 398096  29160 S 223.0   2.4  16:04.78 java
   5648 root      20   0 9220604 398096  29160 S 221.0   2.4  16:06.99 java
   5648 root      20   0 9220604 398096  29160 S 224.0   2.4  16:09.23 java
   5648 root      20   0 9220604 398096  29160 S 227.0   2.4  16:11.50 java
   5648 root      20   0 9220604 398096  29160 S 220.0   2.4  16:13.70 java
   5648 root      20   0 9220604 398096  29160 S 227.7   2.4  16:16.00 java
   5648 root      20   0 9220604 398096  29160 S 234.0   2.4  16:18.34 java
   5648 root      20   0 9220604 398096  29160 S 237.0   2.4  16:20.71 java
   5648 root      20   0 9220604 398096  29160 S 231.0   2.4  16:23.02 java
   5648 root      20   0 9220604 398096  29160 S 217.0   2.4  16:25.19 java
   5648 root      20   0 9220604 398096  29160 S 222.0   2.4  16:27.41 java
   5648 root      20   0 9220604 398096  29160 S 225.0   2.4  16:29.66 java
   5648 root      20   0 9220604 398096  29160 S 218.0   2.4  16:31.84 java
   5648 root      20   0 9220604 398096  29160 S 222.0   2.4  16:34.06 java
   5648 root      20   0 9220604 398096  29160 S 227.7   2.4  16:36.36 java
   5648 root      20   0 9220604 398096  29160 S 231.0   2.4  16:38.67 java
   5648 root      20   0 9220604 398096  29160 S 232.0   2.4  16:40.