   5648 root      20   0 9220604 594772  29160 S 446.7   3.6  68:14.29 java
   5648 root      20   0 9220604 594772  29160 S 399.0   3.6  68:18.28 java
   5648 root      20   0 9220604 594772  29160 S 401.0   3.6  68:22.29 java
   5648 root      20   0 9220604 594772  29160 S 396.0   3.6  68:26.29 java
   5648 root      20   0 9220604 594772  29160 S 400.0   3.6  68:30.29 java
   5648 root      20   0 9220604 595292  29160 S 399.0   3.7  68:34.28 java
   5648 root      20   0 9220604 595292  29160 S 401.0   3.7  68:38.29 java
   5648 root      20   0 9220604 595292  29160 S 399.0   3.7  68:42.28 java
   5648 root      20   0 9220604 595292  29160 S 401.0   3.7  68:46.29 java
   5648 root      20   0 9220604 595292  29160 S 400.0   3.7  68:50.29 java
   5648 root      20   0 9220604 595292  29160 S 400.0   3.7  68:54.29 java
   5648 root      20   0 9220604 595292  29160 S 396.0   3.7  68:58.29 java
   5648 root      20   0 9220604 595292  29160 S 400.0   3.7  69:02.29 java
   5648 root      20   0 9220604 595292  29160 S 399.0   3.7  69:06.28 java
   5648 root      20   0 9220604 595292  29160 S 401.0   3.7  69:10.29 java
   5648 root      20   0 9220604 595292  29160 S 400.0   3.7  69:14.29 java
   5648 root      20   0 9220604 595292  29160 S 400.0   3.7  69:18.29 java
   5648 root      20   0 9220604 595292  29160 S 399.0   3.7  69:22.28 java
   5648 root      20   0 9220604 595292  29160 S 401.0   3.7  69:26.29 java
   5648 root      20   0 9220604 595292  29160 S 397.0   3.7  69:30.30 java
   5648 root      20   0 9220604 595292  29160 S 400.0   3.7  69:34.30 java
   5648 root      20   0 9220604 595292  29160 S 400.0   3.7  69:38.30 java
   5648 root      20   0 9220604 595292  29160 S 402.0   3.7  69:42.32 java
   5648 root      20   0 9220604 595292  29160 S 400.0   3.7  69:46.32 java
   5648 root      20   0 9220604 595292  29160 S 400.0   3.7  69:50.32 java
   5648 root      20   0 9220604 595292  29160 S 401.0   3.7  69:54.33 java
   5648 root      20   0 9220604 595292  29160 S 401.0   3.7  69:58.34 java
   5648 root      20   0 9220604 595292  29160 S 397.0   3.7  70:02.35 java
   5648 root      20   0 9220604 595292  29160 S 401.0   3.7  70:06.36 java
   5648 root      20   0 9220604 595292  29160 S 401.0   3.7  70:10.37 java
   5648 root      20   0 9220604 595292  29160 S 399.0   3.7  70:14.36 java
   5648 root      20   0 9220604 595292  29160 S 402.0   3.7  70:18.38 java
   5648 root      20   0 9220604 595292  29160 S 400.0   3.7  70:22.38 java
   5648 root      20   0 9220604 595292  29160 S 402.0   3.7  70:26.40 java
   5648 root      20   0 9220604 595292  29160 S 401.0   3.7  70:30.41 java
   5648 root      20   0 9220604 595292  29160 S 396.0   3.7  70:34.41 java
   5648 root      20   0 9220604 595292  29160 S 401.0   3.7  70:38.42 java
   5648 root      20   0 9220604 595292  29160 S 400.0   3.7  70:42.42 java
   5648 root      20   0 9220604 595292  29160 S 402.0   3.7  70:46.44 java
   5648 root      20   0 9220604 595292  29160 S 402.0   3.7  70:50.46 java
   5648 root      20   0 9220604 595292  29160 S 400.0   3.7  70:54.46 java
   5648 root      20   0 9220604 595292  29160 S 401.0   3.7  70:58.47 java
   5648 root      20   0 9220604 595292  29160 S 396.0   3.7  71:02.47 java
   5648 root      20   0 9220604 595292  29160 S 401.0   3.7  71:06.48 java
   5648 root      20   0 9220604 595292  29160 S 400.0   3.7  71:10.48 java
   5648 root      20   0 9220604 595292  29160 S 400.0   3.7  71:14.48 java
   5648 root      20   0 9220604 595292  29160 S 403.0   3.7  71:18.51 java
   5648 root      20   0 9220604 595292  29160 S 400.0   3.7  71:22.51 java
   5648 root      20   0 9220604 595292  29160 S 401.0   3.7  71:26.52 java
   5648 root      20   0 9220604 595292  29160 S 401.0   3.7  71:30.53 java
   5648 root      20   0 9220604 595292  29160 S 396.0   3.7  71:34.53 java
   5648 root      20   0 9220604 595292  29160 S 403.0   3.7  71:38.56 java
   5648 root      20   0 9220604 595292  29160 S 401.0   3.7  71:42.57 java
   5648 root      20   0 9220604 595292  29160 S 400.0   3.7  71:46.