   5648 root      20   0 9218556 393336  29160 S  33.3   2.4   1:57.22 java
   5648 root      20   0 9218556 393544  29160 S  86.0   2.4   1:58.08 java
   5648 root      20   0 9218556 393544  29160 S  75.0   2.4   1:58.83 java
   5648 root      20   0 9218556 393544  29160 S  72.0   2.4   1:59.55 java
   5648 root      20   0 9218556 393544  29160 S  72.0   2.4   2:00.27 java
   5648 root      20   0 9218556 393544  29160 S  74.0   2.4   2:01.01 java
   5648 root      20   0 9218556 393576  29160 S  80.2   2.4   2:01.82 java
   5648 root      20   0 9218556 393576  29160 S  81.0   2.4   2:02.63 java
   5648 root      20   0 9218556 393576  29160 S  80.0   2.4   2:03.43 java
   5648 root      20   0 9218556 393576  29160 S  82.0   2.4   2:04.25 java
   5648 root      20   0 9218556 393576  29160 S  81.0   2.4   2:05.06 java
   5648 root      20   0 9218556 393716  29160 S  81.0   2.4   2:05.87 java
   5648 root      20   0 9218556 393716  29160 S  82.0   2.4   2:06.69 java
   5648 root      20   0 9218556 393716  29160 S  84.0   2.4   2:07.53 java
   5648 root      20   0 9218556 393716  29160 S  77.2   2.4   2:08.31 java
   5648 root      20   0 9218556 393856  29160 S  80.0   2.4   2:09.11 java
   5648 root      20   0 9218556 393856  29160 S  79.0   2.4   2:09.90 java
   5648 root      20   0 9218556 394592  29160 S  79.0   2.4   2:10.69 java
   5648 root      20   0 9218556 394592  29160 S  77.0   2.4   2:11.46 java
   5648 root      20   0 9218556 394592  29160 S  75.0   2.4   2:12.21 java
   5648 root      20   0 9218556 394592  29160 S  76.0   2.4   2:12.97 java
   5648 root      20   0 9218556 394592  29160 S  79.0   2.4   2:13.76 java
   5648 root      20   0 9218556 394592  29160 S  78.2   2.4   2:14.55 java
   5648 root      20   0 9218556 394592  29160 S  81.0   2.4   2:15.36 java
   5648 root      20   0 9218556 394592  29160 S  80.0   2.4   2:16.16 java
   5648 root      20   0 9218556 394592  29160 S  76.0   2.4   2:16.92 java
   5648 root      20   0 9218556 394592  29160 S  77.0   2.4   2:17.69 java
   5648 root      20   0 9218556 394592  29160 S  79.0   2.4   2:18.48 java
   5648 root      20   0 9218556 394592  29160 S  78.0   2.4   2:19.26 java
   5648 root      20   0 9218556 394592  29160 S  76.0   2.4   2:20.02 java
   5648 root      20   0 9218556 394592  29160 S  77.2   2.4   2:20.80 java
   5648 root      20   0 9218556 394592  29160 S  78.0   2.4   2:21.58 java
   5648 root      20   0 9218556 394592  29160 S  81.0   2.4   2:22.39 java
   5648 root      20   0 9218556 394592  29160 S  83.0   2.4   2:23.22 java
   5648 root      20   0 9218556 394592  29160 S  74.0   2.4   2:23.96 java
   5648 root      20   0 9218556 394592  29160 S  75.0   2.4   2:24.71 java
   5648 root      20   0 9218556 394592  29160 S  75.0   2.4   2:25.46 java
   5648 root      20   0 9218556 394592  29160 S  79.0   2.4   2:26.25 java
   5648 root      20   0 9218556 394592  29160 S  82.0   2.4   2:27.07 java
   5648 root      20   0 9218556 394592  29160 S  75.2   2.4   2:27.83 java
   5648 root      20   0 9218556 394592  29160 S  72.0   2.4   2:28.55 java
   5648 root      20   0 9218556 394592  29160 S  77.0   2.4   2:29.32 java
   5648 root      20   0 9218556 394592  29160 S  78.0   2.4   2:30.10 java
   5648 root      20   0 9218556 394592  29160 S  78.0   2.4   2:30.88 java
   5648 root      20   0 9218556 394592  29160 S  80.0   2.4   2:31.68 java
   5648 root      20   0 9218556 394592  29160 S  76.0   2.4   2:32.44 java
   5648 root      20   0 9218556 394592  29160 S  75.2   2.4   2:33.20 java
   5648 root      20   0 9218556 394592  29160 S  73.0   2.4   2:33.93 java
   5648 root      20   0 9218556 394592  29160 S  73.0   2.4   2:34.66 java
   5648 root      20   0 9218556 394592  29160 S  74.0   2.4   2:35.40 java
   5648 root      20   0 9218556 394592  29160 S  74.0   2.4   2:36.14 java
   5648 root      20   0 9218556 394592  29160 S  75.0   2.4   2:36.89 java
   5648 root      20   0 9218556 394592  29160 S  72.0   2.4   2:37.61 java
   5648 root      20   0 9218556 394592  29160 S  75.0   2.4   2:38.