   6769 root      20   0   13.2g 840252  29048 S 200.0   5.2  69:46.80 java
   6769 root      20   0   13.2g 844672  29048 S 407.9   5.2  69:50.92 java
   6769 root      20   0   13.2g 844672  29048 S 400.0   5.2  69:54.92 java
   6769 root      20   0   13.2g 844672  29048 S 400.0   5.2  69:58.92 java
   6769 root      20   0   13.2g 844860  29048 S 400.0   5.2  70:02.92 java
   6769 root      20   0   13.2g 844860  29048 S 400.0   5.2  70:06.92 java
   6769 root      20   0   13.2g 845232  29048 S 400.0   5.2  70:10.92 java
   6769 root      20   0   13.2g 845232  29048 S 400.0   5.2  70:14.92 java
   6769 root      20   0   13.2g 845232  29048 S 397.0   5.2  70:18.93 java
   6769 root      20   0   13.2g 845232  29048 S 399.0   5.2  70:22.92 java
   6769 root      20   0   13.2g 845232  29048 S 400.0   5.2  70:26.92 java
   6769 root      20   0   13.2g 845232  29048 S 400.0   5.2  70:30.92 java
   6769 root      20   0   13.2g 845232  29048 S 400.0   5.2  70:34.92 java
   6769 root      20   0   13.2g 845232  29048 S 400.0   5.2  70:38.92 java
   6769 root      20   0   13.2g 845232  29048 S 400.0   5.2  70:42.92 java
   6769 root      20   0   13.2g 845232  29048 S 400.0   5.2  70:46.92 java
   6769 root      20   0   13.2g 845232  29048 S 397.0   5.2  70:50.93 java
   6769 root      20   0   13.2g 845232  29048 S 400.0   5.2  70:54.93 java
   6769 root      20   0   13.2g 845232  29048 S 401.0   5.2  70:58.94 java
   6769 root      20   0   13.2g 845232  29048 S 400.0   5.2  71:02.94 java
   6769 root      20   0   13.2g 845232  29048 S 402.0   5.2  71:06.96 java
   6769 root      20   0   13.2g 845232  29048 S 401.0   5.2  71:10.97 java
   6769 root      20   0   13.2g 845232  29048 S 401.0   5.2  71:14.98 java
   6769 root      20   0   13.2g 845232  29048 S 400.0   5.2  71:18.98 java
   6769 root      20   0   13.2g 845232  29048 S 402.0   5.2  71:23.00 java
   6769 root      20   0   13.2g 845232  29048 S 400.0   5.2  71:27.00 java
   6769 root      20   0   13.2g 845232  29048 S 397.0   5.2  71:31.01 java
   6769 root      20   0   13.2g 845232  29048 S 402.0   5.2  71:35.03 java
   6769 root      20   0   13.2g 845232  29048 S 398.0   5.2  71:39.01 java
   6769 root      20   0   13.2g 845232  29048 S 404.0   5.2  71:43.05 java
   6769 root      20   0   13.2g 845232  29048 S 403.0   5.2  71:47.08 java
   6769 root      20   0   13.2g 845232  29048 S 400.0   5.2  71:51.08 java
   6769 root      20   0   13.2g 845432  29048 S 399.0   5.2  71:55.07 java
   6769 root      20   0   13.2g 845432  29048 S 397.0   5.2  71:59.04 java
   6769 root      20   0   13.2g 845432  29048 S 405.0   5.2  72:03.09 java
   6769 root      20   0   13.2g 845432  29048 S 401.0   5.2  72:07.10 java
   6769 root      20   0   13.2g 845432  29048 S 397.0   5.2  72:11.11 java
   6769 root      20   0   13.2g 845432  29048 S 403.0   5.2  72:15.14 java
   6769 root      20   0   13.2g 845432  29048 S 400.0   5.2  72:19.14 java
   6769 root      20   0   13.2g 845432  29048 S 398.0   5.2  72:23.12 java
   6769 root      20   0   13.2g 845432  29048 S 403.0   5.2  72:27.15 java
   6769 root      20   0   13.2g 845432  29048 S 399.0   5.2  72:31.14 java
   6769 root      20   0   13.2g 845432  29048 S 405.0   5.2  72:35.19 java
   6769 root      20   0   13.2g 845432  29048 S 396.0   5.2  72:39.15 java
   6769 root      20   0   13.2g 845432  29048 S 404.0   5.2  72:43.19 java
   6769 root      20   0   13.2g 845432  29048 S 399.0   5.2  72:47.18 java
   6769 root      20   0   13.2g 845432  29048 S 397.0   5.2  72:51.19 java
   6769 root      20   0   13.2g 845692  29048 S 405.0   5.2  72:55.24 java
   6769 root      20   0   13.2g 845692  29048 S 399.0   5.2  72:59.23 java
   6769 root      20   0   13.2g 845692  29048 S 403.0   5.2  73:03.26 java
   6769 root      20   0   13.2g 845692  29048 S 403.0   5.2  73:07.29 java
   6769 root      20   0   13.2g 845692  29048 S 399.0   5.2  73:11.28 java
   6769 root      20   0   13.2g 846096  29048 S 403.0   5.2  73:15.31 java
   6769 root      20   0   13.2g 846096  29048 S 398.0   5.2  73:19.