   5648 root      20   0 9220604 595980  29160 S 460.0   3.7  76:14.15 java
   5648 root      20   0 9220604 595980  29160 S 400.0   3.7  76:18.15 java
   5648 root      20   0 9220604 595980  29160 S 400.0   3.7  76:22.15 java
   5648 root      20   0 9220604 595980  29160 S 396.0   3.7  76:26.15 java
   5648 root      20   0 9220604 595980  29160 S 400.0   3.7  76:30.15 java
   5648 root      20   0 9220604 596480  29160 S 400.0   3.7  76:34.15 java
   5648 root      20   0 9220604 596480  29160 S 401.0   3.7  76:38.16 java
   5648 root      20   0 9220604 596480  29160 S 399.0   3.7  76:42.15 java
   5648 root      20   0 9220604 596480  29160 S 400.0   3.7  76:46.15 java
   5648 root      20   0 9220604 596480  29160 S 401.0   3.7  76:50.16 java
   5648 root      20   0 9220604 596480  29160 S 400.0   3.7  76:54.16 java
   5648 root      20   0 9220604 596480  29160 S 396.0   3.7  76:58.16 java
   5648 root      20   0 9220604 596480  29160 S 399.0   3.7  77:02.15 java
   5648 root      20   0 9220604 596480  29160 S 400.0   3.7  77:06.15 java
   5648 root      20   0 9220604 596480  29160 S 400.0   3.7  77:10.15 java
   5648 root      20   0 9220604 596480  29160 S 401.0   3.7  77:14.16 java
   5648 root      20   0 9220604 596480  29160 S 399.0   3.7  77:18.15 java
   5648 root      20   0 9220604 596480  29160 S 400.0   3.7  77:22.15 java
   5648 root      20   0 9220604 596480  29160 S 400.0   3.7  77:26.15 java
   5648 root      20   0 9220604 596480  29160 S 396.0   3.7  77:30.15 java
   5648 root      20   0 9220604 596480  29160 S 402.0   3.7  77:34.17 java
   5648 root      20   0 9220604 596480  29160 S 400.0   3.7  77:38.17 java
   5648 root      20   0 9220604 596480  29160 S 401.0   3.7  77:42.18 java
   5648 root      20   0 9220604 596480  29160 S 401.0   3.7  77:46.19 java
   5648 root      20   0 9220604 596480  29160 S 401.0   3.7  77:50.20 java
   5648 root      20   0 9220604 596480  29160 S 399.0   3.7  77:54.19 java
   5648 root      20   0 9220604 596480  29160 S 399.0   3.7  77:58.22 java
   5648 root      20   0 9220604 596480  29160 S 402.0   3.7  78:02.24 java
   5648 root      20   0 9220604 596480  29160 S 399.0   3.7  78:06.23 java
   5648 root      20   0 9220604 596480  29160 S 400.0   3.7  78:10.23 java
   5648 root      20   0 9220604 596480  29160 S 401.0   3.7  78:14.24 java
   5648 root      20   0 9220604 596480  29160 S 400.0   3.7  78:18.24 java
   5648 root      20   0 9220604 596480  29160 S 403.0   3.7  78:22.27 java
   5648 root      20   0 9220604 596480  29160 S 400.0   3.7  78:26.27 java
   5648 root      20   0 9220604 596480  29160 S 398.0   3.7  78:30.29 java
   5648 root      20   0 9220604 596480  29160 S 399.0   3.7  78:34.28 java
   5648 root      20   0 9220604 596480  29160 S 401.0   3.7  78:38.29 java
   5648 root      20   0 9220604 596480  29160 S 403.0   3.7  78:42.32 java
   5648 root      20   0 9220604 596480  29160 S 400.0   3.7  78:46.32 java
   5648 root      20   0 9220604 596480  29160 S 403.0   3.7  78:50.35 java
   5648 root      20   0 9220604 596480  29160 S 400.0   3.7  78:54.35 java
   5648 root      20   0 9220604 596480  29160 S 395.0   3.7  78:58.34 java
   5648 root      20   0 9220604 596480  29160 S 400.0   3.7  79:02.34 java
   5648 root      20   0 9220604 596480  29160 S 401.0   3.7  79:06.35 java
   5648 root      20   0 9220604 596480  29160 S 403.0   3.7  79:10.38 java
   5648 root      20   0 9220604 596480  29160 S 400.0   3.7  79:14.38 java
   5648 root      20   0 9220604 596480  29160 S 401.0   3.7  79:18.39 java
   5648 root      20   0 9220604 596480  29160 S 401.0   3.7  79:22.40 java
   5648 root      20   0 9220604 596480  29160 S 401.0   3.7  79:26.41 java
   5648 root      20   0 9220604 596480  29160 S 398.0   3.7  79:30.43 java
   5648 root      20   0 9220604 596480  29160 S 400.0   3.7  79:34.43 java
   5648 root      20   0 9220604 596480  29160 S 398.0   3.7  79:38.41 java
   5648 root      20   0 9220604 596480  29160 S 401.0   3.7  79:42.42 java
   5648 root      20   0 9220604 596480  29160 S 400.0   3.7  79:46.