   5554 root      20   0 9218556 397608  29072 S 100.0   2.4  32:45.54 java
   5554 root      20   0 9218556 397704  29072 S 376.2   2.4  32:49.34 java
   5554 root      20   0 9218556 397704  29072 S 401.0   2.4  32:53.35 java
   5554 root      20   0 9218556 397704  29072 S 391.0   2.4  32:57.26 java
   5554 root      20   0 9218556 398524  29072 S 398.0   2.4  33:01.24 java
   5554 root      20   0 9218556 398524  29072 S 401.0   2.4  33:05.25 java
   5554 root      20   0 9218556 398524  29072 S 402.0   2.4  33:09.27 java
   5554 root      20   0 9218556 398524  29072 S 396.0   2.4  33:13.23 java
   5554 root      20   0 9218556 398524  29072 S 395.0   2.4  33:17.22 java
   5554 root      20   0 9218556 398524  29072 S 399.0   2.4  33:21.21 java
   5554 root      20   0 9218556 398524  29072 S 401.0   2.4  33:25.22 java
   5554 root      20   0 9218556 398524  29072 S 401.0   2.4  33:29.23 java
   5554 root      20   0 9218556 398524  29072 S 406.0   2.4  33:33.29 java
   5554 root      20   0 9218556 398524  29072 S 395.0   2.4  33:37.28 java
   5554 root      20   0 9218556 398524  29072 S 391.0   2.4  33:41.19 java
   5554 root      20   0 9218556 398524  29072 S 404.0   2.4  33:45.23 java
   5554 root      20   0 9218556 398524  29072 S 399.0   2.4  33:49.22 java
   5554 root      20   0 9218556 398524  29072 S 397.0   2.4  33:53.19 java
   5554 root      20   0 9218556 398524  29072 S 398.0   2.4  33:57.17 java
   5554 root      20   0 9218556 398524  29072 S 399.0   2.4  34:01.20 java
   5554 root      20   0 9218556 398524  29072 S 396.0   2.4  34:05.16 java
   5554 root      20   0 9218556 398524  29072 S 402.0   2.4  34:09.18 java
   5554 root      20   0 9218556 398524  29072 S 400.0   2.4  34:13.18 java
   5554 root      20   0 9218556 398524  29072 S 381.0   2.4  34:16.99 java
   5554 root      20   0 9218556 398524  29072 S 396.0   2.4  34:20.95 java
   5554 root      20   0 9218556 398524  29072 S 398.0   2.4  34:24.93 java
   5554 root      20   0 9218556 398524  29072 S 397.0   2.4  34:28.90 java
   5554 root      20   0 9218556 398524  29072 S 393.1   2.4  34:32.87 java
   5554 root      20   0 9218556 398524  29072 S 397.0   2.4  34:36.84 java
   5554 root      20   0 9218556 398524  29072 S 395.0   2.4  34:40.79 java
   5554 root      20   0 9218556 398524  29072 S 391.0   2.4  34:44.70 java
   5554 root      20   0 9218556 398524  29072 S 389.0   2.4  34:48.59 java
   5554 root      20   0 9218556 398524  29072 S 394.0   2.4  34:52.53 java
   5554 root      20   0 9218556 398524  29072 S 386.0   2.4  34:56.39 java
   5554 root      20   0 9218556 398524  29072 S 400.0   2.4  35:00.39 java
   5554 root      20   0 9218556 398524  29072 S 395.0   2.4  35:04.38 java
   5554 root      20   0 9218556 398524  29072 S 399.0   2.4  35:08.37 java
   5554 root      20   0 9218556 398524  29072 S 397.0   2.4  35:12.34 java
   5554 root      20   0 9218556 398524  29072 S 385.0   2.4  35:16.19 java
   5554 root      20   0 9218556 398524  29072 S 396.0   2.4  35:20.15 java
   5554 root      20   0 9218556 398524  29072 S 395.0   2.4  35:24.10 java
   5554 root      20   0 9218556 398524  29072 S 392.0   2.4  35:28.02 java
   5554 root      20   0 9218556 398524  29072 S 390.1   2.4  35:31.96 java
   5554 root      20   0 9218556 398524  29072 S 403.0   2.4  35:35.99 java
   5554 root      20   0 9218556 398524  29072 S 393.0   2.4  35:39.92 java
   5554 root      20   0 9218556 398524  29072 S 398.0   2.4  35:43.90 java
   5554 root      20   0 9218556 398524  29072 S 399.0   2.4  35:47.89 java
   5554 root      20   0 9218556 398524  29072 S 402.0   2.4  35:51.91 java
   5554 root      20   0 9218556 398524  29072 S 398.0   2.4  35:55.89 java
   5554 root      20   0 9218556 398524  29072 S 396.0   2.4  35:59.85 java
   5554 root      20   0 9218556 398524  29072 S 394.0   2.4  36:03.79 java
   5554 root      20   0 9218556 398524  29072 S 396.0   2.4  36:07.79 java
   5554 root      20   0 9218556 398524  29072 S 404.0   2.4  36:11.83 java
   5554 root      20   0 9218556 398524  29072 S 395.0   2.4  36:15.