   5554 root      20   0 9218556 516872  29072 S  66.7   3.2  64:40.25 java
   5554 root      20   0 9218556 516872  29072 S 405.0   3.2  64:44.30 java
   5554 root      20   0 9218556 516872  29072 S 399.0   3.2  64:48.29 java
   5554 root      20   0 9218556 516872  29072 S 397.0   3.2  64:52.30 java
   5554 root      20   0 9218556 516872  29072 S 399.0   3.2  64:56.29 java
   5554 root      20   0 9218556 517372  29072 S 401.0   3.2  65:00.30 java
   5554 root      20   0 9218556 517372  29072 S 400.0   3.2  65:04.30 java
   5554 root      20   0 9218556 517372  29072 S 400.0   3.2  65:08.30 java
   5554 root      20   0 9218556 517372  29072 S 400.0   3.2  65:12.30 java
   5554 root      20   0 9218556 517372  29072 S 400.0   3.2  65:16.30 java
   5554 root      20   0 9218556 600100  29072 S 399.0   3.7  65:20.29 java
   5554 root      20   0 9218556 600100  29072 S 397.0   3.7  65:24.30 java
   5554 root      20   0 9218556 600100  29072 S 400.0   3.7  65:28.30 java
   5554 root      20   0 9218556 600100  29072 S 401.0   3.7  65:32.31 java
   5554 root      20   0 9218556 600100  29072 S 401.0   3.7  65:36.32 java
   5554 root      20   0 9218556 600100  29072 S 401.0   3.7  65:40.33 java
   5554 root      20   0 9218556 600100  29072 S 401.0   3.7  65:44.34 java
   5554 root      20   0 9218556 600100  29072 S 400.0   3.7  65:48.34 java
   5554 root      20   0 9218556 600100  29072 S 401.0   3.7  65:52.35 java
   5554 root      20   0 9218556 600100  29072 S 398.0   3.7  65:56.37 java
   5554 root      20   0 9218556 600100  29072 S 401.0   3.7  66:00.38 java
   5554 root      20   0 9218556 600100  29072 S 400.0   3.7  66:04.38 java
   5554 root      20   0 9218556 600100  29072 S 400.0   3.7  66:08.38 java
   5554 root      20   0 9218556 600100  29072 S 402.0   3.7  66:12.40 java
   5554 root      20   0 9218556 600100  29072 S 400.0   3.7  66:16.40 java
   5554 root      20   0 9218556 600100  29072 S 402.0   3.7  66:20.42 java
   5554 root      20   0 9218556 600100  29072 S 400.0   3.7  66:24.42 java
   5554 root      20   0 9218556 600100  29072 S 397.0   3.7  66:28.43 java
   5554 root      20   0 9218556 600100  29072 S 401.0   3.7  66:32.44 java
   5554 root      20   0 9218556 600100  29072 S 400.0   3.7  66:36.44 java
   5554 root      20   0 9218556 600100  29072 S 401.0   3.7  66:40.45 java
   5554 root      20   0 9218556 600100  29072 S 401.0   3.7  66:44.46 java
   5554 root      20   0 9218556 600100  29072 S 401.0   3.7  66:48.47 java
   5554 root      20   0 9218556 600100  29072 S 400.0   3.7  66:52.47 java
   5554 root      20   0 9218556 600100  29072 S 401.0   3.7  66:56.48 java
   5554 root      20   0 9218556 600100  29072 S 397.0   3.7  67:00.49 java
   5554 root      20   0 9218556 600100  29072 S 399.0   3.7  67:04.48 java
   5554 root      20   0 9218556 600100  29072 S 401.0   3.7  67:08.49 java
   5554 root      20   0 9218556 600100  29072 S 402.0   3.7  67:12.51 java
   5554 root      20   0 9218556 600100  29072 S 401.0   3.7  67:16.52 java
   5554 root      20   0 9218556 600100  29072 S 402.0   3.7  67:20.54 java
   5554 root      20   0 9218556 600100  29072 S 399.0   3.7  67:24.53 java
   5554 root      20   0 9218556 600100  29072 S 397.0   3.7  67:28.54 java
   5554 root      20   0 9218556 600100  29072 S 403.0   3.7  67:32.57 java
   5554 root      20   0 9218556 600100  29072 S 398.0   3.7  67:36.55 java
   5554 root      20   0 9218556 600100  29072 S 402.0   3.7  67:40.57 java
   5554 root      20   0 9218556 600100  29072 S 401.0   3.7  67:44.58 java
   5554 root      20   0 9218556 600100  29072 S 401.0   3.7  67:48.59 java
   5554 root      20   0 9218556 600100  29072 S 402.0   3.7  67:52.61 java
   5554 root      20   0 9218556 600100  29072 S 400.0   3.7  67:56.61 java
   5554 root      20   0 9218556 600100  29072 S 398.0   3.7  68:00.63 java
   5554 root      20   0 9218556 600100  29072 S 398.0   3.7  68:04.61 java
   5554 root      20   0 9218556 600100  29072 S 402.0   3.7  68:08.63 java
   5554 root      20   0 9218556 600100  29072 S 401.0   3.7  68:12.