   5648 root      20   0 9220604 517352  29160 S 126.7   3.2  48:14.00 java
   5648 root      20   0 9220604 517352  29160 S 404.0   3.2  48:18.04 java
   5648 root      20   0 9220604 517352  29160 S 400.0   3.2  48:22.04 java
   5648 root      20   0 9220604 517352  29160 S 401.0   3.2  48:26.05 java
   5648 root      20   0 9220604 517516  29160 S 399.0   3.2  48:30.04 java
   5648 root      20   0 9220604 517668  29160 S 400.0   3.2  48:34.04 java
   5648 root      20   0 9220604 517668  29160 S 400.0   3.2  48:38.04 java
   5648 root      20   0 9220604 517668  29160 S 397.0   3.2  48:42.05 java
   5648 root      20   0 9220604 517668  29160 S 401.0   3.2  48:46.06 java
   5648 root      20   0 9220604 517668  29160 S 401.0   3.2  48:50.07 java
   5648 root      20   0 9220604 517668  29160 S 400.0   3.2  48:54.07 java
   5648 root      20   0 9220604 517668  29160 S 402.0   3.2  48:58.09 java
   5648 root      20   0 9220604 517668  29160 S 401.0   3.2  49:02.10 java
   5648 root      20   0 9220604 517668  29160 S 396.0   3.2  49:06.10 java
   5648 root      20   0 9220604 517668  29160 S 402.0   3.2  49:10.12 java
   5648 root      20   0 9220604 517668  29160 S 401.0   3.2  49:14.13 java
   5648 root      20   0 9220604 517668  29160 S 400.0   3.2  49:18.13 java
   5648 root      20   0 9220604 517668  29160 S 400.0   3.2  49:22.13 java
   5648 root      20   0 9220604 517668  29160 S 402.0   3.2  49:26.15 java
   5648 root      20   0 9220604 517668  29160 S 401.0   3.2  49:30.16 java
   5648 root      20   0 9220604 517668  29160 S 401.0   3.2  49:34.17 java
   5648 root      20   0 9220604 517668  29160 S 401.0   3.2  49:38.18 java
   5648 root      20   0 9220604 517668  29160 S 394.1   3.2  49:42.16 java
   5648 root      20   0 9220604 517668  29160 S 402.0   3.2  49:46.18 java
   5648 root      20   0 9220604 517668  29160 S 402.0   3.2  49:50.20 java
   5648 root      20   0 9220604 517668  29160 S 400.0   3.2  49:54.20 java
   5648 root      20   0 9220604 517668  29160 S 401.0   3.2  49:58.21 java
   5648 root      20   0 9220604 517668  29160 S 401.0   3.2  50:02.22 java
   5648 root      20   0 9220604 517668  29160 S 398.0   3.2  50:06.20 java
   5648 root      20   0 9220604 517668  29160 S 401.0   3.2  50:10.21 java
   5648 root      20   0 9220604 517668  29160 S 402.0   3.2  50:14.23 java
   5648 root      20   0 9220604 517668  29160 S 400.0   3.2  50:18.23 java
   5648 root      20   0 9220604 517668  29160 S 397.0   3.2  50:22.24 java
   5648 root      20   0 9220604 517668  29160 S 399.0   3.2  50:26.23 java
   5648 root      20   0 9220604 517668  29160 S 403.0   3.2  50:30.26 java
   5648 root      20   0 9220604 517668  29160 S 400.0   3.2  50:34.26 java
   5648 root      20   0 9220604 517668  29160 S 401.0   3.2  50:38.27 java
   5648 root      20   0 9220604 517668  29160 S 401.0   3.2  50:42.28 java
   5648 root      20   0 9220604 517668  29160 S 401.0   3.2  50:46.29 java
   5648 root      20   0 9220604 517668  29160 S 400.0   3.2  50:50.29 java
   5648 root      20   0 9220604 517668  29160 S 399.0   3.2  50:54.32 java
   5648 root      20   0 9220604 517668  29160 S 399.0   3.2  50:58.31 java
   5648 root      20   0 9220604 517668  29160 S 403.0   3.2  51:02.34 java
   5648 root      20   0 9220604 517668  29160 S 399.0   3.2  51:06.33 java
   5648 root      20   0 9220604 517668  29160 S 399.0   3.2  51:10.32 java
   5648 root      20   0 9220604 517668  29160 S 403.0   3.2  51:14.35 java
   5648 root      20   0 9220604 517668  29160 S 398.0   3.2  51:18.33 java
   5648 root      20   0 9220604 517912  29160 S 400.0   3.2  51:22.33 java
   5648 root      20   0 9220604 517912  29160 S 400.0   3.2  51:26.37 java
   5648 root      20   0 9220604 517912  29160 S 401.0   3.2  51:30.38 java
   5648 root      20   0 9220604 517912  29160 S 400.0   3.2  51:34.38 java
   5648 root      20   0 9220604 517912  29160 S 397.0   3.2  51:38.35 java
   5648 root      20   0 9220604 517912  29160 S 402.0   3.2  51:42.37 java
   5648 root      20   0 9220604 517912  29160 S 403.0   3.2  51:46.