   6003 root      20   0   13.3g 757192  28996 S 426.7   4.6  32:32.05 java
   6003 root      20   0   13.3g 757192  28996 S 401.0   4.6  32:36.06 java
   6003 root      20   0   13.3g 757192  28996 S 399.0   4.6  32:40.05 java
   6003 root      20   0   13.3g 757192  28996 S 401.0   4.6  32:44.06 java
   6003 root      20   0   13.3g 757428  28996 S 399.0   4.6  32:48.05 java
   6003 root      20   0   13.3g 757428  28996 S 400.0   4.6  32:52.05 java
   6003 root      20   0   13.3g 757708  28996 S 399.0   4.6  32:56.04 java
   6003 root      20   0   13.3g 757708  28996 S 397.0   4.6  33:00.05 java
   6003 root      20   0   13.3g 757708  28996 S 400.0   4.6  33:04.05 java
   6003 root      20   0   13.3g 757708  28996 S 401.0   4.6  33:08.06 java
   6003 root      20   0   13.3g 757708  28996 S 399.0   4.6  33:12.05 java
   6003 root      20   0   13.3g 757832  28996 S 400.0   4.6  33:16.05 java
   6003 root      20   0   13.3g 757832  28996 S 400.0   4.6  33:20.05 java
   6003 root      20   0   13.3g 757832  28996 S 400.0   4.6  33:24.05 java
   6003 root      20   0   13.3g 757832  28996 S 400.0   4.6  33:28.05 java
   6003 root      20   0   13.3g 757960  28996 S 396.0   4.6  33:32.05 java
   6003 root      20   0   13.3g 757960  28996 S 401.0   4.6  33:36.06 java
   6003 root      20   0   13.3g 757960  28996 S 401.0   4.6  33:40.07 java
   6003 root      20   0   13.3g 757960  28996 S 401.0   4.6  33:44.08 java
   6003 root      20   0   13.3g 757960  28996 S 401.0   4.6  33:48.09 java
   6003 root      20   0   13.3g 757960  28996 S 400.0   4.6  33:52.09 java
   6003 root      20   0   13.3g 757960  28996 S 401.0   4.6  33:56.10 java
   6003 root      20   0   13.3g 757960  28996 S 399.0   4.6  34:00.09 java
   6003 root      20   0   13.3g 757960  28996 S 402.0   4.6  34:04.11 java
   6003 root      20   0   13.3g 757960  28996 S 402.0   4.6  34:08.13 java
   6003 root      20   0   13.3g 757960  28996 S 399.0   4.6  34:12.16 java
   6003 root      20   0   13.3g 757960  28996 S 400.0   4.6  34:16.16 java
   6003 root      20   0   13.3g 757960  28996 S 399.0   4.6  34:20.15 java
   6003 root      20   0   13.3g 757960  28996 S 405.0   4.6  34:24.20 java
   6003 root      20   0   13.3g 759120  28996 S 400.0   4.7  34:28.20 java
   6003 root      20   0   13.3g 759220  28996 S 396.0   4.7  34:32.16 java
   6003 root      20   0   13.3g 759220  28996 S 405.0   4.7  34:36.21 java
   6003 root      20   0   13.3g 759220  28996 S 402.0   4.7  34:40.23 java
   6003 root      20   0   13.3g 759220  28996 S 397.0   4.7  34:44.20 java
   6003 root      20   0   13.3g 759220  28996 S 405.0   4.7  34:48.25 java
   6003 root      20   0   13.3g 759220  28996 S 392.1   4.7  34:52.21 java
   6003 root      20   0   13.3g 759220  28996 S 403.0   4.7  34:56.24 java
   6003 root      20   0   13.3g 759220  28996 S 405.0   4.7  35:00.29 java
   6003 root      20   0   13.3g 759220  28996 S 401.0   4.7  35:04.30 java
   6003 root      20   0   13.3g 759220  28996 S 397.0   4.7  35:08.27 java
   6003 root      20   0   13.3g 759220  28996 S 404.0   4.7  35:12.31 java
   6003 root      20   0   13.3g 759324  28996 S 402.0   4.7  35:16.33 java
   6003 root      20   0   13.3g 759324  28996 S 394.0   4.7  35:20.27 java
   6003 root      20   0   13.3g 759324  28996 S 406.0   4.7  35:24.33 java
   6003 root      20   0   13.3g 759324  28996 S 399.0   4.7  35:28.32 java
   6003 root      20   0   13.3g 759324  28996 S 400.0   4.7  35:32.36 java
   6003 root      20   0   13.3g 759480  28996 S 400.0   4.7  35:36.36 java
   6003 root      20   0   13.3g 759480  28996 S 395.0   4.7  35:40.31 java
   6003 root      20   0   13.3g 759480  28996 S 407.0   4.7  35:44.38 java
   6003 root      20   0   13.3g 759480  28996 S 398.0   4.7  35:48.36 java
   6003 root      20   0   13.3g 759480  28996 S 405.0   4.7  35:52.41 java
   6003 root      20   0   13.3g 759480  28996 S 397.0   4.7  35:56.38 java
   6003 root      20   0   13.3g 759480  28996 S 402.0   4.7  36:00.40 java
   6003 root      20   0   13.3g 759480  28996 S 401.0   4.7  36:04.