  51863 root      20   0 9218556 697260  29096 S 433.3   4.3  84:03.83 java
  51863 root      20   0 9218556 697260  29096 S 405.0   4.3  84:07.88 java
  51863 root      20   0 9218556 697260  29096 S 399.0   4.3  84:11.87 java
  51863 root      20   0 9218556 697260  29096 S 400.0   4.3  84:15.87 java
  51863 root      20   0 9218556 697260  29096 S 400.0   4.3  84:19.87 java
  51863 root      20   0 9218556 697260  29096 S 396.0   4.3  84:23.87 java
  51863 root      20   0 9218556 697876  29096 S 400.0   4.3  84:27.87 java
  51863 root      20   0 9218556 697876  29096 S 401.0   4.3  84:31.88 java
  51863 root      20   0 9218556 697876  29096 S 400.0   4.3  84:35.88 java
  51863 root      20   0 9218556 697876  29096 S 400.0   4.3  84:39.88 java
  51863 root      20   0 9218556 697876  29096 S 400.0   4.3  84:43.88 java
  51863 root      20   0 9218556 697876  29096 S 400.0   4.3  84:47.88 java
  51863 root      20   0 9218556 697876  29096 S 395.0   4.3  84:51.87 java
  51863 root      20   0 9218556 697876  29096 S 401.0   4.3  84:55.88 java
  51863 root      20   0 9218556 697876  29096 S 399.0   4.3  84:59.87 java
  51863 root      20   0 9218556 697876  29096 S 400.0   4.3  85:03.87 java
  51863 root      20   0 9218556 697876  29096 S 401.0   4.3  85:07.88 java
  51863 root      20   0 9218556 697876  29096 S 400.0   4.3  85:11.88 java
  51863 root      20   0 9218556 697876  29096 S 399.0   4.3  85:15.87 java
  51863 root      20   0 9218556 697876  29096 S 400.0   4.3  85:19.87 java
  51863 root      20   0 9218556 697876  29096 S 397.0   4.3  85:23.88 java
  51863 root      20   0 9218556 697876  29096 S 401.0   4.3  85:27.89 java
  51863 root      20   0 9218556 697876  29096 S 400.0   4.3  85:31.89 java
  51863 root      20   0 9218556 697876  29096 S 401.0   4.3  85:35.90 java
  51863 root      20   0 9218556 697876  29096 S 401.0   4.3  85:39.91 java
  51863 root      20   0 9218556 697876  29096 S 399.0   4.3  85:43.90 java
  51863 root      20   0 9218556 697876  29096 S 403.0   4.3  85:47.93 java
  51863 root      20   0 9218556 697876  29096 S 397.0   4.3  85:51.94 java
  51863 root      20   0 9218556 697876  29096 S 400.0   4.3  85:55.94 java
  51863 root      20   0 9218556 697876  29096 S 401.0   4.3  85:59.95 java
  51863 root      20   0 9218556 697876  29096 S 402.0   4.3  86:03.97 java
  51863 root      20   0 9218556 697876  29096 S 399.0   4.3  86:07.96 java
  51863 root      20   0 9218556 697876  29096 S 402.0   4.3  86:11.98 java
  51863 root      20   0 9218556 697876  29096 S 398.0   4.3  86:16.00 java
  51863 root      20   0 9218556 697876  29096 S 400.0   4.3  86:20.00 java
  51863 root      20   0 9218556 697876  29096 S 401.0   4.3  86:24.01 java
  51863 root      20   0 9218556 697876  29096 S 400.0   4.3  86:28.01 java
  51863 root      20   0 9218556 697876  29096 S 403.0   4.3  86:32.04 java
  51863 root      20   0 9218556 697876  29096 S 401.0   4.3  86:36.05 java
  51863 root      20   0 9218556 697876  29096 S 400.0   4.3  86:40.05 java
  51863 root      20   0 9218556 697876  29096 S 397.0   4.3  86:44.06 java
  51863 root      20   0 9218556 697876  29096 S 400.0   4.3  86:48.06 java
  51863 root      20   0 9218556 697876  29096 S 401.0   4.3  86:52.07 java
  51863 root      20   0 9218556 697876  29096 S 401.0   4.3  86:56.08 java
  51863 root      20   0 9218556 698040  29096 S 401.0   4.3  87:00.09 java
  51863 root      20   0 9218556 698040  29096 S 401.0   4.3  87:04.10 java
  51863 root      20   0 9218556 698040  29096 S 401.0   4.3  87:08.11 java
  51863 root      20   0 9218556 698040  29096 S 400.0   4.3  87:12.11 java
  51863 root      20   0 9218556 698040  29096 S 399.0   4.3  87:16.14 java
  51863 root      20   0 9218556 698040  29096 S 400.0   4.3  87:20.14 java
  51863 root      20   0 9218556 698040  29096 S 400.0   4.3  87:24.14 java
  51863 root      20   0 9218556 698040  29096 S 402.0   4.3  87:28.16 java
  51863 root      20   0 9218556 698040  29096 S 402.0   4.3  87:32.18 java
  51863 root      20   0 9218556 698040  29096 S 400.0   4.3  87:36.