   5554 root      20   0 9218556 601952  29072 S 100.0   3.7  80:40.01 java
   5554 root      20   0 9218556 601952  29072 S 407.0   3.7  80:44.08 java
   5554 root      20   0 9218556 601952  29072 S 400.0   3.7  80:48.08 java
   5554 root      20   0 9218556 601952  29072 S 401.0   3.7  80:52.09 java
   5554 root      20   0 9218556 601952  29072 S 399.0   3.7  80:56.08 java
   5554 root      20   0 9218556 602124  29072 S 401.0   3.7  81:00.09 java
   5554 root      20   0 9218556 602124  29072 S 396.0   3.7  81:04.09 java
   5554 root      20   0 9218556 602124  29072 S 399.0   3.7  81:08.08 java
   5554 root      20   0 9218556 602124  29072 S 400.0   3.7  81:12.08 java
   5554 root      20   0 9218556 602124  29072 S 400.0   3.7  81:16.08 java
   5554 root      20   0 9218556 602124  29072 S 401.0   3.7  81:20.09 java
   5554 root      20   0 9218556 602124  29072 S 400.0   3.7  81:24.09 java
   5554 root      20   0 9218556 602124  29072 S 400.0   3.7  81:28.09 java
   5554 root      20   0 9218556 602124  29072 S 399.0   3.7  81:32.08 java
   5554 root      20   0 9218556 602124  29072 S 397.0   3.7  81:36.09 java
   5554 root      20   0 9218556 602124  29072 S 400.0   3.7  81:40.09 java
   5554 root      20   0 9218556 602124  29072 S 401.0   3.7  81:44.10 java
   5554 root      20   0 9218556 602124  29072 S 400.0   3.7  81:48.10 java
   5554 root      20   0 9218556 602124  29072 S 401.0   3.7  81:52.11 java
   5554 root      20   0 9218556 602124  29072 S 400.0   3.7  81:56.11 java
   5554 root      20   0 9218556 602124  29072 S 401.0   3.7  82:00.12 java
   5554 root      20   0 9218556 602124  29072 S 401.0   3.7  82:04.13 java
   5554 root      20   0 9218556 602124  29072 S 400.0   3.7  82:08.13 java
   5554 root      20   0 9218556 602124  29072 S 401.0   3.7  82:12.14 java
   5554 root      20   0 9218556 602124  29072 S 398.0   3.7  82:16.16 java
   5554 root      20   0 9218556 602124  29072 S 400.0   3.7  82:20.16 java
   5554 root      20   0 9218556 602292  29072 S 401.0   3.7  82:24.17 java
   5554 root      20   0 9218556 602292  29072 S 402.0   3.7  82:28.19 java
   5554 root      20   0 9218556 602292  29072 S 400.0   3.7  82:32.19 java
   5554 root      20   0 9218556 602292  29072 S 400.0   3.7  82:36.19 java
   5554 root      20   0 9218556 602292  29072 S 401.0   3.7  82:40.20 java
   5554 root      20   0 9218556 602292  29072 S 396.0   3.7  82:44.20 java
   5554 root      20   0 9218556 602292  29072 S 402.0   3.7  82:48.22 java
   5554 root      20   0 9218556 602292  29072 S 399.0   3.7  82:52.21 java
   5554 root      20   0 9218556 602292  29072 S 401.0   3.7  82:56.22 java
   5554 root      20   0 9218556 602292  29072 S 402.0   3.7  83:00.24 java
   5554 root      20   0 9218556 602292  29072 S 401.0   3.7  83:04.25 java
   5554 root      20   0 9218556 602292  29072 S 401.0   3.7  83:08.26 java
   5554 root      20   0 9218556 602292  29072 S 400.0   3.7  83:12.26 java
   5554 root      20   0 9218556 602292  29072 S 397.0   3.7  83:16.27 java
   5554 root      20   0 9218556 602292  29072 S 400.0   3.7  83:20.27 java
   5554 root      20   0 9218556 602292  29072 S 399.0   3.7  83:24.26 java
   5554 root      20   0 9218556 602292  29072 S 403.0   3.7  83:28.29 java
   5554 root      20   0 9218556 602292  29072 S 402.0   3.7  83:32.31 java
   5554 root      20   0 9218556 602292  29072 S 400.0   3.7  83:36.31 java
   5554 root      20   0 9218556 602292  29072 S 402.0   3.7  83:40.33 java
   5554 root      20   0 9218556 602292  29072 S 396.0   3.7  83:44.33 java
   5554 root      20   0 9218556 602292  29072 S 402.0   3.7  83:48.35 java
   5554 root      20   0 9218556 602292  29072 S 400.0   3.7  83:52.35 java
   5554 root      20   0 9218556 602292  29072 S 401.0   3.7  83:56.36 java
   5554 root      20   0 9218556 602292  29072 S 400.0   3.7  84:00.36 java
   5554 root      20   0 9218556 602292  29072 S 402.0   3.7  84:04.38 java
   5554 root      20   0 9218556 602292  29072 S 400.0   3.7  84:08.38 java
   5554 root      20   0 9218556 602292  29072 S 399.0   3.7  84:12.