   6769 root      20   0   13.2g 839760  29048 S 420.0   5.1  65:47.68 java
   6769 root      20   0   13.2g 839760  29048 S 400.0   5.1  65:51.68 java
   6769 root      20   0   13.2g 839760  29048 S 400.0   5.1  65:55.68 java
   6769 root      20   0   13.2g 839760  29048 S 397.0   5.1  65:59.69 java
   6769 root      20   0   13.2g 839760  29048 S 399.0   5.1  66:03.68 java
   6769 root      20   0   13.2g 839760  29048 S 400.0   5.1  66:07.68 java
   6769 root      20   0   13.2g 839760  29048 S 400.0   5.1  66:11.68 java
   6769 root      20   0   13.2g 839760  29048 S 401.0   5.1  66:15.69 java
   6769 root      20   0   13.2g 839760  29048 S 399.0   5.1  66:19.68 java
   6769 root      20   0   13.2g 839760  29048 S 400.0   5.1  66:23.68 java
   6769 root      20   0   13.2g 839760  29048 S 400.0   5.1  66:27.68 java
   6769 root      20   0   13.2g 839760  29048 S 397.0   5.1  66:31.69 java
   6769 root      20   0   13.2g 840160  29048 S 399.0   5.2  66:35.68 java
   6769 root      20   0   13.2g 840160  29048 S 400.0   5.2  66:39.68 java
   6769 root      20   0   13.2g 840160  29048 S 401.0   5.2  66:43.69 java
   6769 root      20   0   13.2g 840160  29048 S 400.0   5.2  66:47.69 java
   6769 root      20   0   13.2g 840160  29048 S 399.0   5.2  66:51.68 java
   6769 root      20   0   13.2g 840160  29048 S 401.0   5.2  66:55.69 java
   6769 root      20   0   13.2g 840160  29048 S 399.0   5.2  66:59.68 java
   6769 root      20   0   13.2g 840160  29048 S 397.0   5.2  67:03.69 java
   6769 root      20   0   13.2g 840160  29048 S 400.0   5.2  67:07.69 java
   6769 root      20   0   13.2g 840160  29048 S 401.0   5.2  67:11.70 java
   6769 root      20   0   13.2g 840240  29048 S 401.0   5.2  67:15.71 java
   6769 root      20   0   13.2g 840240  29048 S 401.0   5.2  67:19.72 java
   6769 root      20   0   13.2g 840240  29048 S 401.0   5.2  67:23.73 java
   6769 root      20   0   13.2g 840240  29048 S 401.0   5.2  67:27.74 java
   6769 root      20   0   13.2g 840240  29048 S 400.0   5.2  67:31.74 java
   6769 root      20   0   13.2g 840240  29048 S 403.0   5.2  67:35.77 java
   6769 root      20   0   13.2g 840240  29048 S 401.0   5.2  67:39.78 java
   6769 root      20   0   13.2g 840240  29048 S 395.0   5.2  67:43.77 java
   6769 root      20   0   13.2g 840240  29048 S 403.0   5.2  67:47.80 java
   6769 root      20   0   13.2g 840240  29048 S 398.0   5.2  67:51.78 java
   6769 root      20   0   13.2g 840240  29048 S 403.0   5.2  67:55.81 java
   6769 root      20   0   13.2g 840240  29048 S 399.0   5.2  67:59.80 java
   6769 root      20   0   13.2g 840240  29048 S 403.0   5.2  68:03.83 java
   6769 root      20   0   13.2g 840240  29048 S 399.0   5.2  68:07.82 java
   6769 root      20   0   13.2g 840240  29048 S 402.0   5.2  68:11.84 java
   6769 root      20   0   13.2g 840240  29048 S 402.0   5.2  68:15.86 java
   6769 root      20   0   13.2g 840240  29048 S 396.0   5.2  68:19.82 java
   6769 root      20   0   13.2g 840240  29048 S 402.0   5.2  68:23.88 java
   6769 root      20   0   13.2g 840240  29048 S 404.0   5.2  68:27.92 java
   6769 root      20   0   13.2g 840240  29048 S 400.0   5.2  68:31.92 java
   6769 root      20   0   13.2g 840240  29048 S 394.0   5.2  68:35.86 java
   6769 root      20   0   13.2g 840240  29048 S 407.0   5.2  68:39.93 java
   6769 root      20   0   13.2g 840240  29048 S 402.0   5.2  68:43.95 java
   6769 root      20   0   13.2g 840240  29048 S 393.0   5.2  68:47.88 java
   6769 root      20   0   13.2g 840240  29048 S 404.0   5.2  68:51.92 java
   6769 root      20   0   13.2g 840240  29048 S 404.0   5.2  68:55.96 java
   6769 root      20   0   13.2g 840252  29048 S 404.0   5.2  69:00.00 java
   6769 root      20   0   13.2g 840252  29048 S 395.0   5.2  69:03.99 java
   6769 root      20   0   13.2g 840252  29048 S 394.0   5.2  69:07.93 java
   6769 root      20   0   13.2g 840252  29048 S 401.0   5.2  69:11.94 java
   6769 root      20   0   13.2g 840252  29048 S 403.0   5.2  69:15.97 java
   6769 root      20   0   13.2g 840252  29048 S 397.0   5.2  69:19.