   5554 root      20   0 9218556 394556  29072 S  40.0   2.4  10:17.48 java
   5554 root      20   0 9218556 394556  29072 S 163.0   2.4  10:19.11 java
   5554 root      20   0 9218556 394556  29072 S 200.0   2.4  10:21.11 java
   5554 root      20   0 9218556 394556  29072 S 203.0   2.4  10:23.14 java
   5554 root      20   0 9218556 394556  29072 S 205.0   2.4  10:25.19 java
   5554 root      20   0 9218556 394556  29072 S 194.0   2.4  10:27.13 java
   5554 root      20   0 9218556 394556  29072 S 198.0   2.4  10:29.13 java
   5554 root      20   0 9218556 394556  29072 S 199.0   2.4  10:31.12 java
   5554 root      20   0 9218556 394556  29072 S 202.0   2.4  10:33.14 java
   5554 root      20   0 9218556 394556  29072 S 193.0   2.4  10:35.07 java
   5554 root      20   0 9218556 394556  29072 S 201.0   2.4  10:37.08 java
   5554 root      20   0 9218556 394556  29072 S 211.0   2.4  10:39.19 java
   5554 root      20   0 9218556 394556  29072 S 200.0   2.4  10:41.19 java
   5554 root      20   0 9218556 394556  29072 S 200.0   2.4  10:43.19 java
   5554 root      20   0 9218556 394556  29072 S 199.0   2.4  10:45.20 java
   5554 root      20   0 9218556 394556  29072 S 200.0   2.4  10:47.20 java
   5554 root      20   0 9218556 394556  29072 S 203.0   2.4  10:49.23 java
   5554 root      20   0 9218556 394556  29072 S 204.0   2.4  10:51.27 java
   5554 root      20   0 9218556 394556  29072 S 209.0   2.4  10:53.36 java
   5554 root      20   0 9218556 394556  29072 S 206.0   2.4  10:55.42 java
   5554 root      20   0 9218556 394556  29072 S 205.0   2.4  10:57.47 java
   5554 root      20   0 9218556 394556  29072 S 212.0   2.4  10:59.59 java
   5554 root      20   0 9218556 394556  29072 S 202.0   2.4  11:01.63 java
   5554 root      20   0 9218556 394556  29072 S 206.0   2.4  11:03.69 java
   5554 root      20   0 9218556 394556  29072 S 200.0   2.4  11:05.69 java
   5554 root      20   0 9218556 394556  29072 S 206.0   2.4  11:07.75 java
   5554 root      20   0 9218556 394556  29072 S 207.0   2.4  11:09.82 java
   5554 root      20   0 9218556 394556  29072 S 203.0   2.4  11:11.85 java
   5554 root      20   0 9218556 394556  29072 S 211.0   2.4  11:13.96 java
   5554 root      20   0 9218556 394556  29072 S 209.9   2.4  11:16.08 java
   5554 root      20   0 9218556 394556  29072 S 206.0   2.4  11:18.14 java
   5554 root      20   0 9218556 394556  29072 S 203.0   2.4  11:20.17 java
   5554 root      20   0 9218556 394556  29072 S 208.0   2.4  11:22.25 java
   5554 root      20   0 9218556 394556  29072 S 197.0   2.4  11:24.22 java
   5554 root      20   0 9218556 394556  29072 S 204.0   2.4  11:26.26 java
   5554 root      20   0 9218556 394556  29072 S 204.0   2.4  11:28.30 java
   5554 root      20   0 9218556 394556  29072 S 212.0   2.4  11:30.42 java
   5554 root      20   0 9218556 394556  29072 S 205.0   2.4  11:32.47 java
   5554 root      20   0 9218556 394556  29072 S 209.9   2.4  11:34.59 java
   5554 root      20   0 9218556 394556  29072 S 211.0   2.4  11:36.70 java
   5554 root      20   0 9218556 394556  29072 S 204.0   2.4  11:38.74 java
   5554 root      20   0 9218556 394556  29072 S 203.0   2.4  11:40.77 java
   5554 root      20   0 9218556 394556  29072 S 196.0   2.4  11:42.73 java
   5554 root      20   0 9218556 394556  29072 S 200.0   2.4  11:44.73 java
   5554 root      20   0 9218556 394556  29072 S 203.0   2.4  11:46.76 java
   5554 root      20   0 9218556 394556  29072 S 205.0   2.4  11:48.83 java
   5554 root      20   0 9218556 394556  29072 S 203.0   2.4  11:50.86 java
   5554 root      20   0 9218556 394556  29072 S 214.0   2.4  11:53.00 java
   5554 root      20   0 9218556 394556  29072 S 204.0   2.4  11:55.04 java
   5554 root      20   0 9218556 394556  29072 S 207.0   2.4  11:57.11 java
   5554 root      20   0 9218556 394556  29072 S 201.0   2.4  11:59.12 java
   5554 root      20   0 9218556 394556  29072 S 200.0   2.4  12:01.12 java
   5554 root      20   0 9218556 394556  29072 S 208.0   2.4  12:03.20 java
   5554 root      20   0 9218556 394556  29072 S 210.0   2.4  12:05.