   6003 root      20   0   13.3g 563252  28996 S 213.3   3.5   5:25.91 java
   6003 root      20   0   13.3g 563252  28996 S 224.0   3.5   5:28.15 java
   6003 root      20   0   13.3g 563252  28996 S 217.8   3.5   5:30.35 java
   6003 root      20   0   13.3g 563404  28996 S 221.0   3.5   5:32.56 java
   6003 root      20   0   13.3g 563404  28996 S 215.0   3.5   5:34.71 java
   6003 root      20   0   13.3g 563404  28996 S 221.0   3.5   5:36.92 java
   6003 root      20   0   13.3g 563404  28996 S 219.0   3.5   5:39.11 java
   6003 root      20   0   13.3g 563404  28996 S 222.0   3.5   5:41.33 java
   6003 root      20   0   13.3g 563556  28996 S 218.0   3.5   5:43.51 java
   6003 root      20   0   13.3g 563832  28996 S 219.0   3.5   5:45.70 java
   6003 root      20   0   13.3g 563928  28996 S 218.0   3.5   5:47.88 java
   6003 root      20   0   13.3g 563928  28996 S 220.0   3.5   5:50.08 java
   6003 root      20   0   13.3g 564284  28996 S 215.8   3.5   5:52.26 java
   6003 root      20   0   13.3g 564284  28996 S 218.0   3.5   5:54.44 java
   6003 root      20   0   13.3g 564284  28996 S 216.0   3.5   5:56.60 java
   6003 root      20   0   13.3g 564284  28996 S 215.0   3.5   5:58.75 java
   6003 root      20   0   13.3g 564284  28996 S 215.0   3.5   6:00.90 java
   6003 root      20   0   13.3g 564580  28996 S 220.0   3.5   6:03.10 java
   6003 root      20   0   13.3g 564812  28996 S 223.0   3.5   6:05.33 java
   6003 root      20   0   13.3g 564952  28996 S 222.0   3.5   6:07.55 java
   6003 root      20   0   13.3g 564952  28996 S 222.0   3.5   6:09.77 java
   6003 root      20   0   13.3g 564952  28996 S 217.0   3.5   6:11.94 java
   6003 root      20   0   13.3g 565104  28996 S 212.9   3.5   6:14.09 java
   6003 root      20   0   13.3g 565104  28996 S 214.0   3.5   6:16.23 java
   6003 root      20   0   13.3g 565104  28996 S 220.0   3.5   6:18.43 java
   6003 root      20   0   13.3g 565256  28996 S 218.0   3.5   6:20.61 java
   6003 root      20   0   13.3g 565256  28996 S 217.0   3.5   6:22.78 java
   6003 root      20   0   13.3g 565256  28996 S 221.0   3.5   6:24.99 java
   6003 root      20   0   13.3g 565256  28996 S 218.0   3.5   6:27.17 java
   6003 root      20   0   13.3g 565256  28996 S 216.0   3.5   6:29.33 java
   6003 root      20   0   13.3g 565404  28996 S 219.0   3.5   6:31.52 java
   6003 root      20   0   13.3g 565404  28996 S 219.0   3.5   6:33.71 java
   6003 root      20   0   13.3g 565664  28996 S 216.8   3.5   6:35.90 java
   6003 root      20   0   13.3g 565816  28996 S 223.0   3.5   6:38.13 java
   6003 root      20   0   13.3g 565816  28996 S 216.0   3.5   6:40.29 java
   6003 root      20   0   13.3g 565816  28996 S 215.0   3.5   6:42.44 java
   6003 root      20   0   13.3g 565816  28996 S 216.0   3.5   6:44.60 java
   6003 root      20   0   13.3g 565816  28996 S 219.0   3.5   6:46.79 java
   6003 root      20   0   13.3g 565816  28996 S 219.0   3.5   6:48.98 java
   6003 root      20   0   13.3g 565976  28996 S 217.0   3.5   6:51.15 java
   6003 root      20   0   13.3g 566060  28996 S 220.0   3.5   6:53.35 java
   6003 root      20   0   13.3g 566060  28996 S 217.0   3.5   6:55.52 java
   6003 root      20   0   13.3g 566200  28996 S 212.9   3.5   6:57.67 java
   6003 root      20   0   13.3g 566364  28996 S 219.0   3.5   6:59.86 java
   6003 root      20   0   13.3g 566364  28996 S 215.0   3.5   7:02.01 java
   6003 root      20   0   13.3g 566364  28996 S 219.0   3.5   7:04.20 java
   6003 root      20   0   13.3g 566364  28996 S 216.0   3.5   7:06.36 java
   6003 root      20   0   13.3g 566364  28996 S 217.0   3.5   7:08.53 java
   6003 root      20   0   13.3g 566364  28996 S 217.0   3.5   7:10.70 java
   6003 root      20   0   13.3g 566364  28996 S 219.0   3.5   7:12.89 java
   6003 root      20   0   13.3g 566364  28996 S 221.0   3.5   7:15.10 java
   6003 root      20   0   13.3g 566364  28996 S 217.0   3.5   7:17.27 java
   6003 root      20   0   13.3g 566528  28996 S 211.9   3.5   7:19.41 java
   6003 root      20   0   13.3g 566528  28996 S 215.0   3.5   7:21.