   6003 root      20   0   13.3g 665940  28996 S 460.0   4.1  24:32.22 java
   6003 root      20   0   13.3g 665940  28996 S 400.0   4.1  24:36.22 java
   6003 root      20   0   13.3g 665940  28996 S 400.0   4.1  24:40.22 java
   6003 root      20   0   13.3g 665940  28996 S 400.0   4.1  24:44.22 java
   6003 root      20   0   13.3g 665940  28996 S 395.0   4.1  24:48.21 java
   6003 root      20   0   13.3g 666036  28996 S 400.0   4.1  24:52.21 java
   6003 root      20   0   13.3g 666820  28996 S 401.0   4.1  24:56.22 java
   6003 root      20   0   13.3g 666820  28996 S 400.0   4.1  25:00.22 java
   6003 root      20   0   13.3g 667284  28996 S 399.0   4.1  25:04.21 java
   6003 root      20   0   13.3g 667808  28996 S 401.0   4.1  25:08.22 java
   6003 root      20   0   13.3g 667808  28996 S 400.0   4.1  25:12.22 java
   6003 root      20   0   13.3g 667808  28996 S 396.0   4.1  25:16.22 java
   6003 root      20   0   13.3g 667808  28996 S 400.0   4.1  25:20.22 java
   6003 root      20   0   13.3g 667808  28996 S 399.0   4.1  25:24.21 java
   6003 root      20   0   13.3g 667808  28996 S 400.0   4.1  25:28.21 java
   6003 root      20   0   13.3g 667808  28996 S 401.0   4.1  25:32.22 java
   6003 root      20   0   13.3g 667808  28996 S 399.0   4.1  25:36.21 java
   6003 root      20   0   13.3g 667808  28996 S 401.0   4.1  25:40.22 java
   6003 root      20   0   13.3g 667808  28996 S 400.0   4.1  25:44.22 java
   6003 root      20   0   13.3g 667808  28996 S 396.0   4.1  25:48.22 java
   6003 root      20   0   13.3g 667808  28996 S 401.0   4.1  25:52.23 java
   6003 root      20   0   13.3g 667808  28996 S 401.0   4.1  25:56.24 java
   6003 root      20   0   13.3g 667808  28996 S 400.0   4.1  26:00.24 java
   6003 root      20   0   13.3g 667808  28996 S 402.0   4.1  26:04.26 java
   6003 root      20   0   13.3g 667808  28996 S 400.0   4.1  26:08.26 java
   6003 root      20   0   13.3g 667808  28996 S 401.0   4.1  26:12.27 java
   6003 root      20   0   13.3g 668132  28996 S 402.0   4.1  26:16.29 java
   6003 root      20   0   13.3g 668132  28996 S 399.0   4.1  26:20.28 java
   6003 root      20   0   13.3g 668132  28996 S 402.0   4.1  26:24.30 java
   6003 root      20   0   13.3g 668132  28996 S 399.0   4.1  26:28.33 java
   6003 root      20   0   13.3g 668132  28996 S 401.0   4.1  26:32.34 java
   6003 root      20   0   13.3g 668132  28996 S 400.0   4.1  26:36.34 java
   6003 root      20   0   13.3g 668132  28996 S 402.0   4.1  26:40.36 java
   6003 root      20   0   13.3g 668132  28996 S 400.0   4.1  26:44.36 java
   6003 root      20   0   13.3g 668296  28996 S 401.0   4.1  26:48.37 java
   6003 root      20   0   13.3g 668296  28996 S 402.0   4.1  26:52.39 java
   6003 root      20   0   13.3g 668296  28996 S 399.0   4.1  26:56.38 java
   6003 root      20   0   13.3g 668296  28996 S 403.0   4.1  27:00.41 java
   6003 root      20   0   13.3g 668296  28996 S 396.0   4.1  27:04.37 java
   6003 root      20   0   13.3g 668296  28996 S 398.0   4.1  27:08.39 java
   6003 root      20   0   13.3g 668296  28996 S 403.0   4.1  27:12.42 java
   6003 root      20   0   13.3g 669532  28996 S 401.0   4.1  27:16.43 java
   6003 root      20   0   13.3g 669532  28996 S 395.0   4.1  27:20.38 java
   6003 root      20   0   13.3g 669672  28996 S 411.0   4.1  27:24.49 java
   6003 root      20   0   13.3g 669672  28996 S 400.0   4.1  27:28.49 java
   6003 root      20   0   13.3g 669672  28996 S 401.0   4.1  27:32.50 java
   6003 root      20   0   13.3g 669672  28996 S 400.0   4.1  27:36.50 java
   6003 root      20   0   13.3g 669672  28996 S 396.0   4.1  27:40.46 java
   6003 root      20   0   13.3g 669672  28996 S 404.0   4.1  27:44.50 java
   6003 root      20   0   13.3g 669672  28996 S 398.0   4.1  27:48.52 java
   6003 root      20   0   13.3g 669672  28996 S 394.0   4.1  27:52.46 java
   6003 root      20   0   13.3g 669672  28996 S 407.0   4.1  27:56.53 java
   6003 root      20   0   13.3g 669672  28996 S 399.0   4.1  28:00.52 java
   6003 root      20   0   13.3g 669672  28996 S 398.0   4.1  28:04.