Running 1m test @ http://erik-pc.local:8080/greeting/Bob
  4 threads and 100 connections
  Thread calibration: mean lat.: 77.358ms, rate sampling interval: 423ms
  Thread calibration: mean lat.: 95.533ms, rate sampling interval: 370ms
  Thread calibration: mean lat.: 75.681ms, rate sampling interval: 288ms
  Thread calibration: mean lat.: 74.945ms, rate sampling interval: 231ms
  Thread Stats   Avg      Stdev     Max   +/- Stdev
    Latency   190.27ms  419.22ms   3.11s    91.10%
    Req/Sec    17.97k     2.72k   27.43k    73.55%
  Latency Distribution (HdrHistogram - Recorded Latency)
 50.000%   45.41ms
 75.000%  122.88ms
 90.000%  526.85ms
 99.000%    2.41s 
 99.900%    2.97s 
 99.990%    3.08s 
 99.999%    3.10s 
100.000%    3.11s 

  Detailed Percentile spectrum:
       Value   Percentile   TotalCount 1/(1-Percentile)

       0.166     0.000000            2         1.00
       5.851     0.100000       357958         1.11
      18.239     0.200000       716239         1.25
      28.527     0.300000      1074274         1.43
      37.343     0.400000      1432660         1.67
      45.407     0.500000      1790361         2.00
      52.703     0.550000      1968965         2.22
      64.639     0.600000      2147725         2.50
      79.423     0.650000      2327117         2.86
      97.983     0.700000      2506107         3.33
     122.879     0.750000      2684722         4.00
     140.799     0.775000      2774275         4.44
     163.711     0.800000      2863792         5.00
     195.839     0.825000      2953244         5.71
     248.831     0.850000      3042568         6.67
     354.815     0.875000      3132035         8.00
     441.087     0.887500      3176802         8.89
     526.847     0.900000      3221578        10.00
     625.151     0.912500      3266345        11.43
     745.983     0.925000      3311012        13.33
     866.815     0.937500      3355718        16.00
     937.471     0.943750      3378114        17.78
    1025.023     0.950000      3400495        20.00
    1120.255     0.956250      3422855        22.86
    1229.823     0.962500      3445220        26.67
    1319.935     0.968750      3467732        32.00
    1395.711     0.971875      3478788        35.56
    1508.351     0.975000      3489997        40.00
    1684.479     0.978125      3501160        45.71
    1935.359     0.981250      3512392        53.33
    2105.343     0.984375      3523601        64.00
    2193.407     0.985938      3529175        71.11
    2271.231     0.987500      3534777        80.00
    2353.151     0.989062      3540399        91.43
    2449.407     0.990625      3545883       106.67
    2533.375     0.992188      3551539       128.00
    2580.479     0.992969      3554285       142.22
    2629.631     0.993750      3557103       160.00
    2676.735     0.994531      3559942       182.86
    2711.551     0.995313      3562656       213.33
    2740.223     0.996094      3565461       256.00
    2754.559     0.996484      3566849       284.44
    2770.943     0.996875      3568292       320.00
    2789.375     0.997266      3569678       365.71
    2809.855     0.997656      3571080       426.67
    2838.527     0.998047      3572527       512.00
    2854.911     0.998242      3573186       568.89
    2877.439     0.998437      3573902       640.00
    2910.207     0.998633      3574565       731.43
    2942.975     0.998828      3575256       853.33
    2969.599     0.999023      3575965      1024.00
    2981.887     0.999121      3576337      1137.78
    2992.127     0.999219      3576712      1280.00
    3000.319     0.999316      3577011      1462.86
    3008.511     0.999414      3577347      1706.67
    3016.703     0.999512      3577700      2048.00
    3022.847     0.999561      3577910      2275.56
    3028.991     0.999609      3578089      2560.00
    3033.087     0.999658      3578215      2925.71
    3041.279     0.999707      3578397      3413.33
    3047.423     0.999756      3578560      4096.00
    3051.519     0.999780      3578674      4551.11
    3055.615     0.999805      3578768      5120.00
    3059.711     0.999829      3578842      5851.43
    3063.807     0.999854      3578915      6826.67
    3069.951     0.999878      3579011      8192.00
    3071.999     0.999890      3579039      9102.22
    3076.095     0.999902      3579102     10240.00
    3078.143     0.999915      3579136     11702.86
    3080.191     0.999927      3579170     13653.33
    3084.287     0.999939      3579235     16384.00
    3086.335     0.999945      3579260     18204.44
    3086.335     0.999951      3579260     20480.00
    3088.383     0.999957      3579282     23405.71
    3090.431     0.999963      3579305     27306.67
    3092.479     0.999969      3579332     32768.00
    3094.527     0.999973      3579353     36408.89
    3094.527     0.999976      3579353     40960.00
    3096.575     0.999979      3579366     46811.43
    3098.623     0.999982      3579378     54613.33
    3098.623     0.999985      3579378     65536.00
    3100.671     0.999986      3579390     72817.78
    3100.671     0.999988      3579390     81920.00
    3102.719     0.999989      3579404     93622.86
    3102.719     0.999991      3579404    109226.67
    3104.767     0.999992      3579412    131072.00
    3104.767     0.999993      3579412    145635.56
    3104.767     0.999994      3579412    163840.00
    3106.815     0.999995      3579422    187245.71
    3106.815     0.999995      3579422    218453.33
    3106.815     0.999996      3579422    262144.00
    3106.815     0.999997      3579422    291271.11
    3106.815     0.999997      3579422    327680.00
    3108.863     0.999997      3579425    374491.43
    3108.863     0.999998      3579425    436906.67
    3110.911     0.999998      3579427    524288.00
    3110.911     0.999998      3579427    582542.22
    3110.911     0.999998      3579427    655360.00
    3112.959     0.999999      3579432    748982.86
    3112.959     1.000000      3579432          inf
#[Mean    =      190.272, StdDeviation   =      419.218]
#[Max     =     3110.912, Total count    =      3579432]
#[Buckets =           27, SubBuckets     =         2048]
----------------------------------------------------------
  4275048 requests in 1.00m, 297.62MB read
Requests/sec:  71228.14
Transfer/sec:      4.96MB
