Running 1m test @ http://erik-pc.local:8080/greeting/Bob
  4 threads and 100 connections
  Thread calibration: mean lat.: 142.959ms, rate sampling interval: 802ms
  Thread calibration: mean lat.: 158.185ms, rate sampling interval: 909ms
  Thread calibration: mean lat.: 199.758ms, rate sampling interval: 1169ms
  Thread calibration: mean lat.: 77.117ms, rate sampling interval: 355ms
  Thread Stats   Avg      Stdev     Max   +/- Stdev
    Latency   626.93ms    1.02s    5.68s    84.90%
    Req/Sec    18.20k     2.07k   23.96k    73.49%
  Latency Distribution (HdrHistogram - Recorded Latency)
 50.000%  108.16ms
 75.000%  744.96ms
 90.000%    2.36s 
 99.000%    4.09s 
 99.900%    4.98s 
 99.990%    5.54s 
 99.999%    5.66s 
100.000%    5.68s 

  Detailed Percentile spectrum:
       Value   Percentile   TotalCount 1/(1-Percentile)

       0.149     0.000000            1         1.00
      14.591     0.100000       362173         1.11
      31.135     0.200000       724662         1.25
      43.775     0.300000      1087119         1.43
      69.055     0.400000      1448838         1.67
     108.159     0.500000      1811106         2.00
     136.447     0.550000      1992263         2.22
     181.247     0.600000      2173092         2.50
     247.935     0.650000      2354007         2.86
     402.943     0.700000      2535118         3.33
     744.959     0.750000      2716099         4.00
     932.863     0.775000      2806775         4.44
    1134.591     0.800000      2897452         5.00
    1371.135     0.825000      2987926         5.71
    1662.975     0.850000      3078290         6.67
    2036.735     0.875000      3169001         8.00
    2179.071     0.887500      3214221         8.89
    2355.199     0.900000      3259562        10.00
    2529.279     0.912500      3304707        11.43
    2697.215     0.925000      3349913        13.33
    2918.399     0.937500      3395211        16.00
    3020.799     0.943750      3418029        17.78
    3086.335     0.950000      3440635        20.00
    3174.399     0.956250      3463096        22.86
    3299.327     0.962500      3486098        26.67
    3436.543     0.968750      3508473        32.00
    3514.367     0.971875      3519635        35.56
    3602.431     0.975000      3530936        40.00
    3696.639     0.978125      3542314        45.71
    3772.415     0.981250      3553556        53.33
    3848.191     0.984375      3564878        64.00
    3905.535     0.985938      3570567        71.11
    3973.119     0.987500      3576302        80.00
    4044.799     0.989062      3581973        91.43
    4116.479     0.990625      3587634       106.67
    4177.919     0.992188      3593253       128.00
    4214.783     0.992969      3596074       142.22
    4255.743     0.993750      3599019       160.00
    4313.087     0.994531      3601779       182.86
    4366.335     0.995313      3604650       213.33
    4427.775     0.996094      3607340       256.00
    4481.023     0.996484      3608762       284.44
    4599.807     0.996875      3610152       320.00
    4644.863     0.997266      3611657       365.71
    4710.399     0.997656      3612990       426.67
    4804.607     0.998047      3614404       512.00
    4853.759     0.998242      3615094       568.89
    4882.431     0.998437      3615883       640.00
    4902.911     0.998633      3616525       731.43
    4939.775     0.998828      3617255       853.33
    4980.735     0.999023      3617938      1024.00
    5005.311     0.999121      3618316      1137.78
    5025.791     0.999219      3618641      1280.00
    5083.135     0.999316      3618986      1462.86
    5136.383     0.999414      3619364      1706.67
    5177.343     0.999512      3619720      2048.00
    5193.727     0.999561      3619891      2275.56
    5263.359     0.999609      3620052      2560.00
    5296.127     0.999658      3620221      2925.71
    5357.567     0.999707      3620402      3413.33
    5382.143     0.999756      3620615      4096.00
    5390.335     0.999780      3620679      4551.11
    5410.815     0.999805      3620760      5120.00
    5431.295     0.999829      3620844      5851.43
    5459.967     0.999854      3620931      6826.67
    5529.599     0.999878      3621029      8192.00
    5537.791     0.999890      3621075      9102.22
    5545.983     0.999902      3621124     10240.00
    5554.175     0.999915      3621158     11702.86
    5566.463     0.999927      3621193     13653.33
    5607.423     0.999939      3621237     16384.00
    5623.807     0.999945      3621261     18204.44
    5631.999     0.999951      3621292     20480.00
    5636.095     0.999957      3621312     23405.71
    5640.191     0.999963      3621331     27306.67
    5644.287     0.999969      3621351     32768.00
    5648.383     0.999973      3621370     36408.89
    5648.383     0.999976      3621370     40960.00
    5652.479     0.999979      3621389     46811.43
    5656.575     0.999982      3621409     54613.33
    5656.575     0.999985      3621409     65536.00
    5656.575     0.999986      3621409     72817.78
    5660.671     0.999988      3621422     81920.00
    5660.671     0.999989      3621422     93622.86
    5664.767     0.999991      3621435    109226.67
    5664.767     0.999992      3621435    131072.00
    5664.767     0.999993      3621435    145635.56
    5664.767     0.999994      3621435    163840.00
    5668.863     0.999995      3621441    187245.71
    5668.863     0.999995      3621441    218453.33
    5672.959     0.999996      3621446    262144.00
    5672.959     0.999997      3621446    291271.11
    5672.959     0.999997      3621446    327680.00
    5677.055     0.999997      3621454    374491.43
    5677.055     0.999998      3621454    436906.67
    5677.055     0.999998      3621454    524288.00
    5677.055     0.999998      3621454    582542.22
    5677.055     0.999998      3621454    655360.00
    5677.055     0.999999      3621454    748982.86
    5677.055     0.999999      3621454    873813.33
    5677.055     0.999999      3621454   1048576.00
    5677.055     0.999999      3621454   1165084.44
    5677.055     0.999999      3621454   1310720.00
    5677.055     0.999999      3621454   1497965.71
    5677.055     0.999999      3621454   1747626.67
    5681.151     1.000000      3621456   2097152.00
    5681.151     1.000000      3621456          inf
#[Mean    =      626.933, StdDeviation   =     1023.273]
#[Max     =     5677.056, Total count    =      3621456]
#[Buckets =           27, SubBuckets     =         2048]
----------------------------------------------------------
  4347432 requests in 1.00m, 302.66MB read
Requests/sec:  72438.16
Transfer/sec:      5.04MB
