Running 1m test @ http://erik-pc.local:8080/greeting/Bob
  4 threads and 100 connections
  Thread calibration: mean lat.: 1.434ms, rate sampling interval: 10ms
  Thread calibration: mean lat.: 1.414ms, rate sampling interval: 10ms
  Thread calibration: mean lat.: 1.411ms, rate sampling interval: 10ms
  Thread calibration: mean lat.: 1.398ms, rate sampling interval: 10ms
  Thread Stats   Avg      Stdev     Max   +/- Stdev
    Latency     1.40ms  546.83us   7.14ms   67.25%
    Req/Sec     2.64k   368.84     4.22k    86.75%
  Latency Distribution (HdrHistogram - Recorded Latency)
 50.000%    1.34ms
 75.000%    1.78ms
 90.000%    2.11ms
 99.000%    2.70ms
 99.900%    5.00ms
 99.990%    6.24ms
 99.999%    6.89ms
100.000%    7.14ms

  Detailed Percentile spectrum:
       Value   Percentile   TotalCount 1/(1-Percentile)

       0.350     0.000000            2         1.00
       0.747     0.100000        50020         1.11
       0.906     0.200000        99855         1.25
       1.049     0.300000       149748         1.43
       1.192     0.400000       199791         1.67
       1.339     0.500000       249611         2.00
       1.417     0.550000       274551         2.22
       1.502     0.600000       299431         2.50
       1.592     0.650000       324280         2.86
       1.685     0.700000       349134         3.33
       1.778     0.750000       374154         4.00
       1.825     0.775000       386737         4.44
       1.873     0.800000       399125         5.00
       1.924     0.825000       411536         5.71
       1.981     0.850000       424030         6.67
       2.042     0.875000       436456         8.00
       2.077     0.887500       442821         8.89
       2.113     0.900000       448918        10.00
       2.155     0.912500       455337        11.43
       2.199     0.925000       461406        13.33
       2.249     0.937500       467584        16.00
       2.279     0.943750       470792        17.78
       2.309     0.950000       473908        20.00
       2.343     0.956250       477117        22.86
       2.379     0.962500       480145        26.67
       2.421     0.968750       483296        32.00
       2.443     0.971875       484724        35.56
       2.471     0.975000       486375        40.00
       2.499     0.978125       487868        45.71
       2.535     0.981250       489440        53.33
       2.579     0.984375       490985        64.00
       2.607     0.985938       491766        71.11
       2.641     0.987500       492539        80.00
       2.677     0.989062       493298        91.43
       2.721     0.990625       494095       106.67
       2.775     0.992188       494877       128.00
       2.807     0.992969       495243       142.22
       2.843     0.993750       495644       160.00
       2.885     0.994531       496033       182.86
       2.937     0.995313       496412       213.33
       3.011     0.996094       496804       256.00
       3.063     0.996484       496995       284.44
       3.141     0.996875       497194       320.00
       3.277     0.997266       497386       365.71
       3.951     0.997656       497582       426.67
       4.299     0.998047       497776       512.00
       4.467     0.998242       497874       568.89
       4.615     0.998437       497969       640.00
       4.731     0.998633       498069       731.43
       4.875     0.998828       498165       853.33
       5.015     0.999023       498261      1024.00
       5.087     0.999121       498311      1137.78
       5.167     0.999219       498359      1280.00
       5.263     0.999316       498410      1462.86
       5.351     0.999414       498458      1706.67
       5.439     0.999512       498508      2048.00
       5.491     0.999561       498530      2275.56
       5.543     0.999609       498559      2560.00
       5.611     0.999658       498579      2925.71
       5.691     0.999707       498602      3413.33
       5.815     0.999756       498627      4096.00
       5.867     0.999780       498639      4551.11
       5.895     0.999805       498651      5120.00
       5.959     0.999829       498663      5851.43
       6.039     0.999854       498675      6826.67
       6.119     0.999878       498688      8192.00
       6.187     0.999890       498694      9102.22
       6.239     0.999902       498700     10240.00
       6.295     0.999915       498706     11702.86
       6.327     0.999927       498712     13653.33
       6.415     0.999939       498718     16384.00
       6.475     0.999945       498721     18204.44
       6.499     0.999951       498724     20480.00
       6.523     0.999957       498727     23405.71
       6.579     0.999963       498730     27306.67
       6.619     0.999969       498733     32768.00
       6.635     0.999973       498735     36408.89
       6.683     0.999976       498736     40960.00
       6.711     0.999979       498738     46811.43
       6.719     0.999982       498739     54613.33
       6.835     0.999985       498741     65536.00
       6.883     0.999986       498742     72817.78
       6.883     0.999988       498742     81920.00
       6.887     0.999989       498743     93622.86
       6.891     0.999991       498744    109226.67
       6.903     0.999992       498745    131072.00
       6.903     0.999993       498745    145635.56
       6.903     0.999994       498745    163840.00
       6.955     0.999995       498746    187245.71
       6.955     0.999995       498746    218453.33
       6.991     0.999996       498747    262144.00
       6.991     0.999997       498747    291271.11
       6.991     0.999997       498747    327680.00
       6.991     0.999997       498747    374491.43
       6.991     0.999998       498747    436906.67
       7.139     0.999998       498748    524288.00
       7.139     1.000000       498748          inf
#[Mean    =        1.402, StdDeviation   =        0.547]
#[Max     =        7.136, Total count    =       498748]
#[Buckets =           27, SubBuckets     =         2048]
----------------------------------------------------------
  599438 requests in 1.00m, 49.74MB read
Requests/sec:   9990.34
Transfer/sec:    848.79KB
