  17209 1001      20   0 1301932 325296  42292 S   0.0   2.0  19:24.59 application
  17209 1001      20   0 1301932 325824  42292 S 381.0   2.0  19:28.40 application
  17209 1001      20   0 1301932 325824  42292 S 400.0   2.0  19:32.40 application
  17209 1001      20   0 1301932 325824  42292 S 400.0   2.0  19:36.40 application
  17209 1001      20   0 1301932 325824  42292 S 397.0   2.0  19:40.41 application
  17209 1001      20   0 1302956 325824  42292 S 401.0   2.0  19:44.42 application
  17209 1001      20   0 1302956 325824  42292 S 400.0   2.0  19:48.42 application
  17209 1001      20   0 1302956 326088  42292 S 402.0   2.0  19:52.44 application
  17209 1001      20   0 1302956 326088  42292 S 400.0   2.0  19:56.44 application
  17209 1001      20   0 1302956 326088  42292 S 401.0   2.0  20:00.45 application
  17209 1001      20   0 1302956 326088  42292 S 402.0   2.0  20:04.47 application
  17209 1001      20   0 1302956 326088  42292 S 400.0   2.0  20:08.47 application
  17209 1001      20   0 1302956 326088  42292 S 397.0   2.0  20:12.48 application
  17209 1001      20   0 1302956 326352  42292 S 401.0   2.0  20:16.49 application
  17209 1001      20   0 1302956 326352  42292 S 402.0   2.0  20:20.51 application
  17209 1001      20   0 1302956 326352  42292 S 399.0   2.0  20:24.50 application
  17209 1001      20   0 1302956 326352  42292 S 403.0   2.0  20:28.53 application
  17209 1001      20   0 1302956 326616  42292 S 401.0   2.0  20:32.54 application
  17209 1001      20   0 1302956 326616  42292 S 401.0   2.0  20:36.55 application
  17209 1001      20   0 1302956 326616  42292 S 398.0   2.0  20:40.57 application
  17209 1001      20   0 1302956 326616  42292 S 399.0   2.0  20:44.56 application
  17209 1001      20   0 1302956 326616  42292 S 402.0   2.0  20:48.58 application
  17209 1001      20   0 1303980 326880  42292 S 400.0   2.0  20:52.58 application
  17209 1001      20   0 1303980 326880  42292 S 401.0   2.0  20:56.59 application
  17209 1001      20   0 1303980 326880  42292 S 400.0   2.0  21:00.59 application
  17209 1001      20   0 1303980 327144  42292 S 403.0   2.0  21:04.62 application
  17209 1001      20   0 1303980 327408  42292 S 396.0   2.0  21:08.62 application
  17209 1001      20   0 1303980 327408  42292 S 402.0   2.0  21:12.64 application
  17209 1001      20   0 1303980 327408  42292 S 399.0   2.0  21:16.63 application
  17209 1001      20   0 1303980 327672  42292 S 401.0   2.0  21:20.64 application
  17209 1001      20   0 1303980 327936  42292 S 398.0   2.0  21:24.62 application
  17209 1001      20   0 1303980 327936  42292 S 403.0   2.0  21:28.65 application
  17209 1001      20   0 1303980 327936  42292 S 401.0   2.0  21:32.66 application
  17209 1001      20   0 1303980 328200  42292 S 401.0   2.0  21:36.67 application
  17209 1001      20   0 1303980 328200  42292 S 397.0   2.0  21:40.68 application
  17209 1001      20   0 1303980 328200  42292 S 400.0   2.0  21:44.68 application
  17209 1001      20   0 1303980 328200  42292 S 399.0   2.0  21:48.67 application
  17209 1001      20   0 1303980 328200  42292 S 404.0   2.0  21:52.71 application
  17209 1001      20   0 1303980 328200  42292 S 399.0   2.0  21:56.70 application
  17209 1001      20   0 1303980 328200  42292 S 403.0   2.0  22:00.73 application
  17209 1001      20   0 1303980 328200  42292 S 397.0   2.0  22:04.70 application
  17209 1001      20   0 1305004 328200  42292 S 399.0   2.0  22:08.73 application
  17209 1001      20   0 1305004 328200  42292 S 401.0   2.0  22:12.74 application
  17209 1001      20   0 1305004 328200  42292 S 399.0   2.0  22:16.73 application
  17209 1001      20   0 1305004 328200  42292 S 401.0   2.0  22:20.74 application
  17209 1001      20   0 1305004 328200  42292 S 398.0   2.0  22:24.72 application
  17209 1001      20   0 1305004 328200  42292 S 405.0   2.0  22:28.77 application
  17209 1001      20   0 1305004 328200  42292 S 394.0   2.0  22:32.71 application
  17209 1001      20   0 1305004 328200  42292 S 402.0   2.0  22:36.77 application
  17209 1001      20   0 1305