  63806 1001      20   0 5864176 411428  47860 S   0.0   2.5  17:23.92 application
  63806 1001      20   0 5857004 412076  47860 S 382.0   2.5  17:27.74 application
  63806 1001      20   0 5857004 412604  47860 S 401.0   2.5  17:31.75 application
  63806 1001      20   0 5857004 412604  47860 S 401.0   2.5  17:35.76 application
  63806 1001      20   0 5858028 413132  47860 S 400.0   2.5  17:39.76 application
  63806 1001      20   0 5858028 413924  47860 S 403.0   2.5  17:43.79 application
  63806 1001      20   0 5858028 413924  47860 S 400.0   2.5  17:47.79 application
  63806 1001      20   0 5860076 414980  47860 S 402.0   2.5  17:51.81 application
  63806 1001      20   0 5860076 415244  47860 S 400.0   2.5  17:55.81 application
  63806 1001      20   0 5860076 415244  47860 S 397.0   2.5  17:59.82 application
  63806 1001      20   0 5861100 416036  47860 S 402.0   2.6  18:03.84 application
  63806 1001      20   0 5861100 416296  47860 S 399.0   2.6  18:07.83 application
  63806 1001      20   0 5861100 416560  47860 S 403.0   2.6  18:11.86 application
  63806 1001      20   0 5862124 417088  47860 S 404.0   2.6  18:15.90 application
  63806 1001      20   0 5862124 417352  47860 S 397.0   2.6  18:19.87 application
  63806 1001      20   0 5862124 417352  47860 S 399.0   2.6  18:23.86 application
  63806 1001      20   0 5863148 417880  47860 S 404.0   2.6  18:27.90 application
  63806 1001      20   0 5863148 418144  47860 S 403.0   2.6  18:31.93 application
  63806 1001      20   0 5863148 418408  47860 S 395.0   2.6  18:35.92 application
  63806 1001      20   0 5864172 418936  47860 S 402.0   2.6  18:39.94 application
  63806 1001      20   0 5864172 419200  47860 S 396.0   2.6  18:43.90 application
  63806 1001      20   0 5864172 419728  47860 S 407.0   2.6  18:47.97 application
  63806 1001      20   0 5865196 420088  47860 S 401.0   2.6  18:51.98 application
  63806 1001      20   0 5865196 420352  47860 S 400.0   2.6  18:55.98 application
  63806 1001      20   0 5865196 420616  47860 S 398.0   2.6  18:59.96 application
  63806 1001      20   0 5866220 420616  47860 S 405.0   2.6  19:04.01 application
  63806 1001      20   0 5866220 420880  47860 S 391.0   2.6  19:07.92 application
  63806 1001      20   0 5866220 421668  47860 S 410.0   2.6  19:12.02 application
  63806 1001      20   0 5867244 422196  47860 S 401.0   2.6  19:16.03 application
  63806 1001      20   0 5867244 422460  47860 S 396.0   2.6  19:20.03 application
  63806 1001      20   0 5868268 424044  47860 S 403.0   2.6  19:24.06 application
  63806 1001      20   0 5868268 424572  47860 S 399.0   2.6  19:28.05 application
  63806 1001      20   0 5868268 424572  47860 S 400.0   2.6  19:32.05 application
  63806 1001      20   0 5868268 424572  47860 S 404.0   2.6  19:36.09 application
  63806 1001      20   0 5868268 424572  47860 S 396.0   2.6  19:40.05 application
  63806 1001      20   0 5869292 424836  47860 S 402.0   2.6  19:44.07 application
  63806 1001      20   0 5869292 425100  47860 S 401.0   2.6  19:48.08 application
  63806 1001      20   0 5869292 425564  47860 S 403.0   2.6  19:52.11 application
  63806 1001      20   0 5870316 426092  47860 S 400.0   2.6  19:56.11 application
  63806 1001      20   0 5870316 426620  47860 S 392.1   2.6  20:00.07 application
  63806 1001      20   0 5870316 426884  47860 S 402.0   2.6  20:04.09 application
  63806 1001      20   0 5871340 427148  47860 S 401.0   2.6  20:08.10 application
  63806 1001      20   0 5871340 427412  47860 S 402.0   2.6  20:12.12 application
  63806 1001      20   0 5872364 427676  47860 S 397.0   2.6  20:16.09 application
  63806 1001      20   0 5872364 428204  47860 S 402.0   2.6  20:20.11 application
  63806 1001      20   0 5872364 428204  47860 S 400.0   2.6  20:24.11 application
  63806 1001      20   0 5873388 428468  47860 S 400.0   2.6  20:28.11 application
  63806 1001      20   0 5873388 428732  47860 S 401.0   2.6  20:32.12 application
  63806 1001      20   0 5873388 428996  47860 S 395.0   2.6  20:36.11 application
  63806 1001      20   0 5874