  17209 1001      20   0 1319340 341928  42292 S   0.0   2.1  35:23.91 application
  17209 1001      20   0 1319340 343248  42292 S 392.0   2.1  35:27.83 application
  17209 1001      20   0 1319340 343248  42292 S 401.0   2.1  35:31.84 application
  17209 1001      20   0 1319340 343248  42292 S 402.0   2.1  35:35.86 application
  17209 1001      20   0 1319340 343512  42292 S 398.0   2.1  35:39.84 application
  17209 1001      20   0 1319340 343512  42292 S 403.0   2.1  35:43.87 application
  17209 1001      20   0 1320364 343776  42292 S 399.0   2.1  35:47.86 application
  17209 1001      20   0 1320364 343776  42292 S 397.0   2.1  35:51.87 application
  17209 1001      20   0 1320364 343776  42292 S 402.0   2.1  35:55.89 application
  17209 1001      20   0 1320364 343776  42292 S 402.0   2.1  35:59.91 application
  17209 1001      20   0 1320364 343776  42292 S 400.0   2.1  36:03.91 application
  17209 1001      20   0 1320364 343776  42292 S 398.0   2.1  36:07.89 application
  17209 1001      20   0 1320364 343776  42292 S 404.0   2.1  36:11.93 application
  17209 1001      20   0 1320364 343776  42292 S 400.0   2.1  36:15.93 application
  17209 1001      20   0 1320364 344040  42292 S 403.0   2.1  36:19.96 application
  17209 1001      20   0 1320364 344040  42292 S 394.0   2.1  36:23.90 application
  17209 1001      20   0 1320364 344304  42292 S 399.0   2.1  36:27.93 application
  17209 1001      20   0 1320364 344568  42292 S 402.0   2.1  36:31.95 application
  17209 1001      20   0 1321388 344568  42292 S 401.0   2.1  36:35.96 application
  17209 1001      20   0 1321388 344568  42292 S 401.0   2.1  36:39.97 application
  17209 1001      20   0 1321388 344568  42292 S 397.0   2.1  36:43.94 application
  17209 1001      20   0 1321388 344568  42292 S 405.0   2.1  36:47.99 application
  17209 1001      20   0 1321388 344568  42292 S 399.0   2.1  36:51.98 application
  17209 1001      20   0 1321388 344832  42292 S 400.0   2.1  36:55.98 application
  17209 1001      20   0 1321388 345096  42292 S 398.0   2.1  37:00.00 application
  17209 1001      20   0 1321388 345360  42292 S 400.0   2.1  37:04.00 application
  17209 1001      20   0 1321388 345360  42292 S 402.0   2.1  37:08.02 application
  17209 1001      20   0 1321388 345360  42292 S 401.0   2.1  37:12.03 application
  17209 1001      20   0 1321388 345360  42292 S 401.0   2.1  37:16.04 application
  17209 1001      20   0 1321388 345360  42292 S 400.0   2.1  37:20.04 application
  17209 1001      20   0 1322412 345360  42292 S 401.0   2.1  37:24.05 application
  17209 1001      20   0 1322412 345360  42292 S 400.0   2.1  37:28.05 application
  17209 1001      20   0 1322412 345360  42292 S 396.0   2.1  37:32.05 application
  17209 1001      20   0 1322412 345360  42292 S 401.0   2.1  37:36.06 application
  17209 1001      20   0 1322412 345624  42292 S 400.0   2.1  37:40.06 application
  17209 1001      20   0 1322412 345888  42292 S 400.0   2.1  37:44.06 application
  17209 1001      20   0 1322412 346416  42292 S 399.0   2.1  37:48.05 application
  17209 1001      20   0 1322412 346416  42292 S 400.0   2.1  37:52.05 application
  17209 1001      20   0 1322412 346416  42292 S 401.0   2.1  37:56.06 application
  17209 1001      20   0 1322412 346416  42292 S 400.0   2.1  38:00.06 application
  17209 1001      20   0 1322412 346680  42292 S 396.0   2.1  38:04.06 application
  17209 1001      20   0 1322412 346680  42292 S 400.0   2.1  38:08.06 application
  17209 1001      20   0 1322412 346680  42292 S 400.0   2.1  38:12.06 application
  17209 1001      20   0 1323436 346680  42292 S 400.0   2.1  38:16.06 application
  17209 1001      20   0 1323436 346680  42292 S 400.0   2.1  38:20.06 application
  17209 1001      20   0 1323436 346680  42292 S 400.0   2.1  38:24.06 application
  17209 1001      20   0 1323436 347208  42292 S 400.0   2.1  38:28.06 application
  17209 1001      20   0 1323436 347208  42292 S 400.0   2.1  38:32.06 application
  17209 1001      20   0 1323436 347208  42292 S 396.0   2.1  38:36.06 application
  17209 1001      20   0 1323