  17209 1001      20   0 1364396 387864  42292 S   0.0   2.4  67:23.62 application
  17209 1001      20   0 1365420 388392  42292 S 384.0   2.4  67:27.46 application
  17209 1001      20   0 1365420 388392  42292 S 403.0   2.4  67:31.49 application
  17209 1001      20   0 1365420 388392  42292 S 401.0   2.4  67:35.50 application
  17209 1001      20   0 1365420 388392  42292 S 402.0   2.4  67:39.52 application
  17209 1001      20   0 1365420 388392  42292 S 399.0   2.4  67:43.51 application
  17209 1001      20   0 1365420 388656  42292 S 401.0   2.4  67:47.52 application
  17209 1001      20   0 1365420 388656  42292 S 398.0   2.4  67:51.54 application
  17209 1001      20   0 1365420 388920  42292 S 401.0   2.4  67:55.55 application
  17209 1001      20   0 1365420 388920  42292 S 401.0   2.4  67:59.56 application
  17209 1001      20   0 1365420 389184  42292 S 402.0   2.4  68:03.58 application
  17209 1001      20   0 1365420 389184  42292 S 401.0   2.4  68:07.59 application
  17209 1001      20   0 1365420 389184  42292 S 401.0   2.4  68:11.60 application
  17209 1001      20   0 1366444 389184  42292 S 399.0   2.4  68:15.59 application
  17209 1001      20   0 1366444 389184  42292 S 403.0   2.4  68:19.62 application
  17209 1001      20   0 1366444 389448  42292 S 395.0   2.4  68:23.61 application
  17209 1001      20   0 1366444 389976  42292 S 403.0   2.4  68:27.64 application
  17209 1001      20   0 1366444 390240  42292 S 395.0   2.4  68:31.59 application
  17209 1001      20   0 1366444 390240  42292 S 406.0   2.4  68:35.65 application
  17209 1001      20   0 1366444 390504  42292 S 401.0   2.4  68:39.66 application
  17209 1001      20   0 1366444 390504  42292 S 397.0   2.4  68:43.63 application
  17209 1001      20   0 1366444 390504  42292 S 403.0   2.4  68:47.66 application
  17209 1001      20   0 1366444 390504  42292 S 399.0   2.4  68:51.69 application
  17209 1001      20   0 1366444 390504  42292 S 400.0   2.4  68:55.69 application
  17209 1001      20   0 1367468 390504  42292 S 398.0   2.4  68:59.67 application
  17209 1001      20   0 1367468 390504  42292 S 406.0   2.4  69:03.73 application
  17209 1001      20   0 1367468 390504  42292 S 393.0   2.4  69:07.66 application
  17209 1001      20   0 1367468 390504  42292 S 409.0   2.4  69:11.75 application
  17209 1001      20   0 1367468 391032  42292 S 399.0   2.4  69:15.74 application
  17209 1001      20   0 1367468 391032  42292 S 398.0   2.4  69:19.72 application
  17209 1001      20   0 1367468 391032  42292 S 397.0   2.4  69:23.73 application
  17209 1001      20   0 1367468 391032  42292 S 406.0   2.4  69:27.79 application
  17209 1001      20   0 1367468 391032  42292 S 399.0   2.4  69:31.78 application
  17209 1001      20   0 1367468 391032  42292 S 400.0   2.4  69:35.78 application
  17209 1001      20   0 1367468 391032  42292 S 400.0   2.4  69:39.78 application
  17209 1001      20   0 1367468 391296  42292 S 401.0   2.4  69:43.79 application
  17209 1001      20   0 1367468 391296  42292 S 400.0   2.4  69:47.79 application
  17209 1001      20   0 1368492 391824  42292 S 399.0   2.4  69:51.78 application
  17209 1001      20   0 1368492 391824  42292 S 397.0   2.4  69:55.79 application
  17209 1001      20   0 1368492 391824  42292 S 400.0   2.4  69:59.79 application
  17209 1001      20   0 1368492 392088  42292 S 400.0   2.4  70:03.79 application
  17209 1001      20   0 1368492 392088  42292 S 401.0   2.4  70:07.80 application
  17209 1001      20   0 1368492 392088  42292 S 399.0   2.4  70:11.79 application
  17209 1001      20   0 1368492 392088  42292 S 400.0   2.4  70:15.79 application
  17209 1001      20   0 1368492 392088  42292 S 400.0   2.4  70:19.79 application
  17209 1001      20   0 1368492 392088  42292 S 400.0   2.4  70:23.79 application
  17209 1001      20   0 1368492 392088  42292 S 400.0   2.4  70:27.79 application
  17209 1001      20   0 1368492 392352  42292 S 397.0   2.4  70:31.80 application
  17209 1001      20   0 1368492 392616  42292 S 399.0   2.4  70:35.79 application
  17209 1001      20   0 1368