  63806 1001      20   0 3302028 346908  47732 S 113.3   2.1   5:59.54 application
  63806 1001      20   0 3303052 347436  47732 S 339.0   2.1   6:02.93 application
  63806 1001      20   0 3303052 347436  47732 S 339.6   2.1   6:06.36 application
  63806 1001      20   0 3303052 347700  47732 S 345.0   2.1   6:09.81 application
  63806 1001      20   0 3303052 347964  47732 S 342.0   2.1   6:13.23 application
  63806 1001      20   0 3303052 347964  47732 S 341.0   2.1   6:16.64 application
  63806 1001      20   0 3304076 347964  47732 S 342.0   2.1   6:20.06 application
  63806 1001      20   0 3394200 347964  47732 S 342.0   2.1   6:23.48 application
  63806 1001      20   0 3395224 349284  47732 S 341.0   2.1   6:26.89 application
  63806 1001      20   0 3395224 349284  47732 S 340.0   2.1   6:30.29 application
  63806 1001      20   0 3395224 349812  47732 S 345.0   2.1   6:33.74 application
  63806 1001      20   0 3395224 350076  47732 S 340.0   2.1   6:37.14 application
  63806 1001      20   0 3396248 350076  47732 S 340.6   2.1   6:40.58 application
  63806 1001      20   0 3396248 350076  47732 S 339.0   2.1   6:43.97 application
  63806 1001      20   0 3396248 350076  47732 S 340.0   2.1   6:47.37 application
  63806 1001      20   0 3396248 350340  47732 S 342.0   2.1   6:50.79 application
  63806 1001      20   0 3396248 350600  47732 S 343.0   2.1   6:54.22 application
  63806 1001      20   0 3397272 350864  47732 S 342.0   2.2   6:57.64 application
  63806 1001      20   0 3397272 351124  47732 S 343.0   2.2   7:01.07 application
  63806 1001      20   0 3397272 351388  47732 S 339.0   2.2   7:04.46 application
  63806 1001      20   0 3397272 351652  47732 S 344.0   2.2   7:07.90 application
  63806 1001      20   0 3397272 351652  47732 S 336.6   2.2   7:11.30 application
  63806 1001      20   0 3397272 351652  47732 S 341.0   2.2   7:14.71 application
  63806 1001      20   0 3398296 352180  47732 S 342.0   2.2   7:18.13 application
  63806 1001      20   0 3398296 352180  47732 S 342.0   2.2   7:21.55 application
  63806 1001      20   0 3398296 352180  47732 S 343.0   2.2   7:24.98 application
  63806 1001      20   0 3398296 352440  47732 S 344.0   2.2   7:28.42 application
  63806 1001      20   0 3398296 352704  47732 S 342.0   2.2   7:31.84 application
  63806 1001      20   0 3399320 352704  47732 S 341.0   2.2   7:35.25 application
  63806 1001      20   0 3399320 353228  47732 S 342.0   2.2   7:38.67 application
  63806 1001      20   0 3399320 353756  47732 S 343.0   2.2   7:42.10 application
  63806 1001      20   0 3399320 354020  47732 S 342.0   2.2   7:45.52 application
  63806 1001      20   0 3399320 354020  47732 S 341.6   2.2   7:48.97 application
  63806 1001      20   0 3399320 354280  47732 S 341.0   2.2   7:52.38 application
  63806 1001      20   0 3400344 354280  47732 S 342.0   2.2   7:55.80 application
  63806 1001      20   0 3400344 354280  47732 S 343.0   2.2   7:59.23 application
  63806 1001      20   0 3400344 354540  47732 S 342.0   2.2   8:02.65 application
  63806 1001      20   0 3400344 354896  47732 S 345.0   2.2   8:06.10 application
  63806 1001      20   0 3400344 354896  47732 S 343.0   2.2   8:09.53 application
  63806 1001      20   0 3400344 354896  47732 S 341.0   2.2   8:12.94 application
  63806 1001      20   0 3401368 355160  47732 S 344.0   2.2   8:16.38 application
  63806 1001      20   0 3401368 355688  47732 S 344.0   2.2   8:19.82 application
  63806 1001      20   0 3401368 355688  47732 S 338.6   2.2   8:23.24 application
  63806 1001      20   0 3401368 356216  47732 S 342.0   2.2   8:26.66 application
  63806 1001      20   0 3401368 356480  47732 S 341.0   2.2   8:30.07 application
  63806 1001      20   0 3401368 356744  47732 S 343.0   2.2   8:33.50 application
  63806 1001      20   0 3402392 356744  47732 S 336.0   2.2   8:36.86 application
  63806 1001      20   0 3402392 357008  47732 S 343.0   2.2   8:40.29 application
  63806 1001      20   0 3402392 357008  47732 S 339.0   2.2   8:43.68 application
  63806 1001      20   0 3402