  63130 1001      20   0 1291692 316120  42748 S   0.0   1.9   5:46.78 application
  63130 1001      20   0 1292716 316648  42748 S 267.0   1.9   5:49.45 application
  63130 1001      20   0 1292716 316648  42748 S 282.2   1.9   5:52.30 application
  63130 1001      20   0 1292716 316648  42748 S 278.0   1.9   5:55.08 application
  63130 1001      20   0 1292716 316648  42748 S 284.0   1.9   5:57.92 application
  63130 1001      20   0 1292716 316648  42748 S 280.0   1.9   6:00.72 application
  63130 1001      20   0 1292716 316648  42748 S 277.0   1.9   6:03.49 application
  63130 1001      20   0 1292716 316648  42748 S 277.0   1.9   6:06.26 application
  63130 1001      20   0 1292716 316648  42748 S 280.0   1.9   6:09.06 application
  63130 1001      20   0 1292716 316648  42748 S 278.2   1.9   6:11.87 application
  63130 1001      20   0 1292716 316648  42748 S 278.0   1.9   6:14.65 application
  63130 1001      20   0 1292716 316648  42748 S 277.0   1.9   6:17.42 application
  63130 1001      20   0 1292716 316648  42748 S 276.0   1.9   6:20.18 application
  63130 1001      20   0 1292716 316648  42748 S 275.0   1.9   6:22.93 application
  63130 1001      20   0 1292716 316648  42748 S 277.0   1.9   6:25.70 application
  63130 1001      20   0 1292716 316648  42748 S 277.0   1.9   6:28.47 application
  63130 1001      20   0 1292716 316648  42748 S 278.0   1.9   6:31.25 application
  63130 1001      20   0 1292716 316648  42748 S 274.3   1.9   6:34.02 application
  63130 1001      20   0 1292716 316648  42748 S 279.0   1.9   6:36.81 application
  63130 1001      20   0 1292716 316648  42748 S 278.0   1.9   6:39.59 application
  63130 1001      20   0 1292716 316648  42748 S 278.0   1.9   6:42.37 application
  63130 1001      20   0 1292716 316648  42748 S 271.0   1.9   6:45.08 application
  63130 1001      20   0 1292716 316648  42748 S 280.0   1.9   6:47.88 application
  63130 1001      20   0 1292716 316648  42748 S 280.0   1.9   6:50.68 application
  63130 1001      20   0 1292716 316648  42748 S 282.0   1.9   6:53.50 application
  63130 1001      20   0 1292716 316912  42748 S 277.2   1.9   6:56.30 application
  63130 1001      20   0 1292716 316912  42748 S 278.0   1.9   6:59.08 application
  63130 1001      20   0 1292716 317176  42748 S 273.0   1.9   7:01.81 application
  63130 1001      20   0 1292716 317176  42748 S 278.0   1.9   7:04.59 application
  63130 1001      20   0 1292716 317176  42748 S 280.0   1.9   7:07.39 application
  63130 1001      20   0 1292716 317176  42748 S 278.0   1.9   7:10.17 application
  63130 1001      20   0 1292716 317176  42748 S 282.0   1.9   7:12.99 application
  63130 1001      20   0 1292716 317176  42748 S 280.2   1.9   7:15.82 application
  63130 1001      20   0 1292716 317176  42748 S 284.0   1.9   7:18.66 application
  63130 1001      20   0 1292716 317176  42748 S 284.0   1.9   7:21.50 application
  63130 1001      20   0 1292716 317176  42748 S 283.0   1.9   7:24.33 application
  63130 1001      20   0 1292716 317176  42748 S 284.0   1.9   7:27.17 application
  63130 1001      20   0 1292716 317176  42748 S 284.0   1.9   7:30.01 application
  63130 1001      20   0 1292716 317176  42748 S 283.0   1.9   7:32.84 application
  63130 1001      20   0 1292716 317176  42748 S 284.0   1.9   7:35.68 application
  63130 1001      20   0 1292716 317176  42748 S 283.0   1.9   7:38.51 application
  63130 1001      20   0 1292716 317176  42748 S 279.2   1.9   7:41.33 application
  63130 1001      20   0 1292716 317176  42748 S 282.0   1.9   7:44.15 application
  63130 1001      20   0 1292716 317176  42748 S 282.0   1.9   7:46.97 application
  63130 1001      20   0 1292716 317176  42748 S 284.0   1.9   7:49.81 application
  63130 1001      20   0 1292716 317176  42748 S 285.0   1.9   7:52.66 application
  63130 1001      20   0 1292716 317176  42748 S 287.0   1.9   7:55.53 application
  63130 1001      20   0 1292716 317176  42748 S 286.0   1.9   7:58.39 application
  63130 1001      20   0 1292716 317176  42748 S 286.0   1.9   8:01.25 application
  63130 1001      20   0 1292