  17994 1001      20   0 3529364 360652  47524 S   0.0   2.2   9:27.88 application
  17994 1001      20   0 3529364 361180  47524 S 364.0   2.2   9:31.52 application
  17994 1001      20   0 3538584 361444  47524 S 418.0   2.2   9:35.70 application
  17994 1001      20   0 3539608 362500  47524 S 403.0   2.2   9:39.73 application
  17994 1001      20   0 3580588 363292  47524 S 398.0   2.2   9:43.75 application
  17994 1001      20   0 3852976 365256  47652 S 399.0   2.2   9:47.74 application
  17994 1001      20   0 3927732 365520  47652 S 399.0   2.2   9:51.73 application
  17994 1001      20   0 3927732 365520  47652 S 401.0   2.2   9:55.74 application
  17994 1001      20   0 3927732 365784  47652 S 400.0   2.2   9:59.74 application
  17994 1001      20   0 3928756 365784  47652 S 401.0   2.2  10:03.75 application
  17994 1001      20   0 3928756 366312  47652 S 400.0   2.2  10:07.75 application
  17994 1001      20   0 3928756 366836  47652 S 399.0   2.2  10:11.74 application
  17994 1001      20   0 3928756 367100  47652 S 400.0   2.3  10:15.74 application
  17994 1001      20   0 3929780 367364  47652 S 396.0   2.3  10:19.74 application
  17994 1001      20   0 3929780 367628  47652 S 401.0   2.3  10:23.75 application
  17994 1001      20   0 3929780 367892  47652 S 399.0   2.3  10:27.74 application
  17994 1001      20   0 3930804 368156  47652 S 400.0   2.3  10:31.74 application
  17994 1001      20   0 3930804 368416  47652 S 400.0   2.3  10:35.74 application
  17994 1001      20   0 3930804 368416  47652 S 400.0   2.3  10:39.74 application
  17994 1001      20   0 3931828 368944  47652 S 401.0   2.3  10:43.75 application
  17994 1001      20   0 3931828 369208  47652 S 399.0   2.3  10:47.74 application
  17994 1001      20   0 4154048 370264  47652 S 396.0   2.3  10:51.74 application
  17994 1001      20   0 5038832 371056  47652 S 400.0   2.3  10:55.74 application
  17994 1001      20   0 5042928 375012  47652 S 401.0   2.3  10:59.75 application
  17994 1001      20   0 5042928 375012  47652 S 399.0   2.3  11:03.74 application
  17994 1001      20   0 5043952 375276  47652 S 401.0   2.3  11:07.75 application
  17994 1001      20   0 5043952 375804  47652 S 399.0   2.3  11:11.74 application
  17994 1001      20   0 5043952 375804  47652 S 400.0   2.3  11:15.74 application
  17994 1001      20   0 5044976 376852  47652 S 400.0   2.3  11:19.74 application
  17994 1001      20   0 5044976 376852  47652 S 396.0   2.3  11:23.74 application
  17994 1001      20   0 5044976 376852  47652 S 400.0   2.3  11:27.74 application
  17994 1001      20   0 5044976 377116  47652 S 400.0   2.3  11:31.74 application
  17994 1001      20   0 5046000 377116  47652 S 401.0   2.3  11:35.75 application
  17994 1001      20   0 5046000 377116  47652 S 400.0   2.3  11:39.75 application
  17994 1001      20   0 5046000 377644  47652 S 400.0   2.3  11:43.75 application
  17994 1001      20   0 5047024 377908  47652 S 399.0   2.3  11:47.74 application
  17994 1001      20   0 5048048 378960  47652 S 400.0   2.3  11:51.74 application
  17994 1001      20   0 5048048 379224  47652 S 397.0   2.3  11:55.75 application
  17994 1001      20   0 5048048 379488  47652 S 399.0   2.3  11:59.74 application
  17994 1001      20   0 5048048 380016  47652 S 400.0   2.3  12:03.74 application
  17994 1001      20   0 5048048 380016  47652 S 400.0   2.3  12:07.74 application
  17994 1001      20   0 5048048 380016  47652 S 400.0   2.3  12:11.74 application
  17994 1001      20   0 5049072 380280  47652 S 401.0   2.3  12:15.75 application
  17994 1001      20   0 5049072 380540  47652 S 399.0   2.3  12:19.74 application
  17994 1001      20   0 5049072 381064  47652 S 397.0   2.3  12:23.75 application
  17994 1001      20   0 5050096 381592  47652 S 401.0   2.3  12:27.76 application
  17994 1001      20   0 5050096 381592  47652 S 401.0   2.3  12:31.77 application
  17994 1001      20   0 5050096 382120  47652 S 401.0   2.3  12:35.78 application
  17994 1001      20   0 5643024 384496  47652 S 401.0   2.4  12:39.79 application
  17994 1001      20   0 5643