  17209 1001      20   0 1340844 364896  42292 S   0.0   2.2  51:23.78 application
  17209 1001      20   0 1341868 365424  42292 S 394.0   2.2  51:27.72 application
  17209 1001      20   0 1341868 365424  42292 S 396.0   2.2  51:31.72 application
  17209 1001      20   0 1341868 365424  42292 S 400.0   2.2  51:35.72 application
  17209 1001      20   0 1341868 365424  42292 S 401.0   2.2  51:39.73 application
  17209 1001      20   0 1341868 365688  42292 S 399.0   2.2  51:43.72 application
  17209 1001      20   0 1341868 365952  42292 S 401.0   2.2  51:47.73 application
  17209 1001      20   0 1341868 365952  42292 S 400.0   2.2  51:51.73 application
  17209 1001      20   0 1341868 365952  42292 S 399.0   2.2  51:55.72 application
  17209 1001      20   0 1342892 365952  42292 S 401.0   2.2  51:59.73 application
  17209 1001      20   0 1342892 365952  42292 S 395.0   2.2  52:03.72 application
  17209 1001      20   0 1342892 366480  42292 S 402.0   2.2  52:07.74 application
  17209 1001      20   0 1342892 366744  42292 S 401.0   2.2  52:11.75 application
  17209 1001      20   0 1342892 366744  42292 S 401.0   2.2  52:15.76 application
  17209 1001      20   0 1342892 366744  42292 S 400.0   2.2  52:19.76 application
  17209 1001      20   0 1342892 366744  42292 S 401.0   2.2  52:23.77 application
  17209 1001      20   0 1342892 366744  42292 S 402.0   2.2  52:27.79 application
  17209 1001      20   0 1342892 366744  42292 S 401.0   2.2  52:31.80 application
  17209 1001      20   0 1342892 366744  42292 S 396.0   2.2  52:35.80 application
  17209 1001      20   0 1342892 367008  42292 S 401.0   2.3  52:39.81 application
  17209 1001      20   0 1342892 367008  42292 S 401.0   2.3  52:43.82 application
  17209 1001      20   0 1343916 367008  42292 S 403.0   2.3  52:47.85 application
  17209 1001      20   0 1343916 367008  42292 S 399.0   2.3  52:51.84 application
  17209 1001      20   0 1343916 367272  42292 S 401.0   2.3  52:55.85 application
  17209 1001      20   0 1343916 367272  42292 S 402.0   2.3  52:59.87 application
  17209 1001      20   0 1343916 367272  42292 S 396.0   2.3  53:03.87 application
  17209 1001      20   0 1343916 367536  42292 S 402.0   2.3  53:07.89 application
  17209 1001      20   0 1343916 367800  42292 S 401.0   2.3  53:11.90 application
  17209 1001      20   0 1343916 367800  42292 S 399.0   2.3  53:15.89 application
  17209 1001      20   0 1343916 368328  42292 S 402.0   2.3  53:19.91 application
  17209 1001      20   0 1343916 368328  42292 S 400.0   2.3  53:23.91 application
  17209 1001      20   0 1344940 368328  42292 S 399.0   2.3  53:27.90 application
  17209 1001      20   0 1344940 368328  42292 S 399.0   2.3  53:31.93 application
  17209 1001      20   0 1344940 368328  42292 S 401.0   2.3  53:35.94 application
  17209 1001      20   0 1344940 368328  42292 S 401.0   2.3  53:39.95 application
  17209 1001      20   0 1344940 368328  42292 S 401.0   2.3  53:43.96 application
  17209 1001      20   0 1344940 368328  42292 S 401.0   2.3  53:47.97 application
  17209 1001      20   0 1344940 368592  42292 S 402.0   2.3  53:51.99 application
  17209 1001      20   0 1344940 368592  42292 S 399.0   2.3  53:55.98 application
  17209 1001      20   0 1344940 368856  42292 S 398.0   2.3  54:00.00 application
  17209 1001      20   0 1344940 368856  42292 S 402.0   2.3  54:04.02 application
  17209 1001      20   0 1344940 368856  42292 S 401.0   2.3  54:08.03 application
  17209 1001      20   0 1344940 369120  42292 S 400.0   2.3  54:12.03 application
  17209 1001      20   0 1345964 369120  42292 S 402.0   2.3  54:16.05 application
  17209 1001      20   0 1346988 370176  42292 S 398.0   2.3  54:20.03 application
  17209 1001      20   0 1346988 370176  42292 S 402.0   2.3  54:24.05 application
  17209 1001      20   0 1346988 370176  42292 S 396.0   2.3  54:28.05 application
  17209 1001      20   0 1346988 370176  42292 S 402.0   2.3  54:32.07 application
  17209 1001      20   0 1346988 370176  42292 S 401.0   2.3  54:36.08 application
  17209 1001      20   0 1346