  11246 root      20   0 9226748 436776  29108 S 366.7   2.7   1:24.75 java
  11246 root      20   0 9226748 453272  29108 S 317.0   2.8   1:27.92 java
  11246 root      20   0 9226748 453296  29108 S  88.1   2.8   1:28.81 java
  11246 root      20   0 9226748 453296  29108 S  77.0   2.8   1:29.58 java
  11246 root      20   0 9226748 434304  29108 S  77.0   2.7   1:30.35 java
  11246 root      20   0 9226748 434304  29108 S  77.0   2.7   1:31.12 java
  11246 root      20   0 9226748 434324  29108 S  78.0   2.7   1:31.90 java
  11246 root      20   0 9226748 434324  29108 S  77.0   2.7   1:32.67 java
  11246 root      20   0 9226748 434324  29108 S  78.0   2.7   1:33.45 java
  11246 root      20   0 9226748 434324  29108 S  77.0   2.7   1:34.22 java
  11246 root      20   0 9226748 434324  29108 S  76.0   2.7   1:34.98 java
  11246 root      20   0 9226748 434324  29108 S  78.0   2.7   1:35.76 java
  11246 root      20   0 9226748 434324  29108 S  74.3   2.7   1:36.51 java
  11246 root      20   0 9226748 434324  29108 S  78.0   2.7   1:37.29 java
  11246 root      20   0 9226748 434324  29108 S  76.0   2.7   1:38.05 java
  11246 root      20   0 9226748 434324  29108 S  76.0   2.7   1:38.81 java
  11246 root      20   0 9226748 434324  29108 S  77.0   2.7   1:39.58 java
  11246 root      20   0 9226748 434324  29108 S  78.0   2.7   1:40.36 java
  11246 root      20   0 9226748 434324  29108 S  75.0   2.7   1:41.11 java
  11246 root      20   0 9226748 434324  29108 S  76.0   2.7   1:41.87 java
  11246 root      20   0 9226748 434324  29108 S  77.0   2.7   1:42.64 java
  11246 root      20   0 9226748 434324  29108 S  74.3   2.7   1:43.39 java
  11246 root      20   0 9226748 434324  29108 S  77.0   2.7   1:44.16 java
  11246 root      20   0 9226748 434324  29108 S  77.0   2.7   1:44.93 java
  11246 root      20   0 9226748 434324  29108 S  75.0   2.7   1:45.68 java
  11246 root      20   0 9226748 434324  29108 S  76.0   2.7   1:46.44 java
  11246 root      20   0 9226748 434324  29108 S  76.0   2.7   1:47.20 java
  11246 root      20   0 9226748 434324  29108 S  75.0   2.7   1:47.95 java
  11246 root      20   0 9226748 434324  29108 S  75.0   2.7   1:48.70 java
  11246 root      20   0 9226748 434324  29108 S  78.0   2.7   1:49.48 java
  11246 root      20   0 9226748 434324  29108 S  76.0   2.7   1:50.24 java
  11246 root      20   0 9226748 434324  29108 S  76.0   2.7   1:51.00 java
  11246 root      20   0 9226748 434324  29108 S  74.3   2.7   1:51.75 java
  11246 root      20   0 9226748 434324  29108 S  78.0   2.7   1:52.53 java
  11246 root      20   0 9226748 434324  29108 S  75.0   2.7   1:53.28 java
  11246 root      20   0 9226748 434324  29108 S  76.0   2.7   1:54.04 java
  11246 root      20   0 9226748 434324  29108 S  75.0   2.7   1:54.79 java
  11246 root      20   0 9226748 434324  29108 S  76.0   2.7   1:55.55 java
  11246 root      20   0 9226748 434324  29108 S  76.0   2.7   1:56.31 java
  11246 root      20   0 9226748 434324  29108 S  76.0   2.7   1:57.07 java
  11246 root      20   0 9226748 434324  29108 S  76.0   2.7   1:57.83 java
  11246 root      20   0 9226748 434324  29108 S  76.0   2.7   1:58.59 java
  11246 root      20   0 9226748 434324  29108 S  76.2   2.7   1:59.36 java
  11246 root      20   0 9226748 434324  29108 S  75.0   2.7   2:00.11 java
  11246 root      20   0 9226748 434324  29108 S  77.0   2.7   2:00.88 java
  11246 root      20   0 9226748 434324  29108 S  76.0   2.7   2:01.64 java
  11246 root      20   0 9226748 434324  29108 S  75.0   2.7   2:02.39 java
  11246 root      20   0 9226748 434324  29108 S  76.0   2.7   2:03.15 java
  11246 root      20   0 9226748 434324  29108 S  75.0   2.7   2:03.90 java
  11246 root      20   0 9226748 434324  29108 S  76.0   2.7   2:04.66 java
  11246 root      20   0 9226748 434324  29108 S  76.0   2.7   2:05.42 java
  11246 root      20   0 9226748 434324  29108 S  75.2   2.7   2:06.18 java
  11246 root      20   0 9226748 434324  29108 S  76.0   2.7   2:06.94 java
  11246 root      20   0 9226748 434324  29108 S  77.0   2.7   2:07.