  11246 root      20   0 9226748 563980  29108 S 246.7   3.5  55:26.82 java
  11246 root      20   0 9226748 563980  29108 S 400.0   3.5  55:30.82 java
  11246 root      20   0 9226748 563980  29108 S 396.0   3.5  55:34.78 java
  11246 root      20   0 9226748 563980  29108 S 397.0   3.5  55:38.75 java
  11246 root      20   0 9226748 564420  29108 S 398.0   3.5  55:42.73 java
  11246 root      20   0 9226748 564420  29108 S 399.0   3.5  55:46.72 java
  11246 root      20   0 9226748 564420  29108 S 398.0   3.5  55:50.70 java
  11246 root      20   0 9226748 564420  29108 S 399.0   3.5  55:54.69 java
  11246 root      20   0 9226748 564420  29108 S 395.0   3.5  55:58.68 java
  11246 root      20   0 9226748 564420  29108 S 400.0   3.5  56:02.68 java
  11246 root      20   0 9226748 564420  29108 S 397.0   3.5  56:06.65 java
  11246 root      20   0 9226748 564420  29108 S 400.0   3.5  56:10.65 java
  11246 root      20   0 9226748 564420  29108 S 398.0   3.5  56:14.63 java
  11246 root      20   0 9226748 564420  29108 S 397.0   3.5  56:18.60 java
  11246 root      20   0 9226748 564420  29108 S 399.0   3.5  56:22.59 java
  11246 root      20   0 9226748 564420  29108 S 398.0   3.5  56:26.57 java
  11246 root      20   0 9226748 564420  29108 S 398.0   3.5  56:30.55 java
  11246 root      20   0 9226748 564636  29108 S 398.0   3.5  56:34.53 java
  11246 root      20   0 9226748 564636  29108 S 396.0   3.5  56:38.53 java
  11246 root      20   0 9226748 564636  29108 S 399.0   3.5  56:42.52 java
  11246 root      20   0 9226748 564636  29108 S 398.0   3.5  56:46.50 java
  11246 root      20   0 9226748 564636  29108 S 396.0   3.5  56:50.46 java
  11246 root      20   0 9226748 564636  29108 S 398.0   3.5  56:54.44 java
  11246 root      20   0 9226748 564636  29108 S 398.0   3.5  56:58.42 java
  11246 root      20   0 9226748 564636  29108 S 400.0   3.5  57:02.42 java
  11246 root      20   0 9226748 564636  29108 S 397.0   3.5  57:06.39 java
  11246 root      20   0 9226748 564636  29108 S 396.0   3.5  57:10.35 java
  11246 root      20   0 9226748 564636  29108 S 394.1   3.5  57:14.33 java
  11246 root      20   0 9226748 564636  29108 S 395.0   3.5  57:18.28 java
  11246 root      20   0 9226748 564636  29108 S 400.0   3.5  57:22.28 java
  11246 root      20   0 9226748 639712  29108 S 399.0   3.9  57:26.27 java
  11246 root      20   0 9226748 639712  29108 S 401.0   3.9  57:30.28 java
  11246 root      20   0 9226748 639712  29108 S 400.0   3.9  57:34.28 java
  11246 root      20   0 9226748 639712  29108 S 394.0   3.9  57:38.22 java
  11246 root      20   0 9226748 639712  29108 S 399.0   3.9  57:42.21 java
  11246 root      20   0 9226748 639712  29108 S 398.0   3.9  57:46.19 java
  11246 root      20   0 9226748 639712  29108 S 392.0   3.9  57:50.11 java
  11246 root      20   0 9226748 639712  29108 S 399.0   3.9  57:54.10 java
  11246 root      20   0 9226748 639712  29108 S 392.1   3.9  57:58.06 java
  11246 root      20   0 9226748 639712  29108 S 399.0   3.9  58:02.05 java
  11246 root      20   0 9226748 639712  29108 S 395.0   3.9  58:06.00 java
  11246 root      20   0 9226748 639712  29108 S 402.0   3.9  58:10.02 java
  11246 root      20   0 9226748 639712  29108 S 396.0   3.9  58:13.98 java
  11246 root      20   0 9226748 639712  29108 S 400.0   3.9  58:17.98 java
  11246 root      20   0 9226748 639712  29108 S 400.0   3.9  58:21.98 java
  11246 root      20   0 9226748 639712  29108 S 398.0   3.9  58:25.96 java
  11246 root      20   0 9226748 639712  29108 S 399.0   3.9  58:29.95 java
  11246 root      20   0 9226748 639712  29108 S 393.0   3.9  58:33.88 java
  11246 root      20   0 9226748 639712  29108 S 395.0   3.9  58:37.87 java
  11246 root      20   0 9226748 639712  29108 S 400.0   3.9  58:41.87 java
  11246 root      20   0 9226748 639712  29108 S 393.0   3.9  58:45.80 java
  11246 root      20   0 9226748 639712  29108 S 403.0   3.9  58:49.83 java
  11246 root      20   0 9226748 639712  29108 S 399.0   3.9  58:53.82 java
  11246 root      20   0 9226748 639712  29108 S 400.0   3.9  58:57.