  11246 root      20   0 9226748 436812  29108 S   6.7   2.7   5:27.40 java
  11246 root      20   0 9226748 436976  29108 S 236.0   2.7   5:29.76 java
  11246 root      20   0 9226748 436976  29108 S 234.0   2.7   5:32.10 java
  11246 root      20   0 9226748 436976  29108 S 238.0   2.7   5:34.48 java
  11246 root      20   0 9226748 436976  29108 S 235.0   2.7   5:36.83 java
  11246 root      20   0 9226748 436976  29108 S 237.0   2.7   5:39.20 java
  11246 root      20   0 9226748 436992  29108 S 231.7   2.7   5:41.54 java
  11246 root      20   0 9226748 437172  29108 S 239.0   2.7   5:43.93 java
  11246 root      20   0 9226748 437172  29108 S 238.0   2.7   5:46.31 java
  11246 root      20   0 9226748 437172  29108 S 238.0   2.7   5:48.69 java
  11246 root      20   0 9226748 437172  29108 S 233.0   2.7   5:51.02 java
  11246 root      20   0 9226748 437180  29108 S 231.0   2.7   5:53.33 java
  11246 root      20   0 9226748 437180  29108 S 235.0   2.7   5:55.68 java
  11246 root      20   0 9226748 437180  29108 S 236.0   2.7   5:58.04 java
  11246 root      20   0 9226748 437368  29108 S 235.0   2.7   6:00.39 java
  11246 root      20   0 9226748 437368  29108 S 236.0   2.7   6:02.75 java
  11246 root      20   0 9226748 437368  29108 S 241.0   2.7   6:05.16 java
  11246 root      20   0 9226748 437368  29108 S 232.7   2.7   6:07.51 java
  11246 root      20   0 9226748 437368  29108 S 235.0   2.7   6:09.86 java
  11246 root      20   0 9226748 437368  29108 S 237.0   2.7   6:12.23 java
  11246 root      20   0 9226748 437368  29108 S 235.0   2.7   6:14.58 java
  11246 root      20   0 9226748 437368  29108 S 234.0   2.7   6:16.92 java
  11246 root      20   0 9226748 437368  29108 S 235.0   2.7   6:19.27 java
  11246 root      20   0 9226748 437368  29108 S 236.0   2.7   6:21.63 java
  11246 root      20   0 9226748 437368  29108 S 233.0   2.7   6:23.96 java
  11246 root      20   0 9226748 437368  29108 S 236.0   2.7   6:26.32 java
  11246 root      20   0 9226748 437368  29108 S 239.0   2.7   6:28.71 java
  11246 root      20   0 9226748 437368  29108 S 230.7   2.7   6:31.04 java
  11246 root      20   0 9226748 437368  29108 S 232.0   2.7   6:33.36 java
  11246 root      20   0 9226748 437368  29108 S 233.0   2.7   6:35.69 java
  11246 root      20   0 9226748 437368  29108 S 234.0   2.7   6:38.03 java
  11246 root      20   0 9226748 437368  29108 S 238.0   2.7   6:40.41 java
  11246 root      20   0 9226748 437368  29108 S 235.0   2.7   6:42.76 java
  11246 root      20   0 9226748 437368  29108 S 234.0   2.7   6:45.10 java
  11246 root      20   0 9226748 437368  29108 S 235.0   2.7   6:47.45 java
  11246 root      20   0 9226748 437368  29108 S 234.0   2.7   6:49.79 java
  11246 root      20   0 9226748 437368  29108 S 231.7   2.7   6:52.13 java
  11246 root      20   0 9226748 437368  29108 S 232.0   2.7   6:54.45 java
  11246 root      20   0 9226748 437368  29108 S 235.0   2.7   6:56.80 java
  11246 root      20   0 9226748 437368  29108 S 233.0   2.7   6:59.13 java
  11246 root      20   0 9226748 437368  29108 S 235.0   2.7   7:01.48 java
  11246 root      20   0 9226748 437368  29108 S 234.0   2.7   7:03.82 java
  11246 root      20   0 9226748 437368  29108 S 231.0   2.7   7:06.13 java
  11246 root      20   0 9226748 437368  29108 S 232.0   2.7   7:08.45 java
  11246 root      20   0 9226748 437368  29108 S 237.0   2.7   7:10.82 java
  11246 root      20   0 9226748 437368  29108 S 232.0   2.7   7:13.14 java
  11246 root      20   0 9226748 437368  29108 S 238.0   2.7   7:15.52 java
  11246 root      20   0 9226748 437368  29108 S 231.7   2.7   7:17.86 java
  11246 root      20   0 9226748 437368  29108 S 233.0   2.7   7:20.19 java
  11246 root      20   0 9226748 437368  29108 S 232.0   2.7   7:22.51 java
  11246 root      20   0 9226748 437368  29108 S 235.0   2.7   7:24.86 java
  11246 root      20   0 9226748 437368  29108 S 237.0   2.7   7:27.23 java
  11246 root      20   0 9226748 437368  29108 S 231.0   2.7   7:29.54 java
  11246 root      20   0 9226748 437368  29108 S 234.0   2.7   7:31.