  11246 root      20   0 8552888 176508  29012 S 313.3   1.1   0:04.64 java
  11246 root      20   0 9230832 275552  29044 S 397.0   1.7   0:08.65 java
  11246 root      20   0 9230900 284600  29044 S 401.0   1.7   0:12.66 java
  11246 root      20   0 9226748 295112  29044 S 401.0   1.8   0:16.67 java
  11246 root      20   0 9226748 370168  29044 S 402.0   2.3   0:20.69 java
  11246 root      20   0 9226748 403344  29044 S 401.0   2.5   0:24.70 java
  11246 root      20   0 9226748 448756  29044 S 401.0   2.8   0:28.71 java
  11246 root      20   0 9226748 446960  29044 S 400.0   2.7   0:32.71 java
  11246 root      20   0 9226748 447724  29044 S 402.0   2.7   0:36.73 java
  11246 root      20   0 9226748 450280  29044 S 401.0   2.8   0:40.74 java
  11246 root      20   0 9226748 451076  29108 S 401.0   2.8   0:44.75 java
  11246 root      20   0 9226748 451732  29108 S 356.0   2.8   0:48.31 java
  11246 root      20   0 9226748 451732  29108 S  78.2   2.8   0:49.10 java
  11246 root      20   0 9226748 451732  29108 S  80.0   2.8   0:49.90 java
  11246 root      20   0 9226748 431668  29108 S  80.0   2.6   0:50.70 java
  11246 root      20   0 9226748 432196  29108 S  78.0   2.7   0:51.48 java
  11246 root      20   0 9226748 432196  29108 S  72.0   2.7   0:52.20 java
  11246 root      20   0 9226748 432196  29108 S  77.0   2.7   0:52.97 java
  11246 root      20   0 9226748 436176  29108 S  81.0   2.7   0:53.78 java
  11246 root      20   0 9226748 436176  29108 S  75.0   2.7   0:54.53 java
  11246 root      20   0 9226748 436360  29108 S  74.0   2.7   0:55.27 java
  11246 root      20   0 9226748 436360  29108 S  71.3   2.7   0:55.99 java
  11246 root      20   0 9226748 436360  29108 S  72.0   2.7   0:56.71 java
  11246 root      20   0 9226748 436360  29108 S  74.0   2.7   0:57.45 java
  11246 root      20   0 9226748 436360  29108 S  72.0   2.7   0:58.17 java
  11246 root      20   0 9226748 436360  29108 S  73.0   2.7   0:58.90 java
  11246 root      20   0 9226748 436360  29108 S  74.0   2.7   0:59.64 java
  11246 root      20   0 9226748 436360  29108 S  73.0   2.7   1:00.37 java
  11246 root      20   0 9226748 436360  29108 S  72.0   2.7   1:01.09 java
  11246 root      20   0 9226748 436360  29108 S  72.0   2.7   1:01.81 java
  11246 root      20   0 9226748 436360  29108 S  71.3   2.7   1:02.53 java
  11246 root      20   0 9226748 436360  29108 S  74.0   2.7   1:03.27 java
  11246 root      20   0 9226748 436360  29108 S  71.0   2.7   1:03.98 java
  11246 root      20   0 9226748 436360  29108 S  72.0   2.7   1:04.70 java
  11246 root      20   0 9226748 436360  29108 S  73.0   2.7   1:05.43 java
  11246 root      20   0 9226748 436360  29108 S  71.0   2.7   1:06.14 java
  11246 root      20   0 9226748 436360  29108 S  75.0   2.7   1:06.89 java
  11246 root      20   0 9226748 436360  29108 S  72.0   2.7   1:07.61 java
  11246 root      20   0 9226748 436360  29108 S  72.0   2.7   1:08.33 java
  11246 root      20   0 9226748 436360  29108 S  73.0   2.7   1:09.06 java
  11246 root      20   0 9226748 436360  29108 S  74.0   2.7   1:09.80 java
  11246 root      20   0 9226748 436360  29108 S  70.3   2.7   1:10.51 java
  11246 root      20   0 9226748 436360  29108 S  72.0   2.7   1:11.23 java
  11246 root      20   0 9226748 436360  29108 S  72.0   2.7   1:11.95 java
  11246 root      20   0 9226748 436360  29108 S  72.0   2.7   1:12.67 java
  11246 root      20   0 9226748 436360  29108 S  72.0   2.7   1:13.39 java
  11246 root      20   0 9226748 436360  29108 S  71.0   2.7   1:14.10 java
  11246 root      20   0 9226748 436360  29108 S  71.0   2.7   1:14.81 java
  11246 root      20   0 9226748 436360  29108 S  74.0   2.7   1:15.55 java
  11246 root      20   0 9226748 436360  29108 S  72.0   2.7   1:16.27 java
  11246 root      20   0 9226748 436360  29108 S  73.0   2.7   1:17.00 java
  11246 root      20   0 9226748 436360  29108 S  71.3   2.7   1:17.72 java
  11246 root      20   0 9226748 436360  29108 S  72.0   2.7   1:18.44 java
  11246 root      20   0 9226748 436436  29108 S  74.0   2.7   1:19.