  11246 root      20   0 9226748 440276  29108 S   0.0   2.7  16:12.28 java
  11246 root      20   0 9226748 440276  29108 S 289.0   2.7  16:15.17 java
  11246 root      20   0 9226748 440276  29108 S 303.0   2.7  16:18.20 java
  11246 root      20   0 9226748 440276  29108 S 301.0   2.7  16:21.21 java
  11246 root      20   0 9226748 440476  29108 S 297.0   2.7  16:24.18 java
  11246 root      20   0 9226748 440476  29108 S 302.0   2.7  16:27.20 java
  11246 root      20   0 9226748 440476  29108 S 308.0   2.7  16:30.28 java
  11246 root      20   0 9226748 440476  29108 S 313.0   2.7  16:33.41 java
  11246 root      20   0 9226748 440476  29108 S 302.0   2.7  16:36.43 java
  11246 root      20   0 9226748 440476  29108 S 310.9   2.7  16:39.57 java
  11246 root      20   0 9226748 440692  29108 S 317.0   2.7  16:42.74 java
  11246 root      20   0 9226748 440692  29108 S 321.0   2.7  16:45.95 java
  11246 root      20   0 9226748 440692  29108 S 311.0   2.7  16:49.06 java
  11246 root      20   0 9226748 440692  29108 S 301.0   2.7  16:52.07 java
  11246 root      20   0 9226748 440692  29108 S 304.0   2.7  16:55.11 java
  11246 root      20   0 9226748 440692  29108 S 319.0   2.7  16:58.30 java
  11246 root      20   0 9226748 440692  29108 S 318.0   2.7  17:01.48 java
  11246 root      20   0 9226748 440692  29108 S 305.0   2.7  17:04.53 java
  11246 root      20   0 9226748 440692  29108 S 310.0   2.7  17:07.63 java
  11246 root      20   0 9226748 440692  29108 S 312.0   2.7  17:10.75 java
  11246 root      20   0 9226748 440692  29108 S 303.0   2.7  17:13.81 java
  11246 root      20   0 9226748 440692  29108 S 305.0   2.7  17:16.86 java
  11246 root      20   0 9226748 440692  29108 S 304.0   2.7  17:19.90 java
  11246 root      20   0 9226748 440692  29108 S 296.0   2.7  17:22.86 java
  11246 root      20   0 9226748 440692  29108 S 298.0   2.7  17:25.84 java
  11246 root      20   0 9226748 440692  29108 S 289.0   2.7  17:28.73 java
  11246 root      20   0 9226748 440692  29108 S 297.0   2.7  17:31.70 java
  11246 root      20   0 9226748 440692  29108 S 304.0   2.7  17:34.74 java
  11246 root      20   0 9226748 440692  29108 S 310.0   2.7  17:37.84 java
  11246 root      20   0 9226748 440692  29108 S 305.0   2.7  17:40.89 java
  11246 root      20   0 9226748 440692  29108 S 299.0   2.7  17:43.91 java
  11246 root      20   0 9226748 440692  29108 S 291.0   2.7  17:46.82 java
  11246 root      20   0 9226748 440692  29108 S 304.0   2.7  17:49.86 java
  11246 root      20   0 9226748 440692  29108 S 306.0   2.7  17:52.92 java
  11246 root      20   0 9226748 440692  29108 S 288.0   2.7  17:55.80 java
  11246 root      20   0 9226748 440692  29108 S 298.0   2.7  17:58.78 java
  11246 root      20   0 9226748 440692  29108 S 305.0   2.7  18:01.83 java
  11246 root      20   0 9226748 440692  29108 S 315.0   2.7  18:04.98 java
  11246 root      20   0 9226748 440692  29108 S 313.0   2.7  18:08.11 java
  11246 root      20   0 9226748 440692  29108 S 302.0   2.7  18:11.16 java
  11246 root      20   0 9226748 440692  29108 S 295.0   2.7  18:14.11 java
  11246 root      20   0 9226748 440692  29108 S 307.0   2.7  18:17.18 java
  11246 root      20   0 9226748 440692  29108 S 305.0   2.7  18:20.23 java
  11246 root      20   0 9226748 440692  29108 S 312.0   2.7  18:23.35 java
  11246 root      20   0 9226748 440692  29108 S 312.0   2.7  18:26.47 java
  11246 root      20   0 9226748 440692  29108 S 312.0   2.7  18:29.59 java
  11246 root      20   0 9226748 440692  29108 S 309.0   2.7  18:32.68 java
  11246 root      20   0 9226748 440692  29108 S 307.0   2.7  18:35.75 java
  11246 root      20   0 9226748 440904  29108 S 306.0   2.7  18:38.81 java
  11246 root      20   0 9226748 440904  29108 S 303.0   2.7  18:41.84 java
  11246 root      20   0 9226748 440904  29108 S 303.0   2.7  18:44.90 java
  11246 root      20   0 9226748 440904  29108 S 296.0   2.7  18:47.86 java
  11246 root      20   0 9226748 440904  29108 S 303.0   2.7  18:50.89 java
  11246 root      20   0 9226748 440904  29108 S 301.0   2.7  18:53.