  36030 root      20   0 9218556 488664  29032 S 173.3   3.0  40:02.15 java
  36030 root      20   0 9218556 488664  29032 S 398.0   3.0  40:06.13 java
  36030 root      20   0 9218556 488664  29032 S 407.0   3.0  40:10.20 java
  36030 root      20   0 9218556 488664  29032 S 397.0   3.0  40:14.17 java
  36030 root      20   0 9218556 488840  29032 S 393.1   3.0  40:18.14 java
  36030 root      20   0 9218556 488840  29032 S 399.0   3.0  40:22.13 java
  36030 root      20   0 9218556 488840  29032 S 392.0   3.0  40:26.05 java
  36030 root      20   0 9218556 488840  29032 S 392.0   3.0  40:29.97 java
  36030 root      20   0 9218556 488840  29032 S 396.0   3.0  40:33.93 java
  36030 root      20   0 9218556 488840  29032 S 404.0   3.0  40:37.97 java
  36030 root      20   0 9218556 488840  29032 S 398.0   3.0  40:41.95 java
  36030 root      20   0 9218556 488840  29032 S 397.0   3.0  40:45.92 java
  36030 root      20   0 9218556 488840  29032 S 388.0   3.0  40:49.80 java
  36030 root      20   0 9218556 488840  29032 S 388.0   3.0  40:53.68 java
  36030 root      20   0 9218556 488840  29032 S 394.1   3.0  40:57.66 java
  36030 root      20   0 9218556 488840  29032 S 382.0   3.0  41:01.48 java
  36030 root      20   0 9218556 488840  29032 S 397.0   3.0  41:05.45 java
  36030 root      20   0 9218556 488840  29032 S 391.0   3.0  41:09.36 java
  36030 root      20   0 9218556 488840  29032 S 400.0   3.0  41:13.36 java
  36030 root      20   0 9218556 488840  29032 S 402.0   3.0  41:17.38 java
  36030 root      20   0 9218556 488840  29032 S 400.0   3.0  41:21.38 java
  36030 root      20   0 9218556 488840  29032 S 396.0   3.0  41:25.38 java
  36030 root      20   0 9218556 488840  29032 S 402.0   3.0  41:29.40 java
  36030 root      20   0 9218556 488840  29032 S 397.0   3.0  41:33.37 java
  36030 root      20   0 9218556 488840  29032 S 393.0   3.0  41:37.30 java
  36030 root      20   0 9218556 488840  29032 S 393.0   3.0  41:41.23 java
  36030 root      20   0 9218556 488840  29032 S 387.0   3.0  41:45.10 java
  36030 root      20   0 9218556 488840  29032 S 384.0   3.0  41:48.94 java
  36030 root      20   0 9218556 488840  29032 S 388.0   3.0  41:52.82 java
  36030 root      20   0 9218556 488840  29032 S 371.0   3.0  41:56.53 java
  36030 root      20   0 9218556 488840  29032 S 403.0   3.0  42:00.56 java
  36030 root      20   0 9218556 488840  29032 S 381.2   3.0  42:04.41 java
  36030 root      20   0 9218556 488840  29032 S 402.0   3.0  42:08.43 java
  36030 root      20   0 9218556 488840  29032 S 400.0   3.0  42:12.43 java
  36030 root      20   0 9218556 488840  29032 S 387.0   3.0  42:16.30 java
  36030 root      20   0 9218556 488840  29032 S 394.0   3.0  42:20.24 java
  36030 root      20   0 9218556 488840  29032 S 401.0   3.0  42:24.25 java
  36030 root      20   0 9218556 488840  29032 S 395.0   3.0  42:28.20 java
  36030 root      20   0 9218556 488840  29032 S 400.0   3.0  42:32.20 java
  36030 root      20   0 9218556 488840  29032 S 396.0   3.0  42:36.20 java
  36030 root      20   0 9218556 488840  29032 S 390.0   3.0  42:40.10 java
  36030 root      20   0 9218556 488840  29032 S 408.0   3.0  42:44.18 java
  36030 root      20   0 9218556 488840  29032 S 388.0   3.0  42:48.06 java
  36030 root      20   0 9218556 488840  29032 S 387.0   3.0  42:51.93 java
  36030 root      20   0 9218556 488840  29032 S 387.0   3.0  42:55.80 java
  36030 root      20   0 9218556 488840  29032 S 393.0   3.0  42:59.73 java
  36030 root      20   0 9218556 488840  29032 S 389.1   3.0  43:03.66 java
  36030 root      20   0 9218556 488840  29032 S 396.0   3.0  43:07.62 java
  36030 root      20   0 9218556 488840  29032 S 398.0   3.0  43:11.60 java
  36030 root      20   0 9218556 488840  29032 S 403.0   3.0  43:15.63 java
  36030 root      20   0 9218556 488840  29032 S 400.0   3.0  43:19.63 java
  36030 root      20   0 9218556 488840  29032 S 396.0   3.0  43:23.63 java
  36030 root      20   0 9218556 488840  29032 S 404.0   3.0  43:27.67 java
  36030 root      20   0 9218556 488840  29032 S 402.0   3.0  43:31.