  36030 root      20   0 9218556 764416  29032 S 206.7   4.7  79:58.67 java
  36030 root      20   0 9218556 764416  29032 S 409.0   4.7  80:02.76 java
  36030 root      20   0 9218556 764416  29032 S 400.0   4.7  80:06.76 java
  36030 root      20   0 9218556 764416  29032 S 400.0   4.7  80:10.76 java
  36030 root      20   0 9218556 764416  29032 S 400.0   4.7  80:14.76 java
  36030 root      20   0 9218556 764416  29032 S 400.0   4.7  80:18.76 java
  36030 root      20   0 9218556 764416  29032 S 401.0   4.7  80:22.77 java
  36030 root      20   0 9218556 764912  29032 S 396.0   4.7  80:26.77 java
  36030 root      20   0 9218556 764912  29032 S 400.0   4.7  80:30.77 java
  36030 root      20   0 9218556 764912  29032 S 399.0   4.7  80:34.76 java
  36030 root      20   0 9218556 764912  29032 S 400.0   4.7  80:38.76 java
  36030 root      20   0 9218556 764912  29032 S 400.0   4.7  80:42.76 java
  36030 root      20   0 9218556 764912  29032 S 400.0   4.7  80:46.76 java
  36030 root      20   0 9218556 764912  29032 S 401.0   4.7  80:50.77 java
  36030 root      20   0 9218556 764912  29032 S 399.0   4.7  80:54.76 java
  36030 root      20   0 9218556 764912  29032 S 397.0   4.7  80:58.77 java
  36030 root      20   0 9218556 764912  29032 S 400.0   4.7  81:02.77 java
  36030 root      20   0 9218556 764912  29032 S 400.0   4.7  81:06.77 java
  36030 root      20   0 9218556 764912  29032 S 402.0   4.7  81:10.79 java
  36030 root      20   0 9218556 764912  29032 S 400.0   4.7  81:14.79 java
  36030 root      20   0 9218556 764912  29032 S 401.0   4.7  81:18.80 java
  36030 root      20   0 9218556 764912  29032 S 403.0   4.7  81:22.83 java
  36030 root      20   0 9218556 764912  29032 S 397.0   4.7  81:26.84 java
  36030 root      20   0 9218556 764912  29032 S 403.0   4.7  81:30.87 java
  36030 root      20   0 9218556 764912  29032 S 400.0   4.7  81:34.87 java
  36030 root      20   0 9218556 764912  29032 S 397.0   4.7  81:38.88 java
  36030 root      20   0 9218556 764912  29032 S 399.0   4.7  81:42.87 java
  36030 root      20   0 9218556 764912  29032 S 403.0   4.7  81:46.90 java
  36030 root      20   0 9218556 764912  29032 S 399.0   4.7  81:50.89 java
  36030 root      20   0 9218556 764912  29032 S 404.0   4.7  81:54.93 java
  36030 root      20   0 9218556 764912  29032 S 400.0   4.7  81:58.93 java
  36030 root      20   0 9218556 764912  29032 S 401.0   4.7  82:02.94 java
  36030 root      20   0 9218556 764912  29032 S 398.0   4.7  82:06.92 java
  36030 root      20   0 9218556 764912  29032 S 400.0   4.7  82:10.96 java
  36030 root      20   0 9218556 764912  29032 S 400.0   4.7  82:14.96 java
  36030 root      20   0 9218556 764912  29032 S 402.0   4.7  82:18.98 java
  36030 root      20   0 9218556 764912  29032 S 398.0   4.7  82:22.96 java
  36030 root      20   0 9218556 764912  29032 S 403.0   4.7  82:26.99 java
  36030 root      20   0 9218556 764912  29032 S 400.0   4.7  82:30.99 java
  36030 root      20   0 9218556 764912  29032 S 400.0   4.7  82:34.99 java
  36030 root      20   0 9218556 764912  29032 S 400.0   4.7  82:38.99 java
  36030 root      20   0 9218556 764912  29032 S 403.0   4.7  82:43.02 java
  36030 root      20   0 9218556 764912  29032 S 395.0   4.7  82:47.01 java
  36030 root      20   0 9218556 764912  29032 S 401.0   4.7  82:51.02 java
  36030 root      20   0 9218556 764912  29032 S 400.0   4.7  82:55.02 java
  36030 root      20   0 9218556 764912  29032 S 401.0   4.7  82:59.03 java
  36030 root      20   0 9218556 764912  29032 S 399.0   4.7  83:03.02 java
  36030 root      20   0 9218556 764912  29032 S 402.0   4.7  83:07.04 java
  36030 root      20   0 9218556 764912  29032 S 401.0   4.7  83:11.05 java
  36030 root      20   0 9218556 764912  29032 S 402.0   4.7  83:15.07 java
  36030 root      20   0 9218556 764912  29032 S 402.0   4.7  83:19.09 java
  36030 root      20   0 9218556 764912  29032 S 393.1   4.7  83:23.06 java
  36030 root      20   0 9218556 764912  29032 S 400.0   4.7  83:27.06 java
  36030 root      20   0 9218556 764912  29032 S 403.0   4.7  83:31.