  36030 root      20   0 9218556 481444  29032 S 240.0   3.0  12:13.60 java
  36030 root      20   0 9218556 481444  29032 S 234.0   3.0  12:15.94 java
  36030 root      20   0 9218556 481444  29032 S 235.0   3.0  12:18.29 java
  36030 root      20   0 9218556 481444  29032 S 233.7   3.0  12:20.65 java
  36030 root      20   0 9218556 481444  29032 S 231.0   3.0  12:22.96 java
  36030 root      20   0 9218556 481444  29032 S 235.0   3.0  12:25.31 java
  36030 root      20   0 9218556 481444  29032 S 240.0   3.0  12:27.71 java
  36030 root      20   0 9218556 481444  29032 S 244.0   3.0  12:30.15 java
  36030 root      20   0 9218556 481740  29032 S 238.0   3.0  12:32.53 java
  36030 root      20   0 9218556 481740  29032 S 231.0   3.0  12:34.84 java
  36030 root      20   0 9218556 481740  29032 S 232.7   3.0  12:37.19 java
  36030 root      20   0 9218556 481740  29032 S 232.0   3.0  12:39.51 java
  36030 root      20   0 9218556 481740  29032 S 236.0   3.0  12:41.87 java
  36030 root      20   0 9218556 481740  29032 S 237.0   3.0  12:44.24 java
  36030 root      20   0 9218556 481740  29032 S 233.0   3.0  12:46.57 java
  36030 root      20   0 9218556 481740  29032 S 240.0   3.0  12:48.97 java
  36030 root      20   0 9218556 481740  29032 S 237.0   3.0  12:51.34 java
  36030 root      20   0 9218556 481740  29032 S 235.0   3.0  12:53.69 java
  36030 root      20   0 9218556 481740  29032 S 239.6   3.0  12:56.11 java
  36030 root      20   0 9218556 481740  29032 S 239.0   3.0  12:58.50 java
  36030 root      20   0 9218556 481740  29032 S 233.0   3.0  13:00.83 java
  36030 root      20   0 9218556 481740  29032 S 234.0   3.0  13:03.17 java
  36030 root      20   0 9218556 481740  29032 S 230.0   3.0  13:05.47 java
  36030 root      20   0 9218556 481740  29032 S 230.0   3.0  13:07.77 java
  36030 root      20   0 9218556 481740  29032 S 233.0   3.0  13:10.10 java
  36030 root      20   0 9218556 481740  29032 S 236.0   3.0  13:12.46 java
  36030 root      20   0 9218556 481740  29032 S 235.0   3.0  13:14.81 java
  36030 root      20   0 9218556 481740  29032 S 233.7   3.0  13:17.17 java
  36030 root      20   0 9218556 481740  29032 S 239.0   3.0  13:19.56 java
  36030 root      20   0 9218556 481740  29032 S 234.0   3.0  13:21.90 java
  36030 root      20   0 9218556 481740  29032 S 238.0   3.0  13:24.28 java
  36030 root      20   0 9218556 481740  29032 S 237.0   3.0  13:26.65 java
  36030 root      20   0 9218556 481740  29032 S 236.0   3.0  13:29.01 java
  36030 root      20   0 9218556 481740  29032 S 229.0   3.0  13:31.30 java
  36030 root      20   0 9218556 481740  29032 S 233.0   3.0  13:33.63 java
  36030 root      20   0 9218556 481740  29032 S 222.0   3.0  13:35.85 java
  36030 root      20   0 9218556 481740  29032 S 228.7   3.0  13:38.16 java
  36030 root      20   0 9218556 481740  29032 S 239.0   3.0  13:40.55 java
  36030 root      20   0 9218556 481740  29032 S 239.0   3.0  13:42.94 java
  36030 root      20   0 9218556 481740  29032 S 227.0   3.0  13:45.21 java
  36030 root      20   0 9218556 481740  29032 S 252.0   3.0  13:47.73 java
  36030 root      20   0 9218556 481740  29032 S 242.0   3.0  13:50.15 java
  36030 root      20   0 9218556 481740  29032 S 238.0   3.0  13:52.53 java
  36030 root      20   0 9218556 481740  29032 S 235.0   3.0  13:54.88 java
  36030 root      20   0 9218556 481740  29032 S 234.0   3.0  13:57.22 java
  36030 root      20   0 9218556 481740  29032 S 227.7   3.0  13:59.52 java
  36030 root      20   0 9218556 481740  29032 S 238.0   3.0  14:01.90 java
  36030 root      20   0 9218556 481740  29032 S 238.0   3.0  14:04.28 java
  36030 root      20   0 9218556 481740  29032 S 235.0   3.0  14:06.63 java
  36030 root      20   0 9218556 481740  29032 S 242.0   3.0  14:09.05 java
  36030 root      20   0 9218556 481740  29032 S 242.0   3.0  14:11.47 java
  36030 root      20   0 9218556 481740  29032 S 237.0   3.0  14:13.84 java
  36030 root      20   0 9218556 481740  29032 S 227.7   3.0  14:16.14 java
  36030 root      20   0 9218556 481740  29032 S 240.0   3.0  14:18.