  37208 root      20   0   13.0g 837204  29052 S 246.7   5.1  54:29.03 java
  37208 root      20   0   13.0g 837204  29052 S 408.0   5.1  54:33.11 java
  37208 root      20   0   13.0g 837204  29052 S 400.0   5.1  54:37.11 java
  37208 root      20   0   13.0g 837264  29052 S 400.0   5.1  54:41.11 java
  37208 root      20   0   13.0g 837264  29052 S 399.0   5.1  54:45.10 java
  37208 root      20   0   13.0g 837264  29052 S 401.0   5.1  54:49.11 java
  37208 root      20   0   13.0g 837564  29052 S 396.0   5.1  54:53.11 java
  37208 root      20   0   13.0g 837564  29052 S 399.0   5.1  54:57.10 java
  37208 root      20   0   13.0g 837564  29052 S 401.0   5.1  55:01.11 java
  37208 root      20   0   13.0g 837564  29052 S 400.0   5.1  55:05.11 java
  37208 root      20   0   13.0g 837564  29052 S 400.0   5.1  55:09.11 java
  37208 root      20   0   13.0g 837564  29052 S 400.0   5.1  55:13.11 java
  37208 root      20   0   13.0g 837672  29052 S 399.0   5.1  55:17.10 java
  37208 root      20   0   13.0g 837672  29052 S 397.0   5.1  55:21.11 java
  37208 root      20   0   13.0g 837672  29052 S 400.0   5.1  55:25.11 java
  37208 root      20   0   13.0g 837672  29052 S 402.0   5.1  55:29.13 java
  37208 root      20   0   13.0g 837940  29052 S 400.0   5.1  55:33.13 java
  37208 root      20   0   13.0g 837940  29052 S 402.0   5.1  55:37.15 java
  37208 root      20   0   13.0g 837940  29052 S 399.0   5.1  55:41.14 java
  37208 root      20   0   13.0g 837940  29052 S 401.0   5.1  55:45.15 java
  37208 root      20   0   13.0g 837940  29052 S 401.0   5.1  55:49.16 java
  37208 root      20   0   13.0g 837940  29052 S 403.0   5.1  55:53.19 java
  37208 root      20   0   13.0g 837940  29052 S 399.0   5.1  55:57.18 java
  37208 root      20   0   13.0g 837940  29052 S 398.0   5.1  56:01.20 java
  37208 root      20   0   13.0g 838016  29052 S 401.0   5.1  56:05.21 java
  37208 root      20   0   13.0g 838016  29052 S 404.0   5.1  56:09.25 java
  37208 root      20   0   13.0g 838016  29052 S 397.0   5.1  56:13.22 java
  37208 root      20   0   13.0g 838016  29052 S 401.0   5.1  56:17.23 java
  37208 root      20   0   13.0g 838016  29052 S 401.0   5.1  56:21.24 java
  37208 root      20   0   13.0g 838016  29052 S 404.0   5.1  56:25.28 java
  37208 root      20   0   13.0g 838016  29052 S 402.0   5.1  56:29.30 java
  37208 root      20   0   13.0g 838016  29052 S 395.0   5.1  56:33.29 java
  37208 root      20   0   13.0g 838016  29052 S 403.0   5.1  56:37.32 java
  37208 root      20   0   13.0g 838016  29052 S 402.0   5.1  56:41.34 java
  37208 root      20   0   13.0g 838128  29052 S 400.0   5.1  56:45.34 java
  37208 root      20   0   13.0g 838128  29052 S 401.0   5.1  56:49.35 java
  37208 root      20   0   13.0g 838128  29052 S 392.0   5.1  56:53.27 java
  37208 root      20   0   13.0g 838128  29052 S 403.0   5.1  56:57.30 java
  37208 root      20   0   13.0g 838128  29052 S 407.0   5.1  57:01.37 java
  37208 root      20   0   13.0g 838128  29052 S 400.0   5.1  57:05.37 java
  37208 root      20   0   13.0g 838128  29052 S 401.0   5.1  57:09.38 java
  37208 root      20   0   13.0g 838128  29052 S 393.1   5.1  57:13.35 java
  37208 root      20   0   13.0g 838128  29052 S 401.0   5.1  57:17.36 java
  37208 root      20   0   13.0g 838128  29052 S 410.0   5.1  57:21.46 java
  37208 root      20   0   13.0g 838236  29052 S 392.0   5.1  57:25.38 java
  37208 root      20   0   13.0g 838236  29052 S 408.0   5.1  57:29.46 java
  37208 root      20   0   13.0g 838236  29052 S 403.0   5.1  57:33.49 java
  37208 root      20   0   13.0g 838236  29052 S 400.0   5.1  57:37.49 java
  37208 root      20   0   13.0g 838828  29052 S 396.0   5.1  57:41.45 java
  37208 root      20   0   13.0g 838828  29052 S 405.0   5.1  57:45.50 java
  37208 root      20   0   13.0g 838828  29052 S 399.0   5.1  57:49.49 java
  37208 root      20   0   13.0g 838828  29052 S 397.0   5.1  57:53.50 java
  37208 root      20   0   13.0g 838828  29052 S 400.0   5.1  57:57.50 java
  37208 root      20   0   13.0g 838828  29052 S 400.0   5.1  58:01.