  36030 root      20   0 9218556 766276  29032 S  46.7   4.7  95:58.28 java
  36030 root      20   0 9218556 766276  29032 S 405.0   4.7  96:02.33 java
  36030 root      20   0 9218556 766276  29032 S 400.0   4.7  96:06.33 java
  36030 root      20   0 9218556 766276  29032 S 400.0   4.7  96:10.33 java
  36030 root      20   0 9218556 766276  29032 S 400.0   4.7  96:14.33 java
  36030 root      20   0 9218556 766276  29032 S 400.0   4.7  96:18.33 java
  36030 root      20   0 9218556 766276  29032 S 396.0   4.7  96:22.33 java
  36030 root      20   0 9218556 766440  29032 S 400.0   4.7  96:26.33 java
  36030 root      20   0 9218556 766440  29032 S 400.0   4.7  96:30.33 java
  36030 root      20   0 9218556 766440  29032 S 400.0   4.7  96:34.33 java
  36030 root      20   0 9218556 766440  29032 S 399.0   4.7  96:38.32 java
  36030 root      20   0 9218556 766440  29032 S 401.0   4.7  96:42.33 java
  36030 root      20   0 9218556 766440  29032 S 400.0   4.7  96:46.33 java
  36030 root      20   0 9218556 766440  29032 S 400.0   4.7  96:50.33 java
  36030 root      20   0 9218556 766440  29032 S 396.0   4.7  96:54.33 java
  36030 root      20   0 9218556 766440  29032 S 401.0   4.7  96:58.34 java
  36030 root      20   0 9218556 766440  29032 S 400.0   4.7  97:02.34 java
  36030 root      20   0 9218556 766440  29032 S 400.0   4.7  97:06.34 java
  36030 root      20   0 9218556 766440  29032 S 402.0   4.7  97:10.36 java
  36030 root      20   0 9218556 766440  29032 S 400.0   4.7  97:14.36 java
  36030 root      20   0 9218556 766440  29032 S 401.0   4.7  97:18.37 java
  36030 root      20   0 9218556 766440  29032 S 402.0   4.7  97:22.39 java
  36030 root      20   0 9218556 766440  29032 S 399.0   4.7  97:26.42 java
  36030 root      20   0 9218556 766440  29032 S 401.0   4.7  97:30.43 java
  36030 root      20   0 9218556 766440  29032 S 399.0   4.7  97:34.46 java
  36030 root      20   0 9218556 766440  29032 S 399.0   4.7  97:38.45 java
  36030 root      20   0 9218556 766440  29032 S 402.0   4.7  97:42.47 java
  36030 root      20   0 9218556 766440  29032 S 401.0   4.7  97:46.48 java
  36030 root      20   0 9218556 766440  29032 S 401.0   4.7  97:50.49 java
  36030 root      20   0 9218556 766440  29032 S 403.0   4.7  97:54.52 java
  36030 root      20   0 9218556 766440  29032 S 398.0   4.7  97:58.50 java
  36030 root      20   0 9218556 766440  29032 S 402.0   4.7  98:02.52 java
  36030 root      20   0 9218556 766440  29032 S 398.0   4.7  98:06.54 java
  36030 root      20   0 9218556 766440  29032 S 400.0   4.7  98:10.54 java
  36030 root      20   0 9218556 766440  29032 S 400.0   4.7  98:14.54 java
  36030 root      20   0 9218556 766440  29032 S 401.0   4.7  98:18.55 java
  36030 root      20   0 9218556 766440  29032 S 401.0   4.7  98:22.56 java
  36030 root      20   0 9218556 766440  29032 S 401.0   4.7  98:26.57 java
  36030 root      20   0 9218556 766440  29032 S 402.0   4.7  98:30.59 java
  36030 root      20   0 9218556 766440  29032 S 397.0   4.7  98:34.60 java
  36030 root      20   0 9218556 766440  29032 S 400.0   4.7  98:38.60 java
  36030 root      20   0 9218556 766440  29032 S 401.0   4.7  98:42.61 java
  36030 root      20   0 9218556 766440  29032 S 399.0   4.7  98:46.60 java
  36030 root      20   0 9218556 766440  29032 S 402.0   4.7  98:50.62 java
  36030 root      20   0 9218556 766440  29032 S 397.0   4.7  98:54.63 java
  36030 root      20   0 9218556 766440  29032 S 404.0   4.7  98:58.67 java
  36030 root      20   0 9218556 766440  29032 S 402.0   4.7  99:02.69 java
  36030 root      20   0 9218556 766440  29032 S 401.0   4.7  99:06.70 java
  36030 root      20   0 9218556 766440  29032 S 398.0   4.7  99:10.72 java
  36030 root      20   0 9218556 766440  29032 S 401.0   4.7  99:14.73 java
  36030 root      20   0 9218556 766440  29032 S 399.0   4.7  99:18.72 java
  36030 root      20   0 9218556 766440  29032 S 402.0   4.7  99:22.74 java
  36030 root      20   0 9218556 766440  29032 S 399.0   4.7  99:26.73 java
  36030 root      20   0 9218556 766440  29032 S 396.0   4.7  99:30.