  37208 root      20   0   13.0g 513484  29052 S 413.3   3.1  18:30.08 java
  37208 root      20   0   13.0g 513804  29052 S 408.0   3.2  18:34.16 java
  37208 root      20   0   13.0g 513804  29052 S 400.0   3.2  18:38.16 java
  37208 root      20   0   13.0g 514624  29052 S 400.0   3.2  18:42.16 java
  37208 root      20   0   13.0g 515236  29052 S 401.0   3.2  18:46.17 java
  37208 root      20   0   13.0g 518008  29052 S 396.0   3.2  18:50.17 java
  37208 root      20   0   13.0g 518008  29052 S 399.0   3.2  18:54.16 java
  37208 root      20   0   13.0g 518096  29052 S 401.0   3.2  18:58.17 java
  37208 root      20   0   13.0g 518596  29052 S 399.0   3.2  19:02.16 java
  37208 root      20   0   13.0g 518736  29052 S 400.0   3.2  19:06.16 java
  37208 root      20   0   13.0g 518736  29052 S 401.0   3.2  19:10.17 java
  37208 root      20   0   13.0g 518852  29052 S 399.0   3.2  19:14.16 java
  37208 root      20   0   13.0g 518972  29052 S 401.0   3.2  19:18.17 java
  37208 root      20   0   13.0g 518972  29052 S 395.0   3.2  19:22.16 java
  37208 root      20   0   13.0g 519476  29052 S 401.0   3.2  19:26.17 java
  37208 root      20   0   13.0g 519592  29052 S 400.0   3.2  19:30.17 java
  37208 root      20   0   13.0g 519592  29052 S 399.0   3.2  19:34.16 java
  37208 root      20   0   13.0g 519592  29052 S 401.0   3.2  19:38.17 java
  37208 root      20   0   13.0g 520356  29052 S 400.0   3.2  19:42.17 java
  37208 root      20   0   13.0g 520356  29052 S 400.0   3.2  19:46.17 java
  37208 root      20   0   13.0g 520476  29052 S 396.0   3.2  19:50.17 java
  37208 root      20   0   13.0g 520476  29052 S 400.0   3.2  19:54.17 java
  37208 root      20   0   13.0g 520476  29052 S 402.0   3.2  19:58.19 java
  37208 root      20   0   13.0g 520732  29052 S 400.0   3.2  20:02.19 java
  37208 root      20   0   13.0g 520732  29052 S 402.0   3.2  20:06.21 java
  37208 root      20   0   13.0g 520732  29052 S 401.0   3.2  20:10.22 java
  37208 root      20   0   13.0g 520732  29052 S 401.0   3.2  20:14.23 java
  37208 root      20   0   13.0g 520732  29052 S 399.0   3.2  20:18.22 java
  37208 root      20   0   13.0g 521568  29052 S 404.0   3.2  20:22.26 java
  37208 root      20   0   13.0g 521568  29052 S 400.0   3.2  20:26.26 java
  37208 root      20   0   13.0g 521568  29052 S 397.0   3.2  20:30.27 java
  37208 root      20   0   13.0g 521568  29052 S 402.0   3.2  20:34.29 java
  37208 root      20   0   13.0g 521568  29052 S 397.0   3.2  20:38.26 java
  37208 root      20   0   13.0g 521568  29052 S 403.0   3.2  20:42.29 java
  37208 root      20   0   13.0g 521652  29052 S 400.0   3.2  20:46.29 java
  37208 root      20   0   13.0g 521652  29052 S 402.0   3.2  20:50.31 java
  37208 root      20   0   13.0g 521752  29052 S 401.0   3.2  20:54.32 java
  37208 root      20   0   13.0g 521752  29052 S 401.0   3.2  20:58.33 java
  37208 root      20   0   13.0g 521752  29052 S 400.0   3.2  21:02.33 java
  37208 root      20   0   13.0g 574376  29052 S 402.0   3.5  21:06.35 java
  37208 root      20   0   13.0g 574376  29052 S 396.0   3.5  21:10.35 java
  37208 root      20   0   13.0g 574376  29052 S 402.0   3.5  21:14.37 java
  37208 root      20   0   13.0g 574376  29052 S 401.0   3.5  21:18.38 java
  37208 root      20   0   13.0g 574376  29052 S 396.0   3.5  21:22.34 java
  37208 root      20   0   13.0g 574376  29052 S 402.0   3.5  21:26.36 java
  37208 root      20   0   13.0g 574376  29052 S 401.0   3.5  21:30.37 java
  37208 root      20   0   13.0g 574376  29052 S 401.0   3.5  21:34.38 java
  37208 root      20   0   13.0g 574376  29052 S 403.0   3.5  21:38.41 java
  37208 root      20   0   13.0g 574376  29052 S 399.0   3.5  21:42.40 java
  37208 root      20   0   13.0g 575244  29052 S 401.0   3.5  21:46.41 java
  37208 root      20   0   13.0g 575244  29052 S 393.1   3.5  21:50.38 java
  37208 root      20   0   13.0g 575244  29052 S 403.0   3.5  21:54.41 java
  37208 root      20   0   13.0g 575244  29052 S 402.0   3.5  21:58.43 java
  37208 root      20   0   13.0g 575244  29052 S 398.0   3.5  22:02.