  37208 root      20   0   13.0g 484132  29052 S 133.3   3.0   3:54.34 java
  37208 root      20   0   13.0g 484132  29052 S 169.3   3.0   3:56.05 java
  37208 root      20   0   13.0g 484132  29052 S 170.0   3.0   3:57.75 java
  37208 root      20   0   13.0g 484132  29052 S 173.0   3.0   3:59.48 java
  37208 root      20   0   13.0g 484132  29052 S 172.0   3.0   4:01.20 java
  37208 root      20   0   13.0g 484508  29052 S 167.0   3.0   4:02.87 java
  37208 root      20   0   13.0g 484508  29052 S 174.0   3.0   4:04.61 java
  37208 root      20   0   13.0g 484508  29052 S 171.0   3.0   4:06.32 java
  37208 root      20   0   13.0g 484508  29052 S 174.0   3.0   4:08.06 java
  37208 root      20   0   13.0g 484508  29052 S 172.0   3.0   4:09.78 java
  37208 root      20   0   13.0g 485136  29052 S 171.0   3.0   4:11.49 java
  37208 root      20   0   13.0g 485136  29052 S 170.3   3.0   4:13.21 java
  37208 root      20   0   13.0g 485432  29052 S 175.0   3.0   4:14.96 java
  37208 root      20   0   13.0g 485432  29052 S 174.0   3.0   4:16.70 java
  37208 root      20   0   13.0g 485432  29052 S 175.0   3.0   4:18.45 java
  37208 root      20   0   13.0g 485432  29052 S 171.0   3.0   4:20.16 java
  37208 root      20   0   13.0g 485432  29052 S 174.0   3.0   4:21.90 java
  37208 root      20   0   13.0g 485432  29052 S 171.0   3.0   4:23.61 java
  37208 root      20   0   13.0g 485900  29052 S 172.0   3.0   4:25.33 java
  37208 root      20   0   13.0g 485900  29052 S 174.0   3.0   4:27.07 java
  37208 root      20   0   13.0g 485900  29052 S 174.0   3.0   4:28.81 java
  37208 root      20   0   13.0g 485900  29052 S 170.3   3.0   4:30.53 java
  37208 root      20   0   13.0g 485900  29052 S 173.0   3.0   4:32.26 java
  37208 root      20   0   13.0g 486056  29052 S 175.0   3.0   4:34.01 java
  37208 root      20   0   13.0g 486056  29052 S 172.0   3.0   4:35.73 java
  37208 root      20   0   13.0g 486056  29052 S 171.0   3.0   4:37.44 java
  37208 root      20   0   13.0g 486056  29052 S 172.0   3.0   4:39.16 java
  37208 root      20   0   13.0g 486056  29052 S 174.0   3.0   4:40.90 java
  37208 root      20   0   13.0g 486492  29052 S 172.0   3.0   4:42.62 java
  37208 root      20   0   13.0g 486492  29052 S 173.0   3.0   4:44.35 java
  37208 root      20   0   13.0g 486492  29052 S 172.0   3.0   4:46.07 java
  37208 root      20   0   13.0g 486492  29052 S 172.3   3.0   4:47.81 java
  37208 root      20   0   13.0g 486612  29052 S 172.0   3.0   4:49.53 java
  37208 root      20   0   13.0g 486756  29052 S 170.0   3.0   4:51.23 java
  37208 root      20   0   13.0g 486756  29052 S 171.0   3.0   4:52.94 java
  37208 root      20   0   13.0g 486756  29052 S 171.0   3.0   4:54.65 java
  37208 root      20   0   13.0g 486756  29052 S 173.0   3.0   4:56.38 java
  37208 root      20   0   13.0g 487776  29052 S 173.0   3.0   4:58.11 java
  37208 root      20   0   13.0g 487776  29052 S 176.0   3.0   4:59.87 java
  37208 root      20   0   13.0g 487776  29052 S 169.0   3.0   5:01.56 java
  37208 root      20   0   13.0g 487956  29052 S 173.0   3.0   5:03.29 java
  37208 root      20   0   13.0g 487956  29052 S 170.3   3.0   5:05.01 java
  37208 root      20   0   13.0g 487956  29052 S 176.0   3.0   5:06.77 java
  37208 root      20   0   13.0g 487956  29052 S 171.0   3.0   5:08.48 java
  37208 root      20   0   13.0g 487956  29052 S 173.0   3.0   5:10.21 java
  37208 root      20   0   13.0g 487956  29052 S 173.0   3.0   5:11.94 java
  37208 root      20   0   13.0g 487956  29052 S 172.0   3.0   5:13.66 java
  37208 root      20   0   13.0g 487956  29052 S 171.0   3.0   5:15.37 java
  37208 root      20   0   13.0g 487956  29052 S 173.0   3.0   5:17.10 java
  37208 root      20   0   13.0g 487956  29052 S 173.0   3.0   5:18.83 java
  37208 root      20   0   13.0g 487956  29052 S 171.0   3.0   5:20.54 java
  37208 root      20   0   13.0g 487956  29052 S 170.3   3.0   5:22.26 java
  37208 root      20   0   13.0g 488076  29052 S 175.0   3.0   5:24.01 java
  37208 root      20   0   13.0g 488076  29052 S 177.0   3.0   5:25.