  36030 root      20   0 9218556 482336  29032 S 280.0   3.0  16:45.26 java
  36030 root      20   0 9218556 482336  29032 S 263.0   3.0  16:47.89 java
  36030 root      20   0 9218556 482336  29032 S 250.5   3.0  16:50.42 java
  36030 root      20   0 9218556 482336  29032 S 254.0   3.0  16:52.96 java
  36030 root      20   0 9218556 482336  29032 S 250.0   3.0  16:55.46 java
  36030 root      20   0 9218556 482336  29032 S 257.0   3.0  16:58.03 java
  36030 root      20   0 9218556 482336  29032 S 263.0   3.0  17:00.66 java
  36030 root      20   0 9218556 482836  29032 S 261.0   3.0  17:03.27 java
  36030 root      20   0 9218556 482836  29032 S 251.0   3.0  17:05.78 java
  36030 root      20   0 9218556 482836  29032 S 248.0   3.0  17:08.26 java
  36030 root      20   0 9218556 482836  29032 S 251.0   3.0  17:10.77 java
  36030 root      20   0 9218556 482836  29032 S 251.5   3.0  17:13.31 java
  36030 root      20   0 9218556 482836  29032 S 254.0   3.0  17:15.85 java
  36030 root      20   0 9218556 482836  29032 S 260.0   3.0  17:18.45 java
  36030 root      20   0 9218556 482836  29032 S 250.0   3.0  17:20.95 java
  36030 root      20   0 9218556 482836  29032 S 256.0   3.0  17:23.51 java
  36030 root      20   0 9218556 482836  29032 S 259.0   3.0  17:26.10 java
  36030 root      20   0 9218556 482836  29032 S 261.0   3.0  17:28.71 java
  36030 root      20   0 9218556 482836  29032 S 251.5   3.0  17:31.25 java
  36030 root      20   0 9218556 482836  29032 S 261.0   3.0  17:33.86 java
  36030 root      20   0 9218556 482836  29032 S 264.0   3.0  17:36.50 java
  36030 root      20   0 9218556 482836  29032 S 259.0   3.0  17:39.09 java
  36030 root      20   0 9218556 482836  29032 S 256.0   3.0  17:41.65 java
  36030 root      20   0 9218556 482836  29032 S 264.0   3.0  17:44.29 java
  36030 root      20   0 9218556 482836  29032 S 257.0   3.0  17:46.86 java
  36030 root      20   0 9218556 482836  29032 S 249.5   3.0  17:49.38 java
  36030 root      20   0 9218556 482836  29032 S 253.0   3.0  17:51.91 java
  36030 root      20   0 9218556 482836  29032 S 250.0   3.0  17:54.41 java
  36030 root      20   0 9218556 482836  29032 S 250.0   3.0  17:56.91 java
  36030 root      20   0 9218556 482836  29032 S 251.0   3.0  17:59.42 java
  36030 root      20   0 9218556 482968  29032 S 254.0   3.0  18:01.96 java
  36030 root      20   0 9218556 482968  29032 S 263.0   3.0  18:04.59 java
  36030 root      20   0 9218556 482968  29032 S 258.0   3.0  18:07.17 java
  36030 root      20   0 9218556 482968  29032 S 263.0   3.0  18:09.80 java
  36030 root      20   0 9218556 482968  29032 S 256.4   3.0  18:12.39 java
  36030 root      20   0 9218556 482968  29032 S 253.0   3.0  18:14.92 java
  36030 root      20   0 9218556 482968  29032 S 256.0   3.0  18:17.48 java
  36030 root      20   0 9218556 482968  29032 S 257.0   3.0  18:20.05 java
  36030 root      20   0 9218556 482968  29032 S 249.0   3.0  18:22.54 java
  36030 root      20   0 9218556 482968  29032 S 251.0   3.0  18:25.05 java
  36030 root      20   0 9218556 482968  29032 S 253.0   3.0  18:27.58 java
  36030 root      20   0 9218556 482968  29032 S 254.5   3.0  18:30.15 java
  36030 root      20   0 9218556 482968  29032 S 245.0   3.0  18:32.60 java
  36030 root      20   0 9218556 482968  29032 S 258.0   3.0  18:35.18 java
  36030 root      20   0 9218556 482968  29032 S 258.0   3.0  18:37.76 java
  36030 root      20   0 9218556 482968  29032 S 266.0   3.0  18:40.42 java
  36030 root      20   0 9218556 482968  29032 S 270.0   3.0  18:43.12 java
  36030 root      20   0 9218556 482968  29032 S 261.0   3.0  18:45.73 java
  36030 root      20   0 9218556 482968  29032 S 262.0   3.0  18:48.35 java
  36030 root      20   0 9218556 482968  29032 S 253.5   3.0  18:50.91 java
  36030 root      20   0 9218556 482968  29032 S 254.0   3.0  18:53.45 java
  36030 root      20   0 9218556 482968  29032 S 264.0   3.0  18:56.09 java
  36030 root      20   0 9218556 482968  29032 S 255.0   3.0  18:58.64 java
  36030 root      20   0 9218556 482968  29032 S 254.0   3.0  19:01.