  32050 1001      20   0 1544620 572976  46076 S 112.5   3.5  28:21.25 application
  32050 1001      20   0 1544620 572976  46076 S 414.0   3.5  28:25.39 application
  32050 1001      20   0 1544620 572976  46076 S 401.0   3.5  28:29.40 application
  32050 1001      20   0 1544620 572976  46076 S 399.0   3.5  28:33.39 application
  32050 1001      20   0 1544620 572976  46076 S 401.0   3.5  28:37.40 application
  32050 1001      20   0 1544620 572976  46076 S 400.0   3.5  28:41.40 application
  32050 1001      20   0 1544620 572976  46076 S 400.0   3.5  28:45.40 application
  32050 1001      20   0 1544620 572976  46076 S 400.0   3.5  28:49.40 application
  32050 1001      20   0 1544620 572976  46076 S 400.0   3.5  28:53.40 application
  32050 1001      20   0 1544620 572976  46076 S 395.0   3.5  28:57.39 application
  32050 1001      20   0 1544620 572976  46076 S 401.0   3.5  29:01.40 application
  32050 1001      20   0 1544620 572976  46076 S 399.0   3.5  29:05.39 application
  32050 1001      20   0 1544620 572976  46076 S 400.0   3.5  29:09.39 application
  32050 1001      20   0 1544620 572976  46076 S 401.0   3.5  29:13.40 application
  32050 1001      20   0 1544620 572976  46076 S 400.0   3.5  29:17.40 application
  32050 1001      20   0 1544620 572976  46076 S 400.0   3.5  29:21.40 application
  32050 1001      20   0 1544620 572976  46076 S 399.0   3.5  29:25.39 application
  32050 1001      20   0 1544620 572976  46076 S 396.0   3.5  29:29.39 application
  32050 1001      20   0 1544620 572976  46076 S 401.0   3.5  29:33.40 application
  32050 1001      20   0 1544620 572976  46076 S 400.0   3.5  29:37.40 application
  32050 1001      20   0 1544620 572976  46076 S 399.0   3.5  29:41.39 application
  32050 1001      20   0 1544620 572976  46076 S 401.0   3.5  29:45.40 application
  32050 1001      20   0 1544620 572976  46076 S 400.0   3.5  29:49.40 application
  32050 1001      20   0 1544620 572976  46076 S 400.0   3.5  29:53.40 application
  32050 1001      20   0 1544620 572976  46076 S 399.0   3.5  29:57.39 application
  32050 1001      20   0 1544620 572976  46076 S 397.0   3.5  30:01.40 application
  32050 1001      20   0 1544620 572976  46076 S 402.0   3.5  30:05.42 application
  32050 1001      20   0 1544620 572976  46076 S 400.0   3.5  30:09.42 application
  32050 1001      20   0 1544620 572976  46076 S 401.0   3.5  30:13.43 application
  32050 1001      20   0 1544620 572976  46076 S 400.0   3.5  30:17.43 application
  32050 1001      20   0 1544620 572976  46076 S 400.0   3.5  30:21.43 application
  32050 1001      20   0 1544620 572976  46076 S 402.0   3.5  30:25.45 application
  32050 1001      20   0 1544620 572976  46076 S 401.0   3.5  30:29.46 application
  32050 1001      20   0 1544620 572976  46076 S 400.0   3.5  30:33.46 application
  32050 1001      20   0 1544620 572976  46076 S 401.0   3.5  30:37.47 application
  32050 1001      20   0 1544620 572976  46076 S 396.0   3.5  30:41.47 application
  32050 1001      20   0 1544620 572976  46076 S 401.0   3.5  30:45.48 application
  32050 1001      20   0 1544620 572976  46076 S 401.0   3.5  30:49.49 application
  32050 1001      20   0 1544620 572976  46076 S 400.0   3.5  30:53.49 application
  32050 1001      20   0 1544620 572976  46076 S 401.0   3.5  30:57.50 application
  32050 1001      20   0 1544620 572976  46076 S 401.0   3.5  31:01.51 application
  32050 1001      20   0 1544620 572976  46076 S 401.0   3.5  31:05.52 application
  32050 1001      20   0 1544620 572976  46076 S 400.0   3.5  31:09.52 application
  32050 1001      20   0 1544620 572976  46076 S 399.0   3.5  31:13.51 application
  32050 1001      20   0 1544620 572976  46076 S 403.0   3.5  31:17.54 application
  32050 1001      20   0 1544620 572976  46076 S 397.0   3.5  31:21.55 application
  32050 1001      20   0 1544620 572976  46076 S 400.0   3.5  31:25.55 application
  32050 1001      20   0 1544620 572976  46076 S 401.0   3.5  31:29.56 application
  32050 1001      20   0 1544620 572976  46076 S 400.0   3.5  31:33.56 application
  32050 1001      20   0 1544