  32050 1001      20   0 1544620 573116  46076 S 106.7   3.5  36:21.11 application
  32050 1001      20   0 1544620 573116  46076 S 403.0   3.5  36:25.14 application
  32050 1001      20   0 1544620 573116  46076 S 401.0   3.5  36:29.15 application
  32050 1001      20   0 1544620 573116  46076 S 397.0   3.5  36:33.16 application
  32050 1001      20   0 1544620 573116  46076 S 399.0   3.5  36:37.15 application
  32050 1001      20   0 1544620 573116  46076 S 403.0   3.5  36:41.18 application
  32050 1001      20   0 1544620 573116  46076 S 398.0   3.5  36:45.16 application
  32050 1001      20   0 1544620 573116  46076 S 402.0   3.5  36:49.18 application
  32050 1001      20   0 1544620 573116  46076 S 402.0   3.5  36:53.20 application
  32050 1001      20   0 1544620 573116  46076 S 400.0   3.5  36:57.20 application
  32050 1001      20   0 1544620 573116  46076 S 401.0   3.5  37:01.21 application
  32050 1001      20   0 1544620 573116  46076 S 400.0   3.5  37:05.21 application
  32050 1001      20   0 1544620 573116  46076 S 402.0   3.5  37:09.23 application
  32050 1001      20   0 1544620 573116  46076 S 395.0   3.5  37:13.22 application
  32050 1001      20   0 1544620 573116  46076 S 402.0   3.5  37:17.24 application
  32050 1001      20   0 1544620 573116  46076 S 398.0   3.5  37:21.22 application
  32050 1001      20   0 1544620 573116  46076 S 403.0   3.5  37:25.25 application
  32050 1001      20   0 1544620 573116  46076 S 401.0   3.5  37:29.26 application
  32050 1001      20   0 1544620 573116  46076 S 400.0   3.5  37:33.26 application
  32050 1001      20   0 1544620 573116  46076 S 401.0   3.5  37:37.27 application
  32050 1001      20   0 1544620 573116  46076 S 402.0   3.5  37:41.29 application
  32050 1001      20   0 1544620 573116  46076 S 399.0   3.5  37:45.28 application
  32050 1001      20   0 1544620 573116  46076 S 400.0   3.5  37:49.28 application
  32050 1001      20   0 1544620 573116  46076 S 399.0   3.5  37:53.31 application
  32050 1001      20   0 1544620 573116  46076 S 399.0   3.5  37:57.30 application
  32050 1001      20   0 1544620 573116  46076 S 400.0   3.5  38:01.30 application
  32050 1001      20   0 1544620 573116  46076 S 402.0   3.5  38:05.32 application
  32050 1001      20   0 1544620 573116  46076 S 399.0   3.5  38:09.31 application
  32050 1001      20   0 1544620 573116  46076 S 403.0   3.5  38:13.34 application
  32050 1001      20   0 1544620 573116  46076 S 398.0   3.5  38:17.32 application
  32050 1001      20   0 1544620 573116  46076 S 403.0   3.5  38:21.35 application
  32050 1001      20   0 1544620 573116  46076 S 399.0   3.5  38:25.34 application
  32050 1001      20   0 1544620 573116  46076 S 403.0   3.5  38:29.37 application
  32050 1001      20   0 1544620 573116  46076 S 396.0   3.5  38:33.37 application
  32050 1001      20   0 1544620 573116  46076 S 399.0   3.5  38:37.36 application
  32050 1001      20   0 1544620 573116  46076 S 402.0   3.5  38:41.38 application
  32050 1001      20   0 1544620 573116  46076 S 399.0   3.5  38:45.37 application
  32050 1001      20   0 1544620 573116  46076 S 402.0   3.5  38:49.39 application
  32050 1001      20   0 1544620 573116  46076 S 399.0   3.5  38:53.38 application
  32050 1001      20   0 1544620 573116  46076 S 402.0   3.5  38:57.40 application
  32050 1001      20   0 1544620 573116  46076 S 402.0   3.5  39:01.42 application
  32050 1001      20   0 1544620 573116  46076 S 400.0   3.5  39:05.42 application
  32050 1001      20   0 1544620 573116  46076 S 402.0   3.5  39:09.44 application
  32050 1001      20   0 1544620 573116  46076 S 395.0   3.5  39:13.43 application
  32050 1001      20   0 1544620 573116  46076 S 400.0   3.5  39:17.43 application
  32050 1001      20   0 1544620 573116  46076 S 399.0   3.5  39:21.42 application
  32050 1001      20   0 1544620 573116  46076 S 404.0   3.5  39:25.46 application
  32050 1001      20   0 1544620 573116  46076 S 401.0   3.5  39:29.47 application
  32050 1001      20   0 1544620 573116  46076 S 400.0   3.5  39:33.47 application
  32050 1001      20   0 1544