  70060 1001      20   0 4368024 343208  52176 S   0.0   2.1   3:22.55 application
  70060 1001      20   0 4369048 344000  52176 S 269.0   2.1   3:25.24 application
  70060 1001      20   0 4412076 345580  52176 S 372.0   2.1   3:28.96 application
  70060 1001      20   0 4413100 346632  52176 S 367.3   2.1   3:32.67 application
  70060 1001      20   0 4413100 347152  52180 S 373.0   2.1   3:36.40 application
  70060 1001      20   0 4414124 347412  52180 S 370.0   2.1   3:40.10 application
  70060 1001      20   0 4430516 347676  52180 S 373.0   2.1   3:43.83 application
  70060 1001      20   0 4439736 348992  52180 S 374.0   2.1   3:47.57 application
  70060 1001      20   0 4440760 349252  52180 S 371.0   2.1   3:51.28 application
  70060 1001      20   0 4440760 349252  52180 S 371.0   2.1   3:54.99 application
  70060 1001      20   0 4440760 349252  52180 S 370.0   2.1   3:58.69 application
  70060 1001      20   0 4440760 349512  52180 S 373.0   2.1   4:02.42 application
  70060 1001      20   0 4440760 349512  52180 S 373.0   2.1   4:06.15 application
  70060 1001      20   0 4440760 349512  52180 S 367.3   2.1   4:09.86 application
  70060 1001      20   0 4440760 349776  52180 S 371.0   2.1   4:13.57 application
  70060 1001      20   0 4441784 350300  52180 S 374.0   2.1   4:17.31 application
  70060 1001      20   0 4441784 350300  52180 S 371.0   2.1   4:21.02 application
  70060 1001      20   0 4441784 350300  52180 S 372.0   2.1   4:24.74 application
  70060 1001      20   0 4459200 350560  52180 S 372.0   2.1   4:28.46 application
  70060 1001      20   0 4460224 351612  52180 S 373.0   2.2   4:32.19 application
  70060 1001      20   0 4460224 351872  52180 S 372.0   2.2   4:35.91 application
  70060 1001      20   0 4460224 352136  52180 S 371.0   2.2   4:39.62 application
  70060 1001      20   0 4460224 352136  52180 S 372.0   2.2   4:43.34 application
  70060 1001      20   0 4485836 352928  52180 S 368.3   2.2   4:47.06 application
  70060 1001      20   0 4485836 353192  52180 S 372.0   2.2   4:50.78 application
  70060 1001      20   0 4486860 353456  52180 S 373.0   2.2   4:54.51 application
  70060 1001      20   0 4486860 353780  52244 S 374.0   2.2   4:58.25 application
  70060 1001      20   0 4495056 354040  52244 S 374.0   2.2   5:01.99 application
  70060 1001      20   0 4496080 354568  52244 S 374.0   2.2   5:05.73 application
  70060 1001      20   0 4496080 354832  52244 S 372.0   2.2   5:09.45 application
  70060 1001      20   0 4496080 355616  52244 S 375.0   2.2   5:13.20 application
  70060 1001      20   0 4496080 355616  52244 S 373.0   2.2   5:16.93 application
  70060 1001      20   0 4579032 355880  52244 S 371.0   2.2   5:20.64 application
  70060 1001      20   0 4579032 356672  52244 S 371.3   2.2   5:24.39 application
  70060 1001      20   0 4580056 356936  52244 S 372.0   2.2   5:28.11 application
  70060 1001      20   0 4580056 357200  52244 S 373.0   2.2   5:31.84 application
  70060 1001      20   0 4580056 357460  52244 S 373.0   2.2   5:35.57 application
  70060 1001      20   0 4580056 357724  52244 S 376.0   2.2   5:39.33 application
  70060 1001      20   0 4580056 357724  52244 S 373.0   2.2   5:43.06 application
  70060 1001      20   0 4581080 357724  52244 S 373.0   2.2   5:46.79 application
  70060 1001      20   0 4581080 357724  52244 S 371.0   2.2   5:50.50 application
  70060 1001      20   0 4581080 358252  52244 S 374.0   2.2   5:54.24 application
  70060 1001      20   0 4581080 358252  52244 S 374.0   2.2   5:57.98 application
  70060 1001      20   0 4581080 358516  52244 S 368.3   2.2   6:01.70 application
  70060 1001      20   0 4582104 359100  52304 S 374.0   2.2   6:05.44 application
  70060 1001      20   0 4582104 359364  52304 S 372.0   2.2   6:09.16 application
  70060 1001      20   0 4582104 359364  52304 S 375.0   2.2   6:12.91 application
  70060 1001      20   0 4582104 359628  52304 S 373.0   2.2   6:16.64 application
  70060 1001      20   0 4582104 359888  52304 S 374.0   2.2   6:20.38 application
  70060 1001      20   0 4583