  69420 1001      20   0 1398192 425504  46200 S 140.0   2.6  13:57.94 application
  69420 1001      20   0 1399216 426296  46200 S 316.0   2.6  14:01.10 application
  69420 1001      20   0 1399216 426560  46200 S 383.0   2.6  14:04.93 application
  69420 1001      20   0 1399216 427088  46200 S 387.0   2.6  14:08.80 application
  69420 1001      20   0 1400240 427880  46200 S 379.0   2.6  14:12.59 application
  69420 1001      20   0 1401264 428672  46200 S 387.0   2.6  14:16.46 application
  69420 1001      20   0 1401264 428672  46200 S 386.0   2.6  14:20.32 application
  69420 1001      20   0 1401264 428936  46200 S 383.2   2.6  14:24.19 application
  69420 1001      20   0 1401264 429200  46200 S 383.0   2.6  14:28.02 application
  69420 1001      20   0 1402288 429728  46200 S 391.0   2.6  14:31.93 application
  69420 1001      20   0 1402288 429992  46200 S 379.0   2.6  14:35.72 application
  69420 1001      20   0 1402288 430520  46200 S 381.0   2.6  14:39.53 application
  69420 1001      20   0 1403312 430784  46200 S 387.0   2.6  14:43.40 application
  69420 1001      20   0 1403312 431312  46200 S 384.0   2.6  14:47.24 application
  69420 1001      20   0 1404336 431840  46200 S 391.0   2.6  14:51.15 application
  69420 1001      20   0 1404336 432104  46200 S 384.0   2.6  14:54.99 application
  69420 1001      20   0 1404336 432104  46200 S 381.0   2.6  14:58.80 application
  69420 1001      20   0 1404336 432368  46200 S 378.2   2.7  15:02.62 application
  69420 1001      20   0 1405360 432896  46200 S 387.0   2.7  15:06.49 application
  69420 1001      20   0 1406384 433420  46200 S 388.0   2.7  15:10.37 application
  69420 1001      20   0 1406384 433420  46200 S 385.0   2.7  15:14.22 application
  69420 1001      20   0 1406384 433420  46200 S 381.0   2.7  15:18.03 application
  69420 1001      20   0 1406384 434212  46200 S 382.0   2.7  15:21.85 application
  69420 1001      20   0 1407408 434740  46200 S 380.0   2.7  15:25.65 application
  69420 1001      20   0 1407408 435004  46200 S 386.0   2.7  15:29.51 application
  69420 1001      20   0 1408432 435532  46200 S 388.0   2.7  15:33.39 application
  69420 1001      20   0 1408432 435532  46200 S 387.0   2.7  15:37.26 application
  69420 1001      20   0 1408432 435796  46200 S 377.2   2.7  15:41.07 application
  69420 1001      20   0 1408432 436060  46200 S 392.0   2.7  15:44.99 application
  69420 1001      20   0 1409456 436588  46200 S 385.0   2.7  15:48.84 application
  69420 1001      20   0 1409456 437116  46200 S 390.0   2.7  15:52.74 application
  69420 1001      20   0 1410480 438172  46200 S 380.0   2.7  15:56.54 application
  69420 1001      20   0 1411504 438700  46200 S 379.0   2.7  16:00.33 application
  69420 1001      20   0 1411504 439228  46200 S 375.0   2.7  16:04.08 application
  69420 1001      20   0 1412528 439756  46200 S 383.0   2.7  16:07.91 application
  69420 1001      20   0 1412528 440284  46200 S 386.0   2.7  16:11.77 application
  69420 1001      20   0 1412528 440548  46200 S 384.0   2.7  16:15.61 application
  69420 1001      20   0 1412528 440548  46200 S 373.3   2.7  16:19.38 application
  69420 1001      20   0 1413552 440812  46200 S 392.0   2.7  16:23.30 application
  69420 1001      20   0 1413552 441340  46200 S 374.0   2.7  16:27.04 application
  69420 1001      20   0 1414576 442132  46200 S 380.0   2.7  16:30.84 application
  69420 1001      20   0 1415600 442924  46200 S 382.0   2.7  16:34.66 application
  69420 1001      20   0 1415600 442924  46200 S 380.0   2.7  16:38.46 application
  69420 1001      20   0 1415600 443188  46200 S 389.0   2.7  16:42.35 application
  69420 1001      20   0 1415600 443716  46200 S 381.0   2.7  16:46.16 application
  69420 1001      20   0 1416624 443980  46200 S 391.0   2.7  16:50.07 application
  69420 1001      20   0 1416624 444508  46200 S 383.0   2.7  16:53.90 application
  69420 1001      20   0 1417648 445036  46200 S 379.2   2.7  16:57.73 application
  69420 1001      20   0 1417648 445300  46200 S 381.0   2.7  17:01.54 application
  69420 1001      20   0 1417