  32429 1001      20   0 8320912 578840  53684 S   0.0   3.5  34:37.34 application
  32429 1001      20   0 8312716 578872  53684 S 381.0   3.5  34:41.15 application
  32429 1001      20   0 8312716 578872  53684 S 402.0   3.5  34:45.17 application
  32429 1001      20   0 8312716 578872  53684 S 401.0   3.5  34:49.18 application
  32429 1001      20   0 8320912 578872  53684 S 401.0   3.5  34:53.19 application
  32429 1001      20   0 8320912 578872  53684 S 400.0   3.5  34:57.19 application
  32429 1001      20   0 8320912 578872  53684 S 396.0   3.5  35:01.19 application
  32429 1001      20   0 8320912 578872  53684 S 401.0   3.5  35:05.20 application
  32429 1001      20   0 8320912 578872  53684 S 398.0   3.5  35:09.18 application
  32429 1001      20   0 8320912 578872  53684 S 405.0   3.5  35:13.23 application
  32429 1001      20   0 8558500 578872  53684 S 402.0   3.5  35:17.25 application
  32429 1001      20   0 8558500 578872  53684 S 400.0   3.5  35:21.25 application
  32429 1001      20   0 8558500 578872  53684 S 401.0   3.5  35:25.26 application
  32429 1001      20   0 8558500 578872  53684 S 402.0   3.5  35:29.28 application
  32429 1001      20   0 8558500 578872  53684 S 403.0   3.5  35:33.31 application
  32429 1001      20   0 8558500 578872  53684 S 399.0   3.5  35:37.30 application
  32429 1001      20   0 8558500 578872  53684 S 397.0   3.5  35:41.31 application
  32429 1001      20   0 8558500 578872  53684 S 399.0   3.5  35:45.30 application
  32429 1001      20   0 8558500 578872  53684 S 402.0   3.5  35:49.32 application
  32429 1001      20   0 8558500 578872  53684 S 404.0   3.5  35:53.36 application
  32429 1001      20   0 8927160 579136  53684 S 400.0   3.6  35:57.36 application
  32429 1001      20   0 8927160 579136  53684 S 398.0   3.6  36:01.34 application
  32429 1001      20   0 8927160 579136  53684 S 403.0   3.6  36:05.37 application
  32429 1001      20   0 8927160 579136  53684 S 401.0   3.6  36:09.38 application
  32429 1001      20   0 8927160 579136  53684 S 403.0   3.6  36:13.41 application
  32429 1001      20   0 8927160 579136  53684 S 398.0   3.6  36:17.39 application
  32429 1001      20   0 8927160 579136  53684 S 399.0   3.6  36:21.42 application
  32429 1001      20   0 8927160 579136  53684 S 400.0   3.6  36:25.42 application
  32429 1001      20   0 8927160 579136  53684 S 404.0   3.6  36:29.46 application
  32429 1001      20   0 8927160 579136  53684 S 398.0   3.6  36:33.44 application
  32429 1001      20   0 8927160 579136  53684 S 399.0   3.6  36:37.43 application
  32429 1001      20   0 8927160 579136  53684 S 404.0   3.6  36:41.47 application
  32429 1001      20   0 8927160 579136  53684 S 399.0   3.6  36:45.46 application
  32429 1001      20   0 8927160 579136  53684 S 395.0   3.6  36:49.41 application
  32429 1001      20   0 8927160 579136  53684 S 406.0   3.6  36:53.47 application
  32429 1001      20   0 8927160 579136  53684 S 400.0   3.6  36:57.47 application
  32429 1001      20   0 8927160 579136  53684 S 396.0   3.6  37:01.47 application
  32429 1001      20   0 8927160 579136  53684 S 400.0   3.6  37:05.47 application
  32429 1001      20   0 8927160 579136  53684 S 401.0   3.6  37:09.48 application
  32429 1001      20   0 8927160 579136  53684 S 400.0   3.6  37:13.48 application
  32429 1001      20   0 8927160 579136  53684 S 399.0   3.6  37:17.47 application
  32429 1001      20   0 8927160 579136  53684 S 400.0   3.6  37:21.47 application
  32429 1001      20   0 8927160 579136  53684 S 400.0   3.6  37:25.47 application
  32429 1001      20   0 8927160 579136  53684 S 400.0   3.6  37:29.47 application
  32429 1001      20   0 8927160 579136  53684 S 400.0   3.6  37:33.47 application
  32429 1001      20   0 8927160 579136  53684 S 396.0   3.6  37:37.47 application
  32429 1001      20   0 8927160 579136  53684 S 401.0   3.6  37:41.48 application
  32429 1001      20   0 8927160 579136  53684 S 399.0   3.6  37:45.47 application
  32429 1001      20   0 8927160 579136  53684 S 399.0   3.6  37:49.46 application
  32429 1001      20   0 8927