  70060 1001      20   0 9000892 577384  53388 S 187.5   3.5  38:50.97 application
  70060 1001      20   0 9000892 577384  53388 S 407.0   3.5  38:55.04 application
  70060 1001      20   0 9000892 577384  53388 S 399.0   3.5  38:59.03 application
  70060 1001      20   0 9000892 577384  53388 S 401.0   3.5  39:03.04 application
  70060 1001      20   0 9000892 577384  53388 S 400.0   3.5  39:07.04 application
  70060 1001      20   0 9000892 577384  53388 S 400.0   3.5  39:11.04 application
  70060 1001      20   0 9000892 577384  53388 S 399.0   3.5  39:15.03 application
  70060 1001      20   0 9000892 577384  53388 S 397.0   3.5  39:19.04 application
  70060 1001      20   0 9000892 577384  53388 S 400.0   3.5  39:23.04 application
  70060 1001      20   0 9000892 577384  53388 S 402.0   3.5  39:27.06 application
  70060 1001      20   0 9000892 577384  53388 S 401.0   3.5  39:31.07 application
  70060 1001      20   0 9000892 577384  53388 S 402.0   3.5  39:35.09 application
  70060 1001      20   0 9000892 577384  53388 S 400.0   3.5  39:39.09 application
  70060 1001      20   0 9000892 577384  53388 S 401.0   3.5  39:43.10 application
  70060 1001      20   0 9000892 577384  53388 S 401.0   3.5  39:47.11 application
  70060 1001      20   0 9000892 577384  53388 S 402.0   3.5  39:51.13 application
  70060 1001      20   0 9000892 577384  53388 S 399.0   3.5  39:55.12 application
  70060 1001      20   0 9000892 577384  53388 S 398.0   3.5  39:59.14 application
  70060 1001      20   0 9000892 577384  53388 S 402.0   3.5  40:03.16 application
  70060 1001      20   0 9000892 577384  53388 S 400.0   3.5  40:07.16 application
  70060 1001      20   0 9000892 577384  53388 S 400.0   3.5  40:11.16 application
  70060 1001      20   0 9000892 577384  53388 S 402.0   3.5  40:15.18 application
  70060 1001      20   0 9000892 577524  53388 S 400.0   3.5  40:19.18 application
  70060 1001      20   0 9000892 577524  53388 S 401.0   3.5  40:23.19 application
  70060 1001      20   0 9000892 577524  53388 S 400.0   3.5  40:27.19 application
  70060 1001      20   0 9000892 577524  53388 S 401.0   3.5  40:31.20 application
  70060 1001      20   0 9000892 577524  53388 S 402.0   3.5  40:35.22 application
  70060 1001      20   0 9000892 577524  53388 S 395.0   3.5  40:39.21 application
  70060 1001      20   0 9000892 577524  53388 S 403.0   3.5  40:43.24 application
  70060 1001      20   0 9000892 577524  53388 S 400.0   3.5  40:47.24 application
  70060 1001      20   0 9000892 577524  53388 S 403.0   3.5  40:51.27 application
  70060 1001      20   0 9000892 577524  53388 S 399.0   3.5  40:55.26 application
  70060 1001      20   0 9000892 577524  53388 S 401.0   3.5  40:59.27 application
  70060 1001      20   0 8951716 578816  53388 S 402.0   3.5  41:03.29 application
  70060 1001      20   0 8951716 578816  53388 S 400.0   3.5  41:07.29 application
  70060 1001      20   0 8951716 578816  53388 S 398.0   3.5  41:11.27 application
  70060 1001      20   0 8992696 578816  53388 S 405.0   3.5  41:15.32 application
  70060 1001      20   0 8992696 578816  53388 S 397.0   3.5  41:19.33 application
  70060 1001      20   0 8992696 578816  53388 S 402.0   3.5  41:23.35 application
  70060 1001      20   0 8992696 578816  53388 S 398.0   3.5  41:27.33 application
  70060 1001      20   0 8992696 578816  53388 S 405.0   3.5  41:31.38 application
  70060 1001      20   0 8992696 578816  53388 S 398.0   3.5  41:35.36 application
  70060 1001      20   0 8992696 578816  53388 S 398.0   3.5  41:39.34 application
  70060 1001      20   0 8992696 578816  53388 S 406.0   3.5  41:43.40 application
  70060 1001      20   0 8992696 578816  53388 S 401.0   3.5  41:47.41 application
  70060 1001      20   0 8992696 578816  53388 S 398.0   3.5  41:51.39 application
  70060 1001      20   0 8992696 578816  53388 S 401.0   3.5  41:55.40 application
  70060 1001      20   0 9000892 578816  53388 S 395.0   3.5  41:59.39 application
  70060 1001      20   0 9000892 578816  53388 S 401.0   3.5  42:03.40 application
  70060 1001      20   0 9000