  32429 1001      20   0 3499668 335540  52276 S  43.8   2.1   1:39.47 application
  32429 1001      20   0 3499668 335540  52276 S 174.0   2.1   1:41.21 application
  32429 1001      20   0 3500692 336332  52276 S 174.0   2.1   1:42.95 application
  32429 1001      20   0 3501716 337124  52276 S 175.0   2.1   1:44.70 application
  32429 1001      20   0 3501716 337124  52276 S 173.0   2.1   1:46.43 application
  32429 1001      20   0 3501716 337388  52276 S 174.0   2.1   1:48.17 application
  32429 1001      20   0 3501716 337388  52276 S 173.0   2.1   1:49.90 application
  32429 1001      20   0 3501716 337388  52276 S 176.0   2.1   1:51.66 application
  32429 1001      20   0 3501716 337652  52276 S 174.0   2.1   1:53.40 application
  32429 1001      20   0 3501716 337652  52276 S 171.3   2.1   1:55.13 application
  32429 1001      20   0 3501716 337652  52276 S 175.0   2.1   1:56.88 application
  32429 1001      20   0 3501716 337916  52276 S 174.0   2.1   1:58.62 application
  32429 1001      20   0 3501716 337916  52276 S 173.0   2.1   2:00.35 application
  32429 1001      20   0 3501716 337916  52276 S 173.0   2.1   2:02.08 application
  32429 1001      20   0 3502740 337916  52276 S 175.0   2.1   2:03.83 application
  32429 1001      20   0 3502740 337916  52276 S 173.0   2.1   2:05.56 application
  32429 1001      20   0 3502740 338236  52340 S 173.0   2.1   2:07.29 application
  32429 1001      20   0 3502740 338236  52340 S 174.0   2.1   2:09.03 application
  32429 1001      20   0 3502740 338500  52340 S 174.0   2.1   2:10.77 application
  32429 1001      20   0 3502740 338500  52340 S 172.3   2.1   2:12.51 application
  32429 1001      20   0 3502740 338500  52340 S 173.0   2.1   2:14.24 application
  32429 1001      20   0 3502740 338500  52340 S 173.0   2.1   2:15.97 application
  32429 1001      20   0 3502740 338760  52344 S 175.0   2.1   2:17.72 application
  32429 1001      20   0 3502740 338760  52344 S 174.0   2.1   2:19.46 application
  32429 1001      20   0 3503764 339024  52344 S 174.0   2.1   2:21.20 application
  32429 1001      20   0 3503764 339024  52344 S 174.0   2.1   2:22.94 application
  32429 1001      20   0 3503764 339024  52344 S 173.0   2.1   2:24.67 application
  32429 1001      20   0 3503764 339024  52344 S 175.0   2.1   2:26.42 application
  32429 1001      20   0 3503764 339024  52344 S 173.0   2.1   2:28.15 application
  32429 1001      20   0 3503764 339348  52408 S 172.3   2.1   2:29.89 application
  32429 1001      20   0 3503764 339348  52408 S 173.0   2.1   2:31.62 application
  32429 1001      20   0 3503764 339668  52468 S 176.0   2.1   2:33.38 application
  32429 1001      20   0 3503764 340000  52468 S 173.0   2.1   2:35.11 application
  32429 1001      20   0 3503764 340000  52468 S 173.0   2.1   2:36.84 application
  32429 1001      20   0 3503764 340000  52468 S 174.0   2.1   2:38.58 application
  32429 1001      20   0 3503764 340000  52468 S 173.0   2.1   2:40.31 application
  32429 1001      20   0 3503764 340000  52468 S 172.0   2.1   2:42.03 application
  32429 1001      20   0 3503764 340000  52468 S 175.0   2.1   2:43.78 application
  32429 1001      20   0 3503764 340000  52468 S 172.0   2.1   2:45.50 application
  32429 1001      20   0 3504788 340000  52468 S 172.3   2.1   2:47.24 application
  32429 1001      20   0 3504788 340264  52468 S 173.0   2.1   2:48.97 application
  32429 1001      20   0 3504788 340264  52468 S 174.0   2.1   2:50.71 application
  32429 1001      20   0 3504788 340528  52468 S 174.0   2.1   2:52.45 application
  32429 1001      20   0 3504788 340788  52468 S 174.0   2.1   2:54.19 application
  32429 1001      20   0 3504788 340788  52468 S 172.0   2.1   2:55.91 application
  32429 1001      20   0 3504788 341052  52468 S 174.0   2.1   2:57.65 application
  32429 1001      20   0 3504788 341052  52468 S 172.0   2.1   2:59.37 application
  32429 1001      20   0 3504788 341316  52468 S 174.0   2.1   3:01.11 application
  32429 1001      20   0 3504788 341580  52468 S 173.0   2.1   3:02.84 application
  32429 1001      20   0 3504