  32429 1001      20   0 7110476 489412  52596 S  62.5   3.0  22:39.26 application
  32429 1001      20   0 7111500 489936  52596 S 264.0   3.0  22:41.90 application
  32429 1001      20   0 7112524 490728  52596 S 399.0   3.0  22:45.89 application
  32429 1001      20   0 7112524 491256  52596 S 401.0   3.0  22:49.90 application
  32429 1001      20   0 7113548 492048  52596 S 399.0   3.0  22:53.89 application
  32429 1001      20   0 7114572 492572  52596 S 400.0   3.0  22:57.89 application
  32429 1001      20   0 7114572 493100  52596 S 400.0   3.0  23:01.89 application
  32429 1001      20   0 7115596 493624  52596 S 397.0   3.0  23:05.90 application
  32429 1001      20   0 7115596 493888  52596 S 399.0   3.0  23:09.89 application
  32429 1001      20   0 7115596 494416  52596 S 403.0   3.0  23:13.92 application
  32429 1001      20   0 7116620 494940  52596 S 399.0   3.0  23:17.91 application
  32429 1001      20   0 7117644 495468  52596 S 404.0   3.0  23:21.95 application
  32429 1001      20   0 7118668 496260  52596 S 398.0   3.0  23:25.93 application
  32429 1001      20   0 7121740 501152  52596 S 405.0   3.1  23:29.98 application
  32429 1001      20   0 7122764 501944  52596 S 402.0   3.1  23:34.00 application
  32429 1001      20   0 7123788 502472  52596 S 400.0   3.1  23:38.00 application
  32429 1001      20   0 7123788 503000  52596 S 397.0   3.1  23:42.01 application
  32429 1001      20   0 7124812 503792  52596 S 401.0   3.1  23:46.02 application
  32429 1001      20   0 7124812 504320  52596 S 401.0   3.1  23:50.03 application
  32429 1001      20   0 7125836 504844  52596 S 402.0   3.1  23:54.05 application
  32429 1001      20   0 7125836 505372  52596 S 400.0   3.1  23:58.05 application
  32429 1001      20   0 7126860 505636  52596 S 402.0   3.1  24:02.07 application
  32429 1001      20   0 7126860 505900  52596 S 400.0   3.1  24:06.07 application
  32429 1001      20   0 7159644 505900  52596 S 401.0   3.1  24:10.08 application
  32429 1001      20   0 7161692 507484  52596 S 400.0   3.1  24:14.08 application
  32429 1001      20   0 7161692 508012  52596 S 402.0   3.1  24:18.10 application
  32429 1001      20   0 7162716 508540  52596 S 396.0   3.1  24:22.10 application
  32429 1001      20   0 7162716 508540  52596 S 402.0   3.1  24:26.12 application
  32429 1001      20   0 7163740 509064  52596 S 402.0   3.1  24:30.14 application
  32429 1001      20   0 7238496 509852  52596 S 399.0   3.1  24:34.13 application
  32429 1001      20   0 7239520 510908  52596 S 402.0   3.1  24:38.15 application
  32429 1001      20   0 7239520 511428  52596 S 404.0   3.1  24:42.19 application
  32429 1001      20   0 7240544 511952  52596 S 399.0   3.1  24:46.18 application
  32429 1001      20   0 7240544 512476  52596 S 398.0   3.1  24:50.16 application
  32429 1001      20   0 7241568 512996  52596 S 400.0   3.1  24:54.16 application
  32429 1001      20   0 7241568 513524  52596 S 404.0   3.1  24:58.20 application
  32429 1001      20   0 7242592 514048  52596 S 394.1   3.2  25:02.18 application
  32429 1001      20   0 7242592 514576  52596 S 405.0   3.2  25:06.23 application
  32429 1001      20   0 7243616 514840  52596 S 403.0   3.2  25:10.26 application
  32429 1001      20   0 7243616 515364  52596 S 397.0   3.2  25:14.23 application
  32429 1001      20   0 7243616 515628  52596 S 403.0   3.2  25:18.26 application
  32429 1001      20   0 7244640 516156  52596 S 401.0   3.2  25:22.27 application
  32429 1001      20   0 7245664 516948  52596 S 401.0   3.2  25:26.28 application
  32429 1001      20   0 7245664 517740  52596 S 398.0   3.2  25:30.26 application
  32429 1001      20   0 7246688 518268  52596 S 400.0   3.2  25:34.26 application
  32429 1001      20   0 7247712 519060  52596 S 402.0   3.2  25:38.28 application
  32429 1001      20   0 7247712 519588  52596 S 396.0   3.2  25:42.28 application
  32429 1001      20   0 7248736 520380  52596 S 401.0   3.2  25:46.29 application
  32429 1001      20   0 7249760 521172  52596 S 399.0   3.2  25:50.28 application
  32429 1001      20   0 7249