  32050 1001      20   0 1471916 498704  45052 S 140.0   3.1  20:25.58 application
  32050 1001      20   0 1472940 500024  45052 S 400.0   3.1  20:29.58 application
  32050 1001      20   0 1473964 500816  45052 S 395.0   3.1  20:33.53 application
  32050 1001      20   0 1474988 501344  45052 S 390.0   3.1  20:37.43 application
  32050 1001      20   0 1474988 501608  45052 S 391.0   3.1  20:41.34 application
  32050 1001      20   0 1474988 502136  45052 S 387.0   3.1  20:45.21 application
  32050 1001      20   0 1476012 502928  45052 S 389.0   3.1  20:49.10 application
  32050 1001      20   0 1477036 503456  45052 S 393.0   3.1  20:53.03 application
  32050 1001      20   0 1477036 503720  45052 S 396.0   3.1  20:57.03 application
  32050 1001      20   0 1478060 503984  45052 S 383.0   3.1  21:00.86 application
  32050 1001      20   0 1478060 504776  45052 S 388.0   3.1  21:04.74 application
  32050 1001      20   0 1479084 505832  45052 S 394.0   3.1  21:08.68 application
  32050 1001      20   0 1480108 506096  45052 S 400.0   3.1  21:12.68 application
  32050 1001      20   0 1481132 506888  45052 S 398.0   3.1  21:16.66 application
  32050 1001      20   0 1481132 507416  45052 S 391.0   3.1  21:20.57 application
  32050 1001      20   0 1482156 508472  45052 S 396.0   3.1  21:24.53 application
  32050 1001      20   0 1483180 509264  45052 S 392.0   3.1  21:28.45 application
  32050 1001      20   0 1484204 510320  45052 S 396.0   3.1  21:32.41 application
  32050 1001      20   0 1484204 510584  45052 S 387.1   3.1  21:36.32 application
  32050 1001      20   0 1485228 511112  45052 S 399.0   3.1  21:40.31 application
  32050 1001      20   0 1485228 511640  45052 S 388.0   3.1  21:44.19 application
  32050 1001      20   0 1485228 512168  45052 S 398.0   3.1  21:48.17 application
  32050 1001      20   0 1486252 512960  45052 S 398.0   3.1  21:52.15 application
  32050 1001      20   0 1486252 513224  45052 S 394.0   3.1  21:56.09 application
  32050 1001      20   0 1487276 513752  45052 S 395.0   3.2  22:00.04 application
  32050 1001      20   0 1487276 514280  45052 S 401.0   3.2  22:04.05 application
  32050 1001      20   0 1488300 514544  45052 S 390.0   3.2  22:07.95 application
  32050 1001      20   0 1488300 515072  45052 S 402.0   3.2  22:11.97 application
  32050 1001      20   0 1489324 515600  45052 S 388.1   3.2  22:15.89 application
  32050 1001      20   0 1489324 516392  45052 S 393.0   3.2  22:19.82 application
  32050 1001      20   0 1490348 516656  45052 S 387.0   3.2  22:23.69 application
  32050 1001      20   0 1491372 517448  45052 S 403.0   3.2  22:27.72 application
  32050 1001      20   0 1491372 517976  45052 S 393.0   3.2  22:31.65 application
  32050 1001      20   0 1491372 518240  45052 S 394.0   3.2  22:35.59 application
  32050 1001      20   0 1492396 518768  45052 S 387.0   3.2  22:39.46 application
  32050 1001      20   0 1493420 519560  45052 S 389.0   3.2  22:43.35 application
  32050 1001      20   0 1493420 519824  45052 S 389.0   3.2  22:47.24 application
  32050 1001      20   0 1493420 520352  45052 S 401.0   3.2  22:51.25 application
  32050 1001      20   0 1494444 521144  45052 S 394.1   3.2  22:55.23 application
  32050 1001      20   0 1495468 521936  45052 S 384.0   3.2  22:59.07 application
  32050 1001      20   0 1495468 522728  45052 S 386.0   3.2  23:02.93 application
  32050 1001      20   0 1496492 523520  45052 S 394.0   3.2  23:06.87 application
  32050 1001      20   0 1497516 523784  45052 S 394.0   3.2  23:10.81 application
  32050 1001      20   0 1497516 524576  45052 S 396.0   3.2  23:14.77 application
  32050 1001      20   0 1498540 525368  45052 S 393.0   3.2  23:18.70 application
  32050 1001      20   0 1499564 525896  45052 S 389.0   3.2  23:22.59 application
  32050 1001      20   0 1499564 526424  45052 S 396.0   3.2  23:26.55 application
  32050 1001      20   0 1500588 526688  45052 S 397.0   3.2  23:30.52 application
  32050 1001      20   0 1500588 527480  45052 S 392.1   3.2  23:34.48 application
  32050 1001      20   0 1501