Running 1m test @ http://erik-pc.local:8080/greeting/Bob
  4 threads and 100 connections
  Thread calibration: mean lat.: 1.308ms, rate sampling interval: 10ms
  Thread calibration: mean lat.: 1.293ms, rate sampling interval: 10ms
  Thread calibration: mean lat.: 1.391ms, rate sampling interval: 10ms
  Thread calibration: mean lat.: 1.259ms, rate sampling interval: 10ms
  Thread Stats   Avg      Stdev     Max   +/- Stdev
    Latency     1.32ms  550.51us   5.90ms   66.03%
    Req/Sec     2.64k   375.49     4.22k    83.27%
  Latency Distribution (HdrHistogram - Recorded Latency)
 50.000%    1.26ms
 75.000%    1.69ms
 90.000%    2.08ms
 99.000%    2.69ms
 99.900%    3.48ms
 99.990%    4.87ms
 99.999%    5.37ms
100.000%    5.90ms

  Detailed Percentile spectrum:
       Value   Percentile   TotalCount 1/(1-Percentile)

       0.220     0.000000            1         1.00
       0.650     0.100000        50148         1.11
       0.811     0.200000        99957         1.25
       0.955     0.300000       149710         1.43
       1.108     0.400000       199793         1.67
       1.258     0.500000       249386         2.00
       1.340     0.550000       274424         2.22
       1.425     0.600000       299347         2.50
       1.514     0.650000       324448         2.86
       1.602     0.700000       349212         3.33
       1.694     0.750000       374155         4.00
       1.743     0.775000       386751         4.44
       1.796     0.800000       399117         5.00
       1.853     0.825000       411617         5.71
       1.916     0.850000       424016         6.67
       1.991     0.875000       436412         8.00
       2.036     0.887500       442779         8.89
       2.083     0.900000       448944        10.00
       2.133     0.912500       455154        11.43
       2.187     0.925000       461557        13.33
       2.241     0.937500       467593        16.00
       2.271     0.943750       470718        17.78
       2.305     0.950000       473948        20.00
       2.341     0.956250       477026        22.86
       2.381     0.962500       480106        26.67
       2.425     0.968750       483267        32.00
       2.449     0.971875       484735        35.56
       2.477     0.975000       486280        40.00
       2.509     0.978125       487897        45.71
       2.545     0.981250       489447        53.33
       2.583     0.984375       490960        64.00
       2.607     0.985938       491745        71.11
       2.635     0.987500       492521        80.00
       2.667     0.989062       493333        91.43
       2.699     0.990625       494077       106.67
       2.739     0.992188       494875       128.00
       2.765     0.992969       495251       142.22
       2.793     0.993750       495637       160.00
       2.825     0.994531       496034       182.86
       2.863     0.995313       496430       213.33
       2.907     0.996094       496809       256.00
       2.935     0.996484       497000       284.44
       2.965     0.996875       497199       320.00
       3.005     0.997266       497397       365.71
       3.051     0.997656       497587       426.67
       3.109     0.998047       497780       512.00
       3.139     0.998242       497873       568.89
       3.191     0.998437       497972       640.00
       3.255     0.998633       498069       731.43
       3.349     0.998828       498164       853.33
       3.505     0.999023       498261      1024.00
       3.637     0.999121       498310      1137.78
       3.773     0.999219       498359      1280.00
       3.911     0.999316       498408      1462.86
       4.103     0.999414       498459      1706.67
       4.203     0.999512       498508      2048.00
       4.259     0.999561       498530      2275.56
       4.319     0.999609       498556      2560.00
       4.387     0.999658       498578      2925.71
       4.471     0.999707       498602      3413.33
       4.535     0.999756       498627      4096.00
       4.591     0.999780       498640      4551.11
       4.627     0.999805       498652      5120.00
       4.691     0.999829       498665      5851.43
       4.747     0.999854       498675      6826.67
       4.815     0.999878       498688      8192.00
       4.843     0.999890       498694      9102.22
       4.879     0.999902       498700     10240.00
       4.915     0.999915       498707     11702.86
       4.951     0.999927       498712     13653.33
       4.991     0.999939       498718     16384.00
       5.035     0.999945       498721     18204.44
       5.059     0.999951       498725     20480.00
       5.071     0.999957       498727     23405.71
       5.139     0.999963       498730     27306.67
       5.191     0.999969       498734     32768.00
       5.211     0.999973       498735     36408.89
       5.227     0.999976       498736     40960.00
       5.283     0.999979       498738     46811.43
       5.315     0.999982       498739     54613.33
       5.343     0.999985       498741     65536.00
       5.347     0.999986       498742     72817.78
       5.347     0.999988       498742     81920.00
       5.367     0.999989       498743     93622.86
       5.435     0.999991       498744    109226.67
       5.515     0.999992       498746    131072.00
       5.515     0.999993       498746    145635.56
       5.515     0.999994       498746    163840.00
       5.515     0.999995       498746    187245.71
       5.515     0.999995       498746    218453.33
       5.535     0.999996       498747    262144.00
       5.535     0.999997       498747    291271.11
       5.535     0.999997       498747    327680.00
       5.535     0.999997       498747    374491.43
       5.535     0.999998       498747    436906.67
       5.899     0.999998       498748    524288.00
       5.899     1.000000       498748          inf
#[Mean    =        1.321, StdDeviation   =        0.551]
#[Max     =        5.896, Total count    =       498748]
#[Buckets =           27, SubBuckets     =         2048]
----------------------------------------------------------
  599428 requests in 1.00m, 41.73MB read
Requests/sec:   9990.20
Transfer/sec:    712.19KB
