Running 1m test @ http://erik-pc.local:8080/greeting/Bob
  4 threads and 100 connections
  Thread calibration: mean lat.: 92.024ms, rate sampling interval: 384ms
  Thread calibration: mean lat.: 153.604ms, rate sampling interval: 1099ms
  Thread calibration: mean lat.: 134.014ms, rate sampling interval: 637ms
  Thread calibration: mean lat.: 146.127ms, rate sampling interval: 912ms
  Thread Stats   Avg      Stdev     Max   +/- Stdev
    Latency   587.59ms  919.10ms   4.75s    85.23%
    Req/Sec    18.25k     2.46k   25.55k    70.26%
  Latency Distribution (HdrHistogram - Recorded Latency)
 50.000%  139.77ms
 75.000%  683.52ms
 90.000%    2.02s 
 99.000%    3.81s 
 99.900%    4.24s 
 99.990%    4.67s 
 99.999%    4.74s 
100.000%    4.75s 

  Detailed Percentile spectrum:
       Value   Percentile   TotalCount 1/(1-Percentile)

       0.141     0.000000            1         1.00
      17.583     0.100000       363281         1.11
      35.999     0.200000       726570         1.25
      54.399     0.300000      1089915         1.43
      91.135     0.400000      1453235         1.67
     139.775     0.500000      1816613         2.00
     176.511     0.550000      1997800         2.22
     230.271     0.600000      2179152         2.50
     322.815     0.650000      2360763         2.86
     482.815     0.700000      2542435         3.33
     683.519     0.750000      2723980         4.00
     797.695     0.775000      2814713         4.44
     963.583     0.800000      2905503         5.00
    1172.479     0.825000      2996323         5.71
    1480.703     0.850000      3087145         6.67
    1728.511     0.875000      3178133         8.00
    1865.727     0.887500      3223311         8.89
    2018.303     0.900000      3268783        10.00
    2230.271     0.912500      3314393        11.43
    2408.447     0.925000      3359606        13.33
    2625.535     0.937500      3404982        16.00
    2752.511     0.943750      3427598        17.78
    2895.871     0.950000      3450371        20.00
    3026.943     0.956250      3473202        22.86
    3137.535     0.962500      3495862        26.67
    3252.223     0.968750      3518805        32.00
    3309.567     0.971875      3530138        35.56
    3364.863     0.975000      3541080        40.00
    3428.351     0.978125      3552545        45.71
    3530.751     0.981250      3563890        53.33
    3631.103     0.984375      3575282        64.00
    3672.063     0.985938      3580882        71.11
    3719.167     0.987500      3586542        80.00
    3774.463     0.989062      3592156        91.43
    3833.855     0.990625      3597913       106.67
    3883.007     0.992188      3603533       128.00
    3909.631     0.992969      3606338       142.22
    3936.255     0.993750      3609189       160.00
    3966.975     0.994531      3612049       182.86
    3997.695     0.995313      3615008       213.33
    4026.367     0.996094      3617852       256.00
    4042.751     0.996484      3619234       284.44
    4061.183     0.996875      3620537       320.00
    4085.759     0.997266      3621998       365.71
    4108.287     0.997656      3623366       426.67
    4139.007     0.998047      3624818       512.00
    4159.487     0.998242      3625547       568.89
    4177.919     0.998437      3626197       640.00
    4194.303     0.998633      3626959       731.43
    4210.687     0.998828      3627673       853.33
    4239.359     0.999023      3628378      1024.00
    4268.031     0.999121      3628679      1137.78
    4296.703     0.999219      3629052      1280.00
    4321.279     0.999316      3629410      1462.86
    4358.143     0.999414      3629754      1706.67
    4407.295     0.999512      3630099      2048.00
    4460.543     0.999561      3630282      2275.56
    4476.927     0.999609      3630456      2560.00
    4501.503     0.999658      3630635      2925.71
    4538.367     0.999707      3630814      3413.33
    4558.847     0.999756      3630987      4096.00
    4575.231     0.999780      3631080      4551.11
    4603.903     0.999805      3631162      5120.00
    4628.479     0.999829      3631247      5851.43
    4644.863     0.999854      3631346      6826.67
    4661.247     0.999878      3631433      8192.00
    4669.439     0.999890      3631497      9102.22
    4673.535     0.999902      3631528     10240.00
    4681.727     0.999915      3631571     11702.86
    4689.919     0.999927      3631601     13653.33
    4706.303     0.999939      3631647     16384.00
    4710.399     0.999945      3631668     18204.44
    4718.591     0.999951      3631711     20480.00
    4722.687     0.999957      3631733     23405.71
    4726.783     0.999963      3631751     27306.67
    4730.879     0.999969      3631780     32768.00
    4730.879     0.999973      3631780     36408.89
    4730.879     0.999976      3631780     40960.00
    4734.975     0.999979      3631810     46811.43
    4734.975     0.999982      3631810     54613.33
    4739.071     0.999985      3631839     65536.00
    4739.071     0.999986      3631839     72817.78
    4739.071     0.999988      3631839     81920.00
    4739.071     0.999989      3631839     93622.86
    4739.071     0.999991      3631839    109226.67
    4743.167     0.999992      3631849    131072.00
    4743.167     0.999993      3631849    145635.56
    4743.167     0.999994      3631849    163840.00
    4743.167     0.999995      3631849    187245.71
    4747.263     0.999995      3631862    218453.33
    4747.263     0.999996      3631862    262144.00
    4747.263     0.999997      3631862    291271.11
    4747.263     0.999997      3631862    327680.00
    4747.263     0.999997      3631862    374491.43
    4747.263     0.999998      3631862    436906.67
    4747.263     0.999998      3631862    524288.00
    4747.263     0.999998      3631862    582542.22
    4747.263     0.999998      3631862    655360.00
    4751.359     0.999999      3631867    748982.86
    4751.359     1.000000      3631867          inf
#[Mean    =      587.593, StdDeviation   =      919.098]
#[Max     =     4747.264, Total count    =      3631867]
#[Buckets =           27, SubBuckets     =         2048]
----------------------------------------------------------
  4362170 requests in 1.00m, 303.69MB read
Requests/sec:  72704.28
Transfer/sec:      5.06MB
