Running 1m test @ http://erik-pc.local:8080/greeting/Bob
  4 threads and 100 connections
  Thread calibration: mean lat.: 84.001ms, rate sampling interval: 443ms
  Thread calibration: mean lat.: 70.716ms, rate sampling interval: 326ms
  Thread calibration: mean lat.: 142.457ms, rate sampling interval: 572ms
  Thread calibration: mean lat.: 73.281ms, rate sampling interval: 329ms
  Thread Stats   Avg      Stdev     Max   +/- Stdev
    Latency   287.19ms  662.25ms   4.36s    91.62%
    Req/Sec    17.86k     2.32k   26.05k    74.10%
  Latency Distribution (HdrHistogram - Recorded Latency)
 50.000%   50.30ms
 75.000%  147.58ms
 90.000%  733.18ms
 99.000%    3.31s 
 99.900%    4.13s 
 99.990%    4.33s 
 99.999%    4.35s 
100.000%    4.37s 

  Detailed Percentile spectrum:
       Value   Percentile   TotalCount 1/(1-Percentile)

       0.161     0.000000            1         1.00
       5.863     0.100000       356018         1.11
      19.327     0.200000       712295         1.25
      30.127     0.300000      1068496         1.43
      39.007     0.400000      1425026         1.67
      50.303     0.500000      1780265         2.00
      61.951     0.550000      1957979         2.22
      75.967     0.600000      2136552         2.50
      92.927     0.650000      2314472         2.86
     113.919     0.700000      2492162         3.33
     147.583     0.750000      2670115         4.00
     172.799     0.775000      2758883         4.44
     209.407     0.800000      2848054         5.00
     265.471     0.825000      2937138         5.71
     373.503     0.850000      3025885         6.67
     533.503     0.875000      3115111         8.00
     623.615     0.887500      3159402         8.89
     733.183     0.900000      3203898        10.00
     868.351     0.912500      3248396        11.43
    1247.231     0.925000      3292919        13.33
    1731.583     0.937500      3337469        16.00
    1846.271     0.943750      3359608        17.78
    1941.503     0.950000      3382010        20.00
    2060.287     0.956250      3404170        22.86
    2269.183     0.962500      3426507        26.67
    2482.175     0.968750      3448746        32.00
    2584.575     0.971875      3459844        35.56
    2672.639     0.975000      3470908        40.00
    2779.135     0.978125      3482145        45.71
    2899.967     0.981250      3493190        53.33
    3043.327     0.984375      3504332        64.00
    3084.287     0.985938      3509810        71.11
    3145.727     0.987500      3515340        80.00
    3227.647     0.989062      3520936        91.43
    3330.047     0.990625      3526465       106.67
    3432.447     0.992188      3532033       128.00
    3598.335     0.992969      3534819       142.22
    3667.967     0.993750      3537634       160.00
    3733.503     0.994531      3540388       182.86
    3799.039     0.995313      3543254       213.33
    3858.431     0.996094      3545974       256.00
    3891.199     0.996484      3547370       284.44
    3919.871     0.996875      3548738       320.00
    3952.639     0.997266      3550110       365.71
    4003.839     0.997656      3551536       426.67
    4042.751     0.998047      3552943       512.00
    4057.087     0.998242      3553682       568.89
    4069.375     0.998437      3554329       640.00
    4085.759     0.998633      3555004       731.43
    4108.287     0.998828      3555694       853.33
    4130.815     0.999023      3556379      1024.00
    4145.151     0.999121      3556709      1137.78
    4163.583     0.999219      3557083      1280.00
    4175.871     0.999316      3557422      1462.86
    4188.159     0.999414      3557790      1706.67
    4202.495     0.999512      3558109      2048.00
    4214.783     0.999561      3558294      2275.56
    4227.071     0.999609      3558456      2560.00
    4243.455     0.999658      3558627      2925.71
    4263.935     0.999707      3558808      3413.33
    4280.319     0.999756      3558975      4096.00
    4288.511     0.999780      3559069      4551.11
    4296.703     0.999805      3559149      5120.00
    4304.895     0.999829      3559239      5851.43
    4313.087     0.999854      3559331      6826.67
    4321.279     0.999878      3559429      8192.00
    4325.375     0.999890      3559485      9102.22
    4329.471     0.999902      3559535     10240.00
    4329.471     0.999915      3559535     11702.86
    4333.567     0.999927      3559585     13653.33
    4337.663     0.999939      3559640     16384.00
    4341.759     0.999945      3559695     18204.44
    4341.759     0.999951      3559695     20480.00
    4341.759     0.999957      3559695     23405.71
    4345.855     0.999963      3559740     27306.67
    4345.855     0.999969      3559740     32768.00
    4345.855     0.999973      3559740     36408.89
    4349.951     0.999976      3559777     40960.00
    4349.951     0.999979      3559777     46811.43
    4349.951     0.999982      3559777     54613.33
    4354.047     0.999985      3559805     65536.00
    4354.047     0.999986      3559805     72817.78
    4354.047     0.999988      3559805     81920.00
    4354.047     0.999989      3559805     93622.86
    4354.047     0.999991      3559805    109226.67
    4358.143     0.999992      3559828    131072.00
    4358.143     0.999993      3559828    145635.56
    4358.143     0.999994      3559828    163840.00
    4358.143     0.999995      3559828    187245.71
    4358.143     0.999995      3559828    218453.33
    4358.143     0.999996      3559828    262144.00
    4358.143     0.999997      3559828    291271.11
    4358.143     0.999997      3559828    327680.00
    4358.143     0.999997      3559828    374491.43
    4362.239     0.999998      3559835    436906.67
    4362.239     0.999998      3559835    524288.00
    4362.239     0.999998      3559835    582542.22
    4362.239     0.999998      3559835    655360.00
    4362.239     0.999999      3559835    748982.86
    4362.239     0.999999      3559835    873813.33
    4362.239     0.999999      3559835   1048576.00
    4362.239     0.999999      3559835   1165084.44
    4362.239     0.999999      3559835   1310720.00
    4362.239     0.999999      3559835   1497965.71
    4362.239     0.999999      3559835   1747626.67
    4366.335     1.000000      3559837   2097152.00
    4366.335     1.000000      3559837          inf
#[Mean    =      287.186, StdDeviation   =      662.249]
#[Max     =     4362.240, Total count    =      3559837]
#[Buckets =           27, SubBuckets     =         2048]
----------------------------------------------------------
  4276126 requests in 1.00m, 297.70MB read
Requests/sec:  71264.77
Transfer/sec:      4.96MB
