Running 1m test @ http://erik-pc.local:8080/greeting/Bob
  4 threads and 100 connections
  Thread calibration: mean lat.: 294.213ms, rate sampling interval: 1268ms
  Thread calibration: mean lat.: 194.105ms, rate sampling interval: 1098ms
  Thread calibration: mean lat.: 273.276ms, rate sampling interval: 1263ms
  Thread calibration: mean lat.: 914.485ms, rate sampling interval: 4100ms
  Thread Stats   Avg      Stdev     Max   +/- Stdev
    Latency     2.15s     2.95s   13.98s    86.26%
    Req/Sec    18.37k     2.08k   22.41k    68.15%
  Latency Distribution (HdrHistogram - Recorded Latency)
 50.000%  838.14ms
 75.000%    3.06s 
 90.000%    6.46s 
 99.000%   12.38s 
 99.900%   13.51s 
 99.990%   13.81s 
 99.999%   13.93s 
100.000%   13.99s 

  Detailed Percentile spectrum:
       Value   Percentile   TotalCount 1/(1-Percentile)

       0.172     0.000000            1         1.00
      33.855     0.100000       353723         1.11
      81.407     0.200000       707159         1.25
     181.503     0.300000      1060409         1.43
     425.983     0.400000      1413895         1.67
     838.143     0.500000      1767386         2.00
    1094.655     0.550000      1944331         2.22
    1410.047     0.600000      2121132         2.50
    1825.791     0.650000      2297707         2.86
    2541.567     0.700000      2474461         3.33
    3063.807     0.750000      2651354         4.00
    3336.191     0.775000      2739336         4.44
    3647.487     0.800000      2827796         5.00
    4243.455     0.825000      2916131         5.71
    4759.551     0.850000      3004568         6.67
    5472.255     0.875000      3093093         8.00
    5926.911     0.887500      3136966         8.89
    6459.391     0.900000      3181364        10.00
    6975.487     0.912500      3225438        11.43
    7507.967     0.925000      3269628        13.33
    8220.671     0.937500      3313606        16.00
    8790.015     0.943750      3335799        17.78
    9445.375     0.950000      3357935        20.00
    9953.279     0.956250      3380088        22.86
   10379.263     0.962500      3402077        26.67
   10797.055     0.968750      3424480        32.00
   10977.279     0.971875      3435149        35.56
   11231.231     0.975000      3446418        40.00
   11427.839     0.978125      3457482        45.71
   11689.983     0.981250      3468594        53.33
   11886.591     0.984375      3479290        64.00
   12017.663     0.985938      3484992        71.11
   12132.351     0.987500      3490465        80.00
   12296.191     0.989062      3495871        91.43
   12427.263     0.990625      3501642       106.67
   12607.487     0.992188      3507056       128.00
   12697.599     0.992969      3509731       142.22
   12787.711     0.993750      3512453       160.00
   12918.783     0.994531      3515189       182.86
   13017.087     0.995313      3518159       213.33
   13107.199     0.996094      3520816       256.00
   13172.735     0.996484      3522299       284.44
   13213.695     0.996875      3523467       320.00
   13271.039     0.997266      3524849       365.71
   13311.999     0.997656      3526236       426.67
   13361.151     0.998047      3527721       512.00
   13385.727     0.998242      3528350       568.89
   13410.303     0.998437      3529147       640.00
   13451.263     0.998633      3529873       731.43
   13484.031     0.998828      3530395       853.33
   13516.799     0.999023      3531158      1024.00
   13533.183     0.999121      3531447      1137.78
   13549.567     0.999219      3531753      1280.00
   13565.951     0.999316      3532169      1462.86
   13582.335     0.999414      3532536      1706.67
   13606.911     0.999512      3532908      2048.00
   13615.103     0.999561      3532992      2275.56
   13631.487     0.999609      3533183      2560.00
   13647.871     0.999658      3533336      2925.71
   13672.447     0.999707      3533480      3413.33
   13713.407     0.999756      3533750      4096.00
   13713.407     0.999780      3533750      4551.11
   13721.599     0.999805      3533879      5120.00
   13729.791     0.999829      3533949      5851.43
   13737.983     0.999854      3534031      6826.67
   13746.175     0.999878      3534095      8192.00
   13762.559     0.999890      3534124      9102.22
   13819.903     0.999902      3534162     10240.00
   13844.479     0.999915      3534207     11702.86
   13852.671     0.999927      3534252     13653.33
   13860.863     0.999939      3534305     16384.00
   13869.055     0.999945      3534361     18204.44
   13869.055     0.999951      3534361     20480.00
   13869.055     0.999957      3534361     23405.71
   13877.247     0.999963      3534385     27306.67
   13885.439     0.999969      3534438     32768.00
   13885.439     0.999973      3534438     36408.89
   13885.439     0.999976      3534438     40960.00
   13885.439     0.999979      3534438     46811.43
   13918.207     0.999982      3534445     54613.33
   13926.399     0.999985      3534465     65536.00
   13926.399     0.999986      3534465     72817.78
   13926.399     0.999988      3534465     81920.00
   13934.591     0.999989      3534474     93622.86
   13934.591     0.999991      3534474    109226.67
   13983.743     0.999992      3534491    131072.00
   13983.743     0.999993      3534491    145635.56
   13983.743     0.999994      3534491    163840.00
   13983.743     0.999995      3534491    187245.71
   13983.743     0.999995      3534491    218453.33
   13991.935     0.999996      3534506    262144.00
   13991.935     1.000000      3534506          inf
#[Mean    =     2151.210, StdDeviation   =     2950.422]
#[Max     =    13983.744, Total count    =      3534506]
#[Buckets =           27, SubBuckets     =         2048]
----------------------------------------------------------
  4236023 requests in 1.00m, 294.90MB read
Requests/sec:  70566.55
Transfer/sec:      4.91MB
