Running 1m test @ http://erik-pc.local:8080/greeting/Bob
  4 threads and 100 connections
  Thread calibration: mean lat.: 1.654ms, rate sampling interval: 10ms
  Thread calibration: mean lat.: 1.522ms, rate sampling interval: 10ms
  Thread calibration: mean lat.: 1.590ms, rate sampling interval: 10ms
  Thread calibration: mean lat.: 1.811ms, rate sampling interval: 10ms
  Thread Stats   Avg      Stdev     Max   +/- Stdev
    Latency     1.68ms    0.87ms   9.62ms   71.67%
    Req/Sec     5.28k   808.51     9.10k    81.26%
  Latency Distribution (HdrHistogram - Recorded Latency)
 50.000%    1.46ms
 75.000%    2.19ms
 90.000%    2.90ms
 99.000%    4.03ms
 99.900%    6.78ms
 99.990%    8.64ms
 99.999%    9.33ms
100.000%    9.63ms

  Detailed Percentile spectrum:
       Value   Percentile   TotalCount 1/(1-Percentile)

       0.316     0.000000            1         1.00
       0.755     0.100000        99954         1.11
       0.946     0.200000       199518         1.25
       1.116     0.300000       299615         1.43
       1.286     0.400000       399252         1.67
       1.462     0.500000       498918         2.00
       1.574     0.550000       548974         2.22
       1.703     0.600000       598663         2.50
       1.852     0.650000       648514         2.86
       2.018     0.700000       698331         3.33
       2.191     0.750000       748512         4.00
       2.279     0.775000       773352         4.44
       2.373     0.800000       798324         5.00
       2.473     0.825000       823026         5.71
       2.591     0.850000       848108         6.67
       2.729     0.875000       872934         8.00
       2.811     0.887500       885358         8.89
       2.903     0.900000       897902        10.00
       2.997     0.912500       910239        11.43
       3.099     0.925000       922709        13.33
       3.217     0.937500       935333        16.00
       3.281     0.943750       941477        17.78
       3.345     0.950000       947631        20.00
       3.413     0.956250       953897        22.86
       3.487     0.962500       960254        26.67
       3.571     0.968750       966376        32.00
       3.621     0.971875       969449        35.56
       3.675     0.975000       972657        40.00
       3.731     0.978125       975748        45.71
       3.793     0.981250       978861        53.33
       3.861     0.984375       981973        64.00
       3.899     0.985938       983530        71.11
       3.943     0.987500       985089        80.00
       3.993     0.989062       986632        91.43
       4.057     0.990625       988179       106.67
       4.147     0.992188       989766       128.00
       4.211     0.992969       990511       142.22
       4.307     0.993750       991266       160.00
       4.475     0.994531       992059       182.86
       4.755     0.995313       992828       213.33
       5.083     0.996094       993613       256.00
       5.247     0.996484       994005       284.44
       5.415     0.996875       994392       320.00
       5.583     0.997266       994777       365.71
       5.771     0.997656       995174       426.67
       5.967     0.998047       995558       512.00
       6.079     0.998242       995747       568.89
       6.215     0.998437       995943       640.00
       6.371     0.998633       996138       731.43
       6.551     0.998828       996334       853.33
       6.807     0.999023       996526      1024.00
       6.987     0.999121       996627      1137.78
       7.163     0.999219       996722      1280.00
       7.355     0.999316       996821      1462.86
       7.527     0.999414       996921      1706.67
       7.719     0.999512       997013      2048.00
       7.819     0.999561       997064      2275.56
       7.927     0.999609       997111      2560.00
       8.035     0.999658       997160      2925.71
       8.127     0.999707       997208      3413.33
       8.223     0.999756       997260      4096.00
       8.271     0.999780       997282      4551.11
       8.343     0.999805       997307      5120.00
       8.415     0.999829       997331      5851.43
       8.487     0.999854       997356      6826.67
       8.559     0.999878       997381      8192.00
       8.599     0.999890       997391      9102.22
       8.639     0.999902       997404     10240.00
       8.735     0.999915       997415     11702.86
       8.783     0.999927       997428     13653.33
       8.847     0.999939       997440     16384.00
       8.887     0.999945       997446     18204.44
       8.935     0.999951       997452     20480.00
       8.999     0.999957       997458     23405.71
       9.031     0.999963       997464     27306.67
       9.063     0.999969       997470     32768.00
       9.087     0.999973       997473     36408.89
       9.127     0.999976       997476     40960.00
       9.167     0.999979       997479     46811.43
       9.239     0.999982       997482     54613.33
       9.303     0.999985       997486     65536.00
       9.311     0.999986       997489     72817.78
       9.311     0.999988       997489     81920.00
       9.327     0.999989       997490     93622.86
       9.343     0.999991       997492    109226.67
       9.351     0.999992       997493    131072.00
       9.359     0.999993       997494    145635.56
       9.359     0.999994       997494    163840.00
       9.399     0.999995       997495    187245.71
       9.455     0.999995       997496    218453.33
       9.479     0.999996       997497    262144.00
       9.479     0.999997       997497    291271.11
       9.479     0.999997       997497    327680.00
       9.543     0.999997       997498    374491.43
       9.543     0.999998       997498    436906.67
       9.599     0.999998       997499    524288.00
       9.599     0.999998       997499    582542.22
       9.599     0.999998       997499    655360.00
       9.599     0.999999       997499    748982.86
       9.599     0.999999       997499    873813.33
       9.631     0.999999       997500   1048576.00
       9.631     1.000000       997500          inf
#[Mean    =        1.682, StdDeviation   =        0.872]
#[Max     =        9.624, Total count    =       997500]
#[Buckets =           27, SubBuckets     =         2048]
----------------------------------------------------------
  1198812 requests in 1.00m, 99.47MB read
Requests/sec:  19979.60
Transfer/sec:      1.66MB
