Running 1m test @ http://erik-pc.local:8080/greeting/Bob
  4 threads and 100 connections
  Thread calibration: mean lat.: 10.682ms, rate sampling interval: 54ms
  Thread calibration: mean lat.: 10.362ms, rate sampling interval: 53ms
  Thread calibration: mean lat.: 10.182ms, rate sampling interval: 53ms
  Thread calibration: mean lat.: 10.799ms, rate sampling interval: 55ms
  Thread Stats   Avg      Stdev     Max   +/- Stdev
    Latency    10.86ms   11.08ms  67.78ms   79.09%
    Req/Sec    12.62k     4.39k   22.83k    58.07%
  Latency Distribution (HdrHistogram - Recorded Latency)
 50.000%    6.02ms
 75.000%   19.90ms
 90.000%   27.58ms
 99.000%   38.49ms
 99.900%   46.94ms
 99.990%   53.98ms
 99.999%   60.19ms
100.000%   67.84ms

  Detailed Percentile spectrum:
       Value   Percentile   TotalCount 1/(1-Percentile)

       0.172     0.000000            1         1.00
       0.732     0.100000       249431         1.11
       1.072     0.200000       498564         1.25
       1.446     0.300000       748160         1.43
       2.002     0.400000       997284         1.67
       6.019     0.500000      1246463         2.00
       8.991     0.550000      1371163         2.22
      11.879     0.600000      1495750         2.50
      14.631     0.650000      1620330         2.86
      17.327     0.700000      1745616         3.33
      19.903     0.750000      1869913         4.00
      21.151     0.775000      1931963         4.44
      22.415     0.800000      1994840         5.00
      23.663     0.825000      2057267         5.71
      24.911     0.850000      2119434         6.67
      26.207     0.875000      2181876         8.00
      26.879     0.887500      2212982         8.89
      27.583     0.900000      2243703        10.00
      28.335     0.912500      2274829        11.43
      29.151     0.925000      2305915        13.33
      30.079     0.937500      2337301        16.00
      30.575     0.943750      2352679        17.78
      31.151     0.950000      2368469        20.00
      31.791     0.956250      2384066        22.86
      32.495     0.962500      2399569        26.67
      33.343     0.968750      2415103        32.00
      33.823     0.971875      2422821        35.56
      34.335     0.975000      2430499        40.00
      34.943     0.978125      2438401        45.71
      35.679     0.981250      2446334        53.33
      36.479     0.984375      2453873        64.00
      36.959     0.985938      2457752        71.11
      37.503     0.987500      2461640        80.00
      38.111     0.989062      2465542        91.43
      38.751     0.990625      2469475       106.67
      39.551     0.992188      2473382       128.00
      39.999     0.992969      2475323       142.22
      40.447     0.993750      2477281       160.00
      40.959     0.994531      2479269       182.86
      41.567     0.995313      2481198       213.33
      42.239     0.996094      2483096       256.00
      42.623     0.996484      2484066       284.44
      43.039     0.996875      2485044       320.00
      43.551     0.997266      2486022       365.71
      44.127     0.997656      2487001       426.67
      44.735     0.998047      2487967       512.00
      45.055     0.998242      2488428       568.89
      45.471     0.998437      2488930       640.00
      45.951     0.998633      2489431       731.43
      46.463     0.998828      2489890       853.33
      47.007     0.999023      2490372      1024.00
      47.359     0.999121      2490612      1137.78
      47.743     0.999219      2490863      1280.00
      48.159     0.999316      2491103      1462.86
      48.671     0.999414      2491353      1706.67
      49.215     0.999512      2491586      2048.00
      49.567     0.999561      2491709      2275.56
      49.951     0.999609      2491829      2560.00
      50.495     0.999658      2491951      2925.71
      50.943     0.999707      2492070      3413.33
      51.455     0.999756      2492195      4096.00
      51.775     0.999780      2492254      4551.11
      52.095     0.999805      2492315      5120.00
      52.447     0.999829      2492378      5851.43
      52.799     0.999854      2492434      6826.67
      53.375     0.999878      2492494      8192.00
      53.727     0.999890      2492528      9102.22
      54.111     0.999902      2492557     10240.00
      54.495     0.999915      2492587     11702.86
      54.943     0.999927      2492616     13653.33
      55.583     0.999939      2492647     16384.00
      55.839     0.999945      2492662     18204.44
      56.191     0.999951      2492677     20480.00
      56.415     0.999957      2492692     23405.71
      56.863     0.999963      2492708     27306.67
      57.119     0.999969      2492723     32768.00
      57.311     0.999973      2492730     36408.89
      57.631     0.999976      2492738     40960.00
      57.919     0.999979      2492745     46811.43
      58.591     0.999982      2492753     54613.33
      59.295     0.999985      2492760     65536.00
      59.647     0.999986      2492764     72817.78
      59.807     0.999988      2492768     81920.00
      60.159     0.999989      2492772     93622.86
      60.479     0.999991      2492776    109226.67
      60.799     0.999992      2492779    131072.00
      61.023     0.999993      2492781    145635.56
      61.983     0.999994      2492783    163840.00
      62.559     0.999995      2492785    187245.71
      63.167     0.999995      2492787    218453.33
      63.999     0.999996      2492789    262144.00
      64.287     0.999997      2492790    291271.11
      65.023     0.999997      2492791    327680.00
      65.279     0.999997      2492792    374491.43
      65.919     0.999998      2492793    436906.67
      67.071     0.999998      2492794    524288.00
      67.071     0.999998      2492794    582542.22
      67.327     0.999998      2492795    655360.00
      67.327     0.999999      2492795    748982.86
      67.455     0.999999      2492796    873813.33
      67.455     0.999999      2492796   1048576.00
      67.455     0.999999      2492796   1165084.44
      67.839     0.999999      2492798   1310720.00
      67.839     1.000000      2492798          inf
#[Mean    =       10.861, StdDeviation   =       11.084]
#[Max     =       67.776, Total count    =      2492798]
#[Buckets =           27, SubBuckets     =         2048]
----------------------------------------------------------
  2996019 requests in 1.00m, 208.58MB read
Requests/sec:  49934.52
Transfer/sec:      3.48MB
