   5808 root      20   0   13.6g 500220  29280 S 400.0   3.1  14:01.13 java
   5808 root      20   0   13.6g 500220  29280 S 400.0   3.1  14:05.13 java
   5808 root      20   0   13.6g 500220  29280 S 399.0   3.1  14:09.12 java
   5808 root      20   0   13.6g 500228  29280 S 401.0   3.1  14:13.13 java
   5808 root      20   0   13.6g 500416  29280 S 400.0   3.1  14:17.13 java
   5808 root      20   0   13.6g 502516  29280 S 397.0   3.1  14:21.14 java
   5808 root      20   0   13.6g 503016  29280 S 400.0   3.1  14:25.14 java
   5808 root      20   0   13.6g 503016  29280 S 400.0   3.1  14:29.14 java
   5808 root      20   0   13.6g 503904  29280 S 403.0   3.1  14:33.17 java
   5808 root      20   0   13.6g 505252  29280 S 400.0   3.1  14:37.17 java
   5808 root      20   0   13.6g 505252  29280 S 400.0   3.1  14:41.17 java
   5808 root      20   0   13.6g 505252  29280 S 402.0   3.1  14:45.19 java
   5808 root      20   0   13.6g 505252  29280 S 401.0   3.1  14:49.20 java
   5808 root      20   0   13.6g 736112  29280 S 400.0   4.5  14:53.20 java
   5808 root      20   0   13.6g 831904  29280 S 398.0   5.1  14:57.22 java
   5808 root      20   0   13.6g 833488  29280 S 398.0   5.1  15:01.20 java
   5808 root      20   0   13.6g 833488  29280 S 404.0   5.1  15:05.24 java
   5808 root      20   0   13.6g 833488  29280 S 400.0   5.1  15:09.24 java
   5808 root      20   0   13.6g 833488  29280 S 405.0   5.1  15:13.29 java
   5808 root      20   0   13.6g 833488  29280 S 399.0   5.1  15:17.28 java
   5808 root      20   0   13.6g 833488  29280 S 402.0   5.1  15:21.30 java
   5808 root      20   0   13.6g 833488  29280 S 399.0   5.1  15:25.29 java
   5808 root      20   0   13.6g 833488  29280 S 406.0   5.1  15:29.35 java
   5808 root      20   0   13.6g 833632  29280 S 394.0   5.1  15:33.29 java
   5808 root      20   0   13.6g 833632  29280 S 400.0   5.1  15:37.33 java
   5808 root      20   0   13.6g 833888  29280 S 396.0   5.1  15:41.29 java
   5808 root      20   0   13.6g 833888  29280 S 406.0   5.1  15:45.35 java
   5808 root      20   0   13.6g 833888  29280 S 397.0   5.1  15:49.32 java
   5808 root      20   0   13.6g 833888  29280 S 400.0   5.1  15:53.32 java
   5808 root      20   0   13.6g 833888  29280 S 409.0   5.1  15:57.41 java
   5808 root      20   0   13.6g 834000  29280 S 393.0   5.1  16:01.34 java
   5808 root      20   0   13.6g 834000  29280 S 407.0   5.1  16:05.41 java
   5808 root      20   0   13.6g 834000  29280 S 394.0   5.1  16:09.35 java
   5808 root      20   0   13.6g 834124  29280 S 409.0   5.1  16:13.44 java
   5808 root      20   0   13.6g 834124  29280 S 395.0   5.1  16:17.43 java
   5808 root      20   0   13.6g 834124  29280 S 402.0   5.1  16:21.45 java
   5808 root      20   0   13.6g 834124  29280 S 401.0   5.1  16:25.46 java
   5808 root      20   0   13.6g 834124  29280 S 399.0   5.1  16:29.45 java
   5808 root      20   0   13.6g 834124  29280 S 398.0   5.1  16:33.43 java
   5808 root      20   0   13.6g 834756  29280 S 403.0   5.1  16:37.46 java
   5808 root      20   0   13.6g 834756  29280 S 399.0   5.1  16:41.45 java
   5808 root      20   0   13.6g 834868  29280 S 400.0   5.1  16:45.45 java
   5808 root      20   0   13.6g 834868  29280 S 401.0   5.1  16:49.46 java
   5808 root      20   0   13.6g 834992  29280 S 401.0   5.1  16:53.47 java
   5808 root      20   0   13.6g 834992  29280 S 397.0   5.1  16:57.48 java
   5808 root      20   0   13.6g 834992  29280 S 400.0   5.1  17:01.48 java
   5808 root      20   0   13.6g 834992  29280 S 399.0   5.1  17:05.47 java
   5808 root      20   0   13.6g 834992  29280 S 404.0   5.1  17:09.51 java
   5808 root      20   0   13.6g 834992  29280 S 397.0   5.1  17:13.48 java
   5808 root      20   0   13.6g 834992  29280 S 399.0   5.1  17:17.47 java
   5808 root      20   0   13.6g 835168  29280 S 403.0   5.1  17:21.50 java
   5808 root      20   0   13.6g 835168  29280 S 398.0   5.1  17:25.48 java
   5808 root      20   0   13.6g 835168  29280 S 401.0   5.1  17:29.49 java
   5808 root      20   0   13.6g 835368  29280 S 402.0   5.1  17:33.