   5325 root      20   0   10.4g 417180  28812 S  66.7   2.5  38:40.76 java
   5325 root      20   0   10.4g 417180  28812 S 383.0   2.5  38:44.59 java
   5325 root      20   0   10.4g 417180  28812 S 386.0   2.5  38:48.45 java
   5325 root      20   0   10.4g 417180  28812 S 383.2   2.5  38:52.32 java
   5325 root      20   0   10.4g 417180  28812 S 386.0   2.5  38:56.18 java
   5325 root      20   0   10.4g 417364  28812 S 387.0   2.5  39:00.05 java
   5325 root      20   0   10.4g 417364  28812 S 388.0   2.5  39:03.93 java
   5325 root      20   0   10.4g 417364  28812 S 387.0   2.5  39:07.80 java
   5325 root      20   0   10.4g 417364  28812 S 387.0   2.5  39:11.67 java
   5325 root      20   0   10.4g 417364  28812 S 387.0   2.5  39:15.54 java
   5325 root      20   0   10.4g 417364  28812 S 387.0   2.5  39:19.41 java
   5325 root      20   0   10.4g 417364  28812 S 388.0   2.5  39:23.29 java
   5325 root      20   0   10.4g 417364  28812 S 388.0   2.5  39:27.17 java
   5325 root      20   0   10.4g 417364  28812 S 383.2   2.5  39:31.04 java
   5325 root      20   0   10.4g 417364  28812 S 387.0   2.5  39:34.91 java
   5325 root      20   0   10.4g 417364  28812 S 389.0   2.5  39:38.80 java
   5325 root      20   0   10.4g 417364  28812 S 387.0   2.5  39:42.67 java
   5325 root      20   0   10.4g 417364  28812 S 388.0   2.5  39:46.55 java
   5325 root      20   0   10.4g 417364  28812 S 387.0   2.5  39:50.42 java
   5325 root      20   0   10.4g 417364  28812 S 388.0   2.5  39:54.30 java
   5325 root      20   0   10.4g 417364  28812 S 387.0   2.5  39:58.17 java
   5325 root      20   0   10.4g 417380  28812 S 387.0   2.5  40:02.04 java
   5325 root      20   0   10.4g 417380  28812 S 386.0   2.5  40:05.90 java
   5325 root      20   0   10.4g 417380  28812 S 383.2   2.5  40:09.77 java
   5325 root      20   0   10.4g 417380  28812 S 387.0   2.5  40:13.64 java
   5325 root      20   0   10.4g 417380  28812 S 388.0   2.5  40:17.52 java
   5325 root      20   0   10.4g 417380  28812 S 386.0   2.5  40:21.38 java
   5325 root      20   0   10.4g 417380  28812 S 388.0   2.5  40:25.26 java
   5325 root      20   0   10.4g 417380  28812 S 387.0   2.5  40:29.13 java
   5325 root      20   0   10.4g 417380  28812 S 387.0   2.5  40:33.00 java
   5325 root      20   0   10.4g 417380  28812 S 387.0   2.5  40:36.87 java
   5325 root      20   0   10.4g 417380  28812 S 388.0   2.5  40:40.75 java
   5325 root      20   0   10.4g 417380  28812 S 387.0   2.5  40:44.62 java
   5325 root      20   0   10.4g 417380  28812 S 382.2   2.5  40:48.48 java
   5325 root      20   0   10.4g 417380  28812 S 388.0   2.5  40:52.36 java
   5325 root      20   0   10.4g 417380  28812 S 387.0   2.5  40:56.23 java
   5325 root      20   0   10.4g 417380  28812 S 387.0   2.5  41:00.10 java
   5325 root      20   0   10.4g 417380  28812 S 387.0   2.5  41:03.97 java
   5325 root      20   0   10.4g 417380  28812 S 386.0   2.5  41:07.83 java
   5325 root      20   0   10.4g 417380  28812 S 388.0   2.5  41:11.71 java
   5325 root      20   0   10.4g 417380  28812 S 387.0   2.5  41:15.58 java
   5325 root      20   0   10.4g 417380  28812 S 387.0   2.5  41:19.45 java
   5325 root      20   0   10.4g 417380  28812 S 387.0   2.5  41:23.32 java
   5325 root      20   0   10.4g 417380  28812 S 384.2   2.5  41:27.20 java
   5325 root      20   0   10.4g 417380  28812 S 387.0   2.5  41:31.07 java
   5325 root      20   0   10.4g 417380  28812 S 387.0   2.5  41:34.94 java
   5325 root      20   0   10.4g 417380  28812 S 387.0   2.5  41:38.81 java
   5325 root      20   0   10.4g 417380  28812 S 388.0   2.5  41:42.69 java
   5325 root      20   0   10.4g 417380  28812 S 387.0   2.5  41:46.56 java
   5325 root      20   0   10.4g 417380  28812 S 388.0   2.5  41:50.44 java
   5325 root      20   0   10.4g 417380  28812 S 389.0   2.5  41:54.33 java
   5325 root      20   0   10.4g 417380  28812 S 387.0   2.5  41:58.20 java
   5325 root      20   0   10.4g 417380  28812 S 388.0   2.5  42:02.08 java
   5325 root      20   0   10.4g 417380  28812 S 383.2   2.5  42:05.