   5808 root      20   0   13.6g 837016  29280 S 166.7   5.1  18:00.22 java
   5808 root      20   0   13.6g 837160  29280 S 373.0   5.1  18:03.95 java
   5808 root      20   0   13.6g 837160  29280 S 400.0   5.1  18:07.95 java
   5808 root      20   0   13.6g 837160  29280 S 400.0   5.1  18:11.95 java
   5808 root      20   0   13.6g 837160  29280 S 400.0   5.1  18:15.95 java
   5808 root      20   0   13.6g 837292  29280 S 400.0   5.1  18:19.95 java
   5808 root      20   0   13.6g 837292  29280 S 395.0   5.1  18:23.94 java
   5808 root      20   0   13.6g 837292  29280 S 401.0   5.1  18:27.95 java
   5808 root      20   0   13.6g 837292  29280 S 399.0   5.1  18:31.94 java
   5808 root      20   0   13.6g 837292  29280 S 401.0   5.1  18:35.95 java
   5808 root      20   0   13.6g 837292  29280 S 400.0   5.1  18:39.95 java
   5808 root      20   0   13.6g 837604  29280 S 400.0   5.1  18:43.95 java
   5808 root      20   0   13.6g 837712  29280 S 400.0   5.1  18:47.95 java
   5808 root      20   0   13.6g 837712  29280 S 400.0   5.1  18:51.95 java
   5808 root      20   0   13.6g 837872  29280 S 400.0   5.1  18:55.95 java
   5808 root      20   0   13.6g 838032  29280 S 397.0   5.1  18:59.96 java
   5808 root      20   0   13.6g 838032  29280 S 400.0   5.1  19:03.96 java
   5808 root      20   0   13.6g 838032  29280 S 400.0   5.1  19:07.96 java
   5808 root      20   0   13.6g 838144  29280 S 402.0   5.1  19:11.98 java
   5808 root      20   0   13.6g 838144  29280 S 400.0   5.1  19:15.98 java
   5808 root      20   0   13.6g 838144  29280 S 401.0   5.1  19:19.99 java
   5808 root      20   0   13.6g 838144  29280 S 401.0   5.1  19:24.00 java
   5808 root      20   0   13.6g 838144  29280 S 402.0   5.1  19:28.02 java
   5808 root      20   0   13.6g 838288  29280 S 401.0   5.1  19:32.03 java
   5808 root      20   0   13.6g 838288  29280 S 396.0   5.1  19:36.03 java
   5808 root      20   0   13.6g 838288  29280 S 404.0   5.1  19:40.07 java
   5808 root      20   0   13.6g 838288  29280 S 402.0   5.1  19:44.09 java
   5808 root      20   0   13.6g 838288  29280 S 404.0   5.1  19:48.13 java
   5808 root      20   0   13.6g 838288  29280 S 400.0   5.1  19:52.13 java
   5808 root      20   0   13.6g 838288  29280 S 404.0   5.1  19:56.17 java
   5808 root      20   0   13.6g 838288  29280 S 396.0   5.1  20:00.17 java
   5808 root      20   0   13.6g 838440  29280 S 394.0   5.1  20:04.11 java
   5808 root      20   0   13.6g 838600  29280 S 406.0   5.1  20:08.17 java
   5808 root      20   0   13.6g 838600  29280 S 403.0   5.1  20:12.20 java
   5808 root      20   0   13.6g 838600  29280 S 399.0   5.1  20:16.19 java
   5808 root      20   0   13.6g 838600  29280 S 404.0   5.1  20:20.23 java
   5808 root      20   0   13.6g 839360  29280 S 400.0   5.1  20:24.23 java
   5808 root      20   0   13.6g 839360  29280 S 401.0   5.1  20:28.24 java
   5808 root      20   0   13.6g 839360  29280 S 400.0   5.1  20:32.24 java
   5808 root      20   0   13.6g 839360  29280 S 402.0   5.1  20:36.26 java
   5808 root      20   0   13.6g 839360  29280 S 397.0   5.1  20:40.27 java
   5808 root      20   0   13.6g 839360  29280 S 401.0   5.1  20:44.28 java
   5808 root      20   0   13.6g 839360  29280 S 396.0   5.1  20:48.24 java
   5808 root      20   0   13.6g 839552  29280 S 402.0   5.1  20:52.26 java
   5808 root      20   0   13.6g 839552  29280 S 402.0   5.1  20:56.28 java
   5808 root      20   0   13.6g 839752  29280 S 400.0   5.1  21:00.28 java
   5808 root      20   0   13.6g 839956  29280 S 398.0   5.1  21:04.26 java
   5808 root      20   0   13.6g 840220  29280 S 401.0   5.1  21:08.27 java
   5808 root      20   0   13.6g 840220  29280 S 402.0   5.1  21:12.29 java
   5808 root      20   0   13.6g 840220  29280 S 401.0   5.1  21:16.30 java
   5808 root      20   0   13.6g 840220  29280 S 397.0   5.1  21:20.31 java
   5808 root      20   0   13.6g 840220  29280 S 401.0   5.1  21:24.32 java
   5808 root      20   0   13.6g 840220  29280 S 401.0   5.1  21:28.33 java
   5808 root      20   0   13.6g 840220  29280 S 398.0   5.1  21:32.