   5913 root      20   0 9933.1m 175332  28832 S 480.0   1.1   0:04.91 java
   5913 root      20   0   10.5g 206812  28832 S 400.0   1.3   0:08.91 java
   5913 root      20   0   10.5g 239540  28832 S 399.0   1.5   0:12.90 java
   5913 root      20   0   10.5g 337300  28832 S 396.0   2.1   0:16.90 java
   5913 root      20   0   10.5g 395764  28832 S 402.0   2.4   0:20.92 java
   5913 root      20   0   10.5g 397212  28832 S  84.0   2.4   0:21.76 java
   5913 root      20   0   10.5g 398532  28832 S  49.0   2.4   0:22.25 java
   5913 root      20   0   10.5g 398532  28832 S  48.0   2.4   0:22.73 java
   5913 root      20   0   10.5g 399388  28832 S  50.0   2.4   0:23.23 java
   5913 root      20   0   10.5g 383908  28832 S  48.0   2.3   0:23.71 java
   5913 root      20   0   10.5g 385204  28896 S  48.0   2.4   0:24.19 java
   5913 root      20   0   10.5g 385320  28896 S  55.0   2.4   0:24.74 java
   5913 root      20   0   10.5g 385320  28896 S  49.0   2.4   0:25.23 java
   5913 root      20   0   10.5g 385584  28896 S  47.5   2.4   0:25.71 java
   5913 root      20   0   10.5g 385584  28896 S  46.0   2.4   0:26.17 java
   5913 root      20   0   10.5g 385584  28896 S  48.0   2.4   0:26.65 java
   5913 root      20   0   10.5g 385584  28896 S  47.0   2.4   0:27.12 java
   5913 root      20   0   10.5g 385584  28896 S  47.0   2.4   0:27.59 java
   5913 root      20   0   10.5g 385584  28896 S  46.0   2.4   0:28.05 java
   5913 root      20   0   10.5g 385584  28896 S  47.0   2.4   0:28.52 java
   5913 root      20   0   10.5g 385584  28896 S  47.0   2.4   0:28.99 java
   5913 root      20   0   10.5g 385816  28896 S  47.5   2.4   0:29.47 java
   5913 root      20   0   10.5g 385816  28896 S  46.0   2.4   0:29.93 java
   5913 root      20   0   10.5g 386080  28896 S  47.0   2.4   0:30.40 java
   5913 root      20   0   10.5g 386080  28896 S  47.0   2.4   0:30.87 java
   5913 root      20   0   10.5g 386344  28896 S  47.0   2.4   0:31.34 java
   5913 root      20   0   10.5g 386344  28896 S  45.0   2.4   0:31.79 java
   5913 root      20   0   10.5g 386344  28896 S  45.0   2.4   0:32.24 java
   5913 root      20   0   10.5g 386344  28896 S  48.0   2.4   0:32.72 java
   5913 root      20   0   10.5g 386344  28896 S  46.0   2.4   0:33.18 java
   5913 root      20   0   10.5g 386344  28896 S  47.0   2.4   0:33.65 java
   5913 root      20   0   10.5g 386344  28896 S  43.6   2.4   0:34.09 java
   5913 root      20   0   10.5g 387080  28896 S  46.0   2.4   0:34.55 java
   5913 root      20   0   10.5g 387080  28896 S  45.0   2.4   0:35.00 java
   5913 root      20   0   10.5g 387080  28896 S  45.0   2.4   0:35.45 java
   5913 root      20   0   10.5g 387080  28896 S  45.0   2.4   0:35.90 java
   5913 root      20   0   10.5g 387080  28896 S  46.0   2.4   0:36.36 java
   5913 root      20   0   10.5g 387080  28896 S  45.0   2.4   0:36.81 java
   5913 root      20   0   10.5g 387080  28896 S  46.0   2.4   0:37.27 java
   5913 root      20   0   10.5g 387080  28896 S  44.0   2.4   0:37.71 java
   5913 root      20   0   10.5g 387080  28896 S  45.0   2.4   0:38.16 java
   5913 root      20   0   10.5g 387080  28896 S  45.5   2.4   0:38.62 java
   5913 root      20   0   10.5g 387080  28896 S  47.0   2.4   0:39.09 java
   5913 root      20   0   10.5g 387080  28896 S  44.0   2.4   0:39.53 java
   5913 root      20   0   10.5g 387080  28896 S  46.0   2.4   0:39.99 java
   5913 root      20   0   10.5g 387080  28896 S  46.0   2.4   0:40.45 java
   5913 root      20   0   10.5g 387080  28896 S  45.0   2.4   0:40.90 java
   5913 root      20   0   10.5g 387080  28896 S  45.0   2.4   0:41.35 java
   5913 root      20   0   10.5g 387080  28896 S  46.0   2.4   0:41.81 java
   5913 root      20   0   10.5g 387080  28896 S  45.5   2.4   0:42.27 java
   5913 root      20   0   10.5g 387080  28896 S  45.0   2.4   0:42.72 java
   5913 root      20   0   10.5g 387080  28896 S  48.0   2.4   0:43.20 java
   5913 root      20   0   10.5g 387080  28896 S  45.0   2.4   0:43.65 java
   5913 root      20   0   10.5g 387080  28896 S  46.0   2.4   0:44.