   5808 root      20   0   13.6g 877536  29280 S 260.0   5.4  65:59.39 java
   5808 root      20   0   13.6g 877536  29280 S 405.0   5.4  66:03.44 java
   5808 root      20   0   13.6g 877536  29280 S 400.0   5.4  66:07.44 java
   5808 root      20   0   13.6g 877536  29280 S 396.0   5.4  66:11.44 java
   5808 root      20   0   13.6g 877536  29280 S 400.0   5.4  66:15.44 java
   5808 root      20   0   13.6g 877552  29280 S 399.0   5.4  66:19.43 java
   5808 root      20   0   13.6g 877552  29280 S 400.0   5.4  66:23.43 java
   5808 root      20   0   13.6g 877552  29280 S 401.0   5.4  66:27.44 java
   5808 root      20   0   13.6g 877552  29280 S 400.0   5.4  66:31.44 java
   5808 root      20   0   13.6g 877552  29280 S 400.0   5.4  66:35.44 java
   5808 root      20   0   13.6g 877552  29280 S 400.0   5.4  66:39.44 java
   5808 root      20   0   13.6g 877552  29280 S 396.0   5.4  66:43.44 java
   5808 root      20   0   13.6g 877552  29280 S 400.0   5.4  66:47.44 java
   5808 root      20   0   13.6g 877552  29280 S 402.0   5.4  66:51.46 java
   5808 root      20   0   13.6g 877552  29280 S 401.0   5.4  66:55.47 java
   5808 root      20   0   13.6g 877552  29280 S 401.0   5.4  66:59.48 java
   5808 root      20   0   13.6g 877552  29280 S 400.0   5.4  67:03.48 java
   5808 root      20   0   13.6g 877552  29280 S 402.0   5.4  67:07.50 java
   5808 root      20   0   13.6g 877552  29280 S 401.0   5.4  67:11.51 java
   5808 root      20   0   13.6g 877552  29280 S 400.0   5.4  67:15.51 java
   5808 root      20   0   13.6g 877552  29280 S 402.0   5.4  67:19.53 java
   5808 root      20   0   13.6g 877552  29280 S 394.1   5.4  67:23.51 java
   5808 root      20   0   13.6g 877552  29280 S 403.0   5.4  67:27.54 java
   5808 root      20   0   13.6g 877696  29280 S 403.0   5.4  67:31.57 java
   5808 root      20   0   13.6g 877696  29280 S 398.0   5.4  67:35.55 java
   5808 root      20   0   13.6g 877696  29280 S 404.0   5.4  67:39.59 java
   5808 root      20   0   13.6g 877696  29280 S 399.0   5.4  67:43.58 java
   5808 root      20   0   13.6g 877696  29280 S 404.0   5.4  67:47.62 java
   5808 root      20   0   13.6g 877696  29280 S 400.0   5.4  67:51.62 java
   5808 root      20   0   13.6g 877696  29280 S 401.0   5.4  67:55.63 java
   5808 root      20   0   13.6g 877696  29280 S 396.0   5.4  67:59.59 java
   5808 root      20   0   13.6g 877696  29280 S 402.0   5.4  68:03.65 java
   5808 root      20   0   13.6g 877696  29280 S 402.0   5.4  68:07.67 java
   5808 root      20   0   13.6g 877696  29280 S 396.0   5.4  68:11.63 java
   5808 root      20   0   13.6g 877696  29280 S 403.0   5.4  68:15.66 java
   5808 root      20   0   13.6g 877696  29280 S 403.0   5.4  68:19.69 java
   5808 root      20   0   13.6g 877696  29280 S 398.0   5.4  68:23.67 java
   5808 root      20   0   13.6g 877696  29280 S 401.0   5.4  68:27.68 java
   5808 root      20   0   13.6g 877696  29280 S 399.0   5.4  68:31.67 java
   5808 root      20   0   13.6g 877696  29280 S 405.0   5.4  68:35.72 java
   5808 root      20   0   13.6g 877696  29280 S 404.0   5.4  68:39.76 java
   5808 root      20   0   13.6g 877696  29280 S 392.1   5.4  68:43.72 java
   5808 root      20   0   13.6g 877696  29280 S 405.0   5.4  68:47.77 java
   5808 root      20   0   13.6g 877696  29280 S 400.0   5.4  68:51.77 java
   5808 root      20   0   13.6g 877696  29280 S 405.0   5.4  68:55.82 java
   5808 root      20   0   13.6g 877696  29280 S 401.0   5.4  68:59.83 java
   5808 root      20   0   13.6g 877696  29280 S 400.0   5.4  69:03.83 java
   5808 root      20   0   13.6g 877696  29280 S 392.0   5.4  69:07.75 java
   5808 root      20   0   13.6g 877696  29280 S 403.0   5.4  69:11.78 java
   5808 root      20   0   13.6g 877696  29280 S 404.0   5.4  69:15.82 java
   5808 root      20   0   13.6g 877696  29280 S 398.0   5.4  69:19.80 java
   5808 root      20   0   13.6g 877696  29280 S 400.0   5.4  69:23.84 java
   5808 root      20   0   13.6g 877696  29280 S 399.0   5.4  69:27.83 java
   5808 root      20   0   13.6g 877696  29280 S 401.0   5.4  69:31.