   6396 root      20   0   13.6g 671736  28788 S 386.7   4.1  21:42.46 java
   6396 root      20   0   13.6g 671896  28788 S 393.0   4.1  21:46.39 java
   6396 root      20   0   13.6g 671896  28788 S 395.0   4.1  21:50.38 java
   6396 root      20   0   13.6g 671896  28788 S 400.0   4.1  21:54.38 java
   6396 root      20   0   13.6g 671896  28788 S 400.0   4.1  21:58.38 java
   6396 root      20   0   13.6g 671896  28788 S 400.0   4.1  22:02.38 java
   6396 root      20   0   13.6g 671896  28788 S 400.0   4.1  22:06.38 java
   6396 root      20   0   13.6g 672068  28788 S 401.0   4.1  22:10.39 java
   6396 root      20   0   13.6g 672068  28788 S 399.0   4.1  22:14.38 java
   6396 root      20   0   13.6g 672256  28788 S 396.0   4.1  22:18.38 java
   6396 root      20   0   13.6g 672256  28788 S 400.0   4.1  22:22.38 java
   6396 root      20   0   13.6g 672512  28788 S 400.0   4.1  22:26.38 java
   6396 root      20   0   13.6g 672512  28788 S 400.0   4.1  22:30.38 java
   6396 root      20   0   13.6g 672512  28788 S 400.0   4.1  22:34.38 java
   6396 root      20   0   13.6g 672512  28788 S 400.0   4.1  22:38.38 java
   6396 root      20   0   13.6g 672512  28788 S 400.0   4.1  22:42.38 java
   6396 root      20   0   13.6g 672728  28788 S 400.0   4.1  22:46.38 java
   6396 root      20   0   13.6g 672728  28788 S 397.0   4.1  22:50.39 java
   6396 root      20   0   13.6g 672948  28788 S 400.0   4.1  22:54.39 java
   6396 root      20   0   13.6g 672948  28788 S 402.0   4.1  22:58.41 java
   6396 root      20   0   13.6g 672948  28788 S 400.0   4.1  23:02.41 java
   6396 root      20   0   13.6g 673332  28788 S 402.0   4.1  23:06.43 java
   6396 root      20   0   13.6g 673544  28788 S 398.0   4.1  23:10.41 java
   6396 root      20   0   13.6g 673544  28788 S 402.0   4.1  23:14.43 java
   6396 root      20   0   13.6g 673544  28788 S 402.0   4.1  23:18.45 java
   6396 root      20   0   13.6g 673544  28788 S 402.0   4.1  23:22.47 java
   6396 root      20   0   13.6g 673544  28788 S 400.0   4.1  23:26.47 java
   6396 root      20   0   13.6g 673744  28788 S 395.0   4.1  23:30.46 java
   6396 root      20   0   13.6g 673744  28788 S 403.0   4.1  23:34.49 java
   6396 root      20   0   13.6g 673744  28788 S 404.0   4.1  23:38.53 java
   6396 root      20   0   13.6g 673744  28788 S 396.0   4.1  23:42.49 java
   6396 root      20   0   13.6g 673944  28788 S 405.0   4.1  23:46.54 java
   6396 root      20   0   13.6g 673944  28788 S 398.0   4.1  23:50.52 java
   6396 root      20   0   13.6g 674152  28788 S 403.0   4.1  23:54.55 java
   6396 root      20   0   13.6g 674152  28788 S 401.0   4.1  23:58.56 java
   6396 root      20   0   13.6g 674152  28788 S 402.0   4.1  24:02.58 java
   6396 root      20   0   13.6g 674152  28788 S 403.0   4.1  24:06.61 java
   6396 root      20   0   13.6g 674152  28788 S 394.1   4.1  24:10.59 java
   6396 root      20   0   13.6g 674152  28788 S 404.0   4.1  24:14.63 java
   6396 root      20   0   13.6g 674332  28788 S 397.0   4.1  24:18.60 java
   6396 root      20   0   13.6g 674332  28788 S 404.0   4.1  24:22.64 java
   6396 root      20   0   13.6g 674332  28788 S 397.0   4.1  24:26.61 java
   6396 root      20   0   13.6g 674332  28788 S 404.0   4.1  24:30.65 java
   6396 root      20   0   13.6g 674332  28788 S 402.0   4.1  24:34.67 java
   6396 root      20   0   13.6g 674332  28788 S 403.0   4.1  24:38.70 java
   6396 root      20   0   13.6g 674332  28788 S 399.0   4.1  24:42.69 java
   6396 root      20   0   13.6g 674332  28788 S 401.0   4.1  24:46.70 java
   6396 root      20   0   13.6g 674332  28788 S 393.1   4.1  24:50.67 java
   6396 root      20   0   13.6g 674332  28788 S 403.0   4.1  24:54.70 java
   6396 root      20   0   13.6g 674332  28788 S 399.0   4.1  24:58.69 java
   6396 root      20   0   13.6g 674492  28788 S 402.0   4.1  25:02.71 java
   6396 root      20   0   13.6g 674492  28788 S 401.0   4.1  25:06.72 java
   6396 root      20   0   13.6g 674492  28788 S 400.0   4.1  25:10.72 java
   6396 root      20   0   13.6g 674492  28788 S 399.0   4.1  25:14.