   5808 root      20   0   13.6g 495656  29280 S 160.0   3.0  10:37.89 java
   5808 root      20   0   13.6g 495656  29280 S 351.0   3.0  10:41.40 java
   5808 root      20   0   13.6g 495656  29280 S 337.0   3.0  10:44.77 java
   5808 root      20   0   13.6g 495836  29280 S 331.7   3.0  10:48.12 java
   5808 root      20   0   13.6g 495836  29280 S 337.0   3.0  10:51.49 java
   5808 root      20   0   13.6g 495836  29280 S 335.0   3.0  10:54.84 java
   5808 root      20   0   13.6g 496064  29280 S 342.0   3.0  10:58.26 java
   5808 root      20   0   13.6g 496600  29280 S 336.0   3.0  11:01.62 java
   5808 root      20   0   13.6g 496600  29280 S 336.0   3.0  11:04.98 java
   5808 root      20   0   13.6g 496600  29280 S 339.0   3.0  11:08.37 java
   5808 root      20   0   13.6g 496600  29280 S 335.0   3.0  11:11.72 java
   5808 root      20   0   13.6g 496600  29280 S 341.0   3.0  11:15.13 java
   5808 root      20   0   13.6g 496600  29280 S 336.0   3.0  11:18.49 java
   5808 root      20   0   13.6g 496600  29280 S 334.7   3.0  11:21.87 java
   5808 root      20   0   13.6g 496600  29280 S 336.0   3.0  11:25.23 java
   5808 root      20   0   13.6g 496600  29280 S 340.0   3.0  11:28.63 java
   5808 root      20   0   13.6g 496600  29280 S 335.0   3.0  11:31.98 java
   5808 root      20   0   13.6g 496600  29280 S 340.0   3.0  11:35.38 java
   5808 root      20   0   13.6g 496600  29280 S 337.0   3.0  11:38.75 java
   5808 root      20   0   13.6g 496748  29280 S 339.0   3.0  11:42.14 java
   5808 root      20   0   13.6g 496748  29280 S 336.0   3.0  11:45.50 java
   5808 root      20   0   13.6g 496748  29280 S 339.0   3.0  11:48.89 java
   5808 root      20   0   13.6g 496916  29280 S 337.0   3.0  11:52.26 java
   5808 root      20   0   13.6g 497328  29280 S 329.7   3.0  11:55.59 java
   5808 root      20   0   13.6g 497328  29280 S 337.0   3.0  11:58.96 java
   5808 root      20   0   13.6g 497576  29280 S 340.0   3.0  12:02.36 java
   5808 root      20   0   13.6g 497576  29280 S 334.0   3.0  12:05.70 java
   5808 root      20   0   13.6g 497780  29280 S 335.0   3.0  12:09.05 java
   5808 root      20   0   13.6g 497780  29280 S 334.0   3.0  12:12.39 java
   5808 root      20   0   13.6g 497780  29280 S 340.0   3.0  12:15.79 java
   5808 root      20   0   13.6g 497780  29280 S 339.0   3.0  12:19.18 java
   5808 root      20   0   13.6g 498312  29280 S 339.0   3.0  12:22.57 java
   5808 root      20   0   13.6g 498312  29280 S 338.0   3.0  12:25.95 java
   5808 root      20   0   13.6g 498464  29280 S 335.6   3.0  12:29.34 java
   5808 root      20   0   13.6g 498464  29280 S 337.0   3.0  12:32.71 java
   5808 root      20   0   13.6g 498464  29280 S 335.0   3.0  12:36.06 java
   5808 root      20   0   13.6g 498464  29280 S 336.0   3.0  12:39.42 java
   5808 root      20   0   13.6g 498464  29280 S 339.0   3.0  12:42.81 java
   5808 root      20   0   13.6g 498852  29280 S 337.0   3.0  12:46.18 java
   5808 root      20   0   13.6g 498852  29280 S 339.0   3.0  12:49.57 java
   5808 root      20   0   13.6g 498852  29280 S 339.0   3.0  12:52.96 java
   5808 root      20   0   13.6g 498852  29280 S 337.0   3.0  12:56.33 java
   5808 root      20   0   13.6g 498852  29280 S 337.0   3.0  12:59.70 java
   5808 root      20   0   13.6g 498852  29280 S 331.7   3.0  13:03.05 java
   5808 root      20   0   13.6g 499028  29280 S 337.0   3.0  13:06.42 java
   5808 root      20   0   13.6g 499192  29280 S 340.0   3.0  13:09.82 java
   5808 root      20   0   13.6g 499368  29280 S 336.0   3.0  13:13.18 java
   5808 root      20   0   13.6g 499564  29280 S 340.0   3.0  13:16.58 java
   5808 root      20   0   13.6g 499564  29280 S 340.0   3.0  13:19.98 java
   5808 root      20   0   13.6g 499564  29280 S 337.0   3.0  13:23.35 java
   5808 root      20   0   13.6g 499828  29280 S 339.0   3.1  13:26.74 java
   5808 root      20   0   13.6g 499828  29280 S 335.0   3.1  13:30.09 java
   5808 root      20   0   13.6g 499828  29280 S 337.0   3.1  13:33.46 java
   5808 root      20   0   13.6g 499828  29280 S 337.6   3.1  13:36.