   5913 root      20   0   10.5g 391644  28896 S 140.0   2.4   3:10.19 java
   5913 root      20   0   10.5g 391644  28896 S 137.0   2.4   3:11.56 java
   5913 root      20   0   10.5g 391644  28896 S 135.0   2.4   3:12.91 java
   5913 root      20   0   10.5g 391644  28896 S 135.0   2.4   3:14.26 java
   5913 root      20   0   10.5g 391644  28896 S 136.0   2.4   3:15.62 java
   5913 root      20   0   10.5g 391644  28896 S 132.7   2.4   3:16.96 java
   5913 root      20   0   10.5g 391680  28896 S 136.0   2.4   3:18.32 java
   5913 root      20   0   10.5g 391680  28896 S 135.0   2.4   3:19.67 java
   5913 root      20   0   10.5g 391680  28896 S 135.0   2.4   3:21.02 java
   5913 root      20   0   10.5g 391680  28896 S 137.0   2.4   3:22.39 java
   5913 root      20   0   10.5g 391680  28896 S 135.0   2.4   3:23.74 java
   5913 root      20   0   10.5g 392184  28896 S 136.0   2.4   3:25.10 java
   5913 root      20   0   10.5g 392184  28896 S 134.0   2.4   3:26.44 java
   5913 root      20   0   10.5g 392184  28896 S 137.0   2.4   3:27.81 java
   5913 root      20   0   10.5g 392184  28896 S 134.0   2.4   3:29.15 java
   5913 root      20   0   10.5g 392184  28896 S 133.7   2.4   3:30.50 java
   5913 root      20   0   10.5g 392184  28896 S 133.0   2.4   3:31.83 java
   5913 root      20   0   10.5g 392184  28896 S 135.0   2.4   3:33.18 java
   5913 root      20   0   10.5g 392184  28896 S 136.0   2.4   3:34.54 java
   5913 root      20   0   10.5g 392184  28896 S 136.0   2.4   3:35.90 java
   5913 root      20   0   10.5g 392184  28896 S 135.0   2.4   3:37.25 java
   5913 root      20   0   10.5g 392184  28896 S 135.0   2.4   3:38.60 java
   5913 root      20   0   10.5g 392184  28896 S 136.0   2.4   3:39.96 java
   5913 root      20   0   10.5g 392184  28896 S 137.0   2.4   3:41.33 java
   5913 root      20   0   10.5g 392184  28896 S 136.0   2.4   3:42.69 java
   5913 root      20   0   10.5g 392184  28896 S 135.6   2.4   3:44.06 java
   5913 root      20   0   10.5g 392184  28896 S 134.0   2.4   3:45.40 java
   5913 root      20   0   10.5g 392184  28896 S 135.0   2.4   3:46.75 java
   5913 root      20   0   10.5g 392184  28896 S 134.0   2.4   3:48.09 java
   5913 root      20   0   10.5g 392184  28896 S 132.0   2.4   3:49.41 java
   5913 root      20   0   10.5g 392184  28896 S 136.0   2.4   3:50.77 java
   5913 root      20   0   10.5g 392184  28896 S 135.0   2.4   3:52.12 java
   5913 root      20   0   10.5g 392184  28896 S 134.0   2.4   3:53.46 java
   5913 root      20   0   10.5g 392184  28896 S 134.0   2.4   3:54.80 java
   5913 root      20   0   10.5g 392184  28896 S 134.0   2.4   3:56.14 java
   5913 root      20   0   10.5g 392184  28896 S 133.7   2.4   3:57.49 java
   5913 root      20   0   10.5g 392184  28896 S 135.0   2.4   3:58.84 java
   5913 root      20   0   10.5g 392184  28896 S 135.0   2.4   4:00.19 java
   5913 root      20   0   10.5g 392184  28896 S 135.0   2.4   4:01.54 java
   5913 root      20   0   10.5g 392184  28896 S 134.0   2.4   4:02.88 java
   5913 root      20   0   10.5g 392184  28896 S 135.0   2.4   4:04.23 java
   5913 root      20   0   10.5g 392184  28896 S 133.0   2.4   4:05.56 java
   5913 root      20   0   10.5g 392184  28896 S 135.0   2.4   4:06.91 java
   5913 root      20   0   10.5g 392184  28896 S 135.0   2.4   4:08.26 java
   5913 root      20   0   10.5g 392184  28896 S 135.0   2.4   4:09.61 java
   5913 root      20   0   10.5g 392184  28896 S 132.7   2.4   4:10.95 java
   5913 root      20   0   10.5g 392184  28896 S 135.0   2.4   4:12.30 java
   5913 root      20   0   10.5g 392184  28896 S 135.0   2.4   4:13.65 java
   5913 root      20   0   10.5g 392184  28896 S 133.0   2.4   4:14.98 java
   5913 root      20   0   10.5g 392184  28896 S 134.0   2.4   4:16.32 java
   5913 root      20   0   10.5g 392184  28896 S 137.0   2.4   4:17.69 java
   5913 root      20   0   10.5g 392184  28896 S 135.0   2.4   4:19.04 java
   5913 root      20   0   10.5g 392184  28896 S 136.0   2.4   4:20.40 java
   5913 root      20   0   10.5g 392184  28896 S 136.0   2.4   4:21.