   5808 root      20   0   13.6g 483612  29280 S  80.0   3.0   5:07.99 java
   5808 root      20   0   13.6g 484064  29280 S 227.0   3.0   5:10.26 java
   5808 root      20   0   13.6g 484064  29280 S 222.0   3.0   5:12.48 java
   5808 root      20   0   13.6g 484064  29280 S 220.0   3.0   5:14.68 java
   5808 root      20   0   13.6g 484064  29280 S 222.0   3.0   5:16.90 java
   5808 root      20   0   13.6g 484064  29280 S 218.8   3.0   5:19.11 java
   5808 root      20   0   13.6g 484064  29280 S 220.0   3.0   5:21.31 java
   5808 root      20   0   13.6g 484064  29280 S 222.0   3.0   5:23.53 java
   5808 root      20   0   13.6g 484812  29280 S 222.0   3.0   5:25.75 java
   5808 root      20   0   13.6g 484812  29280 S 221.0   3.0   5:27.96 java
   5808 root      20   0   13.6g 485192  29280 S 222.0   3.0   5:30.18 java
   5808 root      20   0   13.6g 485192  29280 S 224.0   3.0   5:32.42 java
   5808 root      20   0   13.6g 485192  29280 S 224.0   3.0   5:34.66 java
   5808 root      20   0   13.6g 485380  29280 S 223.0   3.0   5:36.89 java
   5808 root      20   0   13.6g 485380  29280 S 224.0   3.0   5:39.13 java
   5808 root      20   0   13.6g 485488  29280 S 220.8   3.0   5:41.36 java
   5808 root      20   0   13.6g 485596  29280 S 220.0   3.0   5:43.56 java
   5808 root      20   0   13.6g 485596  29280 S 224.0   3.0   5:45.80 java
   5808 root      20   0   13.6g 485596  29280 S 223.0   3.0   5:48.03 java
   5808 root      20   0   13.6g 485596  29280 S 221.0   3.0   5:50.24 java
   5808 root      20   0   13.6g 485740  29280 S 223.0   3.0   5:52.47 java
   5808 root      20   0   13.6g 485868  29280 S 221.0   3.0   5:54.68 java
   5808 root      20   0   13.6g 485868  29280 S 222.0   3.0   5:56.90 java
   5808 root      20   0   13.6g 485900  29280 S 224.0   3.0   5:59.14 java
   5808 root      20   0   13.6g 485900  29280 S 222.0   3.0   6:01.36 java
   5808 root      20   0   13.6g 485900  29280 S 220.8   3.0   6:03.59 java
   5808 root      20   0   13.6g 485900  29280 S 222.0   3.0   6:05.81 java
   5808 root      20   0   13.6g 485900  29280 S 226.0   3.0   6:08.07 java
   5808 root      20   0   13.6g 485900  29280 S 222.0   3.0   6:10.29 java
   5808 root      20   0   13.6g 486104  29280 S 220.0   3.0   6:12.49 java
   5808 root      20   0   13.6g 486104  29280 S 224.0   3.0   6:14.73 java
   5808 root      20   0   13.6g 486104  29280 S 223.0   3.0   6:16.96 java
   5808 root      20   0   13.6g 486272  29280 S 225.0   3.0   6:19.21 java
   5808 root      20   0   13.6g 486272  29280 S 221.0   3.0   6:21.42 java
   5808 root      20   0   13.6g 486272  29280 S 220.0   3.0   6:23.62 java
   5808 root      20   0   13.6g 486272  29280 S 218.8   3.0   6:25.83 java
   5808 root      20   0   13.6g 486708  29280 S 223.0   3.0   6:28.06 java
   5808 root      20   0   13.6g 486708  29280 S 223.0   3.0   6:30.29 java
   5808 root      20   0   13.6g 486708  29280 S 222.0   3.0   6:32.51 java
   5808 root      20   0   13.6g 486872  29280 S 226.0   3.0   6:34.77 java
   5808 root      20   0   13.6g 486872  29280 S 222.0   3.0   6:36.99 java
   5808 root      20   0   13.6g 486872  29280 S 222.0   3.0   6:39.21 java
   5808 root      20   0   13.6g 486872  29280 S 225.0   3.0   6:41.46 java
   5808 root      20   0   13.6g 486872  29280 S 226.0   3.0   6:43.72 java
   5808 root      20   0   13.6g 486872  29280 S 221.0   3.0   6:45.93 java
   5808 root      20   0   13.6g 486872  29280 S 218.8   3.0   6:48.14 java
   5808 root      20   0   13.6g 486872  29280 S 221.0   3.0   6:50.35 java
   5808 root      20   0   13.6g 486872  29280 S 224.0   3.0   6:52.59 java
   5808 root      20   0   13.6g 486872  29280 S 226.0   3.0   6:54.85 java
   5808 root      20   0   13.6g 486872  29280 S 224.0   3.0   6:57.09 java
   5808 root      20   0   13.6g 486872  29280 S 223.0   3.0   6:59.32 java
   5808 root      20   0   13.6g 487048  29280 S 230.0   3.0   7:01.62 java
   5808 root      20   0   13.6g 487048  29280 S 225.0   3.0   7:03.87 java
   5808 root      20   0   13.6g 487048  29280 S 222.0   3.0   7:06.