   5913 root      20   0   10.5g 577652  28896 S 153.3   3.5  61:15.46 java
   5913 root      20   0   10.5g 577652  28896 S 404.0   3.5  61:19.50 java
   5913 root      20   0   10.5g 577652  28896 S 400.0   3.5  61:23.50 java
   5913 root      20   0   10.5g 577652  28896 S 401.0   3.5  61:27.51 java
   5913 root      20   0   10.5g 577652  28896 S 401.0   3.5  61:31.52 java
   5913 root      20   0   10.5g 578144  28896 S 396.0   3.5  61:35.52 java
   5913 root      20   0   10.5g 578144  28896 S 400.0   3.5  61:39.52 java
   5913 root      20   0   10.5g 578144  28896 S 401.0   3.5  61:43.53 java
   5913 root      20   0   10.5g 578144  28896 S 401.0   3.5  61:47.54 java
   5913 root      20   0   10.5g 578144  28896 S 401.0   3.5  61:51.55 java
   5913 root      20   0   10.5g 578144  28896 S 401.0   3.5  61:55.56 java
   5913 root      20   0   10.5g 578144  28896 S 401.0   3.5  61:59.57 java
   5913 root      20   0   10.5g 578144  28896 S 402.0   3.5  62:03.59 java
   5913 root      20   0   10.5g 578144  28896 S 399.0   3.5  62:07.58 java
   5913 root      20   0   10.5g 665384  28896 S 401.0   4.1  62:11.59 java
   5913 root      20   0   10.5g 665384  28896 S 395.0   4.1  62:15.58 java
   5913 root      20   0   10.5g 665384  28896 S 401.0   4.1  62:19.59 java
   5913 root      20   0   10.5g 665384  28896 S 401.0   4.1  62:23.60 java
   5913 root      20   0   10.5g 665384  28896 S 400.0   4.1  62:27.60 java
   5913 root      20   0   10.5g 665384  28896 S 401.0   4.1  62:31.61 java
   5913 root      20   0   10.5g 665384  28896 S 401.0   4.1  62:35.62 java
   5913 root      20   0   10.5g 665384  28896 S 403.0   4.1  62:39.65 java
   5913 root      20   0   10.5g 665384  28896 S 397.0   4.1  62:43.62 java
   5913 root      20   0   10.5g 665384  28896 S 403.0   4.1  62:47.65 java
   5913 root      20   0   10.5g 665384  28896 S 400.0   4.1  62:51.65 java
   5913 root      20   0   10.5g 665384  28896 S 397.0   4.1  62:55.66 java
   5913 root      20   0   10.5g 665384  28896 S 399.0   4.1  62:59.65 java
   5913 root      20   0   10.5g 665384  28896 S 402.0   4.1  63:03.67 java
   5913 root      20   0   10.5g 665384  28896 S 399.0   4.1  63:07.66 java
   5913 root      20   0   10.5g 665384  28896 S 403.0   4.1  63:11.69 java
   5913 root      20   0   10.5g 665384  28896 S 401.0   4.1  63:15.70 java
   5913 root      20   0   10.5g 665384  28896 S 399.0   4.1  63:19.69 java
   5913 root      20   0   10.5g 665384  28896 S 401.0   4.1  63:23.70 java
   5913 root      20   0   10.5g 665384  28896 S 403.0   4.1  63:27.73 java
   5913 root      20   0   10.5g 665384  28896 S 400.0   4.1  63:31.73 java
   5913 root      20   0   10.5g 665384  28896 S 393.1   4.1  63:35.70 java
   5913 root      20   0   10.5g 665564  28896 S 403.0   4.1  63:39.73 java
   5913 root      20   0   10.5g 665564  28896 S 402.0   4.1  63:43.75 java
   5913 root      20   0   10.5g 665564  28896 S 399.0   4.1  63:47.74 java
   5913 root      20   0   10.5g 665564  28896 S 401.0   4.1  63:51.75 java
   5913 root      20   0   10.5g 665564  28896 S 401.0   4.1  63:55.76 java
   5913 root      20   0   10.5g 665564  28896 S 399.0   4.1  63:59.75 java
   5913 root      20   0   10.5g 665564  28896 S 402.0   4.1  64:03.77 java
   5913 root      20   0   10.5g 665564  28896 S 401.0   4.1  64:07.78 java
   5913 root      20   0   10.5g 665564  28896 S 400.0   4.1  64:11.78 java
   5913 root      20   0   10.5g 665564  28896 S 397.0   4.1  64:15.79 java
   5913 root      20   0   10.5g 665564  28896 S 400.0   4.1  64:19.79 java
   5913 root      20   0   10.5g 665564  28896 S 399.0   4.1  64:23.78 java
   5913 root      20   0   10.5g 665564  28896 S 407.0   4.1  64:27.85 java
   5913 root      20   0   10.5g 665564  28896 S 395.0   4.1  64:31.80 java
   5913 root      20   0   10.5g 665564  28896 S 402.0   4.1  64:35.82 java
   5913 root      20   0   10.5g 665564  28896 S 403.0   4.1  64:39.85 java
   5913 root      20   0   10.5g 665564  28896 S 398.0   4.1  64:43.83 java
   5913 root      20   0   10.5g 665564  28896 S 402.0   4.1  64:47.