   5913 root      20   0   10.5g 666084  28896 S 440.0   4.1  73:16.30 java
   5913 root      20   0   10.5g 666084  28896 S 400.0   4.1  73:20.30 java
   5913 root      20   0   10.5g 666084  28896 S 400.0   4.1  73:24.30 java
   5913 root      20   0   10.5g 666084  28896 S 396.0   4.1  73:28.30 java
   5913 root      20   0   10.5g 666084  28896 S 401.0   4.1  73:32.31 java
   5913 root      20   0   10.5g 666084  28896 S 400.0   4.1  73:36.31 java
   5913 root      20   0   10.5g 666744  28896 S 400.0   4.1  73:40.31 java
   5913 root      20   0   10.5g 666744  28896 S 399.0   4.1  73:44.30 java
   5913 root      20   0   10.5g 666744  28896 S 400.0   4.1  73:48.30 java
   5913 root      20   0   10.5g 666744  28896 S 401.0   4.1  73:52.31 java
   5913 root      20   0   10.5g 666744  28896 S 400.0   4.1  73:56.31 java
   5913 root      20   0   10.5g 666744  28896 S 395.0   4.1  74:00.30 java
   5913 root      20   0   10.5g 666744  28896 S 401.0   4.1  74:04.31 java
   5913 root      20   0   10.5g 666744  28896 S 399.0   4.1  74:08.30 java
   5913 root      20   0   10.5g 666744  28896 S 400.0   4.1  74:12.30 java
   5913 root      20   0   10.5g 666744  28896 S 400.0   4.1  74:16.30 java
   5913 root      20   0   10.5g 666744  28896 S 401.0   4.1  74:20.31 java
   5913 root      20   0   10.5g 666744  28896 S 400.0   4.1  74:24.31 java
   5913 root      20   0   10.5g 666744  28896 S 396.0   4.1  74:28.31 java
   5913 root      20   0   10.5g 666744  28896 S 400.0   4.1  74:32.31 java
   5913 root      20   0   10.5g 666744  28896 S 401.0   4.1  74:36.32 java
   5913 root      20   0   10.5g 666744  28896 S 400.0   4.1  74:40.32 java
   5913 root      20   0   10.5g 666744  28896 S 400.0   4.1  74:44.32 java
   5913 root      20   0   10.5g 666744  28896 S 401.0   4.1  74:48.33 java
   5913 root      20   0   10.5g 666744  28896 S 401.0   4.1  74:52.34 java
   5913 root      20   0   10.5g 666744  28896 S 400.0   4.1  74:56.34 java
   5913 root      20   0   10.5g 666744  28896 S 402.0   4.1  75:00.36 java
   5913 root      20   0   10.5g 666744  28896 S 400.0   4.1  75:04.36 java
   5913 root      20   0   10.5g 666744  28896 S 399.0   4.1  75:08.35 java
   5913 root      20   0   10.5g 666744  28896 S 400.0   4.1  75:12.39 java
   5913 root      20   0   10.5g 666744  28896 S 398.0   4.1  75:16.37 java
   5913 root      20   0   10.5g 666744  28896 S 402.0   4.1  75:20.39 java
   5913 root      20   0   10.5g 666744  28896 S 400.0   4.1  75:24.39 java
   5913 root      20   0   10.5g 666744  28896 S 401.0   4.1  75:28.40 java
   5913 root      20   0   10.5g 666744  28896 S 402.0   4.1  75:32.42 java
   5913 root      20   0   10.5g 666744  28896 S 400.0   4.1  75:36.42 java
   5913 root      20   0   10.5g 666744  28896 S 401.0   4.1  75:40.43 java
   5913 root      20   0   10.5g 666744  28896 S 399.0   4.1  75:44.42 java
   5913 root      20   0   10.5g 666744  28896 S 401.0   4.1  75:48.43 java
   5913 root      20   0   10.5g 666744  28896 S 397.0   4.1  75:52.44 java
   5913 root      20   0   10.5g 666744  28896 S 401.0   4.1  75:56.45 java
   5913 root      20   0   10.5g 666744  28896 S 401.0   4.1  76:00.46 java
   5913 root      20   0   10.5g 666744  28896 S 400.0   4.1  76:04.46 java
   5913 root      20   0   10.5g 666744  28896 S 403.0   4.1  76:08.49 java
   5913 root      20   0   10.5g 666744  28896 S 397.0   4.1  76:12.46 java
   5913 root      20   0   10.5g 666744  28896 S 402.0   4.1  76:16.48 java
   5913 root      20   0   10.5g 666744  28896 S 401.0   4.1  76:20.49 java
   5913 root      20   0   10.5g 666744  28896 S 399.0   4.1  76:24.48 java
   5913 root      20   0   10.5g 666744  28896 S 402.0   4.1  76:28.50 java
   5913 root      20   0   10.5g 666744  28896 S 398.0   4.1  76:32.52 java
   5913 root      20   0   10.5g 666744  28896 S 399.0   4.1  76:36.51 java
   5913 root      20   0   10.5g 666744  28896 S 402.0   4.1  76:40.53 java
   5913 root      20   0   10.5g 666744  28896 S 398.0   4.1  76:44.51 java
   5913 root      20   0   10.5g 666744  28896 S 403.0   4.1  76:48.