   5553 root      20   0   10.4g 491996  28772 S 220.0   3.0  10:17.23 java
   5553 root      20   0   10.4g 491996  28772 S 219.0   3.0  10:19.42 java
   5553 root      20   0   10.4g 491996  28772 S 218.0   3.0  10:21.60 java
   5553 root      20   0   10.4g 491996  28772 S 220.0   3.0  10:23.80 java
   5553 root      20   0   10.4g 491996  28772 S 220.0   3.0  10:26.00 java
   5553 root      20   0   10.4g 491996  28772 S 219.0   3.0  10:28.19 java
   5553 root      20   0   10.4g 491996  28772 S 219.0   3.0  10:30.38 java
   5553 root      20   0   10.4g 491996  28772 S 221.0   3.0  10:32.59 java
   5553 root      20   0   10.4g 491996  28772 S 219.0   3.0  10:34.78 java
   5553 root      20   0   10.4g 491996  28772 S 217.8   3.0  10:36.98 java
   5553 root      20   0   10.4g 491996  28772 S 217.0   3.0  10:39.15 java
   5553 root      20   0   10.4g 492276  28772 S 222.0   3.0  10:41.37 java
   5553 root      20   0   10.4g 492276  28772 S 221.0   3.0  10:43.58 java
   5553 root      20   0   10.4g 492276  28772 S 221.0   3.0  10:45.79 java
   5553 root      20   0   10.4g 492276  28772 S 220.0   3.0  10:47.99 java
   5553 root      20   0   10.4g 492276  28772 S 219.0   3.0  10:50.18 java
   5553 root      20   0   10.4g 492276  28772 S 220.0   3.0  10:52.38 java
   5553 root      20   0   10.4g 492276  28772 S 220.0   3.0  10:54.58 java
   5553 root      20   0   10.4g 492276  28772 S 221.0   3.0  10:56.79 java
   5553 root      20   0   10.4g 492276  28772 S 218.8   3.0  10:59.00 java
   5553 root      20   0   10.4g 492276  28772 S 220.0   3.0  11:01.20 java
   5553 root      20   0   10.4g 492276  28772 S 219.0   3.0  11:03.39 java
   5553 root      20   0   10.4g 492276  28772 S 220.0   3.0  11:05.59 java
   5553 root      20   0   10.4g 492276  28772 S 217.0   3.0  11:07.76 java
   5553 root      20   0   10.4g 492276  28772 S 220.0   3.0  11:09.96 java
   5553 root      20   0   10.4g 492276  28772 S 219.0   3.0  11:12.15 java
   5553 root      20   0   10.4g 492276  28772 S 220.0   3.0  11:14.35 java
   5553 root      20   0   10.4g 492276  28772 S 219.0   3.0  11:16.54 java
   5553 root      20   0   10.4g 492276  28772 S 219.0   3.0  11:18.73 java
   5553 root      20   0   10.4g 492276  28772 S 216.8   3.0  11:20.92 java
   5553 root      20   0   10.4g 492276  28772 S 220.0   3.0  11:23.12 java
   5553 root      20   0   10.4g 492276  28772 S 219.0   3.0  11:25.31 java
   5553 root      20   0   10.4g 492276  28772 S 221.0   3.0  11:27.52 java
   5553 root      20   0   10.4g 492276  28772 S 219.0   3.0  11:29.71 java
   5553 root      20   0   10.4g 492276  28772 S 219.0   3.0  11:31.90 java
   5553 root      20   0   10.4g 492276  28772 S 219.0   3.0  11:34.09 java
   5553 root      20   0   10.4g 492276  28772 S 221.0   3.0  11:36.30 java
   5553 root      20   0   10.4g 492276  28772 S 222.0   3.0  11:38.52 java
   5553 root      20   0   10.4g 492276  28772 S 221.0   3.0  11:40.73 java
   5553 root      20   0   10.4g 492276  28772 S 220.8   3.0  11:42.96 java
   5553 root      20   0   10.4g 492276  28772 S 219.0   3.0  11:45.15 java
   5553 root      20   0   10.4g 492276  28772 S 222.0   3.0  11:47.37 java
   5553 root      20   0   10.4g 492276  28772 S 219.0   3.0  11:49.56 java
   5553 root      20   0   10.4g 492276  28772 S 219.0   3.0  11:51.75 java
   5553 root      20   0   10.4g 492276  28772 S 218.0   3.0  11:53.93 java
   5553 root      20   0   10.4g 492276  28772 S 218.0   3.0  11:56.11 java
   5553 root      20   0   10.4g 492276  28772 S 221.0   3.0  11:58.32 java
   5553 root      20   0   10.4g 492276  28772 S 219.0   3.0  12:00.51 java
   5553 root      20   0   10.4g 492276  28772 S 220.0   3.0  12:02.71 java
   5553 root      20   0   10.4g 492276  28772 S 216.8   3.0  12:04.90 java
   5553 root      20   0   10.4g 492276  28772 S 219.0   3.0  12:07.09 java
   5553 root      20   0   10.4g 492276  28772 S 221.0   3.0  12:09.30 java
   5553 root      20   0   10.4g 492276  28772 S 218.0   3.0  12:11.48 java
   5553 root      20   0   10.4g 492276  28772 S 218.0   3.0  12:13.