   5325 root      20   0   10.4g 412296  28812 S  66.7   2.5  12:17.27 java
   5325 root      20   0   10.4g 412296  28812 S 219.0   2.5  12:19.46 java
   5325 root      20   0   10.4g 412296  28812 S 216.8   2.5  12:21.65 java
   5325 root      20   0   10.4g 412296  28812 S 221.0   2.5  12:23.86 java
   5325 root      20   0   10.4g 412296  28812 S 220.0   2.5  12:26.06 java
   5325 root      20   0   10.4g 412296  28812 S 220.0   2.5  12:28.26 java
   5325 root      20   0   10.4g 412296  28812 S 221.0   2.5  12:30.47 java
   5325 root      20   0   10.4g 412296  28812 S 218.0   2.5  12:32.65 java
   5325 root      20   0   10.4g 412588  28812 S 221.0   2.5  12:34.86 java
   5325 root      20   0   10.4g 412588  28812 S 220.0   2.5  12:37.06 java
   5325 root      20   0   10.4g 412588  28812 S 219.0   2.5  12:39.25 java
   5325 root      20   0   10.4g 412588  28812 S 221.0   2.5  12:41.46 java
   5325 root      20   0   10.4g 412588  28812 S 217.8   2.5  12:43.66 java
   5325 root      20   0   10.4g 412588  28812 S 219.0   2.5  12:45.85 java
   5325 root      20   0   10.4g 412588  28812 S 220.0   2.5  12:48.05 java
   5325 root      20   0   10.4g 412588  28812 S 219.0   2.5  12:50.24 java
   5325 root      20   0   10.4g 412588  28812 S 220.0   2.5  12:52.44 java
   5325 root      20   0   10.4g 412588  28812 S 220.0   2.5  12:54.64 java
   5325 root      20   0   10.4g 412588  28812 S 220.0   2.5  12:56.84 java
   5325 root      20   0   10.4g 412588  28812 S 219.0   2.5  12:59.03 java
   5325 root      20   0   10.4g 412588  28812 S 220.0   2.5  13:01.23 java
   5325 root      20   0   10.4g 412588  28812 S 218.0   2.5  13:03.41 java
   5325 root      20   0   10.4g 412588  28812 S 220.8   2.5  13:05.64 java
   5325 root      20   0   10.4g 412588  28812 S 221.0   2.5  13:07.85 java
   5325 root      20   0   10.4g 412588  28812 S 220.0   2.5  13:10.05 java
   5325 root      20   0   10.4g 412588  28812 S 222.0   2.5  13:12.27 java
   5325 root      20   0   10.4g 412588  28812 S 219.0   2.5  13:14.46 java
   5325 root      20   0   10.4g 412588  28812 S 220.0   2.5  13:16.66 java
   5325 root      20   0   10.4g 412588  28812 S 219.0   2.5  13:18.85 java
   5325 root      20   0   10.4g 412588  28812 S 219.0   2.5  13:21.04 java
   5325 root      20   0   10.4g 412588  28812 S 220.0   2.5  13:23.24 java
   5325 root      20   0   10.4g 412588  28812 S 222.0   2.5  13:25.46 java
   5325 root      20   0   10.4g 412656  28812 S 220.8   2.5  13:27.69 java
   5325 root      20   0   10.4g 412656  28812 S 220.0   2.5  13:29.89 java
   5325 root      20   0   10.4g 412656  28812 S 222.0   2.5  13:32.11 java
   5325 root      20   0   10.4g 412656  28812 S 222.0   2.5  13:34.33 java
   5325 root      20   0   10.4g 412656  28812 S 221.0   2.5  13:36.54 java
   5325 root      20   0   10.4g 412656  28812 S 221.0   2.5  13:38.75 java
   5325 root      20   0   10.4g 412656  28812 S 221.0   2.5  13:40.96 java
   5325 root      20   0   10.4g 412656  28812 S 221.0   2.5  13:43.17 java
   5325 root      20   0   10.4g 412656  28812 S 220.0   2.5  13:45.37 java
   5325 root      20   0   10.4g 412656  28812 S 220.0   2.5  13:47.57 java
   5325 root      20   0   10.4g 412656  28812 S 218.8   2.5  13:49.78 java
   5325 root      20   0   10.4g 412656  28812 S 222.0   2.5  13:52.00 java
   5325 root      20   0   10.4g 412656  28812 S 220.0   2.5  13:54.20 java
   5325 root      20   0   10.4g 412656  28812 S 221.0   2.5  13:56.41 java
   5325 root      20   0   10.4g 412656  28812 S 221.0   2.5  13:58.62 java
   5325 root      20   0   10.4g 412656  28812 S 222.0   2.5  14:00.84 java
   5325 root      20   0   10.4g 412656  28812 S 221.0   2.5  14:03.05 java
   5325 root      20   0   10.4g 412656  28812 S 221.0   2.5  14:05.26 java
   5325 root      20   0   10.4g 412656  28812 S 221.0   2.5  14:07.47 java
   5325 root      20   0   10.4g 412656  28812 S 221.0   2.5  14:09.68 java
   5325 root      20   0   10.4g 412656  28812 S 217.8   2.5  14:11.88 java
   5325 root      20   0   10.4g 412656  28812 S 221.0   2.5  14:14.