   5553 root      20   0   10.4g 494288  28772 S 246.7   3.0  24:12.00 java
   5553 root      20   0   10.4g 494288  28772 S 247.0   3.0  24:14.47 java
   5553 root      20   0   10.4g 494288  28772 S 245.0   3.0  24:16.92 java
   5553 root      20   0   10.4g 494288  28772 S 245.0   3.0  24:19.37 java
   5553 root      20   0   10.4g 494288  28772 S 245.0   3.0  24:21.82 java
   5553 root      20   0   10.4g 494288  28772 S 242.6   3.0  24:24.27 java
   5553 root      20   0   10.4g 494288  28772 S 245.0   3.0  24:26.72 java
   5553 root      20   0   10.4g 494288  28772 S 248.0   3.0  24:29.20 java
   5553 root      20   0   10.4g 494288  28772 S 245.0   3.0  24:31.65 java
   5553 root      20   0   10.4g 494924  28772 S 247.0   3.0  24:34.12 java
   5553 root      20   0   10.4g 494924  28772 S 246.0   3.0  24:36.58 java
   5553 root      20   0   10.4g 494924  28772 S 244.0   3.0  24:39.02 java
   5553 root      20   0   10.4g 494924  28772 S 246.0   3.0  24:41.48 java
   5553 root      20   0   10.4g 494924  28772 S 246.0   3.0  24:43.94 java
   5553 root      20   0   10.4g 494924  28772 S 248.0   3.0  24:46.42 java
   5553 root      20   0   10.4g 494924  28772 S 242.6   3.0  24:48.87 java
   5553 root      20   0   10.4g 494924  28772 S 248.0   3.0  24:51.35 java
   5553 root      20   0   10.4g 494924  28772 S 250.0   3.0  24:53.85 java
   5553 root      20   0   10.4g 494924  28772 S 245.0   3.0  24:56.30 java
   5553 root      20   0   10.4g 495104  28772 S 247.0   3.0  24:58.77 java
   5553 root      20   0   10.4g 495104  28772 S 248.0   3.0  25:01.25 java
   5553 root      20   0   10.4g 495104  28772 S 246.0   3.0  25:03.71 java
   5553 root      20   0   10.4g 495104  28772 S 244.0   3.0  25:06.15 java
   5553 root      20   0   10.4g 495104  28772 S 249.0   3.0  25:08.64 java
   5553 root      20   0   10.4g 495104  28772 S 243.0   3.0  25:11.07 java
   5553 root      20   0   10.4g 495104  28772 S 244.6   3.0  25:13.54 java
   5553 root      20   0   10.4g 495104  28772 S 247.0   3.0  25:16.01 java
   5553 root      20   0   10.4g 495104  28772 S 244.0   3.0  25:18.45 java
   5553 root      20   0   10.4g 495104  28772 S 247.0   3.0  25:20.92 java
   5553 root      20   0   10.4g 495104  28772 S 248.0   3.0  25:23.40 java
   5553 root      20   0   10.4g 495104  28772 S 247.0   3.0  25:25.87 java
   5553 root      20   0   10.4g 495104  28772 S 245.0   3.0  25:28.32 java
   5553 root      20   0   10.4g 495104  28772 S 244.0   3.0  25:30.76 java
   5553 root      20   0   10.4g 495104  28772 S 246.0   3.0  25:33.22 java
   5553 root      20   0   10.4g 495104  28772 S 246.0   3.0  25:35.68 java
   5553 root      20   0   10.4g 495104  28772 S 244.6   3.0  25:38.15 java
   5553 root      20   0   10.4g 495104  28772 S 247.0   3.0  25:40.62 java
   5553 root      20   0   10.4g 495104  28772 S 246.0   3.0  25:43.08 java
   5553 root      20   0   10.4g 495104  28772 S 245.0   3.0  25:45.53 java
   5553 root      20   0   10.4g 495104  28772 S 246.0   3.0  25:47.99 java
   5553 root      20   0   10.4g 495104  28772 S 247.0   3.0  25:50.46 java
   5553 root      20   0   10.4g 495104  28772 S 247.0   3.0  25:52.93 java
   5553 root      20   0   10.4g 495104  28772 S 244.0   3.0  25:55.37 java
   5553 root      20   0   10.4g 495104  28772 S 247.0   3.0  25:57.84 java
   5553 root      20   0   10.4g 495104  28772 S 247.0   3.0  26:00.31 java
   5553 root      20   0   10.4g 495104  28772 S 243.6   3.0  26:02.77 java
   5553 root      20   0   10.4g 495104  28772 S 246.0   3.0  26:05.23 java
   5553 root      20   0   10.4g 495104  28772 S 248.0   3.0  26:07.71 java
   5553 root      20   0   10.4g 495104  28772 S 246.0   3.0  26:10.17 java
   5553 root      20   0   10.4g 495104  28772 S 246.0   3.0  26:12.63 java
   5553 root      20   0   10.4g 495104  28772 S 249.0   3.0  26:15.12 java
   5553 root      20   0   10.4g 495104  28772 S 245.0   3.0  26:17.57 java
   5553 root      20   0   10.4g 495104  28772 S 245.0   3.0  26:20.02 java
   5553 root      20   0   10.4g 495104  28772 S 247.0   3.0  26:22.