   5913 root      20   0   10.5g 395156  28896 S  86.7   2.4  16:13.44 java
   5913 root      20   0   10.5g 395156  28896 S 228.0   2.4  16:15.72 java
   5913 root      20   0   10.5g 395156  28896 S 226.0   2.4  16:17.98 java
   5913 root      20   0   10.5g 395156  28896 S 224.0   2.4  16:20.22 java
   5913 root      20   0   10.5g 395156  28896 S 226.0   2.4  16:22.48 java
   5913 root      20   0   10.5g 395156  28896 S 226.0   2.4  16:24.74 java
   5913 root      20   0   10.5g 395156  28896 S 225.7   2.4  16:27.02 java
   5913 root      20   0   10.5g 395156  28896 S 226.0   2.4  16:29.28 java
   5913 root      20   0   10.5g 395312  28896 S 228.0   2.4  16:31.56 java
   5913 root      20   0   10.5g 395312  28896 S 228.0   2.4  16:33.84 java
   5913 root      20   0   10.5g 395312  28896 S 227.0   2.4  16:36.11 java
   5913 root      20   0   10.5g 395312  28896 S 225.0   2.4  16:38.36 java
   5913 root      20   0   10.5g 395312  28896 S 227.0   2.4  16:40.63 java
   5913 root      20   0   10.5g 395312  28896 S 229.0   2.4  16:42.92 java
   5913 root      20   0   10.5g 395312  28896 S 227.0   2.4  16:45.19 java
   5913 root      20   0   10.5g 395312  28896 S 226.0   2.4  16:47.45 java
   5913 root      20   0   10.5g 395312  28896 S 226.7   2.4  16:49.74 java
   5913 root      20   0   10.5g 395312  28896 S 227.0   2.4  16:52.01 java
   5913 root      20   0   10.5g 395312  28896 S 228.0   2.4  16:54.29 java
   5913 root      20   0   10.5g 395312  28896 S 225.0   2.4  16:56.54 java
   5913 root      20   0   10.5g 395312  28896 S 226.0   2.4  16:58.80 java
   5913 root      20   0   10.5g 395312  28896 S 226.0   2.4  17:01.06 java
   5913 root      20   0   10.5g 395312  28896 S 228.0   2.4  17:03.34 java
   5913 root      20   0   10.5g 395312  28896 S 227.0   2.4  17:05.61 java
   5913 root      20   0   10.5g 395312  28896 S 226.0   2.4  17:07.87 java
   5913 root      20   0   10.5g 395312  28896 S 226.0   2.4  17:10.13 java
   5913 root      20   0   10.5g 395312  28896 S 223.8   2.4  17:12.39 java
   5913 root      20   0   10.5g 395312  28896 S 226.0   2.4  17:14.65 java
   5913 root      20   0   10.5g 395312  28896 S 228.0   2.4  17:16.93 java
   5913 root      20   0   10.5g 395312  28896 S 226.0   2.4  17:19.19 java
   5913 root      20   0   10.5g 395312  28896 S 227.0   2.4  17:21.46 java
   5913 root      20   0   10.5g 395312  28896 S 226.0   2.4  17:23.72 java
   5913 root      20   0   10.5g 395312  28896 S 227.0   2.4  17:25.99 java
   5913 root      20   0   10.5g 395312  28896 S 227.0   2.4  17:28.26 java
   5913 root      20   0   10.5g 395312  28896 S 227.0   2.4  17:30.53 java
   5913 root      20   0   10.5g 395312  28896 S 227.0   2.4  17:32.80 java
   5913 root      20   0   10.5g 395312  28896 S 223.8   2.4  17:35.06 java
   5913 root      20   0   10.5g 395312  28896 S 228.0   2.4  17:37.34 java
   5913 root      20   0   10.5g 395312  28896 S 226.0   2.4  17:39.60 java
   5913 root      20   0   10.5g 395312  28896 S 227.0   2.4  17:41.87 java
   5913 root      20   0   10.5g 395312  28896 S 226.0   2.4  17:44.13 java
   5913 root      20   0   10.5g 395312  28896 S 227.0   2.4  17:46.40 java
   5913 root      20   0   10.5g 395312  28896 S 228.0   2.4  17:48.68 java
   5913 root      20   0   10.5g 395312  28896 S 226.0   2.4  17:50.94 java
   5913 root      20   0   10.5g 395312  28896 S 227.0   2.4  17:53.21 java
   5913 root      20   0   10.5g 395312  28896 S 223.8   2.4  17:55.47 java
   5913 root      20   0   10.5g 395312  28896 S 226.0   2.4  17:57.73 java
   5913 root      20   0   10.5g 395312  28896 S 227.0   2.4  18:00.00 java
   5913 root      20   0   10.5g 395312  28896 S 227.0   2.4  18:02.27 java
   5913 root      20   0   10.5g 395312  28896 S 227.0   2.4  18:04.54 java
   5913 root      20   0   10.5g 395312  28896 S 226.0   2.4  18:06.80 java
   5913 root      20   0   10.5g 395312  28896 S 225.0   2.4  18:09.05 java
   5913 root      20   0   10.5g 395312  28896 S 226.0   2.4  18:11.31 java
   5913 root      20   0   10.5g 395312  28896 S 227.0   2.4  18:13.