  19706 1001      20   0 8927160 581008  54032 S   0.0   3.6  34:16.09 application
  19706 1001      20   0 8927160 581008  54032 S 373.0   3.6  34:19.82 application
  19706 1001      20   0 8927160 581008  54032 S 401.0   3.6  34:23.83 application
  19706 1001      20   0 8927160 581008  54032 S 396.0   3.6  34:27.83 application
  19706 1001      20   0 8927160 581008  54032 S 401.0   3.6  34:31.84 application
  19706 1001      20   0 8927160 581008  54032 S 402.0   3.6  34:35.86 application
  19706 1001      20   0 8927160 581008  54032 S 400.0   3.6  34:39.86 application
  19706 1001      20   0 8927160 581008  54032 S 402.0   3.6  34:43.88 application
  19706 1001      20   0 8927160 581008  54032 S 400.0   3.6  34:47.88 application
  19706 1001      20   0 8927160 581008  54032 S 402.0   3.6  34:51.90 application
  19706 1001      20   0 8927160 581008  54032 S 400.0   3.6  34:55.90 application
  19706 1001      20   0 8927160 581008  54032 S 395.0   3.6  34:59.85 application
  19706 1001      20   0 8927160 581008  54032 S 408.0   3.6  35:03.93 application
  19706 1001      20   0 8927160 581008  54032 S 395.0   3.6  35:07.92 application
  19706 1001      20   0 8927160 581008  54032 S 402.0   3.6  35:11.94 application
  19706 1001      20   0 8927160 581008  54032 S 401.0   3.6  35:15.95 application
  19706 1001      20   0 8927160 581008  54032 S 402.0   3.6  35:19.97 application
  19706 1001      20   0 8927160 581008  54032 S 400.0   3.6  35:23.97 application
  19706 1001      20   0 8927160 581008  54032 S 399.0   3.6  35:27.96 application
  19706 1001      20   0 8927160 581008  54032 S 403.0   3.6  35:31.99 application
  19706 1001      20   0 8927160 581008  54032 S 398.0   3.6  35:35.97 application
  19706 1001      20   0 8927160 581008  54032 S 405.0   3.6  35:40.02 application
  19706 1001      20   0 8927160 581008  54032 S 397.0   3.6  35:43.99 application
  19706 1001      20   0 8927160 581008  54032 S 398.0   3.6  35:48.01 application
  19706 1001      20   0 8927160 581008  54032 S 402.0   3.6  35:52.03 application
  19706 1001      20   0 8927160 581008  54032 S 401.0   3.6  35:56.04 application
  19706 1001      20   0 8927160 581008  54032 S 401.0   3.6  36:00.05 application
  19706 1001      20   0 8927160 581008  54032 S 402.0   3.6  36:04.07 application
  19706 1001      20   0 8927160 581008  54032 S 401.0   3.6  36:08.08 application
  19706 1001      20   0 8927160 581008  54032 S 403.0   3.6  36:12.11 application
  19706 1001      20   0 8927160 581008  54032 S 394.0   3.6  36:16.05 application
  19706 1001      20   0 8927160 581008  54032 S 403.0   3.6  36:20.08 application
  19706 1001      20   0 8927160 581008  54032 S 403.0   3.6  36:24.11 application
  19706 1001      20   0 8927160 581008  54032 S 399.0   3.6  36:28.14 application
  19706 1001      20   0 8927160 581008  54032 S 399.0   3.6  36:32.13 application
  19706 1001      20   0 8927160 581008  54032 S 399.0   3.6  36:36.12 application
  19706 1001      20   0 8927160 581008  54032 S 399.0   3.6  36:40.11 application
  19706 1001      20   0 8927160 581008  54032 S 408.0   3.6  36:44.19 application
  19706 1001      20   0 8927160 581008  54032 S 399.0   3.6  36:48.18 application
  19706 1001      20   0 8927160 581008  54032 S 399.0   3.6  36:52.17 application
  19706 1001      20   0 8927160 581008  54032 S 397.0   3.6  36:56.14 application
  19706 1001      20   0 8927160 581008  54032 S 406.0   3.6  37:00.20 application
  19706 1001      20   0 8927160 581008  54032 S 400.0   3.6  37:04.20 application
  19706 1001      20   0 8927160 581008  54032 S 396.0   3.6  37:08.20 application
  19706 1001      20   0 8927160 581008  54032 S 399.0   3.6  37:12.19 application
  19706 1001      20   0 8927160 581008  54032 S 401.0   3.6  37:16.20 application
  19706 1001      20   0 8927160 581008  54032 S 400.0   3.6  37:20.20 application
  19706 1001      20   0 8927160 581008  54032 S 399.0   3.6  37:24.19 application
  19706 1001      20   0 8927160 581008  54032 S 400.0   3.6  37:28.19 application
  19706 1001      20   0 8927