  19706 1001      20   0 6787892 411896  52820 S  93.3   2.5  14:16.40 application
  19706 1001      20   0 6788916 412812  52820 S 402.0   2.5  14:20.42 application
  19706 1001      20   0 6789940 413328  52820 S 400.0   2.5  14:24.42 application
  19706 1001      20   0 6789940 413328  52820 S 400.0   2.5  14:28.42 application
  19706 1001      20   0 6789940 413592  52820 S 400.0   2.5  14:32.42 application
  19706 1001      20   0 6789940 413976  52948 S 400.0   2.5  14:36.42 application
  19706 1001      20   0 6790964 414564  52948 S 397.0   2.5  14:40.43 application
  19706 1001      20   0 6790964 414828  52948 S 400.0   2.5  14:44.43 application
  19706 1001      20   0 6791988 415092  52948 S 402.0   2.5  14:48.45 application
  19706 1001      20   0 6791988 415092  52948 S 401.0   2.5  14:52.46 application
  19706 1001      20   0 6793012 415616  52948 S 401.0   2.5  14:56.47 application
  19706 1001      20   0 6776620 416216  52948 S 396.0   2.6  15:00.43 application
  19706 1001      20   0 6776620 416476  52948 S 407.0   2.6  15:04.50 application
  19706 1001      20   0 6777644 417004  52948 S 401.0   2.6  15:08.51 application
  19706 1001      20   0 6777644 417268  52948 S 401.0   2.6  15:12.52 application
  19706 1001      20   0 6778668 418060  52948 S 401.0   2.6  15:16.53 application
  19706 1001      20   0 6779692 419112  52948 S 394.1   2.6  15:20.51 application
  19706 1001      20   0 6779692 419112  52948 S 404.0   2.6  15:24.55 application
  19706 1001      20   0 6779692 419376  52948 S 402.0   2.6  15:28.57 application
  19706 1001      20   0 6779692 419640  52948 S 401.0   2.6  15:32.58 application
  19706 1001      20   0 6780716 420168  52948 S 401.0   2.6  15:36.59 application
  19706 1001      20   0 6780716 420432  52948 S 401.0   2.6  15:40.60 application
  19706 1001      20   0 6780716 420696  52948 S 401.0   2.6  15:44.61 application
  19706 1001      20   0 6781740 421220  52948 S 401.0   2.6  15:48.62 application
  19706 1001      20   0 6781740 421220  52948 S 401.0   2.6  15:52.63 application
  19706 1001      20   0 6782764 422276  52948 S 402.0   2.6  15:56.65 application
  19706 1001      20   0 6782764 422536  52948 S 396.0   2.6  16:00.65 application
  19706 1001      20   0 6782764 423060  52948 S 402.0   2.6  16:04.67 application
  19706 1001      20   0 6783788 423852  52948 S 395.0   2.6  16:08.62 application
  19706 1001      20   0 6784812 424116  52948 S 405.0   2.6  16:12.67 application
  19706 1001      20   0 6784812 424376  52948 S 402.0   2.6  16:16.69 application
  19706 1001      20   0 6784812 424640  52948 S 398.0   2.6  16:20.67 application
  19706 1001      20   0 6785836 425960  52948 S 404.0   2.6  16:24.71 application
  19706 1001      20   0 6785836 426224  52948 S 398.0   2.6  16:28.69 application
  19706 1001      20   0 6786860 426648  52948 S 400.0   2.6  16:32.69 application
  19706 1001      20   0 6786860 427700  52948 S 401.0   2.6  16:36.70 application
  19706 1001      20   0 6787884 427964  52948 S 396.0   2.6  16:40.70 application
  19706 1001      20   0 6787884 428488  52948 S 399.0   2.6  16:44.69 application
  19706 1001      20   0 6787884 428488  52948 S 403.0   2.6  16:48.72 application
  19706 1001      20   0 6788908 429280  52948 S 400.0   2.6  16:52.72 application
  19706 1001      20   0 6788908 429544  52948 S 399.0   2.6  16:56.71 application
  19706 1001      20   0 6789932 430068  52948 S 401.0   2.6  17:00.72 application
  19706 1001      20   0 6824764 432444  52948 S 402.0   2.7  17:04.74 application
  19706 1001      20   0 6824764 432444  52948 S 400.0   2.7  17:08.74 application
  19706 1001      20   0 6824764 432708  52948 S 400.0   2.7  17:12.74 application
  19706 1001      20   0 6824764 432708  52948 S 401.0   2.7  17:16.75 application
  19706 1001      20   0 6825788 433500  52948 S 396.0   2.7  17:20.75 application
  19706 1001      20   0 6825788 433764  52948 S 402.0   2.7  17:24.77 application
  19706 1001      20   0 6826812 434024  52948 S 396.0   2.7  17:28.73 application
  19706 1001      20   0 6826