  19375 1001      20   0 1544620 574780  47824 S  86.7   3.5  52:18.05 application
  19375 1001      20   0 1544620 574780  47824 S 408.9   3.5  52:22.18 application
  19375 1001      20   0 1544620 574780  47824 S 402.0   3.5  52:26.20 application
  19375 1001      20   0 1544620 574780  47824 S 398.0   3.5  52:30.18 application
  19375 1001      20   0 1544620 574780  47824 S 402.0   3.5  52:34.20 application
  19375 1001      20   0 1544620 574780  47824 S 402.0   3.5  52:38.22 application
  19375 1001      20   0 1544620 574780  47824 S 399.0   3.5  52:42.21 application
  19375 1001      20   0 1544620 574780  47824 S 402.0   3.5  52:46.23 application
  19375 1001      20   0 1544620 574780  47824 S 396.0   3.5  52:50.19 application
  19375 1001      20   0 1544620 574780  47824 S 405.0   3.5  52:54.24 application
  19375 1001      20   0 1544620 574780  47824 S 402.0   3.5  52:58.26 application
  19375 1001      20   0 1544620 574780  47824 S 396.0   3.5  53:02.26 application
  19375 1001      20   0 1544620 574780  47824 S 397.0   3.5  53:06.23 application
  19375 1001      20   0 1544620 574780  47824 S 397.0   3.5  53:10.20 application
  19375 1001      20   0 1544620 574780  47824 S 408.0   3.5  53:14.28 application
  19375 1001      20   0 1544620 574780  47824 S 400.0   3.5  53:18.28 application
  19375 1001      20   0 1544620 574780  47824 S 401.0   3.5  53:22.29 application
  19375 1001      20   0 1544620 574780  47824 S 401.0   3.5  53:26.30 application
  19375 1001      20   0 1544620 574780  47824 S 398.0   3.5  53:30.28 application
  19375 1001      20   0 1544620 574780  47824 S 404.0   3.5  53:34.32 application
  19375 1001      20   0 1544620 574780  47824 S 400.0   3.5  53:38.32 application
  19375 1001      20   0 1544620 574780  47824 S 392.1   3.5  53:42.28 application
  19375 1001      20   0 1544620 574780  47824 S 406.0   3.5  53:46.34 application
  19375 1001      20   0 1544620 574780  47824 S 398.0   3.5  53:50.32 application
  19375 1001      20   0 1544620 574780  47824 S 399.0   3.5  53:54.31 application
  19375 1001      20   0 1544620 574780  47824 S 401.0   3.5  53:58.32 application
  19375 1001      20   0 1544620 574780  47824 S 402.0   3.5  54:02.34 application
  19375 1001      20   0 1544620 574780  47824 S 401.0   3.5  54:06.35 application
  19375 1001      20   0 1544620 573724  47824 S 401.0   3.5  54:10.36 application
  19375 1001      20   0 1544620 574780  47824 S 401.0   3.5  54:14.37 application
  19375 1001      20   0 1544620 574780  47824 S 399.0   3.5  54:18.36 application
  19375 1001      20   0 1544620 574780  47824 S 397.0   3.5  54:22.37 application
  19375 1001      20   0 1544620 574780  47824 S 400.0   3.5  54:26.37 application
  19375 1001      20   0 1544620 574780  47824 S 400.0   3.5  54:30.37 application
  19375 1001      20   0 1544620 574780  47824 S 400.0   3.5  54:34.37 application
  19375 1001      20   0 1544620 574780  47824 S 399.0   3.5  54:38.36 application
  19375 1001      20   0 1544620 574780  47824 S 401.0   3.5  54:42.37 application
  19375 1001      20   0 1544620 574780  47824 S 400.0   3.5  54:46.37 application
  19375 1001      20   0 1544620 574780  47824 S 400.0   3.5  54:50.37 application
  19375 1001      20   0 1544620 574780  47824 S 400.0   3.5  54:54.37 application
  19375 1001      20   0 1544620 574780  47824 S 396.0   3.5  54:58.37 application
  19375 1001      20   0 1544620 574780  47824 S 400.0   3.5  55:02.37 application
  19375 1001      20   0 1544620 574780  47824 S 400.0   3.5  55:06.37 application
  19375 1001      20   0 1544620 574780  47824 S 400.0   3.5  55:10.37 application
  19375 1001      20   0 1544620 574780  47824 S 400.0   3.5  55:14.37 application
  19375 1001      20   0 1544620 574780  47824 S 400.0   3.5  55:18.37 application
  19375 1001      20   0 1544620 574780  47824 S 400.0   3.5  55:22.37 application
  19375 1001      20   0 1544620 574780  47824 S 400.0   3.5  55:26.37 application
  19375 1001      20   0 1544620 574780  47824 S 396.0   3.5  55:30.37 application
  19375 1001      20   0 1544