  19375 1001      20   0 1544620 574952  47824 S   0.0   3.5  40:17.96 application
  19375 1001      20   0 1544620 574952  47824 S 386.0   3.5  40:21.82 application
  19375 1001      20   0 1544620 574952  47824 S 401.0   3.5  40:25.83 application
  19375 1001      20   0 1544620 574952  47824 S 401.0   3.5  40:29.84 application
  19375 1001      20   0 1544620 574952  47824 S 400.0   3.5  40:33.84 application
  19375 1001      20   0 1544620 574952  47824 S 401.0   3.5  40:37.85 application
  19375 1001      20   0 1544620 574952  47824 S 401.0   3.5  40:41.86 application
  19375 1001      20   0 1544620 574952  47824 S 397.0   3.5  40:45.87 application
  19375 1001      20   0 1544620 574952  47824 S 400.0   3.5  40:49.87 application
  19375 1001      20   0 1544620 574952  47824 S 398.0   3.5  40:53.85 application
  19375 1001      20   0 1544620 574952  47824 S 403.0   3.5  40:57.88 application
  19375 1001      20   0 1544620 574952  47824 S 401.0   3.5  41:01.89 application
  19375 1001      20   0 1544620 574952  47824 S 401.0   3.5  41:05.90 application
  19375 1001      20   0 1544620 574952  47824 S 400.0   3.5  41:09.90 application
  19375 1001      20   0 1544620 574952  47824 S 399.0   3.5  41:13.89 application
  19375 1001      20   0 1544620 574952  47824 S 403.0   3.5  41:17.92 application
  19375 1001      20   0 1544620 574952  47824 S 400.0   3.5  41:21.92 application
  19375 1001      20   0 1544620 574952  47824 S 397.0   3.5  41:25.93 application
  19375 1001      20   0 1544620 574952  47824 S 400.0   3.5  41:29.93 application
  19375 1001      20   0 1544620 574952  47824 S 402.0   3.5  41:33.95 application
  19375 1001      20   0 1544620 574952  47824 S 400.0   3.5  41:37.95 application
  19375 1001      20   0 1544620 574952  47824 S 398.0   3.5  41:41.93 application
  19375 1001      20   0 1544620 574952  47824 S 404.0   3.5  41:45.97 application
  19375 1001      20   0 1544620 574952  47824 S 401.0   3.5  41:49.98 application
  19375 1001      20   0 1544620 574952  47824 S 400.0   3.5  41:53.98 application
  19375 1001      20   0 1544620 574952  47824 S 401.0   3.5  41:57.99 application
  19375 1001      20   0 1545644 575400  47824 S 398.0   3.5  42:01.97 application
  19375 1001      20   0 1544620 574652  47824 S 398.0   3.5  42:05.99 application
  19375 1001      20   0 1544620 574652  47824 S 402.0   3.5  42:10.01 application
  19375 1001      20   0 1544620 574652  47824 S 400.0   3.5  42:14.01 application
  19375 1001      20   0 1544620 574652  47824 S 401.0   3.5  42:18.02 application
  19375 1001      20   0 1544620 574652  47824 S 399.0   3.5  42:22.01 application
  19375 1001      20   0 1544620 574652  47824 S 403.0   3.5  42:26.04 application
  19375 1001      20   0 1544620 574652  47824 S 401.0   3.5  42:30.05 application
  19375 1001      20   0 1544620 574652  47824 S 400.0   3.5  42:34.05 application
  19375 1001      20   0 1544620 574652  47824 S 400.0   3.5  42:38.05 application
  19375 1001      20   0 1544620 574652  47824 S 398.0   3.5  42:42.03 application
  19375 1001      20   0 1544620 574652  47824 S 401.0   3.5  42:46.08 application
  19375 1001      20   0 1544620 574652  47824 S 397.0   3.5  42:50.05 application
  19375 1001      20   0 1544620 574652  47824 S 403.0   3.5  42:54.08 application
  19375 1001      20   0 1544620 574652  47824 S 401.0   3.5  42:58.09 application
  19375 1001      20   0 1544620 574652  47824 S 401.0   3.5  43:02.10 application
  19375 1001      20   0 1544620 574652  47824 S 400.0   3.5  43:06.10 application
  19375 1001      20   0 1544620 574652  47824 S 399.0   3.5  43:10.09 application
  19375 1001      20   0 1544620 574652  47824 S 402.0   3.5  43:14.11 application
  19375 1001      20   0 1544620 574652  47824 S 400.0   3.5  43:18.11 application
  19375 1001      20   0 1544620 574652  47824 S 401.0   3.5  43:22.12 application
  19375 1001      20   0 1544620 574652  47824 S 396.0   3.5  43:26.12 application
  19375 1001      20   0 1544620 574652  47824 S 399.0   3.5  43:30.11 application
  19375 1001      20   0 1544