  19375 1001      20   0 1544620 574952  47824 S 140.0   3.5  36:18.21 application
  19375 1001      20   0 1544620 574952  47824 S 402.0   3.5  36:22.23 application
  19375 1001      20   0 1544620 574952  47824 S 397.0   3.5  36:26.24 application
  19375 1001      20   0 1544620 574952  47824 S 401.0   3.5  36:30.25 application
  19375 1001      20   0 1544620 574952  47824 S 400.0   3.5  36:34.25 application
  19375 1001      20   0 1544620 574952  47824 S 401.0   3.5  36:38.26 application
  19375 1001      20   0 1544620 574952  47824 S 401.0   3.5  36:42.27 application
  19375 1001      20   0 1544620 574952  47824 S 400.0   3.5  36:46.27 application
  19375 1001      20   0 1544620 574952  47824 S 401.0   3.5  36:50.28 application
  19375 1001      20   0 1544620 574952  47824 S 401.0   3.5  36:54.29 application
  19375 1001      20   0 1544620 574952  47824 S 400.0   3.5  36:58.29 application
  19375 1001      20   0 1544620 574952  47824 S 400.0   3.5  37:02.29 application
  19375 1001      20   0 1544620 574952  47824 S 397.0   3.5  37:06.30 application
  19375 1001      20   0 1544620 574952  47824 S 401.0   3.5  37:10.31 application
  19375 1001      20   0 1544620 574952  47824 S 399.0   3.5  37:14.30 application
  19375 1001      20   0 1544620 574952  47824 S 402.0   3.5  37:18.32 application
  19375 1001      20   0 1544620 574952  47824 S 400.0   3.5  37:22.32 application
  19375 1001      20   0 1544620 574952  47824 S 402.0   3.5  37:26.34 application
  19375 1001      20   0 1544620 574952  47824 S 401.0   3.5  37:30.35 application
  19375 1001      20   0 1544620 574952  47824 S 401.0   3.5  37:34.36 application
  19375 1001      20   0 1544620 574952  47824 S 400.0   3.5  37:38.36 application
  19375 1001      20   0 1544620 574952  47824 S 402.0   3.5  37:42.38 application
  19375 1001      20   0 1544620 574952  47824 S 395.0   3.5  37:46.37 application
  19375 1001      20   0 1544620 574952  47824 S 399.0   3.5  37:50.36 application
  19375 1001      20   0 1544620 574952  47824 S 403.0   3.5  37:54.39 application
  19375 1001      20   0 1544620 574952  47824 S 397.0   3.5  37:58.36 application
  19375 1001      20   0 1544620 574952  47824 S 404.0   3.5  38:02.40 application
  19375 1001      20   0 1544620 574952  47824 S 401.0   3.5  38:06.41 application
  19375 1001      20   0 1544620 574952  47824 S 401.0   3.5  38:10.42 application
  19375 1001      20   0 1544620 574952  47824 S 400.0   3.5  38:14.42 application
  19375 1001      20   0 1544620 574952  47824 S 400.0   3.5  38:18.42 application
  19375 1001      20   0 1544620 574952  47824 S 401.0   3.5  38:22.43 application
  19375 1001      20   0 1544620 574952  47824 S 395.0   3.5  38:26.42 application
  19375 1001      20   0 1544620 574952  47824 S 404.0   3.5  38:30.46 application
  19375 1001      20   0 1544620 574952  47824 S 398.0   3.5  38:34.44 application
  19375 1001      20   0 1544620 574952  47824 S 402.0   3.5  38:38.46 application
  19375 1001      20   0 1544620 574952  47824 S 400.0   3.5  38:42.46 application
  19375 1001      20   0 1544620 574952  47824 S 401.0   3.5  38:46.47 application
  19375 1001      20   0 1544620 574952  47824 S 400.0   3.5  38:50.47 application
  19375 1001      20   0 1544620 574952  47824 S 401.0   3.5  38:54.48 application
  19375 1001      20   0 1544620 574952  47824 S 399.0   3.5  38:58.47 application
  19375 1001      20   0 1544620 574952  47824 S 403.0   3.5  39:02.50 application
  19375 1001      20   0 1544620 574952  47824 S 394.1   3.5  39:06.48 application
  19375 1001      20   0 1544620 574952  47824 S 399.0   3.5  39:10.47 application
  19375 1001      20   0 1544620 574952  47824 S 405.0   3.5  39:14.52 application
  19375 1001      20   0 1544620 574952  47824 S 399.0   3.5  39:18.51 application
  19375 1001      20   0 1544620 574952  47824 S 402.0   3.5  39:22.53 application
  19375 1001      20   0 1544620 574952  47824 S 400.0   3.5  39:26.53 application
  19375 1001      20   0 1544620 574952  47824 S 401.0   3.5  39:30.54 application
  19375 1001      20   0 1544