  46130 1001      20   0 6694704 450912  52528 S   0.0   2.8  18:39.17 application
  46130 1001      20   0 6695728 452228  52528 S 395.0   2.8  18:43.16 application
  46130 1001      20   0 6729536 453284  52528 S 401.0   2.8  18:47.17 application
  46130 1001      20   0 6731584 455396  52528 S 405.0   2.8  18:51.22 application
  46130 1001      20   0 6732608 455660  52528 S 400.0   2.8  18:55.22 application
  46130 1001      20   0 6732608 455924  52528 S 400.0   2.8  18:59.22 application
  46130 1001      20   0 6733632 456452  52528 S 400.0   2.8  19:03.22 application
  46130 1001      20   0 6734656 457240  52528 S 402.0   2.8  19:07.24 application
  46130 1001      20   0 6734656 457504  52528 S 403.0   2.8  19:11.27 application
  46130 1001      20   0 6734656 457768  52528 S 399.0   2.8  19:15.26 application
  46130 1001      20   0 6735680 458292  52528 S 400.0   2.8  19:19.26 application
  46130 1001      20   0 6736704 458820  52528 S 398.0   2.8  19:23.28 application
  46130 1001      20   0 6736704 459348  52528 S 401.0   2.8  19:27.29 application
  46130 1001      20   0 6737728 460140  52528 S 401.0   2.8  19:31.30 application
  46130 1001      20   0 6738752 460932  52528 S 399.0   2.8  19:35.29 application
  46130 1001      20   0 6739776 461724  52528 S 400.0   2.8  19:39.29 application
  46130 1001      20   0 6739776 462780  52528 S 403.0   2.8  19:43.32 application
  46130 1001      20   0 6748996 463308  52528 S 399.0   2.8  19:47.31 application
  46130 1001      20   0 6750020 464100  52528 S 399.0   2.8  19:51.30 application
  46130 1001      20   0 7416680 467796  52528 S 401.0   2.9  19:55.31 application
  46130 1001      20   0 7417704 468324  52528 S 402.0   2.9  19:59.33 application
  46130 1001      20   0 7417704 468844  52528 S 397.0   2.9  20:03.34 application
  46130 1001      20   0 7417704 469108  52528 S 399.0   2.9  20:07.33 application
  46130 1001      20   0 7418728 469372  52528 S 401.0   2.9  20:11.34 application
  46130 1001      20   0 7418728 469636  52528 S 400.0   2.9  20:15.34 application
  46130 1001      20   0 7419752 469900  52528 S 400.0   2.9  20:19.34 application
  46130 1001      20   0 7419752 470428  52528 S 400.0   2.9  20:23.34 application
  46130 1001      20   0 7420776 470956  52528 S 399.0   2.9  20:27.33 application
  46130 1001      20   0 7420776 471484  52528 S 401.0   2.9  20:31.34 application
  46130 1001      20   0 7421800 472008  52528 S 401.0   2.9  20:35.35 application
  46130 1001      20   0 7421800 472532  52528 S 395.0   2.9  20:39.34 application
  46130 1001      20   0 7421800 473060  52528 S 400.0   2.9  20:43.34 application
  46130 1001      20   0 7422824 473324  52528 S 400.0   2.9  20:47.34 application
  46130 1001      20   0 7422824 473852  52528 S 400.0   2.9  20:51.34 application
  46130 1001      20   0 7423848 474376  52528 S 400.0   2.9  20:55.34 application
  46130 1001      20   0 7423848 474640  52528 S 400.0   2.9  20:59.34 application
  46130 1001      20   0 7424872 475432  52528 S 400.0   2.9  21:03.34 application
  46130 1001      20   0 7424872 475960  52528 S 400.0   2.9  21:07.34 application
  46130 1001      20   0 7425896 476488  52528 S 400.0   2.9  21:11.34 application
  46130 1001      20   0 7425896 477016  52528 S 397.0   2.9  21:15.35 application
  46130 1001      20   0 7426920 477544  52528 S 400.0   2.9  21:19.35 application
  46130 1001      20   0 7426920 478068  52528 S 399.0   2.9  21:23.34 application
  46130 1001      20   0 7427944 479124  52528 S 400.0   2.9  21:27.34 application
  46130 1001      20   0 7427944 479652  52528 S 400.0   2.9  21:31.34 application
  46130 1001      20   0 7428968 480700  52528 S 400.0   2.9  21:35.34 application
  46130 1001      20   0 7429992 480960  52528 S 400.0   2.9  21:39.34 application
  46130 1001      20   0 7431016 481488  52528 S 396.0   3.0  21:43.34 application
  46130 1001      20   0 7431016 482280  52528 S 401.0   3.0  21:47.35 application
  46130 1001      20   0 7432040 483068  52528 S 400.0   3.0  21:51.35 application
  46130 1001      20   0 7399