  46130 1001      20   0 4655820 383940  52528 S   0.0   2.4  10:39.23 application
  46130 1001      20   0 4979432 387372  52528 S 397.0   2.4  10:43.20 application
  46130 1001      20   0 4979432 387896  52528 S 402.0   2.4  10:47.22 application
  46130 1001      20   0 4979432 388424  52528 S 403.0   2.4  10:51.25 application
  46130 1001      20   0 5646092 391856  52528 S 399.0   2.4  10:55.24 application
  46130 1001      20   0 5794580 393176  52528 S 402.0   2.4  10:59.26 application
  46130 1001      20   0 5795604 393700  52528 S 400.0   2.4  11:03.26 application
  46130 1001      20   0 5795604 393964  52528 S 400.0   2.4  11:07.26 application
  46130 1001      20   0 5795604 394224  52528 S 396.0   2.4  11:11.26 application
  46130 1001      20   0 5795604 394224  52528 S 401.0   2.4  11:15.27 application
  46130 1001      20   0 5796628 394752  52528 S 401.0   2.4  11:19.28 application
  46130 1001      20   0 5796628 395016  52528 S 399.0   2.4  11:23.27 application
  46130 1001      20   0 6534972 395804  52528 S 396.0   2.4  11:27.23 application
  46130 1001      20   0 6538044 399500  52528 S 405.0   2.4  11:31.28 application
  46130 1001      20   0 6539068 399764  52528 S 400.0   2.5  11:35.28 application
  46130 1001      20   0 6539068 400024  52528 S 400.0   2.5  11:39.28 application
  46130 1001      20   0 6687556 400812  52528 S 401.0   2.5  11:43.29 application
  46130 1001      20   0 6687556 401076  52528 S 400.0   2.5  11:47.29 application
  46130 1001      20   0 6688580 401600  52528 S 396.0   2.5  11:51.29 application
  46130 1001      20   0 6688580 401864  52528 S 400.0   2.5  11:55.29 application
  46130 1001      20   0 6688580 402128  52528 S 400.0   2.5  11:59.29 application
  46130 1001      20   0 6689604 402392  52528 S 400.0   2.5  12:03.29 application
  46130 1001      20   0 6689604 402656  52528 S 400.0   2.5  12:07.29 application
  46130 1001      20   0 6689604 402920  52528 S 400.0   2.5  12:11.29 application
  46130 1001      20   0 6690628 402920  52528 S 399.0   2.5  12:15.28 application
  46130 1001      20   0 6690628 403440  52528 S 397.0   2.5  12:19.29 application
  46130 1001      20   0 6690628 403700  52528 S 400.0   2.5  12:23.29 application
  46130 1001      20   0 6691652 403960  52528 S 400.0   2.5  12:27.29 application
  46130 1001      20   0 6691652 404220  52528 S 400.0   2.5  12:31.29 application
  46130 1001      20   0 6691652 404740  52528 S 400.0   2.5  12:35.29 application
  46130 1001      20   0 6692676 405004  52528 S 399.0   2.5  12:39.28 application
  46130 1001      20   0 6692676 405268  52528 S 401.0   2.5  12:43.29 application
  46130 1001      20   0 6692676 405532  52528 S 400.0   2.5  12:47.29 application
  46130 1001      20   0 6693700 406060  52528 S 396.0   2.5  12:51.29 application
  46130 1001      20   0 6693700 406848  52528 S 399.0   2.5  12:55.28 application
  46130 1001      20   0 6694724 407376  52528 S 401.0   2.5  12:59.29 application
  46130 1001      20   0 6694724 407640  52528 S 399.0   2.5  13:03.28 application
  46130 1001      20   0 6695748 408432  52528 S 401.0   2.5  13:07.29 application
  46130 1001      20   0 6695748 408696  52528 S 400.0   2.5  13:11.29 application
  46130 1001      20   0 6696772 409220  52528 S 399.0   2.5  13:15.28 application
  46130 1001      20   0 6697796 410012  52528 S 401.0   2.5  13:19.29 application
  46130 1001      20   0 6697796 410276  52528 S 396.0   2.5  13:23.29 application
  46130 1001      20   0 6698820 411068  52528 S 400.0   2.5  13:27.29 application
  46130 1001      20   0 6698820 411068  52528 S 400.0   2.5  13:31.29 application
  46130 1001      20   0 6698820 411596  52528 S 400.0   2.5  13:35.29 application
  46130 1001      20   0 6698820 411596  52528 S 400.0   2.5  13:39.29 application
  46130 1001      20   0 6683452 413464  52528 S 400.0   2.5  13:43.29 application
  46130 1001      20   0 6684476 413988  52528 S 399.0   2.5  13:47.28 application
  46130 1001      20   0 6684476 414248  52528 S 397.0   2.5  13:51.29 application
  46130 1001      20   0 6684