  19375 1001      20   0 1345964 374468  46612 S   0.0   2.3   5:49.90 application
  19375 1001      20   0 1346988 375524  46612 S 269.0   2.3   5:52.59 application
  19375 1001      20   0 1348012 376316  46612 S 278.0   2.3   5:55.37 application
  19375 1001      20   0 1349036 377108  46612 S 295.0   2.3   5:58.32 application
  19375 1001      20   0 1349036 377636  46612 S 271.0   2.3   6:01.03 application
  19375 1001      20   0 1349036 377900  46612 S 285.0   2.3   6:03.88 application
  19375 1001      20   0 1350060 378428  46612 S 287.0   2.3   6:06.75 application
  19375 1001      20   0 1351084 378956  46612 S 282.2   2.3   6:09.60 application
  19375 1001      20   0 1351084 379220  46612 S 272.0   2.3   6:12.32 application
  19375 1001      20   0 1352108 379748  46612 S 286.0   2.3   6:15.18 application
  19375 1001      20   0 1352108 380276  46612 S 271.0   2.3   6:17.89 application
  19375 1001      20   0 1353132 380804  46612 S 277.0   2.3   6:20.66 application
  19375 1001      20   0 1354156 381860  46612 S 292.0   2.3   6:23.58 application
  19375 1001      20   0 1354156 382388  46612 S 283.0   2.3   6:26.41 application
  19375 1001      20   0 1355180 383180  46612 S 290.0   2.3   6:29.31 application
  19375 1001      20   0 1355180 383708  46612 S 290.0   2.4   6:32.21 application
  19375 1001      20   0 1356204 383972  46612 S 292.0   2.4   6:35.13 application
  19375 1001      20   0 1356204 384764  46612 S 288.1   2.4   6:38.04 application
  19375 1001      20   0 1357228 385028  46612 S 306.0   2.4   6:41.10 application
  19375 1001      20   0 1357228 385556  46612 S 289.0   2.4   6:43.99 application
  19375 1001      20   0 1358252 386612  46612 S 291.0   2.4   6:46.90 application
  19375 1001      20   0 1359276 387140  46612 S 299.0   2.4   6:49.89 application
  19375 1001      20   0 1359276 387932  46612 S 288.0   2.4   6:52.77 application
  19375 1001      20   0 1360300 388196  46612 S 301.0   2.4   6:55.78 application
  19375 1001      20   0 1360300 388724  46612 S 297.0   2.4   6:58.75 application
  19375 1001      20   0 1361324 389252  46612 S 305.0   2.4   7:01.80 application
  19375 1001      20   0 1361324 390044  46612 S 299.0   2.4   7:04.79 application
  19375 1001      20   0 1362348 390308  46612 S 304.0   2.4   7:07.86 application
  19375 1001      20   0 1362348 390572  46612 S 297.0   2.4   7:10.83 application
  19375 1001      20   0 1363372 391100  46612 S 291.0   2.4   7:13.74 application
  19375 1001      20   0 1363372 391364  46612 S 289.0   2.4   7:16.63 application
  19375 1001      20   0 1364396 392420  46612 S 293.0   2.4   7:19.56 application
  19375 1001      20   0 1365420 393212  46612 S 285.0   2.4   7:22.41 application
  19375 1001      20   0 1365420 393740  46612 S 279.0   2.4   7:25.20 application
  19375 1001      20   0 1366444 394532  46612 S 287.0   2.4   7:28.07 application
  19375 1001      20   0 1366444 394796  46612 S 295.0   2.4   7:31.02 application
  19375 1001      20   0 1367468 395588  46612 S 287.0   2.4   7:33.89 application
  19375 1001      20   0 1368492 396380  46612 S 285.1   2.4   7:36.77 application
  19375 1001      20   0 1368492 396380  46612 S 296.0   2.4   7:39.73 application
  19375 1001      20   0 1368492 396908  46612 S 295.0   2.4   7:42.68 application
  19375 1001      20   0 1369516 397172  46612 S 284.0   2.4   7:45.52 application
  19375 1001      20   0 1369516 397700  46612 S 280.0   2.4   7:48.32 application
  19375 1001      20   0 1370540 398756  46612 S 287.0   2.4   7:51.19 application
  19375 1001      20   0 1371564 399284  46612 S 288.0   2.4   7:54.07 application
  19375 1001      20   0 1371564 400076  46612 S 300.0   2.5   7:57.07 application
  19375 1001      20   0 1371564 400340  46612 S 280.0   2.5   7:59.87 application
  19375 1001      20   0 1372588 401132  46612 S 293.0   2.5   8:02.80 application
  19375 1001      20   0 1373612 401660  46612 S 275.2   2.5   8:05.58 application
  19375 1001      20   0 1373612 402452  46612 S 282.0   2.5   8:08.40 application
  19375 1001      20   0 1374