  19706 1001      20   0 7181140 476232  52948 S  33.3   2.9  22:16.22 application
  19706 1001      20   0 7182164 477024  52948 S 396.0   2.9  22:20.18 application
  19706 1001      20   0 7183188 477552  52948 S 404.0   2.9  22:24.22 application
  19706 1001      20   0 7183188 478344  52948 S 401.0   2.9  22:28.23 application
  19706 1001      20   0 7185236 480584  52948 S 403.0   2.9  22:32.26 application
  19706 1001      20   0 7186260 481112  52948 S 401.0   3.0  22:36.27 application
  19706 1001      20   0 7186260 481640  52948 S 398.0   3.0  22:40.29 application
  19706 1001      20   0 7187284 482428  52948 S 397.0   3.0  22:44.26 application
  19706 1001      20   0 7187284 483220  52948 S 403.0   3.0  22:48.29 application
  19706 1001      20   0 7188308 483812  52948 S 404.0   3.0  22:52.33 application
  19706 1001      20   0 7188308 484340  52948 S 399.0   3.0  22:56.32 application
  19706 1001      20   0 7189332 484864  52948 S 397.0   3.0  23:00.29 application
  19706 1001      20   0 7189332 485392  52948 S 406.0   3.0  23:04.35 application
  19706 1001      20   0 7190356 486184  52948 S 401.0   3.0  23:08.36 application
  19706 1001      20   0 7191380 486712  52948 S 403.0   3.0  23:12.39 application
  19706 1001      20   0 7191380 487240  52948 S 395.0   3.0  23:16.34 application
  19706 1001      20   0 7192404 487500  52948 S 400.0   3.0  23:20.38 application
  19706 1001      20   0 7954312 488292  52948 S 401.0   3.0  23:24.39 application
  19706 1001      20   0 7959432 493572  52948 S 400.0   3.0  23:28.39 application
  19706 1001      20   0 7960456 494364  52948 S 398.0   3.0  23:32.37 application
  19706 1001      20   0 7960456 494892  52948 S 401.0   3.0  23:36.38 application
  19706 1001      20   0 7960456 495416  52948 S 402.0   3.0  23:40.40 application
  19706 1001      20   0 7961480 495680  52948 S 404.0   3.0  23:44.44 application
  19706 1001      20   0 7961480 496736  52948 S 396.0   3.0  23:48.40 application
  19706 1001      20   0 7962504 497000  52948 S 403.0   3.0  23:52.43 application
  19706 1001      20   0 7963528 497524  52948 S 400.0   3.1  23:56.43 application
  19706 1001      20   0 7963528 498052  52948 S 395.0   3.1  24:00.42 application
  19706 1001      20   0 7964552 498844  52948 S 403.0   3.1  24:04.45 application
  19706 1001      20   0 7964552 499372  52948 S 399.0   3.1  24:08.44 application
  19706 1001      20   0 7965576 499896  52948 S 401.0   3.1  24:12.45 application
  19706 1001      20   0 7966600 500688  52948 S 400.0   3.1  24:16.45 application
  19706 1001      20   0 7966600 500688  52948 S 400.0   3.1  24:20.45 application
  19706 1001      20   0 7967624 501480  52948 S 400.0   3.1  24:24.45 application
  19706 1001      20   0 7967624 501744  52948 S 399.0   3.1  24:28.44 application
  19706 1001      20   0 7968648 502272  52948 S 401.0   3.1  24:32.45 application
  19706 1001      20   0 7968648 502796  52948 S 399.0   3.1  24:36.44 application
  19706 1001      20   0 7969672 503324  52948 S 397.0   3.1  24:40.45 application
  19706 1001      20   0 7969672 503852  52948 S 400.0   3.1  24:44.45 application
  19706 1001      20   0 7970696 504380  52948 S 400.0   3.1  24:48.45 application
  19706 1001      20   0 7971720 504908  52948 S 400.0   3.1  24:52.45 application
  19706 1001      20   0 7971720 505696  52948 S 400.0   3.1  24:56.45 application
  19706 1001      20   0 7972744 506224  52948 S 400.0   3.1  25:00.45 application
  19706 1001      20   0 7972744 506748  52948 S 400.0   3.1  25:04.45 application
  19706 1001      20   0 7973768 507536  52948 S 400.0   3.1  25:08.45 application
  19706 1001      20   0 7974792 508328  52948 S 395.0   3.1  25:12.44 application
  19706 1001      20   0 7974792 508856  52948 S 401.0   3.1  25:16.45 application
  19706 1001      20   0 7975816 509384  52948 S 399.0   3.1  25:20.44 application
  19706 1001      20   0 7934836 511188  52948 S 401.0   3.1  25:24.45 application
  19706 1001      20   0 7935860 511976  52948 S 400.0   3.1  25:28.45 application
  19706 1001      20   0 7936