  19375 1001      20   0 1380780 408788  46612 S   0.0   2.5   8:42.49 application
  19375 1001      20   0 1381804 409844  46612 S 347.0   2.5   8:45.96 application
  19375 1001      20   0 1381804 410108  46612 S 378.0   2.5   8:49.74 application
  19375 1001      20   0 1381804 410636  46612 S 378.2   2.5   8:53.56 application
  19375 1001      20   0 1382828 410636  46612 S 377.0   2.5   8:57.33 application
  19375 1001      20   0 1382828 410636  46612 S 376.0   2.5   9:01.09 application
  19375 1001      20   0 1382828 410900  46612 S 375.0   2.5   9:04.84 application
  19375 1001      20   0 1382828 411428  46612 S 376.0   2.5   9:08.60 application
  19375 1001      20   0 1383852 411428  46612 S 373.0   2.5   9:12.33 application
  19375 1001      20   0 1383852 411692  46612 S 381.0   2.5   9:16.14 application
  19375 1001      20   0 1383852 411692  46612 S 373.0   2.5   9:19.87 application
  19375 1001      20   0 1383852 412220  46612 S 383.0   2.5   9:23.70 application
  19375 1001      20   0 1384876 412484  46612 S 380.0   2.5   9:27.50 application
  19375 1001      20   0 1384876 413012  46612 S 380.2   2.5   9:31.34 application
  19375 1001      20   0 1384876 413540  46612 S 379.0   2.5   9:35.13 application
  19375 1001      20   0 1384876 413804  46612 S 380.0   2.5   9:38.93 application
  19375 1001      20   0 1385900 413804  46612 S 381.0   2.5   9:42.74 application
  19375 1001      20   0 1385900 414332  46612 S 379.0   2.5   9:46.53 application
  19375 1001      20   0 1385900 414596  46612 S 379.0   2.5   9:50.32 application
  19375 1001      20   0 1385900 414596  46612 S 384.0   2.5   9:54.16 application
  19375 1001      20   0 1386924 415180  46672 S 376.0   2.5   9:57.92 application
  19375 1001      20   0 1386924 415180  46672 S 379.0   2.5  10:01.71 application
  19375 1001      20   0 1386924 415444  46672 S 385.0   2.5  10:05.56 application
  19375 1001      20   0 1387948 415972  46672 S 375.2   2.6  10:09.35 application
  19375 1001      20   0 1387948 416500  46672 S 377.0   2.6  10:13.12 application
  19375 1001      20   0 1387948 416500  46672 S 373.0   2.6  10:16.85 application
  19375 1001      20   0 1388972 416764  46672 S 380.0   2.6  10:20.65 application
  19375 1001      20   0 1388972 417292  46672 S 382.0   2.6  10:24.47 application
  19375 1001      20   0 1389996 417820  46672 S 378.0   2.6  10:28.25 application
  19375 1001      20   0 1389996 417820  46672 S 370.0   2.6  10:31.95 application
  19375 1001      20   0 1389996 418612  46672 S 377.0   2.6  10:35.72 application
  19375 1001      20   0 1389996 418876  46672 S 383.0   2.6  10:39.55 application
  19375 1001      20   0 1391020 418876  46672 S 376.0   2.6  10:43.31 application
  19375 1001      20   0 1391020 419140  46672 S 370.3   2.6  10:47.05 application
  19375 1001      20   0 1391020 419404  46672 S 378.0   2.6  10:50.83 application
  19375 1001      20   0 1392044 419668  46672 S 376.0   2.6  10:54.59 application
  19375 1001      20   0 1392044 419668  46672 S 378.0   2.6  10:58.37 application
  19375 1001      20   0 1392044 419668  46672 S 384.0   2.6  11:02.21 application
  19375 1001      20   0 1392044 419932  46672 S 383.0   2.6  11:06.04 application
  19375 1001      20   0 1392044 420460  46672 S 381.0   2.6  11:09.85 application
  19375 1001      20   0 1393068 420988  46672 S 379.0   2.6  11:13.64 application
  19375 1001      20   0 1393068 421252  46672 S 382.0   2.6  11:17.46 application
  19375 1001      20   0 1393068 421780  46672 S 385.0   2.6  11:21.31 application
  19375 1001      20   0 1393068 421780  46672 S 376.2   2.6  11:25.11 application
  19375 1001      20   0 1394092 421780  46672 S 379.0   2.6  11:28.90 application
  19375 1001      20   0 1394092 422044  46672 S 380.0   2.6  11:32.70 application
  19375 1001      20   0 1394092 422308  46672 S 376.0   2.6  11:36.46 application
  19375 1001      20   0 1394092 422836  46672 S 371.0   2.6  11:40.17 application
  19375 1001      20   0 1395116 423364  46672 S 381.0   2.6  11:43.98 application
  19375 1001      20   0 1395