  19375 1001      20   0 1426860 455572  46672 S   0.0   2.8  16:19.08 application
  19375 1001      20   0 1428908 457948  46672 S 371.0   2.8  16:22.79 application
  19375 1001      20   0 1429932 458212  46672 S 397.0   2.8  16:26.76 application
  19375 1001      20   0 1429932 458476  46672 S 402.0   2.8  16:30.78 application
  19375 1001      20   0 1430956 458740  46672 S 402.0   2.8  16:34.80 application
  19375 1001      20   0 1431980 459532  46672 S 395.0   2.8  16:38.75 application
  19375 1001      20   0 1431980 460324  46672 S 402.0   2.8  16:42.77 application
  19375 1001      20   0 1434028 461644  46672 S 401.0   2.8  16:46.78 application
  19375 1001      20   0 1434028 462436  46672 S 402.0   2.8  16:50.80 application
  19375 1001      20   0 1436076 464284  46672 S 400.0   2.8  16:54.84 application
  19375 1001      20   0 1437100 465076  46672 S 400.0   2.9  16:58.84 application
  19375 1001      20   0 1439148 466660  46672 S 396.0   2.9  17:02.80 application
  19375 1001      20   0 1439148 467452  46672 S 401.0   2.9  17:06.81 application
  19375 1001      20   0 1440172 468244  46672 S 400.0   2.9  17:10.81 application
  19375 1001      20   0 1441196 469300  46672 S 402.0   2.9  17:14.83 application
  19375 1001      20   0 1442220 470092  46672 S 401.0   2.9  17:18.84 application
  19375 1001      20   0 1443244 470884  46672 S 395.0   2.9  17:22.79 application
  19375 1001      20   0 1443244 471148  46672 S 401.0   2.9  17:26.80 application
  19375 1001      20   0 1444268 471676  46672 S 404.0   2.9  17:30.84 application
  19375 1001      20   0 1444268 472732  46672 S 392.1   2.9  17:34.80 application
  19375 1001      20   0 1445292 473524  46672 S 400.0   2.9  17:38.80 application
  19375 1001      20   0 1446316 474052  46672 S 399.0   2.9  17:42.79 application
  19375 1001      20   0 1446316 474844  46672 S 398.0   2.9  17:46.77 application
  19375 1001      20   0 1447340 475636  46672 S 399.0   2.9  17:50.76 application
  19375 1001      20   0 1448364 476164  46672 S 403.0   2.9  17:54.79 application
  19375 1001      20   0 1448364 476956  46672 S 400.0   2.9  17:58.79 application
  19375 1001      20   0 1449388 477748  46672 S 396.0   2.9  18:02.75 application
  19375 1001      20   0 1450412 478540  46672 S 402.0   2.9  18:06.77 application
  19375 1001      20   0 1451436 479068  46672 S 398.0   2.9  18:10.75 application
  19375 1001      20   0 1451436 479860  46672 S 394.1   2.9  18:14.73 application
  19375 1001      20   0 1452460 480388  46672 S 399.0   2.9  18:18.72 application
  19375 1001      20   0 1452460 480652  46672 S 401.0   2.9  18:22.73 application
  19375 1001      20   0 1453484 482236  46672 S 401.0   3.0  18:26.74 application
  19375 1001      20   0 1455532 483820  46672 S 400.0   3.0  18:30.74 application
  19375 1001      20   0 1456556 484612  46672 S 400.0   3.0  18:34.74 application
  19375 1001      20   0 1456556 485668  46672 S 401.0   3.0  18:38.75 application
  19375 1001      20   0 1457580 486460  46672 S 401.0   3.0  18:42.76 application
  19375 1001      20   0 1458604 487252  46672 S 400.0   3.0  18:46.76 application
  19375 1001      20   0 1458604 487780  46672 S 399.0   3.0  18:50.75 application
  19375 1001      20   0 1459628 487780  46672 S 397.0   3.0  18:54.76 application
  19375 1001      20   0 1459628 488044  46672 S 400.0   3.0  18:58.76 application
  19375 1001      20   0 1460652 488308  46672 S 395.0   3.0  19:02.71 application
  19375 1001      20   0 1460652 489100  46672 S 400.0   3.0  19:06.71 application
  19375 1001      20   0 1462700 490684  46672 S 402.0   3.0  19:10.73 application
  19375 1001      20   0 1463724 492004  46672 S 400.0   3.0  19:14.73 application
  19375 1001      20   0 1464748 493060  46672 S 401.0   3.0  19:18.74 application
  19375 1001      20   0 1465772 493852  46672 S 400.0   3.0  19:22.74 application
  19375 1001      20   0 1465772 494644  46672 S 400.0   3.0  19:26.74 application
  19375 1001      20   0 1466796 495436  46672 S 402.0   3.0  19:30.76 application
  19375 1001      20   0 1467