  13420 root      20   0   13.6g 718524  29040 S 140.0   4.4  15:49.15 java
  13420 root      20   0   13.6g 719820  29040 S 398.0   4.4  15:53.13 java
  13420 root      20   0   13.6g 719820  29040 S 399.0   4.4  15:57.12 java
  13420 root      20   0   13.6g 719820  29040 S 398.0   4.4  16:01.10 java
  13420 root      20   0   13.6g 719820  29040 S 400.0   4.4  16:05.10 java
  13420 root      20   0   13.6g 719820  29040 S 397.0   4.4  16:09.07 java
  13420 root      20   0   13.6g 719820  29040 S 399.0   4.4  16:13.06 java
  13420 root      20   0   13.6g 719820  29040 S 400.0   4.4  16:17.06 java
  13420 root      20   0   13.6g 719820  29040 S 397.0   4.4  16:21.03 java
  13420 root      20   0   13.6g 719820  29040 S 396.0   4.4  16:25.03 java
  13420 root      20   0   13.6g 719820  29040 S 398.0   4.4  16:29.01 java
  13420 root      20   0   13.6g 719820  29040 S 397.0   4.4  16:32.98 java
  13420 root      20   0   13.6g 719820  29040 S 399.0   4.4  16:36.97 java
  13420 root      20   0   13.6g 719820  29040 S 399.0   4.4  16:40.96 java
  13420 root      20   0   13.6g 719820  29040 S 398.0   4.4  16:44.94 java
  13420 root      20   0   13.6g 719916  29040 S 395.0   4.4  16:48.89 java
  13420 root      20   0   13.6g 720024  29040 S 398.0   4.4  16:52.87 java
  13420 root      20   0   13.6g 720024  29040 S 400.0   4.4  16:56.87 java
  13420 root      20   0   13.6g 720024  29040 S 396.0   4.4  17:00.87 java
  13420 root      20   0   13.6g 720992  29040 S 400.0   4.4  17:04.87 java
  13420 root      20   0   13.6g 720992  29040 S 402.0   4.4  17:08.89 java
  13420 root      20   0   13.6g 720992  29040 S 399.0   4.4  17:12.88 java
  13420 root      20   0   13.6g 720992  29040 S 399.0   4.4  17:16.87 java
  13420 root      20   0   13.6g 720992  29040 S 399.0   4.4  17:20.86 java
  13420 root      20   0   13.6g 720992  29040 S 401.0   4.4  17:24.87 java
  13420 root      20   0   13.6g 720992  29040 S 399.0   4.4  17:28.86 java
  13420 root      20   0   13.6g 721856  29040 S 398.0   4.4  17:32.84 java
  13420 root      20   0   13.6g 726004  29040 S 399.0   4.5  17:36.83 java
  13420 root      20   0   13.6g 726004  29040 S 398.0   4.5  17:40.81 java
  13420 root      20   0   13.6g 726004  29040 S 396.0   4.5  17:44.81 java
  13420 root      20   0   13.6g 726004  29040 S 398.0   4.5  17:48.79 java
  13420 root      20   0   13.6g 726108  29040 S 399.0   4.5  17:52.78 java
  13420 root      20   0   13.6g 726108  29040 S 398.0   4.5  17:56.76 java
  13420 root      20   0   13.6g 726108  29040 S 399.0   4.5  18:00.75 java
  13420 root      20   0   13.6g 726108  29040 S 399.0   4.5  18:04.74 java
  13420 root      20   0   13.6g 726108  29040 S 399.0   4.5  18:08.73 java
  13420 root      20   0   13.6g 726108  29040 S 399.0   4.5  18:12.72 java
  13420 root      20   0   13.6g 726108  29040 S 400.0   4.5  18:16.72 java
  13420 root      20   0   13.6g 726108  29040 S 401.0   4.5  18:20.73 java
  13420 root      20   0   13.6g 726108  29040 S 395.0   4.5  18:24.72 java
  13420 root      20   0   13.6g 726108  29040 S 399.0   4.5  18:28.71 java
  13420 root      20   0   13.6g 726108  29040 S 396.0   4.5  18:32.67 java
  13420 root      20   0   13.6g 726108  29040 S 399.0   4.5  18:36.66 java
  13420 root      20   0   13.6g 726108  29040 S 398.0   4.5  18:40.64 java
  13420 root      20   0   13.6g 726108  29040 S 399.0   4.5  18:44.63 java
  13420 root      20   0   13.6g 726312  29040 S 398.0   4.5  18:48.61 java
  13420 root      20   0   13.6g 726312  29040 S 398.0   4.5  18:52.59 java
  13420 root      20   0   13.6g 726312  29040 S 399.0   4.5  18:56.58 java
  13420 root      20   0   13.6g 726312  29040 S 394.1   4.5  19:00.56 java
  13420 root      20   0   13.6g 726392  29040 S 398.0   4.5  19:04.54 java
  13420 root      20   0   13.6g 726392  29040 S 398.0   4.5  19:08.52 java
  13420 root      20   0   13.6g 726392  29040 S 398.0   4.5  19:12.50 java
  13420 root      20   0   13.6g 726392  29040 S 399.0   4.5  19:16.49 java
  13420 root      20   0   13.6g 726392  29040 S 396.0   4.5  19:20.