  13420 root      20   0   13.6g 729460  29040 S 120.0   4.5  23:47.87 java
  13420 root      20   0   13.6g 729460  29040 S 342.6   4.5  23:51.33 java
  13420 root      20   0   13.6g 729460  29040 S 413.0   4.5  23:55.46 java
  13420 root      20   0   13.6g 729460  29040 S 400.0   4.5  23:59.46 java
  13420 root      20   0   13.6g 729740  29040 S 400.0   4.5  24:03.46 java
  13420 root      20   0   13.6g 729740  29040 S 400.0   4.5  24:07.46 java
  13420 root      20   0   13.6g 729740  29040 S 400.0   4.5  24:11.46 java
  13420 root      20   0   13.6g 729916  29040 S 400.0   4.5  24:15.46 java
  13420 root      20   0   13.6g 730036  29040 S 400.0   4.5  24:19.46 java
  13420 root      20   0   13.6g 730036  29040 S 400.0   4.5  24:23.46 java
  13420 root      20   0   13.6g 730132  29040 S 401.0   4.5  24:27.47 java
  13420 root      20   0   13.6g 730240  29040 S 395.0   4.5  24:31.46 java
  13420 root      20   0   13.6g 730240  29040 S 400.0   4.5  24:35.46 java
  13420 root      20   0   13.6g 730240  29040 S 400.0   4.5  24:39.46 java
  13420 root      20   0   13.6g 730360  29040 S 400.0   4.5  24:43.46 java
  13420 root      20   0   13.6g 730360  29040 S 400.0   4.5  24:47.46 java
  13420 root      20   0   13.6g 730360  29040 S 401.0   4.5  24:51.47 java
  13420 root      20   0   13.6g 730360  29040 S 399.0   4.5  24:55.46 java
  13420 root      20   0   13.6g 730360  29040 S 396.0   4.5  24:59.46 java
  13420 root      20   0   13.6g 730360  29040 S 400.0   4.5  25:03.46 java
  13420 root      20   0   13.6g 730360  29040 S 400.0   4.5  25:07.46 java
  13420 root      20   0   13.6g 730720  29040 S 400.0   4.5  25:11.46 java
  13420 root      20   0   13.6g 730720  29040 S 400.0   4.5  25:15.46 java
  13420 root      20   0   13.6g 730720  29040 S 400.0   4.5  25:19.46 java
  13420 root      20   0   13.6g 730720  29040 S 400.0   4.5  25:23.46 java
  13420 root      20   0   13.6g 731468  29040 S 400.0   4.5  25:27.46 java
  13420 root      20   0   13.6g 731708  29040 S 396.0   4.5  25:31.46 java
  13420 root      20   0   13.6g 731708  29040 S 400.0   4.5  25:35.46 java
  13420 root      20   0   13.6g 731708  29040 S 400.0   4.5  25:39.46 java
  13420 root      20   0   13.6g 731708  29040 S 400.0   4.5  25:43.46 java
  13420 root      20   0   13.6g 731708  29040 S 400.0   4.5  25:47.46 java
  13420 root      20   0   13.6g 731708  29040 S 400.0   4.5  25:51.46 java
  13420 root      20   0   13.6g 731708  29040 S 400.0   4.5  25:55.46 java
  13420 root      20   0   13.6g 731708  29040 S 396.0   4.5  25:59.46 java
  13420 root      20   0   13.6g 731708  29040 S 402.0   4.5  26:03.48 java
  13420 root      20   0   13.6g 731708  29040 S 400.0   4.5  26:07.48 java
  13420 root      20   0   13.6g 731708  29040 S 402.0   4.5  26:11.50 java
  13420 root      20   0   13.6g 731708  29040 S 400.0   4.5  26:15.50 java
  13420 root      20   0   13.6g 731708  29040 S 401.0   4.5  26:19.51 java
  13420 root      20   0   13.6g 731708  29040 S 401.0   4.5  26:23.52 java
  13420 root      20   0   13.6g 731708  29040 S 400.0   4.5  26:27.52 java
  13420 root      20   0   13.6g 731708  29040 S 401.0   4.5  26:31.53 java
  13420 root      20   0   13.6g 731816  29040 S 401.0   4.5  26:35.54 java
  13420 root      20   0   13.6g 731816  29040 S 400.0   4.5  26:39.54 java
  13420 root      20   0   13.6g 731816  29040 S 399.0   4.5  26:43.57 java
  13420 root      20   0   13.6g 731816  29040 S 399.0   4.5  26:47.56 java
  13420 root      20   0   13.6g 731816  29040 S 401.0   4.5  26:51.57 java
  13420 root      20   0   13.6g 731816  29040 S 400.0   4.5  26:55.57 java
  13420 root      20   0   13.6g 731816  29040 S 402.0   4.5  26:59.59 java
  13420 root      20   0   13.6g 731816  29040 S 401.0   4.5  27:03.60 java
  13420 root      20   0   13.6g 731816  29040 S 401.0   4.5  27:07.61 java
  13420 root      20   0   13.6g 731816  29040 S 402.0   4.5  27:11.63 java
  13420 root      20   0   13.6g 731816  29040 S 401.0   4.5  27:15.64 java
  13420 root      20   0   13.6g 731816  29040 S 398.0   4.5  27:19.