  13420 root      20   0   13.6g 733092  29040 S   6.7   4.5  27:47.06 java
  13420 root      20   0   13.6g 733092  29040 S 403.0   4.5  27:51.09 java
  13420 root      20   0   13.6g 733092  29040 S 403.0   4.5  27:55.12 java
  13420 root      20   0   13.6g 733092  29040 S 400.0   4.5  27:59.12 java
  13420 root      20   0   13.6g 733092  29040 S 399.0   4.5  28:03.11 java
  13420 root      20   0   13.6g 733092  29040 S 398.0   4.5  28:07.09 java
  13420 root      20   0   13.6g 733092  29040 S 404.0   4.5  28:11.13 java
  13420 root      20   0   13.6g 733092  29040 S 401.0   4.5  28:15.14 java
  13420 root      20   0   13.6g 733092  29040 S 392.1   4.5  28:19.10 java
  13420 root      20   0   13.6g 733092  29040 S 400.0   4.5  28:23.10 java
  13420 root      20   0   13.6g 736492  29040 S 403.0   4.5  28:27.13 java
  13420 root      20   0   13.6g 736492  29040 S 400.0   4.5  28:31.13 java
  13420 root      20   0   13.6g 736596  29040 S 401.0   4.5  28:35.14 java
  13420 root      20   0   13.6g 736596  29040 S 399.0   4.5  28:39.13 java
  13420 root      20   0   13.6g 736596  29040 S 401.0   4.5  28:43.14 java
  13420 root      20   0   13.6g 736852  29040 S 399.0   4.5  28:47.13 java
  13420 root      20   0   13.6g 736852  29040 S 401.0   4.5  28:51.14 java
  13420 root      20   0   13.6g 736852  29040 S 397.0   4.5  28:55.15 java
  13420 root      20   0   13.6g 736852  29040 S 399.0   4.5  28:59.14 java
  13420 root      20   0   13.6g 736956  29040 S 401.0   4.5  29:03.15 java
  13420 root      20   0   13.6g 737040  29040 S 399.0   4.5  29:07.14 java
  13420 root      20   0   13.6g 737040  29040 S 400.0   4.5  29:11.14 java
  13420 root      20   0   13.6g 737040  29040 S 400.0   4.5  29:15.14 java
  13420 root      20   0   13.6g 737040  29040 S 401.0   4.5  29:19.15 java
  13420 root      20   0   13.6g 737040  29040 S 400.0   4.5  29:23.15 java
  13420 root      20   0   13.6g 737040  29040 S 396.0   4.5  29:27.15 java
  13420 root      20   0   13.6g 737040  29040 S 399.0   4.5  29:31.14 java
  13420 root      20   0   13.6g 737040  29040 S 400.0   4.5  29:35.14 java
  13420 root      20   0   13.6g 737040  29040 S 400.0   4.5  29:39.14 java
  13420 root      20   0   13.6g 737040  29040 S 401.0   4.5  29:43.15 java
  13420 root      20   0   13.6g 737040  29040 S 400.0   4.5  29:47.15 java
  13420 root      20   0   13.6g 737700  29040 S 400.0   4.5  29:51.15 java
  13420 root      20   0   13.6g 737700  29040 S 400.0   4.5  29:55.15 java
  13420 root      20   0   13.6g 737700  29040 S 396.0   4.5  29:59.15 java
  13420 root      20   0   13.6g 737700  29040 S 400.0   4.5  30:03.15 java
  13420 root      20   0   13.6g 737700  29040 S 400.0   4.5  30:07.15 java
  13420 root      20   0   13.6g 737948  29040 S 400.0   4.5  30:11.15 java
  13420 root      20   0   13.6g 737948  29040 S 400.0   4.5  30:15.15 java
  13420 root      20   0   13.6g 737948  29040 S 400.0   4.5  30:19.15 java
  13420 root      20   0   13.6g 737948  29040 S 400.0   4.5  30:23.15 java
  13420 root      20   0   13.6g 737948  29040 S 400.0   4.5  30:27.15 java
  13420 root      20   0   13.6g 810596  29040 S 396.0   5.0  30:31.15 java
  13420 root      20   0   13.6g 817792  29040 S 400.0   5.0  30:35.15 java
  13420 root      20   0   13.6g 817792  29040 S 400.0   5.0  30:39.15 java
  13420 root      20   0   13.6g 817792  29040 S 399.0   5.0  30:43.14 java
  13420 root      20   0   13.6g 817792  29040 S 400.0   5.0  30:47.14 java
  13420 root      20   0   13.6g 818056  29040 S 401.0   5.0  30:51.15 java
  13420 root      20   0   13.6g 818056  29040 S 399.0   5.0  30:55.14 java
  13420 root      20   0   13.6g 818056  29040 S 401.0   5.0  30:59.15 java
  13420 root      20   0   13.6g 818056  29040 S 400.0   5.0  31:03.15 java
  13420 root      20   0   13.6g 818056  29040 S 396.0   5.0  31:07.15 java
  13420 root      20   0   13.6g 818056  29040 S 400.0   5.0  31:11.15 java
  13420 root      20   0   13.6g 818056  29040 S 401.0   5.0  31:15.16 java
  13420 root      20   0   13.6g 818056  29040 S 401.0   5.0  31:19.