  13420 root      20   0   13.6g 821204  29040 S   0.0   5.0  35:47.00 java
  13420 root      20   0   13.6g 821204  29040 S 394.0   5.0  35:50.94 java
  13420 root      20   0   13.6g 821444  29040 S 402.0   5.0  35:54.96 java
  13420 root      20   0   13.6g 821444  29040 S 400.0   5.0  35:58.96 java
  13420 root      20   0   13.6g 821444  29040 S 400.0   5.0  36:02.96 java
  13420 root      20   0   13.6g 821444  29040 S 401.0   5.0  36:06.97 java
  13420 root      20   0   13.6g 821444  29040 S 399.0   5.0  36:11.00 java
  13420 root      20   0   13.6g 821444  29040 S 401.0   5.0  36:15.01 java
  13420 root      20   0   13.6g 821524  29040 S 401.0   5.0  36:19.02 java
  13420 root      20   0   13.6g 821524  29040 S 395.0   5.0  36:22.97 java
  13420 root      20   0   13.6g 821696  29040 S 405.0   5.0  36:27.02 java
  13420 root      20   0   13.6g 822044  29040 S 404.0   5.0  36:31.06 java
  13420 root      20   0   13.6g 822044  29040 S 398.0   5.0  36:35.04 java
  13420 root      20   0   13.6g 822044  29040 S 399.0   5.0  36:39.03 java
  13420 root      20   0   13.6g 822044  29040 S 401.0   5.0  36:43.04 java
  13420 root      20   0   13.6g 822044  29040 S 404.0   5.0  36:47.08 java
  13420 root      20   0   13.6g 822044  29040 S 401.0   5.0  36:51.09 java
  13420 root      20   0   13.6g 822044  29040 S 396.0   5.0  36:55.09 java
  13420 root      20   0   13.6g 822044  29040 S 403.0   5.0  36:59.12 java
  13420 root      20   0   13.6g 822044  29040 S 401.0   5.0  37:03.13 java
  13420 root      20   0   13.6g 822044  29040 S 398.0   5.0  37:07.11 java
  13420 root      20   0   13.6g 822044  29040 S 401.0   5.0  37:11.12 java
  13420 root      20   0   13.6g 822044  29040 S 398.0   5.0  37:15.10 java
  13420 root      20   0   13.6g 822044  29040 S 406.0   5.0  37:19.16 java
  13420 root      20   0   13.6g 822044  29040 S 401.0   5.0  37:23.17 java
  13420 root      20   0   13.6g 822044  29040 S 391.0   5.0  37:27.08 java
  13420 root      20   0   13.6g 822044  29040 S 407.0   5.0  37:31.15 java
  13420 root      20   0   13.6g 822196  29040 S 396.0   5.0  37:35.15 java
  13420 root      20   0   13.6g 822196  29040 S 403.0   5.0  37:39.18 java
  13420 root      20   0   13.6g 822196  29040 S 401.0   5.0  37:43.19 java
  13420 root      20   0   13.6g 822196  29040 S 396.0   5.0  37:47.15 java
  13420 root      20   0   13.6g 822196  29040 S 406.0   5.0  37:51.21 java
  13420 root      20   0   13.6g 822364  29040 S 396.0   5.0  37:55.17 java
  13420 root      20   0   13.6g 822364  29040 S 400.0   5.0  37:59.17 java
  13420 root      20   0   13.6g 822364  29040 S 404.0   5.0  38:03.21 java
  13420 root      20   0   13.6g 822364  29040 S 399.0   5.0  38:07.20 java
  13420 root      20   0   13.6g 822364  29040 S 397.0   5.0  38:11.21 java
  13420 root      20   0   13.6g 822364  29040 S 397.0   5.0  38:15.18 java
  13420 root      20   0   13.6g 822364  29040 S 404.0   5.0  38:19.22 java
  13420 root      20   0   13.6g 822364  29040 S 399.0   5.0  38:23.21 java
  13420 root      20   0   13.6g 822364  29040 S 400.0   5.0  38:27.21 java
  13420 root      20   0   13.6g 823064  29040 S 401.0   5.0  38:31.22 java
  13420 root      20   0   13.6g 823064  29040 S 400.0   5.0  38:35.22 java
  13420 root      20   0   13.6g 823216  29040 S 400.0   5.0  38:39.22 java
  13420 root      20   0   13.6g 823216  29040 S 400.0   5.0  38:43.22 java
  13420 root      20   0   13.6g 823340  29040 S 396.0   5.0  38:47.22 java
  13420 root      20   0   13.6g 823560  29040 S 400.0   5.0  38:51.22 java
  13420 root      20   0   13.6g 823560  29040 S 400.0   5.0  38:55.22 java
  13420 root      20   0   13.6g 823560  29040 S 399.0   5.0  38:59.21 java
  13420 root      20   0   13.6g 823560  29040 S 401.0   5.0  39:03.22 java
  13420 root      20   0   13.6g 823560  29040 S 400.0   5.0  39:07.22 java
  13420 root      20   0   13.6g 823560  29040 S 400.0   5.0  39:11.22 java
  13420 root      20   0   13.6g 823560  29040 S 399.0   5.0  39:15.21 java
  13420 root      20   0   13.6g 823560  29040 S 397.0   5.0  39:19.