  13420 root      20   0   13.6g 818416  29040 S 133.3   5.0  31:47.28 java
  13420 root      20   0   13.6g 818416  29040 S 414.0   5.0  31:51.42 java
  13420 root      20   0   13.6g 818416  29040 S 397.0   5.0  31:55.39 java
  13420 root      20   0   13.6g 818416  29040 S 405.0   5.0  31:59.44 java
  13420 root      20   0   13.6g 818416  29040 S 400.0   5.0  32:03.44 java
  13420 root      20   0   13.6g 818416  29040 S 402.0   5.0  32:07.46 java
  13420 root      20   0   13.6g 818416  29040 S 395.0   5.0  32:11.45 java
  13420 root      20   0   13.6g 818416  29040 S 405.0   5.0  32:15.50 java
  13420 root      20   0   13.6g 818416  29040 S 401.0   5.0  32:19.51 java
  13420 root      20   0   13.6g 818416  29040 S 399.0   5.0  32:23.50 java
  13420 root      20   0   13.6g 818416  29040 S 402.0   5.0  32:27.52 java
  13420 root      20   0   13.6g 818416  29040 S 398.0   5.0  32:31.50 java
  13420 root      20   0   13.6g 818660  29040 S 401.0   5.0  32:35.51 java
  13420 root      20   0   13.6g 818660  29040 S 403.0   5.0  32:39.54 java
  13420 root      20   0   13.6g 818660  29040 S 400.0   5.0  32:43.54 java
  13420 root      20   0   13.6g 818660  29040 S 398.0   5.0  32:47.52 java
  13420 root      20   0   13.6g 818660  29040 S 404.0   5.0  32:51.56 java
  13420 root      20   0   13.6g 818660  29040 S 393.1   5.0  32:55.53 java
  13420 root      20   0   13.6g 819424  29040 S 403.0   5.0  32:59.56 java
  13420 root      20   0   13.6g 819424  29040 S 398.0   5.0  33:03.54 java
  13420 root      20   0   13.6g 819556  29040 S 403.0   5.0  33:07.57 java
  13420 root      20   0   13.6g 819692  29040 S 401.0   5.0  33:11.58 java
  13420 root      20   0   13.6g 819692  29040 S 398.0   5.0  33:15.56 java
  13420 root      20   0   13.6g 819692  29040 S 404.0   5.0  33:19.60 java
  13420 root      20   0   13.6g 819692  29040 S 395.0   5.0  33:23.55 java
  13420 root      20   0   13.6g 819692  29040 S 404.0   5.0  33:27.59 java
  13420 root      20   0   13.6g 819856  29040 S 395.0   5.0  33:31.54 java
  13420 root      20   0   13.6g 819856  29040 S 397.0   5.0  33:35.55 java
  13420 root      20   0   13.6g 820372  29040 S 403.0   5.0  33:39.58 java
  13420 root      20   0   13.6g 820372  29040 S 400.0   5.0  33:43.58 java
  13420 root      20   0   13.6g 820372  29040 S 402.0   5.0  33:47.60 java
  13420 root      20   0   13.6g 820372  29040 S 399.0   5.0  33:51.59 java
  13420 root      20   0   13.6g 820372  29040 S 402.0   5.0  33:55.61 java
  13420 root      20   0   13.6g 820372  29040 S 399.0   5.0  33:59.60 java
  13420 root      20   0   13.6g 820372  29040 S 400.0   5.0  34:03.60 java
  13420 root      20   0   13.6g 820580  29040 S 400.0   5.0  34:07.60 java
  13420 root      20   0   13.6g 820580  29040 S 394.1   5.0  34:11.58 java
  13420 root      20   0   13.6g 820580  29040 S 402.0   5.0  34:15.60 java
  13420 root      20   0   13.6g 820580  29040 S 400.0   5.0  34:19.60 java
  13420 root      20   0   13.6g 820580  29040 S 399.0   5.0  34:23.59 java
  13420 root      20   0   13.6g 820580  29040 S 401.0   5.0  34:27.60 java
  13420 root      20   0   13.6g 820580  29040 S 400.0   5.0  34:31.60 java
  13420 root      20   0   13.6g 820580  29040 S 400.0   5.0  34:35.60 java
  13420 root      20   0   13.6g 820580  29040 S 400.0   5.0  34:39.60 java
  13420 root      20   0   13.6g 820580  29040 S 400.0   5.0  34:43.60 java
  13420 root      20   0   13.6g 820580  29040 S 396.0   5.0  34:47.60 java
  13420 root      20   0   13.6g 820580  29040 S 400.0   5.0  34:51.60 java
  13420 root      20   0   13.6g 820580  29040 S 400.0   5.0  34:55.60 java
  13420 root      20   0   13.6g 820580  29040 S 400.0   5.0  34:59.60 java
  13420 root      20   0   13.6g 820580  29040 S 400.0   5.0  35:03.60 java
  13420 root      20   0   13.6g 820580  29040 S 400.0   5.0  35:07.60 java
  13420 root      20   0   13.6g 820580  29040 S 400.0   5.0  35:11.60 java
  13420 root      20   0   13.6g 820580  29040 S 396.0   5.0  35:15.60 java
  13420 root      20   0   13.6g 820580  29040 S 400.0   5.0  35:19.