  58277 root      20   0   13.6g 886592  28976 S   0.0   5.4  36:12.24 java
  58277 root      20   0   13.6g 886592  28976 S 375.0   5.4  36:15.99 java
  58277 root      20   0   13.6g 886592  28976 S 403.0   5.4  36:20.06 java
  58277 root      20   0   13.6g 887852  28976 S 400.0   5.4  36:24.06 java
  58277 root      20   0   13.6g 888256  28976 S 400.0   5.4  36:28.06 java
  58277 root      20   0   13.6g 888256  28976 S 399.0   5.4  36:32.05 java
  58277 root      20   0   13.6g 888256  28976 S 404.0   5.4  36:36.09 java
  58277 root      20   0   13.6g 888256  28976 S 402.0   5.4  36:40.11 java
  58277 root      20   0   13.6g 888256  28976 S 400.0   5.4  36:44.11 java
  58277 root      20   0   13.6g 888256  28976 S 397.0   5.4  36:48.08 java
  58277 root      20   0   13.6g 888256  28976 S 403.0   5.4  36:52.11 java
  58277 root      20   0   13.6g 888256  28976 S 402.0   5.4  36:56.13 java
  58277 root      20   0   13.6g 888256  28976 S 397.0   5.4  37:00.14 java
  58277 root      20   0   13.6g 888256  28976 S 403.0   5.4  37:04.17 java
  58277 root      20   0   13.6g 888256  28976 S 398.0   5.4  37:08.15 java
  58277 root      20   0   13.6g 888256  28976 S 401.0   5.4  37:12.16 java
  58277 root      20   0   13.6g 888256  28976 S 405.0   5.4  37:16.21 java
  58277 root      20   0   13.6g 888256  28976 S 393.0   5.4  37:20.14 java
  58277 root      20   0   13.6g 888256  28976 S 406.0   5.4  37:24.20 java
  58277 root      20   0   13.6g 888436  28976 S 402.0   5.4  37:28.22 java
  58277 root      20   0   13.6g 888436  28976 S 396.0   5.4  37:32.18 java
  58277 root      20   0   13.6g 888568  28976 S 400.0   5.4  37:36.22 java
  58277 root      20   0   13.6g 889220  28976 S 402.0   5.5  37:40.24 java
  58277 root      20   0   13.6g 889220  28976 S 393.0   5.5  37:44.17 java
  58277 root      20   0   13.6g 889336  28976 S 408.0   5.5  37:48.25 java
  58277 root      20   0   13.6g 889600  28976 S 399.0   5.5  37:52.24 java
  58277 root      20   0   13.6g 889600  28976 S 404.0   5.5  37:56.28 java
  58277 root      20   0   13.6g 889600  28976 S 400.0   5.5  38:00.28 java
  58277 root      20   0   13.6g 889600  28976 S 402.0   5.5  38:04.30 java
  58277 root      20   0   13.6g 889600  28976 S 392.0   5.5  38:08.22 java
  58277 root      20   0   13.6g 889600  28976 S 401.0   5.5  38:12.23 java
  58277 root      20   0   13.6g 889704  28976 S 407.0   5.5  38:16.30 java
  58277 root      20   0   13.6g 889704  28976 S 392.1   5.5  38:20.26 java
  58277 root      20   0   13.6g 889704  28976 S 406.0   5.5  38:24.32 java
  58277 root      20   0   13.6g 889704  28976 S 398.0   5.5  38:28.30 java
  58277 root      20   0   13.6g 889704  28976 S 401.0   5.5  38:32.31 java
  58277 root      20   0   13.6g 889704  28976 S 403.0   5.5  38:36.34 java
  58277 root      20   0   13.6g 889704  28976 S 397.0   5.5  38:40.31 java
  58277 root      20   0   13.6g 891568  28976 S 404.0   5.5  38:44.35 java
  58277 root      20   0   13.6g 891596  28976 S 399.0   5.5  38:48.34 java
  58277 root      20   0   13.6g 891596  28976 S 400.0   5.5  38:52.34 java
  58277 root      20   0   13.6g 891596  28976 S 401.0   5.5  38:56.35 java
  58277 root      20   0   13.6g 891596  28976 S 397.0   5.5  39:00.36 java
  58277 root      20   0   13.6g 891596  28976 S 396.0   5.5  39:04.32 java
  58277 root      20   0   13.6g 891596  28976 S 403.0   5.5  39:08.35 java
  58277 root      20   0   13.6g 891596  28976 S 401.0   5.5  39:12.36 java
  58277 root      20   0   13.6g 891752  28976 S 399.0   5.5  39:16.35 java
  58277 root      20   0   13.6g 891752  28976 S 401.0   5.5  39:20.36 java
  58277 root      20   0   13.6g 891752  28976 S 399.0   5.5  39:24.35 java
  58277 root      20   0   13.6g 891752  28976 S 401.0   5.5  39:28.36 java
  58277 root      20   0   13.6g 891752  28976 S 399.0   5.5  39:32.35 java
  58277 root      20   0   13.6g 891752  28976 S 396.0   5.5  39:36.35 java
  58277 root      20   0   13.6g 891752  28976 S 400.0   5.5  39:40.35 java
  58277 root      20   0   13.6g 891752  28976 S 401.0   5.5  39:44.