  57402 root      20   0 9226748 560612  29024 S 100.0   3.4  18:55.18 java
  57402 root      20   0 9226748 560612  29024 S 275.0   3.4  18:57.93 java
  57402 root      20   0 9226748 560612  29024 S 310.0   3.4  19:01.03 java
  57402 root      20   0 9226748 560612  29024 S 303.0   3.4  19:04.06 java
  57402 root      20   0 9226748 560612  29024 S 299.0   3.4  19:07.05 java
  57402 root      20   0 9226748 560612  29024 S 291.0   3.4  19:09.96 java
  57402 root      20   0 9226748 560804  29024 S 299.0   3.4  19:12.95 java
  57402 root      20   0 9226748 560988  29024 S 301.0   3.4  19:15.96 java
  57402 root      20   0 9226748 560988  29024 S 301.0   3.4  19:18.97 java
  57402 root      20   0 9226748 560988  29024 S 305.0   3.4  19:22.05 java
  57402 root      20   0 9226748 560988  29024 S 307.0   3.4  19:25.12 java
  57402 root      20   0 9226748 560988  29024 S 296.0   3.4  19:28.08 java
  57402 root      20   0 9226748 560988  29024 S 297.0   3.4  19:31.05 java
  57402 root      20   0 9226748 560988  29024 S 309.0   3.4  19:34.14 java
  57402 root      20   0 9226748 560988  29024 S 305.0   3.4  19:37.19 java
  57402 root      20   0 9226748 560988  29024 S 297.0   3.4  19:40.16 java
  57402 root      20   0 9226748 560988  29024 S 301.0   3.4  19:43.17 java
  57402 root      20   0 9226748 560988  29024 S 315.0   3.4  19:46.32 java
  57402 root      20   0 9226748 560988  29024 S 294.1   3.4  19:49.29 java
  57402 root      20   0 9226748 560988  29024 S 302.0   3.4  19:52.31 java
  57402 root      20   0 9226748 560988  29024 S 298.0   3.4  19:55.29 java
  57402 root      20   0 9226748 560988  29024 S 310.0   3.4  19:58.39 java
  57402 root      20   0 9226748 560988  29024 S 314.0   3.4  20:01.53 java
  57402 root      20   0 9226748 560988  29024 S 303.0   3.4  20:04.56 java
  57402 root      20   0 9226748 560988  29024 S 312.0   3.4  20:07.68 java
  57402 root      20   0 9226748 560988  29024 S 299.0   3.4  20:10.67 java
  57402 root      20   0 9226748 560988  29024 S 304.0   3.4  20:13.71 java
  57402 root      20   0 9226748 560988  29024 S 298.0   3.4  20:16.69 java
  57402 root      20   0 9226748 560988  29024 S 297.0   3.4  20:19.66 java
  57402 root      20   0 9226748 560988  29024 S 304.0   3.4  20:22.73 java
  57402 root      20   0 9226748 560988  29024 S 304.0   3.4  20:25.77 java
  57402 root      20   0 9226748 560988  29024 S 312.0   3.4  20:28.89 java
  57402 root      20   0 9226748 560988  29024 S 314.0   3.4  20:32.03 java
  57402 root      20   0 9226748 560988  29024 S 307.0   3.4  20:35.10 java
  57402 root      20   0 9226748 560988  29024 S 311.0   3.4  20:38.21 java
  57402 root      20   0 9226748 560988  29024 S 306.0   3.4  20:41.27 java
  57402 root      20   0 9226748 560988  29024 S 299.0   3.4  20:44.26 java
  57402 root      20   0 9226748 560988  29024 S 301.0   3.4  20:47.27 java
  57402 root      20   0 9226748 560988  29024 S 302.0   3.4  20:50.29 java
  57402 root      20   0 9226748 560988  29024 S 298.0   3.4  20:53.30 java
  57402 root      20   0 9226748 560988  29024 S 312.0   3.4  20:56.42 java
  57402 root      20   0 9226748 560988  29024 S 302.0   3.4  20:59.44 java
  57402 root      20   0 9226748 560988  29024 S 303.0   3.4  21:02.47 java
  57402 root      20   0 9226748 560988  29024 S 306.0   3.4  21:05.53 java
  57402 root      20   0 9226748 560988  29024 S 304.0   3.4  21:08.57 java
  57402 root      20   0 9226748 560988  29024 S 300.0   3.4  21:11.57 java
  57402 root      20   0 9226748 560988  29024 S 305.0   3.4  21:14.62 java
  57402 root      20   0 9226748 560988  29024 S 311.0   3.4  21:17.73 java
  57402 root      20   0 9226748 560988  29024 S 294.1   3.4  21:20.70 java
  57402 root      20   0 9226748 560988  29024 S 297.0   3.4  21:23.67 java
  57402 root      20   0 9226748 561196  29024 S 298.0   3.4  21:26.65 java
  57402 root      20   0 9226748 561196  29024 S 298.0   3.4  21:29.63 java
  57402 root      20   0 9226748 561196  29024 S 302.0   3.4  21:32.65 java
  57402 root      20   0 9226748 561196  29024 S 302.0   3.4  21:35.