  57402 root      20   0 9226748 561836  29024 S  66.7   3.4  25:09.49 java
  57402 root      20   0 9226748 561836  29024 S 250.0   3.4  25:11.99 java
  57402 root      20   0 9226748 561836  29024 S 344.0   3.4  25:15.43 java
  57402 root      20   0 9226748 561836  29024 S 346.0   3.4  25:18.89 java
  57402 root      20   0 9226748 561836  29024 S 337.0   3.4  25:22.26 java
  57402 root      20   0 9226748 562240  29024 S 347.5   3.4  25:25.77 java
  57402 root      20   0 9226748 562448  29024 S 343.0   3.4  25:29.20 java
  57402 root      20   0 9226748 562448  29024 S 341.0   3.4  25:32.61 java
  57402 root      20   0 9226748 562448  29024 S 342.0   3.4  25:36.03 java
  57402 root      20   0 9226748 562448  29024 S 347.0   3.4  25:39.50 java
  57402 root      20   0 9226748 562448  29024 S 343.0   3.4  25:42.93 java
  57402 root      20   0 9226748 562448  29024 S 348.0   3.4  25:46.41 java
  57402 root      20   0 9226748 562448  29024 S 343.0   3.4  25:49.84 java
  57402 root      20   0 9226748 562448  29024 S 341.0   3.4  25:53.25 java
  57402 root      20   0 9226748 562448  29024 S 339.0   3.4  25:56.64 java
  57402 root      20   0 9226748 562448  29024 S 343.6   3.4  26:00.11 java
  57402 root      20   0 9226748 562448  29024 S 343.0   3.4  26:03.54 java
  57402 root      20   0 9226748 562448  29024 S 344.0   3.4  26:06.98 java
  57402 root      20   0 9226748 562644  29024 S 351.0   3.4  26:10.49 java
  57402 root      20   0 9226748 562644  29024 S 349.0   3.4  26:13.98 java
  57402 root      20   0 9226748 562644  29024 S 343.0   3.4  26:17.41 java
  57402 root      20   0 9226748 562644  29024 S 343.0   3.4  26:20.84 java
  57402 root      20   0 9226748 562644  29024 S 339.0   3.4  26:24.23 java
  57402 root      20   0 9226748 562644  29024 S 348.0   3.4  26:27.71 java
  57402 root      20   0 9226748 562644  29024 S 331.7   3.4  26:31.06 java
  57402 root      20   0 9226748 562644  29024 S 347.0   3.4  26:34.53 java
  57402 root      20   0 9226748 562644  29024 S 339.0   3.4  26:37.92 java
  57402 root      20   0 9226748 562644  29024 S 344.0   3.4  26:41.36 java
  57402 root      20   0 9226748 562644  29024 S 345.0   3.4  26:44.81 java
  57402 root      20   0 9226748 562644  29024 S 338.0   3.4  26:48.19 java
  57402 root      20   0 9226748 562644  29024 S 337.0   3.4  26:51.56 java
  57402 root      20   0 9226748 562644  29024 S 354.0   3.4  26:55.10 java
  57402 root      20   0 9226748 562644  29024 S 337.0   3.4  26:58.47 java
  57402 root      20   0 9226748 562644  29024 S 346.0   3.4  27:01.93 java
  57402 root      20   0 9226748 562644  29024 S 353.0   3.4  27:05.46 java
  57402 root      20   0 9226748 562644  29024 S 345.5   3.4  27:08.95 java
  57402 root      20   0 9226748 562644  29024 S 337.0   3.4  27:12.32 java
  57402 root      20   0 9226748 562872  29024 S 345.0   3.5  27:15.77 java
  57402 root      20   0 9226748 562872  29024 S 338.0   3.5  27:19.15 java
  57402 root      20   0 9226748 562872  29024 S 353.0   3.5  27:22.68 java
  57402 root      20   0 9226748 562872  29024 S 345.0   3.5  27:26.13 java
  57402 root      20   0 9226748 562872  29024 S 337.0   3.5  27:29.50 java
  57402 root      20   0 9226748 562872  29024 S 345.0   3.5  27:32.95 java
  57402 root      20   0 9226748 562872  29024 S 339.0   3.5  27:36.34 java
  57402 root      20   0 9226748 563092  29024 S 344.0   3.5  27:39.78 java
  57402 root      20   0 9226748 563092  29024 S 338.6   3.5  27:43.20 java
  57402 root      20   0 9226748 563092  29024 S 344.0   3.5  27:46.64 java
  57402 root      20   0 9226748 563092  29024 S 335.0   3.5  27:49.99 java
  57402 root      20   0 9226748 563092  29024 S 346.0   3.5  27:53.45 java
  57402 root      20   0 9226748 563092  29024 S 341.0   3.5  27:56.86 java
  57402 root      20   0 9226748 563324  29024 S 339.0   3.5  28:00.25 java
  57402 root      20   0 9226748 563324  29024 S 344.0   3.5  28:03.69 java
  57402 root      20   0 9226748 563324  29024 S 341.0   3.5  28:07.10 java
  57402 root      20   0 9226748 563324  29024 S 338.0   3.5  28:10.