  57402 root      20   0 9226748 559768  29024 S   0.0   3.4  15:52.63 java
  57402 root      20   0 9226748 559768  29024 S 272.0   3.4  15:55.35 java
  57402 root      20   0 9226748 559768  29024 S 301.0   3.4  15:58.36 java
  57402 root      20   0 9226748 559768  29024 S 293.0   3.4  16:01.29 java
  57402 root      20   0 9226748 559768  29024 S 306.0   3.4  16:04.35 java
  57402 root      20   0 9226748 559768  29024 S 309.0   3.4  16:07.44 java
  57402 root      20   0 9226748 559768  29024 S 300.0   3.4  16:10.47 java
  57402 root      20   0 9226748 559768  29024 S 305.0   3.4  16:13.52 java
  57402 root      20   0 9226748 559768  29024 S 294.0   3.4  16:16.46 java
  57402 root      20   0 9226748 559768  29024 S 293.0   3.4  16:19.39 java
  57402 root      20   0 9226748 559768  29024 S 309.0   3.4  16:22.48 java
  57402 root      20   0 9226748 559768  29024 S 300.0   3.4  16:25.48 java
  57402 root      20   0 9226748 559768  29024 S 303.0   3.4  16:28.51 java
  57402 root      20   0 9226748 559768  29024 S 295.0   3.4  16:31.46 java
  57402 root      20   0 9226748 559768  29024 S 310.0   3.4  16:34.56 java
  57402 root      20   0 9226748 559768  29024 S 305.0   3.4  16:37.61 java
  57402 root      20   0 9226748 559768  29024 S 318.0   3.4  16:40.79 java
  57402 root      20   0 9226748 559768  29024 S 304.0   3.4  16:43.86 java
  57402 root      20   0 9226748 559768  29024 S 297.0   3.4  16:46.83 java
  57402 root      20   0 9226748 559964  29024 S 306.0   3.4  16:49.89 java
  57402 root      20   0 9226748 559964  29024 S 315.0   3.4  16:53.04 java
  57402 root      20   0 9226748 559964  29024 S 305.0   3.4  16:56.09 java
  57402 root      20   0 9226748 559964  29024 S 298.0   3.4  16:59.07 java
  57402 root      20   0 9226748 560192  29024 S 300.0   3.4  17:02.07 java
  57402 root      20   0 9226748 560192  29024 S 304.0   3.4  17:05.11 java
  57402 root      20   0 9226748 560192  29024 S 295.0   3.4  17:08.06 java
  57402 root      20   0 9226748 560192  29024 S 315.0   3.4  17:11.21 java
  57402 root      20   0 9226748 560612  29024 S 305.0   3.4  17:14.29 java
  57402 root      20   0 9226748 560612  29024 S 308.0   3.4  17:17.37 java
  57402 root      20   0 9226748 560612  29024 S 305.0   3.4  17:20.42 java
  57402 root      20   0 9226748 560612  29024 S 298.0   3.4  17:23.40 java
  57402 root      20   0 9226748 560612  29024 S 305.0   3.4  17:26.45 java
  57402 root      20   0 9226748 560612  29024 S 311.0   3.4  17:29.56 java
  57402 root      20   0 9226748 560612  29024 S 305.0   3.4  17:32.61 java
  57402 root      20   0 9226748 560612  29024 S 309.0   3.4  17:35.70 java
  57402 root      20   0 9226748 560612  29024 S 310.0   3.4  17:38.80 java
  57402 root      20   0 9226748 560612  29024 S 318.8   3.4  17:42.02 java
  57402 root      20   0 9226748 560612  29024 S 316.0   3.4  17:45.18 java
  57402 root      20   0 9226748 560612  29024 S 299.0   3.4  17:48.17 java
  57402 root      20   0 9226748 560612  29024 S 307.0   3.4  17:51.24 java
  57402 root      20   0 9226748 560612  29024 S 300.0   3.4  17:54.24 java
  57402 root      20   0 9226748 560612  29024 S 300.0   3.4  17:57.24 java
  57402 root      20   0 9226748 560612  29024 S 301.0   3.4  18:00.25 java
  57402 root      20   0 9226748 560612  29024 S 308.0   3.4  18:03.33 java
  57402 root      20   0 9226748 560612  29024 S 297.0   3.4  18:06.30 java
  57402 root      20   0 9226748 560612  29024 S 313.0   3.4  18:09.43 java
  57402 root      20   0 9226748 560612  29024 S 310.0   3.4  18:12.53 java
  57402 root      20   0 9226748 560612  29024 S 314.9   3.4  18:15.71 java
  57402 root      20   0 9226748 560612  29024 S 307.0   3.4  18:18.78 java
  57402 root      20   0 9226748 560612  29024 S 309.0   3.4  18:21.87 java
  57402 root      20   0 9226748 560612  29024 S 311.0   3.4  18:24.98 java
  57402 root      20   0 9226748 560612  29024 S 305.0   3.4  18:28.03 java
  57402 root      20   0 9226748 560612  29024 S 307.0   3.4  18:31.10 java
  57402 root      20   0 9226748 560612  29024 S 307.0   3.4  18:34.