  58277 root      20   0   13.6g 903036  28976 S 166.7   5.5  48:12.04 java
  58277 root      20   0   13.6g 903036  28976 S 403.0   5.5  48:16.11 java
  58277 root      20   0   13.6g 903036  28976 S 400.0   5.5  48:20.11 java
  58277 root      20   0   13.6g 903036  28976 S 400.0   5.5  48:24.11 java
  58277 root      20   0   13.6g 903036  28976 S 400.0   5.5  48:28.11 java
  58277 root      20   0   13.6g 903036  28976 S 399.0   5.5  48:32.10 java
  58277 root      20   0   13.6g 903036  28976 S 400.0   5.5  48:36.10 java
  58277 root      20   0   13.6g 903408  28976 S 401.0   5.5  48:40.11 java
  58277 root      20   0   13.6g 903408  28976 S 399.0   5.5  48:44.10 java
  58277 root      20   0   13.6g 903408  28976 S 396.0   5.5  48:48.10 java
  58277 root      20   0   13.6g 903408  28976 S 402.0   5.5  48:52.12 java
  58277 root      20   0   13.6g 903408  28976 S 401.0   5.5  48:56.13 java
  58277 root      20   0   13.6g 903684  28976 S 401.0   5.5  49:00.14 java
  58277 root      20   0   13.6g 903684  28976 S 401.0   5.5  49:04.15 java
  58277 root      20   0   13.6g 903684  28976 S 400.0   5.5  49:08.15 java
  58277 root      20   0   13.6g 903684  28976 S 401.0   5.5  49:12.16 java
  58277 root      20   0   13.6g 903684  28976 S 401.0   5.5  49:16.17 java
  58277 root      20   0   13.6g 903684  28976 S 402.0   5.5  49:20.19 java
  58277 root      20   0   13.6g 903684  28976 S 396.0   5.5  49:24.19 java
  58277 root      20   0   13.6g 903828  28976 S 398.0   5.5  49:28.17 java
  58277 root      20   0   13.6g 903828  28976 S 404.0   5.5  49:32.21 java
  58277 root      20   0   13.6g 903968  28976 S 401.0   5.5  49:36.22 java
  58277 root      20   0   13.6g 903968  28976 S 397.0   5.5  49:40.19 java
  58277 root      20   0   13.6g 903968  28976 S 405.0   5.5  49:44.24 java
  58277 root      20   0   13.6g 903968  28976 S 399.0   5.5  49:48.23 java
  58277 root      20   0   13.6g 903968  28976 S 404.0   5.5  49:52.27 java
  58277 root      20   0   13.6g 903968  28976 S 398.0   5.5  49:56.25 java
  58277 root      20   0   13.6g 903968  28976 S 402.0   5.5  50:00.27 java
  58277 root      20   0   13.6g 903968  28976 S 397.0   5.5  50:04.24 java
  58277 root      20   0   13.6g 903968  28976 S 402.0   5.5  50:08.30 java
  58277 root      20   0   13.6g 903968  28976 S 395.0   5.5  50:12.25 java
  58277 root      20   0   13.6g 904124  28976 S 406.0   5.5  50:16.31 java
  58277 root      20   0   13.6g 904124  28976 S 401.0   5.5  50:20.32 java
  58277 root      20   0   13.6g 904380  28976 S 393.0   5.5  50:24.25 java
  58277 root      20   0   13.6g 904380  28976 S 406.0   5.5  50:28.31 java
  58277 root      20   0   13.6g 904380  28976 S 401.0   5.5  50:32.32 java
  58277 root      20   0   13.6g 904380  28976 S 402.0   5.5  50:36.34 java
  58277 root      20   0   13.6g 904380  28976 S 400.0   5.5  50:40.34 java
  58277 root      20   0   13.6g 904380  28976 S 402.0   5.5  50:44.36 java
  58277 root      20   0   13.6g 904380  28976 S 391.1   5.5  50:48.31 java
  58277 root      20   0   13.6g 904380  28976 S 408.0   5.5  50:52.39 java
  58277 root      20   0   13.6g 904380  28976 S 398.0   5.5  50:56.37 java
  58277 root      20   0   13.6g 904380  28976 S 401.0   5.5  51:00.38 java
  58277 root      20   0   13.6g 904380  28976 S 402.0   5.5  51:04.40 java
  58277 root      20   0   13.6g 904380  28976 S 400.0   5.5  51:08.40 java
  58277 root      20   0   13.6g 904380  28976 S 401.0   5.5  51:12.41 java
  58277 root      20   0   13.6g 904380  28976 S 402.0   5.5  51:16.43 java
  58277 root      20   0   13.6g 904380  28976 S 402.0   5.5  51:20.45 java
  58277 root      20   0   13.6g 904380  28976 S 396.0   5.5  51:24.45 java
  58277 root      20   0   13.6g 904380  28976 S 395.0   5.5  51:28.40 java
  58277 root      20   0   13.6g 904380  28976 S 405.0   5.5  51:32.45 java
  58277 root      20   0   13.6g 904380  28976 S 399.0   5.5  51:36.44 java
  58277 root      20   0   13.6g 904380  28976 S 401.0   5.5  51:40.45 java
  58277 root      20   0   13.6g 904380  28976 S 402.0   5.5  51:44.