  27320 1001      20   0 1293740 318752  42972 S  62.5   2.0   8:56.94 application
  27320 1001      20   0 1294764 319280  42972 S 287.0   2.0   8:59.81 application
  27320 1001      20   0 1294764 319280  42972 S 290.0   2.0   9:02.71 application
  27320 1001      20   0 1294764 319280  42972 S 284.0   2.0   9:05.55 application
  27320 1001      20   0 1294764 319280  42972 S 287.0   2.0   9:08.42 application
  27320 1001      20   0 1294764 319280  42972 S 284.0   2.0   9:11.26 application
  27320 1001      20   0 1294764 319280  42972 S 276.2   2.0   9:14.05 application
  27320 1001      20   0 1294764 319544  42972 S 281.0   2.0   9:16.86 application
  27320 1001      20   0 1294764 319544  42972 S 286.0   2.0   9:19.72 application
  27320 1001      20   0 1294764 319544  42972 S 285.0   2.0   9:22.57 application
  27320 1001      20   0 1294764 319544  42972 S 284.0   2.0   9:25.41 application
  27320 1001      20   0 1294764 319544  42972 S 283.0   2.0   9:28.24 application
  27320 1001      20   0 1294764 319544  42972 S 284.0   2.0   9:31.08 application
  27320 1001      20   0 1294764 319544  42972 S 285.0   2.0   9:33.93 application
  27320 1001      20   0 1294764 319544  42972 S 283.2   2.0   9:36.79 application
  27320 1001      20   0 1294764 319544  42972 S 282.0   2.0   9:39.61 application
  27320 1001      20   0 1294764 319544  42972 S 285.0   2.0   9:42.46 application
  27320 1001      20   0 1294764 319544  42972 S 288.0   2.0   9:45.34 application
  27320 1001      20   0 1294764 319544  42972 S 288.0   2.0   9:48.22 application
  27320 1001      20   0 1294764 319544  42972 S 286.0   2.0   9:51.08 application
  27320 1001      20   0 1294764 319544  42972 S 286.0   2.0   9:53.94 application
  27320 1001      20   0 1294764 319544  42972 S 283.2   2.0   9:56.80 application
  27320 1001      20   0 1294764 319544  42972 S 286.0   2.0   9:59.66 application
  27320 1001      20   0 1294764 319544  42972 S 278.0   2.0  10:02.44 application
  27320 1001      20   0 1294764 319544  42972 S 279.0   2.0  10:05.23 application
  27320 1001      20   0 1294764 319544  42972 S 279.0   2.0  10:08.02 application
  27320 1001      20   0 1294764 319544  42972 S 282.0   2.0  10:10.84 application
  27320 1001      20   0 1294764 319544  42972 S 283.0   2.0  10:13.67 application
  27320 1001      20   0 1294764 319544  42972 S 285.0   2.0  10:16.52 application
  27320 1001      20   0 1294764 319544  42972 S 281.0   2.0  10:19.33 application
  27320 1001      20   0 1294764 319544  42972 S 277.2   2.0  10:22.13 application
  27320 1001      20   0 1294764 319544  42972 S 279.0   2.0  10:24.92 application
  27320 1001      20   0 1294764 319544  42972 S 281.0   2.0  10:27.73 application
  27320 1001      20   0 1294764 319544  42972 S 281.0   2.0  10:30.54 application
  27320 1001      20   0 1294764 319544  42972 S 283.0   2.0  10:33.37 application
  27320 1001      20   0 1295788 319544  42972 S 280.0   2.0  10:36.17 application
  27320 1001      20   0 1295788 319544  42972 S 281.0   2.0  10:38.98 application
  27320 1001      20   0 1295788 319544  42972 S 281.0   2.0  10:41.79 application
  27320 1001      20   0 1295788 319544  42972 S 280.0   2.0  10:44.59 application
  27320 1001      20   0 1295788 319544  42972 S 277.0   2.0  10:47.36 application
  27320 1001      20   0 1295788 319544  42972 S 277.2   2.0  10:50.16 application
  27320 1001      20   0 1295788 319544  42972 S 279.0   2.0  10:52.95 application
  27320 1001      20   0 1295788 319544  42972 S 280.0   2.0  10:55.75 application
  27320 1001      20   0 1295788 319808  42972 S 289.0   2.0  10:58.64 application
  27320 1001      20   0 1295788 319808  42972 S 282.0   2.0  11:01.46 application
  27320 1001      20   0 1295788 319808  42972 S 283.0   2.0  11:04.29 application
  27320 1001      20   0 1295788 319808  42972 S 286.0   2.0  11:07.15 application
  27320 1001      20   0 1295788 319808  42972 S 283.0   2.0  11:09.98 application
  27320 1001      20   0 1295788 319808  42972 S 280.0   2.0  11:12.78 application
  27320 1001      20   0 1295