  27698 1001      20   0 7296860 579700  48408 S   0.0   3.6  49:43.95 application
  27698 1001      20   0 7296860 579700  48408 S 305.0   3.6  49:47.00 application
  27698 1001      20   0 7296860 579700  48408 S 409.0   3.6  49:51.09 application
  27698 1001      20   0 7296860 579700  48408 S 397.0   3.6  49:55.06 application
  27698 1001      20   0 7296860 579700  48408 S 404.0   3.6  49:59.10 application
  27698 1001      20   0 7296860 579700  48408 S 393.1   3.6  50:03.07 application
  27698 1001      20   0 7296860 579700  48408 S 401.0   3.6  50:07.08 application
  27698 1001      20   0 7296860 579700  48408 S 405.0   3.6  50:11.13 application
  27698 1001      20   0 7296860 579700  48408 S 392.0   3.6  50:15.05 application
  27698 1001      20   0 7296860 579700  48408 S 410.0   3.6  50:19.15 application
  27698 1001      20   0 7296860 579700  48408 S 403.0   3.6  50:23.18 application
  27698 1001      20   0 7296860 579700  48408 S 403.0   3.6  50:27.21 application
  27698 1001      20   0 7296860 579700  48408 S 398.0   3.6  50:31.19 application
  27698 1001      20   0 7296860 579700  48408 S 405.0   3.6  50:35.24 application
  27698 1001      20   0 7296860 579700  48408 S 397.0   3.6  50:39.21 application
  27698 1001      20   0 7296860 579700  48408 S 395.0   3.6  50:43.20 application
  27698 1001      20   0 7296860 579700  48408 S 399.0   3.6  50:47.19 application
  27698 1001      20   0 7296860 579700  48408 S 397.0   3.6  50:51.16 application
  27698 1001      20   0 7296860 579700  48408 S 410.0   3.6  50:55.26 application
  27698 1001      20   0 7296860 579700  48408 S 402.0   3.6  50:59.28 application
  27698 1001      20   0 7296860 579700  48408 S 399.0   3.6  51:03.27 application
  27698 1001      20   0 7296860 579700  48408 S 397.0   3.6  51:07.24 application
  27698 1001      20   0 7264076 580456  48408 S 405.0   3.6  51:11.29 application
  27698 1001      20   0 7264076 580456  48408 S 386.0   3.6  51:15.15 application
  27698 1001      20   0 7264076 580456  48408 S 413.0   3.6  51:19.28 application
  27698 1001      20   0 7264076 580456  48408 S 396.0   3.6  51:23.28 application
  27698 1001      20   0 7288664 580456  48408 S 399.0   3.6  51:27.27 application
  27698 1001      20   0 7288664 580456  48408 S 402.0   3.6  51:31.29 application
  27698 1001      20   0 7288664 580456  48408 S 399.0   3.6  51:35.28 application
  27698 1001      20   0 7288664 580456  48408 S 400.0   3.6  51:39.28 application
  27698 1001      20   0 7288664 580456  48408 S 400.0   3.6  51:43.28 application
  27698 1001      20   0 7288664 580456  48408 S 400.0   3.6  51:47.28 application
  27698 1001      20   0 7288664 580456  48408 S 400.0   3.6  51:51.28 application
  27698 1001      20   0 7288664 580456  48408 S 399.0   3.6  51:55.27 application
  27698 1001      20   0 7288664 580456  48408 S 397.0   3.6  51:59.28 application
  27698 1001      20   0 7288664 580456  48408 S 400.0   3.6  52:03.28 application
  27698 1001      20   0 7288664 580456  48408 S 399.0   3.6  52:07.27 application
  27698 1001      20   0 7288664 580456  48408 S 400.0   3.6  52:11.27 application
  27698 1001      20   0 7288664 580456  48408 S 400.0   3.6  52:15.27 application
  27698 1001      20   0 7288664 580456  48408 S 400.0   3.6  52:19.27 application
  27698 1001      20   0 7288664 580456  48408 S 400.0   3.6  52:23.27 application
  27698 1001      20   0 7288664 580456  48408 S 401.0   3.6  52:27.28 application
  27698 1001      20   0 7288664 580456  48408 S 396.0   3.6  52:31.28 application
  27698 1001      20   0 7288664 580456  48408 S 399.0   3.6  52:35.27 application
  27698 1001      20   0 7288664 580456  48408 S 401.0   3.6  52:39.28 application
  27698 1001      20   0 7288664 580456  48408 S 400.0   3.6  52:43.28 application
  27698 1001      20   0 7288664 580456  48408 S 400.0   3.6  52:47.28 application
  27698 1001      20   0 7288664 580456  48408 S 399.0   3.6  52:51.27 application
  27698 1001      20   0 7288664 580456  48408 S 401.0   3.6  52:55.28 application
  27698 1001      20   0 7288