  27320 1001      20   0 1351084 374984  42972 S   0.0   2.3  59:13.52 application
  27320 1001      20   0 1351084 375512  42972 S 385.0   2.3  59:17.37 application
  27320 1001      20   0 1351084 375512  42972 S 400.0   2.3  59:21.37 application
  27320 1001      20   0 1351084 375776  42972 S 399.0   2.3  59:25.36 application
  27320 1001      20   0 1351084 376040  42972 S 400.0   2.3  59:29.36 application
  27320 1001      20   0 1352108 376040  42972 S 401.0   2.3  59:33.37 application
  27320 1001      20   0 1352108 376304  42972 S 399.0   2.3  59:37.36 application
  27320 1001      20   0 1352108 376304  42972 S 396.0   2.3  59:41.36 application
  27320 1001      20   0 1352108 376304  42972 S 402.0   2.3  59:45.38 application
  27320 1001      20   0 1352108 376304  42972 S 400.0   2.3  59:49.38 application
  27320 1001      20   0 1352108 376304  42972 S 401.0   2.3  59:53.39 application
  27320 1001      20   0 1352108 376304  42972 S 400.0   2.3  59:57.39 application
  27320 1001      20   0 1352108 376304  42972 S 400.0   2.3  60:01.39 application
  27320 1001      20   0 1352108 376304  42972 S 402.0   2.3  60:05.41 application
  27320 1001      20   0 1352108 376568  42972 S 401.0   2.3  60:09.42 application
  27320 1001      20   0 1352108 376832  42972 S 399.0   2.3  60:13.41 application
  27320 1001      20   0 1352108 376832  42972 S 399.0   2.3  60:17.44 application
  27320 1001      20   0 1353132 377096  42972 S 400.0   2.3  60:21.44 application
  27320 1001      20   0 1353132 377096  42972 S 402.0   2.3  60:25.46 application
  27320 1001      20   0 1353132 377096  42972 S 400.0   2.3  60:29.46 application
  27320 1001      20   0 1353132 377096  42972 S 402.0   2.3  60:33.48 application
  27320 1001      20   0 1353132 377096  42972 S 400.0   2.3  60:37.48 application
  27320 1001      20   0 1353132 377096  42972 S 401.0   2.3  60:41.49 application
  27320 1001      20   0 1353132 377096  42972 S 401.0   2.3  60:45.50 application
  27320 1001      20   0 1353132 377096  42972 S 398.0   2.3  60:49.52 application
  27320 1001      20   0 1353132 377360  42972 S 400.0   2.3  60:53.52 application
  27320 1001      20   0 1353132 377624  42972 S 399.0   2.3  60:57.51 application
  27320 1001      20   0 1353132 377888  42972 S 400.0   2.3  61:01.51 application
  27320 1001      20   0 1354156 377888  42972 S 405.0   2.3  61:05.56 application
  27320 1001      20   0 1354156 377888  42972 S 401.0   2.3  61:09.57 application
  27320 1001      20   0 1354156 377888  42972 S 402.0   2.3  61:13.59 application
  27320 1001      20   0 1354156 378152  42972 S 400.0   2.3  61:17.59 application
  27320 1001      20   0 1354156 378416  42972 S 396.0   2.3  61:21.59 application
  27320 1001      20   0 1354156 378680  42972 S 399.0   2.3  61:25.58 application
  27320 1001      20   0 1354156 378680  42972 S 401.0   2.3  61:29.59 application
  27320 1001      20   0 1354156 378680  42972 S 401.0   2.3  61:33.60 application
  27320 1001      20   0 1354156 378680  42972 S 400.0   2.3  61:37.60 application
  27320 1001      20   0 1354156 378680  42972 S 403.0   2.3  61:41.63 application
  27320 1001      20   0 1354156 378680  42972 S 399.0   2.3  61:45.62 application
  27320 1001      20   0 1354156 378944  42972 S 403.0   2.3  61:49.65 application
  27320 1001      20   0 1355180 378944  42972 S 399.0   2.3  61:53.64 application
  27320 1001      20   0 1355180 378944  42972 S 395.0   2.3  61:57.63 application
  27320 1001      20   0 1355180 378944  42972 S 403.0   2.3  62:01.66 application
  27320 1001      20   0 1355180 379208  42972 S 398.0   2.3  62:05.64 application
  27320 1001      20   0 1355180 379208  42972 S 403.0   2.3  62:09.67 application
  27320 1001      20   0 1355180 379472  42972 S 402.0   2.3  62:13.69 application
  27320 1001      20   0 1355180 379736  42972 S 403.0   2.3  62:17.72 application
  27320 1001      20   0 1355180 379736  42972 S 398.0   2.3  62:21.70 application
  27320 1001      20   0 1355180 379736  42972 S 400.0   2.3  62:25.70 application
  27320 1001      20   0 1355