  27698 1001      20   0 7067404 579140  48408 S  73.3   3.6  45:44.13 application
  27698 1001      20   0 7067404 579140  48408 S 403.0   3.6  45:48.16 application
  27698 1001      20   0 7100188 579140  48408 S 400.0   3.6  45:52.16 application
  27698 1001      20   0 7100188 579140  48408 S 400.0   3.6  45:56.16 application
  27698 1001      20   0 7100188 579140  48408 S 400.0   3.6  46:00.16 application
  27698 1001      20   0 7100188 579140  48408 S 401.0   3.6  46:04.17 application
  27698 1001      20   0 7100188 579140  48408 S 396.0   3.6  46:08.17 application
  27698 1001      20   0 7100188 579140  48408 S 400.0   3.6  46:12.17 application
  27698 1001      20   0 7100188 579140  48408 S 401.0   3.6  46:16.18 application
  27698 1001      20   0 7100188 579140  48408 S 400.0   3.6  46:20.18 application
  27698 1001      20   0 7100188 579140  48408 S 403.0   3.6  46:24.21 application
  27698 1001      20   0 7100188 579140  48408 S 401.0   3.6  46:28.22 application
  27698 1001      20   0 7100188 579140  48408 S 400.0   3.6  46:32.22 application
  27698 1001      20   0 7100188 579140  48408 S 401.0   3.6  46:36.23 application
  27698 1001      20   0 7100188 579140  48408 S 399.0   3.6  46:40.22 application
  27698 1001      20   0 7108384 579140  48408 S 405.0   3.6  46:44.27 application
  27698 1001      20   0 7182148 579140  48408 S 396.0   3.6  46:48.27 application
  27698 1001      20   0 7182148 579140  48408 S 402.0   3.6  46:52.29 application
  27698 1001      20   0 7182148 579140  48408 S 401.0   3.6  46:56.30 application
  27698 1001      20   0 7305056 579140  48408 S 400.0   3.6  47:00.30 application
  27698 1001      20   0 7305056 579140  48408 S 403.0   3.6  47:04.33 application
  27698 1001      20   0 7305056 579140  48408 S 399.0   3.6  47:08.32 application
  27698 1001      20   0 7305056 579140  48408 S 399.0   3.6  47:12.31 application
  27698 1001      20   0 7305056 579140  48408 S 403.0   3.6  47:16.34 application
  27698 1001      20   0 7305056 579140  48408 S 401.0   3.6  47:20.35 application
  27698 1001      20   0 7305056 579140  48408 S 400.0   3.6  47:24.35 application
  27698 1001      20   0 7305056 579140  48408 S 400.0   3.6  47:28.39 application
  27698 1001      20   0 7305056 579140  48408 S 403.0   3.6  47:32.42 application
  27698 1001      20   0 7305056 579140  48408 S 399.0   3.6  47:36.41 application
  27698 1001      20   0 7305056 579140  48408 S 403.0   3.6  47:40.44 application
  27698 1001      20   0 7305056 579140  48408 S 396.0   3.6  47:44.40 application
  27698 1001      20   0 7305056 579140  48408 S 406.0   3.6  47:48.46 application
  27698 1001      20   0 7305056 579140  48408 S 399.0   3.6  47:52.45 application
  27698 1001      20   0 7305056 579140  48408 S 403.0   3.6  47:56.48 application
  27698 1001      20   0 7305056 579140  48408 S 399.0   3.6  48:00.47 application
  27698 1001      20   0 7305056 579140  48408 S 401.0   3.6  48:04.48 application
  27698 1001      20   0 7305056 579140  48408 S 401.0   3.6  48:08.53 application
  27698 1001      20   0 7305056 579140  48408 S 397.0   3.6  48:12.50 application
  27698 1001      20   0 7305056 579140  48408 S 401.0   3.6  48:16.51 application
  27698 1001      20   0 7305056 579140  48408 S 394.0   3.6  48:20.45 application
  27698 1001      20   0 7305056 579140  48408 S 406.0   3.6  48:24.51 application
  27698 1001      20   0 7305056 579140  48408 S 396.0   3.6  48:28.47 application
  27698 1001      20   0 7305056 579140  48408 S 409.0   3.6  48:32.56 application
  27698 1001      20   0 7305056 579140  48408 S 396.0   3.6  48:36.52 application
  27698 1001      20   0 7305056 579140  48408 S 401.0   3.6  48:40.53 application
  27698 1001      20   0 7305056 579140  48408 S 402.0   3.6  48:44.55 application
  27698 1001      20   0 7305056 579140  48408 S 396.0   3.6  48:48.55 application
  27698 1001      20   0 7305056 579140  48408 S 400.0   3.6  48:52.55 application
  27698 1001      20   0 7305056 579140  48408 S 401.0   3.6  48:56.56 application
  27698 1001      20   0 7288