  47280 1001      20   0 1317288 341480  42964 S   6.7   2.1  35:19.90 application
  47280 1001      20   0 1318312 342008  42964 S 403.0   2.1  35:23.93 application
  47280 1001      20   0 1318312 342272  42964 S 397.0   2.1  35:27.94 application
  47280 1001      20   0 1318312 342536  42964 S 399.0   2.1  35:31.93 application
  47280 1001      20   0 1318312 342536  42964 S 400.0   2.1  35:35.93 application
  47280 1001      20   0 1318312 342536  42964 S 400.0   2.1  35:39.93 application
  47280 1001      20   0 1318312 342800  42964 S 400.0   2.1  35:43.93 application
  47280 1001      20   0 1318312 342800  42964 S 400.0   2.1  35:47.93 application
  47280 1001      20   0 1318312 343328  42964 S 400.0   2.1  35:51.93 application
  47280 1001      20   0 1318312 343328  42964 S 400.0   2.1  35:55.93 application
  47280 1001      20   0 1318312 343328  42964 S 400.0   2.1  35:59.93 application
  47280 1001      20   0 1318312 343328  42964 S 396.0   2.1  36:03.93 application
  47280 1001      20   0 1318312 343328  42964 S 401.0   2.1  36:07.94 application
  47280 1001      20   0 1319336 343328  42964 S 401.0   2.1  36:11.95 application
  47280 1001      20   0 1319336 343328  42964 S 402.0   2.1  36:15.97 application
  47280 1001      20   0 1319336 343328  42964 S 401.0   2.1  36:19.98 application
  47280 1001      20   0 1319336 343328  42964 S 401.0   2.1  36:23.99 application
  47280 1001      20   0 1319336 343328  42964 S 400.0   2.1  36:27.99 application
  47280 1001      20   0 1319336 343328  42964 S 397.0   2.1  36:32.00 application
  47280 1001      20   0 1319336 343328  42964 S 401.0   2.1  36:36.01 application
  47280 1001      20   0 1319336 343592  42964 S 401.0   2.1  36:40.02 application
  47280 1001      20   0 1319336 343592  42964 S 401.0   2.1  36:44.03 application
  47280 1001      20   0 1319336 343856  42964 S 400.0   2.1  36:48.03 application
  47280 1001      20   0 1319336 343856  42964 S 401.0   2.1  36:52.04 application
  47280 1001      20   0 1319336 344384  42964 S 402.0   2.1  36:56.06 application
  47280 1001      20   0 1320360 344384  42964 S 400.0   2.1  37:00.06 application
  47280 1001      20   0 1320360 344384  42964 S 399.0   2.1  37:04.05 application
  47280 1001      20   0 1320360 344384  42964 S 400.0   2.1  37:08.09 application
  47280 1001      20   0 1320360 344648  42964 S 400.0   2.1  37:12.09 application
  47280 1001      20   0 1320360 345176  42964 S 403.0   2.1  37:16.12 application
  47280 1001      20   0 1320360 345176  42964 S 400.0   2.1  37:20.12 application
  47280 1001      20   0 1320360 345176  42964 S 398.0   2.1  37:24.10 application
  47280 1001      20   0 1320360 345176  42964 S 403.0   2.1  37:28.13 application
  47280 1001      20   0 1320360 345176  42964 S 394.1   2.1  37:32.11 application
  47280 1001      20   0 1320360 345176  42964 S 403.0   2.1  37:36.14 application
  47280 1001      20   0 1320360 345176  42964 S 400.0   2.1  37:40.14 application
  47280 1001      20   0 1320360 345440  42964 S 403.0   2.1  37:44.17 application
  47280 1001      20   0 1320360 345440  42964 S 400.0   2.1  37:48.17 application
  47280 1001      20   0 1321384 345440  42964 S 401.0   2.1  37:52.18 application
  47280 1001      20   0 1321384 345440  42964 S 401.0   2.1  37:56.19 application
  47280 1001      20   0 1321384 345440  42964 S 400.0   2.1  38:00.19 application
  47280 1001      20   0 1321384 345440  42964 S 399.0   2.1  38:04.22 application
  47280 1001      20   0 1321384 345440  42964 S 398.0   2.1  38:08.20 application
  47280 1001      20   0 1321384 345440  42964 S 404.0   2.1  38:12.24 application
  47280 1001      20   0 1321384 345704  42964 S 403.0   2.1  38:16.27 application
  47280 1001      20   0 1321384 345704  42964 S 400.0   2.1  38:20.27 application
  47280 1001      20   0 1321384 345704  42964 S 403.0   2.1  38:24.30 application
  47280 1001      20   0 1321384 345704  42964 S 398.0   2.1  38:28.28 application
  47280 1001      20   0 1321384 345704  42964 S 396.0   2.1  38:32.28 application
  47280 1001      20   0 1321