  27698 1001      20   0 3149416 332736  47196 S   0.0   2.0   2:58.26 application
  27698 1001      20   0 3193468 335272  47196 S 312.0   2.1   3:01.38 application
  27698 1001      20   0 3193468 335536  47196 S 338.0   2.1   3:04.76 application
  27698 1001      20   0 3193468 335800  47196 S 336.0   2.1   3:08.12 application
  27698 1001      20   0 3201664 336324  47196 S 336.0   2.1   3:11.48 application
  27698 1001      20   0 3202688 336584  47196 S 337.0   2.1   3:14.85 application
  27698 1001      20   0 3202688 336844  47196 S 333.7   2.1   3:18.22 application
  27698 1001      20   0 3202688 337108  47196 S 339.0   2.1   3:21.61 application
  27698 1001      20   0 3202688 337108  47196 S 339.0   2.1   3:25.00 application
  27698 1001      20   0 3202688 337108  47196 S 336.0   2.1   3:28.36 application
  27698 1001      20   0 3211908 337108  47196 S 337.0   2.1   3:31.73 application
  27698 1001      20   0 3236496 337632  47196 S 333.0   2.1   3:35.06 application
  27698 1001      20   0 3386008 339212  47196 S 337.0   2.1   3:38.43 application
  27698 1001      20   0 3386008 339476  47196 S 336.0   2.1   3:41.79 application
  27698 1001      20   0 3386008 339740  47196 S 341.0   2.1   3:45.20 application
  27698 1001      20   0 3386008 340000  47196 S 335.0   2.1   3:48.55 application
  27698 1001      20   0 3386008 340000  47196 S 331.7   2.1   3:51.90 application
  27698 1001      20   0 3387032 340000  47196 S 341.0   2.1   3:55.31 application
  27698 1001      20   0 3387032 340260  47196 S 339.0   2.1   3:58.70 application
  27698 1001      20   0 3387032 340260  47196 S 337.0   2.1   4:02.07 application
  27698 1001      20   0 3387032 340524  47196 S 336.0   2.1   4:05.43 application
  27698 1001      20   0 3387032 340788  47196 S 336.0   2.1   4:08.79 application
  27698 1001      20   0 3387032 341052  47196 S 338.0   2.1   4:12.17 application
  27698 1001      20   0 3388056 341576  47196 S 336.0   2.1   4:15.53 application
  27698 1001      20   0 3388056 341836  47196 S 338.0   2.1   4:18.91 application
  27698 1001      20   0 3388056 341836  47196 S 337.0   2.1   4:22.28 application
  27698 1001      20   0 3388056 342100  47196 S 332.7   2.1   4:25.64 application
  27698 1001      20   0 3388056 342100  47196 S 337.0   2.1   4:29.01 application
  27698 1001      20   0 3388056 342100  47196 S 336.0   2.1   4:32.37 application
  27698 1001      20   0 3389080 342360  47196 S 337.0   2.1   4:35.74 application
  27698 1001      20   0 3389080 342360  47196 S 336.0   2.1   4:39.10 application
  27698 1001      20   0 3389080 342360  47196 S 341.0   2.1   4:42.51 application
  27698 1001      20   0 3389080 342360  47196 S 336.0   2.1   4:45.87 application
  27698 1001      20   0 3389080 342620  47196 S 337.0   2.1   4:49.24 application
  27698 1001      20   0 3389080 342884  47196 S 336.0   2.1   4:52.60 application
  27698 1001      20   0 3390104 342884  47196 S 336.0   2.1   4:55.96 application
  27698 1001      20   0 3390104 343148  47196 S 331.7   2.1   4:59.31 application
  27698 1001      20   0 3390104 343412  47196 S 336.0   2.1   5:02.67 application
  27698 1001      20   0 3390104 343676  47196 S 338.0   2.1   5:06.05 application
  27698 1001      20   0 3390104 343940  47196 S 337.0   2.1   5:09.42 application
  27698 1001      20   0 3390104 343940  47196 S 339.0   2.1   5:12.81 application
  27698 1001      20   0 3390104 343940  47196 S 336.0   2.1   5:16.17 application
  27698 1001      20   0 3391128 344420  47196 S 340.0   2.1   5:19.57 application
  27698 1001      20   0 3391128 344684  47196 S 339.0   2.1   5:22.96 application
  27698 1001      20   0 3391128 344684  47196 S 339.0   2.1   5:26.35 application
  27698 1001      20   0 3391128 344948  47196 S 334.0   2.1   5:29.69 application
  27698 1001      20   0 3391128 345212  47196 S 333.7   2.1   5:33.06 application
  27698 1001      20   0 3391128 345472  47196 S 342.0   2.1   5:36.48 application
  27698 1001      20   0 3392152 345472  47196 S 337.0   2.1   5:39.85 application
  27698 1001      20   0 3392