  27320 1001      20   0 1291692 315992  42844 S   0.0   1.9   5:57.41 application
  27320 1001      20   0 1292716 316256  42844 S 208.0   1.9   5:59.49 application
  27320 1001      20   0 1292716 316520  42844 S 302.0   1.9   6:02.51 application
  27320 1001      20   0 1292716 316520  42844 S 300.0   1.9   6:05.51 application
  27320 1001      20   0 1292716 316784  42844 S 301.0   1.9   6:08.52 application
  27320 1001      20   0 1292716 317048  42844 S 302.0   1.9   6:11.54 application
  27320 1001      20   0 1292716 317048  42844 S 298.0   1.9   6:14.55 application
  27320 1001      20   0 1292716 317048  42844 S 304.0   1.9   6:17.59 application
  27320 1001      20   0 1292716 317048  42844 S 304.0   1.9   6:20.63 application
  27320 1001      20   0 1292716 317048  42844 S 308.0   1.9   6:23.71 application
  27320 1001      20   0 1292716 317048  42844 S 306.0   1.9   6:26.77 application
  27320 1001      20   0 1292716 317048  42844 S 304.0   1.9   6:29.81 application
  27320 1001      20   0 1292716 317048  42844 S 309.0   1.9   6:32.90 application
  27320 1001      20   0 1292716 317048  42844 S 302.0   1.9   6:35.92 application
  27320 1001      20   0 1292716 317048  42844 S 294.1   1.9   6:38.89 application
  27320 1001      20   0 1292716 317048  42844 S 298.0   1.9   6:41.87 application
  27320 1001      20   0 1292716 317312  42844 S 301.0   1.9   6:44.88 application
  27320 1001      20   0 1292716 317312  42844 S 302.0   1.9   6:47.90 application
  27320 1001      20   0 1292716 317312  42844 S 306.0   1.9   6:50.96 application
  27320 1001      20   0 1292716 317312  42844 S 302.0   1.9   6:53.98 application
  27320 1001      20   0 1292716 317312  42844 S 297.0   1.9   6:56.95 application
  27320 1001      20   0 1292716 317312  42844 S 294.1   1.9   6:59.92 application
  27320 1001      20   0 1292716 317312  42844 S 299.0   1.9   7:02.91 application
  27320 1001      20   0 1292716 317636  42908 S 303.0   1.9   7:05.94 application
  27320 1001      20   0 1292716 317636  42908 S 306.0   1.9   7:09.00 application
  27320 1001      20   0 1292716 317636  42908 S 301.0   1.9   7:12.01 application
  27320 1001      20   0 1292716 317636  42908 S 301.0   1.9   7:15.02 application
  27320 1001      20   0 1292716 317636  42908 S 301.0   1.9   7:18.03 application
  27320 1001      20   0 1292716 317636  42908 S 299.0   1.9   7:21.02 application
  27320 1001      20   0 1292716 317636  42908 S 297.0   1.9   7:24.02 application
  27320 1001      20   0 1292716 317636  42908 S 297.0   1.9   7:26.99 application
  27320 1001      20   0 1292716 317636  42908 S 294.0   1.9   7:29.93 application
  27320 1001      20   0 1293740 317636  42908 S 297.0   1.9   7:32.90 application
  27320 1001      20   0 1293740 317636  42908 S 303.0   1.9   7:35.93 application
  27320 1001      20   0 1293740 317636  42908 S 295.0   1.9   7:38.88 application
  27320 1001      20   0 1293740 317636  42908 S 298.0   1.9   7:41.86 application
  27320 1001      20   0 1293740 317636  42908 S 309.0   1.9   7:44.95 application
  27320 1001      20   0 1293740 317900  42908 S 299.0   1.9   7:47.97 application
  27320 1001      20   0 1293740 317900  42908 S 301.0   1.9   7:50.98 application
  27320 1001      20   0 1293740 317900  42908 S 302.0   1.9   7:54.00 application
  27320 1001      20   0 1293740 317900  42908 S 303.0   1.9   7:57.03 application
  27320 1001      20   0 1293740 318224  42972 S 303.0   2.0   8:00.06 application
  27320 1001      20   0 1293740 318224  42972 S 297.0   2.0   8:03.03 application
  27320 1001      20   0 1293740 318224  42972 S 301.0   2.0   8:06.04 application
  27320 1001      20   0 1293740 318224  42972 S 304.0   2.0   8:09.08 application
  27320 1001      20   0 1293740 318224  42972 S 299.0   2.0   8:12.10 application
  27320 1001      20   0 1293740 318224  42972 S 301.0   2.0   8:15.11 application
  27320 1001      20   0 1293740 318224  42972 S 304.0   2.0   8:18.15 application
  27320 1001      20   0 1293740 318224  42972 S 299.0   2.0   8:21.14 application
  27320 1001      20   0 1293