   6634 1001      20   0 5055216 387748  47864 S 106.7   2.4  13:52.12 application
   6634 1001      20   0 5055216 388276  47864 S 403.0   2.4  13:56.15 application
   6634 1001      20   0 5056240 388540  47864 S 400.0   2.4  14:00.15 application
   6634 1001      20   0 5056240 389064  47864 S 400.0   2.4  14:04.15 application
   6634 1001      20   0 5057264 389592  47864 S 395.0   2.4  14:08.14 application
   6634 1001      20   0 5057264 389592  47864 S 401.0   2.4  14:12.15 application
   6634 1001      20   0 5057264 389856  47864 S 400.0   2.4  14:16.15 application
   6634 1001      20   0 5057264 390384  47864 S 400.0   2.4  14:20.15 application
   6634 1001      20   0 5058288 390648  47864 S 400.0   2.4  14:24.15 application
   6634 1001      20   0 5058288 390908  47864 S 400.0   2.4  14:28.15 application
   6634 1001      20   0 5058288 391436  47864 S 400.0   2.4  14:32.15 application
   6634 1001      20   0 5059312 391700  47864 S 400.0   2.4  14:36.15 application
   6634 1001      20   0 5059312 392228  47864 S 396.0   2.4  14:40.15 application
   6634 1001      20   0 5059312 393016  47864 S 401.0   2.4  14:44.16 application
   6634 1001      20   0 5060336 393280  47864 S 401.0   2.4  14:48.17 application
   6634 1001      20   0 5060336 393544  47864 S 401.0   2.4  14:52.18 application
   6634 1001      20   0 5060336 394072  47864 S 399.0   2.4  14:56.17 application
   6634 1001      20   0 5062384 395128  47864 S 403.0   2.4  15:00.20 application
   6634 1001      20   0 5062384 395920  47864 S 402.0   2.4  15:04.22 application
   6634 1001      20   0 5062384 396184  47864 S 400.0   2.4  15:08.22 application
   6634 1001      20   0 5062384 396184  47864 S 401.0   2.4  15:12.23 application
   6634 1001      20   0 5063408 396712  47864 S 399.0   2.4  15:16.22 application
   6634 1001      20   0 5063408 396976  47864 S 403.0   2.4  15:20.25 application
   6634 1001      20   0 5063408 396976  47864 S 398.0   2.4  15:24.27 application
   6634 1001      20   0 5064432 396976  47864 S 402.0   2.4  15:28.29 application
   6634 1001      20   0 5064432 397240  47864 S 400.0   2.4  15:32.29 application
   6634 1001      20   0 5064432 397504  47864 S 402.0   2.4  15:36.31 application
   6634 1001      20   0 5065456 398032  47864 S 397.0   2.4  15:40.28 application
   6634 1001      20   0 5065456 398556  47864 S 403.0   2.4  15:44.31 application
   6634 1001      20   0 5065456 399080  47864 S 399.0   2.4  15:48.30 application
   6634 1001      20   0 5066480 399608  47864 S 403.0   2.5  15:52.33 application
   6634 1001      20   0 5066480 400136  47864 S 404.0   2.5  15:56.37 application
   6634 1001      20   0 5066480 400136  47864 S 399.0   2.5  16:00.36 application
   6634 1001      20   0 5067504 400400  47864 S 393.1   2.5  16:04.33 application
   6634 1001      20   0 5067504 400664  47864 S 408.0   2.5  16:08.41 application
   6634 1001      20   0 5067504 401188  47864 S 402.0   2.5  16:12.43 application
   6634 1001      20   0 5068528 401452  47864 S 398.0   2.5  16:16.41 application
   6634 1001      20   0 5068528 401716  47864 S 396.0   2.5  16:20.37 application
   6634 1001      20   0 5068528 401980  47864 S 398.0   2.5  16:24.35 application
   6634 1001      20   0 5069552 402508  47864 S 409.0   2.5  16:28.44 application
   6634 1001      20   0 5069552 403036  47864 S 403.0   2.5  16:32.47 application
   6634 1001      20   0 5069552 403300  47864 S 397.0   2.5  16:36.44 application
   6634 1001      20   0 5070576 403564  47864 S 400.0   2.5  16:40.48 application
   6634 1001      20   0 5070576 403564  47864 S 390.0   2.5  16:44.38 application
   6634 1001      20   0 5070576 404092  47864 S 410.0   2.5  16:48.48 application
   6634 1001      20   0 5071600 404620  47864 S 397.0   2.5  16:52.45 application
   6634 1001      20   0 5071600 404884  47864 S 404.0   2.5  16:56.49 application
   6634 1001      20   0 5056232 406304  47864 S 396.0   2.5  17:00.45 application
   6634 1001      20   0 5056232 406568  47864 S 403.0   2.5  17:04.48 application
   6634 1001      20   0 5057