   6322 1001      20   0 1300908 325524  42824 S   0.0   2.0  19:19.45 application
   6322 1001      20   0 1301932 326052  42824 S 242.0   2.0  19:21.87 application
   6322 1001      20   0 1301932 326052  42824 S 403.0   2.0  19:25.90 application
   6322 1001      20   0 1301932 326052  42824 S 403.0   2.0  19:29.93 application
   6322 1001      20   0 1301932 326052  42824 S 395.0   2.0  19:33.92 application
   6322 1001      20   0 1301932 326052  42824 S 403.0   2.0  19:37.95 application
   6322 1001      20   0 1301932 326052  42824 S 399.0   2.0  19:41.94 application
   6322 1001      20   0 1301932 326052  42824 S 399.0   2.0  19:45.93 application
   6322 1001      20   0 1301932 326316  42824 S 402.0   2.0  19:49.95 application
   6322 1001      20   0 1301932 326316  42824 S 402.0   2.0  19:53.97 application
   6322 1001      20   0 1301932 326316  42824 S 400.0   2.0  19:57.97 application
   6322 1001      20   0 1301932 326316  42824 S 402.0   2.0  20:01.99 application
   6322 1001      20   0 1301932 326316  42824 S 394.1   2.0  20:05.97 application
   6322 1001      20   0 1301932 326316  42824 S 400.0   2.0  20:09.97 application
   6322 1001      20   0 1302956 326580  42824 S 401.0   2.0  20:13.98 application
   6322 1001      20   0 1302956 326580  42824 S 399.0   2.0  20:17.97 application
   6322 1001      20   0 1302956 326580  42824 S 400.0   2.0  20:21.97 application
   6322 1001      20   0 1302956 326580  42824 S 402.0   2.0  20:25.99 application
   6322 1001      20   0 1302956 326580  42824 S 402.0   2.0  20:30.01 application
   6322 1001      20   0 1302956 326580  42824 S 400.0   2.0  20:34.01 application
   6322 1001      20   0 1302956 326580  42824 S 400.0   2.0  20:38.01 application
   6322 1001      20   0 1302956 327108  42824 S 396.0   2.0  20:42.01 application
   6322 1001      20   0 1302956 327108  42824 S 400.0   2.0  20:46.01 application
   6322 1001      20   0 1302956 327108  42824 S 400.0   2.0  20:50.01 application
   6322 1001      20   0 1302956 327108  42824 S 400.0   2.0  20:54.01 application
   6322 1001      20   0 1302956 327108  42824 S 400.0   2.0  20:58.01 application
   6322 1001      20   0 1302956 327108  42824 S 400.0   2.0  21:02.01 application
   6322 1001      20   0 1302956 327108  42824 S 400.0   2.0  21:06.01 application
   6322 1001      20   0 1302956 327108  42824 S 400.0   2.0  21:10.01 application
   6322 1001      20   0 1302956 327108  42824 S 400.0   2.0  21:14.01 application
   6322 1001      20   0 1302956 327372  42824 S 396.0   2.0  21:18.01 application
   6322 1001      20   0 1302956 327636  42824 S 400.0   2.0  21:22.01 application
   6322 1001      20   0 1302956 327636  42824 S 400.0   2.0  21:26.01 application
   6322 1001      20   0 1303980 327636  42824 S 400.0   2.0  21:30.01 application
   6322 1001      20   0 1303980 327900  42824 S 400.0   2.0  21:34.01 application
   6322 1001      20   0 1303980 327900  42824 S 400.0   2.0  21:38.01 application
   6322 1001      20   0 1303980 328164  42824 S 400.0   2.0  21:42.01 application
   6322 1001      20   0 1303980 328164  42824 S 396.0   2.0  21:46.01 application
   6322 1001      20   0 1303980 328164  42824 S 400.0   2.0  21:50.01 application
   6322 1001      20   0 1303980 328164  42824 S 400.0   2.0  21:54.01 application
   6322 1001      20   0 1303980 328164  42824 S 400.0   2.0  21:58.01 application
   6322 1001      20   0 1303980 328164  42824 S 400.0   2.0  22:02.01 application
   6322 1001      20   0 1303980 328428  42824 S 400.0   2.0  22:06.01 application
   6322 1001      20   0 1303980 328428  42824 S 400.0   2.0  22:10.01 application
   6322 1001      20   0 1303980 328428  42824 S 400.0   2.0  22:14.01 application
   6322 1001      20   0 1303980 328428  42824 S 396.0   2.0  22:18.01 application
   6322 1001      20   0 1303980 328428  42824 S 401.0   2.0  22:22.02 application
   6322 1001      20   0 1303980 328428  42824 S 401.0   2.0  22:26.03 application
   6322 1001      20   0 1303980 328956  42824 S 401.0   2.0  22:30.04 application
   6322 1001      20   0 1303