   6322 1001      20   0 1290668 314260  42636 S  40.0   1.9   3:59.28 application
   6322 1001      20   0 1290668 314788  42636 S 195.0   1.9   4:01.23 application
   6322 1001      20   0 1290668 314788  42636 S 194.0   1.9   4:03.17 application
   6322 1001      20   0 1290668 314788  42636 S 197.0   1.9   4:05.14 application
   6322 1001      20   0 1290668 314788  42636 S 199.0   1.9   4:07.13 application
   6322 1001      20   0 1290668 314788  42636 S 197.0   1.9   4:09.10 application
   6322 1001      20   0 1290668 315052  42636 S 197.0   1.9   4:11.07 application
   6322 1001      20   0 1290668 315052  42636 S 193.1   1.9   4:13.02 application
   6322 1001      20   0 1290668 315052  42636 S 193.0   1.9   4:14.95 application
   6322 1001      20   0 1290668 315052  42636 S 192.0   1.9   4:16.87 application
   6322 1001      20   0 1290668 315052  42636 S 192.0   1.9   4:18.79 application
   6322 1001      20   0 1290668 315052  42636 S 192.0   1.9   4:20.71 application
   6322 1001      20   0 1290668 315052  42636 S 193.0   1.9   4:22.64 application
   6322 1001      20   0 1290668 315052  42636 S 199.0   1.9   4:24.63 application
   6322 1001      20   0 1290668 315052  42636 S 197.0   1.9   4:26.62 application
   6322 1001      20   0 1290668 315052  42636 S 201.0   1.9   4:28.63 application
   6322 1001      20   0 1290668 315052  42636 S 199.0   1.9   4:30.62 application
   6322 1001      20   0 1290668 315052  42636 S 198.0   1.9   4:32.60 application
   6322 1001      20   0 1290668 315052  42636 S 199.0   1.9   4:34.59 application
   6322 1001      20   0 1290668 315376  42700 S 199.0   1.9   4:36.58 application
   6322 1001      20   0 1290668 315376  42700 S 199.0   1.9   4:38.57 application
   6322 1001      20   0 1290668 315376  42700 S 197.0   1.9   4:40.54 application
   6322 1001      20   0 1290668 315376  42700 S 200.0   1.9   4:42.54 application
   6322 1001      20   0 1290668 315376  42700 S 198.0   1.9   4:44.54 application
   6322 1001      20   0 1290668 315376  42700 S 201.0   1.9   4:46.55 application
   6322 1001      20   0 1290668 315376  42700 S 200.0   1.9   4:48.55 application
   6322 1001      20   0 1291692 315376  42700 S 202.0   1.9   4:50.57 application
   6322 1001      20   0 1291692 315376  42700 S 196.0   1.9   4:52.53 application
   6322 1001      20   0 1291692 315376  42700 S 196.0   1.9   4:54.49 application
   6322 1001      20   0 1291692 315376  42700 S 196.0   1.9   4:56.45 application
   6322 1001      20   0 1291692 315376  42700 S 193.0   1.9   4:58.38 application
   6322 1001      20   0 1291692 315376  42700 S 190.1   1.9   5:00.30 application
   6322 1001      20   0 1291692 315376  42700 S 195.0   1.9   5:02.25 application
   6322 1001      20   0 1291692 315640  42700 S 195.0   1.9   5:04.20 application
   6322 1001      20   0 1291692 315640  42700 S 196.0   1.9   5:06.16 application
   6322 1001      20   0 1291692 315640  42700 S 196.0   1.9   5:08.12 application
   6322 1001      20   0 1291692 315640  42700 S 197.0   1.9   5:10.09 application
   6322 1001      20   0 1291692 315640  42700 S 198.0   1.9   5:12.07 application
   6322 1001      20   0 1291692 315640  42700 S 200.0   1.9   5:14.07 application
   6322 1001      20   0 1291692 315640  42700 S 197.0   1.9   5:16.06 application
   6322 1001      20   0 1291692 315640  42700 S 196.0   1.9   5:18.02 application
   6322 1001      20   0 1291692 315640  42700 S 192.0   1.9   5:19.94 application
   6322 1001      20   0 1291692 315640  42700 S 195.0   1.9   5:21.89 application
   6322 1001      20   0 1291692 315640  42700 S 194.0   1.9   5:23.83 application
   6322 1001      20   0 1291692 315640  42700 S 193.0   1.9   5:25.76 application
   6322 1001      20   0 1291692 315640  42700 S 193.0   1.9   5:27.69 application
   6322 1001      20   0 1291692 315640  42700 S 191.1   1.9   5:29.62 application
   6322 1001      20   0 1291692 315640  42700 S 192.0   1.9   5:31.54 application
   6322 1001      20   0 1291692 315640  42700 S 195.0   1.9   5:33.49 application
   6322 1001      20   0 1291