   6322 1001      20   0 1329580 353772  42824 S   0.0   2.2  43:18.73 application
   6322 1001      20   0 1329580 354564  42824 S 380.0   2.2  43:22.53 application
   6322 1001      20   0 1329580 354564  42824 S 402.0   2.2  43:26.55 application
   6322 1001      20   0 1329580 354564  42824 S 398.0   2.2  43:30.57 application
   6322 1001      20   0 1329580 354564  42824 S 400.0   2.2  43:34.57 application
   6322 1001      20   0 1329580 354564  42824 S 403.0   2.2  43:38.60 application
   6322 1001      20   0 1330604 354564  42824 S 401.0   2.2  43:42.61 application
   6322 1001      20   0 1330604 354564  42824 S 401.0   2.2  43:46.62 application
   6322 1001      20   0 1330604 354564  42824 S 399.0   2.2  43:50.61 application
   6322 1001      20   0 1330604 354564  42824 S 402.0   2.2  43:54.63 application
   6322 1001      20   0 1330604 354828  42824 S 397.0   2.2  43:58.64 application
   6322 1001      20   0 1330604 354828  42824 S 401.0   2.2  44:02.65 application
   6322 1001      20   0 1330604 354828  42824 S 402.0   2.2  44:06.67 application
   6322 1001      20   0 1330604 354828  42824 S 401.0   2.2  44:10.68 application
   6322 1001      20   0 1330604 354828  42824 S 402.0   2.2  44:14.70 application
   6322 1001      20   0 1330604 354828  42824 S 400.0   2.2  44:18.70 application
   6322 1001      20   0 1330604 354828  42824 S 399.0   2.2  44:22.73 application
   6322 1001      20   0 1330604 355092  42824 S 400.0   2.2  44:26.73 application
   6322 1001      20   0 1331628 355092  42824 S 402.0   2.2  44:30.75 application
   6322 1001      20   0 1331628 355092  42824 S 399.0   2.2  44:34.74 application
   6322 1001      20   0 1331628 355092  42824 S 401.0   2.2  44:38.75 application
   6322 1001      20   0 1331628 355356  42824 S 402.0   2.2  44:42.77 application
   6322 1001      20   0 1331628 355620  42824 S 401.0   2.2  44:46.78 application
   6322 1001      20   0 1331628 355620  42824 S 403.0   2.2  44:50.81 application
   6322 1001      20   0 1331628 355884  42824 S 395.0   2.2  44:54.80 application
   6322 1001      20   0 1331628 355884  42824 S 400.0   2.2  44:58.80 application
   6322 1001      20   0 1331628 356148  42824 S 402.0   2.2  45:02.82 application
   6322 1001      20   0 1331628 356412  42824 S 398.0   2.2  45:06.80 application
   6322 1001      20   0 1331628 356676  42824 S 401.0   2.2  45:10.81 application
   6322 1001      20   0 1331628 356676  42824 S 399.0   2.2  45:14.80 application
   6322 1001      20   0 1331628 356676  42824 S 403.0   2.2  45:18.83 application
   6322 1001      20   0 1332652 356940  42824 S 399.0   2.2  45:22.82 application
   6322 1001      20   0 1332652 356940  42824 S 402.0   2.2  45:26.84 application
   6322 1001      20   0 1332652 356940  42824 S 399.0   2.2  45:30.83 application
   6322 1001      20   0 1332652 356940  42824 S 404.0   2.2  45:34.87 application
   6322 1001      20   0 1332652 356940  42824 S 397.0   2.2  45:38.88 application
   6322 1001      20   0 1332652 356940  42824 S 401.0   2.2  45:42.89 application
   6322 1001      20   0 1332652 356940  42824 S 398.0   2.2  45:46.87 application
   6322 1001      20   0 1332652 356940  42824 S 401.0   2.2  45:50.88 application
   6322 1001      20   0 1332652 356940  42824 S 400.0   2.2  45:54.88 application
   6322 1001      20   0 1332652 357204  42824 S 400.0   2.2  45:58.88 application
   6322 1001      20   0 1332652 357468  42824 S 401.0   2.2  46:02.89 application
   6322 1001      20   0 1333676 357468  42824 S 400.0   2.2  46:06.89 application
   6322 1001      20   0 1333676 357732  42824 S 401.0   2.2  46:10.90 application
   6322 1001      20   0 1333676 357732  42824 S 396.0   2.2  46:14.90 application
   6322 1001      20   0 1333676 357732  42824 S 399.0   2.2  46:18.89 application
   6322 1001      20   0 1333676 357732  42824 S 401.0   2.2  46:22.90 application
   6322 1001      20   0 1333676 357732  42824 S 400.0   2.2  46:26.90 application
   6322 1001      20   0 1333676 357996  42824 S 400.0   2.2  46:30.90 application
   6322 1001      20   0 1333