   6322 1001      20   0 1357228 381756  42824 S  80.0   2.3  63:18.85 application
   6322 1001      20   0 1358252 382284  42824 S 407.0   2.3  63:22.92 application
   6322 1001      20   0 1358252 382284  42824 S 400.0   2.3  63:26.92 application
   6322 1001      20   0 1358252 382284  42824 S 401.0   2.3  63:30.93 application
   6322 1001      20   0 1358252 382548  42824 S 401.0   2.3  63:34.94 application
   6322 1001      20   0 1358252 382812  42824 S 396.0   2.3  63:38.94 application
   6322 1001      20   0 1358252 382812  42824 S 402.0   2.3  63:42.96 application
   6322 1001      20   0 1358252 382812  42824 S 399.0   2.3  63:46.95 application
   6322 1001      20   0 1358252 382812  42824 S 404.0   2.3  63:50.99 application
   6322 1001      20   0 1358252 382812  42824 S 401.0   2.3  63:55.00 application
   6322 1001      20   0 1358252 383340  42824 S 402.0   2.4  63:59.02 application
   6322 1001      20   0 1358252 383340  42824 S 400.0   2.4  64:03.02 application
   6322 1001      20   0 1359276 383340  42824 S 397.0   2.4  64:07.03 application
   6322 1001      20   0 1359276 383340  42824 S 401.0   2.4  64:11.04 application
   6322 1001      20   0 1359276 383604  42824 S 401.0   2.4  64:15.05 application
   6322 1001      20   0 1359276 383604  42824 S 401.0   2.4  64:19.06 application
   6322 1001      20   0 1359276 383604  42824 S 398.0   2.4  64:23.04 application
   6322 1001      20   0 1359276 383604  42824 S 404.0   2.4  64:27.08 application
   6322 1001      20   0 1359276 383604  42824 S 398.0   2.4  64:31.06 application
   6322 1001      20   0 1359276 383604  42824 S 404.0   2.4  64:35.10 application
   6322 1001      20   0 1359276 383868  42824 S 394.1   2.4  64:39.08 application
   6322 1001      20   0 1359276 383868  42824 S 403.0   2.4  64:43.11 application
   6322 1001      20   0 1359276 383868  42824 S 397.0   2.4  64:47.08 application
   6322 1001      20   0 1359276 383868  42824 S 406.0   2.4  64:51.14 application
   6322 1001      20   0 1360300 383868  42824 S 399.0   2.4  64:55.13 application
   6322 1001      20   0 1360300 383868  42824 S 401.0   2.4  64:59.14 application
   6322 1001      20   0 1360300 383868  42824 S 400.0   2.4  65:03.14 application
   6322 1001      20   0 1360300 383868  42824 S 401.0   2.4  65:07.15 application
   6322 1001      20   0 1360300 384132  42824 S 399.0   2.4  65:11.18 application
   6322 1001      20   0 1360300 384132  42824 S 399.0   2.4  65:15.17 application
   6322 1001      20   0 1360300 384132  42824 S 403.0   2.4  65:19.20 application
   6322 1001      20   0 1360300 384396  42824 S 400.0   2.4  65:23.20 application
   6322 1001      20   0 1360300 384660  42824 S 401.0   2.4  65:27.21 application
   6322 1001      20   0 1360300 384660  42824 S 400.0   2.4  65:31.21 application
   6322 1001      20   0 1360300 384924  42824 S 399.0   2.4  65:35.20 application
   6322 1001      20   0 1360300 384924  42824 S 401.0   2.4  65:39.21 application
   6322 1001      20   0 1360300 384924  42824 S 396.0   2.4  65:43.21 application
   6322 1001      20   0 1361324 384924  42824 S 400.0   2.4  65:47.21 application
   6322 1001      20   0 1361324 384924  42824 S 399.0   2.4  65:51.20 application
   6322 1001      20   0 1361324 385452  42824 S 401.0   2.4  65:55.21 application
   6322 1001      20   0 1361324 385452  42824 S 400.0   2.4  65:59.21 application
   6322 1001      20   0 1361324 385716  42824 S 400.0   2.4  66:03.21 application
   6322 1001      20   0 1361324 385716  42824 S 400.0   2.4  66:07.21 application
   6322 1001      20   0 1361324 385716  42824 S 400.0   2.4  66:11.21 application
   6322 1001      20   0 1361324 385716  42824 S 400.0   2.4  66:15.21 application
   6322 1001      20   0 1361324 385980  42824 S 396.0   2.4  66:19.21 application
   6322 1001      20   0 1361324 385980  42824 S 400.0   2.4  66:23.21 application
   6322 1001      20   0 1361324 386244  42824 S 400.0   2.4  66:27.21 application
   6322 1001      20   0 1361324 386244  42824 S 400.0   2.4  66:31.21 application
   6322 1001      20   0 1362