   6634 1001      20   0 7821180 580572  48892 S  68.8   3.6  53:51.63 application
   6634 1001      20   0 7821180 580572  48892 S 403.0   3.6  53:55.66 application
   6634 1001      20   0 7821180 580572  48892 S 400.0   3.6  53:59.66 application
   6634 1001      20   0 7821180 580572  48892 S 400.0   3.6  54:03.66 application
   6634 1001      20   0 7821180 580572  48892 S 400.0   3.6  54:07.66 application
   6634 1001      20   0 7821180 580572  48892 S 399.0   3.6  54:11.65 application
   6634 1001      20   0 7821180 580572  48892 S 400.0   3.6  54:15.65 application
   6634 1001      20   0 7821180 580572  48892 S 397.0   3.6  54:19.66 application
   6634 1001      20   0 7821180 581044  48892 S 401.0   3.6  54:23.67 application
   6634 1001      20   0 7821180 581044  48892 S 401.0   3.6  54:27.68 application
   6634 1001      20   0 7821180 581044  48892 S 400.0   3.6  54:31.68 application
   6634 1001      20   0 7821180 581044  48892 S 401.0   3.6  54:35.69 application
   6634 1001      20   0 7821180 581044  48892 S 401.0   3.6  54:39.70 application
   6634 1001      20   0 7821180 581044  48892 S 400.0   3.6  54:43.70 application
   6634 1001      20   0 7821180 581044  48892 S 402.0   3.6  54:47.72 application
   6634 1001      20   0 7821180 581044  48892 S 400.0   3.6  54:51.72 application
   6634 1001      20   0 7821180 581044  48892 S 400.0   3.6  54:55.72 application
   6634 1001      20   0 7821180 581044  48892 S 402.0   3.6  54:59.74 application
   6634 1001      20   0 7821180 581044  48892 S 397.0   3.6  55:03.75 application
   6634 1001      20   0 7821180 581044  48892 S 403.0   3.6  55:07.78 application
   6634 1001      20   0 7821180 581044  48892 S 402.0   3.6  55:11.80 application
   6634 1001      20   0 7821180 581044  48892 S 396.0   3.6  55:15.76 application
   6634 1001      20   0 7821180 581044  48892 S 406.0   3.6  55:19.82 application
   6634 1001      20   0 7821180 581044  48892 S 401.0   3.6  55:23.83 application
   6634 1001      20   0 7821180 581044  48892 S 395.0   3.6  55:27.78 application
   6634 1001      20   0 7821180 581044  48892 S 406.0   3.6  55:31.84 application
   6634 1001      20   0 7821180 581044  48892 S 393.0   3.6  55:35.77 application
   6634 1001      20   0 7821180 581044  48892 S 402.0   3.6  55:39.83 application
   6634 1001      20   0 7821180 581044  48892 S 398.0   3.6  55:43.81 application
   6634 1001      20   0 7821180 581044  48892 S 408.0   3.6  55:47.89 application
   6634 1001      20   0 7821180 581044  48892 S 399.0   3.6  55:51.88 application
   6634 1001      20   0 7821180 581044  48892 S 397.0   3.6  55:55.85 application
   6634 1001      20   0 7821180 581044  48892 S 407.0   3.6  55:59.92 application
   6634 1001      20   0 7821180 581044  48892 S 394.0   3.6  56:03.86 application
   6634 1001      20   0 7821180 581044  48892 S 412.0   3.6  56:07.98 application
   6634 1001      20   0 7821180 581044  48892 S 398.0   3.6  56:11.96 application
   6634 1001      20   0 7821180 581044  48892 S 399.0   3.6  56:15.95 application
   6634 1001      20   0 7821180 581044  48892 S 400.0   3.6  56:19.95 application
   6634 1001      20   0 7812984 581448  48892 S 401.0   3.6  56:24.00 application
   6634 1001      20   0 7812984 581448  48892 S 400.0   3.6  56:28.00 application
   6634 1001      20   0 7812984 581448  48892 S 404.0   3.6  56:32.04 application
   6634 1001      20   0 7812984 581448  48892 S 389.0   3.6  56:35.93 application
   6634 1001      20   0 7812984 581448  48892 S 411.0   3.6  56:40.04 application
   6634 1001      20   0 7812984 581448  48892 S 393.0   3.6  56:43.97 application
   6634 1001      20   0 7812984 581448  48892 S 400.0   3.6  56:47.97 application
   6634 1001      20   0 7812984 581448  48892 S 407.0   3.6  56:52.04 application
   6634 1001      20   0 7804788 581580  48892 S 393.0   3.6  56:55.97 application
   6634 1001      20   0 7804788 581580  48892 S 403.0   3.6  57:00.04 application
   6634 1001      20   0 7804788 581580  48892 S 400.0   3.6  57:04.04 application
   6634 1001      20   0 7804