   6634 1001      20   0 3157612 333816  47608 S   0.0   2.0   2:56.91 application
   6634 1001      20   0 3201664 336452  47608 S 270.0   2.1   2:59.61 application
   6634 1001      20   0 3228300 338824  47608 S 343.0   2.1   3:03.04 application
   6634 1001      20   0 3228300 338824  47608 S 342.0   2.1   3:06.46 application
   6634 1001      20   0 3228300 338824  47608 S 341.0   2.1   3:09.87 application
   6634 1001      20   0 3228300 339348  47608 S 344.0   2.1   3:13.31 application
   6634 1001      20   0 3228300 339612  47608 S 341.6   2.1   3:16.76 application
   6634 1001      20   0 3228300 339612  47608 S 343.0   2.1   3:20.19 application
   6634 1001      20   0 3229324 339872  47608 S 344.0   2.1   3:23.63 application
   6634 1001      20   0 3229324 339872  47608 S 341.0   2.1   3:27.04 application
   6634 1001      20   0 3229324 339872  47608 S 343.0   2.1   3:30.47 application
   6634 1001      20   0 3229324 340136  47608 S 341.0   2.1   3:33.88 application
   6634 1001      20   0 3230348 340396  47608 S 342.0   2.1   3:37.30 application
   6634 1001      20   0 3230348 340396  47608 S 341.0   2.1   3:40.71 application
   6634 1001      20   0 3230348 340396  47608 S 342.0   2.1   3:44.13 application
   6634 1001      20   0 3230348 340916  47608 S 343.0   2.1   3:47.56 application
   6634 1001      20   0 3230348 341176  47608 S 344.0   2.1   3:51.00 application
   6634 1001      20   0 3230348 341440  47608 S 338.6   2.1   3:54.42 application
   6634 1001      20   0 3231372 341704  47608 S 343.0   2.1   3:57.85 application
   6634 1001      20   0 3231372 341704  47608 S 338.0   2.1   4:01.23 application
   6634 1001      20   0 3231372 341964  47608 S 341.0   2.1   4:04.64 application
   6634 1001      20   0 3231372 342224  47608 S 343.0   2.1   4:08.07 application
   6634 1001      20   0 3231372 342224  47608 S 344.0   2.1   4:11.51 application
   6634 1001      20   0 3232396 342752  47608 S 338.0   2.1   4:14.89 application
   6634 1001      20   0 3232396 343016  47608 S 341.0   2.1   4:18.30 application
   6634 1001      20   0 3388056 343016  47608 S 339.0   2.1   4:21.69 application
   6634 1001      20   0 3389080 344072  47608 S 339.0   2.1   4:25.08 application
   6634 1001      20   0 3389080 344336  47608 S 339.6   2.1   4:28.51 application
   6634 1001      20   0 3389080 344336  47608 S 340.0   2.1   4:31.91 application
   6634 1001      20   0 3389080 344336  47608 S 343.0   2.1   4:35.34 application
   6634 1001      20   0 3390104 344336  47608 S 339.0   2.1   4:38.73 application
   6634 1001      20   0 3390104 344600  47608 S 342.0   2.1   4:42.15 application
   6634 1001      20   0 3390104 344864  47608 S 342.0   2.1   4:45.57 application
   6634 1001      20   0 3390104 344864  47608 S 342.0   2.1   4:48.99 application
   6634 1001      20   0 3390104 345124  47608 S 341.0   2.1   4:52.40 application
   6634 1001      20   0 3390104 345388  47608 S 343.0   2.1   4:55.83 application
   6634 1001      20   0 3390104 345648  47608 S 338.6   2.1   4:59.25 application
   6634 1001      20   0 3391128 345912  47608 S 341.0   2.1   5:02.66 application
   6634 1001      20   0 3391128 346176  47608 S 342.0   2.1   5:06.08 application
   6634 1001      20   0 3391128 346176  47608 S 337.0   2.1   5:09.45 application
   6634 1001      20   0 3391128 346176  47608 S 340.0   2.1   5:12.85 application
   6634 1001      20   0 3391128 346176  47608 S 341.0   2.1   5:16.26 application
   6634 1001      20   0 3392152 346176  47608 S 341.0   2.1   5:19.67 application
   6634 1001      20   0 3392152 346176  47608 S 340.0   2.1   5:23.07 application
   6634 1001      20   0 3392152 346436  47608 S 343.0   2.1   5:26.50 application
   6634 1001      20   0 3392152 346436  47608 S 341.0   2.1   5:29.91 application
   6634 1001      20   0 3392152 346436  47608 S 339.0   2.1   5:33.30 application
   6634 1001      20   0 3393176 346700  47608 S 335.6   2.1   5:36.69 application
   6634 1001      20   0 3393176 346960  47608 S 341.0   2.1   5:40.10 application
   6634 1001      20   0 3393