   6634 1001      20   0 7351128 571924  47864 S   0.0   3.5  41:51.80 application
   6634 1001      20   0 7352152 572976  47864 S 385.0   3.5  41:55.65 application
   6634 1001      20   0 7352152 573240  47864 S 395.0   3.5  41:59.64 application
   6634 1001      20   0 7344980 573880  47864 S 400.0   3.5  42:03.64 application
   6634 1001      20   0 7336784 574160  47864 S 401.0   3.5  42:07.65 application
   6634 1001      20   0 7336784 574688  47864 S 400.0   3.5  42:11.65 application
   6634 1001      20   0 7337808 574952  47864 S 399.0   3.5  42:15.64 application
   6634 1001      20   0 7337808 575216  47864 S 400.0   3.5  42:19.64 application
   6634 1001      20   0 7338832 575480  47864 S 401.0   3.5  42:23.65 application
   6634 1001      20   0 7338832 575480  47864 S 395.0   3.5  42:27.64 application
   6634 1001      20   0 7338832 575744  47864 S 402.0   3.5  42:31.66 application
   6634 1001      20   0 7346004 573620  48892 S 401.0   3.5  42:35.67 application
   6634 1001      20   0 7346004 576520  48892 S 401.0   3.5  42:39.68 application
   6634 1001      20   0 7346004 576520  48892 S 399.0   3.5  42:43.67 application
   6634 1001      20   0 7346004 576520  48892 S 403.0   3.5  42:47.70 application
   6634 1001      20   0 7346004 576520  48892 S 400.0   3.5  42:51.70 application
   6634 1001      20   0 7346004 576520  48892 S 399.0   3.5  42:55.69 application
   6634 1001      20   0 7346004 576520  48892 S 404.0   3.5  42:59.73 application
   6634 1001      20   0 7346004 576520  48892 S 402.0   3.5  43:03.75 application
   6634 1001      20   0 7354200 576520  48892 S 399.0   3.5  43:07.74 application
   6634 1001      20   0 7354200 576520  48892 S 399.0   3.5  43:11.77 application
   6634 1001      20   0 7354200 576520  48892 S 395.0   3.5  43:15.72 application
   6634 1001      20   0 7354200 576520  48892 S 406.0   3.5  43:19.78 application
   6634 1001      20   0 7354200 576520  48892 S 398.0   3.5  43:23.76 application
   6634 1001      20   0 7354200 576520  48892 S 402.0   3.5  43:27.78 application
   6634 1001      20   0 7354200 576520  48892 S 403.0   3.5  43:31.81 application
   6634 1001      20   0 7354200 576520  48892 S 402.0   3.5  43:35.83 application
   6634 1001      20   0 7354200 576520  48892 S 396.0   3.5  43:39.79 application
   6634 1001      20   0 7354200 576520  48892 S 409.0   3.5  43:43.88 application
   6634 1001      20   0 7354200 576520  48892 S 399.0   3.5  43:47.87 application
   6634 1001      20   0 7354200 576520  48892 S 398.0   3.5  43:51.89 application
   6634 1001      20   0 7354200 576520  48892 S 391.0   3.5  43:55.80 application
   6634 1001      20   0 7354200 576520  48892 S 405.0   3.5  43:59.85 application
   6634 1001      20   0 7354200 576520  48892 S 407.0   3.5  44:03.92 application
   6634 1001      20   0 7354200 576520  48892 S 400.0   3.5  44:07.92 application
   6634 1001      20   0 7354200 576520  48892 S 403.0   3.5  44:11.95 application
   6634 1001      20   0 7354200 576520  48892 S 398.0   3.5  44:15.93 application
   6634 1001      20   0 7354200 576520  48892 S 399.0   3.5  44:19.92 application
   6634 1001      20   0 7354200 576520  48892 S 405.0   3.5  44:23.97 application
   6634 1001      20   0 7354200 576520  48892 S 397.0   3.5  44:27.98 application
   6634 1001      20   0 7354200 576520  48892 S 402.0   3.5  44:32.00 application
   6634 1001      20   0 7354200 576520  48892 S 398.0   3.5  44:35.98 application
   6634 1001      20   0 7354200 576520  48892 S 404.0   3.5  44:40.02 application
   6634 1001      20   0 7354200 576520  48892 S 393.0   3.5  44:43.95 application
   6634 1001      20   0 7354200 576520  48892 S 408.0   3.5  44:48.03 application
   6634 1001      20   0 7354200 576520  48892 S 400.0   3.5  44:52.03 application
   6634 1001      20   0 7354200 576520  48892 S 394.0   3.5  44:55.97 application
   6634 1001      20   0 7354200 576520  48892 S 406.0   3.5  45:00.03 application
   6634 1001      20   0 7354200 576520  48892 S 396.0   3.5  45:03.99 application
   6634 1001      20   0 7354