   6322 1001      20   0 1305004 329220  42824 S  75.0   2.0  23:19.10 application
   6322 1001      20   0 1306028 329748  42824 S 407.0   2.0  23:23.17 application
   6322 1001      20   0 1306028 329748  42824 S 401.0   2.0  23:27.18 application
   6322 1001      20   0 1306028 329748  42824 S 400.0   2.0  23:31.18 application
   6322 1001      20   0 1306028 330012  42824 S 401.0   2.0  23:35.19 application
   6322 1001      20   0 1306028 330012  42824 S 401.0   2.0  23:39.20 application
   6322 1001      20   0 1306028 330012  42824 S 402.0   2.0  23:43.22 application
   6322 1001      20   0 1306028 330012  42824 S 396.0   2.0  23:47.22 application
   6322 1001      20   0 1306028 330276  42824 S 403.0   2.0  23:51.25 application
   6322 1001      20   0 1306028 330540  42824 S 400.0   2.0  23:55.25 application
   6322 1001      20   0 1306028 330540  42824 S 402.0   2.0  23:59.27 application
   6322 1001      20   0 1306028 330804  42824 S 400.0   2.0  24:03.27 application
   6322 1001      20   0 1306028 330804  42824 S 399.0   2.0  24:07.26 application
   6322 1001      20   0 1306028 330804  42824 S 400.0   2.0  24:11.26 application
   6322 1001      20   0 1306028 330804  42824 S 402.0   2.0  24:15.28 application
   6322 1001      20   0 1306028 330804  42824 S 396.0   2.0  24:19.28 application
   6322 1001      20   0 1306028 330804  42824 S 403.0   2.0  24:23.31 application
   6322 1001      20   0 1307052 331068  42824 S 397.0   2.0  24:27.28 application
   6322 1001      20   0 1307052 331332  42824 S 401.0   2.0  24:31.29 application
   6322 1001      20   0 1307052 331332  42824 S 403.0   2.0  24:35.32 application
   6322 1001      20   0 1307052 331332  42824 S 393.0   2.0  24:39.25 application
   6322 1001      20   0 1307052 331332  42824 S 406.0   2.0  24:43.31 application
   6322 1001      20   0 1307052 331332  42824 S 402.0   2.0  24:47.33 application
   6322 1001      20   0 1307052 331332  42824 S 400.0   2.0  24:51.33 application
   6322 1001      20   0 1307052 331332  42824 S 398.0   2.0  24:55.35 application
   6322 1001      20   0 1307052 331332  42824 S 401.0   2.0  24:59.36 application
   6322 1001      20   0 1307052 331332  42824 S 400.0   2.0  25:03.36 application
   6322 1001      20   0 1307052 331596  42824 S 402.0   2.0  25:07.38 application
   6322 1001      20   0 1307052 331596  42824 S 399.0   2.0  25:11.37 application
   6322 1001      20   0 1307052 331596  42824 S 400.0   2.0  25:15.37 application
   6322 1001      20   0 1307052 331596  42824 S 400.0   2.0  25:19.37 application
   6322 1001      20   0 1307052 331596  42824 S 400.0   2.0  25:23.37 application
   6322 1001      20   0 1307052 331596  42824 S 400.0   2.0  25:27.41 application
   6322 1001      20   0 1307052 331596  42824 S 399.0   2.0  25:31.40 application
   6322 1001      20   0 1307052 331596  42824 S 398.0   2.0  25:35.38 application
   6322 1001      20   0 1307052 331596  42824 S 400.0   2.0  25:39.38 application
   6322 1001      20   0 1307052 332124  42824 S 404.0   2.0  25:43.42 application
   6322 1001      20   0 1308076 332124  42824 S 399.0   2.0  25:47.41 application
   6322 1001      20   0 1308076 332124  42824 S 403.0   2.0  25:51.44 application
   6322 1001      20   0 1308076 332124  42824 S 394.1   2.0  25:55.42 application
   6322 1001      20   0 1308076 332124  42824 S 402.0   2.0  25:59.44 application
   6322 1001      20   0 1308076 332124  42824 S 403.0   2.0  26:03.47 application
   6322 1001      20   0 1308076 332124  42824 S 398.0   2.0  26:07.45 application
   6322 1001      20   0 1308076 332124  42824 S 403.0   2.0  26:11.48 application
   6322 1001      20   0 1308076 332124  42824 S 398.0   2.0  26:15.46 application
   6322 1001      20   0 1308076 332124  42824 S 402.0   2.0  26:19.48 application
   6322 1001      20   0 1308076 332124  42824 S 395.0   2.0  26:23.47 application
   6322 1001      20   0 1308076 332124  42824 S 401.0   2.0  26:27.48 application
   6322 1001      20   0 1308076 332124  42824 S 400.0   2.0  26:31.48 application
   6322 1001      20   0 1308