   6634 1001      20   0 7804788 582640  48892 S  93.8   3.6  61:51.72 application
   6634 1001      20   0 7804788 582640  48892 S 416.0   3.6  61:55.88 application
   6634 1001      20   0 7804788 582640  48892 S 405.0   3.6  61:59.93 application
   6634 1001      20   0 7804788 582640  48892 S 397.0   3.6  62:03.90 application
   6634 1001      20   0 7804788 582640  48892 S 399.0   3.6  62:07.89 application
   6634 1001      20   0 7804788 582640  48892 S 396.0   3.6  62:11.85 application
   6634 1001      20   0 7804788 582640  48892 S 405.0   3.6  62:15.90 application
   6634 1001      20   0 7804788 582700  48892 S 410.0   3.6  62:20.00 application
   6634 1001      20   0 7804788 582700  48892 S 392.0   3.6  62:23.92 application
   6634 1001      20   0 7804788 582700  48892 S 403.0   3.6  62:27.99 application
   6634 1001      20   0 7804788 582700  48892 S 394.0   3.6  62:31.93 application
   6634 1001      20   0 7804788 582700  48892 S 413.0   3.6  62:36.06 application
   6634 1001      20   0 7804788 582700  48892 S 398.0   3.6  62:40.04 application
   6634 1001      20   0 7804788 582700  48892 S 401.0   3.6  62:44.05 application
   6634 1001      20   0 7804788 582700  48892 S 393.0   3.6  62:47.98 application
   6634 1001      20   0 7804788 582700  48892 S 403.0   3.6  62:52.01 application
   6634 1001      20   0 7804788 582700  48892 S 405.0   3.6  62:56.06 application
   6634 1001      20   0 7804788 582700  48892 S 395.0   3.6  63:00.01 application
   6634 1001      20   0 7804788 582700  48892 S 404.0   3.6  63:04.05 application
   6634 1001      20   0 7804788 582700  48892 S 400.0   3.6  63:08.05 application
   6634 1001      20   0 7804788 582700  48892 S 388.1   3.6  63:11.97 application
   6634 1001      20   0 7804788 582700  48892 S 404.0   3.6  63:16.01 application
   6634 1001      20   0 7804788 582700  48892 S 405.0   3.6  63:20.06 application
   6634 1001      20   0 7804788 582700  48892 S 400.0   3.6  63:24.06 application
   6634 1001      20   0 7804788 583028  48892 S 400.0   3.6  63:28.06 application
   6634 1001      20   0 7804788 583028  48892 S 398.0   3.6  63:32.04 application
   6634 1001      20   0 7804788 583028  48892 S 402.0   3.6  63:36.06 application
   6634 1001      20   0 7804788 583028  48892 S 399.0   3.6  63:40.05 application
   6634 1001      20   0 7804788 583028  48892 S 400.0   3.6  63:44.05 application
   6634 1001      20   0 7804788 583028  48892 S 396.0   3.6  63:48.05 application
   6634 1001      20   0 7804788 583028  48892 S 401.0   3.6  63:52.06 application
   6634 1001      20   0 7804788 583028  48892 S 400.0   3.6  63:56.06 application
   6634 1001      20   0 7804788 583028  48892 S 400.0   3.6  64:00.06 application
   6634 1001      20   0 7804788 583028  48892 S 399.0   3.6  64:04.05 application
   6634 1001      20   0 7804788 583028  48892 S 400.0   3.6  64:08.05 application
   6634 1001      20   0 7804788 583028  48892 S 400.0   3.6  64:12.05 application
   6634 1001      20   0 7804788 583028  48892 S 400.0   3.6  64:16.05 application
   6634 1001      20   0 7804788 583028  48892 S 396.0   3.6  64:20.05 application
   6634 1001      20   0 8189840 583028  48892 S 400.0   3.6  64:24.05 application
   6634 1001      20   0 8189840 583028  48892 S 400.0   3.6  64:28.05 application
   6634 1001      20   0 8189840 583028  48892 S 400.0   3.6  64:32.05 application
   6634 1001      20   0 8189840 583028  48892 S 400.0   3.6  64:36.05 application
   6634 1001      20   0 8189840 583028  48892 S 400.0   3.6  64:40.05 application
   6634 1001      20   0 8189840 583028  48892 S 399.0   3.6  64:44.04 application
   6634 1001      20   0 8189840 583028  48892 S 401.0   3.6  64:48.05 application
   6634 1001      20   0 8189840 583028  48892 S 396.0   3.6  64:52.05 application
   6634 1001      20   0 8189840 583028  48892 S 400.0   3.6  64:56.05 application
   6634 1001      20   0 8189840 583028  48892 S 399.0   3.6  65:00.04 application
   6634 1001      20   0 8189840 583028  48892 S 401.0   3.6  65:04.05 application
   6634 1001      20   0 8189