   6634 1001      20   0 3395224 349832  47736 S   6.2   2.1   6:21.23 application
   6634 1001      20   0 3395224 350360  47736 S 208.0   2.1   6:23.31 application
   6634 1001      20   0 3396248 350888  47736 S 339.0   2.2   6:26.70 application
   6634 1001      20   0 3396248 351152  47736 S 352.0   2.2   6:30.22 application
   6634 1001      20   0 3396248 351412  47736 S 352.0   2.2   6:33.74 application
   6634 1001      20   0 3396248 351676  47736 S 350.0   2.2   6:37.24 application
   6634 1001      20   0 3396248 351940  47736 S 357.0   2.2   6:40.81 application
   6634 1001      20   0 3396248 351940  47736 S 355.0   2.2   6:44.36 application
   6634 1001      20   0 3397272 351940  47736 S 352.0   2.2   6:47.88 application
   6634 1001      20   0 3397272 351940  47736 S 351.5   2.2   6:51.43 application
   6634 1001      20   0 3397272 352732  47736 S 351.0   2.2   6:54.94 application
   6634 1001      20   0 3397272 352732  47736 S 354.0   2.2   6:58.48 application
   6634 1001      20   0 3398296 352996  47736 S 353.0   2.2   7:02.01 application
   6634 1001      20   0 3398296 352996  47736 S 358.0   2.2   7:05.59 application
   6634 1001      20   0 3398296 352996  47736 S 356.0   2.2   7:09.15 application
   6634 1001      20   0 3398296 353524  47736 S 350.0   2.2   7:12.65 application
   6634 1001      20   0 3398296 353788  47736 S 356.0   2.2   7:16.21 application
   6634 1001      20   0 3398296 353788  47736 S 354.0   2.2   7:19.75 application
   6634 1001      20   0 3399320 353788  47736 S 349.5   2.2   7:23.28 application
   6634 1001      20   0 3399320 353788  47736 S 354.0   2.2   7:26.82 application
   6634 1001      20   0 3399320 353788  47736 S 353.0   2.2   7:30.35 application
   6634 1001      20   0 3399320 353788  47736 S 352.0   2.2   7:33.87 application
   6634 1001      20   0 3399320 354052  47736 S 356.0   2.2   7:37.43 application
   6634 1001      20   0 3399320 354312  47736 S 352.0   2.2   7:40.95 application
   6634 1001      20   0 3399320 354312  47736 S 354.0   2.2   7:44.49 application
   6634 1001      20   0 3400344 354312  47736 S 353.0   2.2   7:48.02 application
   6634 1001      20   0 3400344 354312  47736 S 355.0   2.2   7:51.57 application
   6634 1001      20   0 3400344 354312  47736 S 351.0   2.2   7:55.08 application
   6634 1001      20   0 3400344 354576  47736 S 356.0   2.2   7:58.64 application
   6634 1001      20   0 3400344 355104  47736 S 349.5   2.2   8:02.17 application
   6634 1001      20   0 3400344 355368  47736 S 353.0   2.2   8:05.70 application
   6634 1001      20   0 3401368 355368  47736 S 349.0   2.2   8:09.19 application
   6634 1001      20   0 3401368 355368  47736 S 356.0   2.2   8:12.75 application
   6634 1001      20   0 3401368 355628  47736 S 349.0   2.2   8:16.24 application
   6634 1001      20   0 3401368 355892  47736 S 353.0   2.2   8:19.77 application
   6634 1001      20   0 3401368 356156  47736 S 354.0   2.2   8:23.31 application
   6634 1001      20   0 3401368 356680  47736 S 354.0   2.2   8:26.85 application
   6634 1001      20   0 3402392 356680  47736 S 354.0   2.2   8:30.39 application
   6634 1001      20   0 3402392 356944  47736 S 348.0   2.2   8:33.87 application
   6634 1001      20   0 3402392 357316  47736 S 349.5   2.2   8:37.40 application
   6634 1001      20   0 3402392 357316  47736 S 353.0   2.2   8:40.93 application
   6634 1001      20   0 3402392 357316  47736 S 355.0   2.2   8:44.48 application
   6634 1001      20   0 3402392 357316  47736 S 354.0   2.2   8:48.02 application
   6634 1001      20   0 3403416 357844  47736 S 354.0   2.2   8:51.56 application
   6634 1001      20   0 3403416 358108  47736 S 356.0   2.2   8:55.12 application
   6634 1001      20   0 3403416 358372  47736 S 354.0   2.2   8:58.66 application
   6634 1001      20   0 3403416 358372  47736 S 354.0   2.2   9:02.20 application
   6634 1001      20   0 3477148 358900  47736 S 355.0   2.2   9:05.75 application
   6634 1001      20   0 3479196 360220  47736 S 355.4   2.2   9:09.34 application
   6634 1001      20   0 3479