   6634 1001      20   0 6103840 487340  47864 S 106.7   3.0  29:51.91 application
   6634 1001      20   0 6104864 488660  47864 S 406.0   3.0  29:55.97 application
   6634 1001      20   0 6104864 489188  47864 S 400.0   3.0  29:59.97 application
   6634 1001      20   0 6081300 490204  47864 S 396.0   3.0  30:03.97 application
   6634 1001      20   0 6081300 490204  47864 S 399.0   3.0  30:07.96 application
   6634 1001      20   0 6081300 490464  47864 S 401.0   3.0  30:11.97 application
   6634 1001      20   0 6082324 491256  47864 S 400.0   3.0  30:15.97 application
   6634 1001      20   0 6082324 491780  47864 S 400.0   3.0  30:19.97 application
   6634 1001      20   0 6083348 492044  47864 S 400.0   3.0  30:23.97 application
   6634 1001      20   0 6083348 492304  47864 S 400.0   3.0  30:27.97 application
   6634 1001      20   0 6083348 493096  47864 S 399.0   3.0  30:31.96 application
   6634 1001      20   0 6084372 493360  47864 S 398.0   3.0  30:35.98 application
   6634 1001      20   0 6084372 493624  47864 S 401.0   3.0  30:39.99 application
   6634 1001      20   0 6084372 493888  47864 S 401.0   3.0  30:44.00 application
   6634 1001      20   0 6085396 494080  47864 S 401.0   3.0  30:48.01 application
   6634 1001      20   0 6085396 494344  47864 S 400.0   3.0  30:52.01 application
   6634 1001      20   0 6085396 494608  47864 S 400.0   3.0  30:56.01 application
   6634 1001      20   0 6086420 495136  47864 S 403.0   3.0  31:00.04 application
   6634 1001      20   0 6086420 495400  47864 S 401.0   3.0  31:04.05 application
   6634 1001      20   0 6086420 495664  47864 S 398.0   3.0  31:08.03 application
   6634 1001      20   0 6087444 495664  47864 S 404.0   3.0  31:12.07 application
   6634 1001      20   0 6196008 498568  47864 S 397.0   3.1  31:16.08 application
   6634 1001      20   0 6197032 498832  47864 S 399.0   3.1  31:20.07 application
   6634 1001      20   0 6197032 499096  47864 S 400.0   3.1  31:24.07 application
   6634 1001      20   0 6198056 499360  47864 S 407.0   3.1  31:28.14 application
   6634 1001      20   0 6198056 499624  47864 S 398.0   3.1  31:32.12 application
   6634 1001      20   0 6198056 500416  47864 S 402.0   3.1  31:36.14 application
   6634 1001      20   0 6199080 500676  47864 S 395.0   3.1  31:40.09 application
   6634 1001      20   0 6199080 500676  47864 S 407.0   3.1  31:44.16 application
   6634 1001      20   0 6200104 500940  47864 S 402.0   3.1  31:48.18 application
   6634 1001      20   0 6200104 501468  47864 S 393.1   3.1  31:52.15 application
   6634 1001      20   0 6200104 502260  47864 S 405.0   3.1  31:56.20 application
   6634 1001      20   0 6201128 502784  47864 S 402.0   3.1  32:00.22 application
   6634 1001      20   0 6201128 503312  47864 S 401.0   3.1  32:04.23 application
   6634 1001      20   0 6201128 503576  47864 S 401.0   3.1  32:08.24 application
   6634 1001      20   0 6202152 504104  47864 S 397.0   3.1  32:12.21 application
   6634 1001      20   0 6202152 504632  47864 S 402.0   3.1  32:16.23 application
   6634 1001      20   0 6203176 504632  47864 S 403.0   3.1  32:20.26 application
   6634 1001      20   0 6203176 504896  47864 S 401.0   3.1  32:24.27 application
   6634 1001      20   0 6203176 505424  47864 S 397.0   3.1  32:28.24 application
   6634 1001      20   0 6204200 505688  47864 S 405.0   3.1  32:32.29 application
   6634 1001      20   0 6204200 505948  47864 S 396.0   3.1  32:36.29 application
   6634 1001      20   0 6204200 505948  47864 S 402.0   3.1  32:40.31 application
   6634 1001      20   0 6205224 506212  47864 S 394.0   3.1  32:44.25 application
   6634 1001      20   0 6205224 506476  47864 S 408.0   3.1  32:48.33 application
   6634 1001      20   0 6206248 506740  47864 S 403.0   3.1  32:52.36 application
   6634 1001      20   0 6206248 507268  47864 S 398.0   3.1  32:56.34 application
   6634 1001      20   0 6206248 508320  47864 S 398.0   3.1  33:00.32 application
   6634 1001      20   0 6207272 508584  47864 S 394.0   3.1  33:04.26 application
   6634 1001      20   0 6207