   6322 1001      20   0 1295788 319980  42824 S   0.0   2.0  11:42.97 application
   6322 1001      20   0 1296812 320772  42824 S 330.0   2.0  11:46.27 application
   6322 1001      20   0 1296812 320772  42824 S 374.0   2.0  11:50.01 application
   6322 1001      20   0 1296812 320772  42824 S 385.0   2.0  11:53.86 application
   6322 1001      20   0 1296812 320772  42824 S 378.0   2.0  11:57.64 application
   6322 1001      20   0 1296812 320772  42824 S 379.2   2.0  12:01.47 application
   6322 1001      20   0 1296812 320772  42824 S 382.0   2.0  12:05.29 application
   6322 1001      20   0 1296812 320772  42824 S 379.0   2.0  12:09.08 application
   6322 1001      20   0 1296812 320772  42824 S 376.0   2.0  12:12.84 application
   6322 1001      20   0 1296812 320772  42824 S 378.0   2.0  12:16.62 application
   6322 1001      20   0 1296812 320772  42824 S 378.0   2.0  12:20.40 application
   6322 1001      20   0 1296812 321036  42824 S 378.0   2.0  12:24.18 application
   6322 1001      20   0 1296812 321564  42824 S 377.2   2.0  12:27.99 application
   6322 1001      20   0 1296812 321564  42824 S 379.0   2.0  12:31.78 application
   6322 1001      20   0 1296812 321564  42824 S 379.0   2.0  12:35.57 application
   6322 1001      20   0 1296812 321564  42824 S 380.0   2.0  12:39.37 application
   6322 1001      20   0 1296812 321564  42824 S 377.0   2.0  12:43.14 application
   6322 1001      20   0 1296812 321564  42824 S 372.0   2.0  12:46.86 application
   6322 1001      20   0 1296812 321564  42824 S 381.0   2.0  12:50.67 application
   6322 1001      20   0 1296812 321564  42824 S 379.0   2.0  12:54.46 application
   6322 1001      20   0 1296812 321564  42824 S 380.0   2.0  12:58.26 application
   6322 1001      20   0 1296812 321564  42824 S 371.3   2.0  13:02.01 application
   6322 1001      20   0 1296812 321564  42824 S 374.0   2.0  13:05.75 application
   6322 1001      20   0 1296812 321564  42824 S 378.0   2.0  13:09.53 application
   6322 1001      20   0 1296812 321564  42824 S 374.0   2.0  13:13.27 application
   6322 1001      20   0 1296812 321564  42824 S 377.0   2.0  13:17.04 application
   6322 1001      20   0 1296812 321564  42824 S 378.0   2.0  13:20.82 application
   6322 1001      20   0 1297836 321564  42824 S 380.0   2.0  13:24.62 application
   6322 1001      20   0 1297836 321564  42824 S 379.0   2.0  13:28.41 application
   6322 1001      20   0 1297836 321564  42824 S 377.0   2.0  13:32.18 application
   6322 1001      20   0 1297836 321828  42824 S 371.3   2.0  13:35.93 application
   6322 1001      20   0 1297836 321828  42824 S 376.0   2.0  13:39.69 application
   6322 1001      20   0 1297836 321828  42824 S 373.0   2.0  13:43.42 application
   6322 1001      20   0 1297836 321828  42824 S 382.0   2.0  13:47.24 application
   6322 1001      20   0 1297836 321828  42824 S 383.0   2.0  13:51.07 application
   6322 1001      20   0 1297836 321828  42824 S 377.0   2.0  13:54.84 application
   6322 1001      20   0 1297836 321828  42824 S 379.0   2.0  13:58.63 application
   6322 1001      20   0 1297836 321828  42824 S 382.0   2.0  14:02.45 application
   6322 1001      20   0 1297836 321828  42824 S 381.0   2.0  14:06.26 application
   6322 1001      20   0 1297836 321828  42824 S 380.2   2.0  14:10.10 application
   6322 1001      20   0 1297836 321828  42824 S 378.0   2.0  14:13.88 application
   6322 1001      20   0 1297836 321828  42824 S 378.0   2.0  14:17.66 application
   6322 1001      20   0 1297836 321828  42824 S 379.0   2.0  14:21.45 application
   6322 1001      20   0 1297836 322092  42824 S 379.0   2.0  14:25.24 application
   6322 1001      20   0 1297836 322092  42824 S 379.0   2.0  14:29.03 application
   6322 1001      20   0 1297836 322356  42824 S 378.0   2.0  14:32.81 application
   6322 1001      20   0 1297836 322356  42824 S 387.0   2.0  14:36.68 application
   6322 1001      20   0 1297836 322356  42824 S 375.2   2.0  14:40.47 application
   6322 1001      20   0 1297836 322356  42824 S 378.0   2.0  14:44.25 application
   6322 1001      20   0 1297