  16979 1001      20   0 1293736 317716  42972 S 100.0   1.9   8:30.30 application
  16979 1001      20   0 1293736 318508  42972 S 288.0   2.0   8:33.18 application
  16979 1001      20   0 1293736 318508  42972 S 282.0   2.0   8:36.00 application
  16979 1001      20   0 1293736 318508  42972 S 278.2   2.0   8:38.81 application
  16979 1001      20   0 1293736 318508  42972 S 280.0   2.0   8:41.61 application
  16979 1001      20   0 1293736 318508  42972 S 278.0   2.0   8:44.39 application
  16979 1001      20   0 1293736 318508  42972 S 281.0   2.0   8:47.20 application
  16979 1001      20   0 1293736 318772  42972 S 277.0   2.0   8:49.97 application
  16979 1001      20   0 1293736 318772  42972 S 284.0   2.0   8:52.81 application
  16979 1001      20   0 1293736 318772  42972 S 279.0   2.0   8:55.60 application
  16979 1001      20   0 1293736 318772  42972 S 276.2   2.0   8:58.39 application
  16979 1001      20   0 1293736 318772  42972 S 284.0   2.0   9:01.23 application
  16979 1001      20   0 1293736 318772  42972 S 289.0   2.0   9:04.12 application
  16979 1001      20   0 1293736 318772  42972 S 284.0   2.0   9:06.96 application
  16979 1001      20   0 1293736 319036  42972 S 276.0   2.0   9:09.72 application
  16979 1001      20   0 1293736 319036  42972 S 273.0   2.0   9:12.45 application
  16979 1001      20   0 1293736 319036  42972 S 273.0   2.0   9:15.18 application
  16979 1001      20   0 1293736 319036  42972 S 272.0   2.0   9:17.90 application
  16979 1001      20   0 1293736 319036  42972 S 275.2   2.0   9:20.68 application
  16979 1001      20   0 1293736 319036  42972 S 284.0   2.0   9:23.52 application
  16979 1001      20   0 1294760 319036  42972 S 288.0   2.0   9:26.40 application
  16979 1001      20   0 1294760 319300  42972 S 280.0   2.0   9:29.20 application
  16979 1001      20   0 1294760 319300  42972 S 286.0   2.0   9:32.06 application
  16979 1001      20   0 1294760 319300  42972 S 289.0   2.0   9:34.95 application
  16979 1001      20   0 1294760 319300  42972 S 294.0   2.0   9:37.89 application
  16979 1001      20   0 1294760 319300  42972 S 293.0   2.0   9:40.82 application
  16979 1001      20   0 1294760 319300  42972 S 288.1   2.0   9:43.73 application
  16979 1001      20   0 1294760 319300  42972 S 294.0   2.0   9:46.67 application
  16979 1001      20   0 1294760 319300  42972 S 293.0   2.0   9:49.60 application
  16979 1001      20   0 1294760 319300  42972 S 290.0   2.0   9:52.50 application
  16979 1001      20   0 1294760 319300  42972 S 288.0   2.0   9:55.38 application
  16979 1001      20   0 1294760 319300  42972 S 287.0   2.0   9:58.25 application
  16979 1001      20   0 1294760 319300  42972 S 280.0   2.0  10:01.05 application
  16979 1001      20   0 1294760 319300  42972 S 283.2   2.0  10:03.91 application
  16979 1001      20   0 1294760 319300  42972 S 287.0   2.0  10:06.78 application
  16979 1001      20   0 1294760 319300  42972 S 284.0   2.0  10:09.62 application
  16979 1001      20   0 1294760 319300  42972 S 281.0   2.0  10:12.43 application
  16979 1001      20   0 1294760 319300  42972 S 283.0   2.0  10:15.26 application
  16979 1001      20   0 1294760 319300  42972 S 281.0   2.0  10:18.07 application
  16979 1001      20   0 1294760 319300  42972 S 287.0   2.0  10:20.94 application
  16979 1001      20   0 1294760 319300  42972 S 291.0   2.0  10:23.85 application
  16979 1001      20   0 1294760 319300  42972 S 288.0   2.0  10:26.73 application
  16979 1001      20   0 1294760 319300  42972 S 284.2   2.0  10:29.60 application
  16979 1001      20   0 1294760 319300  42972 S 294.0   2.0  10:32.54 application
  16979 1001      20   0 1294760 319300  42972 S 299.0   2.0  10:35.53 application
  16979 1001      20   0 1294760 319300  42972 S 290.0   2.0  10:38.43 application
  16979 1001      20   0 1294760 319300  42972 S 290.0   2.0  10:41.33 application
  16979 1001      20   0 1294760 319300  42972 S 282.0   2.0  10:44.15 application
  16979 1001      20   0 1294760 319300  42972 S 290.0   2.0  10:47.05 application
  16979 1001      20   0 1294