   6634 1001      20   0 7354200 577976  48892 S 112.5   3.5  45:51.89 application
   6634 1001      20   0 7354200 577976  48892 S 403.0   3.5  45:55.92 application
   6634 1001      20   0 7354200 577976  48892 S 401.0   3.5  45:59.93 application
   6634 1001      20   0 7354200 577976  48892 S 400.0   3.5  46:03.93 application
   6634 1001      20   0 7354200 577976  48892 S 402.0   3.5  46:07.95 application
   6634 1001      20   0 7354200 577976  48892 S 400.0   3.5  46:11.95 application
   6634 1001      20   0 7354200 577976  48892 S 401.0   3.5  46:15.96 application
   6634 1001      20   0 7354200 577976  48892 S 399.0   3.5  46:19.95 application
   6634 1001      20   0 7354200 577976  48892 S 401.0   3.5  46:23.96 application
   6634 1001      20   0 7354200 577976  48892 S 399.0   3.5  46:27.99 application
   6634 1001      20   0 7354200 577976  48892 S 402.0   3.5  46:32.01 application
   6634 1001      20   0 7354200 577976  48892 S 399.0   3.5  46:36.00 application
   6634 1001      20   0 7354200 577976  48892 S 406.0   3.5  46:40.06 application
   6634 1001      20   0 7354200 577976  48892 S 396.0   3.5  46:44.02 application
   6634 1001      20   0 7354200 577976  48892 S 403.0   3.5  46:48.05 application
   6634 1001      20   0 7354200 577976  48892 S 404.0   3.5  46:52.09 application
   6634 1001      20   0 7354200 577976  48892 S 392.0   3.5  46:56.01 application
   6634 1001      20   0 7354200 577976  48892 S 407.0   3.5  47:00.08 application
   6634 1001      20   0 7354200 577976  48892 S 393.1   3.5  47:04.05 application
   6634 1001      20   0 7354200 577976  48892 S 403.0   3.5  47:08.08 application
   6634 1001      20   0 7354200 577976  48892 S 407.0   3.5  47:12.15 application
   6634 1001      20   0 7354200 577976  48892 S 399.0   3.5  47:16.14 application
   6634 1001      20   0 7354200 577976  48892 S 401.0   3.5  47:20.15 application
   6634 1001      20   0 7354200 577976  48892 S 400.0   3.5  47:24.15 application
   6634 1001      20   0 7354200 578348  48892 S 402.0   3.5  47:28.17 application
   6634 1001      20   0 7354200 578348  48892 S 394.0   3.5  47:32.11 application
   6634 1001      20   0 7354200 578348  48892 S 410.0   3.5  47:36.21 application
   6634 1001      20   0 7354200 578348  48892 S 398.0   3.5  47:40.19 application
   6634 1001      20   0 7354200 578348  48892 S 394.0   3.5  47:44.13 application
   6634 1001      20   0 7354200 578348  48892 S 408.9   3.5  47:48.26 application
   6634 1001      20   0 7354200 578348  48892 S 400.0   3.5  47:52.26 application
   6634 1001      20   0 7354200 578348  48892 S 392.0   3.5  47:56.18 application
   6634 1001      20   0 7354200 578348  48892 S 410.0   3.5  48:00.28 application
   6634 1001      20   0 7354200 578348  48892 S 400.0   3.5  48:04.28 application
   6634 1001      20   0 7354200 578348  48892 S 398.0   3.5  48:08.26 application
   6634 1001      20   0 7354200 578348  48892 S 402.0   3.5  48:12.28 application
   6634 1001      20   0 7354200 578348  48892 S 394.0   3.5  48:16.22 application
   6634 1001      20   0 7354200 578348  48892 S 405.0   3.5  48:20.27 application
   6634 1001      20   0 7354200 578348  48892 S 400.0   3.5  48:24.27 application
   6634 1001      20   0 7354200 578348  48892 S 396.0   3.5  48:28.27 application
   6634 1001      20   0 7354200 578348  48892 S 401.0   3.5  48:32.28 application
   6634 1001      20   0 7354200 578348  48892 S 399.0   3.5  48:36.27 application
   6634 1001      20   0 7354200 578348  48892 S 401.0   3.5  48:40.28 application
   6634 1001      20   0 7354200 578348  48892 S 400.0   3.5  48:44.28 application
   6634 1001      20   0 7354200 578348  48892 S 399.0   3.5  48:48.27 application
   6634 1001      20   0 7354200 578348  48892 S 400.0   3.5  48:52.27 application
   6634 1001      20   0 7354200 578348  48892 S 400.0   3.5  48:56.27 application
   6634 1001      20   0 7354200 578348  48892 S 400.0   3.5  49:00.27 application
   6634 1001      20   0 7337808 578948  48892 S 396.0   3.5  49:04.27 application
   6634 1001      20   0 7337