Running 1m test @ http://erik-pc.local:8080/greeting/Bob
  4 threads and 100 connections
  Thread calibration: mean lat.: 1.167ms, rate sampling interval: 10ms
  Thread calibration: mean lat.: 1.161ms, rate sampling interval: 10ms
  Thread calibration: mean lat.: 1.163ms, rate sampling interval: 10ms
  Thread calibration: mean lat.: 1.180ms, rate sampling interval: 10ms
  Thread Stats   Avg      Stdev     Max   +/- Stdev
    Latency     1.16ms  519.26us   5.89ms   64.10%
    Req/Sec    15.84k     1.02k   21.11k    73.17%
  Latency Distribution (HdrHistogram - Recorded Latency)
 50.000%    1.11ms
 75.000%    1.53ms
 90.000%    1.87ms
 99.000%    2.39ms
 99.900%    2.92ms
 99.990%    3.48ms
 99.999%    4.41ms
100.000%    5.89ms

  Detailed Percentile spectrum:
       Value   Percentile   TotalCount 1/(1-Percentile)

       0.112     0.000000            1         1.00
       0.510     0.100000       299781         1.11
       0.669     0.200000       598550         1.25
       0.819     0.300000       898456         1.43
       0.959     0.400000      1197321         1.67
       1.109     0.500000      1498100         2.00
       1.186     0.550000      1646867         2.22
       1.266     0.600000      1795577         2.50
       1.351     0.650000      1945203         2.86
       1.440     0.700000      2096188         3.33
       1.534     0.750000      2244965         4.00
       1.584     0.775000      2319746         4.44
       1.636     0.800000      2394902         5.00
       1.691     0.825000      2470155         5.71
       1.746     0.850000      2544667         6.67
       1.805     0.875000      2619513         8.00
       1.837     0.887500      2656784         8.89
       1.871     0.900000      2693377        10.00
       1.909     0.912500      2731507        11.43
       1.949     0.925000      2768400        13.33
       1.994     0.937500      2805918        16.00
       2.018     0.943750      2824237        17.78
       2.044     0.950000      2842966        20.00
       2.073     0.956250      2862408        22.86
       2.105     0.962500      2881318        26.67
       2.141     0.968750      2899264        32.00
       2.163     0.971875      2908852        35.56
       2.187     0.975000      2918153        40.00
       2.215     0.978125      2927587        45.71
       2.247     0.981250      2936541        53.33
       2.289     0.984375      2946135        64.00
       2.313     0.985938      2950658        71.11
       2.341     0.987500      2955315        80.00
       2.373     0.989062      2959924        91.43
       2.409     0.990625      2964472       106.67
       2.453     0.992188      2969231       128.00
       2.477     0.992969      2971574       142.22
       2.503     0.993750      2973918       160.00
       2.533     0.994531      2976240       182.86
       2.569     0.995313      2978556       213.33
       2.613     0.996094      2980810       256.00
       2.639     0.996484      2982002       284.44
       2.669     0.996875      2983197       320.00
       2.703     0.997266      2984352       365.71
       2.741     0.997656      2985496       426.67
       2.781     0.998047      2986687       512.00
       2.801     0.998242      2987235       568.89
       2.829     0.998437      2987841       640.00
       2.857     0.998633      2988411       731.43
       2.887     0.998828      2988989       853.33
       2.925     0.999023      2989570      1024.00
       2.947     0.999121      2989852      1137.78
       2.977     0.999219      2990159      1280.00
       3.007     0.999316      2990442      1462.86
       3.043     0.999414      2990734      1706.67
       3.085     0.999512      2991024      2048.00
       3.109     0.999561      2991170      2275.56
       3.131     0.999609      2991317      2560.00
       3.155     0.999658      2991461      2925.71
       3.185     0.999707      2991604      3413.33
       3.225     0.999756      2991750      4096.00
       3.245     0.999780      2991823      4551.11
       3.269     0.999805      2991893      5120.00
       3.297     0.999829      2991971      5851.43
       3.335     0.999854      2992039      6826.67
       3.393     0.999878      2992112      8192.00
       3.439     0.999890      2992149      9102.22
       3.495     0.999902      2992185     10240.00
       3.553     0.999915      2992222     11702.86
       3.611     0.999927      2992259     13653.33
       3.685     0.999939      2992296     16384.00
       3.721     0.999945      2992313     18204.44
       3.753     0.999951      2992331     20480.00
       3.805     0.999957      2992351     23405.71
       3.855     0.999963      2992368     27306.67
       3.939     0.999969      2992386     32768.00
       4.003     0.999973      2992395     36408.89
       4.043     0.999976      2992404     40960.00
       4.103     0.999979      2992414     46811.43
       4.143     0.999982      2992423     54613.33
       4.215     0.999985      2992432     65536.00
       4.259     0.999986      2992437     72817.78
       4.295     0.999988      2992441     81920.00
       4.347     0.999989      2992446     93622.86
       4.471     0.999991      2992451    109226.67
       4.591     0.999992      2992455    131072.00
       4.627     0.999993      2992457    145635.56
       4.639     0.999994      2992459    163840.00
       4.683     0.999995      2992462    187245.71
       4.727     0.999995      2992464    218453.33
       4.871     0.999996      2992466    262144.00
       4.951     0.999997      2992467    291271.11
       4.967     0.999997      2992468    327680.00
       5.099     0.999997      2992470    374491.43
       5.151     0.999998      2992471    436906.67
       5.155     0.999998      2992472    524288.00
       5.155     0.999998      2992472    582542.22
       5.247     0.999998      2992473    655360.00
       5.275     0.999999      2992474    748982.86
       5.275     0.999999      2992474    873813.33
       5.407     0.999999      2992475   1048576.00
       5.407     0.999999      2992475   1165084.44
       5.407     0.999999      2992475   1310720.00
       5.859     0.999999      2992476   1497965.71
       5.859     0.999999      2992476   1747626.67
       5.859     1.000000      2992476   2097152.00
       5.859     1.000000      2992476   2330168.89
       5.859     1.000000      2992476   2621440.00
       5.891     1.000000      2992477   2995931.43
       5.891     1.000000      2992477          inf
#[Mean    =        1.157, StdDeviation   =        0.519]
#[Max     =        5.888, Total count    =      2992477]
#[Buckets =           27, SubBuckets     =         2048]
----------------------------------------------------------
  3596350 requests in 1.00m, 250.37MB read
Requests/sec:  59939.29
Transfer/sec:      4.17MB
