Running 1m test @ http://erik-pc.local:8080/greeting/Bob
  4 threads and 100 connections
  Thread calibration: mean lat.: 1.366ms, rate sampling interval: 10ms
  Thread calibration: mean lat.: 1.355ms, rate sampling interval: 10ms
  Thread calibration: mean lat.: 1.351ms, rate sampling interval: 10ms
  Thread calibration: mean lat.: 1.353ms, rate sampling interval: 10ms
  Thread Stats   Avg      Stdev     Max   +/- Stdev
    Latency     1.29ms  599.15us   9.36ms   65.91%
    Req/Sec    21.09k     1.46k   31.11k    71.23%
  Latency Distribution (HdrHistogram - Recorded Latency)
 50.000%    1.26ms
 75.000%    1.70ms
 90.000%    2.11ms
 99.000%    2.69ms
 99.900%    3.30ms
 99.990%    5.10ms
 99.999%    7.81ms
100.000%    9.37ms

  Detailed Percentile spectrum:
       Value   Percentile   TotalCount 1/(1-Percentile)

       0.120     0.000000            2         1.00
       0.522     0.100000       400221         1.11
       0.739     0.200000       799026         1.25
       0.907     0.300000      1198391         1.43
       1.077     0.400000      1597813         1.67
       1.260     0.500000      1995241         2.00
       1.347     0.550000      2194747         2.22
       1.432     0.600000      2394203         2.50
       1.516     0.650000      2594358         2.86
       1.601     0.700000      2794663         3.33
       1.695     0.750000      2993792         4.00
       1.748     0.775000      3093550         4.44
       1.805     0.800000      3192658         5.00
       1.868     0.825000      3292071         5.71
       1.940     0.850000      3392448         6.67
       2.020     0.875000      3491275         8.00
       2.065     0.887500      3541710         8.89
       2.113     0.900000      3591497        10.00
       2.165     0.912500      3641787        11.43
       2.221     0.925000      3692265        13.33
       2.279     0.937500      3741525        16.00
       2.311     0.943750      3766910        17.78
       2.343     0.950000      3791276        20.00
       2.379     0.956250      3816792        22.86
       2.417     0.962500      3841304        26.67
       2.459     0.968750      3865309        32.00
       2.483     0.971875      3877871        35.56
       2.509     0.975000      3890587        40.00
       2.537     0.978125      3903155        45.71
       2.567     0.981250      3915277        53.33
       2.603     0.984375      3927723        64.00
       2.625     0.985938      3934260        71.11
       2.647     0.987500      3940271        80.00
       2.673     0.989062      3946501        91.43
       2.703     0.990625      3952701       106.67
       2.739     0.992188      3958920       128.00
       2.761     0.992969      3962125       142.22
       2.783     0.993750      3965048       160.00
       2.813     0.994531      3968265       182.86
       2.847     0.995313      3971384       213.33
       2.889     0.996094      3974437       256.00
       2.915     0.996484      3975976       284.44
       2.947     0.996875      3977568       320.00
       2.983     0.997266      3979085       365.71
       3.027     0.997656      3980628       426.67
       3.081     0.998047      3982174       512.00
       3.115     0.998242      3982977       568.89
       3.153     0.998437      3983732       640.00
       3.199     0.998633      3984531       731.43
       3.245     0.998828      3985287       853.33
       3.305     0.999023      3986070      1024.00
       3.337     0.999121      3986468      1137.78
       3.369     0.999219      3986859      1280.00
       3.411     0.999316      3987231      1462.86
       3.459     0.999414      3987630      1706.67
       3.511     0.999512      3988010      2048.00
       3.551     0.999561      3988207      2275.56
       3.591     0.999609      3988402      2560.00
       3.649     0.999658      3988596      2925.71
       3.709     0.999707      3988796      3413.33
       3.793     0.999756      3988987      4096.00
       3.857     0.999780      3989083      4551.11
       3.939     0.999805      3989179      5120.00
       4.051     0.999829      3989277      5851.43
       4.299     0.999854      3989375      6826.67
       4.607     0.999878      3989472      8192.00
       4.835     0.999890      3989520      9102.22
       5.167     0.999902      3989570     10240.00
       5.479     0.999915      3989619     11702.86
       5.799     0.999927      3989666     13653.33
       6.151     0.999939      3989715     16384.00
       6.327     0.999945      3989739     18204.44
       6.479     0.999951      3989764     20480.00
       6.647     0.999957      3989789     23405.71
       6.771     0.999963      3989812     27306.67
       6.943     0.999969      3989837     32768.00
       7.039     0.999973      3989849     36408.89
       7.151     0.999976      3989861     40960.00
       7.235     0.999979      3989873     46811.43
       7.319     0.999982      3989885     54613.33
       7.527     0.999985      3989898     65536.00
       7.591     0.999986      3989904     72817.78
       7.659     0.999988      3989911     81920.00
       7.755     0.999989      3989916     93622.86
       7.911     0.999991      3989922    109226.67
       7.979     0.999992      3989928    131072.00
       8.007     0.999993      3989931    145635.56
       8.079     0.999994      3989934    163840.00
       8.159     0.999995      3989937    187245.71
       8.287     0.999995      3989940    218453.33
       8.471     0.999996      3989944    262144.00
       8.479     0.999997      3989945    291271.11
       8.559     0.999997      3989946    327680.00
       8.703     0.999997      3989949    374491.43
       8.703     0.999998      3989949    436906.67
       8.799     0.999998      3989951    524288.00
       8.903     0.999998      3989952    582542.22
       8.903     0.999998      3989952    655360.00
       9.079     0.999999      3989953    748982.86
       9.111     0.999999      3989954    873813.33
       9.127     0.999999      3989955   1048576.00
       9.127     0.999999      3989955   1165084.44
       9.127     0.999999      3989955   1310720.00
       9.143     0.999999      3989956   1497965.71
       9.143     0.999999      3989956   1747626.67
       9.303     1.000000      3989957   2097152.00
       9.303     1.000000      3989957   2330168.89
       9.303     1.000000      3989957   2621440.00
       9.303     1.000000      3989957   2995931.43
       9.303     1.000000      3989957   3495253.33
       9.367     1.000000      3989958   4194304.00
       9.367     1.000000      3989958          inf
#[Mean    =        1.290, StdDeviation   =        0.599]
#[Max     =        9.360, Total count    =      3989958]
#[Buckets =           27, SubBuckets     =         2048]
----------------------------------------------------------
  4776288 requests in 1.00m, 332.52MB read
Requests/sec:  79605.21
Transfer/sec:      5.54MB
