Running 1m test @ http://erik-pc.local:8080/greeting/Bob
  4 threads and 100 connections
  Thread calibration: mean lat.: 1.104ms, rate sampling interval: 10ms
  Thread calibration: mean lat.: 1.100ms, rate sampling interval: 10ms
  Thread calibration: mean lat.: 1.029ms, rate sampling interval: 10ms
  Thread calibration: mean lat.: 1.074ms, rate sampling interval: 10ms
  Thread Stats   Avg      Stdev     Max   +/- Stdev
    Latency     1.08ms  510.45us   4.57ms   63.99%
    Req/Sec    13.08k   692.33    16.33k    74.60%
  Latency Distribution (HdrHistogram - Recorded Latency)
 50.000%    1.01ms
 75.000%    1.46ms
 90.000%    1.78ms
 99.000%    2.31ms
 99.900%    2.85ms
 99.990%    3.29ms
 99.999%    3.86ms
100.000%    4.57ms

  Detailed Percentile spectrum:
       Value   Percentile   TotalCount 1/(1-Percentile)

       0.130     0.000000            1         1.00
       0.444     0.100000       249497         1.11
       0.602     0.200000       500093         1.25
       0.737     0.300000       748247         1.43
       0.879     0.400000       998978         1.67
       1.015     0.500000      1247342         2.00
       1.097     0.550000      1372620         2.22
       1.177     0.600000      1496801         2.50
       1.263     0.650000      1622223         2.86
       1.354     0.700000      1746312         3.33
       1.458     0.750000      1870703         4.00
       1.513     0.775000      1933007         4.44
       1.565     0.800000      1995005         5.00
       1.613     0.825000      2058073         5.71
       1.660     0.850000      2119774         6.67
       1.719     0.875000      2182674         8.00
       1.751     0.887500      2213507         8.89
       1.785     0.900000      2244541        10.00
       1.821     0.912500      2276175        11.43
       1.858     0.925000      2306734        13.33
       1.901     0.937500      2338014        16.00
       1.926     0.943750      2353843        17.78
       1.953     0.950000      2369310        20.00
       1.984     0.956250      2384715        22.86
       2.021     0.962500      2400301        26.67
       2.063     0.968750      2416326        32.00
       2.083     0.971875      2423796        35.56
       2.105     0.975000      2431901        40.00
       2.127     0.978125      2439616        45.71
       2.153     0.981250      2447292        53.33
       2.189     0.984375      2455011        64.00
       2.213     0.985938      2458917        71.11
       2.245     0.987500      2462751        80.00
       2.283     0.989062      2466700        91.43
       2.327     0.990625      2470459       106.67
       2.381     0.992188      2474311       128.00
       2.411     0.992969      2476299       142.22
       2.443     0.993750      2478250       160.00
       2.477     0.994531      2480194       182.86
       2.515     0.995313      2482161       213.33
       2.555     0.996094      2484066       256.00
       2.581     0.996484      2485039       284.44
       2.607     0.996875      2485981       320.00
       2.639     0.997266      2486950       365.71
       2.673     0.997656      2487923       426.67
       2.717     0.998047      2488910       512.00
       2.743     0.998242      2489418       568.89
       2.765     0.998437      2489873       640.00
       2.793     0.998633      2490354       731.43
       2.823     0.998828      2490866       853.33
       2.855     0.999023      2491341      1024.00
       2.871     0.999121      2491579      1137.78
       2.887     0.999219      2491816      1280.00
       2.907     0.999316      2492058      1462.86
       2.931     0.999414      2492297      1706.67
       2.959     0.999512      2492541      2048.00
       2.975     0.999561      2492672      2275.56
       2.995     0.999609      2492782      2560.00
       3.017     0.999658      2492909      2925.71
       3.043     0.999707      2493032      3413.33
       3.077     0.999756      2493156      4096.00
       3.095     0.999780      2493212      4551.11
       3.119     0.999805      2493270      5120.00
       3.145     0.999829      2493330      5851.43
       3.191     0.999854      2493393      6826.67
       3.249     0.999878      2493455      8192.00
       3.273     0.999890      2493484      9102.22
       3.299     0.999902      2493516     10240.00
       3.341     0.999915      2493544     11702.86
       3.377     0.999927      2493574     13653.33
       3.419     0.999939      2493606     16384.00
       3.437     0.999945      2493620     18204.44
       3.471     0.999951      2493635     20480.00
       3.493     0.999957      2493650     23405.71
       3.519     0.999963      2493665     27306.67
       3.553     0.999969      2493681     32768.00
       3.575     0.999973      2493689     36408.89
       3.623     0.999976      2493696     40960.00
       3.691     0.999979      2493703     46811.43
       3.751     0.999982      2493711     54613.33
       3.787     0.999985      2493719     65536.00
       3.795     0.999986      2493722     72817.78
       3.815     0.999988      2493726     81920.00
       3.843     0.999989      2493730     93622.86
       3.883     0.999991      2493734    109226.67
       3.923     0.999992      2493737    131072.00
       3.945     0.999993      2493739    145635.56
       3.961     0.999994      2493741    163840.00
       4.009     0.999995      2493743    187245.71
       4.037     0.999995      2493745    218453.33
       4.095     0.999996      2493747    262144.00
       4.131     0.999997      2493749    291271.11
       4.131     0.999997      2493749    327680.00
       4.175     0.999997      2493750    374491.43
       4.207     0.999998      2493751    436906.67
       4.351     0.999998      2493752    524288.00
       4.351     0.999998      2493752    582542.22
       4.455     0.999998      2493753    655360.00
       4.455     0.999999      2493753    748982.86
       4.475     0.999999      2493754    873813.33
       4.475     0.999999      2493754   1048576.00
       4.475     0.999999      2493754   1165084.44
       4.507     0.999999      2493755   1310720.00
       4.507     0.999999      2493755   1497965.71
       4.507     0.999999      2493755   1747626.67
       4.507     1.000000      2493755   2097152.00
       4.507     1.000000      2493755   2330168.89
       4.575     1.000000      2493756   2621440.00
       4.575     1.000000      2493756          inf
#[Mean    =        1.079, StdDeviation   =        0.510]
#[Max     =        4.572, Total count    =      2493756]
#[Buckets =           27, SubBuckets     =         2048]
----------------------------------------------------------
  2996974 requests in 1.00m, 208.64MB read
Requests/sec:  49949.48
Transfer/sec:      3.48MB
