Running 1m test @ http://erik-pc.local:8080/greeting/Bob
  4 threads and 100 connections
  Thread calibration: mean lat.: 3.011ms, rate sampling interval: 15ms
  Thread calibration: mean lat.: 3.085ms, rate sampling interval: 16ms
  Thread calibration: mean lat.: 3.144ms, rate sampling interval: 16ms
  Thread calibration: mean lat.: 3.005ms, rate sampling interval: 15ms
  Thread Stats   Avg      Stdev     Max   +/- Stdev
    Latency     2.80ms    4.09ms  35.78ms   89.69%
    Req/Sec    28.43k     7.11k   81.50k    83.63%
  Latency Distribution (HdrHistogram - Recorded Latency)
 50.000%    1.50ms
 75.000%    2.29ms
 90.000%    7.19ms
 99.000%   20.86ms
 99.900%   27.26ms
 99.990%   32.48ms
 99.999%   34.40ms
100.000%   35.81ms

  Detailed Percentile spectrum:
       Value   Percentile   TotalCount 1/(1-Percentile)

       0.103     0.000000            1         1.00
       0.546     0.100000       549995         1.11
       0.813     0.200000      1098661         1.25
       1.050     0.300000      1647083         1.43
       1.271     0.400000      2195258         1.67
       1.500     0.500000      2744233         2.00
       1.623     0.550000      3019476         2.22
       1.755     0.600000      3293107         2.50
       1.903     0.650000      3567365         2.86
       2.079     0.700000      3842942         3.33
       2.291     0.750000      4115317         4.00
       2.423     0.775000      4252306         4.44
       2.585     0.800000      4389187         5.00
       2.811     0.825000      4526651         5.71
       3.301     0.850000      4663435         6.67
       4.959     0.875000      4800452         8.00
       6.051     0.887500      4869047         8.89
       7.191     0.900000      4937678        10.00
       8.399     0.912500      5006246        11.43
       9.695     0.925000      5074840        13.33
      11.111     0.937500      5143303        16.00
      11.871     0.943750      5177558        17.78
      12.679     0.950000      5211896        20.00
      13.551     0.956250      5246260        22.86
      14.503     0.962500      5280637        26.67
      15.567     0.968750      5314917        32.00
      16.143     0.971875      5331982        35.56
      16.767     0.975000      5349071        40.00
      17.455     0.978125      5366444        45.71
      18.191     0.981250      5383503        53.33
      19.007     0.984375      5400475        64.00
      19.471     0.985938      5409062        71.11
      19.967     0.987500      5417715        80.00
      20.495     0.989062      5426125        91.43
      21.119     0.990625      5434874       106.67
      21.807     0.992188      5443302       128.00
      22.191     0.992969      5447645       142.22
      22.591     0.993750      5451952       160.00
      23.023     0.994531      5456253       182.86
      23.503     0.995313      5460505       213.33
      24.031     0.996094      5464725       256.00
      24.319     0.996484      5466843       284.44
      24.639     0.996875      5469026       320.00
      25.007     0.997266      5471177       365.71
      25.391     0.997656      5473269       426.67
      25.839     0.998047      5475435       512.00
      26.079     0.998242      5476515       568.89
      26.351     0.998437      5477594       640.00
      26.639     0.998633      5478677       731.43
      26.943     0.998828      5479696       853.33
      27.311     0.999023      5480808      1024.00
      27.503     0.999121      5481307      1137.78
      27.727     0.999219      5481856      1280.00
      27.999     0.999316      5482380      1462.86
      28.303     0.999414      5482917      1706.67
      28.703     0.999512      5483469      2048.00
      28.959     0.999561      5483735      2275.56
      29.215     0.999609      5483983      2560.00
      29.567     0.999658      5484265      2925.71
      29.999     0.999707      5484524      3413.33
      30.559     0.999756      5484792      4096.00
      30.863     0.999780      5484925      4551.11
      31.135     0.999805      5485060      5120.00
      31.439     0.999829      5485199      5851.43
      31.743     0.999854      5485328      6826.67
      32.079     0.999878      5485456      8192.00
      32.287     0.999890      5485524      9102.22
      32.527     0.999902      5485595     10240.00
      32.719     0.999915      5485658     11702.86
      32.927     0.999927      5485729     13653.33
      33.151     0.999939      5485793     16384.00
      33.247     0.999945      5485834     18204.44
      33.311     0.999951      5485860     20480.00
      33.439     0.999957      5485891     23405.71
      33.535     0.999963      5485925     27306.67
      33.663     0.999969      5485964     32768.00
      33.727     0.999973      5485978     36408.89
      33.791     0.999976      5485994     40960.00
      33.919     0.999979      5486010     46811.43
      34.047     0.999982      5486032     54613.33
      34.143     0.999985      5486044     65536.00
      34.207     0.999986      5486050     72817.78
      34.303     0.999988      5486063     81920.00
      34.367     0.999989      5486067     93622.86
      34.463     0.999991      5486075    109226.67
      34.527     0.999992      5486086    131072.00
      34.559     0.999993      5486090    145635.56
      34.655     0.999994      5486093    163840.00
      34.719     0.999995      5486100    187245.71
      34.719     0.999995      5486100    218453.33
      34.879     0.999996      5486106    262144.00
      34.911     0.999997      5486108    291271.11
      34.943     0.999997      5486109    327680.00
      35.007     0.999997      5486113    374491.43
      35.007     0.999998      5486113    436906.67
      35.135     0.999998      5486115    524288.00
      35.167     0.999998      5486116    582542.22
      35.231     0.999998      5486117    655360.00
      35.295     0.999999      5486119    748982.86
      35.295     0.999999      5486119    873813.33
      35.327     0.999999      5486120   1048576.00
      35.359     0.999999      5486121   1165084.44
      35.359     0.999999      5486121   1310720.00
      35.551     0.999999      5486123   1497965.71
      35.551     0.999999      5486123   1747626.67
      35.551     1.000000      5486123   2097152.00
      35.551     1.000000      5486123   2330168.89
      35.551     1.000000      5486123   2621440.00
      35.583     1.000000      5486124   2995931.43
      35.583     1.000000      5486124   3495253.33
      35.583     1.000000      5486124   4194304.00
      35.583     1.000000      5486124   4660337.78
      35.583     1.000000      5486124   5242880.00
      35.807     1.000000      5486125   5991862.86
      35.807     1.000000      5486125          inf
#[Mean    =        2.803, StdDeviation   =        4.092]
#[Max     =       35.776, Total count    =      5486125]
#[Buckets =           27, SubBuckets     =         2048]
----------------------------------------------------------
  6593182 requests in 1.00m, 459.01MB read
Requests/sec: 109887.90
Transfer/sec:      7.65MB
