Running 1m test @ http://erik-pc.local:8080/greeting/Bob
  4 threads and 100 connections
  Thread calibration: mean lat.: 1.135ms, rate sampling interval: 10ms
  Thread calibration: mean lat.: 1.159ms, rate sampling interval: 10ms
  Thread calibration: mean lat.: 1.136ms, rate sampling interval: 10ms
  Thread calibration: mean lat.: 1.126ms, rate sampling interval: 10ms
  Thread Stats   Avg      Stdev     Max   +/- Stdev
    Latency     1.16ms  488.60us   7.18ms   64.62%
    Req/Sec     7.90k   517.64    10.78k    77.47%
  Latency Distribution (HdrHistogram - Recorded Latency)
 50.000%    1.12ms
 75.000%    1.50ms
 90.000%    1.82ms
 99.000%    2.39ms
 99.900%    3.01ms
 99.990%    4.04ms
 99.999%    5.79ms
100.000%    7.18ms

  Detailed Percentile spectrum:
       Value   Percentile   TotalCount 1/(1-Percentile)

       0.200     0.000000            1         1.00
       0.550     0.100000       150465         1.11
       0.700     0.200000       299498         1.25
       0.845     0.300000       449893         1.43
       0.986     0.400000       599242         1.67
       1.124     0.500000       748372         2.00
       1.193     0.550000       824000         2.22
       1.264     0.600000       898528         2.50
       1.340     0.650000       972657         2.86
       1.421     0.700000      1048146         3.33
       1.504     0.750000      1122695         4.00
       1.549     0.775000      1159935         4.44
       1.597     0.800000      1197180         5.00
       1.648     0.825000      1234774         5.71
       1.702     0.850000      1272407         6.67
       1.757     0.875000      1309553         8.00
       1.786     0.887500      1328328         8.89
       1.817     0.900000      1347069        10.00
       1.851     0.912500      1365752        11.43
       1.890     0.925000      1384441        13.33
       1.935     0.937500      1403085        16.00
       1.960     0.943750      1412207        17.78
       1.989     0.950000      1421685        20.00
       2.020     0.956250      1430904        22.86
       2.057     0.962500      1440585        26.67
       2.097     0.968750      1449605        32.00
       2.121     0.971875      1454476        35.56
       2.145     0.975000      1458867        40.00
       2.175     0.978125      1463566        45.71
       2.211     0.981250      1468325        53.33
       2.255     0.984375      1472992        64.00
       2.283     0.985938      1475298        71.11
       2.317     0.987500      1477565        80.00
       2.359     0.989062      1479891        91.43
       2.411     0.990625      1482251       106.67
       2.477     0.992188      1484622       128.00
       2.511     0.992969      1485750       142.22
       2.551     0.993750      1486925       160.00
       2.593     0.994531      1488099       182.86
       2.639     0.995313      1489257       213.33
       2.693     0.996094      1490424       256.00
       2.721     0.996484      1490993       284.44
       2.753     0.996875      1491583       320.00
       2.787     0.997266      1492166       365.71
       2.825     0.997656      1492771       426.67
       2.867     0.998047      1493343       512.00
       2.889     0.998242      1493631       568.89
       2.915     0.998437      1493925       640.00
       2.941     0.998633      1494210       731.43
       2.975     0.998828      1494510       853.33
       3.019     0.999023      1494797      1024.00
       3.045     0.999121      1494946      1137.78
       3.075     0.999219      1495088      1280.00
       3.109     0.999316      1495232      1462.86
       3.153     0.999414      1495377      1706.67
       3.221     0.999512      1495525      2048.00
       3.251     0.999561      1495595      2275.56
       3.299     0.999609      1495669      2560.00
       3.355     0.999658      1495741      2925.71
       3.415     0.999707      1495814      3413.33
       3.511     0.999756      1495887      4096.00
       3.571     0.999780      1495925      4551.11
       3.641     0.999805      1495960      5120.00
       3.721     0.999829      1495997      5851.43
       3.811     0.999854      1496033      6826.67
       3.911     0.999878      1496071      8192.00
       3.957     0.999890      1496088      9102.22
       4.055     0.999902      1496106     10240.00
       4.143     0.999915      1496125     11702.86
       4.223     0.999927      1496143     13653.33
       4.367     0.999939      1496161     16384.00
       4.447     0.999945      1496171     18204.44
       4.519     0.999951      1496179     20480.00
       4.607     0.999957      1496189     23405.71
       4.643     0.999963      1496198     27306.67
       4.843     0.999969      1496207     32768.00
       4.923     0.999973      1496211     36408.89
       5.031     0.999976      1496216     40960.00
       5.219     0.999979      1496221     46811.43
       5.339     0.999982      1496225     54613.33
       5.535     0.999985      1496230     65536.00
       5.567     0.999986      1496233     72817.78
       5.591     0.999988      1496234     81920.00
       5.787     0.999989      1496237     93622.86
       5.867     0.999991      1496239    109226.67
       6.319     0.999992      1496241    131072.00
       6.331     0.999993      1496242    145635.56
       6.463     0.999994      1496243    163840.00
       6.991     0.999995      1496245    187245.71
       7.091     0.999995      1496246    218453.33
       7.103     0.999996      1496247    262144.00
       7.103     0.999997      1496247    291271.11
       7.107     0.999997      1496248    327680.00
       7.127     0.999997      1496249    374491.43
       7.127     0.999998      1496249    436906.67
       7.147     0.999998      1496250    524288.00
       7.147     0.999998      1496250    582542.22
       7.147     0.999998      1496250    655360.00
       7.159     0.999999      1496251    748982.86
       7.159     0.999999      1496251    873813.33
       7.159     0.999999      1496251   1048576.00
       7.159     0.999999      1496251   1165084.44
       7.159     0.999999      1496251   1310720.00
       7.183     0.999999      1496252   1497965.71
       7.183     1.000000      1496252          inf
#[Mean    =        1.162, StdDeviation   =        0.489]
#[Max     =        7.180, Total count    =      1496252]
#[Buckets =           27, SubBuckets     =         2048]
----------------------------------------------------------
  1791149 requests in 1.00m, 148.61MB read
Requests/sec:  29852.38
Transfer/sec:      2.48MB
