Running 1m test @ http://erik-pc.local:8080/fruits
  4 threads and 100 connections
  Thread calibration: mean lat.: 2.346ms, rate sampling interval: 10ms
  Thread calibration: mean lat.: 2.281ms, rate sampling interval: 10ms
  Thread calibration: mean lat.: 2.461ms, rate sampling interval: 10ms
  Thread calibration: mean lat.: 2.328ms, rate sampling interval: 10ms
  Thread Stats   Avg      Stdev     Max   +/- Stdev
    Latency     2.42ms    3.23ms  48.35ms   92.90%
    Req/Sec     7.92k     1.76k   25.56k    87.75%
  Latency Distribution (HdrHistogram - Recorded Latency)
 50.000%    1.56ms
 75.000%    2.23ms
 90.000%    3.33ms
 99.000%   18.40ms
 99.900%   29.98ms
 99.990%   39.04ms
 99.999%   45.53ms
100.000%   48.38ms

  Detailed Percentile spectrum:
       Value   Percentile   TotalCount 1/(1-Percentile)

       0.302     0.000000            1         1.00
       0.870     0.100000       149776         1.11
       1.060     0.200000       299960         1.25
       1.220     0.300000       449755         1.43
       1.385     0.400000       598585         1.67
       1.562     0.500000       748218         2.00
       1.664     0.550000       823484         2.22
       1.780     0.600000       898113         2.50
       1.907     0.650000       972932         2.86
       2.059     0.700000      1048173         3.33
       2.227     0.750000      1122915         4.00
       2.323     0.775000      1159706         4.44
       2.437     0.800000      1197398         5.00
       2.557     0.825000      1234614         5.71
       2.709     0.850000      1271857         6.67
       2.917     0.875000      1309480         8.00
       3.075     0.887500      1328015         8.89
       3.329     0.900000      1346651        10.00
       3.901     0.912500      1365355        11.43
       5.143     0.925000      1384061        13.33
       6.767     0.937500      1402769        16.00
       7.623     0.943750      1412123        17.78
       8.519     0.950000      1421456        20.00
       9.487     0.956250      1430782        22.86
      10.519     0.962500      1440141        26.67
      11.671     0.968750      1449510        32.00
      12.319     0.971875      1454173        35.56
      13.063     0.975000      1458860        40.00
      13.879     0.978125      1463544        45.71
      14.775     0.981250      1468205        53.33
      15.847     0.984375      1472864        64.00
      16.495     0.985938      1475254        71.11
      17.167     0.987500      1477594        80.00
      17.919     0.989062      1479906        91.43
      18.751     0.990625      1482214       106.67
      19.759     0.992188      1484603       128.00
      20.287     0.992969      1485721       142.22
      20.895     0.993750      1486919       160.00
      21.551     0.994531      1488068       182.86
      22.319     0.995313      1489238       213.33
      23.199     0.996094      1490405       256.00
      23.695     0.996484      1490985       284.44
      24.223     0.996875      1491581       320.00
      24.767     0.997266      1492163       365.71
      25.439     0.997656      1492736       426.67
      26.271     0.998047      1493325       512.00
      26.719     0.998242      1493616       568.89
      27.375     0.998437      1493903       640.00
      28.143     0.998633      1494197       731.43
      29.023     0.998828      1494494       853.33
      30.175     0.999023      1494781      1024.00
      30.687     0.999121      1494927      1137.78
      31.311     0.999219      1495072      1280.00
      31.983     0.999316      1495220      1462.86
      32.655     0.999414      1495365      1706.67
      33.631     0.999512      1495516      2048.00
      34.079     0.999561      1495586      2275.56
      34.559     0.999609      1495660      2560.00
      35.071     0.999658      1495733      2925.71
      35.583     0.999707      1495805      3413.33
      36.159     0.999756      1495876      4096.00
      36.511     0.999780      1495913      4551.11
      36.799     0.999805      1495948      5120.00
      37.343     0.999829      1495989      5851.43
      37.855     0.999854      1496021      6826.67
      38.367     0.999878      1496058      8192.00
      38.815     0.999890      1496076      9102.22
      39.135     0.999902      1496095     10240.00
      39.583     0.999915      1496114     11702.86
      40.063     0.999927      1496132     13653.33
      40.575     0.999939      1496150     16384.00
      40.863     0.999945      1496158     18204.44
      41.119     0.999951      1496169     20480.00
      41.599     0.999957      1496177     23405.71
      42.239     0.999963      1496186     27306.67
      42.847     0.999969      1496195     32768.00
      43.071     0.999973      1496199     36408.89
      43.711     0.999976      1496205     40960.00
      44.415     0.999979      1496211     46811.43
      44.511     0.999982      1496214     54613.33
      44.991     0.999985      1496218     65536.00
      45.151     0.999986      1496220     72817.78
      45.343     0.999988      1496222     81920.00
      45.535     0.999989      1496225     93622.86
      45.919     0.999991      1496227    109226.67
      46.431     0.999992      1496229    131072.00
      46.815     0.999993      1496230    145635.56
      46.879     0.999994      1496231    163840.00
      46.943     0.999995      1496233    187245.71
      47.039     0.999995      1496234    218453.33
      47.071     0.999996      1496235    262144.00
      47.071     0.999997      1496235    291271.11
      47.359     0.999997      1496236    327680.00
      47.423     0.999997      1496237    374491.43
      47.423     0.999998      1496237    436906.67
      47.487     0.999998      1496238    524288.00
      47.487     0.999998      1496238    582542.22
      47.487     0.999998      1496238    655360.00
      47.839     0.999999      1496239    748982.86
      47.839     0.999999      1496239    873813.33
      47.839     0.999999      1496239   1048576.00
      47.839     0.999999      1496239   1165084.44
      47.839     0.999999      1496239   1310720.00
      48.383     0.999999      1496240   1497965.71
      48.383     1.000000      1496240          inf
#[Mean    =        2.417, StdDeviation   =        3.228]
#[Max     =       48.352, Total count    =      1496240]
#[Buckets =           27, SubBuckets     =         2048]
----------------------------------------------------------
  1791125 requests in 1.00m, 290.39MB read
Requests/sec:  29852.15
Transfer/sec:      4.84MB
