Running 1m test @ http://erik-pc.local:8080/fruits
  4 threads and 100 connections
  Thread calibration: mean lat.: 1.746ms, rate sampling interval: 10ms
  Thread calibration: mean lat.: 1.774ms, rate sampling interval: 10ms
  Thread calibration: mean lat.: 1.801ms, rate sampling interval: 10ms
  Thread calibration: mean lat.: 1.814ms, rate sampling interval: 10ms
  Thread Stats   Avg      Stdev     Max   +/- Stdev
    Latency     1.83ms  561.90us   9.52ms   78.93%
    Req/Sec     1.32k   210.99     2.56k    71.32%
  Latency Distribution (HdrHistogram - Recorded Latency)
 50.000%    1.80ms
 75.000%    2.10ms
 90.000%    2.38ms
 99.000%    3.08ms
 99.900%    7.75ms
 99.990%    8.69ms
 99.999%    9.28ms
100.000%    9.53ms

  Detailed Percentile spectrum:
       Value   Percentile   TotalCount 1/(1-Percentile)

       0.733     0.000000            1         1.00
       1.236     0.100000        24961         1.11
       1.421     0.200000        49942         1.25
       1.560     0.300000        74998         1.43
       1.683     0.400000        99900         1.67
       1.798     0.500000       124845         2.00
       1.854     0.550000       137301         2.22
       1.911     0.600000       149828         2.50
       1.968     0.650000       162149         2.86
       2.030     0.700000       174622         3.33
       2.097     0.750000       187136         4.00
       2.133     0.775000       193327         4.44
       2.173     0.800000       199721         5.00
       2.215     0.825000       205836         5.71
       2.263     0.850000       211994         6.67
       2.319     0.875000       218326         8.00
       2.351     0.887500       221493         8.89
       2.385     0.900000       224591        10.00
       2.423     0.912500       227591        11.43
       2.467     0.925000       230690        13.33
       2.521     0.937500       233817        16.00
       2.553     0.943750       235416        17.78
       2.587     0.950000       236915        20.00
       2.625     0.956250       238468        22.86
       2.669     0.962500       240040        26.67
       2.719     0.968750       241589        32.00
       2.749     0.971875       242400        35.56
       2.781     0.975000       243153        40.00
       2.819     0.978125       243945        45.71
       2.863     0.981250       244707        53.33
       2.919     0.984375       245490        64.00
       2.951     0.985938       245878        71.11
       2.991     0.987500       246265        80.00
       3.041     0.989062       246646        91.43
       3.113     0.990625       247049       106.67
       3.215     0.992188       247427       128.00
       3.285     0.992969       247620       142.22
       3.407     0.993750       247814       160.00
       3.625     0.994531       248012       182.86
       3.943     0.995313       248206       213.33
       4.443     0.996094       248398       256.00
       5.575     0.996484       248496       284.44
       6.711     0.996875       248594       320.00
       6.971     0.997266       248691       365.71
       7.195     0.997656       248790       426.67
       7.375     0.998047       248888       512.00
       7.455     0.998242       248935       568.89
       7.535     0.998437       248983       640.00
       7.615     0.998633       249032       731.43
       7.687     0.998828       249082       853.33
       7.759     0.999023       249132      1024.00
       7.811     0.999121       249153      1137.78
       7.871     0.999219       249178      1280.00
       7.951     0.999316       249204      1462.86
       8.023     0.999414       249226      1706.67
       8.099     0.999512       249253      2048.00
       8.143     0.999561       249264      2275.56
       8.183     0.999609       249276      2560.00
       8.255     0.999658       249288      2925.71
       8.295     0.999707       249299      3413.33
       8.399     0.999756       249313      4096.00
       8.431     0.999780       249318      4551.11
       8.471     0.999805       249325      5120.00
       8.503     0.999829       249330      5851.43
       8.559     0.999854       249337      6826.67
       8.615     0.999878       249344      8192.00
       8.631     0.999890       249345      9102.22
       8.695     0.999902       249348     10240.00
       8.743     0.999915       249351     11702.86
       8.791     0.999927       249354     13653.33
       8.839     0.999939       249357     16384.00
       8.879     0.999945       249360     18204.44
       8.879     0.999951       249360     20480.00
       9.031     0.999957       249362     23405.71
       9.079     0.999963       249363     27306.67
       9.111     0.999969       249365     32768.00
       9.119     0.999973       249367     36408.89
       9.119     0.999976       249367     40960.00
       9.119     0.999979       249367     46811.43
       9.127     0.999982       249368     54613.33
       9.199     0.999985       249369     65536.00
       9.199     0.999986       249369     72817.78
       9.199     0.999988       249369     81920.00
       9.279     0.999989       249370     93622.86
       9.279     0.999991       249370    109226.67
       9.439     0.999992       249371    131072.00
       9.439     0.999993       249371    145635.56
       9.439     0.999994       249371    163840.00
       9.439     0.999995       249371    187245.71
       9.439     0.999995       249371    218453.33
       9.527     0.999996       249372    262144.00
       9.527     1.000000       249372          inf
#[Mean    =        1.830, StdDeviation   =        0.562]
#[Max     =        9.520, Total count    =       249372]
#[Buckets =           27, SubBuckets     =         2048]
----------------------------------------------------------
  299744 requests in 1.00m, 48.60MB read
Requests/sec:   4995.60
Transfer/sec:    829.35KB
