Running 1m test @ http://erik-pc.local:8080/fruits
  4 threads and 100 connections
  Thread calibration: mean lat.: 1.551ms, rate sampling interval: 10ms
  Thread calibration: mean lat.: 1.548ms, rate sampling interval: 10ms
  Thread calibration: mean lat.: 1.513ms, rate sampling interval: 10ms
  Thread calibration: mean lat.: 1.535ms, rate sampling interval: 10ms
  Thread Stats   Avg      Stdev     Max   +/- Stdev
    Latency     1.53ms  471.01us   8.47ms   76.26%
    Req/Sec     1.32k   167.12     2.50k    79.59%
  Latency Distribution (HdrHistogram - Recorded Latency)
 50.000%    1.48ms
 75.000%    1.76ms
 90.000%    2.07ms
 99.000%    2.66ms
 99.900%    6.94ms
 99.990%    7.88ms
 99.999%    8.35ms
100.000%    8.48ms

  Detailed Percentile spectrum:
       Value   Percentile   TotalCount 1/(1-Percentile)

       0.564     0.000000            1         1.00
       1.041     0.100000        25048         1.11
       1.178     0.200000        49930         1.25
       1.286     0.300000        74842         1.43
       1.385     0.400000       100002         1.67
       1.482     0.500000       124865         2.00
       1.533     0.550000       137346         2.22
       1.585     0.600000       149859         2.50
       1.638     0.650000       162224         2.86
       1.698     0.700000       174610         3.33
       1.763     0.750000       187047         4.00
       1.800     0.775000       193323         4.44
       1.841     0.800000       199515         5.00
       1.887     0.825000       205801         5.71
       1.941     0.850000       212008         6.67
       2.002     0.875000       218225         8.00
       2.033     0.887500       221376         8.89
       2.069     0.900000       224476        10.00
       2.111     0.912500       227666        11.43
       2.157     0.925000       230718        13.33
       2.211     0.937500       233892        16.00
       2.239     0.943750       235448        17.78
       2.271     0.950000       236960        20.00
       2.307     0.956250       238499        22.86
       2.347     0.962500       240062        26.67
       2.397     0.968750       241638        32.00
       2.423     0.971875       242368        35.56
       2.455     0.975000       243162        40.00
       2.487     0.978125       243921        45.71
       2.525     0.981250       244700        53.33
       2.567     0.984375       245481        64.00
       2.591     0.985938       245900        71.11
       2.617     0.987500       246281        80.00
       2.643     0.989062       246676        91.43
       2.671     0.990625       247051       106.67
       2.701     0.992188       247426       128.00
       2.721     0.992969       247628       142.22
       2.743     0.993750       247826       160.00
       2.767     0.994531       248014       182.86
       2.801     0.995313       248215       213.33
       2.865     0.996094       248402       256.00
       2.911     0.996484       248496       284.44
       3.007     0.996875       248593       320.00
       3.195     0.997266       248691       365.71
       3.463     0.997656       248789       426.67
       6.263     0.998047       248886       512.00
       6.419     0.998242       248936       568.89
       6.531     0.998437       248983       640.00
       6.651     0.998633       249033       731.43
       6.787     0.998828       249082       853.33
       6.959     0.999023       249130      1024.00
       7.039     0.999121       249153      1137.78
       7.119     0.999219       249178      1280.00
       7.219     0.999316       249202      1462.86
       7.279     0.999414       249226      1706.67
       7.359     0.999512       249251      2048.00
       7.399     0.999561       249266      2275.56
       7.423     0.999609       249275      2560.00
       7.463     0.999658       249288      2925.71
       7.499     0.999707       249299      3413.33
       7.587     0.999756       249313      4096.00
       7.639     0.999780       249319      4551.11
       7.671     0.999805       249324      5120.00
       7.723     0.999829       249330      5851.43
       7.759     0.999854       249336      6826.67
       7.827     0.999878       249342      8192.00
       7.859     0.999890       249346      9102.22
       7.875     0.999902       249348     10240.00
       7.915     0.999915       249351     11702.86
       7.927     0.999927       249354     13653.33
       7.971     0.999939       249357     16384.00
       7.987     0.999945       249359     18204.44
       7.995     0.999951       249361     20480.00
       8.003     0.999957       249362     23405.71
       8.019     0.999963       249363     27306.67
       8.035     0.999969       249365     32768.00
       8.051     0.999973       249366     36408.89
       8.051     0.999976       249366     40960.00
       8.059     0.999979       249367     46811.43
       8.127     0.999982       249368     54613.33
       8.279     0.999985       249369     65536.00
       8.279     0.999986       249369     72817.78
       8.279     0.999988       249369     81920.00
       8.351     0.999989       249370     93622.86
       8.351     0.999991       249370    109226.67
       8.391     0.999992       249371    131072.00
       8.391     0.999993       249371    145635.56
       8.391     0.999994       249371    163840.00
       8.391     0.999995       249371    187245.71
       8.391     0.999995       249371    218453.33
       8.479     0.999996       249372    262144.00
       8.479     1.000000       249372          inf
#[Mean    =        1.535, StdDeviation   =        0.471]
#[Max     =        8.472, Total count    =       249372]
#[Buckets =           27, SubBuckets     =         2048]
----------------------------------------------------------
  299743 requests in 1.00m, 48.60MB read
Requests/sec:   4995.59
Transfer/sec:    829.35KB
