Running 1m test @ http://erik-pc.local:8080/fruits
  4 threads and 100 connections
  Thread calibration: mean lat.: 4.935ms, rate sampling interval: 28ms
  Thread calibration: mean lat.: 4.982ms, rate sampling interval: 28ms
  Thread calibration: mean lat.: 4.959ms, rate sampling interval: 29ms
  Thread calibration: mean lat.: 5.020ms, rate sampling interval: 29ms
  Thread Stats   Avg      Stdev     Max   +/- Stdev
    Latency     4.95ms    5.60ms  45.06ms   85.18%
    Req/Sec     2.44k   686.93     5.18k    67.19%
  Latency Distribution (HdrHistogram - Recorded Latency)
 50.000%    2.51ms
 75.000%    4.02ms
 90.000%   14.36ms
 99.000%   24.05ms
 99.900%   29.92ms
 99.990%   35.36ms
 99.999%   41.85ms
100.000%   45.09ms

  Detailed Percentile spectrum:
       Value   Percentile   TotalCount 1/(1-Percentile)

       0.487     0.000000            1         1.00
       1.548     0.100000        47896         1.11
       1.923     0.200000        95821         1.25
       2.149     0.300000       143912         1.43
       2.331     0.400000       191783         1.67
       2.513     0.500000       239891         2.00
       2.609     0.550000       263346         2.22
       2.719     0.600000       287362         2.50
       2.851     0.650000       311237         2.86
       3.055     0.700000       335240         3.33
       4.023     0.750000       359130         4.00
       5.431     0.775000       371078         4.44
       7.439     0.800000       383057         5.00
       8.967     0.825000       395060         5.71
      10.423     0.850000       406986         6.67
      12.719     0.875000       418970         8.00
      13.559     0.887500       424959         8.89
      14.359     0.900000       430967        10.00
      15.215     0.912500       436915        11.43
      16.279     0.925000       442890        13.33
      17.503     0.937500       448924        16.00
      18.079     0.943750       451910        17.78
      18.639     0.950000       454917        20.00
      19.215     0.956250       457894        22.86
      19.887     0.962500       460908        26.67
      20.687     0.968750       463893        32.00
      21.151     0.971875       465382        35.56
      21.535     0.975000       466844        40.00
      21.951     0.978125       468378        45.71
      22.415     0.981250       469831        53.33
      22.911     0.984375       471335        64.00
      23.199     0.985938       472102        71.11
      23.503     0.987500       472817        80.00
      23.839     0.989062       473572        91.43
      24.191     0.990625       474333       106.67
      24.591     0.992188       475069       128.00
      24.831     0.992969       475444       142.22
      25.119     0.993750       475827       160.00
      25.439     0.994531       476193       182.86
      25.887     0.995313       476563       213.33
      26.447     0.996094       476935       256.00
      26.751     0.996484       477118       284.44
      27.119     0.996875       477305       320.00
      27.487     0.997266       477495       365.71
      27.871     0.997656       477681       426.67
      28.287     0.998047       477868       512.00
      28.543     0.998242       477959       568.89
      28.831     0.998437       478056       640.00
      29.247     0.998633       478149       731.43
      29.615     0.998828       478239       853.33
      29.951     0.999023       478333      1024.00
      30.191     0.999121       478380      1137.78
      30.479     0.999219       478428      1280.00
      30.703     0.999316       478473      1462.86
      31.247     0.999414       478521      1706.67
      31.759     0.999512       478567      2048.00
      32.063     0.999561       478590      2275.56
      32.287     0.999609       478614      2560.00
      32.559     0.999658       478638      2925.71
      33.055     0.999707       478662      3413.33
      33.439     0.999756       478684      4096.00
      33.695     0.999780       478695      4551.11
      34.015     0.999805       478707      5120.00
      34.335     0.999829       478720      5851.43
      34.655     0.999854       478730      6826.67
      35.071     0.999878       478742      8192.00
      35.167     0.999890       478748      9102.22
      35.423     0.999902       478754     10240.00
      35.679     0.999915       478760     11702.86
      35.871     0.999927       478765     13653.33
      36.543     0.999939       478771     16384.00
      36.831     0.999945       478774     18204.44
      37.279     0.999951       478777     20480.00
      38.239     0.999957       478780     23405.71
      38.655     0.999963       478783     27306.67
      39.263     0.999969       478786     32768.00
      39.327     0.999973       478787     36408.89
      39.487     0.999976       478789     40960.00
      39.775     0.999979       478790     46811.43
      40.063     0.999982       478792     54613.33
      40.095     0.999985       478793     65536.00
      40.351     0.999986       478794     72817.78
      41.855     0.999988       478795     81920.00
      41.855     0.999989       478795     93622.86
      42.271     0.999991       478796    109226.67
      42.303     0.999992       478797    131072.00
      42.303     0.999993       478797    145635.56
      43.423     0.999994       478798    163840.00
      43.423     0.999995       478798    187245.71
      43.423     0.999995       478798    218453.33
      44.255     0.999996       478799    262144.00
      44.255     0.999997       478799    291271.11
      44.255     0.999997       478799    327680.00
      44.255     0.999997       478799    374491.43
      44.255     0.999998       478799    436906.67
      45.087     0.999998       478800    524288.00
      45.087     1.000000       478800          inf
#[Mean    =        4.953, StdDeviation   =        5.598]
#[Max     =       45.056, Total count    =       478800]
#[Buckets =           27, SubBuckets     =         2048]
----------------------------------------------------------
  575487 requests in 1.00m, 93.31MB read
  Socket errors: connect 0, read 0, write 0, timeout 112
  Non-2xx or 3xx responses: 4
Requests/sec:   9591.23
Transfer/sec:      1.56MB
