Running 1m test @ http://erik-pc.local:8080/fruits
  4 threads and 100 connections
  Thread calibration: mean lat.: 2726.742ms, rate sampling interval: 8962ms
  Thread calibration: mean lat.: 2823.864ms, rate sampling interval: 9674ms
  Thread calibration: mean lat.: 2303.051ms, rate sampling interval: 11583ms
  Thread calibration: mean lat.: 1898.411ms, rate sampling interval: 6860ms
  Thread Stats   Avg      Stdev     Max   +/- Stdev
    Latency    18.59s     7.82s   37.26s    58.40%
    Req/Sec     3.49k   347.40     3.96k    76.19%
  Latency Distribution (HdrHistogram - Recorded Latency)
 50.000%   18.53s 
 75.000%   25.15s 
 90.000%   29.02s 
 99.000%   33.54s 
 99.900%   36.08s 
 99.990%   37.06s 
 99.999%   37.29s 
100.000%   37.29s 

  Detailed Percentile spectrum:
       Value   Percentile   TotalCount 1/(1-Percentile)

    4202.495     0.000000            1         1.00
    7901.183     0.100000        69033         1.11
   10420.223     0.200000       138088         1.25
   13352.959     0.300000       206920         1.43
   15810.559     0.400000       275969         1.67
   18530.303     0.500000       345065         2.00
   19972.095     0.550000       379615         2.22
   21446.655     0.600000       413879         2.50
   22757.375     0.650000       448647         2.86
   23871.487     0.700000       482847         3.33
   25149.439     0.750000       517491         4.00
   25870.335     0.775000       534440         4.44
   26509.311     0.800000       551659         5.00
   27230.207     0.825000       569172         5.71
   27918.335     0.850000       586278         6.67
   28442.623     0.875000       603526         8.00
   28704.767     0.887500       612069         8.89
   29016.063     0.900000       620891        10.00
   29392.895     0.912500       629347        11.43
   29786.111     0.925000       638073        13.33
   30212.095     0.937500       646530        16.00
   30572.543     0.943750       650813        17.78
   30851.071     0.950000       655126        20.00
   31113.215     0.956250       659465        22.86
   31358.975     0.962500       663740        26.67
   31621.119     0.968750       668235        32.00
   31735.807     0.971875       670314        35.56
   31866.879     0.975000       672445        40.00
   32096.255     0.978125       674470        45.71
   32489.471     0.981250       676682        53.33
   32931.839     0.984375       678790        64.00
   33144.831     0.985938       679872        71.11
   33325.055     0.987500       680992        80.00
   33456.127     0.989062       682026        91.43
   33619.967     0.990625       683274       106.67
   33751.039     0.992188       684181       128.00
   33849.343     0.992969       684890       142.22
   33947.647     0.993750       685346       160.00
   34111.487     0.994531       685787       182.86
   34439.167     0.995313       686322       213.33
   34734.079     0.996094       686889       256.00
   34865.151     0.996484       687149       284.44
   35028.991     0.996875       687411       320.00
   35225.599     0.997266       687682       365.71
   35422.207     0.997656       687967       426.67
   35586.047     0.998047       688226       512.00
   35684.351     0.998242       688369       568.89
   35782.655     0.998437       688477       640.00
   35913.727     0.998633       688650       731.43
   35979.263     0.998828       688769       853.33
   36077.567     0.999023       688891      1024.00
   36143.103     0.999121       688964      1137.78
   36208.639     0.999219       689015      1280.00
   36306.943     0.999316       689088      1462.86
   36405.247     0.999414       689186      1706.67
   36470.783     0.999512       689231      2048.00
   36569.087     0.999561       689259      2275.56
   36700.159     0.999609       689293      2560.00
   36765.695     0.999658       689327      2925.71
   36863.999     0.999707       689383      3413.33
   36896.767     0.999756       689408      4096.00
   36896.767     0.999780       689408      4551.11
   36929.535     0.999805       689420      5120.00
   36962.303     0.999829       689444      5851.43
   36995.071     0.999854       689463      6826.67
   37027.839     0.999878       689482      8192.00
   37027.839     0.999890       689482      9102.22
   37060.607     0.999902       689497     10240.00
   37060.607     0.999915       689497     11702.86
   37126.143     0.999927       689514     13653.33
   37126.143     0.999939       689514     16384.00
   37158.911     0.999945       689523     18204.44
   37158.911     0.999951       689523     20480.00
   37191.679     0.999957       689526     23405.71
   37224.447     0.999963       689538     27306.67
   37224.447     0.999969       689538     32768.00
   37224.447     0.999973       689538     36408.89
   37224.447     0.999976       689538     40960.00
   37289.983     0.999979       689553     46811.43
   37289.983     1.000000       689553          inf
#[Mean    =    18592.034, StdDeviation   =     7822.925]
#[Max     =    37257.216, Total count    =       689553]
#[Buckets =           27, SubBuckets     =         2048]
----------------------------------------------------------
  828051 requests in 1.00m, 134.25MB read
Requests/sec:  13796.90
Transfer/sec:      2.24MB
