Running 1m test @ http://erik-pc.local:8080/fruits
  4 threads and 100 connections
  Thread calibration: mean lat.: 1098.589ms, rate sampling interval: 5210ms
  Thread calibration: mean lat.: 2554.529ms, rate sampling interval: 8527ms
  Thread calibration: mean lat.: 1776.566ms, rate sampling interval: 5419ms
  Thread calibration: mean lat.: 798.172ms, rate sampling interval: 3358ms
  Thread Stats   Avg      Stdev     Max   +/- Stdev
    Latency    10.61s     4.63s   23.64s    62.44%
    Req/Sec     3.47k   563.46     4.19k    70.27%
  Latency Distribution (HdrHistogram - Recorded Latency)
 50.000%   10.29s 
 75.000%   14.16s 
 90.000%   16.86s 
 99.000%   20.96s 
 99.900%   22.84s 
 99.990%   23.17s 
 99.999%   23.56s 
100.000%   23.66s 

  Detailed Percentile spectrum:
       Value   Percentile   TotalCount 1/(1-Percentile)

     815.103     0.000000            1         1.00
    4710.399     0.100000        69527         1.11
    6209.535     0.200000       138979         1.25
    7413.759     0.300000       208324         1.43
    8945.663     0.400000       277790         1.67
   10289.151     0.500000       347380         2.00
   11026.431     0.550000       382076         2.22
   11911.167     0.600000       416599         2.50
   12664.831     0.650000       451310         2.86
   13287.423     0.700000       485961         3.33
   14155.775     0.750000       520850         4.00
   14598.143     0.775000       538007         4.44
   15073.279     0.800000       555542         5.00
   15491.071     0.825000       572811         5.71
   15867.903     0.850000       590371         6.67
   16302.079     0.875000       607472         8.00
   16556.031     0.887500       616225         8.89
   16859.135     0.900000       625084        10.00
   17186.815     0.912500       633713        11.43
   17563.647     0.925000       642416        13.33
   17858.559     0.937500       651165        16.00
   18038.783     0.943750       655304        17.78
   18268.159     0.950000       659563        20.00
   18563.071     0.956250       663886        22.86
   19005.439     0.962500       668306        26.67
   19415.039     0.968750       672606        32.00
   19611.647     0.971875       674671        35.56
   19857.407     0.975000       676880        40.00
   20103.167     0.978125       679088        45.71
   20299.775     0.981250       681177        53.33
   20529.151     0.984375       683446        64.00
   20643.839     0.985938       684508        71.11
   20774.911     0.987500       685644        80.00
   20873.215     0.989062       686650        91.43
   21020.671     0.990625       687672       106.67
   21266.431     0.992188       688763       128.00
   21381.119     0.992969       689299       142.22
   21544.959     0.993750       689885       160.00
   21692.415     0.994531       690390       182.86
   21823.487     0.995313       690964       213.33
   21987.327     0.996094       691466       256.00
   22102.015     0.996484       691747       284.44
   22347.775     0.996875       692031       320.00
   22478.847     0.997266       692297       365.71
   22577.151     0.997656       692616       426.67
   22626.303     0.998047       692837       512.00
   22675.455     0.998242       692961       568.89
   22724.607     0.998437       693093       640.00
   22757.375     0.998633       693237       731.43
   22790.143     0.998828       693372       853.33
   22839.295     0.999023       693516      1024.00
   22872.063     0.999121       693588      1137.78
   22904.831     0.999219       693662      1280.00
   22921.215     0.999316       693706      1462.86
   22937.599     0.999414       693770      1706.67
   22970.367     0.999512       693866      2048.00
   22986.751     0.999561       693899      2275.56
   23003.135     0.999609       693931      2560.00
   23019.519     0.999658       693962      2925.71
   23035.903     0.999707       693984      3413.33
   23068.671     0.999756       694013      4096.00
   23085.055     0.999780       694037      4551.11
   23101.439     0.999805       694059      5120.00
   23101.439     0.999829       694059      5851.43
   23117.823     0.999854       694081      6826.67
   23150.591     0.999878       694094      8192.00
   23166.975     0.999890       694108      9102.22
   23166.975     0.999902       694108     10240.00
   23183.359     0.999915       694116     11702.86
   23216.127     0.999927       694128     13653.33
   23248.895     0.999939       694136     16384.00
   23298.047     0.999945       694139     18204.44
   23314.431     0.999951       694145     20480.00
   23330.815     0.999957       694150     23405.71
   23330.815     0.999963       694150     27306.67
   23396.351     0.999969       694155     32768.00
   23412.735     0.999973       694157     36408.89
   23478.271     0.999976       694163     40960.00
   23478.271     0.999979       694163     46811.43
   23478.271     0.999982       694163     54613.33
   23543.807     0.999985       694165     65536.00
   23560.191     0.999986       694169     72817.78
   23560.191     0.999988       694169     81920.00
   23560.191     0.999989       694169     93622.86
   23560.191     0.999991       694169    109226.67
   23576.575     0.999992       694171    131072.00
   23576.575     0.999993       694171    145635.56
   23576.575     0.999994       694171    163840.00
   23625.727     0.999995       694172    187245.71
   23625.727     0.999995       694172    218453.33
   23642.111     0.999996       694173    262144.00
   23642.111     0.999997       694173    291271.11
   23642.111     0.999997       694173    327680.00
   23658.495     0.999997       694175    374491.43
   23658.495     1.000000       694175          inf
#[Mean    =    10611.799, StdDeviation   =     4629.404]
#[Max     =    23642.112, Total count    =       694175]
#[Buckets =           27, SubBuckets     =         2048]
----------------------------------------------------------
  833716 requests in 1.00m, 135.17MB read
Requests/sec:  13892.12
Transfer/sec:      2.25MB
