Running 1m test @ http://erik-pc.local:8080/fruits
  4 threads and 100 connections
  Thread calibration: mean lat.: 11.817ms, rate sampling interval: 67ms
  Thread calibration: mean lat.: 11.835ms, rate sampling interval: 68ms
  Thread calibration: mean lat.: 11.351ms, rate sampling interval: 66ms
  Thread calibration: mean lat.: 12.304ms, rate sampling interval: 69ms
  Thread Stats   Avg      Stdev     Max   +/- Stdev
    Latency    12.39ms   13.74ms  73.41ms   79.68%
    Req/Sec     2.52k   782.37     4.17k    57.94%
  Latency Distribution (HdrHistogram - Recorded Latency)
 50.000%    3.19ms
 75.000%   22.66ms
 90.000%   34.56ms
 99.000%   47.84ms
 99.900%   56.54ms
 99.990%   63.39ms
 99.999%   67.78ms
100.000%   73.47ms

  Detailed Percentile spectrum:
       Value   Percentile   TotalCount 1/(1-Percentile)

       0.501     0.000000            1         1.00
       1.294     0.100000        49896         1.11
       1.674     0.200000        99723         1.25
       2.005     0.300000       149560         1.43
       2.385     0.400000       199522         1.67
       3.187     0.500000       249265         2.00
       6.539     0.550000       274184         2.22
       9.959     0.600000       299132         2.50
      14.311     0.650000       324074         2.86
      18.495     0.700000       348960         3.33
      22.655     0.750000       373940         4.00
      24.431     0.775000       386409         4.44
      26.479     0.800000       398874         5.00
      28.559     0.825000       411322         5.71
      30.495     0.850000       423748         6.67
      32.671     0.875000       436278         8.00
      33.535     0.887500       442439         8.89
      34.559     0.900000       448655        10.00
      35.967     0.912500       454961        11.43
      37.279     0.925000       461223        13.33
      38.399     0.937500       467462        16.00
      39.007     0.943750       470529        17.78
      39.743     0.950000       473600        20.00
      40.703     0.956250       476704        22.86
      41.631     0.962500       479809        26.67
      42.463     0.968750       482933        32.00
      42.911     0.971875       484509        35.56
      43.423     0.975000       486042        40.00
      44.031     0.978125       487602        45.71
      44.831     0.981250       489180        53.33
      45.919     0.984375       490745        64.00
      46.495     0.985938       491516        71.11
      46.975     0.987500       492283        80.00
      47.519     0.989062       493073        91.43
      48.063     0.990625       493834       106.67
      48.735     0.992188       494624       128.00
      49.119     0.992969       495012       142.22
      49.567     0.993750       495394       160.00
      50.047     0.994531       495775       182.86
      50.783     0.995313       496179       213.33
      51.487     0.996094       496553       256.00
      51.935     0.996484       496749       284.44
      52.479     0.996875       496947       320.00
      53.023     0.997266       497136       365.71
      53.503     0.997656       497330       426.67
      54.111     0.998047       497530       512.00
      54.463     0.998242       497628       568.89
      54.879     0.998437       497725       640.00
      55.327     0.998633       497823       731.43
      55.871     0.998828       497914       853.33
      56.607     0.999023       498012      1024.00
      57.151     0.999121       498060      1137.78
      57.695     0.999219       498116      1280.00
      58.079     0.999316       498159      1462.86
      58.527     0.999414       498208      1706.67
      59.103     0.999512       498255      2048.00
      59.647     0.999561       498279      2275.56
      60.031     0.999609       498307      2560.00
      60.447     0.999658       498330      2925.71
      60.895     0.999707       498357      3413.33
      61.343     0.999756       498379      4096.00
      61.567     0.999780       498389      4551.11
      62.111     0.999805       498402      5120.00
      62.431     0.999829       498413      5851.43
      62.847     0.999854       498425      6826.67
      63.167     0.999878       498440      8192.00
      63.295     0.999890       498445      9102.22
      63.423     0.999902       498450     10240.00
      63.615     0.999915       498457     11702.86
      64.319     0.999927       498463     13653.33
      64.607     0.999939       498468     16384.00
      64.767     0.999945       498471     18204.44
      64.927     0.999951       498474     20480.00
      65.151     0.999957       498477     23405.71
      65.599     0.999963       498480     27306.67
      65.791     0.999969       498483     32768.00
      65.919     0.999973       498487     36408.89
      65.919     0.999976       498487     40960.00
      66.111     0.999979       498488     46811.43
      66.239     0.999982       498489     54613.33
      66.559     0.999985       498492     65536.00
      66.559     0.999986       498492     72817.78
      66.559     0.999988       498492     81920.00
      67.775     0.999989       498493     93622.86
      67.967     0.999991       498494    109226.67
      68.479     0.999992       498496    131072.00
      68.479     0.999993       498496    145635.56
      68.479     0.999994       498496    163840.00
      68.479     0.999995       498496    187245.71
      68.479     0.999995       498496    218453.33
      73.023     0.999996       498497    262144.00
      73.023     0.999997       498497    291271.11
      73.023     0.999997       498497    327680.00
      73.023     0.999997       498497    374491.43
      73.023     0.999998       498497    436906.67
      73.471     0.999998       498498    524288.00
      73.471     1.000000       498498          inf
#[Mean    =       12.390, StdDeviation   =       13.742]
#[Max     =       73.408, Total count    =       498498]
#[Buckets =           27, SubBuckets     =         2048]
----------------------------------------------------------
  599145 requests in 1.00m, 97.14MB read
Requests/sec:   9984.58
Transfer/sec:      1.62MB
