  22914 1001      20   0 8927160 581800  53524 S 206.7   3.6  38:09.33 application
  22914 1001      20   0 8927160 581800  53524 S 416.0   3.6  38:13.49 application
  22914 1001      20   0 8927160 581800  53524 S 401.0   3.6  38:17.50 application
  22914 1001      20   0 8927160 581800  53524 S 398.0   3.6  38:21.52 application
  22914 1001      20   0 8927160 581800  53524 S 403.0   3.6  38:25.55 application
  22914 1001      20   0 8927160 581800  53524 S 400.0   3.6  38:29.55 application
  22914 1001      20   0 8927160 581800  53524 S 402.0   3.6  38:33.57 application
  22914 1001      20   0 8927160 581800  53524 S 397.0   3.6  38:37.54 application
  22914 1001      20   0 8927160 581800  53524 S 400.0   3.6  38:41.54 application
  22914 1001      20   0 8927160 581800  53524 S 406.0   3.6  38:45.60 application
  22914 1001      20   0 8927160 581800  53524 S 400.0   3.6  38:49.60 application
  22914 1001      20   0 8927160 581800  53524 S 400.0   3.6  38:53.60 application
  22914 1001      20   0 8927160 581800  53524 S 396.0   3.6  38:57.60 application
  22914 1001      20   0 8927160 582064  53524 S 400.0   3.6  39:01.60 application
  22914 1001      20   0 8927160 582064  53524 S 400.0   3.6  39:05.60 application
  22914 1001      20   0 8927160 582064  53524 S 400.0   3.6  39:09.60 application
  22914 1001      20   0 8927160 582064  53524 S 399.0   3.6  39:13.59 application
  22914 1001      20   0 8927160 582064  53524 S 400.0   3.6  39:17.59 application
  22914 1001      20   0 8927160 582064  53524 S 400.0   3.6  39:21.59 application
  22914 1001      20   0 8927160 582064  53524 S 400.0   3.6  39:25.59 application
  22914 1001      20   0 8927160 582064  53524 S 400.0   3.6  39:29.59 application
  22914 1001      20   0 8927160 582064  53524 S 401.0   3.6  39:33.60 application
  22914 1001      20   0 8927160 582064  53524 S 395.0   3.6  39:37.59 application
  22914 1001      20   0 8927160 582064  53524 S 400.0   3.6  39:41.59 application
  22914 1001      20   0 8927160 582064  53524 S 401.0   3.6  39:45.60 application
  22914 1001      20   0 8927160 582064  53524 S 400.0   3.6  39:49.60 application
  22914 1001      20   0 8927160 582064  53524 S 399.0   3.6  39:53.59 application
  22914 1001      20   0 8927160 582064  53524 S 400.0   3.6  39:57.59 application
  22914 1001      20   0 8927160 582064  53524 S 399.0   3.6  40:01.58 application
  22914 1001      20   0 8927160 582064  53524 S 397.0   3.6  40:05.59 application
  22914 1001      20   0 8927160 582064  53524 S 399.0   3.6  40:09.58 application
  22914 1001      20   0 8927160 582064  53524 S 401.0   3.6  40:13.59 application
  22914 1001      20   0 8927160 582064  53524 S 400.0   3.6  40:17.59 application
  22914 1001      20   0 8927160 582064  53524 S 400.0   3.6  40:21.59 application
  22914 1001      20   0 8927160 582064  53524 S 400.0   3.6  40:25.59 application
  22914 1001      20   0 8927160 582064  53524 S 399.0   3.6  40:29.58 application
  22914 1001      20   0 8927160 582064  53524 S 400.0   3.6  40:33.58 application
  22914 1001      20   0 8927160 582064  53524 S 397.0   3.6  40:37.59 application
  22914 1001      20   0 8927160 582064  53524 S 399.0   3.6  40:41.58 application
  22914 1001      20   0 8927160 582064  53524 S 400.0   3.6  40:45.58 application
  22914 1001      20   0 8927160 582064  53524 S 400.0   3.6  40:49.58 application
  22914 1001      20   0 8927160 582064  53524 S 400.0   3.6  40:53.58 application
  22914 1001      20   0 8927160 582064  53524 S 400.0   3.6  40:57.58 application
  22914 1001      20   0 8927160 582064  53524 S 400.0   3.6  41:01.58 application
  22914 1001      20   0 8927160 582404  53524 S 401.0   3.6  41:05.59 application
  22914 1001      20   0 8927160 582404  53524 S 398.0   3.6  41:09.57 application
  22914 1001      20   0 8927160 582404  53524 S 401.0   3.6  41:13.58 application
  22914 1001      20   0 8927160 582404  53524 S 396.0   3.6  41:17.58 application
  22914 1001      20   0 8927160 582404  53524 S 400.0   3.6  41:21.58 application
  22914 1001      20   0 8927