  22914 1001      20   0 8927160 580432  53524 S   0.0   3.6  34:08.96 application
  22914 1001      20   0 8927160 580432  53524 S 412.0   3.6  34:13.08 application
  22914 1001      20   0 8927160 580432  53524 S 396.0   3.6  34:17.08 application
  22914 1001      20   0 8927160 580432  53524 S 399.0   3.6  34:21.07 application
  22914 1001      20   0 8927160 580432  53524 S 400.0   3.6  34:25.07 application
  22914 1001      20   0 8927160 580432  53524 S 400.0   3.6  34:29.07 application
  22914 1001      20   0 8927160 580432  53524 S 401.0   3.6  34:33.08 application
  22914 1001      20   0 8927160 580432  53524 S 399.0   3.6  34:37.07 application
  22914 1001      20   0 8927160 580432  53524 S 400.0   3.6  34:41.07 application
  22914 1001      20   0 8869788 581800  53524 S 400.0   3.6  34:45.07 application
  22914 1001      20   0 8902572 581800  53524 S 396.0   3.6  34:49.07 application
  22914 1001      20   0 8902572 581800  53524 S 401.0   3.6  34:53.08 application
  22914 1001      20   0 8902572 581800  53524 S 399.0   3.6  34:57.07 application
  22914 1001      20   0 8902572 581800  53524 S 399.0   3.6  35:01.06 application
  22914 1001      20   0 8902572 581800  53524 S 401.0   3.6  35:05.07 application
  22914 1001      20   0 8902572 581800  53524 S 399.0   3.6  35:09.06 application
  22914 1001      20   0 8902572 581800  53524 S 400.0   3.6  35:13.06 application
  22914 1001      20   0 8902572 581800  53524 S 401.0   3.6  35:17.07 application
  22914 1001      20   0 8902572 581800  53524 S 396.0   3.6  35:21.07 application
  22914 1001      20   0 8902572 581800  53524 S 400.0   3.6  35:25.07 application
  22914 1001      20   0 8902572 581800  53524 S 399.0   3.6  35:29.06 application
  22914 1001      20   0 8902572 581800  53524 S 400.0   3.6  35:33.06 application
  22914 1001      20   0 8902572 581800  53524 S 400.0   3.6  35:37.06 application
  22914 1001      20   0 8902572 581800  53524 S 400.0   3.6  35:41.06 application
  22914 1001      20   0 8927160 581800  53524 S 399.0   3.6  35:45.05 application
  22914 1001      20   0 8927160 581800  53524 S 400.0   3.6  35:49.05 application
  22914 1001      20   0 8927160 581800  53524 S 397.0   3.6  35:53.06 application
  22914 1001      20   0 8927160 581800  53524 S 399.0   3.6  35:57.05 application
  22914 1001      20   0 8927160 581800  53524 S 400.0   3.6  36:01.05 application
  22914 1001      20   0 8927160 581800  53524 S 399.0   3.6  36:05.04 application
  22914 1001      20   0 8927160 581800  53524 S 400.0   3.6  36:09.04 application
  22914 1001      20   0 8927160 581800  53524 S 400.0   3.6  36:13.04 application
  22914 1001      20   0 8927160 581800  53524 S 400.0   3.6  36:17.04 application
  22914 1001      20   0 8927160 581800  53524 S 395.0   3.6  36:21.03 application
  22914 1001      20   0 8927160 581800  53524 S 401.0   3.6  36:25.04 application
  22914 1001      20   0 8927160 581800  53524 S 399.0   3.6  36:29.03 application
  22914 1001      20   0 8927160 581800  53524 S 401.0   3.6  36:33.04 application
  22914 1001      20   0 8927160 581800  53524 S 400.0   3.6  36:37.04 application
  22914 1001      20   0 8927160 581800  53524 S 399.0   3.6  36:41.03 application
  22914 1001      20   0 8927160 581800  53524 S 400.0   3.6  36:45.03 application
  22914 1001      20   0 8927160 581800  53524 S 400.0   3.6  36:49.03 application
  22914 1001      20   0 8927160 581800  53524 S 396.0   3.6  36:53.03 application
  22914 1001      20   0 8927160 581800  53524 S 399.0   3.6  36:57.02 application
  22914 1001      20   0 8927160 581800  53524 S 400.0   3.6  37:01.02 application
  22914 1001      20   0 8927160 581800  53524 S 400.0   3.6  37:05.02 application
  22914 1001      20   0 8927160 581800  53524 S 400.0   3.6  37:09.02 application
  22914 1001      20   0 8927160 581800  53524 S 401.0   3.6  37:13.03 application
  22914 1001      20   0 8927160 581800  53524 S 399.0   3.6  37:17.02 application
  22914 1001      20   0 8927160 581800  53524 S 396.0   3.6  37:21.02 application
  22914 1001      20   0 8927