  22265 1001      20   0 1373608 402712  47192 S   0.0   2.5   9:35.85 application
  22265 1001      20   0 1374632 403768  47192 S 372.0   2.5   9:39.57 application
  22265 1001      20   0 1374632 404032  47192 S 371.0   2.5   9:43.28 application
  22265 1001      20   0 1375656 404296  47192 S 378.0   2.5   9:47.06 application
  22265 1001      20   0 1375656 404560  47192 S 372.0   2.5   9:50.78 application
  22265 1001      20   0 1375656 405088  47192 S 373.0   2.5   9:54.51 application
  22265 1001      20   0 1376680 405616  47192 S 375.0   2.5   9:58.26 application
  22265 1001      20   0 1376680 405880  47192 S 372.0   2.5  10:01.98 application
  22265 1001      20   0 1377704 406144  47192 S 375.0   2.5  10:05.73 application
  22265 1001      20   0 1377704 406672  47192 S 368.3   2.5  10:09.45 application
  22265 1001      20   0 1378728 407200  47192 S 370.0   2.5  10:13.15 application
  22265 1001      20   0 1378728 407464  47192 S 386.0   2.5  10:17.01 application
  22265 1001      20   0 1378728 407728  47192 S 378.0   2.5  10:20.79 application
  22265 1001      20   0 1378728 407728  47192 S 372.0   2.5  10:24.51 application
  22265 1001      20   0 1378728 407728  47192 S 376.0   2.5  10:28.27 application
  22265 1001      20   0 1379752 408256  47192 S 372.0   2.5  10:31.99 application
  22265 1001      20   0 1379752 408256  47192 S 375.0   2.5  10:35.74 application
  22265 1001      20   0 1379752 408784  47192 S 380.0   2.5  10:39.54 application
  22265 1001      20   0 1379752 408784  47192 S 378.2   2.5  10:43.36 application
  22265 1001      20   0 1380776 409048  47192 S 375.0   2.5  10:47.11 application
  22265 1001      20   0 1380776 409576  47192 S 375.0   2.5  10:50.86 application
  22265 1001      20   0 1380776 409840  47192 S 371.0   2.5  10:54.57 application
  22265 1001      20   0 1381800 410368  47192 S 367.0   2.5  10:58.24 application
  22265 1001      20   0 1381800 410368  47192 S 372.0   2.5  11:01.96 application
  22265 1001      20   0 1381800 410896  47192 S 379.0   2.5  11:05.75 application
  22265 1001      20   0 1382824 411160  47192 S 383.0   2.5  11:09.58 application
  22265 1001      20   0 1382824 411688  47192 S 376.0   2.5  11:13.34 application
  22265 1001      20   0 1382824 411952  47192 S 369.0   2.5  11:17.03 application
  22265 1001      20   0 1383848 412216  47192 S 377.0   2.5  11:20.80 application
  22265 1001      20   0 1383848 412216  47192 S 365.3   2.5  11:24.49 application
  22265 1001      20   0 1383848 412744  47192 S 372.0   2.5  11:28.21 application
  22265 1001      20   0 1384872 413008  47192 S 379.0   2.5  11:32.00 application
  22265 1001      20   0 1384872 413008  47192 S 374.0   2.5  11:35.74 application
  22265 1001      20   0 1384872 413536  47192 S 377.0   2.5  11:39.51 application
  22265 1001      20   0 1385896 414064  47192 S 378.0   2.5  11:43.29 application
  22265 1001      20   0 1385896 414592  47192 S 369.0   2.5  11:46.98 application
  22265 1001      20   0 1385896 414856  47192 S 376.0   2.5  11:50.74 application
  22265 1001      20   0 1386920 415120  47192 S 371.0   2.5  11:54.45 application
  22265 1001      20   0 1386920 415120  47192 S 375.0   2.5  11:58.20 application
  22265 1001      20   0 1386920 415648  47192 S 369.3   2.5  12:01.93 application
  22265 1001      20   0 1386920 415912  47192 S 375.0   2.6  12:05.68 application
  22265 1001      20   0 1386920 416176  47192 S 368.0   2.6  12:09.36 application
  22265 1001      20   0 1387944 416704  47192 S 380.0   2.6  12:13.16 application
  22265 1001      20   0 1387944 416704  47192 S 370.0   2.6  12:16.86 application
  22265 1001      20   0 1387944 416968  47192 S 369.0   2.6  12:20.55 application
  22265 1001      20   0 1388968 417496  47192 S 378.0   2.6  12:24.33 application
  22265 1001      20   0 1388968 417760  47192 S 375.0   2.6  12:28.08 application
  22265 1001      20   0 1388968 417760  47192 S 367.0   2.6  12:31.75 application
  22265 1001      20   0 1388968 418288  47192 S 370.3   2.6  12:35.49 application
  22265 1001      20   0 1388