  22265 1001      20   0 1544616 575600  48284 S   6.7   3.5  41:00.38 application
  22265 1001      20   0 1544616 575600  48284 S 404.0   3.5  41:04.42 application
  22265 1001      20   0 1544616 575600  48284 S 399.0   3.5  41:08.41 application
  22265 1001      20   0 1544616 575600  48284 S 401.0   3.5  41:12.42 application
  22265 1001      20   0 1544616 575600  48284 S 399.0   3.5  41:16.41 application
  22265 1001      20   0 1544616 575600  48284 S 404.0   3.5  41:20.45 application
  22265 1001      20   0 1544616 575600  48284 S 392.1   3.5  41:24.41 application
  22265 1001      20   0 1544616 575600  48284 S 403.0   3.5  41:28.44 application
  22265 1001      20   0 1544616 575600  48284 S 400.0   3.5  41:32.44 application
  22265 1001      20   0 1544616 575600  48284 S 402.0   3.5  41:36.46 application
  22265 1001      20   0 1544616 575600  48284 S 399.0   3.5  41:40.45 application
  22265 1001      20   0 1545640 576128  48284 S 403.0   3.5  41:44.48 application
  22265 1001      20   0 1544616 575472  48284 S 399.0   3.5  41:48.47 application
  22265 1001      20   0 1544616 575472  48284 S 404.0   3.5  41:52.51 application
  22265 1001      20   0 1544616 575472  48284 S 400.0   3.5  41:56.51 application
  22265 1001      20   0 1544616 575472  48284 S 397.0   3.5  42:00.52 application
  22265 1001      20   0 1544616 575472  48284 S 398.0   3.5  42:04.50 application
  22265 1001      20   0 1544616 575472  48284 S 400.0   3.5  42:08.50 application
  22265 1001      20   0 1544616 575472  48284 S 405.0   3.5  42:12.55 application
  22265 1001      20   0 1544616 575472  48284 S 397.0   3.5  42:16.52 application
  22265 1001      20   0 1544616 575472  48284 S 402.0   3.5  42:20.54 application
  22265 1001      20   0 1544616 575472  48284 S 401.0   3.5  42:24.55 application
  22265 1001      20   0 1544616 575472  48284 S 401.0   3.5  42:28.56 application
  22265 1001      20   0 1544616 575472  48284 S 399.0   3.5  42:32.55 application
  22265 1001      20   0 1544616 575472  48284 S 402.0   3.5  42:36.57 application
  22265 1001      20   0 1544616 575472  48284 S 400.0   3.5  42:40.57 application
  22265 1001      20   0 1544616 575472  48284 S 396.0   3.5  42:44.57 application
  22265 1001      20   0 1544616 575472  48284 S 400.0   3.5  42:48.57 application
  22265 1001      20   0 1544616 575472  48284 S 400.0   3.5  42:52.57 application
  22265 1001      20   0 1544616 575472  48284 S 400.0   3.5  42:56.57 application
  22265 1001      20   0 1544616 575472  48284 S 400.0   3.5  43:00.57 application
  22265 1001      20   0 1544616 575472  48284 S 400.0   3.5  43:04.57 application
  22265 1001      20   0 1544616 575472  48284 S 399.0   3.5  43:08.56 application
  22265 1001      20   0 1544616 575472  48284 S 401.0   3.5  43:12.57 application
  22265 1001      20   0 1544616 575472  48284 S 399.0   3.5  43:16.56 application
  22265 1001      20   0 1544616 575472  48284 S 397.0   3.5  43:20.57 application
  22265 1001      20   0 1544616 575472  48284 S 400.0   3.5  43:24.57 application
  22265 1001      20   0 1544616 575472  48284 S 400.0   3.5  43:28.57 application
  22265 1001      20   0 1544616 575472  48284 S 400.0   3.5  43:32.57 application
  22265 1001      20   0 1544616 575472  48284 S 400.0   3.5  43:36.57 application
  22265 1001      20   0 1544616 575472  48284 S 400.0   3.5  43:40.57 application
  22265 1001      20   0 1544616 575472  48284 S 399.0   3.5  43:44.56 application
  22265 1001      20   0 1544616 575472  48284 S 401.0   3.5  43:48.57 application
  22265 1001      20   0 1544616 575472  48284 S 395.0   3.5  43:52.56 application
  22265 1001      20   0 1544616 575472  48284 S 401.0   3.5  43:56.57 application
  22265 1001      20   0 1544616 575472  48284 S 399.0   3.5  44:00.56 application
  22265 1001      20   0 1544616 575472  48284 S 401.0   3.5  44:04.57 application
  22265 1001      20   0 1544616 575472  48284 S 399.0   3.5  44:08.56 application
  22265 1001      20   0 1544616 575472  48284 S 401.0   3.5  44:12.57 application
  22265 1001      20   0 1544