  22914 1001      20   0 4658876 362772  52436 S 153.3   2.2   6:43.99 application
  22914 1001      20   0 4658876 363564  52436 S 343.0   2.2   6:47.42 application
  22914 1001      20   0 4659900 363564  52436 S 339.6   2.2   6:50.85 application
  22914 1001      20   0 4659900 363828  52436 S 342.0   2.2   6:54.27 application
  22914 1001      20   0 4659900 364092  52436 S 345.0   2.2   6:57.72 application
  22914 1001      20   0 4668096 364356  52436 S 345.0   2.2   7:01.17 application
  22914 1001      20   0 4669120 364884  52436 S 343.0   2.2   7:04.60 application
  22914 1001      20   0 4669120 365144  52436 S 345.0   2.2   7:08.05 application
  22914 1001      20   0 4677316 365144  52436 S 343.0   2.2   7:11.48 application
  22914 1001      20   0 4678340 365672  52436 S 344.0   2.2   7:14.92 application
  22914 1001      20   0 4678340 365936  52436 S 345.0   2.2   7:18.37 application
  22914 1001      20   0 4694732 365936  52436 S 346.0   2.2   7:21.83 application
  22914 1001      20   0 4695756 367252  52436 S 338.6   2.3   7:25.25 application
  22914 1001      20   0 4695756 367512  52436 S 339.0   2.3   7:28.64 application
  22914 1001      20   0 4696780 368040  52436 S 347.0   2.3   7:32.11 application
  22914 1001      20   0 4696780 368040  52436 S 344.0   2.3   7:35.55 application
  22914 1001      20   0 4696780 368300  52436 S 343.0   2.3   7:38.98 application
  22914 1001      20   0 4696780 368564  52436 S 344.0   2.3   7:42.42 application
  22914 1001      20   0 4697804 369352  52436 S 344.0   2.3   7:45.86 application
  22914 1001      20   0 4697804 369616  52436 S 343.0   2.3   7:49.29 application
  22914 1001      20   0 4697804 369876  52436 S 343.0   2.3   7:52.72 application
  22914 1001      20   0 4698828 370140  52436 S 336.6   2.3   7:56.12 application
  22914 1001      20   0 4698828 370404  52436 S 343.0   2.3   7:59.55 application
  22914 1001      20   0 4698828 370668  52436 S 341.0   2.3   8:02.96 application
  22914 1001      20   0 4698828 370932  52436 S 345.0   2.3   8:06.41 application
  22914 1001      20   0 4698828 371196  52436 S 344.0   2.3   8:09.85 application
  22914 1001      20   0 4699852 371196  52436 S 341.0   2.3   8:13.26 application
  22914 1001      20   0 4699852 371460  52436 S 343.0   2.3   8:16.69 application
  22914 1001      20   0 4699852 371460  52436 S 345.0   2.3   8:20.14 application
  22914 1001      20   0 4699852 371988  52436 S 344.0   2.3   8:23.58 application
  22914 1001      20   0 4699852 372252  52436 S 342.0   2.3   8:27.00 application
  22914 1001      20   0 4699852 372516  52436 S 343.0   2.3   8:30.43 application
  22914 1001      20   0 4700876 372516  52436 S 340.6   2.3   8:33.87 application
  22914 1001      20   0 4700876 372516  52436 S 343.0   2.3   8:37.30 application
  22914 1001      20   0 4700876 372780  52436 S 343.0   2.3   8:40.73 application
  22914 1001      20   0 4700876 372780  52436 S 343.0   2.3   8:44.16 application
  22914 1001      20   0 4700876 373308  52436 S 343.0   2.3   8:47.59 application
  22914 1001      20   0 4718292 373836  52436 S 343.0   2.3   8:51.02 application
  22914 1001      20   0 4718292 374628  52436 S 342.0   2.3   8:54.44 application
  22914 1001      20   0 4719316 374628  52436 S 343.0   2.3   8:57.87 application
  22914 1001      20   0 4719316 374628  52436 S 345.0   2.3   9:01.32 application
  22914 1001      20   0 4719316 374628  52436 S 340.0   2.3   9:04.72 application
  22914 1001      20   0 4719316 374628  52436 S 339.6   2.3   9:08.15 application
  22914 1001      20   0 4719316 375156  52436 S 344.0   2.3   9:11.59 application
  22914 1001      20   0 4720340 375420  52436 S 345.0   2.3   9:15.04 application
  22914 1001      20   0 4720340 375420  52436 S 341.0   2.3   9:18.45 application
  22914 1001      20   0 4720340 375684  52436 S 343.0   2.3   9:21.88 application
  22914 1001      20   0 4720340 375948  52436 S 345.0   2.3   9:25.33 application
  22914 1001      20   0 4721364 376212  52436 S 344.0   2.3   9:28.77 application
  22914 1001      20   0 4721