  22265 1001      20   0 1544616 575600  48284 S 253.3   3.5  37:00.74 application
  22265 1001      20   0 1544616 575600  48284 S 410.0   3.5  37:04.84 application
  22265 1001      20   0 1544616 575600  48284 S 398.0   3.5  37:08.86 application
  22265 1001      20   0 1544616 575600  48284 S 401.0   3.5  37:12.87 application
  22265 1001      20   0 1544616 575600  48284 S 399.0   3.5  37:16.86 application
  22265 1001      20   0 1544616 575600  48284 S 401.0   3.5  37:20.87 application
  22265 1001      20   0 1544616 575600  48284 S 402.0   3.5  37:24.89 application
  22265 1001      20   0 1544616 575600  48284 S 399.0   3.5  37:28.88 application
  22265 1001      20   0 1544616 575600  48284 S 402.0   3.5  37:32.90 application
  22265 1001      20   0 1544616 575600  48284 S 401.0   3.5  37:36.91 application
  22265 1001      20   0 1544616 575600  48284 S 399.0   3.5  37:40.90 application
  22265 1001      20   0 1544616 575600  48284 S 401.0   3.5  37:44.91 application
  22265 1001      20   0 1544616 575600  48284 S 395.0   3.5  37:48.90 application
  22265 1001      20   0 1544616 575600  48284 S 401.0   3.5  37:52.91 application
  22265 1001      20   0 1544616 575600  48284 S 400.0   3.5  37:56.91 application
  22265 1001      20   0 1544616 575600  48284 S 400.0   3.5  38:00.91 application
  22265 1001      20   0 1544616 575600  48284 S 400.0   3.5  38:04.91 application
  22265 1001      20   0 1544616 575600  48284 S 401.0   3.5  38:08.92 application
  22265 1001      20   0 1544616 575600  48284 S 399.0   3.5  38:12.91 application
  22265 1001      20   0 1544616 575600  48284 S 400.0   3.5  38:16.91 application
  22265 1001      20   0 1544616 575600  48284 S 400.0   3.5  38:20.91 application
  22265 1001      20   0 1544616 575600  48284 S 396.0   3.5  38:24.91 application
  22265 1001      20   0 1544616 575600  48284 S 401.0   3.5  38:28.92 application
  22265 1001      20   0 1544616 575600  48284 S 400.0   3.5  38:32.92 application
  22265 1001      20   0 1544616 575600  48284 S 399.0   3.5  38:36.91 application
  22265 1001      20   0 1544616 575600  48284 S 400.0   3.5  38:40.91 application
  22265 1001      20   0 1544616 575600  48284 S 400.0   3.5  38:44.91 application
  22265 1001      20   0 1544616 575600  48284 S 401.0   3.5  38:48.92 application
  22265 1001      20   0 1544616 575600  48284 S 399.0   3.5  38:52.91 application
  22265 1001      20   0 1544616 575600  48284 S 400.0   3.5  38:56.91 application
  22265 1001      20   0 1544616 575600  48284 S 400.0   3.5  39:00.91 application
  22265 1001      20   0 1544616 575600  48284 S 400.0   3.5  39:04.91 application
  22265 1001      20   0 1544616 575600  48284 S 396.0   3.5  39:08.91 application
  22265 1001      20   0 1544616 575600  48284 S 400.0   3.5  39:12.91 application
  22265 1001      20   0 1544616 575600  48284 S 400.0   3.5  39:16.91 application
  22265 1001      20   0 1544616 575600  48284 S 400.0   3.5  39:20.91 application
  22265 1001      20   0 1544616 575600  48284 S 400.0   3.5  39:24.91 application
  22265 1001      20   0 1544616 575600  48284 S 400.0   3.5  39:28.91 application
  22265 1001      20   0 1544616 575600  48284 S 400.0   3.5  39:32.91 application
  22265 1001      20   0 1544616 575600  48284 S 400.0   3.5  39:36.91 application
  22265 1001      20   0 1544616 575600  48284 S 400.0   3.5  39:40.91 application
  22265 1001      20   0 1544616 575600  48284 S 400.0   3.5  39:44.91 application
  22265 1001      20   0 1544616 575600  48284 S 396.0   3.5  39:48.91 application
  22265 1001      20   0 1544616 575600  48284 S 400.0   3.5  39:52.91 application
  22265 1001      20   0 1544616 575600  48284 S 400.0   3.5  39:56.91 application
  22265 1001      20   0 1544616 575600  48284 S 400.0   3.5  40:00.91 application
  22265 1001      20   0 1544616 575600  48284 S 399.0   3.5  40:04.90 application
  22265 1001      20   0 1544616 575600  48284 S 401.0   3.5  40:08.91 application
  22265 1001      20   0 1544616 575600  48284 S 400.0   3.5  40:12.91 application
  22265 1001      20   0 1544