  22265 1001      20   0 1544616 575472  48284 S 220.0   3.5  45:00.66 application
  22265 1001      20   0 1544616 575472  48284 S 405.0   3.5  45:04.71 application
  22265 1001      20   0 1544616 575472  48284 S 400.0   3.5  45:08.71 application
  22265 1001      20   0 1544616 575472  48284 S 401.0   3.5  45:12.72 application
  22265 1001      20   0 1544616 575472  48284 S 400.0   3.5  45:16.72 application
  22265 1001      20   0 1544616 575472  48284 S 401.0   3.5  45:20.73 application
  22265 1001      20   0 1544616 575472  48284 S 397.0   3.5  45:24.74 application
  22265 1001      20   0 1544616 575472  48284 S 400.0   3.5  45:28.74 application
  22265 1001      20   0 1544616 575472  48284 S 401.0   3.5  45:32.75 application
  22265 1001      20   0 1544616 575472  48284 S 400.0   3.5  45:36.75 application
  22265 1001      20   0 1544616 575472  48284 S 399.0   3.5  45:40.74 application
  22265 1001      20   0 1544616 575472  48284 S 403.0   3.5  45:44.77 application
  22265 1001      20   0 1544616 575472  48284 S 401.0   3.5  45:48.78 application
  22265 1001      20   0 1544616 575472  48284 S 399.0   3.5  45:52.77 application
  22265 1001      20   0 1544616 575472  48284 S 403.0   3.5  45:56.80 application
  22265 1001      20   0 1544616 575472  48284 S 396.0   3.5  46:00.80 application
  22265 1001      20   0 1544616 575472  48284 S 400.0   3.5  46:04.80 application
  22265 1001      20   0 1544616 575472  48284 S 402.0   3.5  46:08.82 application
  22265 1001      20   0 1544616 575472  48284 S 398.0   3.5  46:12.80 application
  22265 1001      20   0 1544616 575472  48284 S 403.0   3.5  46:16.83 application
  22265 1001      20   0 1544616 575472  48284 S 400.0   3.5  46:20.83 application
  22265 1001      20   0 1544616 575472  48284 S 402.0   3.5  46:24.85 application
  22265 1001      20   0 1544616 575472  48284 S 400.0   3.5  46:28.85 application
  22265 1001      20   0 1544616 575472  48284 S 398.0   3.5  46:32.83 application
  22265 1001      20   0 1544616 575472  48284 S 404.0   3.5  46:36.87 application
  22265 1001      20   0 1544616 575472  48284 S 400.0   3.5  46:40.87 application
  22265 1001      20   0 1544616 575472  48284 S 398.0   3.5  46:44.89 application
  22265 1001      20   0 1544616 575472  48284 S 400.0   3.5  46:48.89 application
  22265 1001      20   0 1544616 575472  48284 S 398.0   3.5  46:52.87 application
  22265 1001      20   0 1544616 575472  48284 S 403.0   3.5  46:56.90 application
  22265 1001      20   0 1544616 575472  48284 S 401.0   3.5  47:00.91 application
  22265 1001      20   0 1544616 575472  48284 S 398.0   3.5  47:04.89 application
  22265 1001      20   0 1544616 575472  48284 S 402.0   3.5  47:08.91 application
  22265 1001      20   0 1544616 575472  48284 S 399.0   3.5  47:12.90 application
  22265 1001      20   0 1544616 575472  48284 S 404.0   3.5  47:16.94 application
  22265 1001      20   0 1544616 575472  48284 S 399.0   3.5  47:20.93 application
  22265 1001      20   0 1544616 575472  48284 S 398.0   3.5  47:24.95 application
  22265 1001      20   0 1544616 575472  48284 S 401.0   3.5  47:28.96 application
  22265 1001      20   0 1544616 575472  48284 S 397.0   3.5  47:32.93 application
  22265 1001      20   0 1544616 575472  48284 S 404.0   3.5  47:36.97 application
  22265 1001      20   0 1544616 575472  48284 S 401.0   3.5  47:40.98 application
  22265 1001      20   0 1544616 575472  48284 S 399.0   3.5  47:44.97 application
  22265 1001      20   0 1544616 575472  48284 S 401.0   3.5  47:48.98 application
  22265 1001      20   0 1544616 575472  48284 S 399.0   3.5  47:52.97 application
  22265 1001      20   0 1544616 575472  48284 S 402.0   3.5  47:56.99 application
  22265 1001      20   0 1545640 575880  48284 S 395.0   3.5  48:00.98 application
  22265 1001      20   0 1544616 575436  48284 S 401.0   3.5  48:04.99 application
  22265 1001      20   0 1544616 575436  48284 S 400.0   3.5  48:08.99 application
  22265 1001      20   0 1544616 575436  48284 S 400.0   3.5  48:12.99 application
  22265 1001      20   0 1544