  40857 1001      20   0 6259468 487484  47856 S 162.5   3.0  29:22.88 application
  40857 1001      20   0 6259468 488276  47856 S 405.0   3.0  29:26.93 application
  40857 1001      20   0 6260492 488804  47856 S 399.0   3.0  29:30.92 application
  40857 1001      20   0 6260492 489332  47856 S 401.0   3.0  29:34.93 application
  40857 1001      20   0 6260492 490124  47856 S 400.0   3.0  29:38.93 application
  40857 1001      20   0 6261516 490388  47856 S 400.0   3.0  29:42.93 application
  40857 1001      20   0 6261516 490388  47856 S 396.0   3.0  29:46.93 application
  40857 1001      20   0 6261516 490388  47856 S 400.0   3.0  29:50.93 application
  40857 1001      20   0 6262540 490652  47856 S 401.0   3.0  29:54.94 application
  40857 1001      20   0 6262540 490652  47856 S 401.0   3.0  29:58.95 application
  40857 1001      20   0 6262540 490916  47856 S 400.0   3.0  30:02.95 application
  40857 1001      20   0 6263564 492236  47856 S 403.0   3.0  30:06.98 application
  40857 1001      20   0 6264588 493028  47856 S 400.0   3.0  30:10.98 application
  40857 1001      20   0 6290200 494876  47856 S 399.0   3.0  30:14.97 application
  40857 1001      20   0 6291224 495140  47856 S 400.0   3.0  30:18.97 application
  40857 1001      20   0 6291224 495404  47856 S 404.0   3.0  30:23.01 application
  40857 1001      20   0 6292248 495404  47856 S 403.0   3.0  30:27.04 application
  40857 1001      20   0 6292248 495932  47856 S 395.0   3.0  30:31.03 application
  40857 1001      20   0 6292248 496460  47856 S 400.0   3.0  30:35.03 application
  40857 1001      20   0 6293272 496724  47856 S 403.0   3.0  30:39.06 application
  40857 1001      20   0 6293272 497512  47856 S 400.0   3.1  30:43.06 application
  40857 1001      20   0 6294296 497776  47856 S 398.0   3.1  30:47.04 application
  40857 1001      20   0 6294296 498304  47856 S 406.0   3.1  30:51.10 application
  40857 1001      20   0 6294296 498304  47856 S 396.0   3.1  30:55.06 application
  40857 1001      20   0 6295320 498568  47856 S 406.0   3.1  30:59.12 application
  40857 1001      20   0 6295320 499360  47856 S 402.0   3.1  31:03.14 application
  40857 1001      20   0 6295320 499624  47856 S 399.0   3.1  31:07.13 application
  40857 1001      20   0 6296344 500152  47856 S 395.0   3.1  31:11.12 application
  40857 1001      20   0 6296344 500676  47856 S 405.0   3.1  31:15.17 application
  40857 1001      20   0 6296344 500940  47856 S 399.0   3.1  31:19.16 application
  40857 1001      20   0 6297368 501204  47856 S 403.0   3.1  31:23.19 application
  40857 1001      20   0 6297368 502256  47856 S 393.0   3.1  31:27.12 application
  40857 1001      20   0 6298392 502516  47856 S 404.0   3.1  31:31.16 application
  40857 1001      20   0 6298392 502516  47856 S 408.0   3.1  31:35.24 application
  40857 1001      20   0 6298392 502516  47856 S 399.0   3.1  31:39.23 application
  40857 1001      20   0 6299416 502780  47856 S 392.0   3.1  31:43.15 application
  40857 1001      20   0 6299416 503308  47856 S 405.9   3.1  31:47.25 application
  40857 1001      20   0 6299416 503572  47856 S 397.0   3.1  31:51.22 application
  40857 1001      20   0 6300440 503832  47856 S 404.0   3.1  31:55.26 application
  40857 1001      20   0 6300440 504356  47856 S 400.0   3.1  31:59.26 application
  40857 1001      20   0 6301464 504356  47856 S 395.0   3.1  32:03.21 application
  40857 1001      20   0 6301464 504620  47856 S 407.0   3.1  32:07.28 application
  40857 1001      20   0 6301464 504620  47856 S 402.0   3.1  32:11.30 application
  40857 1001      20   0 6302488 505640  47856 S 397.0   3.1  32:15.27 application
  40857 1001      20   0 6302488 505904  47856 S 401.0   3.1  32:19.28 application
  40857 1001      20   0 6302488 506432  47856 S 404.0   3.1  32:23.32 application
  40857 1001      20   0 6303512 506956  47856 S 390.1   3.1  32:27.26 application
  40857 1001      20   0 6303512 506956  47856 S 407.0   3.1  32:31.33 application
  40857 1001      20   0 6303512 507744  47856 S 397.0   3.1  32:35.30 application
  40857 1001      20   0 6304