  15068 1001      20   0 7313216 580548  48960 S   0.0   3.6  45:42.43 application
  15068 1001      20   0 7313216 580548  48960 S 389.0   3.6  45:46.32 application
  15068 1001      20   0 7313216 580548  48960 S 399.0   3.6  45:50.31 application
  15068 1001      20   0 7296824 580684  48960 S 401.0   3.6  45:54.32 application
  15068 1001      20   0 7296824 580684  48960 S 400.0   3.6  45:58.32 application
  15068 1001      20   0 7296824 580684  48960 S 399.0   3.6  46:02.31 application
  15068 1001      20   0 7296824 580684  48960 S 397.0   3.6  46:06.32 application
  15068 1001      20   0 7296824 580684  48960 S 400.0   3.6  46:10.32 application
  15068 1001      20   0 7296824 580684  48960 S 402.0   3.6  46:14.34 application
  15068 1001      20   0 7296824 580684  48960 S 400.0   3.6  46:18.34 application
  15068 1001      20   0 7296824 580684  48960 S 401.0   3.6  46:22.35 application
  15068 1001      20   0 7296824 580684  48960 S 401.0   3.6  46:26.36 application
  15068 1001      20   0 7296824 580684  48960 S 401.0   3.6  46:30.37 application
  15068 1001      20   0 7296824 580684  48960 S 402.0   3.6  46:34.39 application
  15068 1001      20   0 7296824 580684  48960 S 400.0   3.6  46:38.39 application
  15068 1001      20   0 7296824 580684  48960 S 402.0   3.6  46:42.41 application
  15068 1001      20   0 7296824 580684  48960 S 397.0   3.6  46:46.42 application
  15068 1001      20   0 7296824 580684  48960 S 402.0   3.6  46:50.44 application
  15068 1001      20   0 7296824 580684  48960 S 400.0   3.6  46:54.44 application
  15068 1001      20   0 7296824 580684  48960 S 403.0   3.6  46:58.47 application
  15068 1001      20   0 7296824 580684  48960 S 399.0   3.6  47:02.46 application
  15068 1001      20   0 7296824 580684  48960 S 402.0   3.6  47:06.48 application
  15068 1001      20   0 7296824 580684  48960 S 400.0   3.6  47:10.48 application
  15068 1001      20   0 7296824 580684  48960 S 401.0   3.6  47:14.49 application
  15068 1001      20   0 7296824 580684  48960 S 398.0   3.6  47:18.47 application
  15068 1001      20   0 7296824 580684  48960 S 406.0   3.6  47:22.53 application
  15068 1001      20   0 7296824 580684  48960 S 391.1   3.6  47:26.48 application
  15068 1001      20   0 7296824 580684  48960 S 408.0   3.6  47:30.56 application
  15068 1001      20   0 7296824 580684  48960 S 396.0   3.6  47:34.52 application
  15068 1001      20   0 7296824 580684  48960 S 405.0   3.6  47:38.57 application
  15068 1001      20   0 7296824 580684  48960 S 399.0   3.6  47:42.56 application
  15068 1001      20   0 7296824 580684  48960 S 403.0   3.6  47:46.59 application
  15068 1001      20   0 7296824 580684  48960 S 394.0   3.6  47:50.53 application
  15068 1001      20   0 7296824 580684  48960 S 409.0   3.6  47:54.62 application
  15068 1001      20   0 7296824 580684  48960 S 396.0   3.6  47:58.58 application
  15068 1001      20   0 7296824 580684  48960 S 408.0   3.6  48:02.66 application
  15068 1001      20   0 7296824 580684  48960 S 395.0   3.6  48:06.65 application
  15068 1001      20   0 7296824 580684  48960 S 400.0   3.6  48:10.65 application
  15068 1001      20   0 7296824 580684  48960 S 404.0   3.6  48:14.69 application
  15068 1001      20   0 7296824 580684  48960 S 401.0   3.6  48:18.70 application
  15068 1001      20   0 7296824 580684  48960 S 387.0   3.6  48:22.57 application
  15068 1001      20   0 7296824 580684  48960 S 409.0   3.6  48:26.66 application
  15068 1001      20   0 7280432 581280  48960 S 404.0   3.6  48:30.70 application
  15068 1001      20   0 7280432 581280  48960 S 401.0   3.6  48:34.71 application
  15068 1001      20   0 7280432 581280  48960 S 396.0   3.6  48:38.67 application
  15068 1001      20   0 7280432 581280  48960 S 403.0   3.6  48:42.70 application
  15068 1001      20   0 7280432 581280  48960 S 394.1   3.6  48:46.68 application
  15068 1001      20   0 7280432 581280  48960 S 400.0   3.6  48:50.68 application
  15068 1001      20   0 7198472 582332  48960 S 397.0   3.6  48:54.65 application
  15068 1001      20   0 7198