  40175 1001      20   0 1340844 364056  42484 S   6.2   2.2  51:15.45 application
  40175 1001      20   0 1340844 364848  42484 S 398.0   2.2  51:19.43 application
  40175 1001      20   0 1340844 365376  42484 S 400.0   2.2  51:23.43 application
  40175 1001      20   0 1341868 365376  42484 S 401.0   2.2  51:27.44 application
  40175 1001      20   0 1341868 365376  42484 S 399.0   2.2  51:31.43 application
  40175 1001      20   0 1341868 365376  42484 S 400.0   2.2  51:35.43 application
  40175 1001      20   0 1341868 365376  42484 S 401.0   2.2  51:39.44 application
  40175 1001      20   0 1341868 365376  42484 S 399.0   2.2  51:43.43 application
  40175 1001      20   0 1341868 365376  42484 S 396.0   2.2  51:47.43 application
  40175 1001      20   0 1341868 365376  42484 S 401.0   2.2  51:51.44 application
  40175 1001      20   0 1341868 365376  42484 S 402.0   2.2  51:55.46 application
  40175 1001      20   0 1341868 366168  42484 S 401.0   2.2  51:59.47 application
  40175 1001      20   0 1341868 366168  42484 S 401.0   2.2  52:03.48 application
  40175 1001      20   0 1341868 366168  42484 S 401.0   2.2  52:07.49 application
  40175 1001      20   0 1341868 366168  42484 S 400.0   2.2  52:11.49 application
  40175 1001      20   0 1342892 366432  42484 S 399.0   2.2  52:15.48 application
  40175 1001      20   0 1342892 366432  42484 S 399.0   2.2  52:19.51 application
  40175 1001      20   0 1342892 366432  42484 S 400.0   2.2  52:23.51 application
  40175 1001      20   0 1342892 366432  42484 S 401.0   2.2  52:27.52 application
  40175 1001      20   0 1342892 366432  42484 S 401.0   2.2  52:31.53 application
  40175 1001      20   0 1342892 366432  42484 S 401.0   2.2  52:35.54 application
  40175 1001      20   0 1342892 366432  42484 S 402.0   2.2  52:39.56 application
  40175 1001      20   0 1342892 366696  42484 S 401.0   2.2  52:43.57 application
  40175 1001      20   0 1342892 366696  42484 S 401.0   2.2  52:47.58 application
  40175 1001      20   0 1342892 366960  42484 S 398.0   2.3  52:51.60 application
  40175 1001      20   0 1342892 367224  42484 S 399.0   2.3  52:55.59 application
  40175 1001      20   0 1342892 367224  42484 S 403.0   2.3  52:59.62 application
  40175 1001      20   0 1343916 367224  42484 S 399.0   2.3  53:03.61 application
  40175 1001      20   0 1343916 367488  42484 S 403.0   2.3  53:07.64 application
  40175 1001      20   0 1343916 367488  42484 S 397.0   2.3  53:11.61 application
  40175 1001      20   0 1343916 367488  42484 S 402.0   2.3  53:15.63 application
  40175 1001      20   0 1343916 367752  42484 S 400.0   2.3  53:19.67 application
  40175 1001      20   0 1343916 367752  42484 S 398.0   2.3  53:23.65 application
  40175 1001      20   0 1343916 368016  42484 S 404.0   2.3  53:27.69 application
  40175 1001      20   0 1343916 368016  42484 S 401.0   2.3  53:31.70 application
  40175 1001      20   0 1343916 368016  42484 S 398.0   2.3  53:35.68 application
  40175 1001      20   0 1343916 368016  42484 S 401.0   2.3  53:39.69 application
  40175 1001      20   0 1343916 368016  42484 S 402.0   2.3  53:43.71 application
  40175 1001      20   0 1343916 368016  42484 S 403.0   2.3  53:47.74 application
  40175 1001      20   0 1343916 368016  42484 S 395.0   2.3  53:51.73 application
  40175 1001      20   0 1344940 368280  42484 S 400.0   2.3  53:55.73 application
  40175 1001      20   0 1344940 368280  42484 S 400.0   2.3  53:59.73 application
  40175 1001      20   0 1344940 368280  42484 S 403.0   2.3  54:03.76 application
  40175 1001      20   0 1344940 368280  42484 S 399.0   2.3  54:07.75 application
  40175 1001      20   0 1344940 368280  42484 S 404.0   2.3  54:11.79 application
  40175 1001      20   0 1344940 368280  42484 S 399.0   2.3  54:15.78 application
  40175 1001      20   0 1344940 368280  42484 S 397.0   2.3  54:19.79 application
  40175 1001      20   0 1344940 368544  42484 S 403.0   2.3  54:23.82 application
  40175 1001      20   0 1344940 368808  42484 S 399.0   2.3  54:27.81 application
  40175 1001      20   0 1344