  15068 1001      20   0 5433072 430160  47936 S   0.0   2.6  21:42.43 application
  15068 1001      20   0 5409508 431976  47936 S 355.0   2.6  21:45.98 application
  15068 1001      20   0 5409508 432504  47936 S 411.0   2.7  21:50.09 application
  15068 1001      20   0 5409508 432768  47936 S 394.1   2.7  21:54.07 application
  15068 1001      20   0 5410532 433032  47936 S 401.0   2.7  21:58.08 application
  15068 1001      20   0 5410532 433296  47936 S 401.0   2.7  22:02.09 application
  15068 1001      20   0 5454584 436464  47936 S 399.0   2.7  22:06.08 application
  15068 1001      20   0 5454584 436464  47936 S 402.0   2.7  22:10.10 application
  15068 1001      20   0 5454584 436992  47936 S 403.0   2.7  22:14.13 application
  15068 1001      20   0 5455608 437256  47936 S 398.0   2.7  22:18.11 application
  15068 1001      20   0 5455608 437520  47936 S 400.0   2.7  22:22.11 application
  15068 1001      20   0 5456632 438048  47936 S 401.0   2.7  22:26.12 application
  15068 1001      20   0 5456632 438048  47936 S 400.0   2.7  22:30.12 application
  15068 1001      20   0 5456632 438308  47936 S 398.0   2.7  22:34.14 application
  15068 1001      20   0 5457656 438572  47936 S 400.0   2.7  22:38.14 application
  15068 1001      20   0 5457656 439100  47936 S 402.0   2.7  22:42.16 application
  15068 1001      20   0 5457656 439624  47936 S 399.0   2.7  22:46.15 application
  15068 1001      20   0 5458680 440416  47936 S 398.0   2.7  22:50.13 application
  15068 1001      20   0 5458680 440680  47936 S 403.0   2.7  22:54.16 application
  15068 1001      20   0 5458680 440680  47936 S 400.0   2.7  22:58.16 application
  15068 1001      20   0 5459704 440940  47936 S 398.0   2.7  23:02.14 application
  15068 1001      20   0 5459704 441468  47936 S 402.0   2.7  23:06.16 application
  15068 1001      20   0 5459704 441468  47936 S 400.0   2.7  23:10.16 application
  15068 1001      20   0 5460728 441468  47936 S 395.0   2.7  23:14.15 application
  15068 1001      20   0 5460728 441996  47936 S 401.0   2.7  23:18.16 application
  15068 1001      20   0 5461752 442260  47936 S 400.0   2.7  23:22.16 application
  15068 1001      20   0 5461752 442520  47936 S 400.0   2.7  23:26.16 application
  15068 1001      20   0 5461752 443048  47936 S 400.0   2.7  23:30.16 application
  15068 1001      20   0 5462776 443576  47936 S 400.0   2.7  23:34.16 application
  15068 1001      20   0 5462776 443836  47936 S 401.0   2.7  23:38.17 application
  15068 1001      20   0 5462776 444100  47936 S 399.0   2.7  23:42.16 application
  15068 1001      20   0 5463800 444100  47936 S 396.0   2.7  23:46.16 application
  15068 1001      20   0 5463800 444628  47936 S 400.0   2.7  23:50.16 application
  15068 1001      20   0 5463800 445156  47936 S 400.0   2.7  23:54.16 application
  15068 1001      20   0 5464824 445156  47936 S 400.0   2.7  23:58.16 application
  15068 1001      20   0 5464824 445684  47936 S 400.0   2.7  24:02.16 application
  15068 1001      20   0 5464824 446212  47936 S 400.0   2.7  24:06.16 application
  15068 1001      20   0 5465848 446476  47936 S 400.0   2.7  24:10.16 application
  15068 1001      20   0 5465848 446740  47936 S 400.0   2.7  24:14.16 application
  15068 1001      20   0 5465848 447268  47936 S 396.0   2.7  24:18.16 application
  15068 1001      20   0 5466872 447796  47936 S 400.0   2.7  24:22.16 application
  15068 1001      20   0 5466872 448848  47936 S 401.0   2.8  24:26.17 application
  15068 1001      20   0 5466872 448848  47936 S 399.0   2.8  24:30.16 application
  15068 1001      20   0 5467896 448848  47936 S 400.0   2.8  24:34.16 application
  15068 1001      20   0 5467896 449108  47936 S 400.0   2.8  24:38.16 application
  15068 1001      20   0 5467896 449636  47936 S 400.0   2.8  24:42.16 application
  15068 1001      20   0 5468920 449636  47936 S 400.0   2.8  24:46.16 application
  15068 1001      20   0 5468920 449900  47936 S 396.0   2.8  24:50.16 application
  15068 1001      20   0 5468920 450428  47936 S 400.0   2.8  24:54.16 application
  15068 1001      20   0 5469