  40857 1001      20   0 5590764 408856  47856 S   6.7   2.5  17:22.93 application
  40857 1001      20   0 5591788 409384  47856 S 392.0   2.5  17:26.85 application
  40857 1001      20   0 5592812 409912  47856 S 405.9   2.5  17:30.95 application
  40857 1001      20   0 5560028 410528  47856 S 400.0   2.5  17:34.95 application
  40857 1001      20   0 5560028 411056  47856 S 401.0   2.5  17:38.96 application
  40857 1001      20   0 5561052 411644  47856 S 401.0   2.5  17:42.97 application
  40857 1001      20   0 5561052 411644  47856 S 401.0   2.5  17:46.98 application
  40857 1001      20   0 5561052 411908  47856 S 401.0   2.5  17:50.99 application
  40857 1001      20   0 5561052 412168  47856 S 399.0   2.5  17:54.98 application
  40857 1001      20   0 5562076 412644  47856 S 404.0   2.5  17:59.02 application
  40857 1001      20   0 5562076 412908  47856 S 392.0   2.5  18:02.94 application
  40857 1001      20   0 5562076 413172  47856 S 409.0   2.5  18:07.03 application
  40857 1001      20   0 5554904 413584  47856 S 390.1   2.5  18:10.97 application
  40857 1001      20   0 5554904 413848  47856 S 403.0   2.5  18:15.00 application
  40857 1001      20   0 5624568 417924  47856 S 402.0   2.6  18:19.02 application
  40857 1001      20   0 5624568 417924  47856 S 398.0   2.6  18:23.00 application
  40857 1001      20   0 5624568 418452  47856 S 402.0   2.6  18:27.02 application
  40857 1001      20   0 5625592 418504  47856 S 401.0   2.6  18:31.03 application
  40857 1001      20   0 5625592 418764  47856 S 398.0   2.6  18:35.01 application
  40857 1001      20   0 5626616 419028  47856 S 401.0   2.6  18:39.02 application
  40857 1001      20   0 5626616 419816  47856 S 401.0   2.6  18:43.03 application
  40857 1001      20   0 5626616 420080  47856 S 395.0   2.6  18:47.02 application
  40857 1001      20   0 5627640 420080  47856 S 400.0   2.6  18:51.02 application
  40857 1001      20   0 5627640 420344  47856 S 400.0   2.6  18:55.02 application
  40857 1001      20   0 5627640 420608  47856 S 401.0   2.6  18:59.03 application
  40857 1001      20   0 5628664 421136  47856 S 399.0   2.6  19:03.02 application
  40857 1001      20   0 5628664 421664  47856 S 401.0   2.6  19:07.03 application
  40857 1001      20   0 5629688 421928  47856 S 400.0   2.6  19:11.03 application
  40857 1001      20   0 5629688 421928  47856 S 400.0   2.6  19:15.03 application
  40857 1001      20   0 5629688 422192  47856 S 399.0   2.6  19:19.02 application
  40857 1001      20   0 5630712 422976  47856 S 397.0   2.6  19:23.03 application
  40857 1001      20   0 5630712 423768  47856 S 400.0   2.6  19:27.03 application
  40857 1001      20   0 5630712 424032  47856 S 400.0   2.6  19:31.03 application
  40857 1001      20   0 5631736 424292  47856 S 400.0   2.6  19:35.03 application
  40857 1001      20   0 5631736 424292  47856 S 399.0   2.6  19:39.02 application
  40857 1001      20   0 5631736 424556  47856 S 400.0   2.6  19:43.02 application
  40857 1001      20   0 5632760 425076  47856 S 400.0   2.6  19:47.02 application
  40857 1001      20   0 5632760 425604  47856 S 397.0   2.6  19:51.03 application
  40857 1001      20   0 5632760 426124  47856 S 399.0   2.6  19:55.02 application
  40857 1001      20   0 5633784 426388  47856 S 400.0   2.6  19:59.02 application
  40857 1001      20   0 5633784 426916  47856 S 401.0   2.6  20:03.03 application
  40857 1001      20   0 5634808 427036  47856 S 399.0   2.6  20:07.02 application
  40857 1001      20   0 5634808 427300  47856 S 401.0   2.6  20:11.03 application
  40857 1001      20   0 5634808 427564  47856 S 400.0   2.6  20:15.03 application
  40857 1001      20   0 5635832 427828  47856 S 400.0   2.6  20:19.03 application
  40857 1001      20   0 5635832 428092  47856 S 396.0   2.6  20:23.03 application
  40857 1001      20   0 5635832 428356  47856 S 400.0   2.6  20:27.03 application
  40857 1001      20   0 5636856 428356  47856 S 400.0   2.6  20:31.03 application
  40857 1001      20   0 5636856 428884  47856 S 399.0   2.6  20:35.02 application
  40857 1001      20   0 5636