  14760 1001      20   0 1363368 387680  42988 S   0.0   2.4  67:06.33 application
  14760 1001      20   0 1363368 388208  42988 S 389.0   2.4  67:10.22 application
  14760 1001      20   0 1363368 388208  42988 S 399.0   2.4  67:14.21 application
  14760 1001      20   0 1364392 388208  42988 S 403.0   2.4  67:18.24 application
  14760 1001      20   0 1365416 389264  42988 S 397.0   2.4  67:22.25 application
  14760 1001      20   0 1365416 389264  42988 S 399.0   2.4  67:26.24 application
  14760 1001      20   0 1365416 389264  42988 S 404.0   2.4  67:30.28 application
  14760 1001      20   0 1365416 389264  42988 S 399.0   2.4  67:34.27 application
  14760 1001      20   0 1365416 389528  42988 S 403.0   2.4  67:38.30 application
  14760 1001      20   0 1365416 389528  42988 S 402.0   2.4  67:42.32 application
  14760 1001      20   0 1365416 389792  42988 S 396.0   2.4  67:46.32 application
  14760 1001      20   0 1365416 389792  42988 S 401.0   2.4  67:50.33 application
  14760 1001      20   0 1365416 390056  42988 S 397.0   2.4  67:54.30 application
  14760 1001      20   0 1365416 390056  42988 S 407.0   2.4  67:58.37 application
  14760 1001      20   0 1365416 390320  42988 S 399.0   2.4  68:02.36 application
  14760 1001      20   0 1365416 390320  42988 S 404.0   2.4  68:06.40 application
  14760 1001      20   0 1365416 390320  42988 S 400.0   2.4  68:10.40 application
  14760 1001      20   0 1365416 390320  42988 S 398.0   2.4  68:14.42 application
  14760 1001      20   0 1365416 390320  42988 S 400.0   2.4  68:18.42 application
  14760 1001      20   0 1365416 390320  42988 S 397.0   2.4  68:22.39 application
  14760 1001      20   0 1365416 390320  42988 S 403.0   2.4  68:26.42 application
  14760 1001      20   0 1365416 390320  42988 S 400.0   2.4  68:30.42 application
  14760 1001      20   0 1365416 390320  42988 S 401.0   2.4  68:34.43 application
  14760 1001      20   0 1365416 390320  42988 S 399.0   2.4  68:38.42 application
  14760 1001      20   0 1365416 390320  42988 S 401.0   2.4  68:42.43 application
  14760 1001      20   0 1365416 390320  42988 S 395.0   2.4  68:46.42 application
  14760 1001      20   0 1366440 390320  42988 S 400.0   2.4  68:50.42 application
  14760 1001      20   0 1366440 390584  42988 S 400.0   2.4  68:54.42 application
  14760 1001      20   0 1366440 390584  42988 S 401.0   2.4  68:58.43 application
  14760 1001      20   0 1366440 390848  42988 S 399.0   2.4  69:02.42 application
  14760 1001      20   0 1366440 390848  42988 S 400.0   2.4  69:06.42 application
  14760 1001      20   0 1366440 391112  42988 S 400.0   2.4  69:10.42 application
  14760 1001      20   0 1366440 391112  42988 S 400.0   2.4  69:14.42 application
  14760 1001      20   0 1366440 391112  42988 S 396.0   2.4  69:18.42 application
  14760 1001      20   0 1366440 391112  42988 S 400.0   2.4  69:22.42 application
  14760 1001      20   0 1366440 391112  42988 S 400.0   2.4  69:26.42 application
  14760 1001      20   0 1366440 391112  42988 S 400.0   2.4  69:30.42 application
  14760 1001      20   0 1367464 391376  42988 S 401.0   2.4  69:34.43 application
  14760 1001      20   0 1367464 391376  42988 S 399.0   2.4  69:38.42 application
  14760 1001      20   0 1367464 391376  42988 S 400.0   2.4  69:42.42 application
  14760 1001      20   0 1367464 391376  42988 S 400.0   2.4  69:46.42 application
  14760 1001      20   0 1367464 391640  42988 S 396.0   2.4  69:50.42 application
  14760 1001      20   0 1367464 391640  42988 S 400.0   2.4  69:54.42 application
  14760 1001      20   0 1367464 391904  42988 S 400.0   2.4  69:58.42 application
  14760 1001      20   0 1367464 391904  42988 S 400.0   2.4  70:02.42 application
  14760 1001      20   0 1367464 392168  42988 S 401.0   2.4  70:06.43 application
  14760 1001      20   0 1367464 392168  42988 S 399.0   2.4  70:10.42 application
  14760 1001      20   0 1367464 392168  42988 S 400.0   2.4  70:14.42 application
  14760 1001      20   0 1367464 392432  42988 S 400.0   2.4  70:18.42 application
  14760 1001      20   0 1368