Running 1m test @ http://erik-pc.local:8080/fruits
  4 threads and 100 connections
  Thread calibration: mean lat.: 221.495ms, rate sampling interval: 828ms
  Thread calibration: mean lat.: 133.599ms, rate sampling interval: 545ms
  Thread calibration: mean lat.: 102.001ms, rate sampling interval: 437ms
  Thread calibration: mean lat.: 109.538ms, rate sampling interval: 490ms
  Thread Stats   Avg      Stdev     Max   +/- Stdev
    Latency     1.31s   751.27ms   3.81s    63.90%
    Req/Sec     3.83k   348.06     4.92k    70.49%
  Latency Distribution (HdrHistogram - Recorded Latency)
 50.000%    1.21s 
 75.000%    1.84s 
 90.000%    2.41s 
 99.000%    3.04s 
 99.900%    3.36s 
 99.990%    3.74s 
 99.999%    3.79s 
100.000%    3.81s 

  Detailed Percentile spectrum:
       Value   Percentile   TotalCount 1/(1-Percentile)

       0.483     0.000000            1         1.00
     383.743     0.100000        76347         1.11
     603.647     0.200000       152768         1.25
     797.695     0.300000       229060         1.43
     986.623     0.400000       305282         1.67
    1206.271     0.500000       381592         2.00
    1326.079     0.550000       419858         2.22
    1463.295     0.600000       457920         2.50
    1592.319     0.650000       496247         2.86
    1709.055     0.700000       534297         3.33
    1836.031     0.750000       572538         4.00
    1912.831     0.775000       591464         4.44
    1992.703     0.800000       610461         5.00
    2079.743     0.825000       629563         5.71
    2179.071     0.850000       648647         6.67
    2299.903     0.875000       667927         8.00
    2353.151     0.887500       677226         8.89
    2414.591     0.900000       686898        10.00
    2490.367     0.912500       696522        11.43
    2555.903     0.925000       706025        13.33
    2625.535     0.937500       715597        16.00
    2664.447     0.943750       720263        17.78
    2711.551     0.950000       725048        20.00
    2756.607     0.956250       729777        22.86
    2795.519     0.962500       734521        26.67
    2838.527     0.968750       739434        32.00
    2859.007     0.971875       741686        35.56
    2881.535     0.975000       744160        40.00
    2906.111     0.978125       746539        45.71
    2930.687     0.981250       748806        53.33
    2959.359     0.984375       751173        64.00
    2977.791     0.985938       752337        71.11
    2998.271     0.987500       753555        80.00
    3022.847     0.989062       754783        91.43
    3049.471     0.990625       755938       106.67
    3084.287     0.992188       757121       128.00
    3104.767     0.992969       757745       142.22
    3125.247     0.993750       758326       160.00
    3145.727     0.994531       758921       182.86
    3166.207     0.995313       759517       213.33
    3188.735     0.996094       760124       256.00
    3201.023     0.996484       760403       284.44
    3217.407     0.996875       760694       320.00
    3239.935     0.997266       760994       365.71
    3264.511     0.997656       761292       426.67
    3287.039     0.998047       761597       512.00
    3297.279     0.998242       761729       568.89
    3311.615     0.998437       761894       640.00
    3325.951     0.998633       762035       731.43
    3346.431     0.998828       762179       853.33
    3366.911     0.999023       762324      1024.00
    3381.247     0.999121       762398      1137.78
    3401.727     0.999219       762480      1280.00
    3422.207     0.999316       762550      1462.86
    3444.735     0.999414       762622      1706.67
    3493.887     0.999512       762697      2048.00
    3518.463     0.999561       762732      2275.56
    3536.895     0.999609       762769      2560.00
    3557.375     0.999658       762807      2925.71
    3596.287     0.999707       762844      3413.33
    3643.391     0.999756       762883      4096.00
    3655.679     0.999780       762901      4551.11
    3667.967     0.999805       762919      5120.00
    3678.207     0.999829       762938      5851.43
    3692.543     0.999854       762956      6826.67
    3727.359     0.999878       762974      8192.00
    3737.599     0.999890       762986      9102.22
    3743.743     0.999902       762994     10240.00
    3751.935     0.999915       763003     11702.86
    3758.079     0.999927       763013     13653.33
    3764.223     0.999939       763022     16384.00
    3766.271     0.999945       763026     18204.44
    3770.367     0.999951       763033     20480.00
    3772.415     0.999957       763035     23405.71
    3774.463     0.999963       763040     27306.67
    3778.559     0.999969       763047     32768.00
    3778.559     0.999973       763047     36408.89
    3780.607     0.999976       763049     40960.00
    3782.655     0.999979       763053     46811.43
    3784.703     0.999982       763056     54613.33
    3784.703     0.999985       763056     65536.00
    3786.751     0.999986       763058     72817.78
    3786.751     0.999988       763058     81920.00
    3788.799     0.999989       763060     93622.86
    3790.847     0.999991       763061    109226.67
    3794.943     0.999992       763062    131072.00
    3794.943     0.999993       763062    145635.56
    3799.039     0.999994       763063    163840.00
    3799.039     0.999995       763063    187245.71
    3803.135     0.999995       763064    218453.33
    3807.231     0.999996       763065    262144.00
    3807.231     0.999997       763065    291271.11
    3807.231     0.999997       763065    327680.00
    3807.231     0.999997       763065    374491.43
    3809.279     0.999998       763066    436906.67
    3809.279     0.999998       763066    524288.00
    3809.279     0.999998       763066    582542.22
    3809.279     0.999998       763066    655360.00
    3809.279     0.999999       763066    748982.86
    3811.327     0.999999       763067    873813.33
    3811.327     1.000000       763067          inf
#[Mean    =     1312.481, StdDeviation   =      751.270]
#[Max     =     3809.280, Total count    =       763067]
#[Buckets =           27, SubBuckets     =         2048]
----------------------------------------------------------
  915561 requests in 1.00m, 148.43MB read
Requests/sec:  15256.85
Transfer/sec:      2.47MB
