Running 1m test @ http://erik-pc.local:8080/fruits
  4 threads and 100 connections
  Thread calibration: mean lat.: 11.423ms, rate sampling interval: 56ms
  Thread calibration: mean lat.: 14.167ms, rate sampling interval: 65ms
  Thread calibration: mean lat.: 14.769ms, rate sampling interval: 65ms
  Thread calibration: mean lat.: 11.794ms, rate sampling interval: 57ms
  Thread Stats   Avg      Stdev     Max   +/- Stdev
    Latency    12.76ms   11.75ms  92.54ms   73.95%
    Req/Sec     4.54k     1.44k    7.88k    56.68%
  Latency Distribution (HdrHistogram - Recorded Latency)
 50.000%    9.19ms
 75.000%   22.69ms
 90.000%   30.11ms
 99.000%   39.84ms
 99.900%   50.88ms
 99.990%   67.26ms
 99.999%   87.87ms
100.000%   92.61ms

  Detailed Percentile spectrum:
       Value   Percentile   TotalCount 1/(1-Percentile)

       0.431     0.000000            1         1.00
       1.238     0.100000        89966         1.11
       1.606     0.200000       179707         1.25
       2.089     0.300000       269319         1.43
       3.683     0.400000       359032         1.67
       9.191     0.500000       448781         2.00
      12.007     0.550000       493709         2.22
      14.751     0.600000       538559         2.50
      17.455     0.650000       583471         2.86
      20.095     0.700000       628309         3.33
      22.687     0.750000       673243         4.00
      23.935     0.775000       695627         4.44
      25.183     0.800000       718090         5.00
      26.399     0.825000       740427         5.71
      27.599     0.850000       762919         6.67
      28.831     0.875000       785305         8.00
      29.471     0.887500       796764         8.89
      30.111     0.900000       807866        10.00
      30.799     0.912500       818970        11.43
      31.567     0.925000       830409        13.33
      32.447     0.937500       841520        16.00
      32.959     0.943750       847179        17.78
      33.503     0.950000       852781        20.00
      34.079     0.956250       858479        22.86
      34.719     0.962500       863999        26.67
      35.423     0.968750       869481        32.00
      35.839     0.971875       872297        35.56
      36.319     0.975000       875177        40.00
      36.831     0.978125       877857        45.71
      37.471     0.981250       880773        53.33
      38.175     0.984375       883531        64.00
      38.591     0.985938       884970        71.11
      39.007     0.987500       886268        80.00
      39.519     0.989062       887716        91.43
      40.095     0.990625       889133       106.67
      40.735     0.992188       890503       128.00
      41.119     0.992969       891207       142.22
      41.535     0.993750       891916       160.00
      41.983     0.994531       892602       182.86
      42.559     0.995313       893286       213.33
      43.263     0.996094       893981       256.00
      43.711     0.996484       894334       284.44
      44.191     0.996875       894694       320.00
      44.735     0.997266       895036       365.71
      45.471     0.997656       895398       426.67
      46.335     0.998047       895737       512.00
      46.879     0.998242       895906       568.89
      47.679     0.998437       896084       640.00
      48.607     0.998633       896256       731.43
      49.663     0.998828       896433       853.33
      51.103     0.999023       896607      1024.00
      51.871     0.999121       896696      1137.78
      52.927     0.999219       896784      1280.00
      53.887     0.999316       896870      1462.86
      55.263     0.999414       896962      1706.67
      56.383     0.999512       897045      2048.00
      57.215     0.999561       897089      2275.56
      57.919     0.999609       897133      2560.00
      58.623     0.999658       897177      2925.71
      59.615     0.999707       897221      3413.33
      60.575     0.999756       897264      4096.00
      61.023     0.999780       897286      4551.11
      61.631     0.999805       897308      5120.00
      62.175     0.999829       897330      5851.43
      63.679     0.999854       897352      6826.67
      65.503     0.999878       897374      8192.00
      66.303     0.999890       897385      9102.22
      67.455     0.999902       897396     10240.00
      68.543     0.999915       897409     11702.86
      69.247     0.999927       897418     13653.33
      70.399     0.999939       897430     16384.00
      71.231     0.999945       897434     18204.44
      73.023     0.999951       897440     20480.00
      74.175     0.999957       897445     23405.71
      75.455     0.999963       897451     27306.67
      79.039     0.999969       897456     32768.00
      80.063     0.999973       897459     36408.89
      82.431     0.999976       897462     40960.00
      82.687     0.999979       897464     46811.43
      83.519     0.999982       897467     54613.33
      84.031     0.999985       897470     65536.00
      84.095     0.999986       897471     72817.78
      87.871     0.999988       897474     81920.00
      87.871     0.999989       897474     93622.86
      88.511     0.999991       897475    109226.67
      89.919     0.999992       897477    131072.00
      89.919     0.999993       897477    145635.56
      91.007     0.999994       897478    163840.00
      91.071     0.999995       897479    187245.71
      91.071     0.999995       897479    218453.33
      91.583     0.999996       897480    262144.00
      91.583     0.999997       897480    291271.11
      91.711     0.999997       897481    327680.00
      91.711     0.999997       897481    374491.43
      91.711     0.999998       897481    436906.67
      91.967     0.999998       897482    524288.00
      91.967     0.999998       897482    582542.22
      91.967     0.999998       897482    655360.00
      91.967     0.999999       897482    748982.86
      91.967     0.999999       897482    873813.33
      92.607     0.999999       897483   1048576.00
      92.607     1.000000       897483          inf
#[Mean    =       12.756, StdDeviation   =       11.746]
#[Max     =       92.544, Total count    =       897483]
#[Buckets =           27, SubBuckets     =         2048]
----------------------------------------------------------
  1078580 requests in 1.00m, 174.86MB read
Requests/sec:  17976.44
Transfer/sec:      2.91MB
