Running 1m test @ http://erik-pc.local:8080/fruits
  4 threads and 100 connections
  Thread calibration: mean lat.: 3.341ms, rate sampling interval: 10ms
  Thread calibration: mean lat.: 3.257ms, rate sampling interval: 10ms
  Thread calibration: mean lat.: 3.275ms, rate sampling interval: 10ms
  Thread calibration: mean lat.: 3.408ms, rate sampling interval: 10ms
  Thread Stats   Avg      Stdev     Max   +/- Stdev
    Latency     3.37ms    1.14ms  13.18ms   72.57%
    Req/Sec     2.64k   410.39     5.22k    73.13%
  Latency Distribution (HdrHistogram - Recorded Latency)
 50.000%    3.38ms
 75.000%    4.11ms
 90.000%    4.64ms
 99.000%    6.24ms
 99.900%   10.02ms
 99.990%   11.81ms
 99.999%   12.84ms
100.000%   13.19ms

  Detailed Percentile spectrum:
       Value   Percentile   TotalCount 1/(1-Percentile)

       0.511     0.000000            1         1.00
       1.954     0.100000        49897         1.11
       2.479     0.200000        99958         1.25
       2.799     0.300000       149781         1.43
       3.091     0.400000       199782         1.67
       3.381     0.500000       249478         2.00
       3.527     0.550000       274484         2.22
       3.673     0.600000       299573         2.50
       3.815     0.650000       324235         2.86
       3.961     0.700000       349261         3.33
       4.111     0.750000       374691         4.00
       4.183     0.775000       386890         4.44
       4.263     0.800000       399402         5.00
       4.347     0.825000       411931         5.71
       4.435     0.850000       424290         6.67
       4.531     0.875000       436508         8.00
       4.587     0.887500       442915         8.89
       4.643     0.900000       448993        10.00
       4.707     0.912500       455390        11.43
       4.779     0.925000       461591        13.33
       4.859     0.937500       467655        16.00
       4.907     0.943750       470762        17.78
       4.963     0.950000       473920        20.00
       5.023     0.956250       476974        22.86
       5.099     0.962500       480115        26.67
       5.191     0.968750       483285        32.00
       5.243     0.971875       484741        35.56
       5.311     0.975000       486370        40.00
       5.387     0.978125       487884        45.71
       5.495     0.981250       489421        53.33
       5.643     0.984375       490981        64.00
       5.743     0.985938       491752        71.11
       5.875     0.987500       492536        80.00
       6.079     0.989062       493323        91.43
       6.367     0.990625       494093       106.67
       6.819     0.992188       494873       128.00
       7.127     0.992969       495258       142.22
       7.423     0.993750       495655       160.00
       7.751     0.994531       496036       182.86
       8.099     0.995313       496430       213.33
       8.431     0.996094       496815       256.00
       8.599     0.996484       497012       284.44
       8.767     0.996875       497207       320.00
       8.959     0.997266       497402       365.71
       9.143     0.997656       497597       426.67
       9.383     0.998047       497790       512.00
       9.487     0.998242       497890       568.89
       9.615     0.998437       497989       640.00
       9.743     0.998633       498085       731.43
       9.879     0.998828       498180       853.33
      10.039     0.999023       498280      1024.00
      10.127     0.999121       498329      1137.78
      10.199     0.999219       498377      1280.00
      10.327     0.999316       498423      1462.86
      10.463     0.999414       498472      1706.67
      10.599     0.999512       498523      2048.00
      10.687     0.999561       498546      2275.56
      10.815     0.999609       498571      2560.00
      10.911     0.999658       498593      2925.71
      11.047     0.999707       498618      3413.33
      11.183     0.999756       498644      4096.00
      11.279     0.999780       498659      4551.11
      11.359     0.999805       498667      5120.00
      11.455     0.999829       498678      5851.43
      11.559     0.999854       498690      6826.67
      11.711     0.999878       498703      8192.00
      11.759     0.999890       498709      9102.22
      11.831     0.999902       498715     10240.00
      11.895     0.999915       498721     11702.86
      11.975     0.999927       498728     13653.33
      12.047     0.999939       498733     16384.00
      12.111     0.999945       498736     18204.44
      12.159     0.999951       498739     20480.00
      12.167     0.999957       498742     23405.71
      12.239     0.999963       498745     27306.67
      12.295     0.999969       498748     32768.00
      12.311     0.999973       498750     36408.89
      12.319     0.999976       498751     40960.00
      12.383     0.999979       498754     46811.43
      12.383     0.999982       498754     54613.33
      12.591     0.999985       498756     65536.00
      12.711     0.999986       498757     72817.78
      12.711     0.999988       498757     81920.00
      12.839     0.999989       498758     93622.86
      12.895     0.999991       498759    109226.67
      12.943     0.999992       498760    131072.00
      12.943     0.999993       498760    145635.56
      12.943     0.999994       498760    163840.00
      12.975     0.999995       498761    187245.71
      12.975     0.999995       498761    218453.33
      13.143     0.999996       498762    262144.00
      13.143     0.999997       498762    291271.11
      13.143     0.999997       498762    327680.00
      13.143     0.999997       498762    374491.43
      13.143     0.999998       498762    436906.67
      13.191     0.999998       498763    524288.00
      13.191     1.000000       498763          inf
#[Mean    =        3.370, StdDeviation   =        1.136]
#[Max     =       13.184, Total count    =       498763]
#[Buckets =           27, SubBuckets     =         2048]
----------------------------------------------------------
  599428 requests in 1.00m, 97.18MB read
Requests/sec:   9990.16
Transfer/sec:      1.62MB
