Running 1m test @ http://erik-pc.local:8080/fruits
  4 threads and 100 connections
  Thread calibration: mean lat.: 32.803ms, rate sampling interval: 138ms
  Thread calibration: mean lat.: 16.156ms, rate sampling interval: 67ms
  Thread calibration: mean lat.: 22.983ms, rate sampling interval: 90ms
  Thread calibration: mean lat.: 17.911ms, rate sampling interval: 72ms
  Thread Stats   Avg      Stdev     Max   +/- Stdev
    Latency   166.01ms  315.07ms   2.38s    91.67%
    Req/Sec     4.75k     1.47k   10.30k    69.40%
  Latency Distribution (HdrHistogram - Recorded Latency)
 50.000%   48.10ms
 75.000%  170.24ms
 90.000%  417.28ms
 99.000%    1.84s 
 99.900%    2.22s 
 99.990%    2.34s 
 99.999%    2.37s 
100.000%    2.39s 

  Detailed Percentile spectrum:
       Value   Percentile   TotalCount 1/(1-Percentile)

       0.442     0.000000            1         1.00
       3.395     0.100000        93901         1.11
      14.183     0.200000       187844         1.25
      24.479     0.300000       281749         1.43
      34.271     0.400000       375677         1.67
      48.095     0.500000       469519         2.00
      64.799     0.550000       516464         2.22
      85.823     0.600000       563411         2.50
     108.991     0.650000       610347         2.86
     136.063     0.700000       657376         3.33
     170.239     0.750000       704318         4.00
     189.439     0.775000       727714         4.44
     212.351     0.800000       751287         5.00
     240.255     0.825000       774663         5.71
     278.015     0.850000       798161         6.67
     328.447     0.875000       821607         8.00
     364.031     0.887500       833351         8.89
     417.279     0.900000       845097        10.00
     466.431     0.912500       856863        11.43
     511.487     0.925000       868566        13.33
     562.175     0.937500       880282        16.00
     605.695     0.943750       886189        17.78
     678.911     0.950000       892036        20.00
     798.207     0.956250       897896        22.86
     949.247     0.962500       903745        26.67
    1013.247     0.968750       909631        32.00
    1053.695     0.971875       912592        35.56
    1251.327     0.975000       915480        40.00
    1447.935     0.978125       918452        45.71
    1542.143     0.981250       921367        53.33
    1618.943     0.984375       924309        64.00
    1654.783     0.985938       925757        71.11
    1739.775     0.987500       927217        80.00
    1815.551     0.989062       928694        91.43
    1859.583     0.990625       930159       106.67
    1918.975     0.992188       931628       128.00
    1942.527     0.992969       932375       142.22
    1961.983     0.993750       933138       160.00
    1977.343     0.994531       933826       182.86
    1996.799     0.995313       934588       213.33
    2020.351     0.996094       935316       256.00
    2031.615     0.996484       935674       284.44
    2042.879     0.996875       936045       320.00
    2055.167     0.997266       936405       365.71
    2068.479     0.997656       936770       426.67
    2085.887     0.998047       937126       512.00
    2099.199     0.998242       937328       568.89
    2117.631     0.998437       937494       640.00
    2156.543     0.998633       937673       731.43
    2191.359     0.998828       937863       853.33
    2220.031     0.999023       938043      1024.00
    2230.271     0.999121       938141      1137.78
    2240.511     0.999219       938232      1280.00
    2252.799     0.999316       938324      1462.86
    2265.087     0.999414       938406      1706.67
    2279.423     0.999512       938497      2048.00
    2285.567     0.999561       938541      2275.56
    2291.711     0.999609       938589      2560.00
    2299.903     0.999658       938637      2925.71
    2308.095     0.999707       938680      3413.33
    2316.287     0.999756       938730      4096.00
    2320.383     0.999780       938749      4551.11
    2326.527     0.999805       938780      5120.00
    2328.575     0.999829       938794      5851.43
    2332.671     0.999854       938828      6826.67
    2336.767     0.999878       938847      8192.00
    2338.815     0.999890       938857      9102.22
    2340.863     0.999902       938867     10240.00
    2342.911     0.999915       938875     11702.86
    2347.007     0.999927       938892     13653.33
    2349.055     0.999939       938900     16384.00
    2351.103     0.999945       938907     18204.44
    2353.151     0.999951       938912     20480.00
    2355.199     0.999957       938922     23405.71
    2355.199     0.999963       938922     27306.67
    2357.247     0.999969       938927     32768.00
    2359.295     0.999973       938931     36408.89
    2359.295     0.999976       938931     40960.00
    2361.343     0.999979       938934     46811.43
    2363.391     0.999982       938936     54613.33
    2365.439     0.999985       938939     65536.00
    2367.487     0.999986       938942     72817.78
    2367.487     0.999988       938942     81920.00
    2369.535     0.999989       938945     93622.86
    2369.535     0.999991       938945    109226.67
    2371.583     0.999992       938947    131072.00
    2371.583     0.999993       938947    145635.56
    2373.631     0.999994       938948    163840.00
    2373.631     0.999995       938948    187245.71
    2377.727     0.999995       938949    218453.33
    2379.775     0.999996       938950    262144.00
    2379.775     0.999997       938950    291271.11
    2381.823     0.999997       938951    327680.00
    2381.823     0.999997       938951    374491.43
    2381.823     0.999998       938951    436906.67
    2383.871     0.999998       938952    524288.00
    2383.871     0.999998       938952    582542.22
    2383.871     0.999998       938952    655360.00
    2383.871     0.999999       938952    748982.86
    2383.871     0.999999       938952    873813.33
    2385.919     0.999999       938953   1048576.00
    2385.919     1.000000       938953          inf
#[Mean    =      166.013, StdDeviation   =      315.074]
#[Max     =     2383.872, Total count    =       938953]
#[Buckets =           27, SubBuckets     =         2048]
----------------------------------------------------------
  1129721 requests in 1.00m, 183.16MB read
Requests/sec:  18829.11
Transfer/sec:      3.05MB
