Running 1m test @ http://erik-pc.local:8080/fruits
  4 threads and 100 connections
  Thread calibration: mean lat.: 1.648ms, rate sampling interval: 10ms
  Thread calibration: mean lat.: 1.624ms, rate sampling interval: 10ms
  Thread calibration: mean lat.: 1.642ms, rate sampling interval: 10ms
  Thread calibration: mean lat.: 1.753ms, rate sampling interval: 10ms
  Thread Stats   Avg      Stdev     Max   +/- Stdev
    Latency     1.67ms  600.84us   9.98ms   77.84%
    Req/Sec     2.64k   383.92     5.00k    76.25%
  Latency Distribution (HdrHistogram - Recorded Latency)
 50.000%    1.60ms
 75.000%    1.94ms
 90.000%    2.32ms
 99.000%    3.24ms
 99.900%    7.38ms
 99.990%    8.65ms
 99.999%    9.14ms
100.000%    9.98ms

  Detailed Percentile spectrum:
       Value   Percentile   TotalCount 1/(1-Percentile)

       0.539     0.000000            1         1.00
       1.050     0.100000        49990         1.11
       1.219     0.200000       100062         1.25
       1.357     0.300000       149894         1.43
       1.478     0.400000       199703         1.67
       1.595     0.500000       249723         2.00
       1.653     0.550000       274409         2.22
       1.715     0.600000       299428         2.50
       1.782     0.650000       324386         2.86
       1.854     0.700000       349359         3.33
       1.937     0.750000       374116         4.00
       1.985     0.775000       386652         4.44
       2.035     0.800000       399047         5.00
       2.091     0.825000       411595         5.71
       2.155     0.850000       424005         6.67
       2.229     0.875000       436525         8.00
       2.275     0.887500       442886         8.89
       2.323     0.900000       448935        10.00
       2.377     0.912500       455134        11.43
       2.441     0.925000       461464        13.33
       2.511     0.937500       467616        16.00
       2.551     0.943750       470747        17.78
       2.593     0.950000       473864        20.00
       2.637     0.956250       476983        22.86
       2.683     0.962500       480063        26.67
       2.741     0.968750       483234        32.00
       2.777     0.971875       484769        35.56
       2.817     0.975000       486310        40.00
       2.867     0.978125       487899        45.71
       2.927     0.981250       489431        53.33
       3.001     0.984375       490959        64.00
       3.047     0.985938       491735        71.11
       3.109     0.987500       492523        80.00
       3.185     0.989062       493302        91.43
       3.277     0.990625       494076       106.67
       3.407     0.992188       494854       128.00
       3.501     0.992969       495249       142.22
       3.621     0.993750       495631       160.00
       3.853     0.994531       496021       182.86
       4.343     0.995313       496411       213.33
       5.423     0.996094       496800       256.00
       5.839     0.996484       496996       284.44
       6.103     0.996875       497191       320.00
       6.363     0.997266       497386       365.71
       6.579     0.997656       497581       426.67
       6.787     0.998047       497776       512.00
       6.895     0.998242       497873       568.89
       6.995     0.998437       497970       640.00
       7.107     0.998633       498068       731.43
       7.267     0.998828       498168       853.33
       7.395     0.999023       498261      1024.00
       7.467     0.999121       498312      1137.78
       7.575     0.999219       498360      1280.00
       7.667     0.999316       498410      1462.86
       7.763     0.999414       498456      1706.67
       7.871     0.999512       498506      2048.00
       7.931     0.999561       498530      2275.56
       7.991     0.999609       498555      2560.00
       8.047     0.999658       498578      2925.71
       8.127     0.999707       498602      3413.33
       8.247     0.999756       498627      4096.00
       8.303     0.999780       498639      4551.11
       8.359     0.999805       498651      5120.00
       8.423     0.999829       498664      5851.43
       8.479     0.999854       498676      6826.67
       8.575     0.999878       498688      8192.00
       8.631     0.999890       498694      9102.22
       8.671     0.999902       498700     10240.00
       8.711     0.999915       498708     11702.86
       8.759     0.999927       498712     13653.33
       8.815     0.999939       498718     16384.00
       8.839     0.999945       498721     18204.44
       8.863     0.999951       498725     20480.00
       8.927     0.999957       498727     23405.71
       8.943     0.999963       498730     27306.67
       8.975     0.999969       498733     32768.00
       9.015     0.999973       498735     36408.89
       9.039     0.999976       498736     40960.00
       9.079     0.999979       498738     46811.43
       9.095     0.999982       498739     54613.33
       9.119     0.999985       498741     65536.00
       9.127     0.999986       498742     72817.78
       9.127     0.999988       498742     81920.00
       9.135     0.999989       498743     93622.86
       9.223     0.999991       498744    109226.67
       9.239     0.999992       498745    131072.00
       9.239     0.999993       498745    145635.56
       9.239     0.999994       498745    163840.00
       9.631     0.999995       498746    187245.71
       9.631     0.999995       498746    218453.33
       9.895     0.999996       498747    262144.00
       9.895     0.999997       498747    291271.11
       9.895     0.999997       498747    327680.00
       9.895     0.999997       498747    374491.43
       9.895     0.999998       498747    436906.67
       9.983     0.999998       498748    524288.00
       9.983     1.000000       498748          inf
#[Mean    =        1.667, StdDeviation   =        0.601]
#[Max     =        9.976, Total count    =       498748]
#[Buckets =           27, SubBuckets     =         2048]
----------------------------------------------------------
  599429 requests in 1.00m, 97.18MB read
Requests/sec:   9990.20
Transfer/sec:      1.62MB
