Running 1m test @ http://erik-pc.local:8080/fruits
  4 threads and 100 connections
  Thread calibration: mean lat.: 1.767ms, rate sampling interval: 10ms
  Thread calibration: mean lat.: 1.753ms, rate sampling interval: 10ms
  Thread calibration: mean lat.: 1.765ms, rate sampling interval: 10ms
  Thread calibration: mean lat.: 1.743ms, rate sampling interval: 10ms
  Thread Stats   Avg      Stdev     Max   +/- Stdev
    Latency     1.77ms  756.18us  10.94ms   78.57%
    Req/Sec     3.17k   330.52     5.67k    76.48%
  Latency Distribution (HdrHistogram - Recorded Latency)
 50.000%    1.64ms
 75.000%    2.08ms
 90.000%    2.62ms
 99.000%    4.57ms
 99.900%    7.53ms
 99.990%    8.90ms
 99.999%   10.09ms
100.000%   10.94ms

  Detailed Percentile spectrum:
       Value   Percentile   TotalCount 1/(1-Percentile)

       0.425     0.000000            1         1.00
       1.018     0.100000        59868         1.11
       1.203     0.200000       119840         1.25
       1.357     0.300000       179684         1.43
       1.499     0.400000       239489         1.67
       1.637     0.500000       299500         2.00
       1.709     0.550000       329248         2.22
       1.787     0.600000       359183         2.50
       1.871     0.650000       389137         2.86
       1.966     0.700000       419194         3.33
       2.075     0.750000       448939         4.00
       2.139     0.775000       463930         4.44
       2.211     0.800000       478796         5.00
       2.293     0.825000       493818         5.71
       2.387     0.850000       508923         6.67
       2.491     0.875000       523727         8.00
       2.551     0.887500       531243         8.89
       2.617     0.900000       538819        10.00
       2.687     0.912500       546168        11.43
       2.769     0.925000       553717        13.33
       2.861     0.937500       561212        16.00
       2.913     0.943750       564843        17.78
       2.973     0.950000       568597        20.00
       3.041     0.956250       572332        22.86
       3.125     0.962500       576111        26.67
       3.225     0.968750       579827        32.00
       3.289     0.971875       581680        35.56
       3.365     0.975000       583540        40.00
       3.463     0.978125       585408        45.71
       3.589     0.981250       587288        53.33
       3.771     0.984375       589155        64.00
       3.901     0.985938       590085        71.11
       4.083     0.987500       591021        80.00
       4.347     0.989062       591949        91.43
       4.739     0.990625       592886       106.67
       5.159     0.992188       593828       128.00
       5.363     0.992969       594290       142.22
       5.555     0.993750       594753       160.00
       5.767     0.994531       595224       182.86
       5.999     0.995313       595691       213.33
       6.235     0.996094       596157       256.00
       6.367     0.996484       596392       284.44
       6.495     0.996875       596625       320.00
       6.643     0.997266       596857       365.71
       6.803     0.997656       597097       426.67
       7.011     0.998047       597331       512.00
       7.095     0.998242       597449       568.89
       7.191     0.998437       597563       640.00
       7.319     0.998633       597684       731.43
       7.419     0.998828       597794       853.33
       7.559     0.999023       597909      1024.00
       7.647     0.999121       597969      1137.78
       7.723     0.999219       598026      1280.00
       7.815     0.999316       598084      1462.86
       7.943     0.999414       598146      1706.67
       8.051     0.999512       598204      2048.00
       8.107     0.999561       598230      2275.56
       8.191     0.999609       598262      2560.00
       8.263     0.999658       598292      2925.71
       8.335     0.999707       598318      3413.33
       8.439     0.999756       598348      4096.00
       8.487     0.999780       598362      4551.11
       8.551     0.999805       598377      5120.00
       8.591     0.999829       598395      5851.43
       8.679     0.999854       598406      6826.67
       8.759     0.999878       598420      8192.00
       8.855     0.999890       598430      9102.22
       8.927     0.999902       598436     10240.00
       9.047     0.999915       598442     11702.86
       9.159     0.999927       598450     13653.33
       9.239     0.999939       598457     16384.00
       9.311     0.999945       598461     18204.44
       9.351     0.999951       598464     20480.00
       9.423     0.999957       598468     23405.71
       9.543     0.999963       598472     27306.67
       9.583     0.999969       598475     32768.00
       9.615     0.999973       598477     36408.89
       9.679     0.999976       598479     40960.00
       9.695     0.999979       598481     46811.43
       9.727     0.999982       598483     54613.33
       9.743     0.999985       598484     65536.00
       9.759     0.999986       598485     72817.78
      10.039     0.999988       598486     81920.00
      10.087     0.999989       598487     93622.86
      10.151     0.999991       598488    109226.67
      10.263     0.999992       598489    131072.00
      10.263     0.999993       598489    145635.56
      10.487     0.999994       598490    163840.00
      10.487     0.999995       598490    187245.71
      10.679     0.999995       598491    218453.33
      10.679     0.999996       598491    262144.00
      10.679     0.999997       598491    291271.11
      10.743     0.999997       598492    327680.00
      10.743     0.999997       598492    374491.43
      10.743     0.999998       598492    436906.67
      10.743     0.999998       598492    524288.00
      10.743     0.999998       598492    582542.22
      10.943     0.999998       598493    655360.00
      10.943     1.000000       598493          inf
#[Mean    =        1.767, StdDeviation   =        0.756]
#[Max     =       10.936, Total count    =       598493]
#[Buckets =           27, SubBuckets     =         2048]
----------------------------------------------------------
  719313 requests in 1.00m, 116.62MB read
Requests/sec:  11988.36
Transfer/sec:      1.94MB
