Running 1m test @ http://erik-pc.local:8080/fruits
  4 threads and 100 connections
  Thread calibration: mean lat.: 1.412ms, rate sampling interval: 10ms
  Thread calibration: mean lat.: 1.390ms, rate sampling interval: 10ms
  Thread calibration: mean lat.: 1.391ms, rate sampling interval: 10ms
  Thread calibration: mean lat.: 1.398ms, rate sampling interval: 10ms
  Thread Stats   Avg      Stdev     Max   +/- Stdev
    Latency     1.38ms  531.93us   8.45ms   64.26%
    Req/Sec     3.95k   258.30     5.80k    71.61%
  Latency Distribution (HdrHistogram - Recorded Latency)
 50.000%    1.32ms
 75.000%    1.77ms
 90.000%    2.12ms
 99.000%    2.64ms
 99.900%    3.24ms
 99.990%    4.84ms
 99.999%    7.47ms
100.000%    8.45ms

  Detailed Percentile spectrum:
       Value   Percentile   TotalCount 1/(1-Percentile)

       0.334     0.000000            1         1.00
       0.726     0.100000        75141         1.11
       0.888     0.200000       149783         1.25
       1.031     0.300000       224653         1.43
       1.171     0.400000       299617         1.67
       1.317     0.500000       374074         2.00
       1.398     0.550000       411627         2.22
       1.482     0.600000       449058         2.50
       1.572     0.650000       486463         2.86
       1.668     0.700000       524018         3.33
       1.770     0.750000       561397         4.00
       1.823     0.775000       579978         4.44
       1.877     0.800000       598518         5.00
       1.933     0.825000       617427         5.71
       1.993     0.850000       636155         6.67
       2.057     0.875000       655017         8.00
       2.089     0.887500       664010         8.89
       2.125     0.900000       673749        10.00
       2.161     0.912500       682862        11.43
       2.203     0.925000       692369        13.33
       2.247     0.937500       701443        16.00
       2.273     0.943750       706311        17.78
       2.301     0.950000       711006        20.00
       2.331     0.956250       715628        22.86
       2.365     0.962500       720232        26.67
       2.405     0.968750       724948        32.00
       2.427     0.971875       727205        35.56
       2.453     0.975000       729560        40.00
       2.481     0.978125       731811        45.71
       2.515     0.981250       734243        53.33
       2.551     0.984375       736441        64.00
       2.573     0.985938       737612        71.11
       2.597     0.987500       738784        80.00
       2.625     0.989062       739960        91.43
       2.657     0.990625       741143       106.67
       2.697     0.992188       742315       128.00
       2.719     0.992969       742874       142.22
       2.743     0.993750       743444       160.00
       2.771     0.994531       744039       182.86
       2.803     0.995313       744619       213.33
       2.845     0.996094       745215       256.00
       2.867     0.996484       745486       284.44
       2.893     0.996875       745780       320.00
       2.925     0.997266       746071       365.71
       2.965     0.997656       746378       426.67
       3.007     0.998047       746668       512.00
       3.031     0.998242       746805       568.89
       3.065     0.998437       746947       640.00
       3.113     0.998633       747095       731.43
       3.173     0.998828       747242       853.33
       3.257     0.999023       747386      1024.00
       3.321     0.999121       747459      1137.78
       3.417     0.999219       747532      1280.00
       3.497     0.999316       747608      1462.86
       3.591     0.999414       747678      1706.67
       3.721     0.999512       747752      2048.00
       3.797     0.999561       747788      2275.56
       3.855     0.999609       747824      2560.00
       3.931     0.999658       747860      2925.71
       4.031     0.999707       747896      3413.33
       4.147     0.999756       747934      4096.00
       4.243     0.999780       747952      4551.11
       4.335     0.999805       747970      5120.00
       4.451     0.999829       747988      5851.43
       4.563     0.999854       748006      6826.67
       4.695     0.999878       748027      8192.00
       4.767     0.999890       748034      9102.22
       4.843     0.999902       748042     10240.00
       5.007     0.999915       748052     11702.86
       5.239     0.999927       748061     13653.33
       5.555     0.999939       748070     16384.00
       5.655     0.999945       748075     18204.44
       5.863     0.999951       748079     20480.00
       6.083     0.999957       748084     23405.71
       6.367     0.999963       748088     27306.67
       6.651     0.999969       748093     32768.00
       6.767     0.999973       748095     36408.89
       6.867     0.999976       748097     40960.00
       7.015     0.999979       748100     46811.43
       7.103     0.999982       748102     54613.33
       7.231     0.999985       748104     65536.00
       7.267     0.999986       748105     72817.78
       7.299     0.999988       748106     81920.00
       7.475     0.999989       748108     93622.86
       7.503     0.999991       748109    109226.67
       7.511     0.999992       748110    131072.00
       7.511     0.999993       748110    145635.56
       8.067     0.999994       748111    163840.00
       8.191     0.999995       748112    187245.71
       8.191     0.999995       748112    218453.33
       8.247     0.999996       748113    262144.00
       8.247     0.999997       748113    291271.11
       8.247     0.999997       748113    327680.00
       8.367     0.999997       748114    374491.43
       8.367     0.999998       748114    436906.67
       8.367     0.999998       748114    524288.00
       8.367     0.999998       748114    582542.22
       8.367     0.999998       748114    655360.00
       8.455     0.999999       748115    748982.86
       8.455     1.000000       748115          inf
#[Mean    =        1.383, StdDeviation   =        0.532]
#[Max     =        8.448, Total count    =       748115]
#[Buckets =           27, SubBuckets     =         2048]
----------------------------------------------------------
  899123 requests in 1.00m, 145.77MB read
Requests/sec:  14985.39
Transfer/sec:      2.43MB
