Running 1m test @ http://erik-pc.local:8080/fruits
  4 threads and 100 connections
  Thread calibration: mean lat.: 1.596ms, rate sampling interval: 10ms
  Thread calibration: mean lat.: 1.642ms, rate sampling interval: 10ms
  Thread calibration: mean lat.: 1.564ms, rate sampling interval: 10ms
  Thread calibration: mean lat.: 1.567ms, rate sampling interval: 10ms
  Thread Stats   Avg      Stdev     Max   +/- Stdev
    Latency     1.57ms  648.50us  10.15ms   66.83%
    Req/Sec     6.59k   504.57     9.44k    71.35%
  Latency Distribution (HdrHistogram - Recorded Latency)
 50.000%    1.50ms
 75.000%    1.96ms
 90.000%    2.48ms
 99.000%    3.28ms
 99.900%    4.46ms
 99.990%    6.09ms
 99.999%    7.62ms
100.000%   10.16ms

  Detailed Percentile spectrum:
       Value   Percentile   TotalCount 1/(1-Percentile)

       0.306     0.000000            1         1.00
       0.791     0.100000       124898         1.11
       0.985     0.200000       249583         1.25
       1.169     0.300000       374566         1.43
       1.339     0.400000       499181         1.67
       1.496     0.500000       623883         2.00
       1.573     0.550000       685919         2.22
       1.652     0.600000       748677         2.50
       1.739     0.650000       810986         2.86
       1.842     0.700000       873317         3.33
       1.959     0.750000       935323         4.00
       2.030     0.775000       966455         4.44
       2.107     0.800000       997640         5.00
       2.189     0.825000      1029114         5.71
       2.277     0.850000      1060330         6.67
       2.373     0.875000      1091364         8.00
       2.425     0.887500      1107157         8.89
       2.479     0.900000      1122723        10.00
       2.535     0.912500      1137984        11.43
       2.595     0.925000      1153490        13.33
       2.661     0.937500      1168987        16.00
       2.699     0.943750      1176853        17.78
       2.741     0.950000      1184598        20.00
       2.791     0.956250      1192379        22.86
       2.845     0.962500      1200195        26.67
       2.903     0.968750      1207898        32.00
       2.937     0.971875      1211794        35.56
       2.979     0.975000      1215838        40.00
       3.025     0.978125      1219720        45.71
       3.077     0.981250      1223597        53.33
       3.133     0.984375      1227390        64.00
       3.163     0.985938      1229347        71.11
       3.199     0.987500      1231335        80.00
       3.245     0.989062      1233301        91.43
       3.299     0.990625      1235189       106.67
       3.375     0.992188      1237172       128.00
       3.419     0.992969      1238111       142.22
       3.467     0.993750      1239071       160.00
       3.533     0.994531      1240071       182.86
       3.603     0.995313      1241051       213.33
       3.683     0.996094      1241994       256.00
       3.735     0.996484      1242481       284.44
       3.793     0.996875      1242980       320.00
       3.855     0.997266      1243464       365.71
       3.933     0.997656      1243945       426.67
       4.039     0.998047      1244428       512.00
       4.099     0.998242      1244672       568.89
       4.167     0.998437      1244915       640.00
       4.251     0.998633      1245157       731.43
       4.363     0.998828      1245405       853.33
       4.479     0.999023      1245645      1024.00
       4.559     0.999121      1245768      1137.78
       4.651     0.999219      1245887      1280.00
       4.759     0.999316      1246013      1462.86
       4.871     0.999414      1246131      1706.67
       5.019     0.999512      1246256      2048.00
       5.099     0.999561      1246316      2275.56
       5.187     0.999609      1246375      2560.00
       5.275     0.999658      1246437      2925.71
       5.363     0.999707      1246496      3413.33
       5.479     0.999756      1246558      4096.00
       5.547     0.999780      1246588      4551.11
       5.651     0.999805      1246620      5120.00
       5.723     0.999829      1246648      5851.43
       5.839     0.999854      1246679      6826.67
       5.939     0.999878      1246709      8192.00
       6.043     0.999890      1246725      9102.22
       6.095     0.999902      1246740     10240.00
       6.195     0.999915      1246755     11702.86
       6.271     0.999927      1246770     13653.33
       6.363     0.999939      1246785     16384.00
       6.435     0.999945      1246793     18204.44
       6.487     0.999951      1246802     20480.00
       6.527     0.999957      1246809     23405.71
       6.707     0.999963      1246816     27306.67
       6.855     0.999969      1246823     32768.00
       6.895     0.999973      1246827     36408.89
       6.999     0.999976      1246831     40960.00
       7.039     0.999979      1246835     46811.43
       7.199     0.999982      1246839     54613.33
       7.287     0.999985      1246842     65536.00
       7.403     0.999986      1246844     72817.78
       7.527     0.999988      1246846     81920.00
       7.615     0.999989      1246848     93622.86
       7.635     0.999991      1246850    109226.67
       7.803     0.999992      1246852    131072.00
       7.811     0.999993      1246853    145635.56
       7.871     0.999994      1246854    163840.00
       7.955     0.999995      1246855    187245.71
       7.999     0.999995      1246856    218453.33
       8.123     0.999996      1246857    262144.00
       8.123     0.999997      1246857    291271.11
       8.295     0.999997      1246858    327680.00
       8.295     0.999997      1246858    374491.43
       8.431     0.999998      1246859    436906.67
       8.431     0.999998      1246859    524288.00
       8.431     0.999998      1246859    582542.22
       8.463     0.999998      1246860    655360.00
       8.463     0.999999      1246860    748982.86
       8.463     0.999999      1246860    873813.33
       8.463     0.999999      1246860   1048576.00
       8.463     0.999999      1246860   1165084.44
      10.159     0.999999      1246861   1310720.00
      10.159     1.000000      1246861          inf
#[Mean    =        1.572, StdDeviation   =        0.648]
#[Max     =       10.152, Total count    =      1246861]
#[Buckets =           27, SubBuckets     =         2048]
----------------------------------------------------------
  1498500 requests in 1.00m, 242.94MB read
Requests/sec:  24975.19
Transfer/sec:      4.05MB
