Running 1m test @ http://erik-pc.local:8080/fruits
  4 threads and 100 connections
  Thread calibration: mean lat.: 1.899ms, rate sampling interval: 10ms
  Thread calibration: mean lat.: 1.862ms, rate sampling interval: 10ms
  Thread calibration: mean lat.: 1.973ms, rate sampling interval: 10ms
  Thread calibration: mean lat.: 1.903ms, rate sampling interval: 10ms
  Thread Stats   Avg      Stdev     Max   +/- Stdev
    Latency     2.20ms    2.71ms  48.38ms   95.64%
    Req/Sec     7.91k     1.34k   22.89k    90.06%
  Latency Distribution (HdrHistogram - Recorded Latency)
 50.000%    1.67ms
 75.000%    2.19ms
 90.000%    2.85ms
 99.000%   16.91ms
 99.900%   29.65ms
 99.990%   38.91ms
 99.999%   43.94ms
100.000%   48.42ms

  Detailed Percentile spectrum:
       Value   Percentile   TotalCount 1/(1-Percentile)

       0.289     0.000000            1         1.00
       0.947     0.100000       150016         1.11
       1.172     0.200000       299785         1.25
       1.349     0.300000       449265         1.43
       1.511     0.400000       599080         1.67
       1.671     0.500000       748636         2.00
       1.758     0.550000       823714         2.22
       1.850     0.600000       898393         2.50
       1.950     0.650000       973227         2.86
       2.063     0.700000      1047472         3.33
       2.193     0.750000      1122764         4.00
       2.265     0.775000      1160250         4.44
       2.345     0.800000      1197481         5.00
       2.437     0.825000      1234978         5.71
       2.543     0.850000      1272349         6.67
       2.671     0.875000      1309675         8.00
       2.753     0.887500      1328171         8.89
       2.847     0.900000      1346716        10.00
       2.957     0.912500      1365454        11.43
       3.113     0.925000      1384134        13.33
       3.369     0.937500      1402760        16.00
       3.609     0.943750      1412100        17.78
       4.033     0.950000      1421452        20.00
       4.883     0.956250      1430813        22.86
       6.227     0.962500      1440146        26.67
       7.875     0.968750      1449486        32.00
       8.799     0.971875      1454166        35.56
       9.775     0.975000      1458841        40.00
      10.847     0.978125      1463513        45.71
      12.127     0.981250      1468198        53.33
      13.567     0.984375      1472865        64.00
      14.415     0.985938      1475207        71.11
      15.311     0.987500      1477554        80.00
      16.287     0.989062      1479893        91.43
      17.343     0.990625      1482222       106.67
      18.575     0.992188      1484566       128.00
      19.231     0.992969      1485751       142.22
      19.951     0.993750      1486916       160.00
      20.767     0.994531      1488072       182.86
      21.599     0.995313      1489244       213.33
      22.687     0.996094      1490407       256.00
      23.199     0.996484      1490984       284.44
      23.791     0.996875      1491582       320.00
      24.463     0.997266      1492163       365.71
      25.231     0.997656      1492747       426.67
      26.207     0.998047      1493325       512.00
      26.751     0.998242      1493615       568.89
      27.391     0.998437      1493912       640.00
      28.095     0.998633      1494202       731.43
      28.847     0.998828      1494491       853.33
      29.727     0.999023      1494786      1024.00
      30.191     0.999121      1494929      1137.78
      30.751     0.999219      1495076      1280.00
      31.359     0.999316      1495223      1462.86
      32.111     0.999414      1495368      1706.67
      32.863     0.999512      1495516      2048.00
      33.279     0.999561      1495592      2275.56
      33.727     0.999609      1495661      2560.00
      34.271     0.999658      1495734      2925.71
      34.879     0.999707      1495805      3413.33
      35.743     0.999756      1495884      4096.00
      36.063     0.999780      1495917      4551.11
      36.575     0.999805      1495953      5120.00
      37.087     0.999829      1495988      5851.43
      37.599     0.999854      1496024      6826.67
      38.271     0.999878      1496061      8192.00
      38.623     0.999890      1496079      9102.22
      38.975     0.999902      1496098     10240.00
      39.359     0.999915      1496117     11702.86
      39.839     0.999927      1496134     13653.33
      40.255     0.999939      1496152     16384.00
      40.479     0.999945      1496163     18204.44
      40.607     0.999951      1496170     20480.00
      40.959     0.999957      1496180     23405.71
      41.375     0.999963      1496189     27306.67
      41.855     0.999969      1496198     32768.00
      41.951     0.999973      1496202     36408.89
      42.367     0.999976      1496208     40960.00
      42.655     0.999979      1496213     46811.43
      42.911     0.999982      1496217     54613.33
      43.647     0.999985      1496221     65536.00
      43.807     0.999986      1496224     72817.78
      43.839     0.999988      1496225     81920.00
      43.935     0.999989      1496228     93622.86
      43.999     0.999991      1496230    109226.67
      44.511     0.999992      1496232    131072.00
      44.639     0.999993      1496233    145635.56
      44.799     0.999994      1496234    163840.00
      46.431     0.999995      1496236    187245.71
      47.519     0.999995      1496237    218453.33
      47.647     0.999996      1496238    262144.00
      47.647     0.999997      1496238    291271.11
      47.871     0.999997      1496239    327680.00
      48.031     0.999997      1496240    374491.43
      48.031     0.999998      1496240    436906.67
      48.063     0.999998      1496241    524288.00
      48.063     0.999998      1496241    582542.22
      48.063     0.999998      1496241    655360.00
      48.159     0.999999      1496242    748982.86
      48.159     0.999999      1496242    873813.33
      48.159     0.999999      1496242   1048576.00
      48.159     0.999999      1496242   1165084.44
      48.159     0.999999      1496242   1310720.00
      48.415     0.999999      1496243   1497965.71
      48.415     1.000000      1496243          inf
#[Mean    =        2.199, StdDeviation   =        2.706]
#[Max     =       48.384, Total count    =      1496243]
#[Buckets =           27, SubBuckets     =         2048]
----------------------------------------------------------
  1798186 requests in 1.00m, 291.53MB read
Requests/sec:  29969.84
Transfer/sec:      4.86MB
