Running 1m test @ http://erik-pc.local:8080/fruits
  4 threads and 100 connections
  Thread calibration: mean lat.: 2.795ms, rate sampling interval: 10ms
  Thread calibration: mean lat.: 2.737ms, rate sampling interval: 10ms
  Thread calibration: mean lat.: 2.525ms, rate sampling interval: 10ms
  Thread calibration: mean lat.: 2.738ms, rate sampling interval: 10ms
  Thread Stats   Avg      Stdev     Max   +/- Stdev
    Latency     3.68ms    5.61ms  65.15ms   88.87%
    Req/Sec     8.44k     2.62k   25.33k    82.65%
  Latency Distribution (HdrHistogram - Recorded Latency)
 50.000%    1.66ms
 75.000%    2.58ms
 90.000%   10.44ms
 99.000%   27.44ms
 99.900%   41.22ms
 99.990%   56.29ms
 99.999%   61.31ms
100.000%   65.18ms

  Detailed Percentile spectrum:
       Value   Percentile   TotalCount 1/(1-Percentile)

       0.310     0.000000            1         1.00
       0.906     0.100000       160213         1.11
       1.095     0.200000       319206         1.25
       1.270     0.300000       479026         1.43
       1.455     0.400000       638651         1.67
       1.662     0.500000       798595         2.00
       1.784     0.550000       878264         2.22
       1.929     0.600000       958129         2.50
       2.107     0.650000      1037587         2.86
       2.321     0.700000      1117861         3.33
       2.583     0.750000      1197422         4.00
       2.761     0.775000      1237055         4.44
       3.035     0.800000      1276885         5.00
       3.761     0.825000      1316763         5.71
       5.703     0.850000      1356649         6.67
       7.983     0.875000      1396563         8.00
       9.183     0.887500      1416568         8.89
      10.439     0.900000      1436496        10.00
      11.791     0.912500      1456469        11.43
      13.279     0.925000      1476372        13.33
      14.943     0.937500      1496316        16.00
      15.863     0.943750      1506245        17.78
      16.863     0.950000      1516358        20.00
      17.903     0.956250      1526225        22.86
      19.055     0.962500      1536301        26.67
      20.319     0.968750      1546218        32.00
      21.023     0.971875      1551180        35.56
      21.791     0.975000      1556198        40.00
      22.655     0.978125      1561134        45.71
      23.615     0.981250      1566167        53.33
      24.735     0.984375      1571083        64.00
      25.391     0.985938      1573608        71.11
      26.095     0.987500      1576068        80.00
      26.879     0.989062      1578563        91.43
      27.807     0.990625      1581062       106.67
      28.911     0.992188      1583562       128.00
      29.519     0.992969      1584815       142.22
      30.159     0.993750      1586044       160.00
      30.927     0.994531      1587297       182.86
      31.839     0.995313      1588546       213.33
      32.895     0.996094      1589814       256.00
      33.503     0.996484      1590422       284.44
      34.239     0.996875      1591061       320.00
      35.039     0.997266      1591661       365.71
      35.903     0.997656      1592300       426.67
      36.927     0.998047      1592911       512.00
      37.535     0.998242      1593221       568.89
      38.271     0.998437      1593535       640.00
      39.039     0.998633      1593836       731.43
      40.127     0.998828      1594155       853.33
      41.375     0.999023      1594460      1024.00
      42.111     0.999121      1594617      1137.78
      42.879     0.999219      1594773      1280.00
      43.935     0.999316      1594927      1462.86
      45.087     0.999414      1595083      1706.67
      46.367     0.999512      1595238      2048.00
      47.359     0.999561      1595317      2275.56
      48.319     0.999609      1595395      2560.00
      49.375     0.999658      1595475      2925.71
      50.527     0.999707      1595549      3413.33
      51.519     0.999756      1595629      4096.00
      52.063     0.999780      1595667      4551.11
      52.703     0.999805      1595705      5120.00
      53.503     0.999829      1595744      5851.43
      54.431     0.999854      1595783      6826.67
      55.295     0.999878      1595823      8192.00
      55.999     0.999890      1595841      9102.22
      56.415     0.999902      1595861     10240.00
      56.895     0.999915      1595881     11702.86
      57.695     0.999927      1595901     13653.33
      58.143     0.999939      1595919     16384.00
      58.399     0.999945      1595930     18204.44
      58.879     0.999951      1595941     20480.00
      59.167     0.999957      1595948     23405.71
      59.583     0.999963      1595958     27306.67
      59.871     0.999969      1595968     32768.00
      59.999     0.999973      1595973     36408.89
      60.127     0.999976      1595978     40960.00
      60.223     0.999979      1595983     46811.43
      60.383     0.999982      1595988     54613.33
      60.671     0.999985      1595992     65536.00
      60.767     0.999986      1595995     72817.78
      60.991     0.999988      1595997     81920.00
      61.247     0.999989      1595999     93622.86
      61.439     0.999991      1596002    109226.67
      61.855     0.999992      1596004    131072.00
      62.207     0.999993      1596006    145635.56
      62.495     0.999994      1596008    163840.00
      62.495     0.999995      1596008    187245.71
      62.527     0.999995      1596009    218453.33
      62.655     0.999996      1596011    262144.00
      62.655     0.999997      1596011    291271.11
      62.751     0.999997      1596012    327680.00
      62.751     0.999997      1596012    374491.43
      63.039     0.999998      1596013    436906.67
      63.039     0.999998      1596013    524288.00
      63.423     0.999998      1596014    582542.22
      63.423     0.999998      1596014    655360.00
      63.423     0.999999      1596014    748982.86
      64.319     0.999999      1596015    873813.33
      64.319     0.999999      1596015   1048576.00
      64.319     0.999999      1596015   1165084.44
      64.319     0.999999      1596015   1310720.00
      64.319     0.999999      1596015   1497965.71
      65.183     0.999999      1596016   1747626.67
      65.183     1.000000      1596016          inf
#[Mean    =        3.682, StdDeviation   =        5.606]
#[Max     =       65.152, Total count    =      1596016]
#[Buckets =           27, SubBuckets     =         2048]
----------------------------------------------------------
  1918034 requests in 1.00m, 310.96MB read
Requests/sec:  31967.51
Transfer/sec:      5.18MB
