Running 1m test @ http://erik-pc.local:8080/fruits
  4 threads and 100 connections
  Thread calibration: mean lat.: 1.606ms, rate sampling interval: 10ms
  Thread calibration: mean lat.: 1.604ms, rate sampling interval: 10ms
  Thread calibration: mean lat.: 1.600ms, rate sampling interval: 10ms
  Thread calibration: mean lat.: 1.665ms, rate sampling interval: 10ms
  Thread Stats   Avg      Stdev     Max   +/- Stdev
    Latency     1.64ms  608.53us   6.95ms   64.40%
    Req/Sec     3.96k   307.27     5.70k    72.11%
  Latency Distribution (HdrHistogram - Recorded Latency)
 50.000%    1.55ms
 75.000%    2.08ms
 90.000%    2.53ms
 99.000%    3.09ms
 99.900%    3.66ms
 99.990%    4.79ms
 99.999%    5.97ms
100.000%    6.95ms

  Detailed Percentile spectrum:
       Value   Percentile   TotalCount 1/(1-Percentile)

       0.344     0.000000            1         1.00
       0.913     0.100000        75193         1.11
       1.086     0.200000       149697         1.25
       1.240     0.300000       224593         1.43
       1.389     0.400000       299647         1.67
       1.547     0.500000       374383         2.00
       1.633     0.550000       411578         2.22
       1.730     0.600000       449168         2.50
       1.838     0.650000       486332         2.86
       1.954     0.700000       523823         3.33
       2.083     0.750000       561359         4.00
       2.149     0.775000       579992         4.44
       2.217     0.800000       598734         5.00
       2.287     0.825000       617361         5.71
       2.361     0.850000       636147         6.67
       2.439     0.875000       654725         8.00
       2.481     0.887500       664103         8.89
       2.525     0.900000       673596        10.00
       2.569     0.912500       682762        11.43
       2.617     0.925000       692237        13.33
       2.671     0.937500       701674        16.00
       2.699     0.943750       706115        17.78
       2.733     0.950000       710827        20.00
       2.769     0.956250       715574        22.86
       2.807     0.962500       720103        26.67
       2.851     0.968750       724856        32.00
       2.875     0.971875       727249        35.56
       2.899     0.975000       729436        40.00
       2.929     0.978125       731866        45.71
       2.961     0.981250       734188        53.33
       3.001     0.984375       736564        64.00
       3.023     0.985938       737670        71.11
       3.049     0.987500       738849        80.00
       3.075     0.989062       740005        91.43
       3.107     0.990625       741148       106.67
       3.139     0.992188       742279       128.00
       3.159     0.992969       742874       142.22
       3.179     0.993750       743476       160.00
       3.203     0.994531       744052       182.86
       3.233     0.995313       744632       213.33
       3.269     0.996094       745225       256.00
       3.289     0.996484       745501       284.44
       3.313     0.996875       745792       320.00
       3.343     0.997266       746090       365.71
       3.381     0.997656       746371       426.67
       3.433     0.998047       746673       512.00
       3.463     0.998242       746808       568.89
       3.501     0.998437       746955       640.00
       3.551     0.998633       747109       731.43
       3.601     0.998828       747250       853.33
       3.677     0.999023       747392      1024.00
       3.727     0.999121       747466      1137.78
       3.795     0.999219       747542      1280.00
       3.851     0.999316       747613      1462.86
       3.923     0.999414       747684      1706.67
       4.013     0.999512       747758      2048.00
       4.047     0.999561       747795      2275.56
       4.115     0.999609       747830      2560.00
       4.167     0.999658       747869      2925.71
       4.227     0.999707       747906      3413.33
       4.335     0.999756       747941      4096.00
       4.399     0.999780       747958      4551.11
       4.455     0.999805       747978      5120.00
       4.551     0.999829       747996      5851.43
       4.603     0.999854       748013      6826.67
       4.687     0.999878       748032      8192.00
       4.739     0.999890       748040      9102.22
       4.799     0.999902       748049     10240.00
       4.891     0.999915       748060     11702.86
       4.979     0.999927       748068     13653.33
       5.055     0.999939       748078     16384.00
       5.103     0.999945       748081     18204.44
       5.179     0.999951       748087     20480.00
       5.231     0.999957       748091     23405.71
       5.339     0.999963       748095     27306.67
       5.407     0.999969       748100     32768.00
       5.463     0.999973       748102     36408.89
       5.487     0.999976       748104     40960.00
       5.555     0.999979       748108     46811.43
       5.563     0.999982       748109     54613.33
       5.583     0.999985       748111     65536.00
       5.771     0.999986       748112     72817.78
       5.787     0.999988       748113     81920.00
       5.971     0.999989       748115     93622.86
       6.251     0.999991       748116    109226.67
       6.387     0.999992       748117    131072.00
       6.387     0.999993       748117    145635.56
       6.471     0.999994       748118    163840.00
       6.475     0.999995       748119    187245.71
       6.475     0.999995       748119    218453.33
       6.523     0.999996       748120    262144.00
       6.523     0.999997       748120    291271.11
       6.523     0.999997       748120    327680.00
       6.527     0.999997       748121    374491.43
       6.527     0.999998       748121    436906.67
       6.527     0.999998       748121    524288.00
       6.527     0.999998       748121    582542.22
       6.527     0.999998       748121    655360.00
       6.955     0.999999       748122    748982.86
       6.955     1.000000       748122          inf
#[Mean    =        1.644, StdDeviation   =        0.609]
#[Max     =        6.952, Total count    =       748122]
#[Buckets =           27, SubBuckets     =         2048]
----------------------------------------------------------
  899119 requests in 1.00m, 145.77MB read
Requests/sec:  14985.37
Transfer/sec:      2.43MB
