Running 1m test @ http://erik-pc.local:8080/fruits
  4 threads and 100 connections
  Thread calibration: mean lat.: 17.618ms, rate sampling interval: 77ms
  Thread calibration: mean lat.: 17.495ms, rate sampling interval: 77ms
  Thread calibration: mean lat.: 17.144ms, rate sampling interval: 76ms
  Thread calibration: mean lat.: 17.224ms, rate sampling interval: 77ms
  Thread Stats   Avg      Stdev     Max   +/- Stdev
    Latency    18.60ms   14.84ms  79.87ms   50.28%
    Req/Sec     5.54k     1.38k    8.28k    58.35%
  Latency Distribution (HdrHistogram - Recorded Latency)
 50.000%   17.44ms
 75.000%   31.39ms
 90.000%   39.58ms
 99.000%   48.61ms
 99.900%   54.72ms
 99.990%   62.88ms
 99.999%   70.72ms
100.000%   79.93ms

  Detailed Percentile spectrum:
       Value   Percentile   TotalCount 1/(1-Percentile)

       0.297     0.000000            1         1.00
       1.221     0.100000       109879         1.11
       1.910     0.200000       219604         1.25
       4.747     0.300000       329395         1.43
      11.351     0.400000       439203         1.67
      17.439     0.500000       549229         2.00
      20.351     0.550000       604115         2.22
      23.183     0.600000       658778         2.50
      25.967     0.650000       713771         2.86
      28.703     0.700000       768583         3.33
      31.391     0.750000       823649         4.00
      32.735     0.775000       851200         4.44
      34.047     0.800000       878597         5.00
      35.391     0.825000       906194         5.71
      36.735     0.850000       933566         6.67
      38.111     0.875000       960749         8.00
      38.847     0.887500       974725         8.89
      39.583     0.900000       988406        10.00
      40.383     0.912500      1002401        11.43
      41.183     0.925000      1015731        13.33
      42.079     0.937500      1029547        16.00
      42.559     0.943750      1036264        17.78
      43.071     0.950000      1043146        20.00
      43.647     0.956250      1050226        22.86
      44.255     0.962500      1056928        26.67
      44.959     0.968750      1063754        32.00
      45.343     0.971875      1067231        35.56
      45.727     0.975000      1070517        40.00
      46.175     0.978125      1074012        45.71
      46.687     0.981250      1077465        53.33
      47.263     0.984375      1080820        64.00
      47.583     0.985938      1082525        71.11
      47.967     0.987500      1084374        80.00
      48.351     0.989062      1086001        91.43
      48.799     0.990625      1087696       106.67
      49.343     0.992188      1089429       128.00
      49.631     0.992969      1090279       142.22
      49.951     0.993750      1091101       160.00
      50.303     0.994531      1091962       182.86
      50.719     0.995313      1092819       213.33
      51.199     0.996094      1093708       256.00
      51.455     0.996484      1094118       284.44
      51.775     0.996875      1094559       320.00
      52.127     0.997266      1094969       365.71
      52.511     0.997656      1095400       426.67
      52.991     0.998047      1095842       512.00
      53.247     0.998242      1096037       568.89
      53.535     0.998437      1096255       640.00
      53.887     0.998633      1096467       731.43
      54.303     0.998828      1096675       853.33
      54.783     0.999023      1096895      1024.00
      55.007     0.999121      1097003      1137.78
      55.327     0.999219      1097103      1280.00
      55.679     0.999316      1097211      1462.86
      56.127     0.999414      1097321      1706.67
      56.671     0.999512      1097423      2048.00
      57.055     0.999561      1097478      2275.56
      57.471     0.999609      1097535      2560.00
      57.919     0.999658      1097586      2925.71
      58.559     0.999707      1097638      3413.33
      59.359     0.999756      1097691      4096.00
      59.871     0.999780      1097719      4551.11
      60.511     0.999805      1097746      5120.00
      60.927     0.999829      1097774      5851.43
      61.471     0.999854      1097800      6826.67
      62.143     0.999878      1097825      8192.00
      62.623     0.999890      1097840      9102.22
      62.975     0.999902      1097852     10240.00
      63.391     0.999915      1097867     11702.86
      64.127     0.999927      1097879     13653.33
      64.703     0.999939      1097892     16384.00
      65.247     0.999945      1097899     18204.44
      65.727     0.999951      1097906     20480.00
      65.983     0.999957      1097913     23405.71
      66.751     0.999963      1097919     27306.67
      67.135     0.999969      1097926     32768.00
      67.711     0.999973      1097929     36408.89
      67.967     0.999976      1097933     40960.00
      68.479     0.999979      1097936     46811.43
      68.927     0.999982      1097939     54613.33
      69.887     0.999985      1097943     65536.00
      70.143     0.999986      1097944     72817.78
      70.335     0.999988      1097946     81920.00
      70.719     0.999989      1097948     93622.86
      71.487     0.999991      1097949    109226.67
      72.383     0.999992      1097951    131072.00
      72.511     0.999993      1097952    145635.56
      73.535     0.999994      1097953    163840.00
      73.599     0.999995      1097954    187245.71
      73.599     0.999995      1097954    218453.33
      74.303     0.999996      1097955    262144.00
      74.431     0.999997      1097956    291271.11
      74.431     0.999997      1097956    327680.00
      75.263     0.999997      1097957    374491.43
      75.263     0.999998      1097957    436906.67
      75.263     0.999998      1097957    524288.00
      77.631     0.999998      1097958    582542.22
      77.631     0.999998      1097958    655360.00
      77.631     0.999999      1097958    748982.86
      77.631     0.999999      1097958    873813.33
      77.631     0.999999      1097958   1048576.00
      79.935     0.999999      1097959   1165084.44
      79.935     1.000000      1097959          inf
#[Mean    =       18.597, StdDeviation   =       14.841]
#[Max     =       79.872, Total count    =      1097959]
#[Buckets =           27, SubBuckets     =         2048]
----------------------------------------------------------
  1318678 requests in 1.00m, 213.79MB read
Requests/sec:  21978.15
Transfer/sec:      3.56MB
