Running 1m test @ http://erik-pc.local:8080/fruits
  4 threads and 100 connections
  Thread calibration: mean lat.: 2.047ms, rate sampling interval: 10ms
  Thread calibration: mean lat.: 2.335ms, rate sampling interval: 10ms
  Thread calibration: mean lat.: 2.331ms, rate sampling interval: 10ms
  Thread calibration: mean lat.: 2.309ms, rate sampling interval: 10ms
  Thread Stats   Avg      Stdev     Max   +/- Stdev
    Latency     2.23ms  764.60us   9.66ms   66.84%
    Req/Sec     5.28k   725.26     8.70k    72.56%
  Latency Distribution (HdrHistogram - Recorded Latency)
 50.000%    2.21ms
 75.000%    2.76ms
 90.000%    3.21ms
 99.000%    4.06ms
 99.900%    5.00ms
 99.990%    7.26ms
 99.999%    9.01ms
100.000%    9.66ms

  Detailed Percentile spectrum:
       Value   Percentile   TotalCount 1/(1-Percentile)

       0.362     0.000000            1         1.00
       1.251     0.100000        99861         1.11
       1.541     0.200000       199850         1.25
       1.780     0.300000       299451         1.43
       2.001     0.400000       399302         1.67
       2.215     0.500000       499212         2.00
       2.321     0.550000       549311         2.22
       2.425     0.600000       598593         2.50
       2.531     0.650000       649176         2.86
       2.641     0.700000       698613         3.33
       2.759     0.750000       748237         4.00
       2.823     0.775000       773584         4.44
       2.887     0.800000       798288         5.00
       2.955     0.825000       823103         5.71
       3.031     0.850000       848184         6.67
       3.115     0.875000       873182         8.00
       3.163     0.887500       885692         8.89
       3.213     0.900000       897760        10.00
       3.271     0.912500       910495        11.43
       3.333     0.925000       922971        13.33
       3.403     0.937500       935292        16.00
       3.441     0.943750       941433        17.78
       3.485     0.950000       947828        20.00
       3.533     0.956250       954064        22.86
       3.587     0.962500       960155        26.67
       3.653     0.968750       966432        32.00
       3.691     0.971875       969553        35.56
       3.735     0.975000       972609        40.00
       3.783     0.978125       975698        45.71
       3.837     0.981250       978855        53.33
       3.899     0.984375       981954        64.00
       3.937     0.985938       983542        71.11
       3.977     0.987500       985052        80.00
       4.027     0.989062       986607        91.43
       4.087     0.990625       988153       106.67
       4.163     0.992188       989720       128.00
       4.207     0.992969       990521       142.22
       4.255     0.993750       991313       160.00
       4.307     0.994531       992045       182.86
       4.379     0.995313       992861       213.33
       4.451     0.996094       993637       256.00
       4.487     0.996484       994000       284.44
       4.531     0.996875       994389       320.00
       4.583     0.997266       994790       365.71
       4.655     0.997656       995167       426.67
       4.727     0.998047       995563       512.00
       4.771     0.998242       995771       568.89
       4.815     0.998437       995943       640.00
       4.867     0.998633       996138       731.43
       4.927     0.998828       996332       853.33
       5.007     0.999023       996530      1024.00
       5.055     0.999121       996629      1137.78
       5.119     0.999219       996724      1280.00
       5.191     0.999316       996820      1462.86
       5.335     0.999414       996918      1706.67
       5.487     0.999512       997013      2048.00
       5.587     0.999561       997063      2275.56
       5.739     0.999609       997111      2560.00
       5.863     0.999658       997160      2925.71
       6.035     0.999707       997208      3413.33
       6.299     0.999756       997257      4096.00
       6.387     0.999780       997282      4551.11
       6.487     0.999805       997306      5120.00
       6.655     0.999829       997330      5851.43
       6.915     0.999854       997355      6826.67
       7.075     0.999878       997379      8192.00
       7.143     0.999890       997391      9102.22
       7.287     0.999902       997404     10240.00
       7.371     0.999915       997415     11702.86
       7.519     0.999927       997427     13653.33
       7.807     0.999939       997440     16384.00
       7.899     0.999945       997446     18204.44
       8.015     0.999951       997452     20480.00
       8.303     0.999957       997458     23405.71
       8.447     0.999963       997464     27306.67
       8.511     0.999969       997470     32768.00
       8.575     0.999973       997473     36408.89
       8.615     0.999976       997476     40960.00
       8.639     0.999979       997479     46811.43
       8.735     0.999982       997482     54613.33
       8.847     0.999985       997485     65536.00
       8.887     0.999986       997487     72817.78
       8.935     0.999988       997488     81920.00
       9.007     0.999989       997490     93622.86
       9.023     0.999991       997491    109226.67
       9.103     0.999992       997493    131072.00
       9.135     0.999993       997494    145635.56
       9.135     0.999994       997494    163840.00
       9.167     0.999995       997495    187245.71
       9.239     0.999995       997496    218453.33
       9.263     0.999996       997497    262144.00
       9.263     0.999997       997497    291271.11
       9.263     0.999997       997497    327680.00
       9.295     0.999997       997498    374491.43
       9.295     0.999998       997498    436906.67
       9.583     0.999998       997499    524288.00
       9.583     0.999998       997499    582542.22
       9.583     0.999998       997499    655360.00
       9.583     0.999999       997499    748982.86
       9.583     0.999999       997499    873813.33
       9.663     0.999999       997500   1048576.00
       9.663     1.000000       997500          inf
#[Mean    =        2.230, StdDeviation   =        0.765]
#[Max     =        9.656, Total count    =       997500]
#[Buckets =           27, SubBuckets     =         2048]
----------------------------------------------------------
  1198805 requests in 1.00m, 194.36MB read
Requests/sec:  19979.57
Transfer/sec:      3.24MB
