Running 1m test @ http://erik-pc.local:8080/fruits
  4 threads and 100 connections
  Thread calibration: mean lat.: 1.501ms, rate sampling interval: 10ms
  Thread calibration: mean lat.: 1.475ms, rate sampling interval: 10ms
  Thread calibration: mean lat.: 1.386ms, rate sampling interval: 10ms
  Thread calibration: mean lat.: 1.400ms, rate sampling interval: 10ms
  Thread Stats   Avg      Stdev     Max   +/- Stdev
    Latency     1.32ms  454.79us   4.33ms   69.50%
    Req/Sec     1.32k   170.52     2.11k    81.17%
  Latency Distribution (HdrHistogram - Recorded Latency)
 50.000%    1.26ms
 75.000%    1.57ms
 90.000%    1.95ms
 99.000%    2.56ms
 99.900%    2.86ms
 99.990%    3.60ms
 99.999%    4.17ms
100.000%    4.33ms

  Detailed Percentile spectrum:
       Value   Percentile   TotalCount 1/(1-Percentile)

       0.395     0.000000            1         1.00
       0.776     0.100000        24951         1.11
       0.919     0.200000        50019         1.25
       1.039     0.300000        74963         1.43
       1.152     0.400000        99928         1.67
       1.258     0.500000       124834         2.00
       1.313     0.550000       137194         2.22
       1.369     0.600000       149688         2.50
       1.431     0.650000       162216         2.86
       1.497     0.700000       174672         3.33
       1.571     0.750000       187153         4.00
       1.611     0.775000       193408         4.44
       1.657     0.800000       199584         5.00
       1.708     0.825000       205794         5.71
       1.768     0.850000       212059         6.67
       1.843     0.875000       218207         8.00
       1.892     0.887500       221346         8.89
       1.951     0.900000       224451        10.00
       2.019     0.912500       227579        11.43
       2.093     0.925000       230693        13.33
       2.169     0.937500       233835        16.00
       2.205     0.943750       235411        17.78
       2.241     0.950000       236937        20.00
       2.277     0.956250       238492        22.86
       2.315     0.962500       240055        26.67
       2.357     0.968750       241638        32.00
       2.379     0.971875       242401        35.56
       2.405     0.975000       243194        40.00
       2.431     0.978125       243945        45.71
       2.459     0.981250       244748        53.33
       2.489     0.984375       245499        64.00
       2.505     0.985938       245868        71.11
       2.525     0.987500       246258        80.00
       2.545     0.989062       246654        91.43
       2.567     0.990625       247055       106.67
       2.593     0.992188       247434       128.00
       2.609     0.992969       247629       142.22
       2.625     0.993750       247830       160.00
       2.643     0.994531       248020       182.86
       2.661     0.995313       248208       213.33
       2.685     0.996094       248406       256.00
       2.697     0.996484       248500       284.44
       2.711     0.996875       248593       320.00
       2.727     0.997266       248698       365.71
       2.743     0.997656       248794       426.67
       2.767     0.998047       248885       512.00
       2.781     0.998242       248941       568.89
       2.797     0.998437       248985       640.00
       2.813     0.998633       249033       731.43
       2.837     0.998828       249083       853.33
       2.859     0.999023       249131      1024.00
       2.873     0.999121       249153      1137.78
       2.889     0.999219       249181      1280.00
       2.907     0.999316       249202      1462.86
       2.939     0.999414       249227      1706.67
       2.983     0.999512       249251      2048.00
       3.003     0.999561       249263      2275.56
       3.031     0.999609       249275      2560.00
       3.053     0.999658       249288      2925.71
       3.087     0.999707       249299      3413.33
       3.125     0.999756       249312      4096.00
       3.149     0.999780       249318      4551.11
       3.215     0.999805       249324      5120.00
       3.301     0.999829       249330      5851.43
       3.367     0.999854       249336      6826.67
       3.465     0.999878       249342      8192.00
       3.541     0.999890       249345      9102.22
       3.605     0.999902       249349     10240.00
       3.627     0.999915       249351     11702.86
       3.689     0.999927       249354     13653.33
       3.797     0.999939       249357     16384.00
       3.817     0.999945       249359     18204.44
       3.855     0.999951       249360     20480.00
       3.881     0.999957       249362     23405.71
       3.965     0.999963       249363     27306.67
       4.033     0.999969       249365     32768.00
       4.069     0.999973       249366     36408.89
       4.069     0.999976       249366     40960.00
       4.099     0.999979       249367     46811.43
       4.111     0.999982       249368     54613.33
       4.167     0.999985       249370     65536.00
       4.167     0.999986       249370     72817.78
       4.167     0.999988       249370     81920.00
       4.167     0.999989       249370     93622.86
       4.167     0.999991       249370    109226.67
       4.223     0.999992       249371    131072.00
       4.223     0.999993       249371    145635.56
       4.223     0.999994       249371    163840.00
       4.223     0.999995       249371    187245.71
       4.223     0.999995       249371    218453.33
       4.331     0.999996       249372    262144.00
       4.331     1.000000       249372          inf
#[Mean    =        1.317, StdDeviation   =        0.455]
#[Max     =        4.328, Total count    =       249372]
#[Buckets =           27, SubBuckets     =         2048]
----------------------------------------------------------
  299748 requests in 1.00m, 48.60MB read
Requests/sec:   4995.63
Transfer/sec:    829.35KB
