  17665 1001      20   0 5418740 406912  48000 S   0.0   2.5  17:34.57 application
  17665 1001      20   0 5419764 407968  48000 S 392.1   2.5  17:38.53 application
  17665 1001      20   0 5419764 408760  48000 S 400.0   2.5  17:42.53 application
  17665 1001      20   0 5419764 409552  48000 S 400.0   2.5  17:46.53 application
  17665 1001      20   0 5428984 409816  48000 S 400.0   2.5  17:50.53 application
  17665 1001      20   0 5439228 411928  48000 S 400.0   2.5  17:54.53 application
  17665 1001      20   0 5439228 412192  48000 S 400.0   2.5  17:58.53 application
  17665 1001      20   0 6114084 415092  48000 S 400.0   2.5  18:02.53 application
  17665 1001      20   0 6115108 415092  48000 S 400.0   2.5  18:06.53 application
  17665 1001      20   0 6115108 415092  48000 S 397.0   2.5  18:10.54 application
  17665 1001      20   0 6115108 415356  48000 S 401.0   2.5  18:14.55 application
  17665 1001      20   0 6116132 415620  48000 S 401.0   2.5  18:18.56 application
  17665 1001      20   0 6116132 415620  48000 S 401.0   2.5  18:22.57 application
  17665 1001      20   0 6116132 416148  48000 S 401.0   2.6  18:26.58 application
  17665 1001      20   0 6117156 416676  48000 S 400.0   2.6  18:30.58 application
  17665 1001      20   0 6117156 416676  48000 S 403.0   2.6  18:34.61 application
  17665 1001      20   0 6117156 416676  48000 S 400.0   2.6  18:38.61 application
  17665 1001      20   0 6117156 417200  48000 S 400.0   2.6  18:42.61 application
  17665 1001      20   0 6118180 417464  48000 S 398.0   2.6  18:46.63 application
  17665 1001      20   0 6118180 417464  48000 S 402.0   2.6  18:50.65 application
  17665 1001      20   0 6119204 417992  48000 S 397.0   2.6  18:54.62 application
  17665 1001      20   0 6119204 418776  48000 S 404.0   2.6  18:58.66 application
  17665 1001      20   0 6119204 419300  48000 S 401.0   2.6  19:02.67 application
  17665 1001      20   0 6120228 419300  48000 S 402.0   2.6  19:06.69 application
  17665 1001      20   0 6120228 419824  48000 S 395.0   2.6  19:10.64 application
  17665 1001      20   0 6120228 420352  48000 S 403.0   2.6  19:14.67 application
  17665 1001      20   0 6121252 420880  48000 S 401.0   2.6  19:18.68 application
  17665 1001      20   0 6121252 421404  48000 S 400.0   2.6  19:22.68 application
  17665 1001      20   0 6121252 421932  48000 S 400.0   2.6  19:26.68 application
  17665 1001      20   0 6122276 421932  48000 S 403.0   2.6  19:30.75 application
  17665 1001      20   0 6122276 422456  48000 S 399.0   2.6  19:34.74 application
  17665 1001      20   0 6122276 422456  48000 S 398.0   2.6  19:38.72 application
  17665 1001      20   0 6123300 422984  48000 S 401.0   2.6  19:42.73 application
  17665 1001      20   0 6123300 423504  48000 S 403.0   2.6  19:46.76 application
  17665 1001      20   0 6123300 423764  48000 S 401.0   2.6  19:50.77 application
  17665 1001      20   0 6124324 424028  48000 S 400.0   2.6  19:54.77 application
  17665 1001      20   0 6124324 424028  48000 S 402.0   2.6  19:58.79 application
  17665 1001      20   0 6025972 426396  48000 S 392.0   2.6  20:02.71 application
  17665 1001      20   0 6026996 426660  48000 S 414.0   2.6  20:06.85 application
  17665 1001      20   0 6026996 427452  48000 S 398.0   2.6  20:10.87 application
  17665 1001      20   0 6026996 427716  48000 S 398.0   2.6  20:14.85 application
  17665 1001      20   0 6028020 427980  48000 S 402.0   2.6  20:18.87 application
  17665 1001      20   0 6028020 427980  48000 S 403.0   2.6  20:22.90 application
  17665 1001      20   0 6028020 428244  48000 S 397.0   2.6  20:26.87 application
  17665 1001      20   0 6029044 428504  48000 S 405.0   2.6  20:30.92 application
  17665 1001      20   0 6029044 428504  48000 S 396.0   2.6  20:34.88 application
  17665 1001      20   0 6029044 428504  48000 S 399.0   2.6  20:38.87 application
  17665 1001      20   0 6031092 430088  48000 S 403.0   2.6  20:42.90 application
  17665 1001      20   0 6031092 430088  48000 S 398.0   2.6  20:46.92 application
  17665 1001      20   0 6032