  17665 1001      20   0 3477144 358024  47932 S   0.0   2.2   9:34.69 application
  17665 1001      20   0 3478168 358812  47932 S 373.0   2.2   9:38.42 application
  17665 1001      20   0 4292292 362300  48000 S 416.0   2.2   9:42.58 application
  17665 1001      20   0 4293316 362828  48000 S 400.0   2.2   9:46.58 application
  17665 1001      20   0 4293316 362828  48000 S 400.0   2.2   9:50.58 application
  17665 1001      20   0 4293316 363092  48000 S 400.0   2.2   9:54.58 application
  17665 1001      20   0 4664024 364932  48000 S 399.0   2.2   9:58.57 application
  17665 1001      20   0 4664024 365196  48000 S 397.0   2.2  10:02.58 application
  17665 1001      20   0 4665048 365460  48000 S 399.0   2.2  10:06.57 application
  17665 1001      20   0 4665048 365984  48000 S 401.0   2.2  10:10.58 application
  17665 1001      20   0 4665048 365984  48000 S 399.0   2.2  10:14.57 application
  17665 1001      20   0 4665048 366244  48000 S 401.0   2.2  10:18.58 application
  17665 1001      20   0 4666072 366772  48000 S 399.0   2.2  10:22.57 application
  17665 1001      20   0 4666072 367036  48000 S 401.0   2.3  10:26.58 application
  17665 1001      20   0 4666072 367036  48000 S 396.0   2.3  10:30.58 application
  17665 1001      20   0 4667096 367036  48000 S 400.0   2.3  10:34.58 application
  17665 1001      20   0 4667096 367036  48000 S 400.0   2.3  10:38.58 application
  17665 1001      20   0 4667096 367564  48000 S 400.0   2.3  10:42.58 application
  17665 1001      20   0 4668120 368088  48000 S 400.0   2.3  10:46.58 application
  17665 1001      20   0 4668120 368612  48000 S 399.0   2.3  10:50.57 application
  17665 1001      20   0 4668120 369400  48000 S 401.0   2.3  10:54.58 application
  17665 1001      20   0 4669144 369928  48000 S 400.0   2.3  10:58.58 application
  17665 1001      20   0 4669144 369928  48000 S 396.0   2.3  11:02.58 application
  17665 1001      20   0 4669144 370192  48000 S 400.0   2.3  11:06.58 application
  17665 1001      20   0 4670168 370456  48000 S 399.0   2.3  11:10.57 application
  17665 1001      20   0 4670168 370456  48000 S 401.0   2.3  11:14.58 application
  17665 1001      20   0 4670168 371240  48000 S 400.0   2.3  11:18.58 application
  17665 1001      20   0 4671192 371764  48000 S 400.0   2.3  11:22.58 application
  17665 1001      20   0 4671192 372024  48000 S 400.0   2.3  11:26.58 application
  17665 1001      20   0 4671192 372288  48000 S 396.0   2.3  11:30.58 application
  17665 1001      20   0 4672216 372552  48000 S 401.0   2.3  11:34.59 application
  17665 1001      20   0 4672216 373080  48000 S 401.0   2.3  11:38.60 application
  17665 1001      20   0 4672216 373340  48000 S 401.0   2.3  11:42.61 application
  17665 1001      20   0 5191412 375452  48000 S 400.0   2.3  11:46.61 application
  17665 1001      20   0 5191412 375716  48000 S 401.0   2.3  11:50.62 application
  17665 1001      20   0 5191412 375716  48000 S 402.0   2.3  11:54.64 application
  17665 1001      20   0 5192436 375980  48000 S 400.0   2.3  11:58.64 application
  17665 1001      20   0 5192436 376244  48000 S 402.0   2.3  12:02.66 application
  17665 1001      20   0 5192436 376508  48000 S 401.0   2.3  12:06.67 application
  17665 1001      20   0 5192436 377036  48000 S 396.0   2.3  12:10.67 application
  17665 1001      20   0 5193460 377564  48000 S 401.0   2.3  12:14.68 application
  17665 1001      20   0 5193460 377828  48000 S 398.0   2.3  12:18.66 application
  17665 1001      20   0 5194484 378356  48000 S 404.0   2.3  12:22.70 application
  17665 1001      20   0 5194484 378356  48000 S 402.0   2.3  12:26.72 application
  17665 1001      20   0 5194484 378880  48000 S 402.0   2.3  12:30.74 application
  17665 1001      20   0 5195508 378880  48000 S 400.0   2.3  12:34.74 application
  17665 1001      20   0 5195508 379144  48000 S 400.0   2.3  12:38.74 application
  17665 1001      20   0 5195508 379408  48000 S 398.0   2.3  12:42.72 application
  17665 1001      20   0 5195508 379408  48000 S 408.0   2.3  12:46.80 application
  17665 1001      20   0 5196