  17665 1001      20   0 6806328 541860  48000 S 220.0   3.3  37:34.86 application
  17665 1001      20   0 6806328 542388  48000 S 409.0   3.3  37:38.95 application
  17665 1001      20   0 6807352 542916  48000 S 400.0   3.3  37:42.95 application
  17665 1001      20   0 6807352 543440  48000 S 396.0   3.3  37:46.95 application
  17665 1001      20   0 6808376 544224  48000 S 400.0   3.3  37:50.95 application
  17665 1001      20   0 6808376 544488  48000 S 400.0   3.3  37:54.95 application
  17665 1001      20   0 6808376 545016  48000 S 399.0   3.3  37:58.94 application
  17665 1001      20   0 6809400 545808  48000 S 400.0   3.3  38:02.94 application
  17665 1001      20   0 6809400 546600  48000 S 401.0   3.4  38:06.95 application
  17665 1001      20   0 6810424 547128  48000 S 400.0   3.4  38:10.95 application
  17665 1001      20   0 6810424 547388  48000 S 400.0   3.4  38:14.95 application
  17665 1001      20   0 6810424 547648  48000 S 397.0   3.4  38:18.96 application
  17665 1001      20   0 6811448 548172  48000 S 401.0   3.4  38:22.97 application
  17665 1001      20   0 6811448 548700  48000 S 401.0   3.4  38:26.98 application
  17665 1001      20   0 6811448 549224  48000 S 400.0   3.4  38:30.98 application
  17665 1001      20   0 6812472 549224  48000 S 400.0   3.4  38:34.98 application
  17665 1001      20   0 6812472 549224  48000 S 402.0   3.4  38:39.00 application
  17665 1001      20   0 6812472 550016  48000 S 400.0   3.4  38:43.00 application
  17665 1001      20   0 6797104 550928  48000 S 403.0   3.4  38:47.03 application
  17665 1001      20   0 6788908 551328  48000 S 399.0   3.4  38:51.02 application
  17665 1001      20   0 6789932 552120  48000 S 403.0   3.4  38:55.05 application
  17665 1001      20   0 6789932 552384  48000 S 393.1   3.4  38:59.02 application
  17665 1001      20   0 6724364 553324  48000 S 404.0   3.4  39:03.06 application
  17665 1001      20   0 6725388 553852  48000 S 404.0   3.4  39:07.10 application
  17665 1001      20   0 6725388 554380  48000 S 398.0   3.4  39:11.08 application
  17665 1001      20   0 6725388 554908  48000 S 400.0   3.4  39:15.08 application
  17665 1001      20   0 6726412 554908  48000 S 405.0   3.4  39:19.13 application
  17665 1001      20   0 6734608 555172  48000 S 398.0   3.4  39:23.11 application
  17665 1001      20   0 6736656 556756  48000 S 403.0   3.4  39:27.14 application
  17665 1001      20   0 6736656 557284  48000 S 400.0   3.4  39:31.14 application
  17665 1001      20   0 6737680 557284  48000 S 399.0   3.4  39:35.17 application
  17665 1001      20   0 6738704 558604  48000 S 394.0   3.4  39:39.11 application
  17665 1001      20   0 6738704 558604  48000 S 404.0   3.4  39:43.15 application
  17665 1001      20   0 6738704 558604  48000 S 404.0   3.4  39:47.19 application
  17665 1001      20   0 6738704 558604  48000 S 402.0   3.4  39:51.21 application
  17665 1001      20   0 6738704 558604  48000 S 402.0   3.4  39:55.23 application
  17665 1001      20   0 6739728 558868  48000 S 399.0   3.4  39:59.22 application
  17665 1001      20   0 6740752 560940  48000 S 404.0   3.4  40:03.26 application
  17665 1001      20   0 6758168 562260  48000 S 399.0   3.4  40:07.25 application
  17665 1001      20   0 6758168 562524  48000 S 397.0   3.4  40:11.22 application
  17665 1001      20   0 6758168 562524  48000 S 406.0   3.4  40:15.28 application
  17665 1001      20   0 6759192 562524  48000 S 399.0   3.4  40:19.31 application
  17665 1001      20   0 6759192 562788  48000 S 391.0   3.5  40:23.22 application
  17665 1001      20   0 6759192 562788  48000 S 408.0   3.5  40:27.30 application
  17665 1001      20   0 6760216 563580  48000 S 396.0   3.5  40:31.26 application
  17665 1001      20   0 6760216 563580  48000 S 407.0   3.5  40:35.33 application
  17665 1001      20   0 6761240 563580  48000 S 392.0   3.5  40:39.25 application
  17665 1001      20   0 6761240 564104  48000 S 408.0   3.5  40:43.33 application
  17665 1001      20   0 6761240 564896  48000 S 394.0   3.5  40:47.27 application
  17665 1001      20   0 6762