  17665 1001      20   0 6846268 577900  49024 S 253.3   3.5  45:34.93 application
  17665 1001      20   0 6846268 577900  49024 S 406.0   3.5  45:38.99 application
  17665 1001      20   0 6846268 577900  49024 S 396.0   3.5  45:42.99 application
  17665 1001      20   0 6846268 577900  49024 S 400.0   3.5  45:46.99 application
  17665 1001      20   0 6846268 577900  49024 S 401.0   3.5  45:51.00 application
  17665 1001      20   0 6846268 577900  49024 S 399.0   3.5  45:54.99 application
  17665 1001      20   0 6846268 577900  49024 S 400.0   3.5  45:58.99 application
  17665 1001      20   0 6846268 577900  49024 S 400.0   3.5  46:02.99 application
  17665 1001      20   0 6846268 577900  49024 S 400.0   3.5  46:06.99 application
  17665 1001      20   0 6846268 577900  49024 S 400.0   3.5  46:10.99 application
  17665 1001      20   0 6829876 578424  49024 S 397.0   3.5  46:15.00 application
  17665 1001      20   0 6829876 578424  49024 S 400.0   3.5  46:19.00 application
  17665 1001      20   0 6829876 578424  49024 S 401.0   3.5  46:23.01 application
  17665 1001      20   0 6829876 578424  49024 S 400.0   3.5  46:27.01 application
  17665 1001      20   0 6829876 578424  49024 S 401.0   3.5  46:31.02 application
  17665 1001      20   0 6829876 578424  49024 S 401.0   3.5  46:35.03 application
  17665 1001      20   0 6829876 578424  49024 S 401.0   3.5  46:39.04 application
  17665 1001      20   0 6829876 578424  49024 S 400.0   3.5  46:43.04 application
  17665 1001      20   0 6829876 578424  49024 S 401.0   3.5  46:47.05 application
  17665 1001      20   0 6829876 578424  49024 S 403.0   3.5  46:51.08 application
  17665 1001      20   0 6829876 578424  49024 S 401.0   3.5  46:55.09 application
  17665 1001      20   0 6829876 578424  49024 S 396.0   3.5  46:59.09 application
  17665 1001      20   0 6829876 578424  49024 S 398.0   3.5  47:03.07 application
  17665 1001      20   0 6829876 578608  49024 S 404.0   3.5  47:07.11 application
  17665 1001      20   0 6821680 578664  49024 S 398.0   3.5  47:11.09 application
  17665 1001      20   0 6821680 578664  49024 S 401.0   3.5  47:15.10 application
  17665 1001      20   0 6821680 578664  49024 S 398.0   3.5  47:19.08 application
  17665 1001      20   0 6821680 578664  49024 S 407.0   3.5  47:23.15 application
  17665 1001      20   0 6821680 578664  49024 S 399.0   3.5  47:27.14 application
  17665 1001      20   0 6821680 578664  49024 S 405.0   3.5  47:31.19 application
  17665 1001      20   0 6854464 578664  49024 S 392.1   3.5  47:35.15 application
  17665 1001      20   0 6854464 578664  49024 S 409.0   3.5  47:39.24 application
  17665 1001      20   0 6854464 578664  49024 S 393.0   3.5  47:43.17 application
  17665 1001      20   0 6854464 578664  49024 S 410.0   3.5  47:47.27 application
  17665 1001      20   0 6854464 578664  49024 S 396.0   3.5  47:51.23 application
  17665 1001      20   0 6854464 578664  49024 S 402.0   3.5  47:55.25 application
  17665 1001      20   0 6854464 578664  49024 S 392.0   3.5  47:59.17 application
  17665 1001      20   0 6854464 578664  49024 S 404.0   3.5  48:03.21 application
  17665 1001      20   0 6854464 578664  49024 S 410.0   3.5  48:07.31 application
  17665 1001      20   0 7526248 578664  49024 S 396.0   3.5  48:11.27 application
  17665 1001      20   0 7526248 578664  49024 S 402.0   3.5  48:15.29 application
  17665 1001      20   0 7526248 578664  49024 S 395.0   3.5  48:19.28 application
  17665 1001      20   0 7526248 578664  49024 S 405.0   3.5  48:23.33 application
  17665 1001      20   0 7526248 578664  49024 S 399.0   3.5  48:27.32 application
  17665 1001      20   0 7526248 578664  49024 S 401.0   3.5  48:31.33 application
  17665 1001      20   0 7526248 578664  49024 S 394.0   3.5  48:35.27 application
  17665 1001      20   0 7526248 578664  49024 S 410.0   3.5  48:39.37 application
  17665 1001      20   0 7526248 578664  49024 S 401.0   3.5  48:43.38 application
  17665 1001      20   0 7526248 578664  49024 S 397.0   3.5  48:47.35 application
  17665 1001      20   0 7526