  17665 1001      20   0 6159128 485088  48000 S 246.7   3.0  29:34.86 application
  17665 1001      20   0 6160152 485616  48000 S 403.0   3.0  29:38.89 application
  17665 1001      20   0 6160152 485880  48000 S 400.0   3.0  29:42.89 application
  17665 1001      20   0 6161176 486672  48000 S 397.0   3.0  29:46.90 application
  17665 1001      20   0 6161176 486672  48000 S 401.0   3.0  29:50.91 application
  17665 1001      20   0 6145808 488064  48000 S 400.0   3.0  29:54.91 application
  17665 1001      20   0 6145808 488592  48000 S 402.0   3.0  29:58.93 application
  17665 1001      20   0 6145808 489120  48000 S 401.0   3.0  30:02.94 application
  17665 1001      20   0 6146832 489384  48000 S 400.0   3.0  30:06.94 application
  17665 1001      20   0 6146832 489648  48000 S 401.0   3.0  30:10.95 application
  17665 1001      20   0 6146832 489648  48000 S 400.0   3.0  30:14.95 application
  17665 1001      20   0 6147856 490440  48000 S 403.0   3.0  30:18.98 application
  17665 1001      20   0 6147856 490704  48000 S 393.1   3.0  30:22.95 application
  17665 1001      20   0 6174492 492816  48000 S 406.0   3.0  30:27.01 application
  17665 1001      20   0 6175516 492816  48000 S 401.0   3.0  30:31.02 application
  17665 1001      20   0 6175516 493080  48000 S 401.0   3.0  30:35.03 application
  17665 1001      20   0 6175516 493344  48000 S 396.0   3.0  30:38.99 application
  17665 1001      20   0 6176540 493872  48000 S 405.0   3.0  30:43.04 application
  17665 1001      20   0 6176540 494132  48000 S 402.0   3.0  30:47.06 application
  17665 1001      20   0 6177564 494392  48000 S 404.0   3.0  30:51.10 application
  17665 1001      20   0 6177564 494656  48000 S 399.0   3.0  30:55.09 application
  17665 1001      20   0 6177564 495184  48000 S 395.0   3.0  30:59.04 application
  17665 1001      20   0 6177564 495448  48000 S 410.0   3.0  31:03.14 application
  17665 1001      20   0 6178588 495708  48000 S 392.1   3.0  31:07.10 application
  17665 1001      20   0 6178588 495972  48000 S 402.0   3.0  31:11.12 application
  17665 1001      20   0 6179612 496496  48000 S 400.0   3.0  31:15.12 application
  17665 1001      20   0 6179612 497024  48000 S 394.0   3.0  31:19.06 application
  17665 1001      20   0 6180636 497288  48000 S 408.0   3.0  31:23.14 application
  17665 1001      20   0 6180636 498080  48000 S 405.0   3.1  31:27.19 application
  17665 1001      20   0 6180636 498344  48000 S 400.0   3.1  31:31.19 application
  17665 1001      20   0 6181660 498608  48000 S 396.0   3.1  31:35.15 application
  17665 1001      20   0 6181660 498608  48000 S 405.0   3.1  31:39.20 application
  17665 1001      20   0 6181660 499136  48000 S 402.0   3.1  31:43.22 application
  17665 1001      20   0 6182684 499924  48000 S 395.0   3.1  31:47.21 application
  17665 1001      20   0 6182684 500716  48000 S 396.0   3.1  31:51.17 application
  17665 1001      20   0 6183708 501244  48000 S 405.0   3.1  31:55.22 application
  17665 1001      20   0 6183708 501508  48000 S 400.0   3.1  31:59.22 application
  17665 1001      20   0 6184732 502036  48000 S 403.0   3.1  32:03.25 application
  17665 1001      20   0 6184732 502300  48000 S 393.0   3.1  32:07.18 application
  17665 1001      20   0 6184732 503092  48000 S 403.0   3.1  32:11.21 application
  17665 1001      20   0 6184732 503356  48000 S 406.0   3.1  32:15.27 application
  17665 1001      20   0 6185756 503356  48000 S 399.0   3.1  32:19.26 application
  17665 1001      20   0 6185756 503356  48000 S 395.0   3.1  32:23.25 application
  17665 1001      20   0 6186780 504488  48000 S 404.0   3.1  32:27.29 application
  17665 1001      20   0 6186780 505016  48000 S 399.0   3.1  32:31.28 application
  17665 1001      20   0 6186780 505280  48000 S 399.0   3.1  32:35.27 application
  17665 1001      20   0 6187804 505544  48000 S 401.0   3.1  32:39.28 application
  17665 1001      20   0 6188828 506336  48000 S 399.0   3.1  32:43.27 application
  17665 1001      20   0 6188828 507920  48000 S 401.0   3.1  32:47.28 application
  17665 1001      20   0 6188