  17665 1001      20   0 2754148 332424  47872 S  13.3   2.0   2:51.86 application
  17665 1001      20   0 2772588 333744  47872 S 252.0   2.0   2:54.38 application
  17665 1001      20   0 2790004 334532  47872 S 353.0   2.1   2:57.91 application
  17665 1001      20   0 2937468 334796  47872 S 348.0   2.1   3:01.39 application
  17665 1001      20   0 2937468 335324  47872 S 352.0   2.1   3:04.91 application
  17665 1001      20   0 3085956 336116  47872 S 356.0   2.1   3:08.47 application
  17665 1001      20   0 3085956 336380  47872 S 346.5   2.1   3:11.97 application
  17665 1001      20   0 3160712 336380  47872 S 353.0   2.1   3:15.50 application
  17665 1001      20   0 3160712 336908  47872 S 352.0   2.1   3:19.02 application
  17665 1001      20   0 3160712 336908  47872 S 353.0   2.1   3:22.55 application
  17665 1001      20   0 3160712 337172  47872 S 351.0   2.1   3:26.06 application
  17665 1001      20   0 3234444 337436  47872 S 352.0   2.1   3:29.58 application
  17665 1001      20   0 3235468 337964  47872 S 354.0   2.1   3:33.12 application
  17665 1001      20   0 3235468 337964  47872 S 353.0   2.1   3:36.65 application
  17665 1001      20   0 3235468 338228  47872 S 354.0   2.1   3:40.19 application
  17665 1001      20   0 3235468 338228  47872 S 350.5   2.1   3:43.73 application
  17665 1001      20   0 3236492 338488  47872 S 354.0   2.1   3:47.27 application
  17665 1001      20   0 3236492 338488  47872 S 354.0   2.1   3:50.81 application
  17665 1001      20   0 3236492 338488  47872 S 353.0   2.1   3:54.34 application
  17665 1001      20   0 3236492 338488  47872 S 354.0   2.1   3:57.88 application
  17665 1001      20   0 3236492 338752  47872 S 354.0   2.1   4:01.42 application
  17665 1001      20   0 3236492 338752  47872 S 355.0   2.1   4:04.97 application
  17665 1001      20   0 3237516 338752  47872 S 354.0   2.1   4:08.51 application
  17665 1001      20   0 3237516 339016  47872 S 354.0   2.1   4:12.05 application
  17665 1001      20   0 3237516 339016  47872 S 354.0   2.1   4:15.59 application
  17665 1001      20   0 3237516 339276  47872 S 356.0   2.1   4:19.15 application
  17665 1001      20   0 3237516 339276  47872 S 350.5   2.1   4:22.69 application
  17665 1001      20   0 3237516 339540  47872 S 353.0   2.1   4:26.22 application
  17665 1001      20   0 3238540 340064  47872 S 354.0   2.1   4:29.76 application
  17665 1001      20   0 3238540 340064  47872 S 354.0   2.1   4:33.30 application
  17665 1001      20   0 3238540 340064  47872 S 353.0   2.1   4:36.83 application
  17665 1001      20   0 3238540 340064  47872 S 353.0   2.1   4:40.36 application
  17665 1001      20   0 3238540 340328  47872 S 354.0   2.1   4:43.90 application
  17665 1001      20   0 3238540 340592  47872 S 354.0   2.1   4:47.44 application
  17665 1001      20   0 3238540 340592  47872 S 355.0   2.1   4:50.99 application
  17665 1001      20   0 3239564 341120  47872 S 353.0   2.1   4:54.52 application
  17665 1001      20   0 3239564 341384  47872 S 350.5   2.1   4:58.06 application
  17665 1001      20   0 3239564 341648  47872 S 359.0   2.1   5:01.65 application
  17665 1001      20   0 3239564 341912  47872 S 351.0   2.1   5:05.16 application
  17665 1001      20   0 3239564 341912  47872 S 354.0   2.1   5:08.70 application
  17665 1001      20   0 3240588 342176  47872 S 356.0   2.1   5:12.26 application
  17665 1001      20   0 3240588 342600  47872 S 355.0   2.1   5:15.81 application
  17665 1001      20   0 3240588 342864  47872 S 352.0   2.1   5:19.33 application
  17665 1001      20   0 3240588 342864  47872 S 352.0   2.1   5:22.85 application
  17665 1001      20   0 3240588 343128  47872 S 356.0   2.1   5:26.41 application
  17665 1001      20   0 3240588 343128  47872 S 348.5   2.1   5:29.93 application
  17665 1001      20   0 3241612 343656  47872 S 355.0   2.1   5:33.48 application
  17665 1001      20   0 3241612 343656  47872 S 356.0   2.1   5:37.04 application
  17665 1001      20   0 3241612 344184  47872 S 356.0   2.1   5:40.60 application
  17665 1001      20   0 3242