  17665 1001      20   0 6150944 458144  48000 S   0.0   2.8  25:34.56 application
  17665 1001      20   0 6150944 458672  48000 S 407.0   2.8  25:38.63 application
  17665 1001      20   0 6151968 458936  48000 S 400.0   2.8  25:42.63 application
  17665 1001      20   0 6151968 459720  48000 S 403.0   2.8  25:46.66 application
  17665 1001      20   0 6151968 460248  48000 S 397.0   2.8  25:50.63 application
  17665 1001      20   0 6152992 460512  48000 S 405.0   2.8  25:54.68 application
  17665 1001      20   0 6152992 461040  48000 S 400.0   2.8  25:58.68 application
  17665 1001      20   0 6152992 461828  48000 S 402.0   2.8  26:02.70 application
  17665 1001      20   0 6154016 462356  48000 S 398.0   2.8  26:06.72 application
  17665 1001      20   0 6137624 463008  48000 S 400.0   2.8  26:10.72 application
  17665 1001      20   0 6138648 463008  48000 S 398.0   2.8  26:14.70 application
  17665 1001      20   0 6138648 463536  48000 S 402.0   2.8  26:18.72 application
  17665 1001      20   0 6139672 464064  48000 S 399.0   2.8  26:22.71 application
  17665 1001      20   0 6139672 464856  48000 S 401.0   2.9  26:26.72 application
  17665 1001      20   0 6139672 465120  48000 S 400.0   2.9  26:30.72 application
  17665 1001      20   0 6140696 465648  48000 S 400.0   2.9  26:34.72 application
  17665 1001      20   0 6140696 465908  48000 S 400.0   2.9  26:38.72 application
  17665 1001      20   0 6140696 466172  48000 S 396.0   2.9  26:42.72 application
  17665 1001      20   0 6141720 466700  48000 S 400.0   2.9  26:46.72 application
  17665 1001      20   0 6141720 466964  48000 S 400.0   2.9  26:50.72 application
  17665 1001      20   0 6142744 467500  48000 S 400.0   2.9  26:54.72 application
  17665 1001      20   0 6142744 468028  48000 S 399.0   2.9  26:58.71 application
  17665 1001      20   0 6142744 468292  48000 S 401.0   2.9  27:02.72 application
  17665 1001      20   0 6143768 468820  48000 S 400.0   2.9  27:06.72 application
  17665 1001      20   0 6143768 469612  48000 S 400.0   2.9  27:10.72 application
  17665 1001      20   0 6143768 469876  48000 S 396.0   2.9  27:14.72 application
  17665 1001      20   0 6144792 470140  48000 S 399.0   2.9  27:18.71 application
  17665 1001      20   0 6144792 470404  48000 S 401.0   2.9  27:22.72 application
  17665 1001      20   0 6145816 470664  48000 S 400.0   2.9  27:26.72 application
  17665 1001      20   0 6146840 472248  48000 S 400.0   2.9  27:30.72 application
  17665 1001      20   0 6146840 472776  48000 S 399.0   2.9  27:34.71 application
  17665 1001      20   0 6147864 473296  48000 S 401.0   2.9  27:38.72 application
  17665 1001      20   0 6147864 473560  48000 S 400.0   2.9  27:42.72 application
  17665 1001      20   0 6148888 473824  48000 S 396.0   2.9  27:46.72 application
  17665 1001      20   0 6148888 474352  48000 S 400.0   2.9  27:50.72 application
  17665 1001      20   0 6148888 474352  48000 S 400.0   2.9  27:54.72 application
  17665 1001      20   0 6149912 475144  48000 S 400.0   2.9  27:58.72 application
  17665 1001      20   0 6149912 475672  48000 S 400.0   2.9  28:02.72 application
  17665 1001      20   0 6149912 475936  48000 S 399.0   2.9  28:06.71 application
  17665 1001      20   0 6150936 476464  48000 S 401.0   2.9  28:10.72 application
  17665 1001      20   0 6150936 476728  48000 S 396.0   2.9  28:14.72 application
  17665 1001      20   0 6150936 476992  48000 S 400.0   2.9  28:18.72 application
  17665 1001      20   0 6151960 477256  48000 S 400.0   2.9  28:22.72 application
  17665 1001      20   0 6151960 477520  48000 S 400.0   2.9  28:26.72 application
  17665 1001      20   0 6151960 478048  48000 S 400.0   2.9  28:30.72 application
  17665 1001      20   0 6152984 478576  48000 S 399.0   2.9  28:34.71 application
  17665 1001      20   0 6152984 478840  48000 S 401.0   2.9  28:38.72 application
  17665 1001      20   0 6154008 479368  48000 S 400.0   2.9  28:42.72 application
  17665 1001      20   0 6154008 480156  48000 S 395.0   2.9  28:46.71 application
  17665 1001      20   0 6155