  16979 1001      20   0 1287592 311936  42716 S   0.0   1.9   0:56.26 application
  16979 1001      20   0 1288616 312464  42716 S  90.0   1.9   0:57.16 application
  16979 1001      20   0 1288616 312464  42716 S  92.1   1.9   0:58.09 application
  16979 1001      20   0 1288616 312464  42716 S  94.0   1.9   0:59.03 application
  16979 1001      20   0 1288616 312464  42716 S  92.0   1.9   0:59.95 application
  16979 1001      20   0 1288616 312464  42716 S  94.0   1.9   1:00.89 application
  16979 1001      20   0 1288616 312464  42716 S  92.0   1.9   1:01.81 application
  16979 1001      20   0 1288616 312464  42716 S  94.0   1.9   1:02.75 application
  16979 1001      20   0 1288616 312464  42716 S  94.0   1.9   1:03.69 application
  16979 1001      20   0 1288616 312464  42716 S  93.0   1.9   1:04.62 application
  16979 1001      20   0 1288616 312464  42716 S  91.1   1.9   1:05.54 application
  16979 1001      20   0 1288616 312464  42716 S  91.0   1.9   1:06.45 application
  16979 1001      20   0 1288616 312464  42716 S  92.0   1.9   1:07.37 application
  16979 1001      20   0 1288616 312464  42716 S  91.0   1.9   1:08.28 application
  16979 1001      20   0 1288616 312464  42716 S  92.0   1.9   1:09.20 application
  16979 1001      20   0 1288616 312464  42716 S  92.0   1.9   1:10.12 application
  16979 1001      20   0 1288616 312464  42716 S  92.0   1.9   1:11.04 application
  16979 1001      20   0 1288616 312464  42716 S  92.1   1.9   1:11.97 application
  16979 1001      20   0 1288616 312464  42716 S  93.0   1.9   1:12.90 application
  16979 1001      20   0 1288616 312464  42716 S  91.0   1.9   1:13.81 application
  16979 1001      20   0 1288616 312464  42716 S  91.0   1.9   1:14.72 application
  16979 1001      20   0 1288616 312464  42716 S  92.0   1.9   1:15.64 application
  16979 1001      20   0 1288616 312464  42716 S  92.0   1.9   1:16.56 application
  16979 1001      20   0 1288616 312464  42716 S  91.0   1.9   1:17.47 application
  16979 1001      20   0 1288616 312464  42716 S  92.0   1.9   1:18.39 application
  16979 1001      20   0 1288616 312464  42716 S  91.1   1.9   1:19.31 application
  16979 1001      20   0 1288616 312464  42716 S  93.0   1.9   1:20.24 application
  16979 1001      20   0 1288616 312464  42716 S  92.0   1.9   1:21.16 application
  16979 1001      20   0 1288616 312464  42716 S  95.0   1.9   1:22.11 application
  16979 1001      20   0 1288616 312464  42716 S  92.0   1.9   1:23.03 application
  16979 1001      20   0 1288616 312464  42716 S  94.0   1.9   1:23.97 application
  16979 1001      20   0 1288616 312464  42716 S  93.0   1.9   1:24.90 application
  16979 1001      20   0 1288616 312464  42716 S  93.1   1.9   1:25.84 application
  16979 1001      20   0 1288616 312464  42716 S  94.0   1.9   1:26.78 application
  16979 1001      20   0 1288616 312464  42716 S  95.0   1.9   1:27.73 application
  16979 1001      20   0 1288616 312464  42716 S  94.0   1.9   1:28.67 application
  16979 1001      20   0 1288616 312464  42716 S  93.0   1.9   1:29.60 application
  16979 1001      20   0 1288616 312464  42716 S  91.0   1.9   1:30.51 application
  16979 1001      20   0 1288616 312464  42716 S  95.0   1.9   1:31.46 application
  16979 1001      20   0 1288616 312464  42716 S  92.0   1.9   1:32.38 application
  16979 1001      20   0 1288616 312464  42716 S  91.1   1.9   1:33.30 application
  16979 1001      20   0 1288616 312464  42716 S  95.0   1.9   1:34.25 application
  16979 1001      20   0 1288616 312464  42716 S  93.0   1.9   1:35.18 application
  16979 1001      20   0 1288616 312464  42716 S  93.0   1.9   1:36.11 application
  16979 1001      20   0 1288616 312784  42776 S  94.0   1.9   1:37.05 application
  16979 1001      20   0 1288616 312784  42776 S  92.0   1.9   1:37.97 application
  16979 1001      20   0 1288616 312784  42776 S  93.0   1.9   1:38.90 application
  16979 1001      20   0 1288616 312784  42776 S  92.1   1.9   1:39.83 application
  16979 1001      20   0 1288616 312784  42776 S  92.0   1.9   1:40.75 application
  16979 1001      20   0 1288