   9552 root      20   0   10.5g 493176  28924 S 153.3   3.0  20:36.09 java
   9552 root      20   0   10.5g 493176  28924 S 392.0   3.0  20:40.01 java
   9552 root      20   0   10.5g 493176  28924 S 389.0   3.0  20:43.90 java
   9552 root      20   0   10.5g 493176  28924 S 384.2   3.0  20:47.78 java
   9552 root      20   0   10.5g 493632  28924 S 389.0   3.0  20:51.67 java
   9552 root      20   0   10.5g 493632  28924 S 388.0   3.0  20:55.55 java
   9552 root      20   0   10.5g 493632  28924 S 389.0   3.0  20:59.44 java
   9552 root      20   0   10.5g 493632  28924 S 384.0   3.0  21:03.28 java
   9552 root      20   0   10.5g 493632  28924 S 392.0   3.0  21:07.20 java
   9552 root      20   0   10.5g 493632  28924 S 395.0   3.0  21:11.15 java
   9552 root      20   0   10.5g 493632  28924 S 379.0   3.0  21:14.94 java
   9552 root      20   0   10.5g 493632  28924 S 391.0   3.0  21:18.85 java
   9552 root      20   0   10.5g 493632  28924 S 394.0   3.0  21:22.79 java
   9552 root      20   0   10.5g 493632  28924 S 379.2   3.0  21:26.62 java
   9552 root      20   0   10.5g 493632  28924 S 399.0   3.0  21:30.61 java
   9552 root      20   0   10.5g 493632  28924 S 385.0   3.0  21:34.46 java
   9552 root      20   0   10.5g 493632  28924 S 385.0   3.0  21:38.31 java
   9552 root      20   0   10.5g 493632  28924 S 389.0   3.0  21:42.20 java
   9552 root      20   0   10.5g 493632  28924 S 387.0   3.0  21:46.07 java
   9552 root      20   0   10.5g 493868  28924 S 382.0   3.0  21:49.89 java
   9552 root      20   0   10.5g 493868  28924 S 391.0   3.0  21:53.80 java
   9552 root      20   0   10.5g 493868  28924 S 394.0   3.0  21:57.74 java
   9552 root      20   0   10.5g 493868  28924 S 390.0   3.0  22:01.64 java
   9552 root      20   0   10.5g 493868  28924 S 392.1   3.0  22:05.60 java
   9552 root      20   0   10.5g 493868  28924 S 388.0   3.0  22:09.48 java
   9552 root      20   0   10.5g 493868  28924 S 382.0   3.0  22:13.30 java
   9552 root      20   0   10.5g 493868  28924 S 395.0   3.0  22:17.25 java
   9552 root      20   0   10.5g 493868  28924 S 386.0   3.0  22:21.11 java
   9552 root      20   0   10.5g 493868  28924 S 387.0   3.0  22:24.98 java
   9552 root      20   0   10.5g 493868  28924 S 387.0   3.0  22:28.85 java
   9552 root      20   0   10.5g 493868  28924 S 393.0   3.0  22:32.78 java
   9552 root      20   0   10.5g 493868  28924 S 393.0   3.0  22:36.71 java
   9552 root      20   0   10.5g 493868  28924 S 398.0   3.0  22:40.69 java
   9552 root      20   0   10.5g 493868  28924 S 387.1   3.0  22:44.60 java
   9552 root      20   0   10.5g 493868  28924 S 386.0   3.0  22:48.46 java
   9552 root      20   0   10.5g 493868  28924 S 387.0   3.0  22:52.33 java
   9552 root      20   0   10.5g 493868  28924 S 388.0   3.0  22:56.21 java
   9552 root      20   0   10.5g 493868  28924 S 397.0   3.0  23:00.18 java
   9552 root      20   0   10.5g 493868  28924 S 391.0   3.0  23:04.09 java
   9552 root      20   0   10.5g 493868  28924 S 389.0   3.0  23:07.98 java
   9552 root      20   0   10.5g 493868  28924 S 396.0   3.0  23:11.94 java
   9552 root      20   0   10.5g 494092  28924 S 397.0   3.0  23:15.91 java
   9552 root      20   0   10.5g 494320  28924 S 391.0   3.0  23:19.82 java
   9552 root      20   0   10.5g 494320  28924 S 385.1   3.0  23:23.71 java
   9552 root      20   0   10.5g 494320  28924 S 392.0   3.0  23:27.63 java
   9552 root      20   0   10.5g 494320  28924 S 390.0   3.0  23:31.53 java
   9552 root      20   0   10.5g 494320  28924 S 389.0   3.0  23:35.42 java
   9552 root      20   0   10.5g 494320  28924 S 389.0   3.0  23:39.31 java
   9552 root      20   0   10.5g 494320  28924 S 389.0   3.0  23:43.20 java
   9552 root      20   0   10.5g 494320  28924 S 393.0   3.0  23:47.13 java
   9552 root      20   0   10.5g 494320  28924 S 391.0   3.0  23:51.04 java
   9552 root      20   0   10.5g 494320  28924 S 389.0   3.0  23:54.93 java
   9552 root      20   0   10.5g 494556  28924 S 385.0   3.0  23:58.78 java
   9552 root      20   0   10.5g 494556  28924 S 381.2   3.0  24:02.