  10703 root      20   0   10.4g 571728  29004 S  66.7   3.5  17:08.59 java
  10703 root      20   0   10.4g 571800  29004 S 397.0   3.5  17:12.56 java
  10703 root      20   0   10.4g 571800  29004 S 386.0   3.5  17:16.42 java
  10703 root      20   0   10.4g 571800  29004 S 390.0   3.5  17:20.32 java
  10703 root      20   0   10.4g 571800  29004 S 385.1   3.5  17:24.21 java
  10703 root      20   0   10.4g 571800  29004 S 392.0   3.5  17:28.13 java
  10703 root      20   0   10.4g 572036  29004 S 387.0   3.5  17:32.00 java
  10703 root      20   0   10.4g 572036  29004 S 390.0   3.5  17:35.90 java
  10703 root      20   0   10.4g 572036  29004 S 385.0   3.5  17:39.75 java
  10703 root      20   0   10.4g 572216  29004 S 388.0   3.5  17:43.63 java
  10703 root      20   0   10.4g 572216  29004 S 392.0   3.5  17:47.55 java
  10703 root      20   0   10.4g 572216  29004 S 388.0   3.5  17:51.43 java
  10703 root      20   0   10.4g 572216  29004 S 391.0   3.5  17:55.34 java
  10703 root      20   0   10.4g 572216  29004 S 388.0   3.5  17:59.22 java
  10703 root      20   0   10.4g 572216  29004 S 385.1   3.5  18:03.11 java
  10703 root      20   0   10.4g 572216  29004 S 394.0   3.5  18:07.05 java
  10703 root      20   0   10.4g 572216  29004 S 392.0   3.5  18:10.97 java
  10703 root      20   0   10.4g 572216  29004 S 384.0   3.5  18:14.81 java
  10703 root      20   0   10.4g 572216  29004 S 390.0   3.5  18:18.71 java
  10703 root      20   0   10.4g 572216  29004 S 389.0   3.5  18:22.60 java
  10703 root      20   0   10.4g 572216  29004 S 387.0   3.5  18:26.47 java
  10703 root      20   0   10.4g 572216  29004 S 392.0   3.5  18:30.39 java
  10703 root      20   0   10.4g 572216  29004 S 388.0   3.5  18:34.27 java
  10703 root      20   0   10.4g 572216  29004 S 385.0   3.5  18:38.12 java
  10703 root      20   0   10.4g 572216  29004 S 385.1   3.5  18:42.01 java
  10703 root      20   0   10.4g 572216  29004 S 389.0   3.5  18:45.90 java
  10703 root      20   0   10.4g 572216  29004 S 389.0   3.5  18:49.79 java
  10703 root      20   0   10.4g 572216  29004 S 390.0   3.5  18:53.69 java
  10703 root      20   0   10.4g 572216  29004 S 383.0   3.5  18:57.52 java
  10703 root      20   0   10.4g 572216  29004 S 385.0   3.5  19:01.37 java
  10703 root      20   0   10.4g 572216  29004 S 389.0   3.5  19:05.26 java
  10703 root      20   0   10.4g 572216  29004 S 385.0   3.5  19:09.11 java
  10703 root      20   0   10.4g 572216  29004 S 389.0   3.5  19:13.00 java
  10703 root      20   0   10.4g 572216  29004 S 385.0   3.5  19:16.85 java
  10703 root      20   0   10.4g 572216  29004 S 380.2   3.5  19:20.69 java
  10703 root      20   0   10.4g 572216  29004 S 388.0   3.5  19:24.57 java
  10703 root      20   0   10.4g 572216  29004 S 392.0   3.5  19:28.49 java
  10703 root      20   0   10.4g 572216  29004 S 389.0   3.5  19:32.38 java
  10703 root      20   0   10.4g 572216  29004 S 390.0   3.5  19:36.28 java
  10703 root      20   0   10.4g 572216  29004 S 386.0   3.5  19:40.14 java
  10703 root      20   0   10.4g 572216  29004 S 385.0   3.5  19:43.99 java
  10703 root      20   0   10.4g 572216  29004 S 387.0   3.5  19:47.86 java
  10703 root      20   0   10.4g 572216  29004 S 390.0   3.5  19:51.76 java
  10703 root      20   0   10.4g 572216  29004 S 389.0   3.5  19:55.65 java
  10703 root      20   0   10.4g 572416  29004 S 387.1   3.5  19:59.56 java
  10703 root      20   0   10.4g 572416  29004 S 388.0   3.5  20:03.44 java
  10703 root      20   0   10.4g 572416  29004 S 387.0   3.5  20:07.31 java
  10703 root      20   0   10.4g 572416  29004 S 388.0   3.5  20:11.19 java
  10703 root      20   0   10.4g 572416  29004 S 387.0   3.5  20:15.06 java
  10703 root      20   0   10.4g 572416  29004 S 388.0   3.5  20:18.94 java
  10703 root      20   0   10.4g 572416  29004 S 386.0   3.5  20:22.80 java
  10703 root      20   0   10.4g 572416  29004 S 387.0   3.5  20:26.67 java
  10703 root      20   0   10.4g 572416  29004 S 391.0   3.5  20:30.58 java
  10703 root      20   0   10.4g 572416  29004 S 389.0   3.5  20:34.