  11233 root      20   0   13.7g 660420  28872 S   0.0   4.0  22:32.87 java
  11233 root      20   0   13.7g 660420  28872 S 389.0   4.0  22:36.76 java
  11233 root      20   0   13.7g 660420  28872 S 397.0   4.0  22:40.77 java
  11233 root      20   0   13.7g 660420  28872 S 401.0   4.0  22:44.78 java
  11233 root      20   0   13.7g 660420  28872 S 403.0   4.0  22:48.81 java
  11233 root      20   0   13.7g 660420  28872 S 397.0   4.0  22:52.78 java
  11233 root      20   0   13.7g 660488  28872 S 404.0   4.0  22:56.82 java
  11233 root      20   0   13.7g 660488  28872 S 401.0   4.0  23:00.83 java
  11233 root      20   0   13.7g 660672  28872 S 399.0   4.0  23:04.82 java
  11233 root      20   0   13.7g 660672  28872 S 402.0   4.0  23:08.84 java
  11233 root      20   0   13.7g 660672  28872 S 400.0   4.0  23:12.84 java
  11233 root      20   0   13.7g 660672  28872 S 402.0   4.0  23:16.86 java
  11233 root      20   0   13.7g 661420  28872 S 392.1   4.0  23:20.82 java
  11233 root      20   0   13.7g 661420  28872 S 405.0   4.0  23:24.87 java
  11233 root      20   0   13.7g 661420  28872 S 403.0   4.0  23:28.90 java
  11233 root      20   0   13.7g 661420  28872 S 401.0   4.0  23:32.91 java
  11233 root      20   0   13.7g 661592  28872 S 402.0   4.0  23:36.93 java
  11233 root      20   0   13.7g 661592  28872 S 400.0   4.0  23:40.93 java
  11233 root      20   0   13.7g 661592  28872 S 400.0   4.0  23:44.93 java
  11233 root      20   0   13.7g 661592  28872 S 402.0   4.0  23:48.95 java
  11233 root      20   0   13.7g 661592  28872 S 399.0   4.0  23:52.94 java
  11233 root      20   0   13.7g 661592  28872 S 395.0   4.0  23:56.93 java
  11233 root      20   0   13.7g 661592  28872 S 406.0   4.0  24:00.99 java
  11233 root      20   0   13.7g 661756  28872 S 394.0   4.0  24:04.93 java
  11233 root      20   0   13.7g 661756  28872 S 407.0   4.0  24:09.00 java
  11233 root      20   0   13.7g 661756  28872 S 399.0   4.0  24:12.99 java
  11233 root      20   0   13.7g 661756  28872 S 402.0   4.0  24:17.01 java
  11233 root      20   0   13.7g 661756  28872 S 402.0   4.0  24:21.03 java
  11233 root      20   0   13.7g 661756  28872 S 391.0   4.0  24:24.94 java
  11233 root      20   0   13.7g 661756  28872 S 406.0   4.0  24:29.00 java
  11233 root      20   0   13.7g 661756  28872 S 406.0   4.0  24:33.06 java
  11233 root      20   0   13.7g 664176  28872 S 400.0   4.1  24:37.06 java
  11233 root      20   0   13.7g 664176  28872 S 396.0   4.1  24:41.06 java
  11233 root      20   0   13.7g 664176  28872 S 395.0   4.1  24:45.01 java
  11233 root      20   0   13.7g 664176  28872 S 406.0   4.1  24:49.07 java
  11233 root      20   0   13.7g 664268  28872 S 400.0   4.1  24:53.07 java
  11233 root      20   0   13.7g 664268  28872 S 400.0   4.1  24:57.07 java
  11233 root      20   0   13.7g 664268  28872 S 400.0   4.1  25:01.07 java
  11233 root      20   0   13.7g 664268  28872 S 398.0   4.1  25:05.05 java
  11233 root      20   0   13.7g 664268  28872 S 401.0   4.1  25:09.06 java
  11233 root      20   0   13.7g 664268  28872 S 401.0   4.1  25:13.07 java
  11233 root      20   0   13.7g 664268  28872 S 400.0   4.1  25:17.07 java
  11233 root      20   0   13.7g 664268  28872 S 397.0   4.1  25:21.08 java
  11233 root      20   0   13.7g 664268  28872 S 399.0   4.1  25:25.07 java
  11233 root      20   0   13.7g 664268  28872 S 400.0   4.1  25:29.07 java
  11233 root      20   0   13.7g 664268  28872 S 400.0   4.1  25:33.07 java
  11233 root      20   0   13.7g 664268  28872 S 400.0   4.1  25:37.07 java
  11233 root      20   0   13.7g 664268  28872 S 400.0   4.1  25:41.07 java
  11233 root      20   0   13.7g 664268  28872 S 400.0   4.1  25:45.07 java
  11233 root      20   0   13.7g 664268  28872 S 396.0   4.1  25:49.07 java
  11233 root      20   0   13.7g 664268  28872 S 400.0   4.1  25:53.07 java
  11233 root      20   0   13.7g 664268  28872 S 400.0   4.1  25:57.07 java
  11233 root      20   0   13.7g 664268  28872 S 400.0   4.1  26:01.07 java
  11233 root      20   0   13.7g 664788  28872 S 400.0   4.1  26:05.