   9552 root      20   0 9933.1m 183056  28892 S 280.0   1.1   0:04.63 java
   9552 root      20   0   10.2g 284104  28860 S 403.0   1.7   0:08.66 java
   9552 root      20   0   10.5g 305728  28924 S 402.0   1.9   0:12.68 java
   9552 root      20   0   10.5g 308432  28924 S 401.0   1.9   0:16.69 java
   9552 root      20   0   10.5g 346904  28924 S 401.0   2.1   0:20.70 java
   9552 root      20   0   10.5g 369376  28924 S 402.0   2.3   0:24.72 java
   9552 root      20   0   10.5g 401964  28924 S 401.0   2.5   0:28.73 java
   9552 root      20   0   10.5g 442284  28924 S 400.0   2.7   0:32.73 java
   9552 root      20   0   10.5g 464116  28924 S 397.0   2.8   0:36.74 java
   9552 root      20   0   10.5g 481652  28924 S 400.0   2.9   0:40.74 java
   9552 root      20   0   10.5g 484668  28924 S 401.0   3.0   0:44.75 java
   9552 root      20   0   10.5g 493908  28924 S 402.0   3.0   0:48.77 java
   9552 root      20   0   10.5g 507604  28924 S 400.0   3.1   0:52.77 java
   9552 root      20   0   10.5g 503140  28924 S 400.0   3.1   0:56.77 java
   9552 root      20   0   10.5g 504932  28924 S 401.0   3.1   1:00.78 java
   9552 root      20   0   10.5g 508840  28924 S 402.0   3.1   1:04.80 java
   9552 root      20   0   10.5g 509556  28924 S 401.0   3.1   1:08.81 java
   9552 root      20   0   10.5g 513248  28924 S 400.0   3.1   1:12.85 java
   9552 root      20   0   10.5g 511656  28924 S 397.0   3.1   1:16.82 java
   9552 root      20   0   10.5g 482920  28924 S 220.0   2.9   1:19.02 java
   9552 root      20   0   10.5g 482996  28924 S 122.0   2.9   1:20.24 java
   9552 root      20   0   10.5g 482996  28924 S 109.0   2.9   1:21.33 java
   9552 root      20   0   10.5g 483060  28924 S 107.0   2.9   1:22.40 java
   9552 root      20   0   10.5g 483060  28924 S 102.0   2.9   1:23.42 java
   9552 root      20   0   10.5g 483060  28924 S 102.0   2.9   1:24.44 java
   9552 root      20   0   10.5g 483060  28924 S 102.0   2.9   1:25.46 java
   9552 root      20   0   10.5g 483060  28924 S 101.0   2.9   1:26.48 java
   9552 root      20   0   10.5g 483060  28924 S 102.0   2.9   1:27.50 java
   9552 root      20   0   10.5g 483060  28924 S 103.0   2.9   1:28.53 java
   9552 root      20   0   10.5g 483060  28924 S 102.0   2.9   1:29.55 java
   9552 root      20   0   10.5g 483060  28924 S 101.0   2.9   1:30.56 java
   9552 root      20   0   10.5g 483320  28924 S 103.0   2.9   1:31.59 java
   9552 root      20   0   10.5g 483320  28924 S 101.0   2.9   1:32.60 java
   9552 root      20   0   10.5g 483320  28924 S 102.0   2.9   1:33.62 java
   9552 root      20   0   10.5g 483320  28924 S 101.0   2.9   1:34.63 java
   9552 root      20   0   10.5g 483320  28924 S 102.0   2.9   1:35.65 java
   9552 root      20   0   10.5g 483320  28924 S 101.0   2.9   1:36.67 java
   9552 root      20   0   10.5g 483320  28924 S 102.0   2.9   1:37.69 java
   9552 root      20   0   10.5g 483320  28924 S 101.0   2.9   1:38.70 java
   9552 root      20   0   10.5g 483320  28924 S 101.0   2.9   1:39.71 java
   9552 root      20   0   10.5g 483320  28924 S 102.0   2.9   1:40.73 java
   9552 root      20   0   10.5g 483320  28924 S 101.0   2.9   1:41.74 java
   9552 root      20   0   10.5g 483320  28924 S 101.0   2.9   1:42.75 java
   9552 root      20   0   10.5g 483320  28924 S 101.0   2.9   1:43.76 java
   9552 root      20   0   10.5g 483320  28924 S 104.0   2.9   1:44.80 java
   9552 root      20   0   10.5g 483320  28924 S 101.0   2.9   1:45.81 java
   9552 root      20   0   10.5g 483320  28924 S 100.0   2.9   1:46.82 java
   9552 root      20   0   10.5g 483320  28924 S 101.0   2.9   1:47.83 java
   9552 root      20   0   10.5g 483320  28924 S 101.0   2.9   1:48.84 java
   9552 root      20   0   10.5g 483320  28924 S 100.0   2.9   1:49.84 java
   9552 root      20   0   10.5g 483320  28924 S 103.0   2.9   1:50.87 java
   9552 root      20   0   10.5g 483320  28924 S 101.0   2.9   1:51.88 java
   9552 root      20   0   10.5g 483320  28924 S 101.0   2.9   1:52.89 java
   9552 root      20   0   10.5g 483320  28924 S 102.0   2.9   1:53.