  10058 root      20   0   13.7g 548060  29400 S  86.7   3.3   8:09.70 java
  10058 root      20   0   13.7g 548144  29400 S 257.0   3.3   8:12.27 java
  10058 root      20   0   13.7g 548144  29400 S 338.0   3.3   8:15.65 java
  10058 root      20   0   13.7g 548144  29400 S 346.0   3.3   8:19.11 java
  10058 root      20   0   13.7g 548144  29400 S 345.0   3.3   8:22.56 java
  10058 root      20   0   13.7g 548088  29400 S 344.0   3.3   8:26.00 java
  10058 root      20   0   13.7g 548092  29400 S 344.0   3.3   8:29.44 java
  10058 root      20   0   13.7g 548092  29400 S 338.6   3.3   8:32.86 java
  10058 root      20   0   13.7g 548092  29400 S 342.0   3.3   8:36.28 java
  10058 root      20   0   13.7g 548260  29400 S 339.0   3.3   8:39.67 java
  10058 root      20   0   13.7g 548260  29400 S 347.0   3.3   8:43.14 java
  10058 root      20   0   13.7g 548260  29400 S 344.0   3.3   8:46.58 java
  10058 root      20   0   13.7g 548476  29400 S 345.0   3.3   8:50.03 java
  10058 root      20   0   13.7g 548476  29400 S 344.0   3.3   8:53.47 java
  10058 root      20   0   13.7g 548476  29400 S 340.0   3.3   8:56.87 java
  10058 root      20   0   13.7g 548476  29400 S 343.0   3.3   9:00.30 java
  10058 root      20   0   13.7g 548476  29400 S 346.0   3.3   9:03.76 java
  10058 root      20   0   13.7g 548820  29400 S 336.6   3.3   9:07.16 java
  10058 root      20   0   13.7g 549024  29400 S 341.0   3.4   9:10.57 java
  10058 root      20   0   13.7g 549272  29400 S 346.0   3.4   9:14.03 java
  10058 root      20   0   13.7g 549272  29400 S 339.0   3.4   9:17.42 java
  10058 root      20   0   13.7g 549812  29400 S 345.0   3.4   9:20.87 java
  10058 root      20   0   13.7g 549996  29400 S 342.0   3.4   9:24.29 java
  10058 root      20   0   13.7g 549996  29400 S 343.0   3.4   9:27.72 java
  10058 root      20   0   13.7g 549996  29400 S 344.0   3.4   9:31.16 java
  10058 root      20   0   13.7g 549996  29400 S 343.0   3.4   9:34.59 java
  10058 root      20   0   13.7g 549996  29400 S 340.0   3.4   9:37.99 java
  10058 root      20   0   13.7g 550168  29400 S 342.6   3.4   9:41.45 java
  10058 root      20   0   13.7g 550168  29400 S 343.0   3.4   9:44.88 java
  10058 root      20   0   13.7g 550168  29400 S 344.0   3.4   9:48.32 java
  10058 root      20   0   13.7g 550168  29400 S 343.0   3.4   9:51.75 java
  10058 root      20   0   13.7g 550168  29400 S 342.0   3.4   9:55.17 java
  10058 root      20   0   13.7g 550244  29400 S 346.0   3.4   9:58.63 java
  10058 root      20   0   13.7g 550244  29400 S 348.0   3.4  10:02.11 java
  10058 root      20   0   13.7g 550244  29400 S 344.0   3.4  10:05.55 java
  10058 root      20   0   13.7g 550404  29400 S 347.0   3.4  10:09.02 java
  10058 root      20   0   13.7g 550404  29400 S 347.0   3.4  10:12.49 java
  10058 root      20   0   13.7g 550600  29400 S 341.6   3.4  10:15.94 java
  10058 root      20   0   13.7g 550600  29400 S 344.0   3.4  10:19.38 java
  10058 root      20   0   13.7g 550600  29400 S 347.0   3.4  10:22.85 java
  10058 root      20   0   13.7g 550752  29400 S 346.0   3.4  10:26.31 java
  10058 root      20   0   13.7g 550740  29400 S 342.0   3.4  10:29.73 java
  10058 root      20   0   13.7g 550740  29400 S 341.0   3.4  10:33.14 java
  10058 root      20   0   13.7g 550740  29400 S 347.0   3.4  10:36.61 java
  10058 root      20   0   13.7g 550740  29400 S 351.0   3.4  10:40.12 java
  10058 root      20   0   13.7g 550904  29400 S 347.0   3.4  10:43.59 java
  10058 root      20   0   13.7g 550904  29400 S 345.0   3.4  10:47.04 java
  10058 root      20   0   13.7g 551080  29400 S 340.6   3.4  10:50.48 java
  10058 root      20   0   13.7g 551080  29400 S 343.0   3.4  10:53.91 java
  10058 root      20   0   13.7g 551080  29400 S 345.0   3.4  10:57.36 java
  10058 root      20   0   13.7g 551208  29400 S 346.0   3.4  11:00.82 java
  10058 root      20   0   13.7g 551208  29400 S 344.0   3.4  11:04.26 java
  10058 root      20   0   13.7g 551208  29400 S 344.0   3.4  11:07.70 java
  10058 root      20   0   13.7g 552528  29400 S 343.0   3.4  11:11.