  11233 root      20   0   13.7g 665092  28872 S  80.0   4.1  26:32.89 java
  11233 root      20   0   13.7g 665092  28872 S 401.0   4.1  26:36.90 java
  11233 root      20   0   13.7g 665092  28872 S 400.0   4.1  26:40.90 java
  11233 root      20   0   13.7g 665092  28872 S 397.0   4.1  26:44.91 java
  11233 root      20   0   13.7g 665092  28872 S 400.0   4.1  26:48.91 java
  11233 root      20   0   13.7g 665092  28872 S 402.0   4.1  26:52.93 java
  11233 root      20   0   13.7g 665092  28872 S 400.0   4.1  26:56.93 java
  11233 root      20   0   13.7g 665092  28872 S 402.0   4.1  27:00.95 java
  11233 root      20   0   13.7g 665192  28872 S 401.0   4.1  27:04.96 java
  11233 root      20   0   13.7g 665412  28872 S 400.0   4.1  27:08.96 java
  11233 root      20   0   13.7g 665540  28872 S 401.0   4.1  27:12.97 java
  11233 root      20   0   13.7g 665540  28872 S 401.0   4.1  27:16.98 java
  11233 root      20   0   13.7g 665540  28872 S 401.0   4.1  27:20.99 java
  11233 root      20   0   13.7g 665540  28872 S 396.0   4.1  27:24.99 java
  11233 root      20   0   13.7g 665640  28872 S 400.0   4.1  27:28.99 java
  11233 root      20   0   13.7g 665640  28872 S 404.0   4.1  27:33.03 java
  11233 root      20   0   13.7g 665640  28872 S 396.0   4.1  27:36.99 java
  11233 root      20   0   13.7g 665780  28872 S 405.0   4.1  27:41.04 java
  11233 root      20   0   13.7g 665780  28872 S 402.0   4.1  27:45.06 java
  11233 root      20   0   13.7g 665780  28872 S 400.0   4.1  27:49.06 java
  11233 root      20   0   13.7g 665780  28872 S 397.0   4.1  27:53.03 java
  11233 root      20   0   13.7g 665876  28872 S 405.0   4.1  27:57.08 java
  11233 root      20   0   13.7g 665876  28872 S 401.0   4.1  28:01.09 java
  11233 root      20   0   13.7g 665876  28872 S 396.0   4.1  28:05.09 java
  11233 root      20   0   13.7g 665876  28872 S 398.0   4.1  28:09.07 java
  11233 root      20   0   13.7g 665876  28872 S 400.0   4.1  28:13.07 java
  11233 root      20   0   13.7g 665876  28872 S 403.0   4.1  28:17.10 java
  11233 root      20   0   13.7g 665876  28872 S 403.0   4.1  28:21.13 java
  11233 root      20   0   13.7g 665876  28872 S 397.0   4.1  28:25.10 java
  11233 root      20   0   13.7g 665876  28872 S 405.0   4.1  28:29.15 java
  11233 root      20   0   13.7g 665876  28872 S 403.0   4.1  28:33.18 java
  11233 root      20   0   13.7g 665876  28872 S 398.0   4.1  28:37.16 java
  11233 root      20   0   13.7g 665876  28872 S 402.0   4.1  28:41.18 java
  11233 root      20   0   13.7g 665876  28872 S 397.0   4.1  28:45.19 java
  11233 root      20   0   13.7g 665876  28872 S 403.0   4.1  28:49.22 java
  11233 root      20   0   13.7g 666040  28872 S 397.0   4.1  28:53.19 java
  11233 root      20   0   13.7g 666040  28872 S 404.0   4.1  28:57.23 java
  11233 root      20   0   13.7g 666040  28872 S 397.0   4.1  29:01.20 java
  11233 root      20   0   13.7g 666040  28872 S 398.0   4.1  29:05.18 java
  11233 root      20   0   13.7g 666040  28872 S 406.0   4.1  29:09.24 java
  11233 root      20   0   13.7g 666040  28872 S 402.0   4.1  29:13.26 java
  11233 root      20   0   13.7g 666040  28872 S 396.0   4.1  29:17.22 java
  11233 root      20   0   13.7g 666040  28872 S 406.0   4.1  29:21.28 java
  11233 root      20   0   13.7g 666040  28872 S 394.1   4.1  29:25.26 java
  11233 root      20   0   13.7g 666696  28872 S 402.0   4.1  29:29.28 java
  11233 root      20   0   13.7g 666696  28872 S 398.0   4.1  29:33.26 java
  11233 root      20   0   13.7g 666696  28872 S 403.0   4.1  29:37.29 java
  11233 root      20   0   13.7g 666696  28872 S 392.0   4.1  29:41.21 java
  11233 root      20   0   13.7g 666696  28872 S 408.0   4.1  29:45.29 java
  11233 root      20   0   13.7g 666696  28872 S 400.0   4.1  29:49.29 java
  11233 root      20   0   13.7g 666696  28872 S 400.0   4.1  29:53.29 java
  11233 root      20   0   13.7g 666696  28872 S 400.0   4.1  29:57.29 java
  11233 root      20   0   13.7g 666696  28872 S 395.0   4.1  30:01.28 java
  11233 root      20   0   13.7g 666848  28872 S 397.0   4.1  30:05.