  11233 root      20   0   13.7g 633668  28872 S  80.0   3.9   5:44.80 java
  11233 root      20   0   13.7g 634520  28872 S 230.0   3.9   5:47.10 java
  11233 root      20   0   13.7g 634520  28872 S 223.0   3.9   5:49.33 java
  11233 root      20   0   13.7g 634520  28872 S 221.8   3.9   5:51.57 java
  11233 root      20   0   13.7g 634728  28872 S 221.0   3.9   5:53.78 java
  11233 root      20   0   13.7g 634780  28872 S 222.0   3.9   5:56.00 java
  11233 root      20   0   13.7g 634780  28872 S 226.0   3.9   5:58.26 java
  11233 root      20   0   13.7g 634780  28872 S 219.0   3.9   6:00.45 java
  11233 root      20   0   13.7g 634780  28872 S 224.0   3.9   6:02.69 java
  11233 root      20   0   13.7g 634780  28872 S 223.0   3.9   6:04.92 java
  11233 root      20   0   13.7g 634840  28872 S 221.0   3.9   6:07.13 java
  11233 root      20   0   13.7g 634840  28872 S 220.0   3.9   6:09.33 java
  11233 root      20   0   13.7g 634840  28872 S 223.0   3.9   6:11.56 java
  11233 root      20   0   13.7g 634944  28872 S 220.8   3.9   6:13.79 java
  11233 root      20   0   13.7g 634944  28872 S 222.0   3.9   6:16.01 java
  11233 root      20   0   13.7g 634944  28872 S 224.0   3.9   6:18.25 java
  11233 root      20   0   13.7g 634944  28872 S 222.0   3.9   6:20.47 java
  11233 root      20   0   13.7g 634944  28872 S 224.0   3.9   6:22.71 java
  11233 root      20   0   13.7g 635344  28872 S 222.0   3.9   6:24.93 java
  11233 root      20   0   13.7g 635344  28872 S 220.0   3.9   6:27.13 java
  11233 root      20   0   13.7g 635344  28872 S 225.0   3.9   6:29.38 java
  11233 root      20   0   13.7g 635344  28872 S 223.0   3.9   6:31.61 java
  11233 root      20   0   13.7g 635468  28872 S 222.0   3.9   6:33.83 java
  11233 root      20   0   13.7g 635468  28872 S 221.8   3.9   6:36.07 java
  11233 root      20   0   13.7g 635468  28872 S 223.0   3.9   6:38.30 java
  11233 root      20   0   13.7g 635468  28872 S 225.0   3.9   6:40.55 java
  11233 root      20   0   13.7g 635468  28872 S 223.0   3.9   6:42.78 java
  11233 root      20   0   13.7g 635608  28872 S 222.0   3.9   6:45.00 java
  11233 root      20   0   13.7g 635608  28872 S 222.0   3.9   6:47.22 java
  11233 root      20   0   13.7g 635608  28872 S 222.0   3.9   6:49.44 java
  11233 root      20   0   13.7g 635608  28872 S 223.0   3.9   6:51.67 java
  11233 root      20   0   13.7g 635608  28872 S 220.0   3.9   6:53.87 java
  11233 root      20   0   13.7g 635608  28872 S 223.0   3.9   6:56.10 java
  11233 root      20   0   13.7g 635608  28872 S 218.8   3.9   6:58.31 java
  11233 root      20   0   13.7g 635608  28872 S 222.0   3.9   7:00.53 java
  11233 root      20   0   13.7g 635608  28872 S 223.0   3.9   7:02.76 java
  11233 root      20   0   13.7g 635608  28872 S 221.0   3.9   7:04.97 java
  11233 root      20   0   13.7g 635608  28872 S 220.0   3.9   7:07.17 java
  11233 root      20   0   13.7g 635608  28872 S 227.0   3.9   7:09.44 java
  11233 root      20   0   13.7g 635608  28872 S 220.0   3.9   7:11.64 java
  11233 root      20   0   13.7g 635608  28872 S 220.0   3.9   7:13.84 java
  11233 root      20   0   13.7g 635608  28872 S 222.0   3.9   7:16.06 java
  11233 root      20   0   13.7g 635608  28872 S 221.0   3.9   7:18.27 java
  11233 root      20   0   13.7g 635608  28872 S 221.8   3.9   7:20.51 java
  11233 root      20   0   13.7g 635608  28872 S 220.0   3.9   7:22.71 java
  11233 root      20   0   13.7g 635608  28872 S 221.0   3.9   7:24.92 java
  11233 root      20   0   13.7g 635608  28872 S 223.0   3.9   7:27.15 java
  11233 root      20   0   13.7g 635736  28872 S 225.0   3.9   7:29.40 java
  11233 root      20   0   13.7g 635736  28872 S 224.0   3.9   7:31.64 java
  11233 root      20   0   13.7g 635736  28872 S 221.0   3.9   7:33.85 java
  11233 root      20   0   13.7g 635736  28872 S 224.0   3.9   7:36.09 java
  11233 root      20   0   13.7g 635736  28872 S 222.0   3.9   7:38.31 java
  11233 root      20   0   13.7g 635736  28872 S 224.0   3.9   7:40.55 java
  11233 root      20   0   13.7g 635736  28872 S 222.8   3.9   7:42.