  10058 root      20   0   13.7g 711080  29400 S 200.0   4.3  30:44.12 java
  10058 root      20   0   13.7g 711080  29400 S 403.0   4.3  30:48.15 java
  10058 root      20   0   13.7g 711080  29400 S 399.0   4.3  30:52.14 java
  10058 root      20   0   13.7g 711080  29400 S 398.0   4.3  30:56.16 java
  10058 root      20   0   13.7g 711080  29400 S 401.0   4.3  31:00.17 java
  10058 root      20   0   13.7g 711080  29400 S 401.0   4.3  31:04.18 java
  10058 root      20   0   13.7g 711080  29400 S 402.0   4.3  31:08.20 java
  10058 root      20   0   13.7g 711280  29400 S 399.0   4.3  31:12.19 java
  10058 root      20   0   13.7g 711280  29400 S 402.0   4.3  31:16.21 java
  10058 root      20   0   13.7g 711392  29400 S 401.0   4.3  31:20.22 java
  10058 root      20   0   13.7g 711392  29400 S 399.0   4.3  31:24.21 java
  10058 root      20   0   13.7g 711392  29400 S 403.0   4.3  31:28.24 java
  10058 root      20   0   13.7g 711392  29400 S 397.0   4.3  31:32.25 java
  10058 root      20   0   13.7g 711392  29400 S 401.0   4.3  31:36.26 java
  10058 root      20   0   13.7g 711392  29400 S 401.0   4.3  31:40.27 java
  10058 root      20   0   13.7g 711392  29400 S 400.0   4.3  31:44.27 java
  10058 root      20   0   13.7g 711392  29400 S 399.0   4.3  31:48.26 java
  10058 root      20   0   13.7g 711392  29400 S 402.0   4.3  31:52.28 java
  10058 root      20   0   13.7g 711536  29400 S 401.0   4.3  31:56.29 java
  10058 root      20   0   13.7g 786216  29400 S 399.0   4.8  32:00.28 java
  10058 root      20   0   13.7g 786216  29400 S 402.0   4.8  32:04.30 java
  10058 root      20   0   13.7g 786216  29400 S 400.0   4.8  32:08.30 java
  10058 root      20   0   13.7g 786332  29400 S 400.0   4.8  32:12.34 java
  10058 root      20   0   13.7g 786556  29400 S 401.0   4.8  32:16.35 java
  10058 root      20   0   13.7g 786556  29400 S 402.0   4.8  32:20.37 java
  10058 root      20   0   13.7g 786556  29400 S 399.0   4.8  32:24.36 java
  10058 root      20   0   13.7g 786556  29400 S 403.0   4.8  32:28.39 java
  10058 root      20   0   13.7g 786556  29400 S 400.0   4.8  32:32.39 java
  10058 root      20   0   13.7g 786556  29400 S 400.0   4.8  32:36.39 java
  10058 root      20   0   13.7g 786556  29400 S 401.0   4.8  32:40.40 java
  10058 root      20   0   13.7g 786556  29400 S 404.0   4.8  32:44.44 java
  10058 root      20   0   13.7g 786556  29400 S 393.0   4.8  32:48.37 java
  10058 root      20   0   13.7g 786556  29400 S 401.0   4.8  32:52.42 java
  10058 root      20   0   13.7g 786556  29400 S 403.0   4.8  32:56.45 java
  10058 root      20   0   13.7g 786556  29400 S 400.0   4.8  33:00.45 java
  10058 root      20   0   13.7g 787784  29400 S 395.0   4.8  33:04.40 java
  10058 root      20   0   13.7g 787920  29400 S 408.0   4.8  33:08.48 java
  10058 root      20   0   13.7g 787920  29400 S 394.0   4.8  33:12.42 java
  10058 root      20   0   13.7g 787920  29400 S 405.0   4.8  33:16.47 java
  10058 root      20   0   13.7g 787920  29400 S 395.0   4.8  33:20.42 java
  10058 root      20   0   13.7g 787920  29400 S 411.0   4.8  33:24.53 java
  10058 root      20   0   13.7g 787920  29400 S 392.0   4.8  33:28.45 java
  10058 root      20   0   13.7g 787920  29400 S 405.9   4.8  33:32.55 java
  10058 root      20   0   13.7g 787920  29400 S 397.0   4.8  33:36.52 java
  10058 root      20   0   13.7g 787920  29400 S 401.0   4.8  33:40.53 java
  10058 root      20   0   13.7g 787920  29400 S 401.0   4.8  33:44.54 java
  10058 root      20   0   13.7g 787920  29400 S 401.0   4.8  33:48.55 java
  10058 root      20   0   13.7g 787920  29400 S 399.0   4.8  33:52.54 java
  10058 root      20   0   13.7g 787920  29400 S 400.0   4.8  33:56.54 java
  10058 root      20   0   13.7g 787920  29400 S 401.0   4.8  34:00.55 java
  10058 root      20   0   13.7g 787920  29400 S 399.0   4.8  34:04.54 java
  10058 root      20   0   13.7g 787920  29400 S 400.0   4.8  34:08.54 java
  10058 root      20   0   13.7g 787920  29400 S 396.0   4.8  34:12.54 java
  10058 root      20   0   13.7g 787920  29400 S 400.0   4.8  34:16.