  11233 root      20   0   13.7g 626796  28872 S   6.7   3.8   3:22.19 java
  11233 root      20   0   13.7g 627360  28872 S 265.0   3.8   3:24.84 java
  11233 root      20   0   13.7g 627456  28872 S 238.0   3.8   3:27.22 java
  11233 root      20   0   13.7g 627456  28872 S 239.0   3.8   3:29.61 java
  11233 root      20   0   13.7g 627456  28872 S 236.0   3.8   3:31.97 java
  11233 root      20   0   13.7g 627456  28872 S 239.0   3.8   3:34.36 java
  11233 root      20   0   13.7g 627456  28872 S 239.0   3.8   3:36.75 java
  11233 root      20   0   13.7g 627456  28872 S 238.0   3.8   3:39.13 java
  11233 root      20   0   13.7g 627556  28872 S 236.6   3.8   3:41.52 java
  11233 root      20   0   13.7g 627556  28872 S 235.0   3.8   3:43.87 java
  11233 root      20   0   13.7g 627556  28872 S 238.0   3.8   3:46.25 java
  11233 root      20   0   13.7g 627556  28872 S 240.0   3.8   3:48.65 java
  11233 root      20   0   13.7g 627556  28872 S 243.0   3.8   3:51.08 java
  11233 root      20   0   13.7g 627556  28872 S 236.0   3.8   3:53.44 java
  11233 root      20   0   13.7g 627556  28872 S 239.0   3.8   3:55.83 java
  11233 root      20   0   13.7g 627556  28872 S 237.0   3.8   3:58.20 java
  11233 root      20   0   13.7g 627556  28872 S 238.0   3.8   4:00.58 java
  11233 root      20   0   13.7g 627556  28872 S 239.0   3.8   4:02.97 java
  11233 root      20   0   13.7g 629676  28872 S 232.7   3.8   4:05.32 java
  11233 root      20   0   13.7g 630960  28872 S 237.0   3.9   4:07.69 java
  11233 root      20   0   13.7g 630960  28872 S 238.0   3.9   4:10.07 java
  11233 root      20   0   13.7g 630960  28872 S 236.0   3.9   4:12.43 java
  11233 root      20   0   13.7g 632460  28872 S 240.0   3.9   4:14.83 java
  11233 root      20   0   13.7g 632460  28872 S 236.0   3.9   4:17.19 java
  11233 root      20   0   13.7g 632460  28872 S 238.0   3.9   4:19.57 java
  11233 root      20   0   13.7g 632460  28872 S 237.0   3.9   4:21.94 java
  11233 root      20   0   13.7g 632460  28872 S 235.0   3.9   4:24.29 java
  11233 root      20   0   13.7g 632460  28872 S 237.0   3.9   4:26.66 java
  11233 root      20   0   13.7g 632460  28872 S 233.7   3.9   4:29.02 java
  11233 root      20   0   13.7g 632460  28872 S 239.0   3.9   4:31.41 java
  11233 root      20   0   13.7g 632460  28872 S 237.0   3.9   4:33.78 java
  11233 root      20   0   13.7g 632460  28872 S 236.0   3.9   4:36.14 java
  11233 root      20   0   13.7g 632460  28872 S 238.0   3.9   4:38.52 java
  11233 root      20   0   13.7g 632460  28872 S 238.0   3.9   4:40.90 java
  11233 root      20   0   13.7g 632640  28872 S 237.0   3.9   4:43.27 java
  11233 root      20   0   13.7g 632640  28872 S 238.0   3.9   4:45.65 java
  11233 root      20   0   13.7g 632640  28872 S 236.0   3.9   4:48.01 java
  11233 root      20   0   13.7g 632640  28872 S 239.0   3.9   4:50.40 java
  11233 root      20   0   13.7g 632776  28872 S 233.7   3.9   4:52.76 java
  11233 root      20   0   13.7g 632776  28872 S 234.0   3.9   4:55.10 java
  11233 root      20   0   13.7g 632776  28872 S 233.0   3.9   4:57.43 java
  11233 root      20   0   13.7g 632776  28872 S 238.0   3.9   4:59.81 java
  11233 root      20   0   13.7g 632776  28872 S 237.0   3.9   5:02.18 java
  11233 root      20   0   13.7g 632776  28872 S 237.0   3.9   5:04.55 java
  11233 root      20   0   13.7g 632776  28872 S 236.0   3.9   5:06.91 java
  11233 root      20   0   13.7g 632776  28872 S 238.0   3.9   5:09.29 java
  11233 root      20   0   13.7g 632776  28872 S 238.0   3.9   5:11.67 java
  11233 root      20   0   13.7g 632776  28872 S 237.0   3.9   5:14.04 java
  11233 root      20   0   13.7g 632776  28872 S 233.7   3.9   5:16.40 java
  11233 root      20   0   13.7g 632776  28872 S 236.0   3.9   5:18.76 java
  11233 root      20   0   13.7g 632776  28872 S 236.0   3.9   5:21.12 java
  11233 root      20   0   13.7g 632896  28872 S 237.0   3.9   5:23.49 java
  11233 root      20   0   13.7g 632896  28872 S 235.0   3.9   5:25.84 java
  11233 root      20   0   13.7g 632896  28872 S 237.0   3.9   5:28.