pid: 1

commandLine: /usr/local/openjdk-11/bin/java -Dquarkus.http.host=0.0.0.0 -Djava.util.logging.manager=org.jboss.logmanager.LogManager -jar quarkus-worker-pool-runner.jar

thread-name: executor-thread-1

stack trace: 
java.base/java.lang.Thread.getStackTrace(Thread.java:1602)
personal.simonsen.EnvironmentResource.getEnv(EnvironmentResource.java:29)
java.base/jdk.internal.reflect.NativeMethodAccessorImpl.invoke0(Native Method)
java.base/jdk.internal.reflect.NativeMethodAccessorImpl.invoke(NativeMethodAccessorImpl.java:62)
java.base/jdk.internal.reflect.DelegatingMethodAccessorImpl.invoke(DelegatingMethodAccessorImpl.java:43)
java.base/java.lang.reflect.Method.invoke(Method.java:566)
org.jboss.resteasy.core.MethodInjectorImpl.invoke(MethodInjectorImpl.java:170)
org.jboss.resteasy.core.MethodInjectorImpl.invoke(MethodInjectorImpl.java:130)
org.jboss.resteasy.core.ResourceMethodInvoker.internalInvokeOnTarget(ResourceMethodInvoker.java:643)
org.jboss.resteasy.core.ResourceMethodInvoker.invokeOnTargetAfterFilter(ResourceMethodInvoker.java:507)
org.jboss.resteasy.core.ResourceMethodInvoker.lambda$invokeOnTarget$2(ResourceMethodInvoker.java:457)
org.jboss.resteasy.core.interception.jaxrs.PreMatchContainerRequestContext.filter(PreMatchContainerRequestContext.java:364)
org.jboss.resteasy.core.ResourceMethodInvoker.invokeOnTarget(ResourceMethodInvoker.java:459)
org.jboss.resteasy.core.ResourceMethodInvoker.invoke(ResourceMethodInvoker.java:419)
org.jboss.resteasy.core.ResourceMethodInvoker.invoke(ResourceMethodInvoker.java:393)
org.jboss.resteasy.core.ResourceMethodInvoker.invoke(ResourceMethodInvoker.java:68)
org.jboss.resteasy.core.SynchronousDispatcher.invoke(SynchronousDispatcher.java:492)
org.jboss.resteasy.core.SynchronousDispatcher.lambda$invoke$4(SynchronousDispatcher.java:261)
org.jboss.resteasy.core.SynchronousDispatcher.lambda$preprocess$0(SynchronousDispatcher.java:161)
org.jboss.resteasy.core.interception.jaxrs.PreMatchContainerRequestContext.filter(PreMatchContainerRequestContext.java:364)
org.jboss.resteasy.core.SynchronousDispatcher.preprocess(SynchronousDispatcher.java:164)
org.jboss.resteasy.core.SynchronousDispatcher.invoke(SynchronousDispatcher.java:247)
io.quarkus.resteasy.runtime.standalone.RequestDispatcher.service(RequestDispatcher.java:73)
io.quarkus.resteasy.runtime.standalone.VertxRequestHandler.dispatch(VertxRequestHandler.java:138)
io.quarkus.resteasy.runtime.standalone.VertxRequestHandler.access$000(VertxRequestHandler.java:41)
io.quarkus.resteasy.runtime.standalone.VertxRequestHandler$1.run(VertxRequestHandler.java:93)
org.jboss.threads.EnhancedQueueExecutor$Task.run(EnhancedQueueExecutor.java:2415)
org.jboss.threads.EnhancedQueueExecutor$ThreadBody.run(EnhancedQueueExecutor.java:1452)
org.jboss.threads.DelegatingRunnable.run(DelegatingRunnable.java:29)
org.jboss.threads.ThreadLocalResettingRunnable.run(ThreadLocalResettingRunnable.java:29)
java.base/java.lang.Thread.run(Thread.java:829)
org.jboss.threads.JBossThread.run(JBossThread.java:501)
