   9552 root      20   0   10.5g 489132  28924 S  18.8   3.0   7:39.64 java
   9552 root      20   0   10.5g 489132  28924 S 291.0   3.0   7:42.55 java
   9552 root      20   0   10.5g 489132  28924 S 287.0   3.0   7:45.42 java
   9552 root      20   0   10.5g 489132  28924 S 289.0   3.0   7:48.31 java
   9552 root      20   0   10.5g 489132  28924 S 285.0   3.0   7:51.16 java
   9552 root      20   0   10.5g 489132  28924 S 291.0   3.0   7:54.07 java
   9552 root      20   0   10.5g 489160  28924 S 289.0   3.0   7:56.96 java
   9552 root      20   0   10.5g 489496  28924 S 285.0   3.0   7:59.81 java
   9552 root      20   0   10.5g 489756  28924 S 293.0   3.0   8:02.74 java
   9552 root      20   0   10.5g 489756  28924 S 292.0   3.0   8:05.66 java
   9552 root      20   0   10.5g 489756  28924 S 286.1   3.0   8:08.55 java
   9552 root      20   0   10.5g 489756  28924 S 292.0   3.0   8:11.47 java
   9552 root      20   0   10.5g 489756  28924 S 284.0   3.0   8:14.31 java
   9552 root      20   0   10.5g 489756  28924 S 290.0   3.0   8:17.21 java
   9552 root      20   0   10.5g 489756  28924 S 292.0   3.0   8:20.13 java
   9552 root      20   0   10.5g 489756  28924 S 290.0   3.0   8:23.03 java
   9552 root      20   0   10.5g 489756  28924 S 285.0   3.0   8:25.88 java
   9552 root      20   0   10.5g 489756  28924 S 290.0   3.0   8:28.78 java
   9552 root      20   0   10.5g 489756  28924 S 292.0   3.0   8:31.70 java
   9552 root      20   0   10.5g 489756  28924 S 288.0   3.0   8:34.58 java
   9552 root      20   0   10.5g 489756  28924 S 290.1   3.0   8:37.51 java
   9552 root      20   0   10.5g 489976  28924 S 289.0   3.0   8:40.40 java
   9552 root      20   0   10.5g 489976  28924 S 285.0   3.0   8:43.25 java
   9552 root      20   0   10.5g 489976  28924 S 290.0   3.0   8:46.15 java
   9552 root      20   0   10.5g 489976  28924 S 294.0   3.0   8:49.09 java
   9552 root      20   0   10.5g 489976  28924 S 290.0   3.0   8:51.99 java
   9552 root      20   0   10.5g 489976  28924 S 291.0   3.0   8:54.90 java
   9552 root      20   0   10.5g 489976  28924 S 288.0   3.0   8:57.78 java
   9552 root      20   0   10.5g 489976  28924 S 284.0   3.0   9:00.62 java
   9552 root      20   0   10.5g 489976  28924 S 291.0   3.0   9:03.53 java
   9552 root      20   0   10.5g 489976  28924 S 287.1   3.0   9:06.43 java
   9552 root      20   0   10.5g 489976  28924 S 289.0   3.0   9:09.32 java
   9552 root      20   0   10.5g 489976  28924 S 287.0   3.0   9:12.19 java
   9552 root      20   0   10.5g 489976  28924 S 289.0   3.0   9:15.08 java
   9552 root      20   0   10.5g 489976  28924 S 286.0   3.0   9:17.94 java
   9552 root      20   0   10.5g 489976  28924 S 287.0   3.0   9:20.81 java
   9552 root      20   0   10.5g 489976  28924 S 289.0   3.0   9:23.70 java
   9552 root      20   0   10.5g 489976  28924 S 293.0   3.0   9:26.63 java
   9552 root      20   0   10.5g 489976  28924 S 291.0   3.0   9:29.54 java
   9552 root      20   0   10.5g 489976  28924 S 287.0   3.0   9:32.41 java
   9552 root      20   0   10.5g 489976  28924 S 287.1   3.0   9:35.31 java
   9552 root      20   0   10.5g 489976  28924 S 291.0   3.0   9:38.22 java
   9552 root      20   0   10.5g 489976  28924 S 293.0   3.0   9:41.15 java
   9552 root      20   0   10.5g 489976  28924 S 292.0   3.0   9:44.07 java
   9552 root      20   0   10.5g 489976  28924 S 283.0   3.0   9:46.90 java
   9552 root      20   0   10.5g 489976  28924 S 284.0   3.0   9:49.74 java
   9552 root      20   0   10.5g 489976  28924 S 289.0   3.0   9:52.63 java
   9552 root      20   0   10.5g 489976  28924 S 295.0   3.0   9:55.58 java
   9552 root      20   0   10.5g 489976  28924 S 285.0   3.0   9:58.43 java
   9552 root      20   0   10.5g 489976  28924 S 288.0   3.0  10:01.31 java
   9552 root      20   0   10.5g 489976  28924 S 284.2   3.0  10:04.18 java
   9552 root      20   0   10.5g 489976  28924 S 288.0   3.0  10:07.06 java
   9552 root      20   0   10.5g 489976  28924 S 292.0   3.0  10:09.98 java
   9552 root      20   0   10.5g 489976  28924 S 287.0   3.0  10:12.