  12262 root      20   0   13.6g 677912  29028 S   0.0   4.2  24:04.82 java
  12262 root      20   0   13.6g 677912  29028 S 321.0   4.2  24:08.03 java
  12262 root      20   0   13.6g 678176  29028 S 399.0   4.2  24:12.02 java
  12262 root      20   0   13.6g 678348  29028 S 399.0   4.2  24:16.05 java
  12262 root      20   0   13.6g 678348  29028 S 402.0   4.2  24:20.07 java
  12262 root      20   0   13.6g 678348  29028 S 397.0   4.2  24:24.04 java
  12262 root      20   0   13.6g 678348  29028 S 405.0   4.2  24:28.09 java
  12262 root      20   0   13.6g 678348  29028 S 400.0   4.2  24:32.09 java
  12262 root      20   0   13.6g 678348  29028 S 400.0   4.2  24:36.09 java
  12262 root      20   0   13.6g 678348  29028 S 401.0   4.2  24:40.10 java
  12262 root      20   0   13.6g 678348  29028 S 398.0   4.2  24:44.08 java
  12262 root      20   0   13.6g 678348  29028 S 405.0   4.2  24:48.13 java
  12262 root      20   0   13.6g 678348  29028 S 401.0   4.2  24:52.14 java
  12262 root      20   0   13.6g 678524  29028 S 392.1   4.2  24:56.10 java
  12262 root      20   0   13.6g 678524  29028 S 406.0   4.2  25:00.16 java
  12262 root      20   0   13.6g 678732  29028 S 401.0   4.2  25:04.17 java
  12262 root      20   0   13.6g 678732  29028 S 401.0   4.2  25:08.18 java
  12262 root      20   0   13.6g 678732  29028 S 396.0   4.2  25:12.14 java
  12262 root      20   0   13.6g 678732  29028 S 401.0   4.2  25:16.15 java
  12262 root      20   0   13.6g 678732  29028 S 404.0   4.2  25:20.19 java
  12262 root      20   0   13.6g 678732  29028 S 400.0   4.2  25:24.19 java
  12262 root      20   0   13.6g 678732  29028 S 400.0   4.2  25:28.19 java
  12262 root      20   0   13.6g 679604  29028 S 402.0   4.2  25:32.25 java
  12262 root      20   0   13.6g 679604  29028 S 397.0   4.2  25:36.22 java
  12262 root      20   0   13.6g 679604  29028 S 403.0   4.2  25:40.25 java
  12262 root      20   0   13.6g 679604  29028 S 398.0   4.2  25:44.23 java
  12262 root      20   0   13.6g 679604  29028 S 403.0   4.2  25:48.26 java
  12262 root      20   0   13.6g 679604  29028 S 400.0   4.2  25:52.26 java
  12262 root      20   0   13.6g 679604  29028 S 399.0   4.2  25:56.25 java
  12262 root      20   0   13.6g 679604  29028 S 400.0   4.2  26:00.25 java
  12262 root      20   0   13.6g 679604  29028 S 401.0   4.2  26:04.26 java
  12262 root      20   0   13.6g 679604  29028 S 399.0   4.2  26:08.25 java
  12262 root      20   0   13.6g 679604  29028 S 397.0   4.2  26:12.26 java
  12262 root      20   0   13.6g 679604  29028 S 402.0   4.2  26:16.28 java
  12262 root      20   0   13.6g 679604  29028 S 399.0   4.2  26:20.27 java
  12262 root      20   0   13.6g 679788  29028 S 402.0   4.2  26:24.29 java
  12262 root      20   0   13.6g 679788  29028 S 402.0   4.2  26:28.31 java
  12262 root      20   0   13.6g 679788  29028 S 399.0   4.2  26:32.30 java
  12262 root      20   0   13.6g 679788  29028 S 396.0   4.2  26:36.26 java
  12262 root      20   0   13.6g 679788  29028 S 405.0   4.2  26:40.31 java
  12262 root      20   0   13.6g 679788  29028 S 397.0   4.2  26:44.28 java
  12262 root      20   0   13.6g 679788  29028 S 404.0   4.2  26:48.32 java
  12262 root      20   0   13.6g 679788  29028 S 393.1   4.2  26:52.29 java
  12262 root      20   0   13.6g 679788  29028 S 401.0   4.2  26:56.30 java
  12262 root      20   0   13.6g 679788  29028 S 402.0   4.2  27:00.32 java
  12262 root      20   0   13.6g 679788  29028 S 402.0   4.2  27:04.34 java
  12262 root      20   0   13.6g 679788  29028 S 396.0   4.2  27:08.30 java
  12262 root      20   0   13.6g 679788  29028 S 404.0   4.2  27:12.34 java
  12262 root      20   0   13.6g 679788  29028 S 398.0   4.2  27:16.32 java
  12262 root      20   0   13.6g 680048  29028 S 403.0   4.2  27:20.35 java
  12262 root      20   0   13.6g 680048  29028 S 398.0   4.2  27:24.33 java
  12262 root      20   0   13.6g 680048  29028 S 401.0   4.2  27:28.34 java
  12262 root      20   0   13.6g 680048  29028 S 397.0   4.2  27:32.35 java
  12262 root      20   0   13.6g 680048  29028 S 400.0   4.2  27:36.