  12262 root      20   0   13.6g 577208  29028 S   0.0   3.5   2:46.52 java
  12262 root      20   0   13.6g 582432  29028 S 281.0   3.6   2:49.33 java
  12262 root      20   0   13.6g 582756  29028 S 194.0   3.6   2:51.27 java
  12262 root      20   0   13.6g 582756  29028 S 192.0   3.6   2:53.19 java
  12262 root      20   0   13.6g 582836  29028 S 207.0   3.6   2:55.26 java
  12262 root      20   0   13.6g 583208  29028 S 193.0   3.6   2:57.19 java
  12262 root      20   0   13.6g 583208  29028 S 190.0   3.6   2:59.09 java
  12262 root      20   0   13.6g 583208  29028 S 192.0   3.6   3:01.01 java
  12262 root      20   0   13.6g 583208  29028 S 189.1   3.6   3:02.92 java
  12262 root      20   0   13.6g 583208  29028 S 193.0   3.6   3:04.85 java
  12262 root      20   0   13.6g 583208  29028 S 191.0   3.6   3:06.76 java
  12262 root      20   0   13.6g 583208  29028 S 192.0   3.6   3:08.68 java
  12262 root      20   0   13.6g 583340  29028 S 191.0   3.6   3:10.59 java
  12262 root      20   0   13.6g 583340  29028 S 191.0   3.6   3:12.50 java
  12262 root      20   0   13.6g 583340  29028 S 191.0   3.6   3:14.41 java
  12262 root      20   0   13.6g 583340  29028 S 191.0   3.6   3:16.32 java
  12262 root      20   0   13.6g 583520  29028 S 191.0   3.6   3:18.23 java
  12262 root      20   0   13.6g 587416  29028 S 192.0   3.6   3:20.15 java
  12262 root      20   0   13.6g 587416  29028 S 188.1   3.6   3:22.05 java
  12262 root      20   0   13.6g 587416  29028 S 192.0   3.6   3:23.97 java
  12262 root      20   0   13.6g 587484  29028 S 191.0   3.6   3:25.88 java
  12262 root      20   0   13.6g 587484  29028 S 190.0   3.6   3:27.78 java
  12262 root      20   0   13.6g 587484  29028 S 191.0   3.6   3:29.69 java
  12262 root      20   0   13.6g 587484  29028 S 191.0   3.6   3:31.60 java
  12262 root      20   0   13.6g 587484  29028 S 189.0   3.6   3:33.49 java
  12262 root      20   0   13.6g 587484  29028 S 190.0   3.6   3:35.39 java
  12262 root      20   0   13.6g 587484  29028 S 190.0   3.6   3:37.29 java
  12262 root      20   0   13.6g 587484  29028 S 190.0   3.6   3:39.19 java
  12262 root      20   0   13.6g 587484  29028 S 188.1   3.6   3:41.09 java
  12262 root      20   0   13.6g 587484  29028 S 191.0   3.6   3:43.00 java
  12262 root      20   0   13.6g 587484  29028 S 191.0   3.6   3:44.91 java
  12262 root      20   0   13.6g 587412  29028 S 190.0   3.6   3:46.81 java
  12262 root      20   0   13.6g 587540  29028 S 191.0   3.6   3:48.72 java
  12262 root      20   0   13.6g 587540  29028 S 190.0   3.6   3:50.62 java
  12262 root      20   0   13.6g 587540  29028 S 191.0   3.6   3:52.53 java
  12262 root      20   0   13.6g 587540  29028 S 188.0   3.6   3:54.41 java
  12262 root      20   0   13.6g 587540  29028 S 190.0   3.6   3:56.31 java
  12262 root      20   0   13.6g 587540  29028 S 190.0   3.6   3:58.21 java
  12262 root      20   0   13.6g 587540  29028 S 187.1   3.6   4:00.10 java
  12262 root      20   0   13.6g 587540  29028 S 192.0   3.6   4:02.02 java
  12262 root      20   0   13.6g 587540  29028 S 191.0   3.6   4:03.93 java
  12262 root      20   0   13.6g 587636  29028 S 191.0   3.6   4:05.84 java
  12262 root      20   0   13.6g 587824  29028 S 191.0   3.6   4:07.75 java
  12262 root      20   0   13.6g 587824  29028 S 190.0   3.6   4:09.65 java
  12262 root      20   0   13.6g 587824  29028 S 189.0   3.6   4:11.54 java
  12262 root      20   0   13.6g 587824  29028 S 191.0   3.6   4:13.45 java
  12262 root      20   0   13.6g 587824  29028 S 190.0   3.6   4:15.35 java
  12262 root      20   0   13.6g 587932  29028 S 189.0   3.6   4:17.24 java
  12262 root      20   0   13.6g 587932  29028 S 188.1   3.6   4:19.14 java
  12262 root      20   0   13.6g 587932  29028 S 189.0   3.6   4:21.03 java
  12262 root      20   0   13.6g 587932  29028 S 190.0   3.6   4:22.93 java
  12262 root      20   0   13.6g 587932  29028 S 190.0   3.6   4:24.83 java
  12262 root      20   0   13.6g 587932  29028 S 190.0   3.6   4:26.73 java
  12262 root      20   0   13.6g 587932  29028 S 190.0   3.6   4:28.