  11322 root      20   0 9226748 455804  29172 S   0.0   2.8   7:18.57 java
  11322 root      20   0 9226748 455804  29172 S 142.0   2.8   7:19.99 java
  11322 root      20   0 9226748 455804  29172 S 231.0   2.8   7:22.30 java
  11322 root      20   0 9226748 455804  29172 S 233.0   2.8   7:24.63 java
  11322 root      20   0 9226748 455804  29172 S 232.7   2.8   7:26.98 java
  11322 root      20   0 9226748 455804  29172 S 231.0   2.8   7:29.29 java
  11322 root      20   0 9226748 455812  29172 S 235.0   2.8   7:31.64 java
  11322 root      20   0 9226748 456328  29172 S 229.0   2.8   7:33.93 java
  11322 root      20   0 9226748 456328  29172 S 226.0   2.8   7:36.19 java
  11322 root      20   0 9226748 456328  29172 S 229.0   2.8   7:38.48 java
  11322 root      20   0 9226748 456328  29172 S 233.0   2.8   7:40.81 java
  11322 root      20   0 9226748 456328  29172 S 233.0   2.8   7:43.14 java
  11322 root      20   0 9226748 456532  29172 S 227.0   2.8   7:45.41 java
  11322 root      20   0 9226748 456532  29172 S 232.0   2.8   7:47.73 java
  11322 root      20   0 9226748 456532  29172 S 227.7   2.8   7:50.03 java
  11322 root      20   0 9226748 456532  29172 S 230.0   2.8   7:52.33 java
  11322 root      20   0 9226748 456532  29172 S 229.0   2.8   7:54.62 java
  11322 root      20   0 9226748 456532  29172 S 229.0   2.8   7:56.91 java
  11322 root      20   0 9226748 456532  29172 S 230.0   2.8   7:59.21 java
  11322 root      20   0 9226748 456532  29172 S 227.0   2.8   8:01.48 java
  11322 root      20   0 9226748 456532  29172 S 231.0   2.8   8:03.79 java
  11322 root      20   0 9226748 456532  29172 S 229.0   2.8   8:06.08 java
  11322 root      20   0 9226748 456532  29172 S 228.0   2.8   8:08.36 java
  11322 root      20   0 9226748 456532  29172 S 229.0   2.8   8:10.65 java
  11322 root      20   0 9226748 456532  29172 S 226.7   2.8   8:12.94 java
  11322 root      20   0 9226748 456532  29172 S 230.0   2.8   8:15.24 java
  11322 root      20   0 9226748 456532  29172 S 228.0   2.8   8:17.52 java
  11322 root      20   0 9226748 456532  29172 S 232.0   2.8   8:19.84 java
  11322 root      20   0 9226748 456532  29172 S 230.0   2.8   8:22.14 java
  11322 root      20   0 9226748 456532  29172 S 231.0   2.8   8:24.45 java
  11322 root      20   0 9226748 456532  29172 S 230.0   2.8   8:26.75 java
  11322 root      20   0 9226748 456532  29172 S 230.0   2.8   8:29.05 java
  11322 root      20   0 9226748 456532  29172 S 229.0   2.8   8:31.34 java
  11322 root      20   0 9226748 456532  29172 S 232.0   2.8   8:33.66 java
  11322 root      20   0 9226748 456532  29172 S 231.7   2.8   8:36.00 java
  11322 root      20   0 9226748 456532  29172 S 227.0   2.8   8:38.27 java
  11322 root      20   0 9226748 456532  29172 S 234.0   2.8   8:40.61 java
  11322 root      20   0 9226748 456532  29172 S 231.0   2.8   8:42.92 java
  11322 root      20   0 9226748 456532  29172 S 233.0   2.8   8:45.25 java
  11322 root      20   0 9226748 456532  29172 S 230.0   2.8   8:47.55 java
  11322 root      20   0 9226748 456532  29172 S 229.0   2.8   8:49.84 java
  11322 root      20   0 9226748 456532  29172 S 232.0   2.8   8:52.16 java
  11322 root      20   0 9226748 456532  29172 S 230.0   2.8   8:54.46 java
  11322 root      20   0 9226748 456532  29172 S 231.0   2.8   8:56.77 java
  11322 root      20   0 9226748 456532  29172 S 227.7   2.8   8:59.07 java
  11322 root      20   0 9226748 456532  29172 S 227.0   2.8   9:01.34 java
  11322 root      20   0 9226748 456532  29172 S 227.0   2.8   9:03.61 java
  11322 root      20   0 9226748 456532  29172 S 232.0   2.8   9:05.93 java
  11322 root      20   0 9226748 456532  29172 S 229.0   2.8   9:08.22 java
  11322 root      20   0 9226748 456532  29172 S 230.0   2.8   9:10.52 java
  11322 root      20   0 9226748 456532  29172 S 230.0   2.8   9:12.82 java
  11322 root      20   0 9226748 456532  29172 S 232.0   2.8   9:15.14 java
  11322 root      20   0 9226748 456532  29172 S 230.0   2.8   9:17.44 java
  11322 root      20   0 9226748 456532  29172 S 234.0   2.8   9:19.