  12262 root      20   0   13.6g 793200  29028 S 146.7   4.9  48:04.48 java
  12262 root      20   0   13.6g 793200  29028 S 403.0   4.9  48:08.51 java
  12262 root      20   0   13.6g 793200  29028 S 400.0   4.9  48:12.51 java
  12262 root      20   0   13.6g 793200  29028 S 401.0   4.9  48:16.52 java
  12262 root      20   0   13.6g 793200  29028 S 402.0   4.9  48:20.54 java
  12262 root      20   0   13.6g 793200  29028 S 401.0   4.9  48:24.55 java
  12262 root      20   0   13.6g 793200  29028 S 398.0   4.9  48:28.53 java
  12262 root      20   0   13.6g 793200  29028 S 404.0   4.9  48:32.57 java
  12262 root      20   0   13.6g 793492  29028 S 392.1   4.9  48:36.53 java
  12262 root      20   0   13.6g 793616  29028 S 402.0   4.9  48:40.55 java
  12262 root      20   0   13.6g 794148  29028 S 404.0   4.9  48:44.59 java
  12262 root      20   0   13.6g 794300  29028 S 400.0   4.9  48:48.59 java
  12262 root      20   0   13.6g 794300  29028 S 402.0   4.9  48:52.61 java
  12262 root      20   0   13.6g 794300  29028 S 400.0   4.9  48:56.61 java
  12262 root      20   0   13.6g 794300  29028 S 403.0   4.9  49:00.64 java
  12262 root      20   0   13.6g 794300  29028 S 398.0   4.9  49:04.62 java
  12262 root      20   0   13.6g 794300  29028 S 403.0   4.9  49:08.65 java
  12262 root      20   0   13.6g 794300  29028 S 399.0   4.9  49:12.64 java
  12262 root      20   0   13.6g 794300  29028 S 399.0   4.9  49:16.67 java
  12262 root      20   0   13.6g 796888  29028 S 397.0   4.9  49:20.64 java
  12262 root      20   0   13.6g 796888  29028 S 399.0   4.9  49:24.63 java
  12262 root      20   0   13.6g 796888  29028 S 400.0   4.9  49:28.63 java
  12262 root      20   0   13.6g 796888  29028 S 405.0   4.9  49:32.68 java
  12262 root      20   0   13.6g 796888  29028 S 402.0   4.9  49:36.70 java
  12262 root      20   0   13.6g 796888  29028 S 400.0   4.9  49:40.70 java
  12262 root      20   0   13.6g 796888  29028 S 400.0   4.9  49:44.70 java
  12262 root      20   0   13.6g 796888  29028 S 404.0   4.9  49:48.74 java
  12262 root      20   0   13.6g 796888  29028 S 399.0   4.9  49:52.73 java
  12262 root      20   0   13.6g 796888  29028 S 396.0   4.9  49:56.73 java
  12262 root      20   0   13.6g 796888  29028 S 403.0   4.9  50:00.76 java
  12262 root      20   0   13.6g 796888  29028 S 398.0   4.9  50:04.74 java
  12262 root      20   0   13.6g 796888  29028 S 401.0   4.9  50:08.75 java
  12262 root      20   0   13.6g 796888  29028 S 401.0   4.9  50:12.76 java
  12262 root      20   0   13.6g 796888  29028 S 403.0   4.9  50:16.79 java
  12262 root      20   0   13.6g 796888  29028 S 400.0   4.9  50:20.79 java
  12262 root      20   0   13.6g 796888  29028 S 394.0   4.9  50:24.73 java
  12262 root      20   0   13.6g 797128  29028 S 408.0   4.9  50:28.81 java
  12262 root      20   0   13.6g 797128  29028 S 401.0   4.9  50:32.82 java
  12262 root      20   0   13.6g 797128  29028 S 399.0   4.9  50:36.85 java
  12262 root      20   0   13.6g 797128  29028 S 393.0   4.9  50:40.78 java
  12262 root      20   0   13.6g 797128  29028 S 395.0   4.9  50:44.73 java
  12262 root      20   0   13.6g 797128  29028 S 407.0   4.9  50:48.80 java
  12262 root      20   0   13.6g 797128  29028 S 405.0   4.9  50:52.85 java
  12262 root      20   0   13.6g 797128  29028 S 399.0   4.9  50:56.84 java
  12262 root      20   0   13.6g 797128  29028 S 402.0   4.9  51:00.86 java
  12262 root      20   0   13.6g 797128  29028 S 396.0   4.9  51:04.82 java
  12262 root      20   0   13.6g 797128  29028 S 399.0   4.9  51:08.81 java
  12262 root      20   0   13.6g 797128  29028 S 404.0   4.9  51:12.85 java
  12262 root      20   0   13.6g 797128  29028 S 396.0   4.9  51:16.85 java
  12262 root      20   0   13.6g 797128  29028 S 400.0   4.9  51:20.85 java
  12262 root      20   0   13.6g 797128  29028 S 397.0   4.9  51:24.82 java
  12262 root      20   0   13.6g 797128  29028 S 403.0   4.9  51:28.85 java
  12262 root      20   0   13.6g 797392  29028 S 400.0   4.9  51:32.85 java
  12262 root      20   0   13.6g 797392  29028 S 400.0   4.9  51:36.