  11322 root      20   0 8486324 185612  29072 S 346.7   1.1   0:04.66 java
  11322 root      20   0 9226768 277892  29108 S 411.0   1.7   0:08.77 java
  11322 root      20   0 9226748 289248  29108 S 399.0   1.8   0:12.76 java
  11322 root      20   0 9226748 318544  29108 S 401.0   2.0   0:16.77 java
  11322 root      20   0 9226748 402332  29108 S 400.0   2.5   0:20.77 java
  11322 root      20   0 9226748 456424  29108 S 400.0   2.8   0:24.77 java
  11322 root      20   0 9226748 464000  29108 S 400.0   2.8   0:28.77 java
  11322 root      20   0 9226748 465176  29108 S 396.0   2.9   0:32.77 java
  11322 root      20   0 9226748 463124  29108 S 400.0   2.8   0:36.77 java
  11322 root      20   0 9226748 461988  29108 S 400.0   2.8   0:40.77 java
  11322 root      20   0 9226748 460264  29108 S 400.0   2.8   0:44.77 java
  11322 root      20   0 9226748 461136  29172 S 395.0   2.8   0:48.72 java
  11322 root      20   0 9226748 461120  29172 S 142.0   2.8   0:50.14 java
  11322 root      20   0 9226748 461384  29172 S  81.0   2.8   0:50.95 java
  11322 root      20   0 9226748 449252  29172 S  80.0   2.8   0:51.75 java
  11322 root      20   0 9226748 449516  29172 S  79.0   2.8   0:52.54 java
  11322 root      20   0 9226748 449516  29172 S  79.0   2.8   0:53.33 java
  11322 root      20   0 9226748 449516  29172 S  78.2   2.8   0:54.12 java
  11322 root      20   0 9226748 453220  29172 S  80.0   2.8   0:54.92 java
  11322 root      20   0 9226748 453424  29172 S  78.0   2.8   0:55.70 java
  11322 root      20   0 9226748 453424  29172 S  77.0   2.8   0:56.47 java
  11322 root      20   0 9226748 453424  29172 S  76.0   2.8   0:57.23 java
  11322 root      20   0 9226748 453424  29172 S  77.0   2.8   0:58.00 java
  11322 root      20   0 9226748 453532  29172 S  76.0   2.8   0:58.76 java
  11322 root      20   0 9226748 453532  29172 S  77.0   2.8   0:59.53 java
  11322 root      20   0 9226748 453636  29172 S  75.0   2.8   1:00.28 java
  11322 root      20   0 9226748 453636  29172 S  76.0   2.8   1:01.04 java
  11322 root      20   0 9226748 453636  29172 S  73.3   2.8   1:01.78 java
  11322 root      20   0 9226748 453636  29172 S  75.0   2.8   1:02.53 java
  11322 root      20   0 9226748 453636  29172 S  75.0   2.8   1:03.28 java
  11322 root      20   0 9226748 453636  29172 S  75.0   2.8   1:04.03 java
  11322 root      20   0 9226748 453636  29172 S  77.0   2.8   1:04.80 java
  11322 root      20   0 9226748 453636  29172 S  75.0   2.8   1:05.55 java
  11322 root      20   0 9226748 453636  29172 S  74.0   2.8   1:06.29 java
  11322 root      20   0 9226748 453636  29172 S  74.0   2.8   1:07.03 java
  11322 root      20   0 9226748 453636  29172 S  76.0   2.8   1:07.79 java
  11322 root      20   0 9226748 453636  29172 S  76.0   2.8   1:08.55 java
  11322 root      20   0 9226748 453636  29172 S  74.3   2.8   1:09.30 java
  11322 root      20   0 9226748 453636  29172 S  76.0   2.8   1:10.06 java
  11322 root      20   0 9226748 453636  29172 S  74.0   2.8   1:10.80 java
  11322 root      20   0 9226748 453636  29172 S  75.0   2.8   1:11.55 java
  11322 root      20   0 9226748 453636  29172 S  74.0   2.8   1:12.29 java
  11322 root      20   0 9226748 453636  29172 S  75.0   2.8   1:13.04 java
  11322 root      20   0 9226748 453636  29172 S  75.0   2.8   1:13.79 java
  11322 root      20   0 9226748 453636  29172 S  76.0   2.8   1:14.55 java
  11322 root      20   0 9226748 453636  29172 S  74.0   2.8   1:15.29 java
  11322 root      20   0 9226748 453636  29172 S  74.0   2.8   1:16.03 java
  11322 root      20   0 9226748 453636  29172 S  73.3   2.8   1:16.77 java
  11322 root      20   0 9226748 453636  29172 S  75.0   2.8   1:17.52 java
  11322 root      20   0 9226748 453636  29172 S  74.0   2.8   1:18.26 java
  11322 root      20   0 9226748 453636  29172 S  76.0   2.8   1:19.02 java
  11322 root      20   0 9226748 453636  29172 S  75.0   2.8   1:19.77 java
  11322 root      20   0 9226748 453636  29172 S  75.0   2.8   1:20.52 java
  11322 root      20   0 9226748 453716  29172 S  75.0   2.8   1:21.