  12262 root      20   0   13.6g 763996  29028 S   0.0   4.7  36:04.18 java
  12262 root      20   0   13.6g 763996  29028 S 376.0   4.7  36:07.94 java
  12262 root      20   0   13.6g 763996  29028 S 400.0   4.7  36:11.94 java
  12262 root      20   0   13.6g 763996  29028 S 400.0   4.7  36:15.94 java
  12262 root      20   0   13.6g 763996  29028 S 400.0   4.7  36:19.94 java
  12262 root      20   0   13.6g 763996  29028 S 400.0   4.7  36:23.94 java
  12262 root      20   0   13.6g 763996  29028 S 399.0   4.7  36:27.93 java
  12262 root      20   0   13.6g 763996  29028 S 397.0   4.7  36:31.94 java
  12262 root      20   0   13.6g 763996  29028 S 400.0   4.7  36:35.94 java
  12262 root      20   0   13.6g 763996  29028 S 401.0   4.7  36:39.95 java
  12262 root      20   0   13.6g 764468  29028 S 402.0   4.7  36:43.97 java
  12262 root      20   0   13.6g 764468  29028 S 400.0   4.7  36:47.97 java
  12262 root      20   0   13.6g 765368  29028 S 402.0   4.7  36:51.99 java
  12262 root      20   0   13.6g 765368  29028 S 398.0   4.7  36:55.97 java
  12262 root      20   0   13.6g 765368  29028 S 402.0   4.7  36:59.99 java
  12262 root      20   0   13.6g 765368  29028 S 401.0   4.7  37:04.00 java
  12262 root      20   0   13.6g 765368  29028 S 403.0   4.7  37:08.03 java
  12262 root      20   0   13.6g 765368  29028 S 398.0   4.7  37:12.01 java
  12262 root      20   0   13.6g 765368  29028 S 397.0   4.7  37:16.02 java
  12262 root      20   0   13.6g 766268  29028 S 402.0   4.7  37:20.04 java
  12262 root      20   0   13.6g 770316  29028 S 401.0   4.7  37:24.05 java
  12262 root      20   0   13.6g 770316  29028 S 402.0   4.7  37:28.07 java
  12262 root      20   0   13.6g 770316  29028 S 401.0   4.7  37:32.08 java
  12262 root      20   0   13.6g 770316  29028 S 396.0   4.7  37:36.04 java
  12262 root      20   0   13.6g 770316  29028 S 400.0   4.7  37:40.04 java
  12262 root      20   0   13.6g 770316  29028 S 407.0   4.7  37:44.11 java
  12262 root      20   0   13.6g 770316  29028 S 399.0   4.7  37:48.10 java
  12262 root      20   0   13.6g 770316  29028 S 400.0   4.7  37:52.10 java
  12262 root      20   0   13.6g 770316  29028 S 399.0   4.7  37:56.13 java
  12262 root      20   0   13.6g 770316  29028 S 400.0   4.7  38:00.13 java
  12262 root      20   0   13.6g 770316  29028 S 399.0   4.7  38:04.12 java
  12262 root      20   0   13.6g 770316  29028 S 401.0   4.7  38:08.13 java
  12262 root      20   0   13.6g 770316  29028 S 402.0   4.7  38:12.15 java
  12262 root      20   0   13.6g 770316  29028 S 401.0   4.7  38:16.16 java
  12262 root      20   0   13.6g 770912  29028 S 395.0   4.7  38:20.11 java
  12262 root      20   0   13.6g 770912  29028 S 409.0   4.7  38:24.20 java
  12262 root      20   0   13.6g 770912  29028 S 395.0   4.7  38:28.15 java
  12262 root      20   0   13.6g 770912  29028 S 407.0   4.7  38:32.22 java
  12262 root      20   0   13.6g 770912  29028 S 397.0   4.7  38:36.23 java
  12262 root      20   0   13.6g 770912  29028 S 398.0   4.7  38:40.21 java
  12262 root      20   0   13.6g 771028  29028 S 402.0   4.7  38:44.23 java
  12262 root      20   0   13.6g 771028  29028 S 401.0   4.7  38:48.24 java
  12262 root      20   0   13.6g 771028  29028 S 400.0   4.7  38:52.24 java
  12262 root      20   0   13.6g 771028  29028 S 402.0   4.7  38:56.26 java
  12262 root      20   0   13.6g 771028  29028 S 400.0   4.7  39:00.26 java
  12262 root      20   0   13.6g 771028  29028 S 402.0   4.7  39:04.28 java
  12262 root      20   0   13.6g 771268  29028 S 399.0   4.7  39:08.27 java
  12262 root      20   0   13.6g 771268  29028 S 402.0   4.7  39:12.29 java
  12262 root      20   0   13.6g 771268  29028 S 399.0   4.7  39:16.32 java
  12262 root      20   0   13.6g 771268  29028 S 399.0   4.7  39:20.31 java
  12262 root      20   0   13.6g 771268  29028 S 397.0   4.7  39:24.28 java
  12262 root      20   0   13.6g 771268  29028 S 404.0   4.7  39:28.32 java
  12262 root      20   0   13.6g 771268  29028 S 400.0   4.7  39:32.32 java
  12262 root      20   0   13.6g 771268  29028 S 401.0   4.7  39:36.