  58277 root      20   0   13.6g 527872  28976 S 250.0   3.2   1:58.91 java
  58277 root      20   0   13.6g 561612  28976 S 186.0   3.4   2:00.77 java
  58277 root      20   0   13.6g 561908  28976 S 107.0   3.4   2:01.84 java
  58277 root      20   0   13.6g 549396  28976 S  96.0   3.4   2:02.80 java
  58277 root      20   0   13.6g 549396  28976 S  96.0   3.4   2:03.76 java
  58277 root      20   0   13.6g 549632  28976 S 100.0   3.4   2:04.76 java
  58277 root      20   0   13.6g 549632  28976 S  96.0   3.4   2:05.72 java
  58277 root      20   0   13.6g 549632  28976 S  98.0   3.4   2:06.70 java
  58277 root      20   0   13.6g 534488  28976 S  97.0   3.3   2:07.67 java
  58277 root      20   0   13.6g 534488  28976 S  93.1   3.3   2:08.61 java
  58277 root      20   0   13.6g 534488  28976 S  95.0   3.3   2:09.56 java
  58277 root      20   0   13.6g 534488  28976 S  95.0   3.3   2:10.51 java
  58277 root      20   0   13.6g 534488  28976 S  96.0   3.3   2:11.47 java
  58277 root      20   0   13.6g 534672  28976 S  95.0   3.3   2:12.42 java
  58277 root      20   0   13.6g 535012  28976 S  97.0   3.3   2:13.39 java
  58277 root      20   0   13.6g 535012  28976 S  96.0   3.3   2:14.35 java
  58277 root      20   0   13.6g 535096  28976 S  95.0   3.3   2:15.30 java
  58277 root      20   0   13.6g 535096  28976 S  95.0   3.3   2:16.25 java
  58277 root      20   0   13.6g 535096  28976 S  93.0   3.3   2:17.18 java
  58277 root      20   0   13.6g 535192  28976 S  94.0   3.3   2:18.12 java
  58277 root      20   0   13.6g 535192  28976 S  93.1   3.3   2:19.06 java
  58277 root      20   0   13.6g 535192  28976 S  96.0   3.3   2:20.02 java
  58277 root      20   0   13.6g 535192  28976 S  94.0   3.3   2:20.96 java
  58277 root      20   0   13.6g 535192  28976 S  97.0   3.3   2:21.93 java
  58277 root      20   0   13.6g 535192  28976 S  94.0   3.3   2:22.87 java
  58277 root      20   0   13.6g 535192  28976 S  92.0   3.3   2:23.79 java
  58277 root      20   0   13.6g 535192  28976 S  95.0   3.3   2:24.74 java
  58277 root      20   0   13.6g 535192  28976 S  94.0   3.3   2:25.68 java
  58277 root      20   0   13.6g 535192  28976 S  96.0   3.3   2:26.64 java
  58277 root      20   0   13.6g 535192  28976 S  92.0   3.3   2:27.56 java
  58277 root      20   0   13.6g 535192  28976 S  93.1   3.3   2:28.50 java
  58277 root      20   0   13.6g 535192  28976 S  94.0   3.3   2:29.44 java
  58277 root      20   0   13.6g 535192  28976 S  95.0   3.3   2:30.39 java
  58277 root      20   0   13.6g 535192  28976 S  95.0   3.3   2:31.34 java
  58277 root      20   0   13.6g 535192  28976 S  95.0   3.3   2:32.29 java
  58277 root      20   0   13.6g 535192  28976 S  95.0   3.3   2:33.24 java
  58277 root      20   0   13.6g 535192  28976 S  95.0   3.3   2:34.19 java
  58277 root      20   0   13.6g 535192  28976 S  95.0   3.3   2:35.14 java
  58277 root      20   0   13.6g 535192  28976 S  95.0   3.3   2:36.09 java
  58277 root      20   0   13.6g 535192  28976 S  94.1   3.3   2:37.04 java
  58277 root      20   0   13.6g 535192  28976 S  92.0   3.3   2:37.96 java
  58277 root      20   0   13.6g 535452  28976 S  98.0   3.3   2:38.94 java
  58277 root      20   0   13.6g 535452  28976 S  94.0   3.3   2:39.88 java
  58277 root      20   0   13.6g 535600  28976 S  96.0   3.3   2:40.84 java
  58277 root      20   0   13.6g 535600  28976 S  94.0   3.3   2:41.78 java
  58277 root      20   0   13.6g 536076  28976 S  96.0   3.3   2:42.74 java
  58277 root      20   0   13.6g 536076  28976 S 101.0   3.3   2:43.75 java
  58277 root      20   0   13.6g 536076  28976 S  93.0   3.3   2:44.68 java
  58277 root      20   0   13.6g 536076  28976 S  96.0   3.3   2:45.64 java
  58277 root      20   0   13.6g 538452  28976 S  99.0   3.3   2:46.63 java
  58277 root      20   0   13.6g 538652  28976 S 120.8   3.3   2:47.85 java
  58277 root      20   0   13.6g 538724  28976 S  97.0   3.3   2:48.82 java
  58277 root      20   0   13.6g 539180  28976 S 100.0   3.3   2:49.82 java
  58277 root      20   0   13.6g 539180  28976 S  94.0   3.3   2:50.