  58277 root      20   0   13.6g 881884  28976 S   0.0   5.4  28:12.65 java
  58277 root      20   0   13.6g 881884  28976 S 339.0   5.4  28:16.04 java
  58277 root      20   0   13.6g 882004  28976 S 416.0   5.4  28:20.20 java
  58277 root      20   0   13.6g 882144  28976 S 395.0   5.4  28:24.15 java
  58277 root      20   0   13.6g 882144  28976 S 408.0   5.4  28:28.23 java
  58277 root      20   0   13.6g 882144  28976 S 399.0   5.4  28:32.22 java
  58277 root      20   0   13.6g 882144  28976 S 398.0   5.4  28:36.24 java
  58277 root      20   0   13.6g 882144  28976 S 398.0   5.4  28:40.22 java
  58277 root      20   0   13.6g 882144  28976 S 403.0   5.4  28:44.25 java
  58277 root      20   0   13.6g 882144  28976 S 398.0   5.4  28:48.23 java
  58277 root      20   0   13.6g 882144  28976 S 403.0   5.4  28:52.26 java
  58277 root      20   0   13.6g 882144  28976 S 402.0   5.4  28:56.28 java
  58277 root      20   0   13.6g 882144  28976 S 393.0   5.4  29:00.21 java
  58277 root      20   0   13.6g 882144  28976 S 404.0   5.4  29:04.25 java
  58277 root      20   0   13.6g 882284  28976 S 403.0   5.4  29:08.28 java
  58277 root      20   0   13.6g 882284  28976 S 393.1   5.4  29:12.25 java
  58277 root      20   0   13.6g 882284  28976 S 402.0   5.4  29:16.27 java
  58277 root      20   0   13.6g 882284  28976 S 405.0   5.4  29:20.32 java
  58277 root      20   0   13.6g 882284  28976 S 397.0   5.4  29:24.29 java
  58277 root      20   0   13.6g 882448  28976 S 405.0   5.4  29:28.34 java
  58277 root      20   0   13.6g 882448  28976 S 395.0   5.4  29:32.29 java
  58277 root      20   0   13.6g 882448  28976 S 402.0   5.4  29:36.31 java
  58277 root      20   0   13.6g 882600  28976 S 402.0   5.4  29:40.33 java
  58277 root      20   0   13.6g 882600  28976 S 399.0   5.4  29:44.32 java
  58277 root      20   0   13.6g 882600  28976 S 398.0   5.4  29:48.30 java
  58277 root      20   0   13.6g 882600  28976 S 399.0   5.4  29:52.29 java
  58277 root      20   0   13.6g 882600  28976 S 402.0   5.4  29:56.35 java
  58277 root      20   0   13.6g 882600  28976 S 399.0   5.4  30:00.34 java
  58277 root      20   0   13.6g 882600  28976 S 400.0   5.4  30:04.34 java
  58277 root      20   0   13.6g 882600  28976 S 400.0   5.4  30:08.34 java
  58277 root      20   0   13.6g 882600  28976 S 401.0   5.4  30:12.35 java
  58277 root      20   0   13.6g 882600  28976 S 397.0   5.4  30:16.32 java
  58277 root      20   0   13.6g 882792  28976 S 403.0   5.4  30:20.35 java
  58277 root      20   0   13.6g 882792  28976 S 400.0   5.4  30:24.35 java
  58277 root      20   0   13.6g 882792  28976 S 398.0   5.4  30:28.33 java
  58277 root      20   0   13.6g 882792  28976 S 400.0   5.4  30:32.33 java
  58277 root      20   0   13.6g 882792  28976 S 399.0   5.4  30:36.36 java
  58277 root      20   0   13.6g 882792  28976 S 400.0   5.4  30:40.36 java
  58277 root      20   0   13.6g 882792  28976 S 400.0   5.4  30:44.36 java
  58277 root      20   0   13.6g 882792  28976 S 400.0   5.4  30:48.36 java
  58277 root      20   0   13.6g 882792  28976 S 400.0   5.4  30:52.36 java
  58277 root      20   0   13.6g 882792  28976 S 397.0   5.4  30:56.33 java
  58277 root      20   0   13.6g 882792  28976 S 402.0   5.4  31:00.35 java
  58277 root      20   0   13.6g 882792  28976 S 401.0   5.4  31:04.36 java
  58277 root      20   0   13.6g 882792  28976 S 395.0   5.4  31:08.35 java
  58277 root      20   0   13.6g 882952  28976 S 401.0   5.4  31:12.36 java
  58277 root      20   0   13.6g 882952  28976 S 399.0   5.4  31:16.35 java
  58277 root      20   0   13.6g 882952  28976 S 400.0   5.4  31:20.35 java
  58277 root      20   0   13.6g 883868  28976 S 400.0   5.4  31:24.35 java
  58277 root      20   0   13.6g 883868  28976 S 400.0   5.4  31:28.35 java
  58277 root      20   0   13.6g 883868  28976 S 400.0   5.4  31:32.35 java
  58277 root      20   0   13.6g 883868  28976 S 396.0   5.4  31:36.35 java
  58277 root      20   0   13.6g 883868  28976 S 400.0   5.4  31:40.35 java
  58277 root      20   0   13.6g 883868  28976 S 400.0   5.4  31:44.