  11322 root      20   0 9226748 465668  29172 S   0.0   2.9  35:39.55 java
  11322 root      20   0 9226748 465668  29172 S 342.0   2.9  35:42.97 java
  11322 root      20   0 9226748 465668  29172 S 391.0   2.9  35:46.88 java
  11322 root      20   0 9226748 466136  29172 S 388.0   2.9  35:50.76 java
  11322 root      20   0 9226748 466136  29172 S 390.0   2.9  35:54.66 java
  11322 root      20   0 9226748 466136  29172 S 391.0   2.9  35:58.57 java
  11322 root      20   0 9226748 466136  29172 S 380.0   2.9  36:02.37 java
  11322 root      20   0 9226748 466136  29172 S 392.0   2.9  36:06.29 java
  11322 root      20   0 9226748 466136  29172 S 391.0   2.9  36:10.20 java
  11322 root      20   0 9226748 466136  29172 S 378.0   2.9  36:13.98 java
  11322 root      20   0 9226748 466136  29172 S 390.1   2.9  36:17.92 java
  11322 root      20   0 9226748 466136  29172 S 388.0   2.9  36:21.80 java
  11322 root      20   0 9226748 466136  29172 S 395.0   2.9  36:25.75 java
  11322 root      20   0 9226748 466136  29172 S 390.0   2.9  36:29.65 java
  11322 root      20   0 9226748 466136  29172 S 390.0   2.9  36:33.55 java
  11322 root      20   0 9226748 466136  29172 S 387.0   2.9  36:37.42 java
  11322 root      20   0 9226748 466352  29172 S 390.0   2.9  36:41.32 java
  11322 root      20   0 9226748 466352  29172 S 389.0   2.9  36:45.21 java
  11322 root      20   0 9226748 466352  29172 S 384.0   2.9  36:49.05 java
  11322 root      20   0 9226748 466352  29172 S 395.0   2.9  36:53.00 java
  11322 root      20   0 9226748 466352  29172 S 388.1   2.9  36:56.92 java
  11322 root      20   0 9226748 466352  29172 S 386.0   2.9  37:00.78 java
  11322 root      20   0 9226748 466352  29172 S 393.0   2.9  37:04.71 java
  11322 root      20   0 9226748 466352  29172 S 391.0   2.9  37:08.62 java
  11322 root      20   0 9226748 466352  29172 S 383.0   2.9  37:12.45 java
  11322 root      20   0 9226748 466588  29172 S 388.0   2.9  37:16.33 java
  11322 root      20   0 9226748 466828  29172 S 394.0   2.9  37:20.27 java
  11322 root      20   0 9226748 466828  29172 S 391.0   2.9  37:24.18 java
  11322 root      20   0 9226748 466828  29172 S 394.0   2.9  37:28.12 java
  11322 root      20   0 9226748 466828  29172 S 387.0   2.9  37:31.99 java
  11322 root      20   0 9226748 466828  29172 S 374.3   2.9  37:35.77 java
  11322 root      20   0 9226748 466828  29172 S 389.0   2.9  37:39.66 java
  11322 root      20   0 9226748 466828  29172 S 392.0   2.9  37:43.58 java
  11322 root      20   0 9226748 466828  29172 S 391.0   2.9  37:47.49 java
  11322 root      20   0 9226748 466828  29172 S 378.0   2.9  37:51.27 java
  11322 root      20   0 9226748 466828  29172 S 387.0   2.9  37:55.14 java
  11322 root      20   0 9226748 466828  29172 S 389.0   2.9  37:59.03 java
  11322 root      20   0 9226748 466828  29172 S 391.0   2.9  38:02.94 java
  11322 root      20   0 9226748 466828  29172 S 390.0   2.9  38:06.84 java
  11322 root      20   0 9226748 466828  29172 S 372.3   2.9  38:10.60 java
  11322 root      20   0 9226748 466828  29172 S 395.0   2.9  38:14.55 java
  11322 root      20   0 9226748 466828  29172 S 381.0   2.9  38:18.36 java
  11322 root      20   0 9226748 466828  29172 S 388.0   2.9  38:22.24 java
  11322 root      20   0 9226748 466828  29172 S 393.0   2.9  38:26.17 java
  11322 root      20   0 9226748 466828  29172 S 386.0   2.9  38:30.03 java
  11322 root      20   0 9226748 466828  29172 S 380.0   2.9  38:33.83 java
  11322 root      20   0 9226748 466828  29172 S 387.0   2.9  38:37.70 java
  11322 root      20   0 9226748 466828  29172 S 392.0   2.9  38:41.62 java
  11322 root      20   0 9226748 466828  29172 S 392.0   2.9  38:45.54 java
  11322 root      20   0 9226748 466828  29172 S 386.0   2.9  38:49.40 java
  11322 root      20   0 9226748 466828  29172 S 388.1   2.9  38:53.32 java
  11322 root      20   0 9226748 466828  29172 S 399.0   2.9  38:57.31 java
  11322 root      20   0 9226748 466828  29172 S 388.0   2.9  39:01.19 java
  11322 root      20   0 9226748 466828  29172 S 392.0   2.9  39:05.