  11322 root      20   0 9226748 466836  29172 S   0.0   2.9  39:32.66 java
  11322 root      20   0 9226748 466836  29172 S 317.0   2.9  39:35.83 java
  11322 root      20   0 9226748 466836  29172 S 377.0   2.9  39:39.60 java
  11322 root      20   0 9226748 466836  29172 S 391.1   2.9  39:43.55 java
  11322 root      20   0 9226748 467040  29172 S 385.0   2.9  39:47.40 java
  11322 root      20   0 9226748 519188  29172 S 379.0   3.2  39:51.19 java
  11322 root      20   0 9226748 519188  29172 S 391.0   3.2  39:55.10 java
  11322 root      20   0 9226748 519188  29172 S 392.0   3.2  39:59.02 java
  11322 root      20   0 9226748 519412  29172 S 379.0   3.2  40:02.81 java
  11322 root      20   0 9226748 519412  29172 S 398.0   3.2  40:06.79 java
  11322 root      20   0 9226748 519420  29172 S 379.0   3.2  40:10.58 java
  11322 root      20   0 9226748 519420  29172 S 387.0   3.2  40:14.45 java
  11322 root      20   0 9226748 519420  29172 S 381.2   3.2  40:18.30 java
  11322 root      20   0 9226748 519420  29172 S 387.0   3.2  40:22.17 java
  11322 root      20   0 9226748 519420  29172 S 395.0   3.2  40:26.12 java
  11322 root      20   0 9226748 519420  29172 S 381.0   3.2  40:29.93 java
  11322 root      20   0 9226748 519420  29172 S 366.0   3.2  40:33.59 java
  11322 root      20   0 9226748 519420  29172 S 389.0   3.2  40:37.48 java
  11322 root      20   0 9226748 519420  29172 S 393.0   3.2  40:41.41 java
  11322 root      20   0 9226748 519668  29172 S 389.0   3.2  40:45.30 java
  11322 root      20   0 9226748 519668  29172 S 390.0   3.2  40:49.20 java
  11322 root      20   0 9226748 519908  29172 S 366.0   3.2  40:52.86 java
  11322 root      20   0 9226748 519908  29172 S 388.1   3.2  40:56.78 java
  11322 root      20   0 9226748 519908  29172 S 378.0   3.2  41:00.56 java
  11322 root      20   0 9226748 519908  29172 S 393.0   3.2  41:04.49 java
  11322 root      20   0 9226748 519908  29172 S 392.0   3.2  41:08.41 java
  11322 root      20   0 9226748 519908  29172 S 379.0   3.2  41:12.20 java
  11322 root      20   0 9226748 519908  29172 S 384.0   3.2  41:16.04 java
  11322 root      20   0 9226748 520360  29172 S 390.0   3.2  41:19.94 java
  11322 root      20   0 9226748 520360  29172 S 392.0   3.2  41:23.86 java
  11322 root      20   0 9226748 520360  29172 S 394.0   3.2  41:27.80 java
  11322 root      20   0 9226748 520360  29172 S 388.0   3.2  41:31.68 java
  11322 root      20   0 9226748 520360  29172 S 390.1   3.2  41:35.62 java
  11322 root      20   0 9226748 520360  29172 S 392.0   3.2  41:39.54 java
  11322 root      20   0 9226748 520360  29172 S 385.0   3.2  41:43.39 java
  11322 root      20   0 9226748 520360  29172 S 390.0   3.2  41:47.29 java
  11322 root      20   0 9226748 520360  29172 S 393.0   3.2  41:51.22 java
  11322 root      20   0 9226748 520360  29172 S 387.0   3.2  41:55.09 java
  11322 root      20   0 9226748 520360  29172 S 388.0   3.2  41:58.97 java
  11322 root      20   0 9226748 520360  29172 S 388.0   3.2  42:02.85 java
  11322 root      20   0 9226748 520600  29172 S 391.0   3.2  42:06.76 java
  11322 root      20   0 9226748 520600  29172 S 388.0   3.2  42:10.64 java
  11322 root      20   0 9226748 520600  29172 S 391.1   3.2  42:14.59 java
  11322 root      20   0 9226748 520600  29172 S 377.0   3.2  42:18.36 java
  11322 root      20   0 9226748 520600  29172 S 384.0   3.2  42:22.20 java
  11322 root      20   0 9226748 520600  29172 S 391.0   3.2  42:26.11 java
  11322 root      20   0 9226748 520600  29172 S 381.0   3.2  42:29.92 java
  11322 root      20   0 9226748 520600  29172 S 381.0   3.2  42:33.73 java
  11322 root      20   0 9226748 520600  29172 S 388.0   3.2  42:37.61 java
  11322 root      20   0 9226748 520600  29172 S 388.0   3.2  42:41.49 java
  11322 root      20   0 9226748 520600  29172 S 390.0   3.2  42:45.39 java
  11322 root      20   0 9226748 520600  29172 S 394.0   3.2  42:49.33 java
  11322 root      20   0 9226748 520600  29172 S 384.2   3.2  42:53.21 java
  11322 root      20   0 9226748 520600  29172 S 369.0   3.2  42:56.