  12262 root      20   0   13.6g 593480  29028 S 126.7   3.6   9:22.89 java
  12262 root      20   0   13.6g 593480  29028 S 273.0   3.6   9:25.62 java
  12262 root      20   0   13.6g 593480  29028 S 273.0   3.6   9:28.35 java
  12262 root      20   0   13.6g 593564  29028 S 276.0   3.6   9:31.11 java
  12262 root      20   0   13.6g 593564  29028 S 272.0   3.6   9:33.83 java
  12262 root      20   0   13.6g 593564  29028 S 272.0   3.6   9:36.55 java
  12262 root      20   0   13.6g 593564  29028 S 271.0   3.6   9:39.26 java
  12262 root      20   0   13.6g 593564  29028 S 273.0   3.6   9:41.99 java
  12262 root      20   0   13.6g 593740  29028 S 273.3   3.6   9:44.75 java
  12262 root      20   0   13.6g 593740  29028 S 276.0   3.6   9:47.51 java
  12262 root      20   0   13.6g 593740  29028 S 272.0   3.6   9:50.23 java
  12262 root      20   0   13.6g 594104  29028 S 276.0   3.6   9:52.99 java
  12262 root      20   0   13.6g 594496  29028 S 276.0   3.6   9:55.75 java
  12262 root      20   0   13.6g 594676  29028 S 271.0   3.6   9:58.46 java
  12262 root      20   0   13.6g 594676  29028 S 270.0   3.6  10:01.16 java
  12262 root      20   0   13.6g 595736  29028 S 273.0   3.7  10:03.89 java
  12262 root      20   0   13.6g 595736  29028 S 278.0   3.7  10:06.67 java
  12262 root      20   0   13.6g 595736  29028 S 276.0   3.7  10:09.43 java
  12262 root      20   0   13.6g 595736  29028 S 268.3   3.7  10:12.14 java
  12262 root      20   0   13.6g 595736  29028 S 271.0   3.7  10:14.85 java
  12262 root      20   0   13.6g 595736  29028 S 271.0   3.7  10:17.56 java
  12262 root      20   0   13.6g 596220  29028 S 274.0   3.7  10:20.30 java
  12262 root      20   0   13.6g 596220  29028 S 267.0   3.7  10:22.97 java
  12262 root      20   0   13.6g 596220  29028 S 271.0   3.7  10:25.68 java
  12262 root      20   0   13.6g 596220  29028 S 273.0   3.7  10:28.41 java
  12262 root      20   0   13.6g 596320  29028 S 278.0   3.7  10:31.19 java
  12262 root      20   0   13.6g 596320  29028 S 277.0   3.7  10:33.96 java
  12262 root      20   0   13.6g 596320  29028 S 273.0   3.7  10:36.69 java
  12262 root      20   0   13.6g 597572  29028 S 270.3   3.7  10:39.42 java
  12262 root      20   0   13.6g 597660  29028 S 270.0   3.7  10:42.12 java
  12262 root      20   0   13.6g 597660  29028 S 275.0   3.7  10:44.87 java
  12262 root      20   0   13.6g 597660  29028 S 279.0   3.7  10:47.66 java
  12262 root      20   0   13.6g 597660  29028 S 274.0   3.7  10:50.40 java
  12262 root      20   0   13.6g 597660  29028 S 270.0   3.7  10:53.10 java
  12262 root      20   0   13.6g 597660  29028 S 278.0   3.7  10:55.88 java
  12262 root      20   0   13.6g 597660  29028 S 272.0   3.7  10:58.60 java
  12262 root      20   0   13.6g 597660  29028 S 274.0   3.7  11:01.34 java
  12262 root      20   0   13.6g 597660  29028 S 275.0   3.7  11:04.09 java
  12262 root      20   0   13.6g 597660  29028 S 266.3   3.7  11:06.78 java
  12262 root      20   0   13.6g 597660  29028 S 273.0   3.7  11:09.51 java
  12262 root      20   0   13.6g 597660  29028 S 270.0   3.7  11:12.21 java
  12262 root      20   0   13.6g 597660  29028 S 275.0   3.7  11:14.96 java
  12262 root      20   0   13.6g 597800  29028 S 271.0   3.7  11:17.67 java
  12262 root      20   0   13.6g 597800  29028 S 270.0   3.7  11:20.37 java
  12262 root      20   0   13.6g 597800  29028 S 272.0   3.7  11:23.09 java
  12262 root      20   0   13.6g 597940  29028 S 273.0   3.7  11:25.82 java
  12262 root      20   0   13.6g 597940  29028 S 276.0   3.7  11:28.58 java
  12262 root      20   0   13.6g 597976  29028 S 278.0   3.7  11:31.36 java
  12262 root      20   0   13.6g 597976  29028 S 269.3   3.7  11:34.08 java
  12262 root      20   0   13.6g 597976  29028 S 273.0   3.7  11:36.81 java
  12262 root      20   0   13.6g 597976  29028 S 272.0   3.7  11:39.53 java
  12262 root      20   0   13.6g 597976  29028 S 272.0   3.7  11:42.25 java
  12262 root      20   0   13.6g 597976  29028 S 274.0   3.7  11:44.99 java
  12262 root      20   0   13.6g 597976  29028 S 275.0   3.7  11:47.