  12262 root      20   0   13.6g 771940  29028 S   0.0   4.7  40:04.17 java
  12262 root      20   0   13.6g 771940  29028 S 328.0   4.7  40:07.45 java
  12262 root      20   0   13.6g 771940  29028 S 410.0   4.7  40:11.55 java
  12262 root      20   0   13.6g 771940  29028 S 399.0   4.7  40:15.58 java
  12262 root      20   0   13.6g 771940  29028 S 399.0   4.7  40:19.57 java
  12262 root      20   0   13.6g 771940  29028 S 401.0   4.7  40:23.58 java
  12262 root      20   0   13.6g 771940  29028 S 402.0   4.7  40:27.60 java
  12262 root      20   0   13.6g 771940  29028 S 398.0   4.7  40:31.58 java
  12262 root      20   0   13.6g 772344  29028 S 405.0   4.7  40:35.63 java
  12262 root      20   0   13.6g 772344  29028 S 395.0   4.7  40:39.58 java
  12262 root      20   0   13.6g 772504  29028 S 401.0   4.7  40:43.59 java
  12262 root      20   0   13.6g 772708  29028 S 404.0   4.7  40:47.63 java
  12262 root      20   0   13.6g 772708  29028 S 403.0   4.7  40:51.66 java
  12262 root      20   0   13.6g 772708  29028 S 395.0   4.7  40:55.65 java
  12262 root      20   0   13.6g 772708  29028 S 400.0   4.7  40:59.65 java
  12262 root      20   0   13.6g 772788  29028 S 404.0   4.7  41:03.69 java
  12262 root      20   0   13.6g 772788  29028 S 400.0   4.7  41:07.69 java
  12262 root      20   0   13.6g 772788  29028 S 401.0   4.7  41:11.70 java
  12262 root      20   0   13.6g 772788  29028 S 394.0   4.7  41:15.64 java
  12262 root      20   0   13.6g 772788  29028 S 405.0   4.7  41:19.69 java
  12262 root      20   0   13.6g 772788  29028 S 392.0   4.7  41:23.61 java
  12262 root      20   0   13.6g 772788  29028 S 411.0   4.7  41:27.72 java
  12262 root      20   0   13.6g 772788  29028 S 400.0   4.7  41:31.72 java
  12262 root      20   0   13.6g 773000  29028 S 397.0   4.7  41:35.73 java
  12262 root      20   0   13.6g 773000  29028 S 402.0   4.7  41:39.75 java
  12262 root      20   0   13.6g 773000  29028 S 400.0   4.7  41:43.75 java
  12262 root      20   0   13.6g 773000  29028 S 401.0   4.7  41:47.76 java
  12262 root      20   0   13.6g 773000  29028 S 401.0   4.7  41:51.77 java
  12262 root      20   0   13.6g 773000  29028 S 400.0   4.7  41:55.77 java
  12262 root      20   0   13.6g 773000  29028 S 399.0   4.7  41:59.76 java
  12262 root      20   0   13.6g 773000  29028 S 401.0   4.7  42:03.77 java
  12262 root      20   0   13.6g 773000  29028 S 400.0   4.7  42:07.77 java
  12262 root      20   0   13.6g 773128  29028 S 400.0   4.7  42:11.77 java
  12262 root      20   0   13.6g 773128  29028 S 397.0   4.7  42:15.78 java
  12262 root      20   0   13.6g 773128  29028 S 399.0   4.7  42:19.77 java
  12262 root      20   0   13.6g 773128  29028 S 400.0   4.7  42:23.77 java
  12262 root      20   0   13.6g 773288  29028 S 401.0   4.7  42:27.78 java
  12262 root      20   0   13.6g 773288  29028 S 399.0   4.7  42:31.77 java
  12262 root      20   0   13.6g 773288  29028 S 400.0   4.7  42:35.77 java
  12262 root      20   0   13.6g 773288  29028 S 400.0   4.7  42:39.77 java
  12262 root      20   0   13.6g 773288  29028 S 400.0   4.7  42:43.77 java
  12262 root      20   0   13.6g 774292  29028 S 400.0   4.7  42:47.77 java
  12262 root      20   0   13.6g 774292  29028 S 396.0   4.7  42:51.77 java
  12262 root      20   0   13.6g 774292  29028 S 400.0   4.7  42:55.77 java
  12262 root      20   0   13.6g 774292  29028 S 400.0   4.7  42:59.77 java
  12262 root      20   0   13.6g 774292  29028 S 400.0   4.7  43:03.77 java
  12262 root      20   0   13.6g 774292  29028 S 400.0   4.7  43:07.77 java
  12262 root      20   0   13.6g 774292  29028 S 400.0   4.7  43:11.77 java
  12262 root      20   0   13.6g 774292  29028 S 400.0   4.7  43:15.77 java
  12262 root      20   0   13.6g 774292  29028 S 400.0   4.7  43:19.77 java
  12262 root      20   0   13.6g 774292  29028 S 396.0   4.7  43:23.77 java
  12262 root      20   0   13.6g 774292  29028 S 400.0   4.7  43:27.77 java
  12262 root      20   0   13.6g 774556  29028 S 400.0   4.7  43:31.77 java
  12262 root      20   0   13.6g 774556  29028 S 400.0   4.7  43:35.