  12262 root      20   0   13.6g 671128  29028 S  86.7   4.1  16:06.53 java
  12262 root      20   0   13.6g 671128  29028 S 323.0   4.1  16:09.76 java
  12262 root      20   0   13.6g 671128  29028 S 396.0   4.1  16:13.76 java
  12262 root      20   0   13.6g 671128  29028 S 402.0   4.1  16:17.78 java
  12262 root      20   0   13.6g 671128  29028 S 401.0   4.1  16:21.79 java
  12262 root      20   0   13.6g 672348  29028 S 402.0   4.1  16:25.81 java
  12262 root      20   0   13.6g 672348  29028 S 400.0   4.1  16:29.81 java
  12262 root      20   0   13.6g 673100  29028 S 401.0   4.1  16:33.82 java
  12262 root      20   0   13.6g 673100  29028 S 401.0   4.1  16:37.83 java
  12262 root      20   0   13.6g 673100  29028 S 401.0   4.1  16:41.84 java
  12262 root      20   0   13.6g 673100  29028 S 401.0   4.1  16:45.85 java
  12262 root      20   0   13.6g 673336  29028 S 397.0   4.1  16:49.86 java
  12262 root      20   0   13.6g 673336  29028 S 401.0   4.1  16:53.87 java
  12262 root      20   0   13.6g 673336  29028 S 401.0   4.1  16:57.88 java
  12262 root      20   0   13.6g 673336  29028 S 402.0   4.1  17:01.90 java
  12262 root      20   0   13.6g 673336  29028 S 400.0   4.1  17:05.90 java
  12262 root      20   0   13.6g 673336  29028 S 400.0   4.1  17:09.90 java
  12262 root      20   0   13.6g 673336  29028 S 400.0   4.1  17:13.90 java
  12262 root      20   0   13.6g 673336  29028 S 401.0   4.1  17:17.91 java
  12262 root      20   0   13.6g 673336  29028 S 399.0   4.1  17:21.90 java
  12262 root      20   0   13.6g 673336  29028 S 403.0   4.1  17:25.93 java
  12262 root      20   0   13.6g 673504  29028 S 397.0   4.1  17:29.94 java
  12262 root      20   0   13.6g 673504  29028 S 401.0   4.1  17:33.95 java
  12262 root      20   0   13.6g 673504  29028 S 399.0   4.1  17:37.94 java
  12262 root      20   0   13.6g 673504  29028 S 399.0   4.1  17:41.93 java
  12262 root      20   0   13.6g 673504  29028 S 402.0   4.1  17:45.95 java
  12262 root      20   0   13.6g 673504  29028 S 403.0   4.1  17:49.98 java
  12262 root      20   0   13.6g 673504  29028 S 399.0   4.1  17:53.97 java
  12262 root      20   0   13.6g 673504  29028 S 400.0   4.1  17:57.97 java
  12262 root      20   0   13.6g 673504  29028 S 402.0   4.1  18:01.99 java
  12262 root      20   0   13.6g 673504  29028 S 399.0   4.1  18:05.98 java
  12262 root      20   0   13.6g 673744  29028 S 396.0   4.1  18:09.98 java
  12262 root      20   0   13.6g 673896  29028 S 403.0   4.1  18:14.01 java
  12262 root      20   0   13.6g 673896  29028 S 397.0   4.1  18:17.98 java
  12262 root      20   0   13.6g 675540  29028 S 404.0   4.1  18:22.02 java
  12262 root      20   0   13.6g 675540  29028 S 397.0   4.1  18:25.99 java
  12262 root      20   0   13.6g 675748  29028 S 402.0   4.1  18:30.01 java
  12262 root      20   0   13.6g 675748  29028 S 399.0   4.1  18:34.00 java
  12262 root      20   0   13.6g 675748  29028 S 401.0   4.1  18:38.01 java
  12262 root      20   0   13.6g 675748  29028 S 400.0   4.1  18:42.01 java
  12262 root      20   0   13.6g 675748  29028 S 403.0   4.1  18:46.04 java
  12262 root      20   0   13.6g 675748  29028 S 397.0   4.1  18:50.05 java
  12262 root      20   0   13.6g 675748  29028 S 397.0   4.1  18:54.02 java
  12262 root      20   0   13.6g 675748  29028 S 401.0   4.1  18:58.03 java
  12262 root      20   0   13.6g 675748  29028 S 403.0   4.1  19:02.06 java
  12262 root      20   0   13.6g 675748  29028 S 402.0   4.1  19:06.08 java
  12262 root      20   0   13.6g 675748  29028 S 397.0   4.1  19:10.05 java
  12262 root      20   0   13.6g 675840  29028 S 402.0   4.1  19:14.07 java
  12262 root      20   0   13.6g 675840  29028 S 397.0   4.1  19:18.04 java
  12262 root      20   0   13.6g 675840  29028 S 404.0   4.1  19:22.08 java
  12262 root      20   0   13.6g 675840  29028 S 396.0   4.1  19:26.04 java
  12262 root      20   0   13.6g 675840  29028 S 401.0   4.1  19:30.09 java
  12262 root      20   0   13.6g 675840  29028 S 397.0   4.1  19:34.06 java
  12262 root      20   0   13.6g 675840  29028 S 400.0   4.1  19:38.