  58277 root      20   0   11.5g 208852  28912 S 366.7   1.3   0:05.59 java
  58277 root      20   0   13.4g 257516  28912 S 402.0   1.6   0:09.61 java
  58277 root      20   0   13.6g 294580  28912 S 396.0   1.8   0:13.61 java
  58277 root      20   0   13.6g 308492  28912 S 399.0   1.9   0:17.60 java
  58277 root      20   0   13.6g 339432  28912 S 401.0   2.1   0:21.61 java
  58277 root      20   0   13.6g 356604  28912 S 400.0   2.2   0:25.61 java
  58277 root      20   0   13.6g 388096  28912 S 400.0   2.4   0:29.61 java
  58277 root      20   0   13.6g 402200  28912 S 400.0   2.5   0:33.61 java
  58277 root      20   0   13.6g 435632  28912 S 400.0   2.7   0:37.61 java
  58277 root      20   0   13.6g 448008  28912 S 399.0   2.7   0:41.60 java
  58277 root      20   0   13.6g 479888  28912 S 396.0   2.9   0:45.60 java
  58277 root      20   0   13.6g 497296  28912 S 401.0   3.0   0:49.61 java
  58277 root      20   0   13.6g 505600  28912 S 400.0   3.1   0:53.61 java
  58277 root      20   0   13.6g 514976  28912 S 399.0   3.2   0:57.60 java
  58277 root      20   0   13.6g 505016  28912 S 400.0   3.1   1:01.60 java
  58277 root      20   0   13.6g 507776  28912 S 401.0   3.1   1:05.61 java
  58277 root      20   0   13.6g 508552  28912 S 399.0   3.1   1:09.60 java
  58277 root      20   0   13.6g 507580  28912 S 401.0   3.1   1:13.61 java
  58277 root      20   0   13.6g 508892  28912 S 395.0   3.1   1:17.60 java
  58277 root      20   0   13.6g 503232  28912 S 117.0   3.1   1:18.77 java
  58277 root      20   0   13.6g 503288  28912 S 104.0   3.1   1:19.81 java
  58277 root      20   0   13.6g 503512  28976 S 104.0   3.1   1:20.85 java
  58277 root      20   0   13.6g 503512  28976 S 104.0   3.1   1:21.89 java
  58277 root      20   0   13.6g 503512  28976 S  98.0   3.1   1:22.87 java
  58277 root      20   0   13.6g 503512  28976 S 101.0   3.1   1:23.88 java
  58277 root      20   0   13.6g 503512  28976 S  99.0   3.1   1:24.87 java
  58277 root      20   0   13.6g 507192  28976 S 105.0   3.1   1:25.92 java
  58277 root      20   0   13.6g 508300  28976 S 100.0   3.1   1:26.92 java
  58277 root      20   0   13.6g 508300  28976 S  97.0   3.1   1:27.89 java
  58277 root      20   0   13.6g 508916  28976 S  99.0   3.1   1:28.89 java
  58277 root      20   0   13.6g 508916  28976 S  98.0   3.1   1:29.87 java
  58277 root      20   0   13.6g 509004  28976 S  99.0   3.1   1:30.86 java
  58277 root      20   0   13.6g 509004  28976 S  97.0   3.1   1:31.83 java
  58277 root      20   0   13.6g 509004  28976 S  97.0   3.1   1:32.80 java
  58277 root      20   0   13.6g 509004  28976 S  96.0   3.1   1:33.76 java
  58277 root      20   0   13.6g 509004  28976 S  99.0   3.1   1:34.75 java
  58277 root      20   0   13.6g 509004  28976 S  95.0   3.1   1:35.70 java
  58277 root      20   0   13.6g 509140  28976 S  97.0   3.1   1:36.67 java
  58277 root      20   0   13.6g 509140  28976 S  97.0   3.1   1:37.64 java
  58277 root      20   0   13.6g 509140  28976 S  94.1   3.1   1:38.59 java
  58277 root      20   0   13.6g 509140  28976 S  95.0   3.1   1:39.54 java
  58277 root      20   0   13.6g 509140  28976 S  95.0   3.1   1:40.49 java
  58277 root      20   0   13.6g 509140  28976 S  96.0   3.1   1:41.45 java
  58277 root      20   0   13.6g 509320  28976 S  96.0   3.1   1:42.41 java
  58277 root      20   0   13.6g 509320  28976 S  95.0   3.1   1:43.36 java
  58277 root      20   0   13.6g 509320  28976 S  94.0   3.1   1:44.30 java
  58277 root      20   0   13.6g 510368  28976 S  96.0   3.1   1:45.26 java
  58277 root      20   0   13.6g 510368  28976 S  95.0   3.1   1:46.21 java
  58277 root      20   0   13.6g 510808  28976 S  98.0   3.1   1:47.19 java
  58277 root      20   0   13.6g 510808  28976 S  95.0   3.1   1:48.15 java
  58277 root      20   0   13.6g 510808  28976 S  96.0   3.1   1:49.11 java
  58277 root      20   0   13.6g 510808  28976 S  96.0   3.1   1:50.07 java
  58277 root      20   0   13.6g 510808  28976 S  95.0   3.1   1:51.02 java
  58277 root      20   0   13.6g 510808  28976 S  96.0   3.1   1:51.