  11322 root      20   0 9226748 463144  29172 S   0.0   2.8  28:24.51 java
  11322 root      20   0 9226748 463144  29172 S 262.0   2.8  28:27.13 java
  11322 root      20   0 9226748 463144  29172 S 353.0   2.8  28:30.66 java
  11322 root      20   0 9226748 463360  29172 S 346.5   2.8  28:34.16 java
  11322 root      20   0 9226748 463576  29172 S 367.0   2.8  28:37.83 java
  11322 root      20   0 9226748 463576  29172 S 367.0   2.8  28:41.50 java
  11322 root      20   0 9226748 463576  29172 S 370.0   2.8  28:45.20 java
  11322 root      20   0 9226748 463576  29172 S 365.0   2.8  28:48.85 java
  11322 root      20   0 9226748 463576  29172 S 360.0   2.8  28:52.45 java
  11322 root      20   0 9226748 463576  29172 S 374.0   2.8  28:56.19 java
  11322 root      20   0 9226748 463576  29172 S 356.0   2.8  28:59.75 java
  11322 root      20   0 9226748 463576  29172 S 380.0   2.8  29:03.55 java
  11322 root      20   0 9226748 463576  29172 S 363.0   2.8  29:07.18 java
  11322 root      20   0 9226748 463576  29172 S 361.4   2.8  29:10.83 java
  11322 root      20   0 9226748 463576  29172 S 356.0   2.8  29:14.39 java
  11322 root      20   0 9226748 463576  29172 S 372.0   2.8  29:18.11 java
  11322 root      20   0 9226748 463576  29172 S 365.0   2.8  29:21.76 java
  11322 root      20   0 9226748 463576  29172 S 366.0   2.8  29:25.42 java
  11322 root      20   0 9226748 463576  29172 S 368.0   2.8  29:29.10 java
  11322 root      20   0 9226748 463576  29172 S 360.0   2.8  29:32.70 java
  11322 root      20   0 9226748 463576  29172 S 363.0   2.8  29:36.33 java
  11322 root      20   0 9226748 463576  29172 S 358.0   2.8  29:39.91 java
  11322 root      20   0 9226748 463576  29172 S 372.0   2.8  29:43.63 java
  11322 root      20   0 9226748 463576  29172 S 364.4   2.8  29:47.31 java
  11322 root      20   0 9226748 463576  29172 S 363.0   2.8  29:50.94 java
  11322 root      20   0 9226748 463576  29172 S 372.0   2.8  29:54.66 java
  11322 root      20   0 9226748 463576  29172 S 361.0   2.8  29:58.27 java
  11322 root      20   0 9226748 463576  29172 S 374.0   2.8  30:02.01 java
  11322 root      20   0 9226748 463576  29172 S 362.0   2.8  30:05.63 java
  11322 root      20   0 9226748 463576  29172 S 364.0   2.8  30:09.27 java
  11322 root      20   0 9226748 463792  29172 S 364.0   2.8  30:12.91 java
  11322 root      20   0 9226748 463792  29172 S 366.0   2.8  30:16.57 java
  11322 root      20   0 9226748 463792  29172 S 362.0   2.8  30:20.19 java
  11322 root      20   0 9226748 464020  29172 S 362.4   2.8  30:23.85 java
  11322 root      20   0 9226748 464020  29172 S 362.0   2.8  30:27.47 java
  11322 root      20   0 9226748 464020  29172 S 365.0   2.8  30:31.12 java
  11322 root      20   0 9226748 464020  29172 S 368.0   2.8  30:34.80 java
  11322 root      20   0 9226748 464020  29172 S 367.0   2.8  30:38.47 java
  11322 root      20   0 9226748 464020  29172 S 364.0   2.8  30:42.11 java
  11322 root      20   0 9226748 464020  29172 S 363.0   2.8  30:45.74 java
  11322 root      20   0 9226748 464020  29172 S 366.0   2.8  30:49.40 java
  11322 root      20   0 9226748 464020  29172 S 364.0   2.8  30:53.04 java
  11322 root      20   0 9226748 464020  29172 S 370.0   2.8  30:56.74 java
  11322 root      20   0 9226748 464020  29172 S 367.3   2.8  31:00.45 java
  11322 root      20   0 9226748 464020  29172 S 365.0   2.8  31:04.10 java
  11322 root      20   0 9226748 464020  29172 S 364.0   2.8  31:07.74 java
  11322 root      20   0 9226748 464020  29172 S 366.0   2.8  31:11.40 java
  11322 root      20   0 9226748 464020  29172 S 362.0   2.8  31:15.02 java
  11322 root      20   0 9226748 464020  29172 S 374.0   2.8  31:18.76 java
  11322 root      20   0 9226748 464020  29172 S 364.0   2.8  31:22.40 java
  11322 root      20   0 9226748 464020  29172 S 367.0   2.8  31:26.07 java
  11322 root      20   0 9226748 464020  29172 S 365.0   2.8  31:29.72 java
  11322 root      20   0 9226748 464020  29172 S 364.0   2.8  31:33.36 java
  11322 root      20   0 9226748 464020  29172 S 372.3   2.8  31:37.