  12262 root      20   0   13.6g 588016  29028 S  60.0   3.6   4:41.95 java
  12262 root      20   0   13.6g 588032  29028 S 165.3   3.6   4:43.62 java
  12262 root      20   0   13.6g 588032  29028 S 200.0   3.6   4:45.62 java
  12262 root      20   0   13.6g 588032  29028 S 202.0   3.6   4:47.64 java
  12262 root      20   0   13.6g 588140  29028 S 200.0   3.6   4:49.64 java
  12262 root      20   0   13.6g 588252  29028 S 200.0   3.6   4:51.64 java
  12262 root      20   0   13.6g 588252  29028 S 200.0   3.6   4:53.64 java
  12262 root      20   0   13.6g 588308  29028 S 201.0   3.6   4:55.65 java
  12262 root      20   0   13.6g 588308  29028 S 199.0   3.6   4:57.64 java
  12262 root      20   0   13.6g 588308  29028 S 199.0   3.6   4:59.63 java
  12262 root      20   0   13.6g 588428  29028 S 203.0   3.6   5:01.66 java
  12262 root      20   0   13.6g 588428  29028 S 200.0   3.6   5:03.66 java
  12262 root      20   0   13.6g 588644  29028 S 212.9   3.6   5:05.81 java
  12262 root      20   0   13.6g 588644  29028 S 200.0   3.6   5:07.81 java
  12262 root      20   0   13.6g 588644  29028 S 200.0   3.6   5:09.81 java
  12262 root      20   0   13.6g 588644  29028 S 201.0   3.6   5:11.82 java
  12262 root      20   0   13.6g 588644  29028 S 200.0   3.6   5:13.82 java
  12262 root      20   0   13.6g 588920  29028 S 200.0   3.6   5:15.82 java
  12262 root      20   0   13.6g 588920  29028 S 199.0   3.6   5:17.81 java
  12262 root      20   0   13.6g 588920  29028 S 202.0   3.6   5:19.83 java
  12262 root      20   0   13.6g 588920  29028 S 201.0   3.6   5:21.84 java
  12262 root      20   0   13.6g 588920  29028 S 202.0   3.6   5:23.86 java
  12262 root      20   0   13.6g 588920  29028 S 198.0   3.6   5:25.86 java
  12262 root      20   0   13.6g 588920  29028 S 201.0   3.6   5:27.87 java
  12262 root      20   0   13.6g 588920  29028 S 198.0   3.6   5:29.85 java
  12262 root      20   0   13.6g 589056  29028 S 201.0   3.6   5:31.86 java
  12262 root      20   0   13.6g 589056  29028 S 200.0   3.6   5:33.86 java
  12262 root      20   0   13.6g 589056  29028 S 201.0   3.6   5:35.87 java
  12262 root      20   0   13.6g 589056  29028 S 201.0   3.6   5:37.88 java
  12262 root      20   0   13.6g 589056  29028 S 201.0   3.6   5:39.89 java
  12262 root      20   0   13.6g 589056  29028 S 200.0   3.6   5:41.89 java
  12262 root      20   0   13.6g 589056  29028 S 202.0   3.6   5:43.91 java
  12262 root      20   0   13.6g 589056  29028 S 200.0   3.6   5:45.93 java
  12262 root      20   0   13.6g 589056  29028 S 201.0   3.6   5:47.94 java
  12262 root      20   0   13.6g 589056  29028 S 201.0   3.6   5:49.95 java
  12262 root      20   0   13.6g 589056  29028 S 202.0   3.6   5:51.97 java
  12262 root      20   0   13.6g 589056  29028 S 202.0   3.6   5:53.99 java
  12262 root      20   0   13.6g 589056  29028 S 199.0   3.6   5:55.98 java
  12262 root      20   0   13.6g 589288  29028 S 202.0   3.6   5:58.00 java
  12262 root      20   0   13.6g 589288  29028 S 202.0   3.6   6:00.02 java
  12262 root      20   0   13.6g 589288  29028 S 202.0   3.6   6:02.04 java
  12262 root      20   0   13.6g 589288  29028 S 201.0   3.6   6:04.05 java
  12262 root      20   0   13.6g 589288  29028 S 198.0   3.6   6:06.05 java
  12262 root      20   0   13.6g 589288  29028 S 201.0   3.6   6:08.06 java
  12262 root      20   0   13.6g 589288  29028 S 201.0   3.6   6:10.07 java
  12262 root      20   0   13.6g 589432  29028 S 201.0   3.6   6:12.08 java
  12262 root      20   0   13.6g 589620  29028 S 202.0   3.6   6:14.10 java
  12262 root      20   0   13.6g 589620  29028 S 200.0   3.6   6:16.10 java
  12262 root      20   0   13.6g 589620  29028 S 200.0   3.6   6:18.10 java
  12262 root      20   0   13.6g 589620  29028 S 203.0   3.6   6:20.13 java
  12262 root      20   0   13.6g 589620  29028 S 200.0   3.6   6:22.13 java
  12262 root      20   0   13.6g 589620  29028 S 201.0   3.6   6:24.14 java
  12262 root      20   0   13.6g 589620  29028 S 198.0   3.6   6:26.14 java
  12262 root      20   0   13.6g 589620  29028 S 200.0   3.6   6:28.