  11322 root      20   0 9226748 585252  29172 S   0.0   3.6  51:15.60 java
  11322 root      20   0 9226748 585432  29172 S 379.0   3.6  51:19.39 java
  11322 root      20   0 9226748 585432  29172 S 398.0   3.6  51:23.37 java
  11322 root      20   0 9226748 585432  29172 S 401.0   3.6  51:27.38 java
  11322 root      20   0 9226748 585868  29172 S 398.0   3.6  51:31.36 java
  11322 root      20   0 9226748 585868  29172 S 399.0   3.6  51:35.35 java
  11322 root      20   0 9226748 585868  29172 S 396.0   3.6  51:39.35 java
  11322 root      20   0 9226748 585868  29172 S 398.0   3.6  51:43.33 java
  11322 root      20   0 9226748 585868  29172 S 397.0   3.6  51:47.30 java
  11322 root      20   0 9226748 585868  29172 S 397.0   3.6  51:51.27 java
  11322 root      20   0 9226748 585868  29172 S 398.0   3.6  51:55.25 java
  11322 root      20   0 9226748 585868  29172 S 400.0   3.6  51:59.25 java
  11322 root      20   0 9226748 585868  29172 S 397.0   3.6  52:03.22 java
  11322 root      20   0 9226748 585868  29172 S 400.0   3.6  52:07.22 java
  11322 root      20   0 9226748 585868  29172 S 399.0   3.6  52:11.21 java
  11322 root      20   0 9226748 585868  29172 S 399.0   3.6  52:15.20 java
  11322 root      20   0 9226748 585868  29172 S 397.0   3.6  52:19.21 java
  11322 root      20   0 9226748 585868  29172 S 400.0   3.6  52:23.21 java
  11322 root      20   0 9226748 585868  29172 S 398.0   3.6  52:27.19 java
  11322 root      20   0 9226748 585868  29172 S 399.0   3.6  52:31.18 java
  11322 root      20   0 9226748 585868  29172 S 398.0   3.6  52:35.16 java
  11322 root      20   0 9226748 585868  29172 S 399.0   3.6  52:39.15 java
  11322 root      20   0 9226748 585868  29172 S 397.0   3.6  52:43.12 java
  11322 root      20   0 9226748 585868  29172 S 399.0   3.6  52:47.11 java
  11322 root      20   0 9226748 585868  29172 S 400.0   3.6  52:51.11 java
  11322 root      20   0 9226748 585868  29172 S 396.0   3.6  52:55.07 java
  11322 root      20   0 9226748 585868  29172 S 395.0   3.6  52:59.06 java
  11322 root      20   0 9226748 586108  29172 S 400.0   3.6  53:03.06 java
  11322 root      20   0 9226748 586108  29172 S 398.0   3.6  53:07.04 java
  11322 root      20   0 9226748 586108  29172 S 401.0   3.6  53:11.05 java
  11322 root      20   0 9226748 586108  29172 S 398.0   3.6  53:15.03 java
  11322 root      20   0 9226748 586108  29172 S 396.0   3.6  53:18.99 java
  11322 root      20   0 9226748 586108  29172 S 399.0   3.6  53:22.98 java
  11322 root      20   0 9226748 586108  29172 S 400.0   3.6  53:26.98 java
  11322 root      20   0 9226748 586320  29172 S 399.0   3.6  53:30.97 java
  11322 root      20   0 9226748 586320  29172 S 398.0   3.6  53:34.95 java
  11322 root      20   0 9226748 586320  29172 S 396.0   3.6  53:38.95 java
  11322 root      20   0 9226748 586320  29172 S 397.0   3.6  53:42.92 java
  11322 root      20   0 9226748 586320  29172 S 398.0   3.6  53:46.90 java
  11322 root      20   0 9226748 586320  29172 S 398.0   3.6  53:50.88 java
  11322 root      20   0 9226748 586320  29172 S 400.0   3.6  53:54.88 java
  11322 root      20   0 9226748 586320  29172 S 390.0   3.6  53:58.78 java
  11322 root      20   0 9226748 586320  29172 S 398.0   3.6  54:02.76 java
  11322 root      20   0 9226748 586320  29172 S 397.0   3.6  54:06.73 java
  11322 root      20   0 9226748 586320  29172 S 398.0   3.6  54:10.71 java
  11322 root      20   0 9226748 586320  29172 S 387.1   3.6  54:14.62 java
  11322 root      20   0 9226748 586320  29172 S 395.0   3.6  54:18.57 java
  11322 root      20   0 9226748 586320  29172 S 396.0   3.6  54:22.53 java
  11322 root      20   0 9226748 586320  29172 S 397.0   3.6  54:26.50 java
  11322 root      20   0 9226748 586320  29172 S 397.0   3.6  54:30.47 java
  11322 root      20   0 9226748 586320  29172 S 397.0   3.6  54:34.44 java
  11322 root      20   0 9226748 586320  29172 S 400.0   3.6  54:38.44 java
  11322 root      20   0 9226748 586320  29172 S 398.0   3.6  54:42.42 java
  11322 root      20   0 9226748 586320  29172 S 389.1   3.6  54:46.