  58277 root      20   0   13.6g 884984  28976 S 173.3   5.4  32:12.52 java
  58277 root      20   0   13.6g 884984  28976 S 412.0   5.4  32:16.64 java
  58277 root      20   0   13.6g 884984  28976 S 400.0   5.4  32:20.64 java
  58277 root      20   0   13.6g 884984  28976 S 403.0   5.4  32:24.67 java
  58277 root      20   0   13.6g 884984  28976 S 401.0   5.4  32:28.68 java
  58277 root      20   0   13.6g 884984  28976 S 402.0   5.4  32:32.70 java
  58277 root      20   0   13.6g 884984  28976 S 395.0   5.4  32:36.69 java
  58277 root      20   0   13.6g 884984  28976 S 402.0   5.4  32:40.71 java
  58277 root      20   0   13.6g 884984  28976 S 402.0   5.4  32:44.73 java
  58277 root      20   0   13.6g 884984  28976 S 399.0   5.4  32:48.72 java
  58277 root      20   0   13.6g 884984  28976 S 398.0   5.4  32:52.70 java
  58277 root      20   0   13.6g 884984  28976 S 402.0   5.4  32:56.72 java
  58277 root      20   0   13.6g 884984  28976 S 402.0   5.4  33:00.74 java
  58277 root      20   0   13.6g 885228  28976 S 393.0   5.4  33:04.67 java
  58277 root      20   0   13.6g 885228  28976 S 405.0   5.4  33:08.72 java
  58277 root      20   0   13.6g 885228  28976 S 399.0   5.4  33:12.71 java
  58277 root      20   0   13.6g 885228  28976 S 405.0   5.4  33:16.76 java
  58277 root      20   0   13.6g 885464  28976 S 396.0   5.4  33:20.76 java
  58277 root      20   0   13.6g 885464  28976 S 403.0   5.4  33:24.79 java
  58277 root      20   0   13.6g 885464  28976 S 398.0   5.4  33:28.77 java
  58277 root      20   0   13.6g 885464  28976 S 397.0   5.4  33:32.74 java
  58277 root      20   0   13.6g 885464  28976 S 405.0   5.4  33:36.79 java
  58277 root      20   0   13.6g 885632  28976 S 401.0   5.4  33:40.80 java
  58277 root      20   0   13.6g 885632  28976 S 398.0   5.4  33:44.78 java
  58277 root      20   0   13.6g 885784  28976 S 400.0   5.4  33:48.78 java
  58277 root      20   0   13.6g 885784  28976 S 401.0   5.4  33:52.79 java
  58277 root      20   0   13.6g 885784  28976 S 404.0   5.4  33:56.83 java
  58277 root      20   0   13.6g 885784  28976 S 396.0   5.4  34:00.83 java
  58277 root      20   0   13.6g 885784  28976 S 398.0   5.4  34:04.81 java
  58277 root      20   0   13.6g 885784  28976 S 400.0   5.4  34:08.81 java
  58277 root      20   0   13.6g 885784  28976 S 401.0   5.4  34:12.82 java
  58277 root      20   0   13.6g 885784  28976 S 401.0   5.4  34:16.83 java
  58277 root      20   0   13.6g 885784  28976 S 400.0   5.4  34:20.83 java
  58277 root      20   0   13.6g 885784  28976 S 400.0   5.4  34:24.83 java
  58277 root      20   0   13.6g 885784  28976 S 398.0   5.4  34:28.81 java
  58277 root      20   0   13.6g 885784  28976 S 402.0   5.4  34:32.83 java
  58277 root      20   0   13.6g 885784  28976 S 396.0   5.4  34:36.83 java
  58277 root      20   0   13.6g 885784  28976 S 400.0   5.4  34:40.83 java
  58277 root      20   0   13.6g 885784  28976 S 400.0   5.4  34:44.83 java
  58277 root      20   0   13.6g 886048  28976 S 401.0   5.4  34:48.84 java
  58277 root      20   0   13.6g 886048  28976 S 399.0   5.4  34:52.83 java
  58277 root      20   0   13.6g 886048  28976 S 400.0   5.4  34:56.83 java
  58277 root      20   0   13.6g 886196  28976 S 400.0   5.4  35:00.83 java
  58277 root      20   0   13.6g 886196  28976 S 400.0   5.4  35:04.83 java
  58277 root      20   0   13.6g 886196  28976 S 400.0   5.4  35:08.83 java
  58277 root      20   0   13.6g 886196  28976 S 397.0   5.4  35:12.84 java
  58277 root      20   0   13.6g 886196  28976 S 399.0   5.4  35:16.83 java
  58277 root      20   0   13.6g 886196  28976 S 400.0   5.4  35:20.83 java
  58277 root      20   0   13.6g 886196  28976 S 400.0   5.4  35:24.83 java
  58277 root      20   0   13.6g 886268  28976 S 400.0   5.4  35:28.83 java
  58277 root      20   0   13.6g 886268  28976 S 400.0   5.4  35:32.83 java
  58277 root      20   0   13.6g 886268  28976 S 401.0   5.4  35:36.84 java
  58277 root      20   0   13.6g 886268  28976 S 394.1   5.4  35:40.82 java
  58277 root      20   0   13.6g 886268  28976 S 401.0   5.4  35:44.