  58277 root      20   0   13.6g 897076  28976 S   0.0   5.5  44:11.96 java
  58277 root      20   0   13.6g 897076  28976 S 383.0   5.5  44:15.79 java
  58277 root      20   0   13.6g 897076  28976 S 401.0   5.5  44:19.80 java
  58277 root      20   0   13.6g 897076  28976 S 400.0   5.5  44:23.80 java
  58277 root      20   0   13.6g 898916  28976 S 399.0   5.5  44:27.79 java
  58277 root      20   0   13.6g 898972  28976 S 400.0   5.5  44:31.79 java
  58277 root      20   0   13.6g 898972  28976 S 400.0   5.5  44:35.79 java
  58277 root      20   0   13.6g 898972  28976 S 397.0   5.5  44:39.80 java
  58277 root      20   0   13.6g 898972  28976 S 401.0   5.5  44:43.81 java
  58277 root      20   0   13.6g 898972  28976 S 401.0   5.5  44:47.82 java
  58277 root      20   0   13.6g 899524  28976 S 400.0   5.5  44:51.82 java
  58277 root      20   0   13.6g 899524  28976 S 400.0   5.5  44:55.82 java
  58277 root      20   0   13.6g 899524  28976 S 402.0   5.5  44:59.84 java
  58277 root      20   0   13.6g 899648  28976 S 400.0   5.5  45:03.84 java
  58277 root      20   0   13.6g 899648  28976 S 402.0   5.5  45:07.86 java
  58277 root      20   0   13.6g 899648  28976 S 398.0   5.5  45:11.84 java
  58277 root      20   0   13.6g 899648  28976 S 400.0   5.5  45:15.84 java
  58277 root      20   0   13.6g 899648  28976 S 399.0   5.5  45:19.87 java
  58277 root      20   0   13.6g 899648  28976 S 398.0   5.5  45:23.85 java
  58277 root      20   0   13.6g 899648  28976 S 406.0   5.5  45:27.91 java
  58277 root      20   0   13.6g 899648  28976 S 399.0   5.5  45:31.90 java
  58277 root      20   0   13.6g 899648  28976 S 398.0   5.5  45:35.88 java
  58277 root      20   0   13.6g 899648  28976 S 405.0   5.5  45:39.93 java
  58277 root      20   0   13.6g 899648  28976 S 400.0   5.5  45:43.93 java
  58277 root      20   0   13.6g 899648  28976 S 399.0   5.5  45:47.92 java
  58277 root      20   0   13.6g 899648  28976 S 401.0   5.5  45:51.93 java
  58277 root      20   0   13.6g 899648  28976 S 400.0   5.5  45:55.93 java
  58277 root      20   0   13.6g 899648  28976 S 399.0   5.5  45:59.96 java
  58277 root      20   0   13.6g 899648  28976 S 402.0   5.5  46:03.98 java
  58277 root      20   0   13.6g 900584  28976 S 401.0   5.5  46:07.99 java
  58277 root      20   0   13.6g 900584  28976 S 393.0   5.5  46:11.92 java
  58277 root      20   0   13.6g 901912  28976 S 409.0   5.5  46:16.01 java
  58277 root      20   0   13.6g 901912  28976 S 396.0   5.5  46:19.97 java
  58277 root      20   0   13.6g 901912  28976 S 401.0   5.5  46:23.98 java
  58277 root      20   0   13.6g 901912  28976 S 402.0   5.5  46:28.00 java
  58277 root      20   0   13.6g 901912  28976 S 398.0   5.5  46:31.98 java
  58277 root      20   0   13.6g 901912  28976 S 404.0   5.5  46:36.06 java
  58277 root      20   0   13.6g 902804  28976 S 397.0   5.5  46:40.03 java
  58277 root      20   0   13.6g 902804  28976 S 402.0   5.5  46:44.05 java
  58277 root      20   0   13.6g 902804  28976 S 403.0   5.5  46:48.08 java
  58277 root      20   0   13.6g 902804  28976 S 399.0   5.5  46:52.07 java
  58277 root      20   0   13.6g 902804  28976 S 404.0   5.5  46:56.11 java
  58277 root      20   0   13.6g 902804  28976 S 398.0   5.5  47:00.09 java
  58277 root      20   0   13.6g 902804  28976 S 393.0   5.5  47:04.02 java
  58277 root      20   0   13.6g 902804  28976 S 411.0   5.5  47:08.13 java
  58277 root      20   0   13.6g 902804  28976 S 397.0   5.5  47:12.10 java
  58277 root      20   0   13.6g 902804  28976 S 403.0   5.5  47:16.13 java
  58277 root      20   0   13.6g 902804  28976 S 396.0   5.5  47:20.13 java
  58277 root      20   0   13.6g 902804  28976 S 398.0   5.5  47:24.11 java
  58277 root      20   0   13.6g 902804  28976 S 400.0   5.5  47:28.11 java
  58277 root      20   0   13.6g 902804  28976 S 403.0   5.5  47:32.14 java
  58277 root      20   0   13.6g 902804  28976 S 392.0   5.5  47:36.06 java
  58277 root      20   0   13.6g 902804  28976 S 409.0   5.5  47:40.15 java
  58277 root      20   0   13.6g 902804  28976 S 401.0   5.5  47:44.