  11322 root      20   0 9226748 461596  29172 S   0.0   2.8  25:11.95 java
  11322 root      20   0 9226748 461596  29172 S 328.0   2.8  25:15.23 java
  11322 root      20   0 9226748 461596  29172 S 335.0   2.8  25:18.58 java
  11322 root      20   0 9226748 461596  29172 S 324.0   2.8  25:21.82 java
  11322 root      20   0 9226748 462040  29172 S 317.8   2.8  25:25.03 java
  11322 root      20   0 9226748 462040  29172 S 316.0   2.8  25:28.19 java
  11322 root      20   0 9226748 462040  29172 S 317.0   2.8  25:31.36 java
  11322 root      20   0 9226748 462040  29172 S 318.0   2.8  25:34.54 java
  11322 root      20   0 9226748 462040  29172 S 325.0   2.8  25:37.79 java
  11322 root      20   0 9226748 462040  29172 S 324.0   2.8  25:41.03 java
  11322 root      20   0 9226748 462040  29172 S 326.0   2.8  25:44.29 java
  11322 root      20   0 9226748 462040  29172 S 324.0   2.8  25:47.53 java
  11322 root      20   0 9226748 462264  29172 S 322.0   2.8  25:50.75 java
  11322 root      20   0 9226748 462264  29172 S 319.0   2.8  25:53.94 java
  11322 root      20   0 9226748 462264  29172 S 316.8   2.8  25:57.14 java
  11322 root      20   0 9226748 462264  29172 S 318.0   2.8  26:00.32 java
  11322 root      20   0 9226748 462264  29172 S 324.0   2.8  26:03.56 java
  11322 root      20   0 9226748 462264  29172 S 325.0   2.8  26:06.81 java
  11322 root      20   0 9226748 462264  29172 S 321.0   2.8  26:10.02 java
  11322 root      20   0 9226748 462264  29172 S 320.0   2.8  26:13.22 java
  11322 root      20   0 9226748 462464  29172 S 317.0   2.8  26:16.39 java
  11322 root      20   0 9226748 462464  29172 S 324.0   2.8  26:19.63 java
  11322 root      20   0 9226748 462464  29172 S 328.0   2.8  26:22.91 java
  11322 root      20   0 9226748 462464  29172 S 319.0   2.8  26:26.10 java
  11322 root      20   0 9226748 462464  29172 S 321.8   2.8  26:29.35 java
  11322 root      20   0 9226748 462464  29172 S 328.0   2.8  26:32.63 java
  11322 root      20   0 9226748 462464  29172 S 319.0   2.8  26:35.82 java
  11322 root      20   0 9226748 462464  29172 S 318.0   2.8  26:39.00 java
  11322 root      20   0 9226748 462692  29172 S 326.0   2.8  26:42.26 java
  11322 root      20   0 9226748 462692  29172 S 323.0   2.8  26:45.49 java
  11322 root      20   0 9226748 462692  29172 S 322.0   2.8  26:48.71 java
  11322 root      20   0 9226748 462692  29172 S 316.0   2.8  26:51.87 java
  11322 root      20   0 9226748 462692  29172 S 318.0   2.8  26:55.05 java
  11322 root      20   0 9226748 462692  29172 S 318.0   2.8  26:58.23 java
  11322 root      20   0 9226748 462692  29172 S 310.9   2.8  27:01.37 java
  11322 root      20   0 9226748 462692  29172 S 312.0   2.8  27:04.49 java
  11322 root      20   0 9226748 462692  29172 S 325.0   2.8  27:07.74 java
  11322 root      20   0 9226748 462692  29172 S 321.0   2.8  27:10.95 java
  11322 root      20   0 9226748 462692  29172 S 318.0   2.8  27:14.13 java
  11322 root      20   0 9226748 462692  29172 S 321.0   2.8  27:17.34 java
  11322 root      20   0 9226748 462692  29172 S 318.0   2.8  27:20.52 java
  11322 root      20   0 9226748 462692  29172 S 326.0   2.8  27:23.78 java
  11322 root      20   0 9226748 462692  29172 S 315.0   2.8  27:26.93 java
  11322 root      20   0 9226748 462692  29172 S 320.0   2.8  27:30.13 java
  11322 root      20   0 9226748 462912  29172 S 311.9   2.8  27:33.28 java
  11322 root      20   0 9226748 462912  29172 S 327.0   2.8  27:36.55 java
  11322 root      20   0 9226748 462912  29172 S 316.0   2.8  27:39.71 java
  11322 root      20   0 9226748 462912  29172 S 321.0   2.8  27:42.92 java
  11322 root      20   0 9226748 463144  29172 S 311.0   2.8  27:46.03 java
  11322 root      20   0 9226748 463144  29172 S 315.0   2.8  27:49.18 java
  11322 root      20   0 9226748 463144  29172 S 321.0   2.8  27:52.39 java
  11322 root      20   0 9226748 463144  29172 S 324.0   2.8  27:55.63 java
  11322 root      20   0 9226748 463144  29172 S 320.0   2.8  27:58.83 java
  11322 root      20   0 9226748 463144  29172 S 321.0   2.8  28:02.