  11322 root      20   0 9226748 458712  29172 S   0.0   2.8  15:43.35 java
  11322 root      20   0 9226748 458712  29172 S   1.0   2.8  15:43.36 java
  11322 root      20   0 9226748 458712  29172 S   0.0   2.8  15:43.36 java
  11322 root      20   0 9226748 458712  29172 S   0.0   2.8  15:43.36 java
  11322 root      20   0 9226748 458712  29172 S   0.0   2.8  15:43.36 java
  11322 root      20   0 9226748 458712  29172 S   0.0   2.8  15:43.36 java
  11322 root      20   0 9226748 458712  29172 S   0.0   2.8  15:43.36 java
  11322 root      20   0 9226748 458712  29172 S   0.0   2.8  15:43.36 java
  11322 root      20   0 9226748 458712  29172 S   0.0   2.8  15:43.36 java
  11322 root      20   0 9226748 458712  29172 S   0.0   2.8  15:43.36 java
  11322 root      20   0 9226748 458712  29172 S   7.0   2.8  15:43.43 java
  11322 root      20   0 9226748 458712  29172 S 326.0   2.8  15:46.69 java
  11322 root      20   0 9226748 458712  29172 S 312.0   2.8  15:49.81 java
  11322 root      20   0 9226748 458712  29172 S 304.0   2.8  15:52.85 java
  11322 root      20   0 9226748 459168  29172 S 307.0   2.8  15:55.92 java
  11322 root      20   0 9226748 459168  29172 S 304.0   2.8  15:58.99 java
  11322 root      20   0 9226748 459168  29172 S 323.0   2.8  16:02.22 java
  11322 root      20   0 9226748 459168  29172 S 324.0   2.8  16:05.46 java
  11322 root      20   0 9226748 459168  29172 S 307.0   2.8  16:08.53 java
  11322 root      20   0 9226748 459168  29172 S 305.0   2.8  16:11.58 java
  11322 root      20   0 9226748 459168  29172 S 299.0   2.8  16:14.57 java
  11322 root      20   0 9226748 459168  29172 S 301.0   2.8  16:17.58 java
  11322 root      20   0 9226748 459168  29172 S 309.0   2.8  16:20.67 java
  11322 root      20   0 9226748 459168  29172 S 310.0   2.8  16:23.77 java
  11322 root      20   0 9226748 459168  29172 S 315.0   2.8  16:26.92 java
  11322 root      20   0 9226748 459168  29172 S 291.1   2.8  16:29.86 java
  11322 root      20   0 9226748 459168  29172 S 314.0   2.8  16:33.00 java
  11322 root      20   0 9226748 459168  29172 S 304.0   2.8  16:36.04 java
  11322 root      20   0 9226748 459168  29172 S 303.0   2.8  16:39.07 java
  11322 root      20   0 9226748 459168  29172 S 314.0   2.8  16:42.21 java
  11322 root      20   0 9226748 459168  29172 S 314.0   2.8  16:45.35 java
  11322 root      20   0 9226748 459168  29172 S 319.0   2.8  16:48.54 java
  11322 root      20   0 9226748 459168  29172 S 303.0   2.8  16:51.57 java
  11322 root      20   0 9226748 459168  29172 S 306.0   2.8  16:54.63 java
  11322 root      20   0 9226748 459168  29172 S 304.0   2.8  16:57.67 java
  11322 root      20   0 9226748 459168  29172 S 311.9   2.8  17:00.82 java
  11322 root      20   0 9226748 459168  29172 S 306.0   2.8  17:03.88 java
  11322 root      20   0 9226748 459168  29172 S 311.0   2.8  17:06.99 java
  11322 root      20   0 9226748 459168  29172 S 303.0   2.8  17:10.02 java
  11322 root      20   0 9226748 459168  29172 S 311.0   2.8  17:13.13 java
  11322 root      20   0 9226748 459168  29172 S 305.0   2.8  17:16.18 java
  11322 root      20   0 9226748 459168  29172 S 297.0   2.8  17:19.15 java
  11322 root      20   0 9226748 459168  29172 S 296.0   2.8  17:22.11 java
  11322 root      20   0 9226748 459168  29172 S 313.0   2.8  17:25.24 java
  11322 root      20   0 9226748 459168  29172 S 303.0   2.8  17:28.27 java
  11322 root      20   0 9226748 459168  29172 S 296.0   2.8  17:31.26 java
  11322 root      20   0 9226748 459168  29172 S 312.0   2.8  17:34.38 java
  11322 root      20   0 9226748 459168  29172 S 306.0   2.8  17:37.44 java
  11322 root      20   0 9226748 459168  29172 S 298.0   2.8  17:40.42 java
  11322 root      20   0 9226748 459168  29172 S 310.0   2.8  17:43.52 java
  11322 root      20   0 9226748 459168  29172 S 322.0   2.8  17:46.74 java
  11322 root      20   0 9226748 459376  29172 S 302.0   2.8  17:49.76 java
  11322 root      20   0 9226748 459376  29172 S 304.0   2.8  17:52.80 java
  11322 root      20   0 9226748 459376  29172 S 314.0   2.8  17:55.