  21255 1001      20   0 9691312 440912  52280 S  12.5   2.7  11:39.19 application
  21255 1001      20   0 9684140 442432  52280 S 394.0   2.7  11:43.13 application
  21255 1001      20   0 9685164 443224  52280 S 400.0   2.7  11:47.13 application
  21255 1001      20   0 9686188 444544  52280 S 400.0   2.7  11:51.13 application
  21255 1001      20   0 9687212 445064  52280 S 400.0   2.7  11:55.13 application
  21255 1001      20   0 9687212 446120  52280 S 400.0   2.7  11:59.13 application
  21255 1001      20   0 9688236 446908  52280 S 400.0   2.7  12:03.13 application
  21255 1001      20   0 9689260 447436  52280 S 399.0   2.7  12:07.12 application
  21255 1001      20   0 9689260 447964  52280 S 397.0   2.7  12:11.13 application
  21255 1001      20   0 9691308 449548  52280 S 402.0   2.7  12:15.15 application
  21255 1001      20   0 9692332 450336  52280 S 401.0   2.7  12:19.16 application
  21255 1001      20   0 9693356 450864  52280 S 401.0   2.8  12:23.17 application
  21255 1001      20   0 9694380 451920  52280 S 402.0   2.8  12:27.19 application
  21255 1001      20   0 9694380 452712  52280 S 400.0   2.8  12:31.19 application
  21255 1001      20   0 9695404 453768  52280 S 401.0   2.8  12:35.20 application
  21255 1001      20   0 9696428 454800  52280 S 402.0   2.8  12:39.22 application
  21255 1001      20   0 9697452 455324  52280 S 400.0   2.8  12:43.22 application
  21255 1001      20   0 9697452 455588  52280 S 399.0   2.8  12:47.21 application
  21255 1001      20   0 9698476 456116  52280 S 399.0   2.8  12:51.24 application
  21255 1001      20   0 9698476 456644  52280 S 401.0   2.8  12:55.25 application
  21255 1001      20   0 9699500 457172  52280 S 401.0   2.8  12:59.26 application
  21255 1001      20   0 9700524 458292  52280 S 402.0   2.8  13:03.28 application
  21255 1001      20   0 9717940 460140  52280 S 400.0   2.8  13:07.28 application
  21255 1001      20   0 9718964 461460  52280 S 399.0   2.8  13:11.27 application
  21255 1001      20   0 9719988 461988  52280 S 403.0   2.8  13:15.30 application
  21255 1001      20   0 9721012 462632  52280 S 399.0   2.8  13:19.29 application
  21255 1001      20   0 9721012 463156  52280 S 402.0   2.8  13:23.31 application
  21255 1001      20   0 9722036 463680  52280 S 401.0   2.8  13:27.32 application
  21255 1001      20   0 9723060 464208  52280 S 398.0   2.8  13:31.34 application
  21255 1001      20   0 9724084 466052  52280 S 402.0   2.8  13:35.36 application
  21255 1001      20   0 9725108 466580  52280 S 399.0   2.8  13:39.35 application
  21255 1001      20   0 9924820 469476  52280 S 401.0   2.9  13:43.36 application
  21255 1001      20   0 9925844 470004  52280 S 400.0   2.9  13:47.36 application
  21255 1001      20   0 9926868 470796  52280 S 404.0   2.9  13:51.40 application
  21255 1001      20   0 9926868 471324  52280 S 397.0   2.9  13:55.37 application
  21255 1001      20   0 9926868 471852  52280 S 406.0   2.9  13:59.43 application
  21255 1001      20   0 9927892 472376  52280 S 402.0   2.9  14:03.45 application
  21255 1001      20   0 9928916 473168  52280 S 396.0   2.9  14:07.41 application
  21255 1001      20   0 9929940 474224  52280 S 399.0   2.9  14:11.44 application
  21255 1001      20   0 9929940 474488  52280 S 403.0   2.9  14:15.47 application
  21255 1001      20   0 9930964 475544  52280 S 400.0   2.9  14:19.47 application
  21255 1001      20   0 9931988 476864  52280 S 397.0   2.9  14:23.44 application
  21255 1001      20   0 9933012 477384  52280 S 400.0   2.9  14:27.44 application
  21255 1001      20   0 9933012 477908  52280 S 400.0   2.9  14:31.44 application
  21255 1001      20   0 9935060 478956  52280 S 405.0   2.9  14:35.49 application
  21255 1001      20   0 9935060 479220  52280 S 401.0   2.9  14:39.50 application
  21255 1001      20   0 9935060 479748  52280 S 399.0   2.9  14:43.49 application
  21255 1001      20   0 9936084 480276  52280 S 400.0   2.9  14:47.49 application
  21255 1001      20   0 9937108 480804  52280 S 396.0   2.9  14:51.49 application
  21255 1001      20   0 9937