  19907 1001      20   0 3314412 577052  46804 S   0.0   3.5  27:35.72 application
  19907 1001      20   0 3314412 577052  46804 S 396.0   3.5  27:39.72 application
  19907 1001      20   0 3314412 577052  46804 S 402.0   3.5  27:43.74 application
  19907 1001      20   0 3314412 577052  46804 S 400.0   3.5  27:47.74 application
  19907 1001      20   0 3314412 577052  46804 S 400.0   3.5  27:51.74 application
  19907 1001      20   0 3314412 577052  46804 S 402.0   3.5  27:55.76 application
  19907 1001      20   0 3314412 577052  46804 S 401.0   3.5  27:59.77 application
  19907 1001      20   0 3314412 577052  46804 S 401.0   3.5  28:03.78 application
  19907 1001      20   0 3314412 577052  46804 S 401.0   3.5  28:07.79 application
  19907 1001      20   0 3314412 577052  46804 S 401.0   3.5  28:11.80 application
  19907 1001      20   0 3314412 577052  46804 S 397.0   3.5  28:15.81 application
  19907 1001      20   0 3314412 577052  46804 S 400.0   3.5  28:19.81 application
  19907 1001      20   0 3314412 577052  46804 S 401.0   3.5  28:23.82 application
  19907 1001      20   0 3314412 577052  46804 S 402.0   3.5  28:27.84 application
  19907 1001      20   0 3314412 577052  46804 S 400.0   3.5  28:31.84 application
  19907 1001      20   0 3314412 577052  46804 S 401.0   3.5  28:35.85 application
  19907 1001      20   0 3314412 577052  46804 S 401.0   3.5  28:39.86 application
  19907 1001      20   0 3314412 577052  46804 S 401.0   3.5  28:43.87 application
  19907 1001      20   0 3314412 577052  46804 S 401.0   3.5  28:47.88 application
  19907 1001      20   0 3314412 577052  46804 S 401.0   3.5  28:51.89 application
  19907 1001      20   0 3314412 577052  46804 S 396.0   3.5  28:55.89 application
  19907 1001      20   0 3314412 577052  46804 S 401.0   3.5  28:59.90 application
  19907 1001      20   0 3314412 577052  46804 S 400.0   3.5  29:03.90 application
  19907 1001      20   0 3314412 577052  46804 S 402.0   3.5  29:07.92 application
  19907 1001      20   0 3314412 577052  46804 S 397.0   3.5  29:11.89 application
  19907 1001      20   0 3314412 577052  46804 S 405.0   3.5  29:15.94 application
  19907 1001      20   0 3314412 577052  46804 S 400.0   3.5  29:19.94 application
  19907 1001      20   0 3314412 577052  46804 S 401.0   3.5  29:23.95 application
  19907 1001      20   0 3314412 577052  46804 S 401.0   3.5  29:27.96 application
  19907 1001      20   0 3314412 577052  46804 S 401.0   3.5  29:31.97 application
  19907 1001      20   0 3314412 577052  46804 S 397.0   3.5  29:35.98 application
  19907 1001      20   0 3314412 577052  46804 S 399.0   3.5  29:39.97 application
  19907 1001      20   0 3314412 577052  46804 S 402.0   3.5  29:43.99 application
  19907 1001      20   0 3314412 577052  46804 S 402.0   3.5  29:48.01 application
  19907 1001      20   0 3314412 577052  46804 S 398.0   3.5  29:51.99 application
  19907 1001      20   0 3314412 577052  46804 S 404.0   3.5  29:56.03 application
  19907 1001      20   0 3314412 577052  46804 S 400.0   3.5  30:00.03 application
  19907 1001      20   0 3314412 577052  46804 S 401.0   3.5  30:04.04 application
  19907 1001      20   0 3314412 577052  46804 S 402.0   3.5  30:08.06 application
  19907 1001      20   0 3314412 577052  46804 S 400.0   3.5  30:12.06 application
  19907 1001      20   0 3314412 577052  46804 S 397.0   3.5  30:16.07 application
  19907 1001      20   0 3314412 577052  46804 S 397.0   3.5  30:20.04 application
  19907 1001      20   0 3314412 577052  46804 S 405.0   3.5  30:24.09 application
  19907 1001      20   0 3314412 577052  46804 S 401.0   3.5  30:28.10 application
  19907 1001      20   0 3314412 577052  46804 S 397.0   3.5  30:32.07 application
  19907 1001      20   0 3314412 577052  46804 S 404.0   3.5  30:36.11 application
  19907 1001      20   0 3314412 577052  46804 S 401.0   3.5  30:40.12 application
  19907 1001      20   0 3314412 577052  46804 S 399.0   3.5  30:44.11 application
  19907 1001      20   0 3314412 577052  46804 S 400.0   3.5  30:48.11 application
  19907 1001      20   0 3314