  19907 1001      20   0 3096300 356700  45780 S   0.0   2.2   3:38.17 application
  19907 1001      20   0 3097324 357756  45780 S 380.0   2.2   3:41.97 application
  19907 1001      20   0 3098348 358284  45780 S 399.0   2.2   3:45.96 application
  19907 1001      20   0 3098348 358812  45780 S 398.0   2.2   3:49.94 application
  19907 1001      20   0 3099372 359340  45780 S 399.0   2.2   3:53.93 application
  19907 1001      20   0 3099372 359868  45780 S 400.0   2.2   3:57.93 application
  19907 1001      20   0 3100396 360396  45780 S 397.0   2.2   4:01.90 application
  19907 1001      20   0 3101420 361188  45780 S 395.0   2.2   4:05.85 application
  19907 1001      20   0 3102444 361980  45780 S 399.0   2.2   4:09.84 application
  19907 1001      20   0 3102444 363036  45780 S 395.0   2.2   4:13.83 application
  19907 1001      20   0 3103468 363564  45780 S 397.0   2.2   4:17.80 application
  19907 1001      20   0 3103468 364356  45780 S 395.0   2.2   4:21.75 application
  19907 1001      20   0 3104492 364884  45780 S 398.0   2.2   4:25.73 application
  19907 1001      20   0 3105516 365412  45780 S 400.0   2.2   4:29.73 application
  19907 1001      20   0 3105516 365940  45780 S 397.0   2.2   4:33.70 application
  19907 1001      20   0 3106540 366468  45780 S 397.0   2.2   4:37.67 application
  19907 1001      20   0 3106540 366996  45780 S 400.0   2.2   4:41.67 application
  19907 1001      20   0 3107564 367524  45780 S 397.0   2.2   4:45.64 application
  19907 1001      20   0 3107564 367788  45780 S 398.0   2.2   4:49.62 application
  19907 1001      20   0 3107564 368316  45780 S 393.1   2.2   4:53.59 application
  19907 1001      20   0 3108588 368844  45780 S 398.0   2.3   4:57.57 application
  19907 1001      20   0 3108588 369372  45780 S 399.0   2.3   5:01.56 application
  19907 1001      20   0 3109612 369900  45780 S 399.0   2.3   5:05.55 application
  19907 1001      20   0 3109612 370428  45780 S 398.0   2.3   5:09.53 application
  19907 1001      20   0 3110636 371220  45780 S 401.0   2.3   5:13.54 application
  19907 1001      20   0 3111660 371748  45780 S 397.0   2.3   5:17.51 application
  19907 1001      20   0 3111660 372276  45780 S 399.0   2.3   5:21.50 application
  19907 1001      20   0 3112684 372804  45780 S 398.0   2.3   5:25.48 application
  19907 1001      20   0 3112684 373596  45780 S 400.0   2.3   5:29.48 application
  19907 1001      20   0 3113708 373860  45780 S 396.0   2.3   5:33.48 application
  19907 1001      20   0 3113708 374652  45780 S 399.0   2.3   5:37.47 application
  19907 1001      20   0 3114732 375180  45780 S 399.0   2.3   5:41.46 application
  19907 1001      20   0 3114732 375708  45780 S 398.0   2.3   5:45.44 application
  19907 1001      20   0 3115756 376236  45780 S 397.0   2.3   5:49.41 application
  19907 1001      20   0 3116780 377292  45780 S 396.0   2.3   5:53.37 application
  19907 1001      20   0 3116780 377820  45780 S 398.0   2.3   5:57.35 application
  19907 1001      20   0 3117804 378348  45780 S 396.0   2.3   6:01.31 application
  19907 1001      20   0 3117804 379140  45780 S 400.0   2.3   6:05.31 application
  19907 1001      20   0 3118828 379932  45780 S 399.0   2.3   6:09.30 application
  19907 1001      20   0 3118828 380196  45780 S 394.1   2.3   6:13.28 application
  19907 1001      20   0 3118828 380724  45780 S 397.0   2.3   6:17.25 application
  19907 1001      20   0 3119852 381252  45780 S 400.0   2.3   6:21.25 application
  19907 1001      20   0 3120876 382044  45780 S 397.0   2.3   6:25.22 application
  19907 1001      20   0 3120876 382308  45780 S 398.0   2.3   6:29.20 application
  19907 1001      20   0 3121900 382836  45780 S 398.0   2.3   6:33.18 application
  19907 1001      20   0 3121900 383100  45780 S 395.0   2.3   6:37.13 application
  19907 1001      20   0 3122924 383364  45780 S 399.0   2.3   6:41.12 application
  19907 1001      20   0 3122924 384156  45780 S 399.0   2.3   6:45.11 application
  19907 1001      20   0 3122924 384420  45780 S 399.0   2.3   6:49.10 application
  19907 1001      20   0 3123