  19890 1001      20   0 3154668 417524  47588 S 125.0   2.5   7:33.13 application
  19890 1001      20   0 3155692 419108  47588 S 406.0   2.6   7:37.19 application
  19890 1001      20   0 3156716 419372  47588 S 400.0   2.6   7:41.19 application
  19890 1001      20   0 3156716 420164  47588 S 399.0   2.6   7:45.18 application
  19890 1001      20   0 3157740 420692  47588 S 401.0   2.6   7:49.19 application
  19890 1001      20   0 3158764 421484  47588 S 399.0   2.6   7:53.18 application
  19890 1001      20   0 3158764 422012  47588 S 404.0   2.6   7:57.22 application
  19890 1001      20   0 3159788 422540  47588 S 402.0   2.6   8:01.24 application
  19890 1001      20   0 3160812 423332  47588 S 397.0   2.6   8:05.21 application
  19890 1001      20   0 3161836 424652  47588 S 401.0   2.6   8:09.22 application
  19890 1001      20   0 3162860 425708  47588 S 398.0   2.6   8:13.24 application
  19890 1001      20   0 3163884 427292  47588 S 398.0   2.6   8:17.22 application
  19890 1001      20   0 3164908 427820  47588 S 402.0   2.6   8:21.24 application
  19890 1001      20   0 3165932 428348  47588 S 401.0   2.6   8:25.25 application
  19890 1001      20   0 3165932 428876  47588 S 399.0   2.6   8:29.24 application
  19890 1001      20   0 3166956 429668  47588 S 400.0   2.6   8:33.24 application
  19890 1001      20   0 3166956 430196  47588 S 403.0   2.6   8:37.27 application
  19890 1001      20   0 3167980 430724  47588 S 401.0   2.6   8:41.28 application
  19890 1001      20   0 3167980 431516  47588 S 401.0   2.6   8:45.29 application
  19890 1001      20   0 3169004 432044  47588 S 397.0   2.6   8:49.26 application
  19890 1001      20   0 3170028 432572  47588 S 396.0   2.6   8:53.26 application
  19890 1001      20   0 3170028 432836  47588 S 399.0   2.6   8:57.25 application
  19890 1001      20   0 3171052 433100  47588 S 402.0   2.6   9:01.27 application
  19890 1001      20   0 3171052 433892  47588 S 401.0   2.6   9:05.28 application
  19890 1001      20   0 3172076 434420  47588 S 402.0   2.7   9:09.30 application
  19890 1001      20   0 3172076 435212  47588 S 398.0   2.7   9:13.28 application
  19890 1001      20   0 3173100 435740  47588 S 401.0   2.7   9:17.29 application
  19890 1001      20   0 3173100 436532  47588 S 401.0   2.7   9:21.30 application
  19890 1001      20   0 3174124 437324  47588 S 401.0   2.7   9:25.31 application
  19890 1001      20   0 3175148 437588  47588 S 397.0   2.7   9:29.28 application
  19890 1001      20   0 3175148 437852  47588 S 399.0   2.7   9:33.31 application
  19890 1001      20   0 3176172 439436  47588 S 401.0   2.7   9:37.32 application
  19890 1001      20   0 3178220 440756  47588 S 401.0   2.7   9:41.33 application
  19890 1001      20   0 3179244 442604  47588 S 399.0   2.7   9:45.32 application
  19890 1001      20   0 3181292 444188  47588 S 400.0   2.7   9:49.32 application
  19890 1001      20   0 3182316 446036  47588 S 401.0   2.7   9:53.33 application
  19890 1001      20   0 3184364 447884  47588 S 402.0   2.7   9:57.35 application
  19890 1001      20   0 3186412 449468  47588 S 398.0   2.7  10:01.33 application
  19890 1001      20   0 3187436 449996  47588 S 402.0   2.7  10:05.35 application
  19890 1001      20   0 3188460 451052  47588 S 399.0   2.8  10:09.34 application
  19890 1001      20   0 3188460 451580  47588 S 397.0   2.8  10:13.35 application
  19890 1001      20   0 3189484 451844  47588 S 400.0   2.8  10:17.35 application
  19890 1001      20   0 3189484 452636  47588 S 401.0   2.8  10:21.36 application
  19890 1001      20   0 3190508 453428  47588 S 402.0   2.8  10:25.38 application
  19890 1001      20   0 3191532 454220  47588 S 400.0   2.8  10:29.38 application
  19890 1001      20   0 3191532 455012  47588 S 399.0   2.8  10:33.37 application
  19890 1001      20   0 3192556 455276  47588 S 400.0   2.8  10:37.37 application
  19890 1001      20   0 3193580 456332  47588 S 402.0   2.8  10:41.39 application
  19890 1001      20   0 3193580 456860  47588 S 400.0   2.8  10:45.39 application
  19890 1001      20   0 3194