  20309 1001      20   0 9790.4m 583140  53020 S 300.0   3.6  31:46.96 application
  20309 1001      20   0 9790.4m 583140  53020 S 404.0   3.6  31:51.00 application
  20309 1001      20   0 9838.4m 583404  53020 S 400.0   3.6  31:55.00 application
  20309 1001      20   0 9838.4m 583404  53020 S 398.0   3.6  31:59.02 application
  20309 1001      20   0 9838.4m 583404  53020 S 397.0   3.6  32:02.99 application
  20309 1001      20   0 9838.4m 583404  53020 S 404.0   3.6  32:07.03 application
  20309 1001      20   0 9838.4m 583404  53020 S 402.0   3.6  32:11.05 application
  20309 1001      20   0 9838.4m 583404  53020 S 401.0   3.6  32:15.06 application
  20309 1001      20   0 9838.4m 583404  53020 S 401.0   3.6  32:19.07 application
  20309 1001      20   0 9838.4m 583404  53020 S 402.0   3.6  32:23.09 application
  20309 1001      20   0 9838.4m 583404  53020 S 400.0   3.6  32:27.09 application
  20309 1001      20   0 9838.4m 583404  53020 S 401.0   3.6  32:31.10 application
  20309 1001      20   0 9838.4m 583404  53020 S 396.0   3.6  32:35.06 application
  20309 1001      20   0 9838.4m 583404  53020 S 402.0   3.6  32:39.12 application
  20309 1001      20   0 9838.4m 583404  53020 S 402.0   3.6  32:43.14 application
  20309 1001      20   0 9838.4m 583404  53020 S 400.0   3.6  32:47.14 application
  20309 1001      20   0 9838.4m 583404  53020 S 403.0   3.6  32:51.17 application
  20309 1001      20   0 9838.4m 583404  53020 S 400.0   3.6  32:55.17 application
  20309 1001      20   0 9838.4m 583404  53020 S 400.0   3.6  32:59.17 application
  20309 1001      20   0 9838.4m 583404  53020 S 395.0   3.6  33:03.12 application
  20309 1001      20   0 9838.4m 583404  53020 S 410.0   3.6  33:07.22 application
  20309 1001      20   0 9838.4m 583404  53020 S 393.0   3.6  33:11.15 application
  20309 1001      20   0 9838.4m 583404  53020 S 405.0   3.6  33:15.20 application
  20309 1001      20   0 9838.4m 583404  53020 S 400.0   3.6  33:19.24 application
  20309 1001      20   0 9838.4m 583404  53020 S 402.0   3.6  33:23.26 application
  20309 1001      20   0 9838.4m 583404  53020 S 401.0   3.6  33:27.27 application
  20309 1001      20   0 9838.4m 583404  53020 S 400.0   3.6  33:31.27 application
  20309 1001      20   0 9838.4m 583404  53020 S 401.0   3.6  33:35.28 application
  20309 1001      20   0 9838.4m 583404  53020 S 395.0   3.6  33:39.23 application
  20309 1001      20   0 9838.4m 583404  53020 S 405.0   3.6  33:43.28 application
  20309 1001      20   0 9838.4m 583404  53020 S 401.0   3.6  33:47.29 application
  20309 1001      20   0 9838.4m 583404  53020 S 400.0   3.6  33:51.29 application
  20309 1001      20   0 9806.4m 583896  53020 S 400.0   3.6  33:55.29 application
  20309 1001      20   0 9798.4m 583940  53020 S 396.0   3.6  33:59.29 application
  20309 1001      20   0 9798.4m 583940  53020 S 399.0   3.6  34:03.28 application
  20309 1001      20   0 9798.4m 583940  53020 S 400.0   3.6  34:07.28 application
  20309 1001      20   0 9798.4m 583940  53020 S 401.0   3.6  34:11.29 application
  20309 1001      20   0 9798.4m 583940  53020 S 400.0   3.6  34:15.29 application
  20309 1001      20   0 9798.4m 583940  53020 S 400.0   3.6  34:19.29 application
  20309 1001      20   0 9774.4m 584540  53020 S 400.0   3.6  34:23.29 application
  20309 1001      20   0 9774.4m 584540  53020 S 399.0   3.6  34:27.28 application
  20309 1001      20   0 9774.4m 584540  53020 S 401.0   3.6  34:31.29 application
  20309 1001      20   0 9774.4m 584540  53020 S 396.0   3.6  34:35.29 application
  20309 1001      20   0 9774.4m 584540  53020 S 401.0   3.6  34:39.30 application
  20309 1001      20   0 9774.4m 584540  53020 S 399.0   3.6  34:43.29 application
  20309 1001      20   0 9774.4m 584540  53020 S 400.0   3.6  34:47.29 application
  20309 1001      20   0 9774.4m 584540  53020 S 400.0   3.6  34:51.29 application
  20309 1001      20   0 9774.4m 584540  53020 S 400.0   3.6  34:55.29 application
  20309 1001      20   0 9774.4m 584540  53020 S 400.0   3.6  34:59.29 application
  20309 1001      20   0 9774