  20309 1001      20   0 9953676 489784  51872 S 133.3   3.0  15:46.73 application
  20309 1001      20   0 9954700 490876  51872 S 404.0   3.0  15:50.77 application
  20309 1001      20   0 9955724 491140  51872 S 399.0   3.0  15:54.76 application
  20309 1001      20   0 9955724 491668  51872 S 400.0   3.0  15:58.76 application
  20309 1001      20   0 9907572 493180  51872 S 400.0   3.0  16:02.76 application
  20309 1001      20   0 9907572 493708  51872 S 400.0   3.0  16:06.76 application
  20309 1001      20   0 9908596 494532  51872 S 397.0   3.0  16:10.77 application
  20309 1001      20   0 9953672 497884  51872 S 400.0   3.0  16:14.77 application
  20309 1001      20   0 9953672 498148  51872 S 401.0   3.0  16:18.78 application
  20309 1001      20   0 9954696 498936  51872 S 402.0   3.0  16:22.80 application
  20309 1001      20   0 9956744 500520  51872 S 401.0   3.1  16:26.81 application
  20309 1001      20   0 9956744 501308  51872 S 401.0   3.1  16:30.82 application
  20309 1001      20   0 9957768 502100  51872 S 402.0   3.1  16:34.84 application
  20309 1001      20   0 9958792 502892  51872 S 401.0   3.1  16:38.85 application
  20309 1001      20   0 9958792 503156  51872 S 398.0   3.1  16:42.83 application
  20309 1001      20   0 9959816 503680  51872 S 403.0   3.1  16:46.86 application
  20309 1001      20   0 9959816 504208  51872 S 397.0   3.1  16:50.87 application
  20309 1001      20   0 9960840 504996  51872 S 402.0   3.1  16:54.89 application
  20309 1001      20   0 9961864 506052  51872 S 401.0   3.1  16:58.90 application
  20309 1001      20   0 9962888 507108  51872 S 400.0   3.1  17:02.90 application
  20309 1001      20   0 9963912 507900  51872 S 402.0   3.1  17:06.92 application
  20309 1001      20   0 9963912 508428  51872 S 401.0   3.1  17:10.93 application
  20309 1001      20   0 9964936 508692  51872 S 401.0   3.1  17:14.94 application
  20309 1001      20   0 9965960 509484  51872 S 401.0   3.1  17:18.95 application
  20309 1001      20   0 9965960 510540  51872 S 403.0   3.1  17:22.98 application
  20309 1001      20   0 9966984 511068  51872 S 399.0   3.1  17:26.97 application
  20309 1001      20   0 9968008 512388  51872 S 397.0   3.1  17:30.98 application
  20309 1001      20   0 9969032 512916  51872 S 401.0   3.1  17:34.99 application
  20309 1001      20   0 9969032 513708  51872 S 401.0   3.1  17:39.00 application
  20309 1001      20   0 9970056 514232  51872 S 397.0   3.1  17:42.97 application
  20309 1001      20   0 9970056 514760  51872 S 402.0   3.1  17:46.99 application
  20309 1001      20   0 9971080 515552  51872 S 404.0   3.1  17:51.03 application
  20309 1001      20   0 9972104 516080  51872 S 402.0   3.1  17:55.05 application
  20309 1001      20   0 9972104 516872  51872 S 402.0   3.2  17:59.07 application
  20309 1001      20   0 9973128 517928  51872 S 398.0   3.2  18:03.05 application
  20309 1001      20   0 9974152 518720  51872 S 406.0   3.2  18:07.11 application
  20309 1001      20   0 9975176 519508  51872 S 396.0   3.2  18:11.11 application
  20309 1001      20   0 9968004 520948  51872 S 394.0   3.2  18:15.05 application
  20309 1001      20   0 9968004 521212  51872 S 407.0   3.2  18:19.12 application
  20309 1001      20   0 9969028 521740  51872 S 400.0   3.2  18:23.12 application
  20309 1001      20   0 9969028 522268  51872 S 401.0   3.2  18:27.13 application
  20309 1001      20   0 9970052 523324  51872 S 402.0   3.2  18:31.15 application
  20309 1001      20   0 9971076 524188  51872 S 399.0   3.2  18:35.14 application
  20309 1001      20   0 9963904 525008  51872 S 400.0   3.2  18:39.14 application
  20309 1001      20   0 9963904 525800  51872 S 398.0   3.2  18:43.12 application
  20309 1001      20   0 9964928 526328  51872 S 403.0   3.2  18:47.15 application
  20309 1001      20   0 9965952 527120  51872 S 396.0   3.2  18:51.15 application
  20309 1001      20   0 9965952 527912  51872 S 400.0   3.2  18:55.15 application
  20309 1001      20   0 9966976 528176  51872 S 400.0   3.2  18:59.15 application
  20309 1001      20   0 9966