  20592 1001      20   0 9034948 407512  52040 S 106.7   2.5   7:46.91 application
  20592 1001      20   0 9035972 408304  52040 S 405.0   2.5   7:50.96 application
  20592 1001      20   0 9036996 409096  52040 S 407.0   2.5   7:55.03 application
  20592 1001      20   0 9038020 409736  52040 S 403.0   2.5   7:59.06 application
  20592 1001      20   0 9038020 410264  52040 S 403.0   2.5   8:03.09 application
  20592 1001      20   0 9039044 410528  52040 S 399.0   2.5   8:07.08 application
  20592 1001      20   0 9039044 410788  52040 S 392.1   2.5   8:11.04 application
  20592 1001      20   0 9040068 412368  52040 S 405.0   2.5   8:15.09 application
  20592 1001      20   0 9040068 412628  52040 S 398.0   2.5   8:19.07 application
  20592 1001      20   0 9041092 413152  52040 S 408.0   2.5   8:23.15 application
  20592 1001      20   0 9041092 413416  52040 S 395.0   2.5   8:27.10 application
  20592 1001      20   0 9041092 413680  52040 S 397.0   2.5   8:31.07 application
  20592 1001      20   0 9043140 415524  52040 S 399.0   2.5   8:35.06 application
  20592 1001      20   0 9043140 415788  52040 S 402.0   2.5   8:39.08 application
  20592 1001      20   0 9044164 416580  52040 S 404.0   2.5   8:43.12 application
  20592 1001      20   0 9045188 417636  52040 S 395.0   2.5   8:47.07 application
  20592 1001      20   0 9045188 418164  52040 S 398.0   2.6   8:51.09 application
  20592 1001      20   0 9046212 418692  52040 S 399.0   2.6   8:55.08 application
  20592 1001      20   0 9046212 418952  52040 S 403.0   2.6   8:59.11 application
  20592 1001      20   0 9047236 419480  52040 S 400.0   2.6   9:03.11 application
  20592 1001      20   0 9047236 419744  52040 S 397.0   2.6   9:07.08 application
  20592 1001      20   0 9047236 420008  52040 S 402.0   2.6   9:11.10 application
  20592 1001      20   0 9048260 421064  52040 S 403.0   2.6   9:15.13 application
  20592 1001      20   0 9048260 421592  52040 S 401.0   2.6   9:19.14 application
  20592 1001      20   0 9049284 422384  52040 S 400.0   2.6   9:23.14 application
  20592 1001      20   0 9049284 422648  52040 S 403.0   2.6   9:27.17 application
  20592 1001      20   0 9050308 423440  52040 S 393.1   2.6   9:31.14 application
  20592 1001      20   0 9050308 423700  52040 S 402.0   2.6   9:35.16 application
  20592 1001      20   0 9050308 423700  52040 S 399.0   2.6   9:39.15 application
  20592 1001      20   0 9051332 424228  52040 S 398.0   2.6   9:43.13 application
  20592 1001      20   0 9051332 424492  52040 S 402.0   2.6   9:47.15 application
  20592 1001      20   0 9052356 425016  52044 S 400.0   2.6   9:51.15 application
  20592 1001      20   0 9052356 425280  52044 S 403.0   2.6   9:55.18 application
  20592 1001      20   0 9052356 425540  52044 S 399.0   2.6   9:59.17 application
  20592 1001      20   0 9052356 425804  52044 S 404.0   2.6  10:03.21 application
  20592 1001      20   0 9053380 426332  52044 S 396.0   2.6  10:07.17 application
  20592 1001      20   0 9053380 426856  52044 S 397.0   2.6  10:11.18 application
  20592 1001      20   0 9054404 427120  52044 S 400.0   2.6  10:15.18 application
  20592 1001      20   0 9054404 427384  52044 S 403.0   2.6  10:19.21 application
  20592 1001      20   0 9054404 427648  52044 S 397.0   2.6  10:23.18 application
  20592 1001      20   0 9055428 428436  52044 S 401.0   2.6  10:27.19 application
  20592 1001      20   0 9056452 430036  52044 S 403.0   2.6  10:31.22 application
  20592 1001      20   0 9884920 431092  52044 S 393.0   2.6  10:35.15 application
  20592 1001      20   0 9890040 436900  52044 S 405.0   2.7  10:39.20 application
  20592 1001      20   0 9890040 437164  52044 S 402.0   2.7  10:43.22 application
  20592 1001      20   0 9891064 437692  52044 S 396.0   2.7  10:47.18 application
  20592 1001      20   0 9892088 438220  52044 S 399.0   2.7  10:51.21 application
  20592 1001      20   0 9892088 438748  52044 S 400.0   2.7  10:55.21 application
  20592 1001      20   0 9893112 439800  52044 S 401.0   2.7  10:59.22 application
  20592 1001      20   0 9893