Running 1m test @ http://erik-pc.local:8080/fruits
  4 threads and 100 connections
  Thread calibration: mean lat.: 127.682ms, rate sampling interval: 481ms
  Thread calibration: mean lat.: 129.354ms, rate sampling interval: 513ms
  Thread calibration: mean lat.: 128.684ms, rate sampling interval: 540ms
  Thread calibration: mean lat.: 73.838ms, rate sampling interval: 274ms
  Thread Stats   Avg      Stdev     Max   +/- Stdev
    Latency   768.04ms  526.82ms   2.53s    65.21%
    Req/Sec     6.59k   803.70     8.73k    68.29%
  Latency Distribution (HdrHistogram - Recorded Latency)
 50.000%  687.61ms
 75.000%    1.12s 
 90.000%    1.52s 
 99.000%    2.22s 
 99.900%    2.39s 
 99.990%    2.47s 
 99.999%    2.52s 
100.000%    2.53s 

  Detailed Percentile spectrum:
       Value   Percentile   TotalCount 1/(1-Percentile)

       0.330     0.000000            1         1.00
     156.799     0.100000       131265         1.11
     272.639     0.200000       262508         1.25
     382.463     0.300000       393697         1.43
     530.943     0.400000       524893         1.67
     687.615     0.500000       656380         2.00
     765.439     0.550000       722000         2.22
     845.311     0.600000       787483         2.50
     926.207     0.650000       852906         2.86
    1020.927     0.700000       918660         3.33
    1124.351     0.750000       984735         4.00
    1177.599     0.775000      1017268         4.44
    1233.919     0.800000      1049720         5.00
    1301.503     0.825000      1083001         5.71
    1372.159     0.850000      1115562         6.67
    1440.767     0.875000      1148205         8.00
    1476.607     0.887500      1164574         8.89
    1515.519     0.900000      1181312        10.00
    1555.455     0.912500      1197463        11.43
    1602.559     0.925000      1213853        13.33
    1663.999     0.937500      1230138        16.00
    1702.911     0.943750      1238384        17.78
    1745.919     0.950000      1246570        20.00
    1805.311     0.956250      1254784        22.86
    1852.415     0.962500      1262947        26.67
    1894.399     0.968750      1271198        32.00
    1916.927     0.971875      1275414        35.56
    1940.479     0.975000      1279485        40.00
    1966.079     0.978125      1283469        45.71
    2007.039     0.981250      1287563        53.33
    2072.575     0.984375      1291686        64.00
    2101.247     0.985938      1293690        71.11
    2144.255     0.987500      1295801        80.00
    2193.407     0.989062      1297860        91.43
    2234.367     0.990625      1299893       106.67
    2269.183     0.992188      1301970       128.00
    2283.519     0.992969      1302994       142.22
    2295.807     0.993750      1303934       160.00
    2310.143     0.994531      1305024       182.86
    2324.479     0.995313      1306088       213.33
    2336.767     0.996094      1307031       256.00
    2344.959     0.996484      1307671       284.44
    2351.103     0.996875      1308158       320.00
    2357.247     0.997266      1308661       365.71
    2363.391     0.997656      1309156       426.67
    2369.535     0.998047      1309595       512.00
    2373.631     0.998242      1309868       568.89
    2377.727     0.998437      1310124       640.00
    2381.823     0.998633      1310356       731.43
    2387.967     0.998828      1310669       853.33
    2394.111     0.999023      1310912      1024.00
    2396.159     0.999121      1310977      1137.78
    2400.255     0.999219      1311103      1280.00
    2406.399     0.999316      1311281      1462.86
    2410.495     0.999414      1311377      1706.67
    2416.639     0.999512      1311537      2048.00
    2418.687     0.999561      1311578      2275.56
    2420.735     0.999609      1311617      2560.00
    2424.831     0.999658      1311681      2925.71
    2430.975     0.999707      1311764      3413.33
    2435.071     0.999756      1311812      4096.00
    2439.167     0.999780      1311853      4551.11
    2443.263     0.999805      1311886      5120.00
    2447.359     0.999829      1311914      5851.43
    2453.503     0.999854      1311942      6826.67
    2459.647     0.999878      1311975      8192.00
    2461.695     0.999890      1311985      9102.22
    2465.791     0.999902      1312002     10240.00
    2471.935     0.999915      1312021     11702.86
    2478.079     0.999927      1312038     13653.33
    2482.175     0.999939      1312048     16384.00
    2486.271     0.999945      1312057     18204.44
    2490.367     0.999951      1312067     20480.00
    2494.463     0.999957      1312074     23405.71
    2498.559     0.999963      1312081     27306.67
    2502.655     0.999969      1312091     32768.00
    2504.703     0.999973      1312095     36408.89
    2506.751     0.999976      1312097     40960.00
    2508.799     0.999979      1312102     46811.43
    2510.847     0.999982      1312106     54613.33
    2512.895     0.999985      1312108     65536.00
    2516.991     0.999986      1312112     72817.78
    2516.991     0.999988      1312112     81920.00
    2519.039     0.999989      1312116     93622.86
    2519.039     0.999991      1312116    109226.67
    2521.087     0.999992      1312119    131072.00
    2521.087     0.999993      1312119    145635.56
    2523.135     0.999994      1312123    163840.00
    2523.135     0.999995      1312123    187245.71
    2523.135     0.999995      1312123    218453.33
    2523.135     0.999996      1312123    262144.00
    2525.183     0.999997      1312125    291271.11
    2525.183     0.999997      1312125    327680.00
    2525.183     0.999997      1312125    374491.43
    2525.183     0.999998      1312125    436906.67
    2527.231     0.999998      1312126    524288.00
    2527.231     0.999998      1312126    582542.22
    2527.231     0.999998      1312126    655360.00
    2529.279     0.999999      1312127    748982.86
    2529.279     0.999999      1312127    873813.33
    2529.279     0.999999      1312127   1048576.00
    2529.279     0.999999      1312127   1165084.44
    2529.279     0.999999      1312127   1310720.00
    2531.327     0.999999      1312128   1497965.71
    2531.327     1.000000      1312128          inf
#[Mean    =      768.045, StdDeviation   =      526.817]
#[Max     =     2529.280, Total count    =      1312128]
#[Buckets =           27, SubBuckets     =         2048]
----------------------------------------------------------
  1580236 requests in 1.00m, 256.20MB read
Requests/sec:  26331.49
Transfer/sec:      4.27MB
