Running 1m test @ http://erik-pc.local:8080/greeting/Bob
  4 threads and 100 connections
  Thread calibration: mean lat.: 1.193ms, rate sampling interval: 10ms
  Thread calibration: mean lat.: 1.160ms, rate sampling interval: 10ms
  Thread calibration: mean lat.: 1.147ms, rate sampling interval: 10ms
  Thread calibration: mean lat.: 1.131ms, rate sampling interval: 10ms
  Thread Stats   Avg      Stdev     Max   +/- Stdev
    Latency     1.13ms  463.81us   5.74ms   63.64%
    Req/Sec     7.91k   521.50    10.44k    76.59%
  Latency Distribution (HdrHistogram - Recorded Latency)
 50.000%    1.11ms
 75.000%    1.47ms
 90.000%    1.74ms
 99.000%    2.21ms
 99.900%    2.88ms
 99.990%    3.47ms
 99.999%    4.39ms
100.000%    5.74ms

  Detailed Percentile spectrum:
       Value   Percentile   TotalCount 1/(1-Percentile)

       0.177     0.000000            1         1.00
       0.523     0.100000       149751         1.11
       0.679     0.200000       300084         1.25
       0.830     0.300000       448998         1.43
       0.972     0.400000       599001         1.67
       1.105     0.500000       748338         2.00
       1.171     0.550000       823180         2.22
       1.239     0.600000       898465         2.50
       1.310     0.650000       973217         2.86
       1.386     0.700000      1048072         3.33
       1.465     0.750000      1122665         4.00
       1.506     0.775000      1159843         4.44
       1.549     0.800000      1197746         5.00
       1.592     0.825000      1235241         5.71
       1.636     0.850000      1272271         6.67
       1.684     0.875000      1309582         8.00
       1.710     0.887500      1328543         8.89
       1.737     0.900000      1346984        10.00
       1.767     0.912500      1365777        11.43
       1.800     0.925000      1384305        13.33
       1.839     0.937500      1402926        16.00
       1.861     0.943750      1412165        17.78
       1.886     0.950000      1421526        20.00
       1.914     0.956250      1430891        22.86
       1.946     0.962500      1440323        26.67
       1.984     0.968750      1449721        32.00
       2.004     0.971875      1454184        35.56
       2.028     0.975000      1459005        40.00
       2.055     0.978125      1463793        45.71
       2.085     0.981250      1468473        53.33
       2.119     0.984375      1472963        64.00
       2.141     0.985938      1475395        71.11
       2.165     0.987500      1477707        80.00
       2.193     0.989062      1479970        91.43
       2.231     0.990625      1482314       106.67
       2.279     0.992188      1484617       128.00
       2.309     0.992969      1485761       142.22
       2.345     0.993750      1486933       160.00
       2.387     0.994531      1488066       182.86
       2.439     0.995313      1489272       213.33
       2.495     0.996094      1490403       256.00
       2.531     0.996484      1491011       284.44
       2.565     0.996875      1491579       320.00
       2.605     0.997266      1492166       365.71
       2.651     0.997656      1492763       426.67
       2.703     0.998047      1493327       512.00
       2.733     0.998242      1493627       568.89
       2.767     0.998437      1493921       640.00
       2.805     0.998633      1494211       731.43
       2.845     0.998828      1494500       853.33
       2.887     0.999023      1494788      1024.00
       2.913     0.999121      1494933      1137.78
       2.937     0.999219      1495081      1280.00
       2.969     0.999316      1495228      1462.86
       2.999     0.999414      1495375      1706.67
       3.035     0.999512      1495518      2048.00
       3.059     0.999561      1495589      2275.56
       3.081     0.999609      1495666      2560.00
       3.109     0.999658      1495737      2925.71
       3.139     0.999707      1495808      3413.33
       3.181     0.999756      1495881      4096.00
       3.209     0.999780      1495919      4551.11
       3.241     0.999805      1495954      5120.00
       3.279     0.999829      1495992      5851.43
       3.327     0.999854      1496027      6826.67
       3.393     0.999878      1496064      8192.00
       3.433     0.999890      1496083      9102.22
       3.475     0.999902      1496100     10240.00
       3.525     0.999915      1496119     11702.86
       3.613     0.999927      1496137     13653.33
       3.663     0.999939      1496155     16384.00
       3.701     0.999945      1496165     18204.44
       3.735     0.999951      1496173     20480.00
       3.803     0.999957      1496183     23405.71
       3.903     0.999963      1496192     27306.67
       4.005     0.999969      1496201     32768.00
       4.019     0.999973      1496205     36408.89
       4.071     0.999976      1496210     40960.00
       4.255     0.999979      1496215     46811.43
       4.303     0.999982      1496219     54613.33
       4.355     0.999985      1496224     65536.00
       4.363     0.999986      1496226     72817.78
       4.379     0.999988      1496228     81920.00
       4.391     0.999989      1496231     93622.86
       4.411     0.999991      1496233    109226.67
       4.427     0.999992      1496235    131072.00
       4.451     0.999993      1496236    145635.56
       4.483     0.999994      1496237    163840.00
       4.539     0.999995      1496239    187245.71
       4.543     0.999995      1496240    218453.33
       5.343     0.999996      1496241    262144.00
       5.343     0.999997      1496241    291271.11
       5.603     0.999997      1496242    327680.00
       5.683     0.999997      1496243    374491.43
       5.683     0.999998      1496243    436906.67
       5.715     0.999998      1496244    524288.00
       5.715     0.999998      1496244    582542.22
       5.715     0.999998      1496244    655360.00
       5.727     0.999999      1496245    748982.86
       5.727     0.999999      1496245    873813.33
       5.727     0.999999      1496245   1048576.00
       5.727     0.999999      1496245   1165084.44
       5.727     0.999999      1496245   1310720.00
       5.743     0.999999      1496246   1497965.71
       5.743     1.000000      1496246          inf
#[Mean    =        1.126, StdDeviation   =        0.464]
#[Max     =        5.740, Total count    =      1496246]
#[Buckets =           27, SubBuckets     =         2048]
----------------------------------------------------------
  1798211 requests in 1.00m, 149.20MB read
Requests/sec:  29969.92
Transfer/sec:      2.49MB
