Running 1m test @ http://erik-pc.local:8080/greeting/Bob
  4 threads and 100 connections
  Thread calibration: mean lat.: 1.145ms, rate sampling interval: 10ms
  Thread calibration: mean lat.: 1.114ms, rate sampling interval: 10ms
  Thread calibration: mean lat.: 1.185ms, rate sampling interval: 10ms
  Thread calibration: mean lat.: 1.153ms, rate sampling interval: 10ms
  Thread Stats   Avg      Stdev     Max   +/- Stdev
    Latency     1.15ms  485.82us   4.71ms   62.33%
    Req/Sec    10.51k   731.67    13.89k    77.88%
  Latency Distribution (HdrHistogram - Recorded Latency)
 50.000%    1.14ms
 75.000%    1.54ms
 90.000%    1.80ms
 99.000%    2.23ms
 99.900%    2.78ms
 99.990%    3.25ms
 99.999%    3.61ms
100.000%    4.71ms

  Detailed Percentile spectrum:
       Value   Percentile   TotalCount 1/(1-Percentile)

       0.145     0.000000            1         1.00
       0.520     0.100000       199891         1.11
       0.679     0.200000       399077         1.25
       0.837     0.300000       599794         1.43
       0.983     0.400000       798134         1.67
       1.136     0.500000       997577         2.00
       1.213     0.550000      1098471         2.22
       1.295     0.600000      1197923         2.50
       1.378     0.650000      1297546         2.86
       1.457     0.700000      1397260         3.33
       1.536     0.750000      1496246         4.00
       1.576     0.775000      1546548         4.44
       1.616     0.800000      1596606         5.00
       1.657     0.825000      1646751         5.71
       1.699     0.850000      1696345         6.67
       1.745     0.875000      1746503         8.00
       1.770     0.887500      1771077         8.89
       1.796     0.900000      1795531        10.00
       1.825     0.912500      1820462        11.43
       1.856     0.925000      1845391        13.33
       1.891     0.937500      1870951        16.00
       1.909     0.943750      1882894        17.78
       1.929     0.950000      1895295        20.00
       1.952     0.956250      1907960        22.86
       1.978     0.962500      1920218        26.67
       2.010     0.968750      1932941        32.00
       2.028     0.971875      1939121        35.56
       2.049     0.975000      1945471        40.00
       2.073     0.978125      1951662        45.71
       2.101     0.981250      1957800        53.33
       2.135     0.984375      1963895        64.00
       2.157     0.985938      1967179        71.11
       2.181     0.987500      1970282        80.00
       2.207     0.989062      1973186        91.43
       2.241     0.990625      1976339       106.67
       2.281     0.992188      1979417       128.00
       2.307     0.992969      1980965       142.22
       2.337     0.993750      1982570       160.00
       2.371     0.994531      1984097       182.86
       2.409     0.995313      1985679       213.33
       2.453     0.996094      1987283       256.00
       2.477     0.996484      1988021       284.44
       2.507     0.996875      1988782       320.00
       2.541     0.997266      1989582       365.71
       2.579     0.997656      1990340       426.67
       2.625     0.998047      1991104       512.00
       2.651     0.998242      1991507       568.89
       2.677     0.998437      1991882       640.00
       2.709     0.998633      1992274       731.43
       2.745     0.998828      1992660       853.33
       2.787     0.999023      1993054      1024.00
       2.809     0.999121      1993244      1137.78
       2.839     0.999219      1993453      1280.00
       2.867     0.999316      1993632      1462.86
       2.899     0.999414      1993836      1706.67
       2.935     0.999512      1994018      2048.00
       2.955     0.999561      1994123      2275.56
       2.977     0.999609      1994214      2560.00
       3.009     0.999658      1994319      2925.71
       3.041     0.999707      1994410      3413.33
       3.085     0.999756      1994507      4096.00
       3.107     0.999780      1994554      4551.11
       3.133     0.999805      1994607      5120.00
       3.155     0.999829      1994654      5851.43
       3.185     0.999854      1994700      6826.67
       3.213     0.999878      1994751      8192.00
       3.231     0.999890      1994773      9102.22
       3.255     0.999902      1994798     10240.00
       3.273     0.999915      1994829     11702.86
       3.293     0.999927      1994847     13653.33
       3.333     0.999939      1994871     16384.00
       3.353     0.999945      1994884     18204.44
       3.379     0.999951      1994895     20480.00
       3.403     0.999957      1994907     23405.71
       3.437     0.999963      1994919     27306.67
       3.457     0.999969      1994932     32768.00
       3.493     0.999973      1994940     36408.89
       3.507     0.999976      1994944     40960.00
       3.525     0.999979      1994950     46811.43
       3.541     0.999982      1994956     54613.33
       3.559     0.999985      1994962     65536.00
       3.571     0.999986      1994965     72817.78
       3.595     0.999988      1994968     81920.00
       3.607     0.999989      1994971     93622.86
       3.619     0.999991      1994975    109226.67
       3.625     0.999992      1994977    131072.00
       3.631     0.999993      1994979    145635.56
       3.647     0.999994      1994981    163840.00
       3.667     0.999995      1994982    187245.71
       3.709     0.999995      1994983    218453.33
       3.755     0.999996      1994985    262144.00
       3.783     0.999997      1994986    291271.11
       3.783     0.999997      1994986    327680.00
       3.825     0.999997      1994987    374491.43
       3.841     0.999998      1994988    436906.67
       3.867     0.999998      1994989    524288.00
       3.867     0.999998      1994989    582542.22
       3.867     0.999998      1994989    655360.00
       4.307     0.999999      1994990    748982.86
       4.307     0.999999      1994990    873813.33
       4.403     0.999999      1994991   1048576.00
       4.403     0.999999      1994991   1165084.44
       4.403     0.999999      1994991   1310720.00
       4.403     0.999999      1994991   1497965.71
       4.403     0.999999      1994991   1747626.67
       4.711     1.000000      1994992   2097152.00
       4.711     1.000000      1994992          inf
#[Mean    =        1.155, StdDeviation   =        0.486]
#[Max     =        4.708, Total count    =      1994992]
#[Buckets =           27, SubBuckets     =         2048]
----------------------------------------------------------
  2397611 requests in 1.00m, 166.92MB read
Requests/sec:  39959.82
Transfer/sec:      2.78MB
