Running 1m test @ http://erik-pc.local:8080/greeting/Bob
  4 threads and 100 connections
  Thread calibration: mean lat.: 1.859ms, rate sampling interval: 10ms
  Thread calibration: mean lat.: 1.783ms, rate sampling interval: 10ms
  Thread calibration: mean lat.: 1.621ms, rate sampling interval: 10ms
  Thread calibration: mean lat.: 1.639ms, rate sampling interval: 10ms
  Thread Stats   Avg      Stdev     Max   +/- Stdev
    Latency     1.73ms  847.42us   8.42ms   64.55%
    Req/Sec     5.29k   644.36     8.33k    84.80%
  Latency Distribution (HdrHistogram - Recorded Latency)
 50.000%    1.46ms
 75.000%    2.40ms
 90.000%    3.06ms
 99.000%    3.66ms
 99.900%    4.04ms
 99.990%    4.65ms
 99.999%    5.76ms
100.000%    8.42ms

  Detailed Percentile spectrum:
       Value   Percentile   TotalCount 1/(1-Percentile)

       0.263     0.000000            1         1.00
       0.801     0.100000        99969         1.11
       1.006     0.200000       200077         1.25
       1.169     0.300000       299485         1.43
       1.314     0.400000       399761         1.67
       1.462     0.500000       499027         2.00
       1.561     0.550000       548637         2.22
       1.688     0.600000       598792         2.50
       1.857     0.650000       648635         2.86
       2.093     0.700000       698485         3.33
       2.399     0.750000       748370         4.00
       2.553     0.775000       773169         4.44
       2.663     0.800000       798263         5.00
       2.759     0.825000       823100         5.71
       2.857     0.850000       848353         6.67
       2.957     0.875000       872964         8.00
       3.011     0.887500       885695         8.89
       3.063     0.900000       897824        10.00
       3.119     0.912500       910233        11.43
       3.177     0.925000       922731        13.33
       3.243     0.937500       935463        16.00
       3.279     0.943750       941712        17.78
       3.315     0.950000       947673        20.00
       3.355     0.956250       954083        22.86
       3.397     0.962500       960312        26.67
       3.441     0.968750       966412        32.00
       3.465     0.971875       969497        35.56
       3.491     0.975000       972683        40.00
       3.519     0.978125       975713        45.71
       3.551     0.981250       978821        53.33
       3.585     0.984375       981984        64.00
       3.605     0.985938       983594        71.11
       3.625     0.987500       985136        80.00
       3.647     0.989062       986712        91.43
       3.671     0.990625       988194       106.67
       3.701     0.992188       989727       128.00
       3.719     0.992969       990556       142.22
       3.739     0.993750       991320       160.00
       3.761     0.994531       992079       182.86
       3.785     0.995313       992879       213.33
       3.815     0.996094       993631       256.00
       3.837     0.996484       994027       284.44
       3.857     0.996875       994394       320.00
       3.879     0.997266       994796       365.71
       3.905     0.997656       995171       426.67
       3.935     0.998047       995553       512.00
       3.951     0.998242       995760       568.89
       3.971     0.998437       995969       640.00
       3.991     0.998633       996147       731.43
       4.015     0.998828       996342       853.33
       4.049     0.999023       996529      1024.00
       4.067     0.999121       996629      1137.78
       4.087     0.999219       996727      1280.00
       4.107     0.999316       996824      1462.86
       4.139     0.999414       996918      1706.67
       4.171     0.999512       997014      2048.00
       4.195     0.999561       997072      2275.56
       4.223     0.999609       997120      2560.00
       4.251     0.999658       997162      2925.71
       4.287     0.999707       997210      3413.33
       4.343     0.999756       997257      4096.00
       4.379     0.999780       997281      4551.11
       4.419     0.999805       997308      5120.00
       4.455     0.999829       997330      5851.43
       4.507     0.999854       997354      6826.67
       4.599     0.999878       997379      8192.00
       4.643     0.999890       997393      9102.22
       4.667     0.999902       997405     10240.00
       4.735     0.999915       997415     11702.86
       4.783     0.999927       997428     13653.33
       4.883     0.999939       997440     16384.00
       4.915     0.999945       997446     18204.44
       4.971     0.999951       997452     20480.00
       5.027     0.999957       997458     23405.71
       5.095     0.999963       997464     27306.67
       5.227     0.999969       997470     32768.00
       5.291     0.999973       997473     36408.89
       5.319     0.999976       997476     40960.00
       5.387     0.999979       997479     46811.43
       5.439     0.999982       997482     54613.33
       5.563     0.999985       997485     65536.00
       5.703     0.999986       997487     72817.78
       5.711     0.999988       997488     81920.00
       5.755     0.999989       997490     93622.86
       5.759     0.999991       997492    109226.67
       5.767     0.999992       997494    131072.00
       5.767     0.999993       997494    145635.56
       5.767     0.999994       997494    163840.00
       5.783     0.999995       997495    187245.71
       5.831     0.999995       997496    218453.33
       5.847     0.999996       997497    262144.00
       5.847     0.999997       997497    291271.11
       5.847     0.999997       997497    327680.00
       5.863     0.999997       997498    374491.43
       5.863     0.999998       997498    436906.67
       5.899     0.999998       997499    524288.00
       5.899     0.999998       997499    582542.22
       5.899     0.999998       997499    655360.00
       5.899     0.999999       997499    748982.86
       5.899     0.999999       997499    873813.33
       8.423     0.999999       997500   1048576.00
       8.423     1.000000       997500          inf
#[Mean    =        1.731, StdDeviation   =        0.847]
#[Max     =        8.416, Total count    =       997500]
#[Buckets =           27, SubBuckets     =         2048]
----------------------------------------------------------
  1198823 requests in 1.00m, 99.47MB read
Requests/sec:  19979.68
Transfer/sec:      1.66MB
