Running 1m test @ http://erik-pc.local:8080/greeting/Bob
  4 threads and 100 connections
  Thread calibration: mean lat.: 81.695ms, rate sampling interval: 404ms
  Thread calibration: mean lat.: 92.737ms, rate sampling interval: 455ms
  Thread calibration: mean lat.: 93.953ms, rate sampling interval: 457ms
  Thread calibration: mean lat.: 97.254ms, rate sampling interval: 436ms
  Thread Stats   Avg      Stdev     Max   +/- Stdev
    Latency   863.18ms  424.59ms   2.57s    70.09%
    Req/Sec    33.17k     1.62k   38.09k    70.33%
  Latency Distribution (HdrHistogram - Recorded Latency)
 50.000%  839.17ms
 75.000%    1.09s 
 90.000%    1.39s 
 99.000%    2.22s 
 99.900%    2.50s 
 99.990%    2.55s 
 99.999%    2.56s 
100.000%    2.57s 

  Detailed Percentile spectrum:
       Value   Percentile   TotalCount 1/(1-Percentile)

      12.095     0.000000            1         1.00
     330.239     0.100000       661656         1.11
     496.895     0.200000      1322089         1.25
     627.199     0.300000      1982932         1.43
     756.223     0.400000      2645748         1.67
     839.167     0.500000      3306417         2.00
     882.687     0.550000      3636178         2.22
     928.255     0.600000      3969281         2.50
     968.191     0.650000      4299322         2.86
    1014.783     0.700000      4629638         3.33
    1091.583     0.750000      4957843         4.00
    1128.447     0.775000      5123352         4.44
    1166.335     0.800000      5288281         5.00
    1213.439     0.825000      5453001         5.71
    1258.495     0.850000      5619195         6.67
    1311.743     0.875000      5784748         8.00
    1348.607     0.887500      5866051         8.89
    1392.639     0.900000      5950017        10.00
    1433.599     0.912500      6031592        11.43
    1482.751     0.925000      6114344        13.33
    1545.215     0.937500      6196917        16.00
    1589.247     0.943750      6237966        17.78
    1628.159     0.950000      6278938        20.00
    1683.455     0.956250      6320700        22.86
    1737.727     0.962500      6362035        26.67
    1787.903     0.968750      6402802        32.00
    1841.151     0.971875      6423628        35.56
    1905.663     0.975000      6444181        40.00
    1979.391     0.978125      6464832        45.71
    2041.855     0.981250      6485424        53.33
    2111.487     0.984375      6506327        64.00
    2144.255     0.985938      6516910        71.11
    2172.927     0.987500      6527517        80.00
    2197.503     0.989062      6537242        91.43
    2238.463     0.990625      6548006       106.67
    2267.135     0.992188      6557890       128.00
    2287.615     0.992969      6563285       142.22
    2316.287     0.993750      6568319       160.00
    2334.719     0.994531      6573198       182.86
    2351.103     0.995313      6578782       213.33
    2367.487     0.996094      6583938       256.00
    2375.679     0.996484      6586204       284.44
    2385.919     0.996875      6588883       320.00
    2398.207     0.997266      6591578       365.71
    2412.543     0.997656      6593898       426.67
    2445.311     0.998047      6596478       512.00
    2461.695     0.998242      6597740       568.89
    2476.031     0.998437      6599033       640.00
    2484.223     0.998633      6600250       731.43
    2492.415     0.998828      6601656       853.33
    2500.607     0.999023      6603012      1024.00
    2504.703     0.999121      6603626      1137.78
    2510.847     0.999219      6604274      1280.00
    2516.991     0.999316      6604836      1462.86
    2523.135     0.999414      6605528      1706.67
    2527.231     0.999512      6606059      2048.00
    2531.327     0.999561      6606597      2275.56
    2533.375     0.999609      6606858      2560.00
    2535.423     0.999658      6607136      2925.71
    2537.471     0.999707      6607442      3413.33
    2539.519     0.999756      6607728      4096.00
    2541.567     0.999780      6607976      4551.11
    2543.615     0.999805      6608239      5120.00
    2543.615     0.999829      6608239      5851.43
    2545.663     0.999854      6608450      6826.67
    2547.711     0.999878      6608646      8192.00
    2547.711     0.999890      6608646      9102.22
    2547.711     0.999902      6608646     10240.00
    2549.759     0.999915      6608806     11702.86
    2549.759     0.999927      6608806     13653.33
    2551.807     0.999939      6608939     16384.00
    2551.807     0.999945      6608939     18204.44
    2553.855     0.999951      6609038     20480.00
    2553.855     0.999957      6609038     23405.71
    2553.855     0.999963      6609038     27306.67
    2555.903     0.999969      6609126     32768.00
    2555.903     0.999973      6609126     36408.89
    2555.903     0.999976      6609126     40960.00
    2557.951     0.999979      6609178     46811.43
    2557.951     0.999982      6609178     54613.33
    2557.951     0.999985      6609178     65536.00
    2559.999     0.999986      6609227     72817.78
    2559.999     0.999988      6609227     81920.00
    2559.999     0.999989      6609227     93622.86
    2559.999     0.999991      6609227    109226.67
    2559.999     0.999992      6609227    131072.00
    2562.047     0.999993      6609248    145635.56
    2562.047     0.999994      6609248    163840.00
    2562.047     0.999995      6609248    187245.71
    2562.047     0.999995      6609248    218453.33
    2564.095     0.999996      6609259    262144.00
    2564.095     0.999997      6609259    291271.11
    2564.095     0.999997      6609259    327680.00
    2564.095     0.999997      6609259    374491.43
    2566.143     0.999998      6609267    436906.67
    2566.143     0.999998      6609267    524288.00
    2566.143     0.999998      6609267    582542.22
    2566.143     0.999998      6609267    655360.00
    2568.191     0.999999      6609276    748982.86
    2568.191     1.000000      6609276          inf
#[Mean    =      863.182, StdDeviation   =      424.593]
#[Max     =     2566.144, Total count    =      6609276]
#[Buckets =           27, SubBuckets     =         2048]
----------------------------------------------------------
  7912350 requests in 1.00m, 550.84MB read
Requests/sec: 131874.14
Transfer/sec:      9.18MB
