Running 1m test @ http://erik-pc.local:8080/greeting/Bob
  4 threads and 100 connections
  Thread calibration: mean lat.: 1.059ms, rate sampling interval: 10ms
  Thread calibration: mean lat.: 1.082ms, rate sampling interval: 10ms
  Thread calibration: mean lat.: 1.056ms, rate sampling interval: 10ms
  Thread calibration: mean lat.: 1.048ms, rate sampling interval: 10ms
  Thread Stats   Avg      Stdev     Max   +/- Stdev
    Latency     1.08ms  477.55us   4.28ms   62.92%
    Req/Sec     7.91k   476.84     9.89k    76.50%
  Latency Distribution (HdrHistogram - Recorded Latency)
 50.000%    1.06ms
 75.000%    1.44ms
 90.000%    1.72ms
 99.000%    2.22ms
 99.900%    2.75ms
 99.990%    3.09ms
 99.999%    3.47ms
100.000%    4.28ms

  Detailed Percentile spectrum:
       Value   Percentile   TotalCount 1/(1-Percentile)

       0.142     0.000000            1         1.00
       0.471     0.100000       150225         1.11
       0.619     0.200000       299833         1.25
       0.761     0.300000       449184         1.43
       0.917     0.400000       599222         1.67
       1.062     0.500000       748809         2.00
       1.132     0.550000       823453         2.22
       1.204     0.600000       898679         2.50
       1.279     0.650000       973313         2.86
       1.359     0.700000      1048037         3.33
       1.442     0.750000      1122488         4.00
       1.485     0.775000      1160075         4.44
       1.529     0.800000      1197780         5.00
       1.573     0.825000      1235114         5.71
       1.619     0.850000      1272430         6.67
       1.668     0.875000      1309414         8.00
       1.694     0.887500      1328058         8.89
       1.722     0.900000      1347144        10.00
       1.751     0.912500      1365360        11.43
       1.784     0.925000      1384259        13.33
       1.822     0.937500      1403069        16.00
       1.843     0.943750      1412263        17.78
       1.867     0.950000      1421767        20.00
       1.893     0.956250      1430820        22.86
       1.925     0.962500      1440153        26.67
       1.965     0.968750      1449587        32.00
       1.989     0.971875      1454292        35.56
       2.016     0.975000      1458950        40.00
       2.046     0.978125      1463536        45.71
       2.081     0.981250      1468403        53.33
       2.121     0.984375      1473067        64.00
       2.143     0.985938      1475236        71.11
       2.169     0.987500      1477555        80.00
       2.201     0.989062      1479964        91.43
       2.237     0.990625      1482226       106.67
       2.283     0.992188      1484626       128.00
       2.309     0.992969      1485770       142.22
       2.339     0.993750      1486930       160.00
       2.375     0.994531      1488119       182.86
       2.413     0.995313      1489255       213.33
       2.457     0.996094      1490434       256.00
       2.483     0.996484      1491023       284.44
       2.509     0.996875      1491577       320.00
       2.539     0.997266      1492161       365.71
       2.573     0.997656      1492758       426.67
       2.611     0.998047      1493346       512.00
       2.633     0.998242      1493633       568.89
       2.657     0.998437      1493929       640.00
       2.685     0.998633      1494213       731.43
       2.717     0.998828      1494507       853.33
       2.751     0.999023      1494801      1024.00
       2.771     0.999121      1494944      1137.78
       2.793     0.999219      1495100      1280.00
       2.815     0.999316      1495230      1462.86
       2.839     0.999414      1495378      1706.67
       2.867     0.999512      1495530      2048.00
       2.881     0.999561      1495598      2275.56
       2.897     0.999609      1495671      2560.00
       2.915     0.999658      1495742      2925.71
       2.935     0.999707      1495817      3413.33
       2.963     0.999756      1495889      4096.00
       2.979     0.999780      1495924      4551.11
       2.999     0.999805      1495962      5120.00
       3.019     0.999829      1496001      5851.43
       3.039     0.999854      1496034      6826.67
       3.063     0.999878      1496072      8192.00
       3.079     0.999890      1496087      9102.22
       3.095     0.999902      1496105     10240.00
       3.117     0.999915      1496124     11702.86
       3.139     0.999927      1496142     13653.33
       3.169     0.999939      1496160     16384.00
       3.183     0.999945      1496169     18204.44
       3.207     0.999951      1496179     20480.00
       3.225     0.999957      1496189     23405.71
       3.243     0.999963      1496198     27306.67
       3.267     0.999969      1496206     32768.00
       3.273     0.999973      1496210     36408.89
       3.297     0.999976      1496215     40960.00
       3.331     0.999979      1496220     46811.43
       3.371     0.999982      1496224     54613.33
       3.413     0.999985      1496229     65536.00
       3.443     0.999986      1496231     72817.78
       3.461     0.999988      1496233     81920.00
       3.475     0.999989      1496236     93622.86
       3.497     0.999991      1496238    109226.67
       3.523     0.999992      1496241    131072.00
       3.523     0.999993      1496241    145635.56
       3.533     0.999994      1496242    163840.00
       3.561     0.999995      1496244    187245.71
       3.587     0.999995      1496245    218453.33
       3.595     0.999996      1496246    262144.00
       3.595     0.999997      1496246    291271.11
       3.627     0.999997      1496247    327680.00
       3.647     0.999997      1496248    374491.43
       3.647     0.999998      1496248    436906.67
       3.699     0.999998      1496249    524288.00
       3.699     0.999998      1496249    582542.22
       3.699     0.999998      1496249    655360.00
       3.777     0.999999      1496250    748982.86
       3.777     0.999999      1496250    873813.33
       3.777     0.999999      1496250   1048576.00
       3.777     0.999999      1496250   1165084.44
       3.777     0.999999      1496250   1310720.00
       4.279     0.999999      1496251   1497965.71
       4.279     1.000000      1496251          inf
#[Mean    =        1.085, StdDeviation   =        0.478]
#[Max     =        4.276, Total count    =      1496251]
#[Buckets =           27, SubBuckets     =         2048]
----------------------------------------------------------
  1798210 requests in 1.00m, 125.19MB read
Requests/sec:  29970.13
Transfer/sec:      2.09MB
