Running 1m test @ http://erik-pc.local:8080/greeting/Bob
  4 threads and 100 connections
  Thread calibration: mean lat.: 5.576ms, rate sampling interval: 33ms
  Thread calibration: mean lat.: 5.771ms, rate sampling interval: 33ms
  Thread calibration: mean lat.: 5.632ms, rate sampling interval: 33ms
  Thread calibration: mean lat.: 5.572ms, rate sampling interval: 33ms
  Thread Stats   Avg      Stdev     Max   +/- Stdev
    Latency    12.29ms   61.37ms   1.01s    98.97%
    Req/Sec    28.06k     9.76k  113.33k    65.04%
  Latency Distribution (HdrHistogram - Recorded Latency)
 50.000%    2.39ms
 75.000%   11.90ms
 90.000%   19.26ms
 99.000%  105.60ms
 99.900%  956.93ms
 99.990%    1.00s 
 99.999%    1.01s 
100.000%    1.01s 

  Detailed Percentile spectrum:
       Value   Percentile   TotalCount 1/(1-Percentile)

       0.113     0.000000            1         1.00
       0.682     0.100000       548747         1.11
       1.039     0.200000      1097857         1.25
       1.381     0.300000      1646692         1.43
       1.777     0.400000      2194692         1.67
       2.395     0.500000      2743486         2.00
       3.151     0.550000      3017546         2.22
       5.291     0.600000      3291903         2.50
       7.503     0.650000      3566240         2.86
       9.703     0.700000      3841319         3.33
      11.903     0.750000      4114985         4.00
      13.023     0.775000      4252462         4.44
      14.167     0.800000      4389832         5.00
      15.335     0.825000      4526534         5.71
      16.559     0.850000      4664770         6.67
      17.839     0.875000      4800819         8.00
      18.527     0.887500      4869330         8.89
      19.263     0.900000      4938333        10.00
      20.047     0.912500      5006946        11.43
      20.895     0.925000      5075003        13.33
      21.855     0.937500      5143799        16.00
      22.399     0.943750      5178630        17.78
      22.975     0.950000      5212232        20.00
      23.631     0.956250      5246480        22.86
      24.383     0.962500      5280740        26.67
      25.295     0.968750      5314907        32.00
      25.855     0.971875      5332175        35.56
      26.511     0.975000      5349251        40.00
      27.327     0.978125      5366475        45.71
      28.447     0.981250      5383420        53.33
      30.431     0.984375      5400549        64.00
      32.271     0.985938      5409102        71.11
      37.055     0.987500      5417679        80.00
      50.783     0.989062      5426238        91.43
     157.823     0.990625      5434812       106.67
     297.983     0.992188      5443386       128.00
     354.303     0.992969      5447670       142.22
     450.815     0.993750      5451953       160.00
     508.671     0.994531      5456246       182.86
     581.119     0.995313      5460543       213.33
     663.039     0.996094      5464827       256.00
     683.007     0.996484      5466968       284.44
     714.751     0.996875      5469105       320.00
     760.831     0.997266      5471254       365.71
     787.967     0.997656      5473390       426.67
     816.639     0.998047      5475538       512.00
     845.311     0.998242      5476614       568.89
     875.007     0.998437      5477676       640.00
     904.191     0.998633      5478740       731.43
     933.375     0.998828      5479816       853.33
     958.975     0.999023      5480913      1024.00
     965.119     0.999121      5481458      1137.78
     970.751     0.999219      5481990      1280.00
     976.383     0.999316      5482502      1462.86
     982.527     0.999414      5483038      1706.67
     988.671     0.999512      5483595      2048.00
     991.231     0.999561      5483869      2275.56
     993.791     0.999609      5484154      2560.00
     995.839     0.999658      5484413      2925.71
     997.887     0.999707      5484667      3413.33
     999.935     0.999756      5484952      4096.00
    1000.447     0.999780      5485042      4551.11
    1001.471     0.999805      5485241      5120.00
    1001.983     0.999829      5485333      5851.43
    1002.495     0.999854      5485447      6826.67
    1003.519     0.999878      5485704      8192.00
    1003.519     0.999890      5485704      9102.22
    1003.519     0.999902      5485704     10240.00
    1004.031     0.999915      5485830     11702.86
    1004.543     0.999927      5485976     13653.33
    1004.543     0.999939      5485976     16384.00
    1004.543     0.999945      5485976     18204.44
    1004.543     0.999951      5485976     20480.00
    1005.055     0.999957      5486098     23405.71
    1005.055     0.999963      5486098     27306.67
    1005.055     0.999969      5486098     32768.00
    1005.055     0.999973      5486098     36408.89
    1005.567     0.999976      5486172     40960.00
    1005.567     0.999979      5486172     46811.43
    1005.567     0.999982      5486172     54613.33
    1005.567     0.999985      5486172     65536.00
    1005.567     0.999986      5486172     72817.78
    1006.079     0.999988      5486224     81920.00
    1006.079     0.999989      5486224     93622.86
    1006.079     0.999991      5486224    109226.67
    1006.079     0.999992      5486224    131072.00
    1006.079     0.999993      5486224    145635.56
    1006.079     0.999994      5486224    163840.00
    1006.079     0.999995      5486224    187245.71
    1006.079     0.999995      5486224    218453.33
    1006.079     0.999996      5486224    262144.00
    1006.079     0.999997      5486224    291271.11
    1006.079     0.999997      5486224    327680.00
    1006.591     0.999997      5486239    374491.43
    1006.591     1.000000      5486239          inf
#[Mean    =       12.286, StdDeviation   =       61.375]
#[Max     =     1006.080, Total count    =      5486239]
#[Buckets =           27, SubBuckets     =         2048]
----------------------------------------------------------
  6593258 requests in 1.00m, 459.01MB read
Requests/sec: 109887.38
Transfer/sec:      7.65MB
