Running 1m test @ http://erik-pc.local:8080/greeting/Bob
  4 threads and 100 connections
  Thread calibration: mean lat.: 1.179ms, rate sampling interval: 10ms
  Thread calibration: mean lat.: 1.164ms, rate sampling interval: 10ms
  Thread calibration: mean lat.: 1.154ms, rate sampling interval: 10ms
  Thread calibration: mean lat.: 1.164ms, rate sampling interval: 10ms
  Thread Stats   Avg      Stdev     Max   +/- Stdev
    Latency     1.17ms  518.46us   4.64ms   64.64%
    Req/Sec    15.84k     1.04k   20.56k    75.01%
  Latency Distribution (HdrHistogram - Recorded Latency)
 50.000%    1.13ms
 75.000%    1.54ms
 90.000%    1.88ms
 99.000%    2.43ms
 99.900%    2.96ms
 99.990%    3.42ms
 99.999%    4.01ms
100.000%    4.64ms

  Detailed Percentile spectrum:
       Value   Percentile   TotalCount 1/(1-Percentile)

       0.110     0.000000            1         1.00
       0.526     0.100000       300415         1.11
       0.689     0.200000       598553         1.25
       0.841     0.300000       898814         1.43
       0.981     0.400000      1197996         1.67
       1.132     0.500000      1496458         2.00
       1.208     0.550000      1646095         2.22
       1.284     0.600000      1796705         2.50
       1.364     0.650000      1946454         2.86
       1.449     0.700000      2095001         3.33
       1.542     0.750000      2244525         4.00
       1.591     0.775000      2319767         4.44
       1.642     0.800000      2394502         5.00
       1.696     0.825000      2469731         5.71
       1.753     0.850000      2544414         6.67
       1.816     0.875000      2619443         8.00
       1.849     0.887500      2655959         8.89
       1.885     0.900000      2693631        10.00
       1.923     0.912500      2730868        11.43
       1.965     0.925000      2768569        13.33
       2.010     0.937500      2806187        16.00
       2.034     0.943750      2824640        17.78
       2.061     0.950000      2843990        20.00
       2.089     0.956250      2862008        22.86
       2.123     0.962500      2880733        26.67
       2.163     0.968750      2899691        32.00
       2.187     0.971875      2909057        35.56
       2.213     0.975000      2918151        40.00
       2.243     0.978125      2927269        45.71
       2.281     0.981250      2936817        53.33
       2.325     0.984375      2946099        64.00
       2.349     0.985938      2950517        71.11
       2.377     0.987500      2955176        80.00
       2.409     0.989062      2959895        91.43
       2.445     0.990625      2964482       106.67
       2.489     0.992188      2969225       128.00
       2.515     0.992969      2971620       142.22
       2.543     0.993750      2973826       160.00
       2.577     0.994531      2976207       182.86
       2.615     0.995313      2978512       213.33
       2.659     0.996094      2980854       256.00
       2.683     0.996484      2982008       284.44
       2.713     0.996875      2983207       320.00
       2.743     0.997266      2984379       365.71
       2.777     0.997656      2985511       426.67
       2.817     0.998047      2986669       512.00
       2.841     0.998242      2987267       568.89
       2.865     0.998437      2987843       640.00
       2.895     0.998633      2988446       731.43
       2.927     0.998828      2989021       853.33
       2.967     0.999023      2989590      1024.00
       2.989     0.999121      2989888      1137.78
       3.013     0.999219      2990181      1280.00
       3.039     0.999316      2990467      1462.86
       3.065     0.999414      2990756      1706.67
       3.099     0.999512      2991049      2048.00
       3.117     0.999561      2991183      2275.56
       3.143     0.999609      2991344      2560.00
       3.173     0.999658      2991481      2925.71
       3.203     0.999707      2991624      3413.33
       3.243     0.999756      2991771      4096.00
       3.263     0.999780      2991842      4551.11
       3.293     0.999805      2991918      5120.00
       3.327     0.999829      2991989      5851.43
       3.355     0.999854      2992060      6826.67
       3.389     0.999878      2992133      8192.00
       3.409     0.999890      2992174      9102.22
       3.427     0.999902      2992206     10240.00
       3.457     0.999915      2992246     11702.86
       3.487     0.999927      2992280     13653.33
       3.535     0.999939      2992316     16384.00
       3.555     0.999945      2992335     18204.44
       3.581     0.999951      2992355     20480.00
       3.609     0.999957      2992371     23405.71
       3.671     0.999963      2992389     27306.67
       3.701     0.999969      2992407     32768.00
       3.735     0.999973      2992416     36408.89
       3.763     0.999976      2992425     40960.00
       3.813     0.999979      2992435     46811.43
       3.859     0.999982      2992444     54613.33
       3.907     0.999985      2992453     65536.00
       3.931     0.999986      2992458     72817.78
       3.939     0.999988      2992462     81920.00
       4.005     0.999989      2992467     93622.86
       4.035     0.999991      2992471    109226.67
       4.087     0.999992      2992476    131072.00
       4.115     0.999993      2992478    145635.56
       4.139     0.999994      2992480    163840.00
       4.171     0.999995      2992483    187245.71
       4.259     0.999995      2992485    218453.33
       4.331     0.999996      2992487    262144.00
       4.335     0.999997      2992488    291271.11
       4.363     0.999997      2992489    327680.00
       4.383     0.999997      2992491    374491.43
       4.411     0.999998      2992492    436906.67
       4.455     0.999998      2992493    524288.00
       4.455     0.999998      2992493    582542.22
       4.507     0.999998      2992494    655360.00
       4.563     0.999999      2992495    748982.86
       4.563     0.999999      2992495    873813.33
       4.583     0.999999      2992496   1048576.00
       4.583     0.999999      2992496   1165084.44
       4.583     0.999999      2992496   1310720.00
       4.591     0.999999      2992497   1497965.71
       4.591     0.999999      2992497   1747626.67
       4.591     1.000000      2992497   2097152.00
       4.591     1.000000      2992497   2330168.89
       4.591     1.000000      2992497   2621440.00
       4.639     1.000000      2992498   2995931.43
       4.639     1.000000      2992498          inf
#[Mean    =        1.173, StdDeviation   =        0.518]
#[Max     =        4.636, Total count    =      2992498]
#[Buckets =           27, SubBuckets     =         2048]
----------------------------------------------------------
  3596361 requests in 1.00m, 250.37MB read
Requests/sec:  59939.80
Transfer/sec:      4.17MB
