Running 1m test @ http://erik-pc.local:8080/greeting/Bob
  4 threads and 100 connections
  Thread calibration: mean lat.: 11.739ms, rate sampling interval: 54ms
  Thread calibration: mean lat.: 11.725ms, rate sampling interval: 54ms
  Thread calibration: mean lat.: 12.621ms, rate sampling interval: 55ms
  Thread calibration: mean lat.: 11.297ms, rate sampling interval: 53ms
  Thread Stats   Avg      Stdev     Max   +/- Stdev
    Latency    12.45ms   10.38ms  73.47ms   54.02%
    Req/Sec    30.27k    10.24k   58.02k    55.76%
  Latency Distribution (HdrHistogram - Recorded Latency)
 50.000%   10.99ms
 75.000%   20.90ms
 90.000%   27.30ms
 99.000%   35.55ms
 99.900%   46.94ms
 99.990%   57.89ms
 99.999%   68.16ms
100.000%   73.54ms

  Detailed Percentile spectrum:
       Value   Percentile   TotalCount 1/(1-Percentile)

       0.102     0.000000            1         1.00
       0.894     0.100000       599309         1.11
       1.512     0.200000      1198127         1.25
       2.755     0.300000      1796717         1.43
       6.819     0.400000      2395335         1.67
      10.991     0.500000      2994645         2.00
      12.999     0.550000      3293565         2.22
      14.983     0.600000      3592844         2.50
      16.959     0.650000      3893265         2.86
      18.927     0.700000      4193489         3.33
      20.895     0.750000      4492664         4.00
      21.887     0.775000      4642492         4.44
      22.879     0.800000      4790613         5.00
      23.903     0.825000      4940386         5.71
      24.959     0.850000      5089640         6.67
      26.079     0.875000      5239207         8.00
      26.671     0.887500      5314046         8.89
      27.295     0.900000      5388843        10.00
      27.967     0.912500      5464652        11.43
      28.687     0.925000      5540025        13.33
      29.471     0.937500      5614688        16.00
      29.887     0.943750      5650805        17.78
      30.351     0.950000      5688198        20.00
      30.863     0.956250      5726285        22.86
      31.407     0.962500      5763206        26.67
      32.031     0.968750      5800616        32.00
      32.383     0.971875      5819435        35.56
      32.767     0.975000      5838305        40.00
      33.183     0.978125      5856621        45.71
      33.663     0.981250      5875199        53.33
      34.239     0.984375      5894704        64.00
      34.559     0.985938      5904140        71.11
      34.879     0.987500      5912767        80.00
      35.295     0.989062      5922442        91.43
      35.743     0.990625      5931354       106.67
      36.351     0.992188      5940761       128.00
      36.735     0.992969      5945596       142.22
      37.151     0.993750      5950041       160.00
      37.695     0.994531      5954881       182.86
      38.367     0.995313      5959597       213.33
      39.231     0.996094      5964146       256.00
      39.775     0.996484      5966490       284.44
      40.447     0.996875      5968813       320.00
      41.247     0.997266      5971145       365.71
      42.143     0.997656      5973466       426.67
      43.167     0.998047      5975794       512.00
      43.743     0.998242      5976941       568.89
      44.415     0.998437      5978132       640.00
      45.151     0.998633      5979309       731.43
      46.015     0.998828      5980464       853.33
      47.071     0.999023      5981622      1024.00
      47.679     0.999121      5982212      1137.78
      48.351     0.999219      5982800      1280.00
      49.087     0.999316      5983383      1462.86
      49.855     0.999414      5983968      1706.67
      50.783     0.999512      5984539      2048.00
      51.295     0.999561      5984835      2275.56
      51.903     0.999609      5985137      2560.00
      52.543     0.999658      5985426      2925.71
      53.279     0.999707      5985708      3413.33
      54.111     0.999756      5986003      4096.00
      54.591     0.999780      5986151      4551.11
      55.071     0.999805      5986302      5120.00
      55.583     0.999829      5986442      5851.43
      56.255     0.999854      5986586      6826.67
      57.087     0.999878      5986734      8192.00
      57.567     0.999890      5986812      9102.22
      58.047     0.999902      5986877     10240.00
      58.751     0.999915      5986950     11702.86
      59.551     0.999927      5987023     13653.33
      60.671     0.999939      5987096     16384.00
      61.311     0.999945      5987135     18204.44
      61.823     0.999951      5987169     20480.00
      62.495     0.999957      5987207     23405.71
      63.295     0.999963      5987243     27306.67
      64.127     0.999969      5987279     32768.00
      64.575     0.999973      5987298     36408.89
      65.119     0.999976      5987317     40960.00
      65.727     0.999979      5987335     46811.43
      66.431     0.999982      5987358     54613.33
      67.007     0.999985      5987371     65536.00
      67.327     0.999986      5987379     72817.78
      67.647     0.999988      5987389     81920.00
      68.095     0.999989      5987399     93622.86
      68.479     0.999991      5987408    109226.67
      68.671     0.999992      5987418    131072.00
      68.799     0.999993      5987420    145635.56
      69.119     0.999994      5987426    163840.00
      69.503     0.999995      5987430    187245.71
      69.695     0.999995      5987434    218453.33
      70.143     0.999996      5987439    262144.00
      70.399     0.999997      5987441    291271.11
      70.591     0.999997      5987443    327680.00
      71.167     0.999997      5987447    374491.43
      71.615     0.999998      5987448    436906.67
      71.935     0.999998      5987450    524288.00
      71.999     0.999998      5987451    582542.22
      72.319     0.999998      5987452    655360.00
      72.767     0.999999      5987454    748982.86
      72.895     0.999999      5987455    873813.33
      73.151     0.999999      5987456   1048576.00
      73.151     0.999999      5987456   1165084.44
      73.215     0.999999      5987457   1310720.00
      73.279     0.999999      5987458   1497965.71
      73.279     0.999999      5987458   1747626.67
      73.343     1.000000      5987459   2097152.00
      73.343     1.000000      5987459   2330168.89
      73.343     1.000000      5987459   2621440.00
      73.407     1.000000      5987460   2995931.43
      73.407     1.000000      5987460   3495253.33
      73.407     1.000000      5987460   4194304.00
      73.407     1.000000      5987460   4660337.78
      73.407     1.000000      5987460   5242880.00
      73.535     1.000000      5987461   5991862.86
      73.535     1.000000      5987461          inf
#[Mean    =       12.454, StdDeviation   =       10.382]
#[Max     =       73.472, Total count    =      5987461]
#[Buckets =           27, SubBuckets     =         2048]
----------------------------------------------------------
  7164453 requests in 1.00m, 498.78MB read
Requests/sec: 119406.40
Transfer/sec:      8.31MB
