Running 1m test @ http://erik-pc.local:8080/greeting/Bob
  4 threads and 100 connections
  Thread calibration: mean lat.: 1.203ms, rate sampling interval: 10ms
  Thread calibration: mean lat.: 1.255ms, rate sampling interval: 10ms
  Thread calibration: mean lat.: 1.241ms, rate sampling interval: 10ms
  Thread calibration: mean lat.: 1.224ms, rate sampling interval: 10ms
  Thread Stats   Avg      Stdev     Max   +/- Stdev
    Latency     1.25ms  510.37us   6.46ms   63.09%
    Req/Sec     2.64k   354.30     4.22k    80.85%
  Latency Distribution (HdrHistogram - Recorded Latency)
 50.000%    1.21ms
 75.000%    1.62ms
 90.000%    1.97ms
 99.000%    2.42ms
 99.900%    2.79ms
 99.990%    3.14ms
 99.999%    3.54ms
100.000%    6.46ms

  Detailed Percentile spectrum:
       Value   Percentile   TotalCount 1/(1-Percentile)

       0.203     0.000000            1         1.00
       0.605     0.100000        50152         1.11
       0.754     0.200000        99788         1.25
       0.895     0.300000       149792         1.43
       1.052     0.400000       199789         1.67
       1.209     0.500000       249388         2.00
       1.287     0.550000       274626         2.22
       1.366     0.600000       299558         2.50
       1.447     0.650000       324451         2.86
       1.531     0.700000       349432         3.33
       1.619     0.750000       374171         4.00
       1.668     0.775000       386661         4.44
       1.719     0.800000       399031         5.00
       1.775     0.825000       411612         5.71
       1.833     0.850000       423972         6.67
       1.898     0.875000       436422         8.00
       1.932     0.887500       442727         8.89
       1.968     0.900000       448994        10.00
       2.006     0.912500       455129        11.43
       2.049     0.925000       461544        13.33
       2.095     0.937500       467702        16.00
       2.119     0.943750       470716        17.78
       2.147     0.950000       474024        20.00
       2.173     0.956250       476992        22.86
       2.203     0.962500       480170        26.67
       2.237     0.968750       483306        32.00
       2.253     0.971875       484776        35.56
       2.273     0.975000       486382        40.00
       2.295     0.978125       487913        45.71
       2.321     0.981250       489484        53.33
       2.351     0.984375       490989        64.00
       2.367     0.985938       491750        71.11
       2.387     0.987500       492551        80.00
       2.407     0.989062       493325        91.43
       2.431     0.990625       494126       106.67
       2.457     0.992188       494890       128.00
       2.471     0.992969       495276       142.22
       2.487     0.993750       495663       160.00
       2.505     0.994531       496045       182.86
       2.527     0.995313       496436       213.33
       2.553     0.996094       496800       256.00
       2.571     0.996484       497014       284.44
       2.591     0.996875       497195       320.00
       2.611     0.997266       497387       365.71
       2.639     0.997656       497585       426.67
       2.667     0.998047       497779       512.00
       2.687     0.998242       497878       568.89
       2.709     0.998437       497975       640.00
       2.737     0.998633       498072       731.43
       2.763     0.998828       498168       853.33
       2.799     0.999023       498269      1024.00
       2.817     0.999121       498310      1137.78
       2.837     0.999219       498361      1280.00
       2.859     0.999316       498417      1462.86
       2.879     0.999414       498460      1706.67
       2.911     0.999512       498505      2048.00
       2.929     0.999561       498533      2275.56
       2.947     0.999609       498555      2560.00
       2.975     0.999658       498579      2925.71
       2.997     0.999707       498602      3413.33
       3.021     0.999756       498627      4096.00
       3.039     0.999780       498639      4551.11
       3.057     0.999805       498651      5120.00
       3.081     0.999829       498665      5851.43
       3.099     0.999854       498675      6826.67
       3.121     0.999878       498689      8192.00
       3.131     0.999890       498696      9102.22
       3.139     0.999902       498701     10240.00
       3.153     0.999915       498706     11702.86
       3.177     0.999927       498712     13653.33
       3.197     0.999939       498718     16384.00
       3.209     0.999945       498721     18204.44
       3.239     0.999951       498725     20480.00
       3.251     0.999957       498727     23405.71
       3.277     0.999963       498730     27306.67
       3.307     0.999969       498733     32768.00
       3.315     0.999973       498735     36408.89
       3.323     0.999976       498736     40960.00
       3.359     0.999979       498738     46811.43
       3.401     0.999982       498739     54613.33
       3.447     0.999985       498741     65536.00
       3.471     0.999986       498742     72817.78
       3.471     0.999988       498742     81920.00
       3.535     0.999989       498743     93622.86
       3.553     0.999991       498744    109226.67
       3.595     0.999992       498745    131072.00
       3.595     0.999993       498745    145635.56
       3.595     0.999994       498745    163840.00
       3.597     0.999995       498746    187245.71
       3.597     0.999995       498746    218453.33
       4.711     0.999996       498747    262144.00
       4.711     0.999997       498747    291271.11
       4.711     0.999997       498747    327680.00
       4.711     0.999997       498747    374491.43
       4.711     0.999998       498747    436906.67
       6.463     0.999998       498748    524288.00
       6.463     1.000000       498748          inf
#[Mean    =        1.249, StdDeviation   =        0.510]
#[Max     =        6.460, Total count    =       498748]
#[Buckets =           27, SubBuckets     =         2048]
----------------------------------------------------------
  599438 requests in 1.00m, 41.73MB read
Requests/sec:   9990.38
Transfer/sec:    712.21KB
