Running 1m test @ http://erik-pc.local:8080/greeting/Bob
  4 threads and 100 connections
  Thread calibration: mean lat.: 1.419ms, rate sampling interval: 10ms
  Thread calibration: mean lat.: 1.425ms, rate sampling interval: 10ms
  Thread calibration: mean lat.: 1.420ms, rate sampling interval: 10ms
  Thread calibration: mean lat.: 1.463ms, rate sampling interval: 10ms
  Thread Stats   Avg      Stdev     Max   +/- Stdev
    Latency     1.53ms    1.32ms  24.02ms   94.46%
    Req/Sec    26.36k     3.46k   66.78k    87.27%
  Latency Distribution (HdrHistogram - Recorded Latency)
 50.000%    1.33ms
 75.000%    1.93ms
 90.000%    2.45ms
 99.000%    7.70ms
 99.900%   15.53ms
 99.990%   18.72ms
 99.999%   21.89ms
100.000%   24.03ms

  Detailed Percentile spectrum:
       Value   Percentile   TotalCount 1/(1-Percentile)

       0.106     0.000000            1         1.00
       0.487     0.100000       500683         1.11
       0.729     0.200000       998897         1.25
       0.947     0.300000      1498006         1.43
       1.146     0.400000      1995419         1.67
       1.331     0.500000      2496346         2.00
       1.429     0.550000      2744625         2.22
       1.540     0.600000      2994131         2.50
       1.663     0.650000      3242469         2.86
       1.795     0.700000      3491390         3.33
       1.932     0.750000      3742025         4.00
       2.002     0.775000      3866571         4.44
       2.075     0.800000      3992453         5.00
       2.149     0.825000      4116458         5.71
       2.231     0.850000      4240912         6.67
       2.325     0.875000      4364173         8.00
       2.383     0.887500      4426997         8.89
       2.451     0.900000      4489626        10.00
       2.529     0.912500      4551154        11.43
       2.621     0.925000      4613684        13.33
       2.729     0.937500      4676383        16.00
       2.791     0.943750      4707766        17.78
       2.857     0.950000      4738702        20.00
       2.929     0.956250      4769404        22.86
       3.017     0.962500      4800654        26.67
       3.131     0.968750      4831617        32.00
       3.217     0.971875      4847345        35.56
       3.345     0.975000      4862786        40.00
       3.617     0.978125      4878408        45.71
       4.219     0.981250      4893969        53.33
       5.259     0.984375      4909577        64.00
       5.875     0.985938      4917340        71.11
       6.531     0.987500      4925124        80.00
       7.235     0.989062      4932916        91.43
       8.015     0.990625      4940730       106.67
       8.887     0.992188      4948506       128.00
       9.375     0.992969      4952422       142.22
       9.903     0.993750      4956354       160.00
      10.455     0.994531      4960187       182.86
      11.063     0.995313      4964102       213.33
      11.743     0.996094      4967992       256.00
      12.111     0.996484      4969944       284.44
      12.511     0.996875      4971876       320.00
      12.943     0.997266      4973824       365.71
      13.407     0.997656      4975776       426.67
      13.919     0.998047      4977738       512.00
      14.199     0.998242      4978693       568.89
      14.503     0.998437      4979676       640.00
      14.831     0.998633      4980649       731.43
      15.183     0.998828      4981621       853.33
      15.575     0.999023      4982598      1024.00
      15.791     0.999121      4983090      1137.78
      15.999     0.999219      4983565      1280.00
      16.231     0.999316      4984052      1462.86
      16.479     0.999414      4984548      1706.67
      16.767     0.999512      4985044      2048.00
      16.911     0.999561      4985283      2275.56
      17.055     0.999609      4985523      2560.00
      17.231     0.999658      4985774      2925.71
      17.407     0.999707      4985998      3413.33
      17.647     0.999756      4986248      4096.00
      17.791     0.999780      4986380      4551.11
      17.919     0.999805      4986491      5120.00
      18.079     0.999829      4986611      5851.43
      18.255     0.999854      4986729      6826.67
      18.495     0.999878      4986859      8192.00
      18.607     0.999890      4986917      9102.22
      18.751     0.999902      4986971     10240.00
      18.943     0.999915      4987034     11702.86
      19.167     0.999927      4987094     13653.33
      19.439     0.999939      4987154     16384.00
      19.615     0.999945      4987185     18204.44
      19.823     0.999951      4987215     20480.00
      20.031     0.999957      4987245     23405.71
      20.335     0.999963      4987277     27306.67
      20.607     0.999969      4987306     32768.00
      20.783     0.999973      4987324     36408.89
      20.943     0.999976      4987338     40960.00
      21.151     0.999979      4987353     46811.43
      21.343     0.999982      4987367     54613.33
      21.535     0.999985      4987382     65536.00
      21.599     0.999986      4987390     72817.78
      21.775     0.999988      4987398     81920.00
      21.839     0.999989      4987405     93622.86
      21.967     0.999991      4987413    109226.67
      22.143     0.999992      4987420    131072.00
      22.239     0.999993      4987425    145635.56
      22.351     0.999994      4987428    163840.00
      22.431     0.999995      4987432    187245.71
      22.559     0.999995      4987436    218453.33
      22.687     0.999996      4987440    262144.00
      22.719     0.999997      4987442    291271.11
      22.735     0.999997      4987443    327680.00
      22.879     0.999997      4987445    374491.43
      23.087     0.999998      4987447    436906.67
      23.215     0.999998      4987449    524288.00
      23.247     0.999998      4987450    582542.22
      23.311     0.999998      4987451    655360.00
      23.471     0.999999      4987452    748982.86
      23.551     0.999999      4987453    873813.33
      23.647     0.999999      4987454   1048576.00
      23.647     0.999999      4987454   1165084.44
      23.663     0.999999      4987455   1310720.00
      23.663     0.999999      4987455   1497965.71
      23.887     0.999999      4987456   1747626.67
      23.887     1.000000      4987456   2097152.00
      23.887     1.000000      4987456   2330168.89
      23.967     1.000000      4987457   2621440.00
      23.967     1.000000      4987457   2995931.43
      23.967     1.000000      4987457   3495253.33
      23.967     1.000000      4987457   4194304.00
      23.967     1.000000      4987457   4660337.78
      24.031     1.000000      4987458   5242880.00
      24.031     1.000000      4987458          inf
#[Mean    =        1.531, StdDeviation   =        1.322]
#[Max     =       24.016, Total count    =      4987458]
#[Buckets =           27, SubBuckets     =         2048]
----------------------------------------------------------
  5970355 requests in 1.00m, 415.65MB read
Requests/sec:  99506.11
Transfer/sec:      6.93MB
