Running 1m test @ http://erik-pc.local:8080/greeting/Bob
  4 threads and 100 connections
  Thread calibration: mean lat.: 1.181ms, rate sampling interval: 10ms
  Thread calibration: mean lat.: 1.194ms, rate sampling interval: 10ms
  Thread calibration: mean lat.: 1.232ms, rate sampling interval: 10ms
  Thread calibration: mean lat.: 1.222ms, rate sampling interval: 10ms
  Thread Stats   Avg      Stdev     Max   +/- Stdev
    Latency     1.20ms  520.93us   7.52ms   63.98%
    Req/Sec    10.55k   808.08    15.00k    75.16%
  Latency Distribution (HdrHistogram - Recorded Latency)
 50.000%    1.15ms
 75.000%    1.61ms
 90.000%    1.90ms
 99.000%    2.41ms
 99.900%    3.18ms
 99.990%    4.94ms
 99.999%    6.93ms
100.000%    7.53ms

  Detailed Percentile spectrum:
       Value   Percentile   TotalCount 1/(1-Percentile)

       0.185     0.000000            1         1.00
       0.527     0.100000       200228         1.11
       0.729     0.200000       399481         1.25
       0.872     0.300000       599810         1.43
       1.003     0.400000       799287         1.67
       1.149     0.500000       998016         2.00
       1.229     0.550000      1098116         2.22
       1.317     0.600000      1197258         2.50
       1.412     0.650000      1297404         2.86
       1.508     0.700000      1397246         3.33
       1.606     0.750000      1497296         4.00
       1.653     0.775000      1546561         4.44
       1.701     0.800000      1596818         5.00
       1.749     0.825000      1646685         5.71
       1.797     0.850000      1696054         6.67
       1.848     0.875000      1745670         8.00
       1.875     0.887500      1771024         8.89
       1.903     0.900000      1795618        10.00
       1.934     0.912500      1821053        11.43
       1.968     0.925000      1845781        13.33
       2.007     0.937500      1870401        16.00
       2.029     0.943750      1883094        17.78
       2.053     0.950000      1895429        20.00
       2.081     0.956250      1908238        22.86
       2.111     0.962500      1920334        26.67
       2.149     0.968750      1932947        32.00
       2.171     0.971875      1939278        35.56
       2.195     0.975000      1945462        40.00
       2.223     0.978125      1951499        45.71
       2.257     0.981250      1957592        53.33
       2.301     0.984375      1964012        64.00
       2.327     0.985938      1967133        71.11
       2.357     0.987500      1970214        80.00
       2.389     0.989062      1973203        91.43
       2.427     0.990625      1976321       106.67
       2.471     0.992188      1979403       128.00
       2.499     0.992969      1981031       142.22
       2.529     0.993750      1982616       160.00
       2.565     0.994531      1984164       182.86
       2.607     0.995313      1985657       213.33
       2.663     0.996094      1987199       256.00
       2.695     0.996484      1987998       284.44
       2.733     0.996875      1988768       320.00
       2.775     0.997266      1989535       365.71
       2.833     0.997656      1990317       426.67
       2.907     0.998047      1991110       512.00
       2.947     0.998242      1991485       568.89
       2.999     0.998437      1991874       640.00
       3.055     0.998633      1992273       731.43
       3.115     0.998828      1992656       853.33
       3.189     0.999023      1993041      1024.00
       3.241     0.999121      1993235      1137.78
       3.297     0.999219      1993433      1280.00
       3.373     0.999316      1993625      1462.86
       3.483     0.999414      1993821      1706.67
       3.573     0.999512      1994016      2048.00
       3.631     0.999561      1994112      2275.56
       3.691     0.999609      1994212      2560.00
       3.757     0.999658      1994310      2925.71
       3.881     0.999707      1994403      3413.33
       4.001     0.999756      1994500      4096.00
       4.089     0.999780      1994550      4551.11
       4.179     0.999805      1994598      5120.00
       4.363     0.999829      1994647      5851.43
       4.571     0.999854      1994698      6826.67
       4.755     0.999878      1994744      8192.00
       4.843     0.999890      1994769      9102.22
       4.979     0.999902      1994794     10240.00
       5.051     0.999915      1994817     11702.86
       5.179     0.999927      1994842     13653.33
       5.271     0.999939      1994866     16384.00
       5.323     0.999945      1994878     18204.44
       5.415     0.999951      1994891     20480.00
       5.459     0.999957      1994902     23405.71
       5.563     0.999963      1994915     27306.67
       5.695     0.999969      1994927     32768.00
       5.759     0.999973      1994933     36408.89
       5.863     0.999976      1994941     40960.00
       5.895     0.999979      1994946     46811.43
       6.123     0.999982      1994951     54613.33
       6.355     0.999985      1994957     65536.00
       6.547     0.999986      1994960     72817.78
       6.703     0.999988      1994963     81920.00
       6.923     0.999989      1994966     93622.86
       6.951     0.999991      1994969    109226.67
       6.999     0.999992      1994972    131072.00
       7.035     0.999993      1994974    145635.56
       7.063     0.999994      1994975    163840.00
       7.191     0.999995      1994977    187245.71
       7.235     0.999995      1994978    218453.33
       7.259     0.999996      1994980    262144.00
       7.307     0.999997      1994982    291271.11
       7.307     0.999997      1994982    327680.00
       7.307     0.999997      1994982    374491.43
       7.419     0.999998      1994983    436906.67
       7.443     0.999998      1994984    524288.00
       7.443     0.999998      1994984    582542.22
       7.443     0.999998      1994984    655360.00
       7.463     0.999999      1994985    748982.86
       7.463     0.999999      1994985    873813.33
       7.511     0.999999      1994986   1048576.00
       7.511     0.999999      1994986   1165084.44
       7.511     0.999999      1994986   1310720.00
       7.511     0.999999      1994986   1497965.71
       7.511     0.999999      1994986   1747626.67
       7.527     1.000000      1994987   2097152.00
       7.527     1.000000      1994987          inf
#[Mean    =        1.204, StdDeviation   =        0.521]
#[Max     =        7.524, Total count    =      1994987]
#[Buckets =           27, SubBuckets     =         2048]
----------------------------------------------------------
  2397583 requests in 1.00m, 198.93MB read
Requests/sec:  39959.72
Transfer/sec:      3.32MB
