Running 1m test @ http://erik-pc.local:8080/greeting/Bob
  4 threads and 100 connections
  Thread calibration: mean lat.: 1.211ms, rate sampling interval: 10ms
  Thread calibration: mean lat.: 1.157ms, rate sampling interval: 10ms
  Thread calibration: mean lat.: 1.154ms, rate sampling interval: 10ms
  Thread calibration: mean lat.: 1.152ms, rate sampling interval: 10ms
  Thread Stats   Avg      Stdev     Max   +/- Stdev
    Latency     1.17ms  511.55us   5.48ms   64.71%
    Req/Sec    15.81k     1.06k   19.67k    73.13%
  Latency Distribution (HdrHistogram - Recorded Latency)
 50.000%    1.13ms
 75.000%    1.52ms
 90.000%    1.86ms
 99.000%    2.40ms
 99.900%    2.97ms
 99.990%    3.54ms
 99.999%    4.19ms
100.000%    5.48ms

  Detailed Percentile spectrum:
       Value   Percentile   TotalCount 1/(1-Percentile)

       0.125     0.000000            1         1.00
       0.524     0.100000       300233         1.11
       0.688     0.200000       599071         1.25
       0.842     0.300000       898105         1.43
       0.982     0.400000      1197329         1.67
       1.128     0.500000      1496473         2.00
       1.203     0.550000      1647637         2.22
       1.277     0.600000      1796258         2.50
       1.353     0.650000      1945884         2.86
       1.434     0.700000      2095858         3.33
       1.525     0.750000      2245373         4.00
       1.574     0.775000      2319872         4.44
       1.626     0.800000      2395276         5.00
       1.679     0.825000      2469377         5.71
       1.735     0.850000      2544003         6.67
       1.796     0.875000      2618661         8.00
       1.829     0.887500      2656307         8.89
       1.864     0.900000      2694184        10.00
       1.901     0.912500      2730865        11.43
       1.942     0.925000      2768762        13.33
       1.988     0.937500      2805930        16.00
       2.013     0.943750      2824325        17.78
       2.041     0.950000      2843457        20.00
       2.071     0.956250      2862275        22.86
       2.105     0.962500      2881043        26.67
       2.145     0.968750      2899263        32.00
       2.167     0.971875      2908386        35.56
       2.193     0.975000      2918015        40.00
       2.223     0.978125      2927400        45.71
       2.255     0.981250      2936379        53.33
       2.297     0.984375      2946107        64.00
       2.319     0.985938      2950398        71.11
       2.347     0.987500      2955191        80.00
       2.379     0.989062      2960016        91.43
       2.413     0.990625      2964473       106.67
       2.457     0.992188      2969272       128.00
       2.481     0.992969      2971434       142.22
       2.511     0.993750      2973808       160.00
       2.545     0.994531      2976171       182.86
       2.585     0.995313      2978486       213.33
       2.631     0.996094      2980797       256.00
       2.661     0.996484      2982019       284.44
       2.691     0.996875      2983155       320.00
       2.727     0.997266      2984317       365.71
       2.767     0.997656      2985505       426.67
       2.815     0.998047      2986649       512.00
       2.841     0.998242      2987228       568.89
       2.869     0.998437      2987802       640.00
       2.901     0.998633      2988390       731.43
       2.937     0.998828      2988989       853.33
       2.981     0.999023      2989566      1024.00
       3.003     0.999121      2989848      1137.78
       3.031     0.999219      2990144      1280.00
       3.061     0.999316      2990435      1462.86
       3.095     0.999414      2990733      1706.67
       3.133     0.999512      2991012      2048.00
       3.155     0.999561      2991163      2275.56
       3.181     0.999609      2991305      2560.00
       3.211     0.999658      2991451      2925.71
       3.243     0.999707      2991599      3413.33
       3.289     0.999756      2991743      4096.00
       3.313     0.999780      2991818      4551.11
       3.339     0.999805      2991891      5120.00
       3.375     0.999829      2991963      5851.43
       3.421     0.999854      2992036      6826.67
       3.479     0.999878      2992108      8192.00
       3.515     0.999890      2992145      9102.22
       3.543     0.999902      2992182     10240.00
       3.585     0.999915      2992220     11702.86
       3.625     0.999927      2992254     13653.33
       3.689     0.999939      2992291     16384.00
       3.713     0.999945      2992309     18204.44
       3.735     0.999951      2992328     20480.00
       3.783     0.999957      2992346     23405.71
       3.825     0.999963      2992364     27306.67
       3.877     0.999969      2992382     32768.00
       3.923     0.999973      2992391     36408.89
       3.945     0.999976      2992400     40960.00
       3.975     0.999979      2992411     46811.43
       3.989     0.999982      2992419     54613.33
       4.055     0.999985      2992428     65536.00
       4.099     0.999986      2992433     72817.78
       4.127     0.999988      2992437     81920.00
       4.171     0.999989      2992442     93622.86
       4.199     0.999991      2992446    109226.67
       4.227     0.999992      2992451    131072.00
       4.239     0.999993      2992453    145635.56
       4.275     0.999994      2992455    163840.00
       4.347     0.999995      2992458    187245.71
       4.383     0.999995      2992460    218453.33
       4.599     0.999996      2992463    262144.00
       4.599     0.999997      2992463    291271.11
       4.699     0.999997      2992464    327680.00
       4.723     0.999997      2992466    374491.43
       4.739     0.999998      2992467    436906.67
       4.783     0.999998      2992468    524288.00
       4.783     0.999998      2992468    582542.22
       4.795     0.999998      2992469    655360.00
       4.815     0.999999      2992470    748982.86
       4.815     0.999999      2992470    873813.33
       4.899     0.999999      2992471   1048576.00
       4.899     0.999999      2992471   1165084.44
       4.899     0.999999      2992471   1310720.00
       5.419     0.999999      2992472   1497965.71
       5.419     0.999999      2992472   1747626.67
       5.419     1.000000      2992472   2097152.00
       5.419     1.000000      2992472   2330168.89
       5.419     1.000000      2992472   2621440.00
       5.483     1.000000      2992473   2995931.43
       5.483     1.000000      2992473          inf
#[Mean    =        1.166, StdDeviation   =        0.512]
#[Max     =        5.480, Total count    =      2992473]
#[Buckets =           27, SubBuckets     =         2048]
----------------------------------------------------------
  3596363 requests in 1.00m, 250.37MB read
Requests/sec:  59938.99
Transfer/sec:      4.17MB
