Running 1m test @ http://erik-pc.local:8080/greeting/Bob
  4 threads and 100 connections
  Thread calibration: mean lat.: 94.169ms, rate sampling interval: 455ms
  Thread calibration: mean lat.: 115.270ms, rate sampling interval: 462ms
  Thread calibration: mean lat.: 242.998ms, rate sampling interval: 1017ms
  Thread calibration: mean lat.: 104.726ms, rate sampling interval: 413ms
  Thread Stats   Avg      Stdev     Max   +/- Stdev
    Latency     1.32s   921.99ms   4.28s    76.69%
    Req/Sec    33.79k     1.93k   38.41k    67.27%
  Latency Distribution (HdrHistogram - Recorded Latency)
 50.000%    1.13s 
 75.000%    1.64s 
 90.000%    2.72s 
 99.000%    4.10s 
 99.900%    4.21s 
 99.990%    4.26s 
 99.999%    4.27s 
100.000%    4.28s 

  Detailed Percentile spectrum:
       Value   Percentile   TotalCount 1/(1-Percentile)

       8.743     0.000000            1         1.00
     389.375     0.100000       669557         1.11
     558.591     0.200000      1340489         1.25
     731.135     0.300000      2009967         1.43
     912.895     0.400000      2678827         1.67
    1127.423     0.500000      3349769         2.00
    1225.727     0.550000      3683576         2.22
    1315.839     0.600000      4017898         2.50
    1406.975     0.650000      4352478         2.86
    1524.735     0.700000      4689454         3.33
    1638.399     0.750000      5021964         4.00
    1703.935     0.775000      5189312         4.44
    1795.071     0.800000      5356668         5.00
    1980.415     0.825000      5523303         5.71
    2099.199     0.850000      5691469         6.67
    2287.615     0.875000      5859049         8.00
    2545.663     0.887500      5943401         8.89
    2719.743     0.900000      6025691        10.00
    2951.167     0.912500      6109217        11.43
    3112.959     0.925000      6192754        13.33
    3282.943     0.937500      6276527        16.00
    3409.919     0.943750      6318994        17.78
    3479.551     0.950000      6361239        20.00
    3571.711     0.956250      6401900        22.86
    3682.303     0.962500      6444501        26.67
    3801.087     0.968750      6485885        32.00
    3868.671     0.971875      6506579        35.56
    3936.255     0.975000      6528446        40.00
    3964.927     0.978125      6548931        45.71
    3997.695     0.981250      6570503        53.33
    4026.367     0.984375      6591169        64.00
    4042.751     0.985938      6600997        71.11
    4067.327     0.987500      6611193        80.00
    4091.903     0.989062      6622418        91.43
    4110.335     0.990625      6632970       106.67
    4122.623     0.992188      6642764       128.00
    4128.767     0.992969      6648753       142.22
    4134.911     0.993750      6654654       160.00
    4139.007     0.994531      6658476       182.86
    4145.151     0.995313      6664078       213.33
    4151.295     0.996094      6669163       256.00
    4155.391     0.996484      6672066       284.44
    4159.487     0.996875      6674480       320.00
    4163.583     0.997266      6676546       365.71
    4169.727     0.997656      6679137       426.67
    4177.919     0.998047      6681788       512.00
    4184.063     0.998242      6683418       568.89
    4188.159     0.998437      6684422       640.00
    4194.303     0.998633      6685726       731.43
    4202.495     0.998828      6687340       853.33
    4210.687     0.999023      6688873      1024.00
    4210.687     0.999121      6688873      1137.78
    4214.783     0.999219      6689639      1280.00
    4218.879     0.999316      6690324      1462.86
    4222.975     0.999414      6690929      1706.67
    4227.071     0.999512      6691523      2048.00
    4231.167     0.999561      6692101      2275.56
    4235.263     0.999609      6692636      2560.00
    4235.263     0.999658      6692636      2925.71
    4239.359     0.999707      6692985      3413.33
    4243.455     0.999756      6693390      4096.00
    4243.455     0.999780      6693390      4551.11
    4247.551     0.999805      6693710      5120.00
    4247.551     0.999829      6693710      5851.43
    4251.647     0.999854      6693985      6826.67
    4251.647     0.999878      6693985      8192.00
    4255.743     0.999890      6694212      9102.22
    4255.743     0.999902      6694212     10240.00
    4255.743     0.999915      6694212     11702.86
    4259.839     0.999927      6694404     13653.33
    4259.839     0.999939      6694404     16384.00
    4259.839     0.999945      6694404     18204.44
    4263.935     0.999951      6694527     20480.00
    4263.935     0.999957      6694527     23405.71
    4263.935     0.999963      6694527     27306.67
    4268.031     0.999969      6694643     32768.00
    4268.031     0.999973      6694643     36408.89
    4268.031     0.999976      6694643     40960.00
    4268.031     0.999979      6694643     46811.43
    4268.031     0.999982      6694643     54613.33
    4268.031     0.999985      6694643     65536.00
    4272.127     0.999986      6694705     72817.78
    4272.127     0.999988      6694705     81920.00
    4272.127     0.999989      6694705     93622.86
    4272.127     0.999991      6694705    109226.67
    4272.127     0.999992      6694705    131072.00
    4272.127     0.999993      6694705    145635.56
    4272.127     0.999994      6694705    163840.00
    4276.223     0.999995      6694724    187245.71
    4276.223     0.999995      6694724    218453.33
    4276.223     0.999996      6694724    262144.00
    4276.223     0.999997      6694724    291271.11
    4280.319     0.999997      6694745    327680.00
    4280.319     1.000000      6694745          inf
#[Mean    =     1315.425, StdDeviation   =      921.993]
#[Max     =     4276.224, Total count    =      6694745]
#[Buckets =           27, SubBuckets     =         2048]
----------------------------------------------------------
  8060072 requests in 1.00m, 561.13MB read
Requests/sec: 134307.15
Transfer/sec:      9.35MB
