Running 1m test @ http://erik-pc.local:8080/greeting/Bob
  4 threads and 100 connections
  Thread calibration: mean lat.: 12.118ms, rate sampling interval: 64ms
  Thread calibration: mean lat.: 12.220ms, rate sampling interval: 64ms
  Thread calibration: mean lat.: 12.176ms, rate sampling interval: 64ms
  Thread calibration: mean lat.: 13.109ms, rate sampling interval: 65ms
  Thread Stats   Avg      Stdev     Max   +/- Stdev
    Latency    13.78ms   12.80ms  52.77ms   63.26%
    Req/Sec    12.61k     4.24k   20.73k    57.06%
  Latency Distribution (HdrHistogram - Recorded Latency)
 50.000%   10.57ms
 75.000%   24.85ms
 90.000%   33.09ms
 99.000%   40.90ms
 99.900%   44.67ms
 99.990%   48.13ms
 99.999%   50.24ms
100.000%   52.80ms

  Detailed Percentile spectrum:
       Value   Percentile   TotalCount 1/(1-Percentile)

       0.166     0.000000            1         1.00
       0.808     0.100000       249554         1.11
       1.202     0.200000       499289         1.25
       1.733     0.300000       748730         1.43
       4.387     0.400000       998053         1.67
      10.567     0.500000      1247452         2.00
      13.527     0.550000      1372295         2.22
      16.447     0.600000      1497587         2.50
      19.295     0.650000      1622145         2.86
      22.095     0.700000      1747010         3.33
      24.847     0.750000      1871325         4.00
      26.223     0.775000      1934040         4.44
      27.583     0.800000      1996127         5.00
      28.943     0.825000      2058652         5.71
      30.303     0.850000      2121072         6.67
      31.663     0.875000      2183122         8.00
      32.367     0.887500      2214817         8.89
      33.087     0.900000      2246618        10.00
      33.823     0.912500      2277822        11.43
      34.591     0.925000      2308698        13.33
      35.423     0.937500      2339820        16.00
      35.839     0.943750      2354583        17.78
      36.319     0.950000      2370429        20.00
      36.831     0.956250      2386603        22.86
      37.375     0.962500      2402189        26.67
      37.951     0.968750      2417313        32.00
      38.271     0.971875      2425085        35.56
      38.623     0.975000      2433061        40.00
      38.975     0.978125      2440368        45.71
      39.391     0.981250      2448248        53.33
      39.871     0.984375      2456367        64.00
      40.127     0.985938      2460234        71.11
      40.383     0.987500      2463801        80.00
      40.703     0.989062      2467951        91.43
      41.023     0.990625      2471695       106.67
      41.407     0.992188      2475646       128.00
      41.599     0.992969      2477465       142.22
      41.823     0.993750      2479355       160.00
      42.079     0.994531      2481377       182.86
      42.367     0.995313      2483376       213.33
      42.655     0.996094      2485218       256.00
      42.815     0.996484      2486125       284.44
      43.007     0.996875      2487099       320.00
      43.231     0.997266      2488134       365.71
      43.455     0.997656      2489048       426.67
      43.743     0.998047      2490131       512.00
      43.903     0.998242      2490592       568.89
      44.063     0.998437      2491029       640.00
      44.255     0.998633      2491509       731.43
      44.479     0.998828      2491999       853.33
      44.735     0.999023      2492496      1024.00
      44.863     0.999121      2492707      1137.78
      45.055     0.999219      2492975      1280.00
      45.215     0.999316      2493198      1462.86
      45.439     0.999414      2493436      1706.67
      45.695     0.999512      2493675      2048.00
      45.887     0.999561      2493814      2275.56
      46.079     0.999609      2493920      2560.00
      46.271     0.999658      2494034      2925.71
      46.495     0.999707      2494166      3413.33
      46.719     0.999756      2494281      4096.00
      46.911     0.999780      2494341      4551.11
      47.167     0.999805      2494408      5120.00
      47.391     0.999829      2494473      5851.43
      47.551     0.999854      2494532      6826.67
      47.839     0.999878      2494587      8192.00
      47.967     0.999890      2494614      9102.22
      48.127     0.999902      2494644     10240.00
      48.319     0.999915      2494674     11702.86
      48.543     0.999927      2494708     13653.33
      48.703     0.999939      2494737     16384.00
      48.831     0.999945      2494750     18204.44
      48.991     0.999951      2494771     20480.00
      49.151     0.999957      2494783     23405.71
      49.279     0.999963      2494797     27306.67
      49.503     0.999969      2494810     32768.00
      49.599     0.999973      2494818     36408.89
      49.727     0.999976      2494827     40960.00
      49.823     0.999979      2494833     46811.43
      49.919     0.999982      2494842     54613.33
      50.015     0.999985      2494848     65536.00
      50.079     0.999986      2494852     72817.78
      50.175     0.999988      2494856     81920.00
      50.207     0.999989      2494860     93622.86
      50.335     0.999991      2494864    109226.67
      50.463     0.999992      2494868    131072.00
      50.591     0.999993      2494869    145635.56
      50.815     0.999994      2494871    163840.00
      50.879     0.999995      2494873    187245.71
      51.327     0.999995      2494875    218453.33
      51.359     0.999996      2494877    262144.00
      51.455     0.999997      2494878    291271.11
      51.487     0.999997      2494879    327680.00
      51.647     0.999997      2494880    374491.43
      51.711     0.999998      2494881    436906.67
      51.743     0.999998      2494882    524288.00
      51.743     0.999998      2494882    582542.22
      51.903     0.999998      2494883    655360.00
      51.903     0.999999      2494883    748982.86
      52.575     0.999999      2494884    873813.33
      52.575     0.999999      2494884   1048576.00
      52.575     0.999999      2494884   1165084.44
      52.703     0.999999      2494885   1310720.00
      52.703     0.999999      2494885   1497965.71
      52.703     0.999999      2494885   1747626.67
      52.703     1.000000      2494885   2097152.00
      52.703     1.000000      2494885   2330168.89
      52.799     1.000000      2494886   2621440.00
      52.799     1.000000      2494886          inf
#[Mean    =       13.778, StdDeviation   =       12.796]
#[Max     =       52.768, Total count    =      2494886]
#[Buckets =           27, SubBuckets     =         2048]
----------------------------------------------------------
  2984875 requests in 1.00m, 247.65MB read
Requests/sec:  49723.30
Transfer/sec:      4.13MB
