Running 1m test @ http://erik-pc.local:8080/greeting/Bob
  4 threads and 100 connections
  Thread calibration: mean lat.: 1.148ms, rate sampling interval: 10ms
  Thread calibration: mean lat.: 1.180ms, rate sampling interval: 10ms
  Thread calibration: mean lat.: 1.178ms, rate sampling interval: 10ms
  Thread calibration: mean lat.: 1.204ms, rate sampling interval: 10ms
  Thread Stats   Avg      Stdev     Max   +/- Stdev
    Latency     1.19ms  501.59us   5.00ms   63.31%
    Req/Sec    10.53k   792.56    13.89k    75.59%
  Latency Distribution (HdrHistogram - Recorded Latency)
 50.000%    1.17ms
 75.000%    1.58ms
 90.000%    1.87ms
 99.000%    2.31ms
 99.900%    2.64ms
 99.990%    3.45ms
 99.999%    4.61ms
100.000%    5.00ms

  Detailed Percentile spectrum:
       Value   Percentile   TotalCount 1/(1-Percentile)

       0.144     0.000000            1         1.00
       0.537     0.100000       199891         1.11
       0.720     0.200000       399706         1.25
       0.872     0.300000       599500         1.43
       1.020     0.400000       798584         1.67
       1.172     0.500000       998238         2.00
       1.246     0.550000      1097437         2.22
       1.327     0.600000      1198150         2.50
       1.409     0.650000      1296780         2.86
       1.494     0.700000      1397519         3.33
       1.581     0.750000      1496356         4.00
       1.624     0.775000      1546317         4.44
       1.668     0.800000      1596320         5.00
       1.714     0.825000      1646013         5.71
       1.762     0.850000      1696306         6.67
       1.813     0.875000      1746248         8.00
       1.840     0.887500      1771335         8.89
       1.868     0.900000      1796178        10.00
       1.898     0.912500      1820440        11.43
       1.932     0.925000      1845856        13.33
       1.970     0.937500      1870897        16.00
       1.990     0.943750      1882789        17.78
       2.014     0.950000      1895762        20.00
       2.040     0.956250      1908097        22.86
       2.071     0.962500      1920738        26.67
       2.105     0.968750      1932648        32.00
       2.125     0.971875      1938936        35.56
       2.147     0.975000      1945213        40.00
       2.173     0.978125      1951693        45.71
       2.201     0.981250      1957870        53.33
       2.233     0.984375      1964140        64.00
       2.249     0.985938      1966934        71.11
       2.271     0.987500      1970302        80.00
       2.295     0.989062      1973405        91.43
       2.321     0.990625      1976283       106.67
       2.355     0.992188      1979541       128.00
       2.373     0.992969      1981085       142.22
       2.393     0.993750      1982607       160.00
       2.415     0.994531      1984127       182.86
       2.437     0.995313      1985657       213.33
       2.463     0.996094      1987288       256.00
       2.475     0.996484      1987987       284.44
       2.489     0.996875      1988830       320.00
       2.503     0.997266      1989553       365.71
       2.521     0.997656      1990362       426.67
       2.541     0.998047      1991131       512.00
       2.555     0.998242      1991517       568.89
       2.571     0.998437      1991895       640.00
       2.589     0.998633      1992259       731.43
       2.613     0.998828      1992657       853.33
       2.641     0.999023      1993048      1024.00
       2.659     0.999121      1993231      1137.78
       2.679     0.999219      1993430      1280.00
       2.705     0.999316      1993634      1462.86
       2.737     0.999414      1993821      1706.67
       2.781     0.999512      1994013      2048.00
       2.811     0.999561      1994117      2275.56
       2.839     0.999609      1994207      2560.00
       2.875     0.999658      1994306      2925.71
       2.925     0.999707      1994405      3413.33
       3.007     0.999756      1994497      4096.00
       3.051     0.999780      1994548      4551.11
       3.125     0.999805      1994596      5120.00
       3.193     0.999829      1994644      5851.43
       3.269     0.999854      1994693      6826.67
       3.359     0.999878      1994741      8192.00
       3.419     0.999890      1994765      9102.22
       3.473     0.999902      1994790     10240.00
       3.607     0.999915      1994814     11702.86
       3.683     0.999927      1994838     13653.33
       3.881     0.999939      1994863     16384.00
       3.973     0.999945      1994875     18204.44
       4.039     0.999951      1994887     20480.00
       4.203     0.999957      1994900     23405.71
       4.279     0.999963      1994912     27306.67
       4.359     0.999969      1994924     32768.00
       4.407     0.999973      1994930     36408.89
       4.439     0.999976      1994936     40960.00
       4.467     0.999979      1994942     46811.43
       4.539     0.999982      1994948     54613.33
       4.563     0.999985      1994959     65536.00
       4.563     0.999986      1994959     72817.78
       4.575     0.999988      1994960     81920.00
       4.603     0.999989      1994963     93622.86
       4.615     0.999991      1994966    109226.67
       4.651     0.999992      1994969    131072.00
       4.743     0.999993      1994971    145635.56
       4.751     0.999994      1994972    163840.00
       4.819     0.999995      1994974    187245.71
       4.827     0.999995      1994975    218453.33
       4.875     0.999996      1994977    262144.00
       4.883     0.999997      1994978    291271.11
       4.883     0.999997      1994978    327680.00
       4.891     0.999997      1994979    374491.43
       4.903     0.999998      1994980    436906.67
       4.907     0.999998      1994981    524288.00
       4.907     0.999998      1994981    582542.22
       4.907     0.999998      1994981    655360.00
       4.911     0.999999      1994982    748982.86
       4.911     0.999999      1994982    873813.33
       4.987     0.999999      1994983   1048576.00
       4.987     0.999999      1994983   1165084.44
       4.987     0.999999      1994983   1310720.00
       4.987     0.999999      1994983   1497965.71
       4.987     0.999999      1994983   1747626.67
       5.003     1.000000      1994984   2097152.00
       5.003     1.000000      1994984          inf
#[Mean    =        1.194, StdDeviation   =        0.502]
#[Max     =        5.000, Total count    =      1994984]
#[Buckets =           27, SubBuckets     =         2048]
----------------------------------------------------------
  2397588 requests in 1.00m, 166.92MB read
Requests/sec:  39959.68
Transfer/sec:      2.78MB
