Running 1m test @ http://erik-pc.local:8080/greeting/Bob
  4 threads and 100 connections
  Thread calibration: mean lat.: 1.292ms, rate sampling interval: 10ms
  Thread calibration: mean lat.: 1.290ms, rate sampling interval: 10ms
  Thread calibration: mean lat.: 1.268ms, rate sampling interval: 10ms
  Thread calibration: mean lat.: 1.274ms, rate sampling interval: 10ms
  Thread Stats   Avg      Stdev     Max   +/- Stdev
    Latency     1.28ms  584.14us   5.02ms   65.37%
    Req/Sec    18.47k     1.19k   24.44k    72.70%
  Latency Distribution (HdrHistogram - Recorded Latency)
 50.000%    1.21ms
 75.000%    1.69ms
 90.000%    2.12ms
 99.000%    2.60ms
 99.900%    3.10ms
 99.990%    3.70ms
 99.999%    4.35ms
100.000%    5.02ms

  Detailed Percentile spectrum:
       Value   Percentile   TotalCount 1/(1-Percentile)

       0.118     0.000000            1         1.00
       0.511     0.100000       349401         1.11
       0.772     0.200000       699374         1.25
       0.928     0.300000      1049852         1.43
       1.063     0.400000      1396760         1.67
       1.211     0.500000      1747722         2.00
       1.289     0.550000      1921297         2.22
       1.375     0.600000      2095091         2.50
       1.476     0.650000      2270969         2.86
       1.584     0.700000      2444256         3.33
       1.693     0.750000      2618669         4.00
       1.751     0.775000      2706839         4.44
       1.812     0.800000      2794211         5.00
       1.879     0.825000      2880414         5.71
       1.955     0.850000      2968173         6.67
       2.038     0.875000      3055025         8.00
       2.081     0.887500      3099765         8.89
       2.123     0.900000      3142636        10.00
       2.167     0.912500      3187012        11.43
       2.211     0.925000      3230339        13.33
       2.257     0.937500      3273045        16.00
       2.283     0.943750      3295331        17.78
       2.311     0.950000      3318137        20.00
       2.339     0.956250      3339929        22.86
       2.367     0.962500      3360414        26.67
       2.401     0.968750      3382907        32.00
       2.419     0.971875      3393203        35.56
       2.441     0.975000      3404843        40.00
       2.463     0.978125      3415500        45.71
       2.487     0.981250      3425903        53.33
       2.515     0.984375      3436680        64.00
       2.533     0.985938      3442311        71.11
       2.553     0.987500      3447680        80.00
       2.579     0.989062      3453460        91.43
       2.607     0.990625      3458569       106.67
       2.645     0.992188      3463980       128.00
       2.671     0.992969      3466694       142.22
       2.707     0.993750      3469483       160.00
       2.749     0.994531      3472186       182.86
       2.795     0.995313      3474940       213.33
       2.843     0.996094      3477684       256.00
       2.867     0.996484      3479008       284.44
       2.891     0.996875      3480386       320.00
       2.917     0.997266      3481762       365.71
       2.945     0.997656      3483083       426.67
       2.979     0.998047      3484421       512.00
       2.999     0.998242      3485131       568.89
       3.019     0.998437      3485798       640.00
       3.041     0.998633      3486490       731.43
       3.067     0.998828      3487166       853.33
       3.099     0.999023      3487839      1024.00
       3.123     0.999121      3488179      1137.78
       3.147     0.999219      3488503      1280.00
       3.175     0.999316      3488853      1462.86
       3.209     0.999414      3489184      1706.67
       3.259     0.999512      3489529      2048.00
       3.283     0.999561      3489694      2275.56
       3.319     0.999609      3489870      2560.00
       3.353     0.999658      3490033      2925.71
       3.399     0.999707      3490210      3413.33
       3.451     0.999756      3490379      4096.00
       3.479     0.999780      3490465      4551.11
       3.509     0.999805      3490547      5120.00
       3.543     0.999829      3490630      5851.43
       3.579     0.999854      3490717      6826.67
       3.637     0.999878      3490803      8192.00
       3.675     0.999890      3490850      9102.22
       3.707     0.999902      3490887     10240.00
       3.759     0.999915      3490928     11702.86
       3.807     0.999927      3490972     13653.33
       3.875     0.999939      3491013     16384.00
       3.905     0.999945      3491035     18204.44
       3.941     0.999951      3491056     20480.00
       3.981     0.999957      3491078     23405.71
       4.019     0.999963      3491099     27306.67
       4.069     0.999969      3491120     32768.00
       4.107     0.999973      3491132     36408.89
       4.127     0.999976      3491141     40960.00
       4.167     0.999979      3491152     46811.43
       4.219     0.999982      3491163     54613.33
       4.247     0.999985      3491173     65536.00
       4.299     0.999986      3491180     72817.78
       4.307     0.999988      3491184     81920.00
       4.331     0.999989      3491189     93622.86
       4.423     0.999991      3491195    109226.67
       4.483     0.999992      3491201    131072.00
       4.491     0.999993      3491204    145635.56
       4.495     0.999994      3491205    163840.00
       4.527     0.999995      3491208    187245.71
       4.559     0.999995      3491211    218453.33
       4.579     0.999996      3491213    262144.00
       4.591     0.999997      3491215    291271.11
       4.595     0.999997      3491216    327680.00
       4.599     0.999997      3491217    374491.43
       4.639     0.999998      3491219    436906.67
       4.671     0.999998      3491220    524288.00
       4.683     0.999998      3491221    582542.22
       4.683     0.999998      3491221    655360.00
       4.691     0.999999      3491222    748982.86
       4.699     0.999999      3491223    873813.33
       4.699     0.999999      3491223   1048576.00
       4.819     0.999999      3491224   1165084.44
       4.819     0.999999      3491224   1310720.00
       4.819     0.999999      3491224   1497965.71
       4.887     0.999999      3491225   1747626.67
       4.887     1.000000      3491225   2097152.00
       4.887     1.000000      3491225   2330168.89
       4.887     1.000000      3491225   2621440.00
       4.887     1.000000      3491225   2995931.43
       5.019     1.000000      3491226   3495253.33
       5.019     1.000000      3491226          inf
#[Mean    =        1.279, StdDeviation   =        0.584]
#[Max     =        5.016, Total count    =      3491226]
#[Buckets =           27, SubBuckets     =         2048]
----------------------------------------------------------
  4195712 requests in 1.00m, 292.10MB read
Requests/sec:  69928.48
Transfer/sec:      4.87MB
