Running 1m test @ http://erik-pc.local:8080/greeting/Bob
  4 threads and 100 connections
  Thread calibration: mean lat.: 1.108ms, rate sampling interval: 10ms
  Thread calibration: mean lat.: 1.096ms, rate sampling interval: 10ms
  Thread calibration: mean lat.: 1.134ms, rate sampling interval: 10ms
  Thread calibration: mean lat.: 1.131ms, rate sampling interval: 10ms
  Thread Stats   Avg      Stdev     Max   +/- Stdev
    Latency     1.13ms  510.87us   7.91ms   64.28%
    Req/Sec    13.13k   737.77    17.00k    71.00%
  Latency Distribution (HdrHistogram - Recorded Latency)
 50.000%    1.08ms
 75.000%    1.51ms
 90.000%    1.82ms
 99.000%    2.36ms
 99.900%    2.88ms
 99.990%    3.73ms
 99.999%    6.56ms
100.000%    7.91ms

  Detailed Percentile spectrum:
       Value   Percentile   TotalCount 1/(1-Percentile)

       0.141     0.000000            1         1.00
       0.486     0.100000       249401         1.11
       0.651     0.200000       498825         1.25
       0.791     0.300000       749547         1.43
       0.931     0.400000       997752         1.67
       1.080     0.500000      1247609         2.00
       1.157     0.550000      1372130         2.22
       1.236     0.600000      1496831         2.50
       1.320     0.650000      1621269         2.86
       1.410     0.700000      1746880         3.33
       1.506     0.750000      1870409         4.00
       1.555     0.775000      1932748         4.44
       1.603     0.800000      1995697         5.00
       1.652     0.825000      2058397         5.71
       1.704     0.850000      2120302         6.67
       1.761     0.875000      2182751         8.00
       1.791     0.887500      2213484         8.89
       1.823     0.900000      2244576        10.00
       1.858     0.912500      2275590        11.43
       1.898     0.925000      2306904        13.33
       1.945     0.937500      2338305        16.00
       1.971     0.943750      2353982        17.78
       2.000     0.950000      2369411        20.00
       2.030     0.956250      2384703        22.86
       2.063     0.962500      2400303        26.67
       2.101     0.968750      2416314        32.00
       2.121     0.971875      2423923        35.56
       2.145     0.975000      2431922        40.00
       2.171     0.978125      2439345        45.71
       2.205     0.981250      2447004        53.33
       2.249     0.984375      2454947        64.00
       2.275     0.985938      2458799        71.11
       2.305     0.987500      2462831        80.00
       2.339     0.989062      2466646        91.43
       2.379     0.990625      2470468       106.67
       2.427     0.992188      2474349       128.00
       2.455     0.992969      2476276       142.22
       2.485     0.993750      2478193       160.00
       2.519     0.994531      2480169       182.86
       2.559     0.995313      2482132       213.33
       2.603     0.996094      2484010       256.00
       2.629     0.996484      2485002       284.44
       2.659     0.996875      2486010       320.00
       2.689     0.997266      2486931       365.71
       2.723     0.997656      2487944       426.67
       2.757     0.998047      2488894       512.00
       2.777     0.998242      2489367       568.89
       2.799     0.998437      2489860       640.00
       2.825     0.998633      2490366       731.43
       2.853     0.998828      2490846       853.33
       2.881     0.999023      2491318      1024.00
       2.899     0.999121      2491579      1137.78
       2.917     0.999219      2491802      1280.00
       2.943     0.999316      2492052      1462.86
       2.971     0.999414      2492291      1706.67
       3.015     0.999512      2492540      2048.00
       3.043     0.999561      2492658      2275.56
       3.085     0.999609      2492780      2560.00
       3.131     0.999658      2492897      2925.71
       3.197     0.999707      2493021      3413.33
       3.273     0.999756      2493143      4096.00
       3.317     0.999780      2493204      4551.11
       3.381     0.999805      2493267      5120.00
       3.441     0.999829      2493326      5851.43
       3.503     0.999854      2493385      6826.67
       3.607     0.999878      2493446      8192.00
       3.669     0.999890      2493476      9102.22
       3.737     0.999902      2493506     10240.00
       3.843     0.999915      2493536     11702.86
       3.987     0.999927      2493567     13653.33
       4.215     0.999939      2493598     16384.00
       4.291     0.999945      2493613     18204.44
       4.383     0.999951      2493628     20480.00
       4.487     0.999957      2493644     23405.71
       4.571     0.999963      2493658     27306.67
       4.775     0.999969      2493673     32768.00
       5.019     0.999973      2493681     36408.89
       5.371     0.999976      2493689     40960.00
       5.783     0.999979      2493696     46811.43
       6.007     0.999982      2493704     54613.33
       6.119     0.999985      2493712     65536.00
       6.203     0.999986      2493715     72817.78
       6.231     0.999988      2493719     81920.00
       6.551     0.999989      2493723     93622.86
       6.611     0.999991      2493727    109226.67
       6.691     0.999992      2493730    131072.00
       7.211     0.999993      2493732    145635.56
       7.279     0.999994      2493734    163840.00
       7.343     0.999995      2493736    187245.71
       7.559     0.999995      2493738    218453.33
       7.619     0.999996      2493740    262144.00
       7.623     0.999997      2493741    291271.11
       7.655     0.999997      2493742    327680.00
       7.691     0.999997      2493743    374491.43
       7.695     0.999998      2493744    436906.67
       7.711     0.999998      2493745    524288.00
       7.711     0.999998      2493745    582542.22
       7.755     0.999998      2493746    655360.00
       7.755     0.999999      2493746    748982.86
       7.803     0.999999      2493748    873813.33
       7.803     0.999999      2493748   1048576.00
       7.803     0.999999      2493748   1165084.44
       7.803     0.999999      2493748   1310720.00
       7.803     0.999999      2493748   1497965.71
       7.803     0.999999      2493748   1747626.67
       7.803     1.000000      2493748   2097152.00
       7.803     1.000000      2493748   2330168.89
       7.915     1.000000      2493749   2621440.00
       7.915     1.000000      2493749          inf
#[Mean    =        1.129, StdDeviation   =        0.511]
#[Max     =        7.912, Total count    =      2493749]
#[Buckets =           27, SubBuckets     =         2048]
----------------------------------------------------------
  2985234 requests in 1.00m, 207.83MB read
Requests/sec:  49753.39
Transfer/sec:      3.46MB
