Running 1m test @ http://erik-pc.local:8080/greeting/Bob
  4 threads and 100 connections
  Thread calibration: mean lat.: 488.395ms, rate sampling interval: 1725ms
  Thread calibration: mean lat.: 96.331ms, rate sampling interval: 338ms
  Thread calibration: mean lat.: 202.589ms, rate sampling interval: 666ms
  Thread calibration: mean lat.: 76.159ms, rate sampling interval: 277ms
  Thread Stats   Avg      Stdev     Max   +/- Stdev
    Latency     1.02s   713.49ms   3.45s    69.00%
    Req/Sec    17.02k     1.71k   22.15k    70.56%
  Latency Distribution (HdrHistogram - Recorded Latency)
 50.000%  885.76ms
 75.000%    1.43s 
 90.000%    2.02s 
 99.000%    3.15s 
 99.900%    3.35s 
 99.990%    3.41s 
 99.999%    3.44s 
100.000%    3.45s 

  Detailed Percentile spectrum:
       Value   Percentile   TotalCount 1/(1-Percentile)

       0.246     0.000000            1         1.00
     209.279     0.100000       338590         1.11
     375.551     0.200000       676867         1.25
     574.463     0.300000      1015977         1.43
     698.879     0.400000      1354724         1.67
     885.759     0.500000      1692412         2.00
     974.847     0.550000      1861809         2.22
    1062.911     0.600000      2032410         2.50
    1163.263     0.650000      2199860         2.86
    1297.407     0.700000      2369070         3.33
    1428.479     0.750000      2538890         4.00
    1498.111     0.775000      2623013         4.44
    1566.719     0.800000      2707632         5.00
    1630.207     0.825000      2792311         5.71
    1730.559     0.850000      2876751         6.67
    1915.903     0.875000      2961620         8.00
    1969.151     0.887500      3004244         8.89
    2019.327     0.900000      3046653        10.00
    2072.575     0.912500      3088819        11.43
    2129.919     0.925000      3131410        13.33
    2263.039     0.937500      3173001        16.00
    2342.911     0.943750      3194299        17.78
    2424.831     0.950000      3215396        20.00
    2527.231     0.956250      3236472        22.86
    2648.063     0.962500      3257724        26.67
    2789.375     0.968750      3278850        32.00
    2869.247     0.971875      3289223        35.56
    2932.735     0.975000      3300178        40.00
    2967.551     0.978125      3310717        45.71
    3006.463     0.981250      3321192        53.33
    3043.327     0.984375      3331828        64.00
    3065.855     0.985938      3336990        71.11
    3092.479     0.987500      3342034        80.00
    3127.295     0.989062      3347470        91.43
    3162.111     0.990625      3352785       106.67
    3196.927     0.992188      3358149       128.00
    3211.263     0.992969      3360581       142.22
    3229.695     0.993750      3363382       160.00
    3246.079     0.994531      3366045       182.86
    3262.463     0.995313      3368785       213.33
    3276.799     0.996094      3371293       256.00
    3284.991     0.996484      3372714       284.44
    3291.135     0.996875      3373787       320.00
    3299.327     0.997266      3375165       365.71
    3307.519     0.997656      3376401       426.67
    3319.807     0.998047      3377946       512.00
    3323.903     0.998242      3378404       568.89
    3330.047     0.998437      3379133       640.00
    3336.191     0.998633      3379870       731.43
    3342.335     0.998828      3380532       853.33
    3348.479     0.999023      3381073      1024.00
    3352.575     0.999121      3381386      1137.78
    3358.719     0.999219      3381797      1280.00
    3362.815     0.999316      3382074      1462.86
    3368.959     0.999414      3382446      1706.67
    3373.055     0.999512      3382682      2048.00
    3377.151     0.999561      3382865      2275.56
    3381.247     0.999609      3383035      2560.00
    3385.343     0.999658      3383192      2925.71
    3389.439     0.999707      3383347      3413.33
    3395.583     0.999756      3383534      4096.00
    3399.679     0.999780      3383641      4551.11
    3401.727     0.999805      3383694      5120.00
    3405.823     0.999829      3383800      5851.43
    3407.871     0.999854      3383854      6826.67
    3411.967     0.999878      3383957      8192.00
    3414.015     0.999890      3384003      9102.22
    3414.015     0.999902      3384003     10240.00
    3418.111     0.999915      3384087     11702.86
    3418.111     0.999927      3384087     13653.33
    3422.207     0.999939      3384159     16384.00
    3422.207     0.999945      3384159     18204.44
    3424.255     0.999951      3384185     20480.00
    3426.303     0.999957      3384213     23405.71
    3426.303     0.999963      3384213     27306.67
    3428.351     0.999969      3384237     32768.00
    3430.399     0.999973      3384255     36408.89
    3430.399     0.999976      3384255     40960.00
    3432.447     0.999979      3384271     46811.43
    3434.495     0.999982      3384285     54613.33
    3434.495     0.999985      3384285     65536.00
    3436.543     0.999986      3384298     72817.78
    3436.543     0.999988      3384298     81920.00
    3436.543     0.999989      3384298     93622.86
    3438.591     0.999991      3384308    109226.67
    3438.591     0.999992      3384308    131072.00
    3440.639     0.999993      3384318    145635.56
    3440.639     0.999994      3384318    163840.00
    3440.639     0.999995      3384318    187245.71
    3440.639     0.999995      3384318    218453.33
    3442.687     0.999996      3384325    262144.00
    3442.687     0.999997      3384325    291271.11
    3442.687     0.999997      3384325    327680.00
    3442.687     0.999997      3384325    374491.43
    3444.735     0.999998      3384327    436906.67
    3444.735     0.999998      3384327    524288.00
    3446.783     0.999998      3384329    582542.22
    3446.783     0.999998      3384329    655360.00
    3446.783     0.999999      3384329    748982.86
    3448.831     0.999999      3384332    873813.33
    3448.831     0.999999      3384332   1048576.00
    3448.831     0.999999      3384332   1165084.44
    3448.831     0.999999      3384332   1310720.00
    3448.831     0.999999      3384332   1497965.71
    3448.831     0.999999      3384332   1747626.67
    3448.831     1.000000      3384332   2097152.00
    3448.831     1.000000      3384332   2330168.89
    3448.831     1.000000      3384332   2621440.00
    3448.831     1.000000      3384332   2995931.43
    3450.879     1.000000      3384333   3495253.33
    3450.879     1.000000      3384333          inf
#[Mean    =     1018.025, StdDeviation   =      713.495]
#[Max     =     3448.832, Total count    =      3384333]
#[Buckets =           27, SubBuckets     =         2048]
----------------------------------------------------------
  4068012 requests in 1.00m, 337.52MB read
Requests/sec:  67801.45
Transfer/sec:      5.63MB
