Running 1m test @ http://erik-pc.local:8080/fruits
  4 threads and 100 connections
  Thread calibration: mean lat.: 345.009ms, rate sampling interval: 1225ms
  Thread calibration: mean lat.: 290.825ms, rate sampling interval: 1040ms
  Thread calibration: mean lat.: 256.399ms, rate sampling interval: 944ms
  Thread calibration: mean lat.: 331.089ms, rate sampling interval: 1260ms
  Thread Stats   Avg      Stdev     Max   +/- Stdev
    Latency     1.62s   754.05ms   4.11s    61.67%
    Req/Sec     3.83k   231.78     4.39k    68.54%
  Latency Distribution (HdrHistogram - Recorded Latency)
 50.000%    1.56s 
 75.000%    2.20s 
 90.000%    2.64s 
 99.000%    3.36s 
 99.900%    3.84s 
 99.990%    4.08s 
 99.999%    4.11s 
100.000%    4.12s 

  Detailed Percentile spectrum:
       Value   Percentile   TotalCount 1/(1-Percentile)

     145.791     0.000000            1         1.00
     665.087     0.100000        76266         1.11
     870.399     0.200000       152634         1.25
    1087.487     0.300000       228860         1.43
    1292.287     0.400000       304949         1.67
    1559.551     0.500000       381420         2.00
    1695.743     0.550000       419480         2.22
    1820.671     0.600000       457507         2.50
    1944.575     0.650000       495664         2.86
    2079.743     0.700000       533930         3.33
    2201.599     0.750000       572255         4.00
    2267.135     0.775000       590774         4.44
    2332.671     0.800000       610196         5.00
    2402.303     0.825000       629209         5.71
    2473.983     0.850000       647978         6.67
    2555.903     0.875000       667381         8.00
    2596.863     0.887500       676750         8.89
    2639.871     0.900000       686094        10.00
    2695.167     0.912500       695782        11.43
    2754.559     0.925000       705358        13.33
    2815.999     0.937500       714745        16.00
    2852.863     0.943750       719515        17.78
    2895.871     0.950000       724389        20.00
    2940.927     0.956250       729091        22.86
    2994.175     0.962500       733786        26.67
    3067.903     0.968750       738525        32.00
    3104.767     0.971875       740901        35.56
    3137.535     0.975000       743253        40.00
    3170.303     0.978125       745698        45.71
    3205.119     0.981250       748122        53.33
    3237.887     0.984375       750435        64.00
    3258.367     0.985938       751583        71.11
    3289.087     0.987500       752795        80.00
    3327.999     0.989062       753958        91.43
    3391.487     0.990625       755154       106.67
    3436.543     0.992188       756341       128.00
    3461.119     0.992969       756955       142.22
    3483.647     0.993750       757556       160.00
    3504.127     0.994531       758129       182.86
    3524.607     0.995313       758749       213.33
    3549.183     0.996094       759335       256.00
    3563.519     0.996484       759646       284.44
    3577.855     0.996875       759922       320.00
    3594.239     0.997266       760217       365.71
    3612.671     0.997656       760506       426.67
    3643.391     0.998047       760803       512.00
    3678.207     0.998242       760955       568.89
    3729.407     0.998437       761099       640.00
    3768.319     0.998633       761250       731.43
    3805.183     0.998828       761396       853.33
    3844.095     0.999023       761548      1024.00
    3858.431     0.999121       761623      1137.78
    3872.767     0.999219       761704      1280.00
    3885.055     0.999316       761774      1462.86
    3907.583     0.999414       761845      1706.67
    3975.167     0.999512       761918      2048.00
    4001.791     0.999561       761956      2275.56
    4018.175     0.999609       761992      2560.00
    4032.511     0.999658       762034      2925.71
    4040.703     0.999707       762068      3413.33
    4050.943     0.999756       762110      4096.00
    4055.039     0.999780       762127      4551.11
    4059.135     0.999805       762144      5120.00
    4065.279     0.999829       762168      5851.43
    4069.375     0.999854       762185      6826.67
    4073.471     0.999878       762198      8192.00
    4075.519     0.999890       762206      9102.22
    4077.567     0.999902       762215     10240.00
    4081.663     0.999915       762230     11702.86
    4083.711     0.999927       762236     13653.33
    4085.759     0.999939       762243     16384.00
    4087.807     0.999945       762250     18204.44
    4089.855     0.999951       762255     20480.00
    4091.903     0.999957       762259     23405.71
    4093.951     0.999963       762265     27306.67
    4095.999     0.999969       762270     32768.00
    4095.999     0.999973       762270     36408.89
    4098.047     0.999976       762274     40960.00
    4098.047     0.999979       762274     46811.43
    4100.095     0.999982       762276     54613.33
    4102.143     0.999985       762279     65536.00
    4102.143     0.999986       762279     72817.78
    4104.191     0.999988       762280     81920.00
    4106.239     0.999989       762283     93622.86
    4106.239     0.999991       762283    109226.67
    4108.287     0.999992       762284    131072.00
    4108.287     0.999993       762284    145635.56
    4110.335     0.999994       762286    163840.00
    4110.335     0.999995       762286    187245.71
    4110.335     0.999995       762286    218453.33
    4112.383     0.999996       762287    262144.00
    4112.383     0.999997       762287    291271.11
    4112.383     0.999997       762287    327680.00
    4112.383     0.999997       762287    374491.43
    4114.431     0.999998       762288    436906.67
    4114.431     0.999998       762288    524288.00
    4114.431     0.999998       762288    582542.22
    4114.431     0.999998       762288    655360.00
    4114.431     0.999999       762288    748982.86
    4116.479     0.999999       762289    873813.33
    4116.479     1.000000       762289          inf
#[Mean    =     1617.390, StdDeviation   =      754.046]
#[Max     =     4114.432, Total count    =       762289]
#[Buckets =           27, SubBuckets     =         2048]
----------------------------------------------------------
  914875 requests in 1.00m, 148.32MB read
Requests/sec:  15247.99
Transfer/sec:      2.47MB
