Running 1m test @ http://erik-pc.local:8080/fruits
  4 threads and 100 connections
  Thread calibration: mean lat.: 4.883ms, rate sampling interval: 26ms
  Thread calibration: mean lat.: 4.496ms, rate sampling interval: 25ms
  Thread calibration: mean lat.: 4.557ms, rate sampling interval: 25ms
  Thread calibration: mean lat.: 4.518ms, rate sampling interval: 25ms
  Thread Stats   Avg      Stdev     Max   +/- Stdev
    Latency     4.69ms    5.10ms  38.66ms   83.21%
    Req/Sec     3.83k     1.03k    7.52k    68.61%
  Latency Distribution (HdrHistogram - Recorded Latency)
 50.000%    2.21ms
 75.000%    6.11ms
 90.000%   13.06ms
 99.000%   21.60ms
 99.900%   27.12ms
 99.990%   31.98ms
 99.999%   35.62ms
100.000%   38.69ms

  Detailed Percentile spectrum:
       Value   Percentile   TotalCount 1/(1-Percentile)

       0.451     0.000000            1         1.00
       1.147     0.100000        74900         1.11
       1.414     0.200000       149887         1.25
       1.644     0.300000       224737         1.43
       1.889     0.400000       299367         1.67
       2.209     0.500000       374183         2.00
       2.423     0.550000       411844         2.22
       2.699     0.600000       449055         2.50
       3.121     0.650000       486556         2.86
       4.083     0.700000       523873         3.33
       6.115     0.750000       561259         4.00
       7.227     0.775000       579952         4.44
       8.351     0.800000       598699         5.00
       9.471     0.825000       617381         5.71
      10.615     0.850000       636149         6.67
      11.815     0.875000       654925         8.00
      12.423     0.887500       664229         8.89
      13.063     0.900000       673569        10.00
      13.759     0.912500       682937        11.43
      14.495     0.925000       692283        13.33
      15.311     0.937500       701565        16.00
      15.743     0.943750       706250        17.78
      16.191     0.950000       710971        20.00
      16.655     0.956250       715691        22.86
      17.167     0.962500       720336        26.67
      17.775     0.968750       724992        32.00
      18.143     0.971875       727324        35.56
      18.575     0.975000       729693        40.00
      19.039     0.978125       732024        45.71
      19.551     0.981250       734321        53.33
      20.191     0.984375       736684        64.00
      20.527     0.985938       737825        71.11
      20.895     0.987500       738971        80.00
      21.327     0.989062       740155        91.43
      21.791     0.990625       741334       106.67
      22.255     0.992188       742523       128.00
      22.495     0.992969       743089       142.22
      22.735     0.993750       743650       160.00
      23.007     0.994531       744238       182.86
      23.311     0.995313       744844       213.33
      23.711     0.996094       745414       256.00
      23.919     0.996484       745704       284.44
      24.127     0.996875       745991       320.00
      24.415     0.997266       746296       365.71
      24.735     0.997656       746580       426.67
      25.151     0.998047       746868       512.00
      25.439     0.998242       747010       568.89
      25.807     0.998437       747157       640.00
      26.191     0.998633       747307       731.43
      26.623     0.998828       747451       853.33
      27.167     0.999023       747596      1024.00
      27.519     0.999121       747669      1137.78
      27.871     0.999219       747741      1280.00
      28.191     0.999316       747814      1462.86
      28.591     0.999414       747887      1706.67
      29.087     0.999512       747960      2048.00
      29.359     0.999561       747997      2275.56
      29.647     0.999609       748034      2560.00
      29.967     0.999658       748070      2925.71
      30.271     0.999707       748106      3413.33
      30.607     0.999756       748143      4096.00
      30.783     0.999780       748162      4551.11
      30.943     0.999805       748180      5120.00
      31.247     0.999829       748201      5851.43
      31.407     0.999854       748216      6826.67
      31.615     0.999878       748234      8192.00
      31.775     0.999890       748243      9102.22
      32.015     0.999902       748252     10240.00
      32.143     0.999915       748262     11702.86
      32.543     0.999927       748271     13653.33
      33.023     0.999939       748280     16384.00
      33.183     0.999945       748285     18204.44
      33.407     0.999951       748290     20480.00
      33.631     0.999957       748294     23405.71
      33.951     0.999963       748298     27306.67
      34.495     0.999969       748303     32768.00
      34.559     0.999973       748305     36408.89
      34.751     0.999976       748307     40960.00
      35.039     0.999979       748310     46811.43
      35.167     0.999982       748312     54613.33
      35.295     0.999985       748315     65536.00
      35.295     0.999986       748315     72817.78
      35.391     0.999988       748316     81920.00
      35.615     0.999989       748318     93622.86
      35.647     0.999991       748319    109226.67
      35.999     0.999992       748321    131072.00
      35.999     0.999993       748321    145635.56
      35.999     0.999994       748321    163840.00
      36.351     0.999995       748322    187245.71
      36.351     0.999995       748322    218453.33
      36.479     0.999996       748323    262144.00
      36.479     0.999997       748323    291271.11
      36.479     0.999997       748323    327680.00
      37.631     0.999997       748324    374491.43
      37.631     0.999998       748324    436906.67
      37.631     0.999998       748324    524288.00
      37.631     0.999998       748324    582542.22
      37.631     0.999998       748324    655360.00
      38.687     0.999999       748325    748982.86
      38.687     1.000000       748325          inf
#[Mean    =        4.694, StdDeviation   =        5.101]
#[Max     =       38.656, Total count    =       748325]
#[Buckets =           27, SubBuckets     =         2048]
----------------------------------------------------------
  895591 requests in 1.00m, 145.20MB read
Requests/sec:  14926.40
Transfer/sec:      2.42MB
