Running 1m test @ http://erik-pc.local:8080/fruits
  4 threads and 100 connections
  Thread calibration: mean lat.: 216.171ms, rate sampling interval: 799ms
  Thread calibration: mean lat.: 203.346ms, rate sampling interval: 748ms
  Thread calibration: mean lat.: 157.117ms, rate sampling interval: 622ms
  Thread calibration: mean lat.: 218.889ms, rate sampling interval: 927ms
  Thread Stats   Avg      Stdev     Max   +/- Stdev
    Latency   265.60ms  220.01ms   1.25s    70.99%
    Req/Sec     3.89k   252.88     4.59k    67.43%
  Latency Distribution (HdrHistogram - Recorded Latency)
 50.000%  200.57ms
 75.000%  402.69ms
 90.000%  588.29ms
 99.000%  908.29ms
 99.900%    1.10s 
 99.990%    1.20s 
 99.999%    1.24s 
100.000%    1.25s 

  Detailed Percentile spectrum:
       Value   Percentile   TotalCount 1/(1-Percentile)

       0.477     0.000000            1         1.00
      41.663     0.100000        77539         1.11
      67.199     0.200000       155072         1.25
     104.767     0.300000       232469         1.43
     148.223     0.400000       310049         1.67
     200.575     0.500000       387397         2.00
     232.831     0.550000       426174         2.22
     268.543     0.600000       464827         2.50
     306.687     0.650000       503629         2.86
     351.231     0.700000       542329         3.33
     402.687     0.750000       581058         4.00
     428.543     0.775000       600385         4.44
     456.703     0.800000       619887         5.00
     486.911     0.825000       639109         5.71
     518.911     0.850000       658474         6.67
     551.935     0.875000       677931         8.00
     569.343     0.887500       687560         8.89
     588.287     0.900000       697300        10.00
     609.791     0.912500       707026        11.43
     633.855     0.925000       716690        13.33
     662.015     0.937500       726409        16.00
     677.887     0.943750       731221        17.78
     695.295     0.950000       735960        20.00
     716.799     0.956250       740840        22.86
     740.863     0.962500       745626        26.67
     768.511     0.968750       750539        32.00
     782.335     0.971875       752891        35.56
     797.695     0.975000       755314        40.00
     814.591     0.978125       757765        45.71
     834.559     0.981250       760182        53.33
     857.599     0.984375       762596        64.00
     870.399     0.985938       763783        71.11
     883.711     0.987500       764987        80.00
     898.559     0.989062       766209        91.43
     915.455     0.990625       767419       106.67
     933.375     0.992188       768611       128.00
     943.615     0.992969       769237       142.22
     953.855     0.993750       769817       160.00
     965.119     0.994531       770422       182.86
     977.407     0.995313       771041       213.33
     991.231     0.996094       771634       256.00
     999.423     0.996484       771937       284.44
    1009.663     0.996875       772240       320.00
    1020.415     0.997266       772538       365.71
    1033.215     0.997656       772849       426.67
    1047.551     0.998047       773143       512.00
    1056.767     0.998242       773295       568.89
    1065.983     0.998437       773445       640.00
    1077.247     0.998633       773599       731.43
    1087.487     0.998828       773752       853.33
    1100.799     0.999023       773912      1024.00
    1106.943     0.999121       773975      1137.78
    1115.135     0.999219       774056      1280.00
    1124.351     0.999316       774131      1462.86
    1133.567     0.999414       774206      1706.67
    1142.783     0.999512       774282      2048.00
    1147.903     0.999561       774316      2275.56
    1154.047     0.999609       774355      2560.00
    1160.191     0.999658       774394      2925.71
    1168.383     0.999707       774430      3413.33
    1175.551     0.999756       774467      4096.00
    1179.647     0.999780       774486      4551.11
    1182.719     0.999805       774505      5120.00
    1185.791     0.999829       774523      5851.43
    1190.911     0.999854       774544      6826.67
    1196.031     0.999878       774564      8192.00
    1197.055     0.999890       774570      9102.22
    1201.151     0.999902       774581     10240.00
    1204.223     0.999915       774589     11702.86
    1209.343     0.999927       774600     13653.33
    1214.463     0.999939       774609     16384.00
    1217.535     0.999945       774613     18204.44
    1221.631     0.999951       774619     20480.00
    1224.703     0.999957       774623     23405.71
    1227.775     0.999963       774627     27306.67
    1231.871     0.999969       774633     32768.00
    1233.919     0.999973       774634     36408.89
    1234.943     0.999976       774638     40960.00
    1238.015     0.999979       774639     46811.43
    1239.039     0.999982       774643     54613.33
    1242.111     0.999985       774647     65536.00
    1242.111     0.999986       774647     72817.78
    1242.111     0.999988       774647     81920.00
    1242.111     0.999989       774647     93622.86
    1243.135     0.999991       774648    109226.67
    1245.183     0.999992       774650    131072.00
    1245.183     0.999993       774650    145635.56
    1246.207     0.999994       774651    163840.00
    1246.207     0.999995       774651    187245.71
    1248.255     0.999995       774652    218453.33
    1249.279     0.999996       774653    262144.00
    1249.279     0.999997       774653    291271.11
    1249.279     0.999997       774653    327680.00
    1249.279     0.999997       774653    374491.43
    1251.327     0.999998       774654    436906.67
    1251.327     0.999998       774654    524288.00
    1251.327     0.999998       774654    582542.22
    1251.327     0.999998       774654    655360.00
    1251.327     0.999999       774654    748982.86
    1253.375     0.999999       774655    873813.33
    1253.375     1.000000       774655          inf
#[Mean    =      265.604, StdDeviation   =      220.010]
#[Max     =     1252.352, Total count    =       774655]
#[Buckets =           27, SubBuckets     =         2048]
----------------------------------------------------------
  922348 requests in 1.00m, 149.54MB read
Requests/sec:  15368.86
Transfer/sec:      2.49MB
