Running 1m test @ http://erik-pc.local:8080/fruits
  4 threads and 100 connections
  Thread calibration: mean lat.: 99.955ms, rate sampling interval: 577ms
  Thread calibration: mean lat.: 101.969ms, rate sampling interval: 531ms
  Thread calibration: mean lat.: 155.020ms, rate sampling interval: 855ms
  Thread calibration: mean lat.: 126.678ms, rate sampling interval: 686ms
  Thread Stats   Avg      Stdev     Max   +/- Stdev
    Latency     1.16s     1.32s    6.48s    80.66%
    Req/Sec     4.58k   694.37     5.78k    68.61%
  Latency Distribution (HdrHistogram - Recorded Latency)
 50.000%  574.97ms
 75.000%    1.92s 
 90.000%    3.30s 
 99.000%    4.91s 
 99.900%    6.21s 
 99.990%    6.40s 
 99.999%    6.47s 
100.000%    6.48s 

  Detailed Percentile spectrum:
       Value   Percentile   TotalCount 1/(1-Percentile)

       0.574     0.000000            1         1.00
      42.559     0.100000        91319         1.11
     123.135     0.200000       182557         1.25
     231.807     0.300000       273808         1.43
     381.183     0.400000       365076         1.67
     574.975     0.500000       456451         2.00
     679.935     0.550000       502051         2.22
     826.367     0.600000       547663         2.50
    1018.879     0.650000       593295         2.86
    1286.143     0.700000       638944         3.33
    1921.023     0.750000       684560         4.00
    2201.599     0.775000       707463         4.44
    2424.831     0.800000       730155         5.00
    2648.063     0.825000       753032         5.71
    2881.535     0.850000       776012         6.67
    3090.431     0.875000       798779         8.00
    3176.447     0.887500       810110         8.89
    3297.279     0.900000       821423        10.00
    3520.511     0.912500       832879        11.43
    3657.727     0.925000       844237        13.33
    3772.415     0.937500       855730        16.00
    3837.951     0.943750       861338        17.78
    3917.823     0.950000       867188        20.00
    4001.791     0.956250       872751        22.86
    4114.431     0.962500       878478        26.67
    4231.167     0.968750       884303        32.00
    4304.895     0.971875       887045        35.56
    4354.047     0.975000       889887        40.00
    4399.103     0.978125       892877        45.71
    4456.447     0.981250       895574        53.33
    4571.135     0.984375       898456        64.00
    4624.383     0.985938       899891        71.11
    4710.399     0.987500       901286        80.00
    4841.471     0.989062       902724        91.43
    5005.311     0.990625       904129       106.67
    5079.039     0.992188       905563       128.00
    5099.519     0.992969       906317       142.22
    5128.191     0.993750       907019       160.00
    5165.055     0.994531       907686       182.86
    5275.647     0.995313       908391       213.33
    5435.391     0.996094       909112       256.00
    5521.407     0.996484       909468       284.44
    5619.711     0.996875       909833       320.00
    5677.055     0.997266       910176       365.71
    5746.687     0.997656       910528       426.67
    5828.607     0.998047       910887       512.00
    5988.351     0.998242       911066       568.89
    6049.791     0.998437       911239       640.00
    6098.943     0.998633       911420       731.43
    6184.959     0.998828       911606       853.33
    6217.727     0.999023       911782      1024.00
    6242.303     0.999121       911870      1137.78
    6270.975     0.999219       911951      1280.00
    6287.359     0.999316       912056      1462.86
    6299.647     0.999414       912142      1706.67
    6320.127     0.999512       912228      2048.00
    6340.607     0.999561       912272      2275.56
    6348.799     0.999609       912320      2560.00
    6356.991     0.999658       912365      2925.71
    6365.183     0.999707       912417      3413.33
    6369.279     0.999756       912448      4096.00
    6373.375     0.999780       912480      4551.11
    6377.471     0.999805       912504      5120.00
    6381.567     0.999829       912531      5851.43
    6381.567     0.999854       912531      6826.67
    6389.759     0.999878       912563      8192.00
    6393.855     0.999890       912571      9102.22
    6397.951     0.999902       912582     10240.00
    6406.143     0.999915       912588     11702.86
    6426.623     0.999927       912598     13653.33
    6443.007     0.999939       912611     16384.00
    6447.103     0.999945       912617     18204.44
    6451.199     0.999951       912626     20480.00
    6451.199     0.999957       912626     23405.71
    6455.295     0.999963       912634     27306.67
    6459.391     0.999969       912642     32768.00
    6459.391     0.999973       912642     36408.89
    6459.391     0.999976       912642     40960.00
    6463.487     0.999979       912649     46811.43
    6463.487     0.999982       912649     54613.33
    6467.583     0.999985       912653     65536.00
    6467.583     0.999986       912653     72817.78
    6467.583     0.999988       912653     81920.00
    6471.679     0.999989       912658     93622.86
    6471.679     0.999991       912658    109226.67
    6471.679     0.999992       912658    131072.00
    6471.679     0.999993       912658    145635.56
    6475.775     0.999994       912661    163840.00
    6475.775     0.999995       912661    187245.71
    6475.775     0.999995       912661    218453.33
    6475.775     0.999996       912661    262144.00
    6475.775     0.999997       912661    291271.11
    6479.871     0.999997       912663    327680.00
    6479.871     0.999997       912663    374491.43
    6479.871     0.999998       912663    436906.67
    6479.871     0.999998       912663    524288.00
    6479.871     0.999998       912663    582542.22
    6479.871     0.999998       912663    655360.00
    6479.871     0.999999       912663    748982.86
    6479.871     0.999999       912663    873813.33
    6483.967     0.999999       912664   1048576.00
    6483.967     1.000000       912664          inf
#[Mean    =     1160.403, StdDeviation   =     1318.465]
#[Max     =     6479.872, Total count    =       912664]
#[Buckets =           27, SubBuckets     =         2048]
----------------------------------------------------------
  1093967 requests in 1.00m, 177.36MB read
Requests/sec:  18223.95
Transfer/sec:      2.95MB
