  51863 root      20   0 9218556 698604  29096 S 480.0   4.3  92:03.36 java
  51863 root      20   0 9218556 698604  29096 S 398.0   4.3  92:07.38 java
  51863 root      20   0 9218556 698604  29096 S 399.0   4.3  92:11.37 java
  51863 root      20   0 9218556 698604  29096 S 401.0   4.3  92:15.38 java
  51863 root      20   0 9218556 698604  29096 S 400.0   4.3  92:19.38 java
  51863 root      20   0 9218556 698604  29096 S 399.0   4.3  92:23.37 java
  51863 root      20   0 9218556 698780  29096 S 401.0   4.3  92:27.38 java
  51863 root      20   0 9218556 698780  29096 S 400.0   4.3  92:31.38 java
  51863 root      20   0 9218556 698780  29096 S 400.0   4.3  92:35.38 java
  51863 root      20   0 9218556 698780  29096 S 396.0   4.3  92:39.38 java
  51863 root      20   0 9218556 698780  29096 S 399.0   4.3  92:43.37 java
  51863 root      20   0 9218556 698780  29096 S 401.0   4.3  92:47.38 java
  51863 root      20   0 9218556 698780  29096 S 400.0   4.3  92:51.38 java
  51863 root      20   0 9218556 698780  29096 S 400.0   4.3  92:55.38 java
  51863 root      20   0 9218556 698780  29096 S 400.0   4.3  92:59.38 java
  51863 root      20   0 9218556 698780  29096 S 400.0   4.3  93:03.38 java
  51863 root      20   0 9218556 698780  29096 S 400.0   4.3  93:07.38 java
  51863 root      20   0 9218556 698780  29096 S 396.0   4.3  93:11.38 java
  51863 root      20   0 9218556 698780  29096 S 401.0   4.3  93:15.39 java
  51863 root      20   0 9218556 698780  29096 S 400.0   4.3  93:19.39 java
  51863 root      20   0 9218556 698780  29096 S 402.0   4.3  93:23.41 java
  51863 root      20   0 9218556 698780  29096 S 400.0   4.3  93:27.41 java
  51863 root      20   0 9218556 698780  29096 S 400.0   4.3  93:31.41 java
  51863 root      20   0 9218556 698780  29096 S 403.0   4.3  93:35.44 java
  51863 root      20   0 9218556 698780  29096 S 396.0   4.3  93:39.44 java
  51863 root      20   0 9218556 698780  29096 S 400.0   4.3  93:43.44 java
  51863 root      20   0 9218556 698780  29096 S 401.0   4.3  93:47.45 java
  51863 root      20   0 9218556 698780  29096 S 402.0   4.3  93:51.47 java
  51863 root      20   0 9218556 698780  29096 S 401.0   4.3  93:55.48 java
  51863 root      20   0 9218556 698780  29096 S 400.0   4.3  93:59.48 java
  51863 root      20   0 9218556 698780  29096 S 401.0   4.3  94:03.49 java
  51863 root      20   0 9218556 698780  29096 S 400.0   4.3  94:07.49 java
  51863 root      20   0 9218556 698780  29096 S 401.0   4.3  94:11.50 java
  51863 root      20   0 9218556 698780  29096 S 398.0   4.3  94:15.52 java
  51863 root      20   0 9218556 698780  29096 S 400.0   4.3  94:19.52 java
  51863 root      20   0 9218556 698780  29096 S 401.0   4.3  94:23.53 java
  51863 root      20   0 9218556 698780  29096 S 399.0   4.3  94:27.52 java
  51863 root      20   0 9218556 698780  29096 S 403.0   4.3  94:31.55 java
  51863 root      20   0 9218556 698780  29096 S 400.0   4.3  94:35.55 java
  51863 root      20   0 9218556 698780  29096 S 400.0   4.3  94:39.55 java
  51863 root      20   0 9218556 698780  29096 S 399.0   4.3  94:43.58 java
  51863 root      20   0 9218556 698780  29096 S 401.0   4.3  94:47.59 java
  51863 root      20   0 9218556 698780  29096 S 399.0   4.3  94:51.58 java
  51863 root      20   0 9218556 698780  29096 S 401.0   4.3  94:55.59 java
  51863 root      20   0 9218556 698780  29096 S 399.0   4.3  94:59.58 java
  51863 root      20   0 9218556 698780  29096 S 403.0   4.3  95:03.61 java
  51863 root      20   0 9218556 698780  29096 S 401.0   4.3  95:07.62 java
  51863 root      20   0 9218556 698780  29096 S 396.0   4.3  95:11.62 java
  51863 root      20   0 9218556 698780  29096 S 402.0   4.3  95:15.64 java
  51863 root      20   0 9218556 698780  29096 S 400.0   4.3  95:19.64 java
  51863 root      20   0 9218556 698780  29096 S 399.0   4.3  95:23.63 java
  51863 root      20   0 9218556 698780  29096 S 402.0   4.3  95:27.65 java
  51863 root      20   0 9218556 698780  29096 S 401.0   4.3  95:31.66 java
  51863 root      20   0 9218556 698780  29096 S 400.0   4.3  95:35.