  51863 root      20   0 9218556 409956  29096 S 106.7   2.5  32:10.01 java
  51863 root      20   0 9218556 409956  29096 S 308.0   2.5  32:13.09 java
  51863 root      20   0 9218556 409956  29096 S 392.0   2.5  32:17.01 java
  51863 root      20   0 9218556 409956  29096 S 387.0   2.5  32:20.88 java
  51863 root      20   0 9218556 410432  29096 S 379.0   2.5  32:24.67 java
  51863 root      20   0 9218556 410432  29096 S 383.2   2.5  32:28.54 java
  51863 root      20   0 9218556 410432  29096 S 393.0   2.5  32:32.47 java
  51863 root      20   0 9218556 410432  29096 S 402.0   2.5  32:36.49 java
  51863 root      20   0 9218556 410432  29096 S 391.0   2.5  32:40.40 java
  51863 root      20   0 9218556 410432  29096 S 396.0   2.5  32:44.36 java
  51863 root      20   0 9218556 410432  29096 S 398.0   2.5  32:48.34 java
  51863 root      20   0 9218556 410432  29096 S 386.0   2.5  32:52.20 java
  51863 root      20   0 9218556 410432  29096 S 388.0   2.5  32:56.08 java
  51863 root      20   0 9218556 410432  29096 S 393.1   2.5  33:00.05 java
  51863 root      20   0 9218556 410432  29096 S 399.0   2.5  33:04.04 java
  51863 root      20   0 9218556 410432  29096 S 393.0   2.5  33:07.97 java
  51863 root      20   0 9218556 410432  29096 S 392.0   2.5  33:11.89 java
  51863 root      20   0 9218556 410432  29096 S 389.0   2.5  33:15.78 java
  51863 root      20   0 9218556 410432  29096 S 392.0   2.5  33:19.70 java
  51863 root      20   0 9218556 410432  29096 S 398.0   2.5  33:23.68 java
  51863 root      20   0 9218556 410432  29096 S 392.1   2.5  33:27.64 java
  51863 root      20   0 9218556 410432  29096 S 405.0   2.5  33:31.69 java
  51863 root      20   0 9218556 410432  29096 S 400.0   2.5  33:35.69 java
  51863 root      20   0 9218556 410432  29096 S 401.0   2.5  33:39.70 java
  51863 root      20   0 9218556 410432  29096 S 392.0   2.5  33:43.62 java
  51863 root      20   0 9218556 410432  29096 S 395.0   2.5  33:47.57 java
  51863 root      20   0 9218556 410432  29096 S 387.0   2.5  33:51.44 java
  51863 root      20   0 9218556 410432  29096 S 385.1   2.5  33:55.33 java
  51863 root      20   0 9218556 410432  29096 S 384.0   2.5  33:59.17 java
  51863 root      20   0 9218556 410432  29096 S 398.0   2.5  34:03.15 java
  51863 root      20   0 9218556 410432  29096 S 392.0   2.5  34:07.07 java
  51863 root      20   0 9218556 410432  29096 S 391.0   2.5  34:10.98 java
  51863 root      20   0 9218556 410432  29096 S 389.0   2.5  34:14.87 java
  51863 root      20   0 9218556 410432  29096 S 390.0   2.5  34:18.77 java
  51863 root      20   0 9218556 410432  29096 S 386.0   2.5  34:22.63 java
  51863 root      20   0 9218556 410432  29096 S 391.0   2.5  34:26.54 java
  51863 root      20   0 9218556 410432  29096 S 382.2   2.5  34:30.40 java
  51863 root      20   0 9218556 410432  29096 S 387.0   2.5  34:34.27 java
  51863 root      20   0 9218556 410432  29096 S 384.0   2.5  34:38.11 java
  51863 root      20   0 9218556 410432  29096 S 401.0   2.5  34:42.12 java
  51863 root      20   0 9218556 410432  29096 S 393.0   2.5  34:46.05 java
  51863 root      20   0 9218556 410432  29096 S 396.0   2.5  34:50.01 java
  51863 root      20   0 9218556 410432  29096 S 397.0   2.5  34:53.98 java
  51863 root      20   0 9218556 410432  29096 S 394.1   2.5  34:57.96 java
  51863 root      20   0 9218556 410432  29096 S 404.0   2.5  35:02.00 java
  51863 root      20   0 9218556 410432  29096 S 395.0   2.5  35:05.95 java
  51863 root      20   0 9218556 410432  29096 S 398.0   2.5  35:09.93 java
  51863 root      20   0 9218556 410432  29096 S 399.0   2.5  35:13.92 java
  51863 root      20   0 9218556 410432  29096 S 382.0   2.5  35:17.74 java
  51863 root      20   0 9218556 410432  29096 S 388.0   2.5  35:21.62 java
  51863 root      20   0 9218556 410432  29096 S 403.0   2.5  35:25.69 java
  51863 root      20   0 9218556 410432  29096 S 397.0   2.5  35:29.66 java
  51863 root      20   0 9218556 410432  29096 S 398.0   2.5  35:33.64 java
  51863 root      20   0 9218556 410432  29096 S 389.0   2.5  35:37.