  51863 root      20   0 9218556 698780  29096 S 140.0   4.3  96:02.80 java
  51863 root      20   0 9218556 698780  29096 S 407.0   4.3  96:06.87 java
  51863 root      20   0 9218556 698780  29096 S 399.0   4.3  96:10.86 java
  51863 root      20   0 9218556 698780  29096 S 401.0   4.3  96:14.87 java
  51863 root      20   0 9218556 698780  29096 S 400.0   4.3  96:18.87 java
  51863 root      20   0 9218556 698780  29096 S 396.0   4.3  96:22.87 java
  51863 root      20   0 9218556 698932  29096 S 399.0   4.3  96:26.86 java
  51863 root      20   0 9218556 699060  29096 S 401.0   4.3  96:30.87 java
  51863 root      20   0 9218556 699060  29096 S 400.0   4.3  96:34.87 java
  51863 root      20   0 9218556 699060  29096 S 400.0   4.3  96:38.87 java
  51863 root      20   0 9218556 699060  29096 S 400.0   4.3  96:42.87 java
  51863 root      20   0 9218556 699060  29096 S 399.0   4.3  96:46.86 java
  51863 root      20   0 9218556 699060  29096 S 401.0   4.3  96:50.87 java
  51863 root      20   0 9218556 699060  29096 S 396.0   4.3  96:54.87 java
  51863 root      20   0 9218556 699060  29096 S 401.0   4.3  96:58.88 java
  51863 root      20   0 9218556 699060  29096 S 400.0   4.3  97:02.88 java
  51863 root      20   0 9218556 699060  29096 S 401.0   4.3  97:06.89 java
  51863 root      20   0 9218556 699060  29096 S 400.0   4.3  97:10.89 java
  51863 root      20   0 9218556 699060  29096 S 402.0   4.3  97:14.91 java
  51863 root      20   0 9218556 699060  29096 S 400.0   4.3  97:18.91 java
  51863 root      20   0 9218556 699060  29096 S 401.0   4.3  97:22.92 java
  51863 root      20   0 9218556 699060  29096 S 397.0   4.3  97:26.93 java
  51863 root      20   0 9218556 699060  29096 S 402.0   4.3  97:30.95 java
  51863 root      20   0 9218556 699060  29096 S 400.0   4.3  97:34.95 java
  51863 root      20   0 9218556 699060  29096 S 401.0   4.3  97:38.96 java
  51863 root      20   0 9218556 699060  29096 S 401.0   4.3  97:42.97 java
  51863 root      20   0 9218556 699060  29096 S 402.0   4.3  97:46.99 java
  51863 root      20   0 9218556 699060  29096 S 396.0   4.3  97:50.99 java
  51863 root      20   0 9218556 699060  29096 S 402.0   4.3  97:55.01 java
  51863 root      20   0 9218556 699060  29096 S 401.0   4.3  97:59.02 java
  51863 root      20   0 9218556 699060  29096 S 401.0   4.3  98:03.03 java
  51863 root      20   0 9218556 699060  29096 S 400.0   4.3  98:07.03 java
  51863 root      20   0 9218556 699060  29096 S 402.0   4.3  98:11.05 java
  51863 root      20   0 9218556 699060  29096 S 396.0   4.3  98:15.05 java
  51863 root      20   0 9218556 699060  29096 S 403.0   4.3  98:19.08 java
  51863 root      20   0 9218556 699060  29096 S 401.0   4.3  98:23.09 java
  51863 root      20   0 9218556 699060  29096 S 401.0   4.3  98:27.10 java
  51863 root      20   0 9218556 699060  29096 S 400.0   4.3  98:31.10 java
  51863 root      20   0 9218556 699060  29096 S 401.0   4.3  98:35.11 java
  51863 root      20   0 9218556 699060  29096 S 398.0   4.3  98:39.09 java
  51863 root      20   0 9218556 699060  29096 S 399.0   4.3  98:43.12 java
  51863 root      20   0 9218556 699060  29096 S 401.0   4.3  98:47.13 java
  51863 root      20   0 9218556 699060  29096 S 400.0   4.3  98:51.13 java
  51863 root      20   0 9218556 699060  29096 S 402.0   4.3  98:55.15 java
  51863 root      20   0 9218556 699060  29096 S 403.0   4.3  98:59.18 java
  51863 root      20   0 9218556 699060  29096 S 399.0   4.3  99:03.17 java
  51863 root      20   0 9218556 699060  29096 S 396.0   4.3  99:07.17 java
  51863 root      20   0 9218556 699060  29096 S 399.0   4.3  99:11.16 java
  51863 root      20   0 9218556 699060  29096 S 404.0   4.3  99:15.20 java
  51863 root      20   0 9218556 699060  29096 S 402.0   4.3  99:19.22 java
  51863 root      20   0 9218556 699060  29096 S 400.0   4.3  99:23.22 java
  51863 root      20   0 9218556 699060  29096 S 399.0   4.3  99:27.25 java
  51863 root      20   0 9218556 699060  29096 S 401.0   4.3  99:31.26 java
  51863 root      20   0 9218556 699060  29096 S 400.0   4.3  99:35.