  51863 root      20   0 9218556 409364  29096 S 313.3   2.5  28:17.00 java
  51863 root      20   0 9218556 409364  29096 S 328.7   2.5  28:20.32 java
  51863 root      20   0 9218556 409364  29096 S 390.0   2.5  28:24.22 java
  51863 root      20   0 9218556 409364  29096 S 386.0   2.5  28:28.08 java
  51863 root      20   0 9218556 409504  29096 S 384.0   2.5  28:31.92 java
  51863 root      20   0 9218556 409504  29096 S 390.0   2.5  28:35.82 java
  51863 root      20   0 9218556 409504  29096 S 390.0   2.5  28:39.72 java
  51863 root      20   0 9218556 409504  29096 S 392.0   2.5  28:43.64 java
  51863 root      20   0 9218556 409504  29096 S 397.0   2.5  28:47.61 java
  51863 root      20   0 9218556 409504  29096 S 378.2   2.5  28:51.43 java
  51863 root      20   0 9218556 409504  29096 S 393.0   2.5  28:55.36 java
  51863 root      20   0 9218556 409504  29096 S 386.0   2.5  28:59.22 java
  51863 root      20   0 9218556 409504  29096 S 382.0   2.5  29:03.04 java
  51863 root      20   0 9218556 409504  29096 S 377.0   2.5  29:06.81 java
  51863 root      20   0 9218556 409504  29096 S 388.0   2.5  29:10.69 java
  51863 root      20   0 9218556 409504  29096 S 387.0   2.5  29:14.56 java
  51863 root      20   0 9218556 409504  29096 S 392.1   2.5  29:18.52 java
  51863 root      20   0 9218556 409504  29096 S 379.0   2.5  29:22.31 java
  51863 root      20   0 9218556 409504  29096 S 402.0   2.5  29:26.33 java
  51863 root      20   0 9218556 409504  29096 S 390.0   2.5  29:30.23 java
  51863 root      20   0 9218556 409504  29096 S 393.0   2.5  29:34.16 java
  51863 root      20   0 9218556 409504  29096 S 396.0   2.5  29:38.12 java
  51863 root      20   0 9218556 409504  29096 S 383.2   2.5  29:41.99 java
  51863 root      20   0 9218556 409504  29096 S 388.0   2.5  29:45.87 java
  51863 root      20   0 9218556 409504  29096 S 403.0   2.5  29:49.90 java
  51863 root      20   0 9218556 409504  29096 S 399.0   2.5  29:53.89 java
  51863 root      20   0 9218556 409504  29096 S 400.0   2.5  29:57.89 java
  51863 root      20   0 9218556 409504  29096 S 401.0   2.5  30:01.90 java
  51863 root      20   0 9218556 409668  29096 S 386.1   2.5  30:05.80 java
  51863 root      20   0 9218556 409668  29096 S 391.0   2.5  30:09.71 java
  51863 root      20   0 9218556 409668  29096 S 385.0   2.5  30:13.56 java
  51863 root      20   0 9218556 409668  29096 S 390.0   2.5  30:17.46 java
  51863 root      20   0 9218556 409668  29096 S 390.0   2.5  30:21.36 java
  51863 root      20   0 9218556 409668  29096 S 381.2   2.5  30:25.21 java
  51863 root      20   0 9218556 409668  29096 S 401.0   2.5  30:29.22 java
  51863 root      20   0 9218556 409668  29096 S 396.0   2.5  30:33.18 java
  51863 root      20   0 9218556 409668  29096 S 388.0   2.5  30:37.06 java
  51863 root      20   0 9218556 409668  29096 S 395.0   2.5  30:41.01 java
  51863 root      20   0 9218556 409808  29096 S 392.0   2.5  30:44.93 java
  51863 root      20   0 9218556 409808  29096 S 387.0   2.5  30:48.80 java
  51863 root      20   0 9218556 409808  29096 S 394.0   2.5  30:52.74 java
  51863 root      20   0 9218556 409808  29096 S 387.1   2.5  30:56.65 java
  51863 root      20   0 9218556 409808  29096 S 390.0   2.5  31:00.55 java
  51863 root      20   0 9218556 409808  29096 S 399.0   2.5  31:04.54 java
  51863 root      20   0 9218556 409808  29096 S 395.0   2.5  31:08.49 java
  51863 root      20   0 9218556 409808  29096 S 398.0   2.5  31:12.47 java
  51863 root      20   0 9218556 409808  29096 S 400.0   2.5  31:16.47 java
  51863 root      20   0 9218556 409808  29096 S 399.0   2.5  31:20.50 java
  51863 root      20   0 9218556 409956  29096 S 399.0   2.5  31:24.49 java
  51863 root      20   0 9218556 409956  29096 S 390.0   2.5  31:28.39 java
  51863 root      20   0 9218556 409956  29096 S 394.0   2.5  31:32.33 java
  51863 root      20   0 9218556 409956  29096 S 384.0   2.5  31:36.17 java
  51863 root      20   0 9218556 409956  29096 S 388.0   2.5  31:40.05 java
  51863 root      20   0 9218556 409956  29096 S 389.0   2.5  31:43.