  51863 root      20   0 9218556 407456  29096 S 293.3   2.5  16:53.03 java
  51863 root      20   0 9218556 407456  29096 S 263.0   2.5  16:55.66 java
  51863 root      20   0 9218556 407456  29096 S 258.0   2.5  16:58.24 java
  51863 root      20   0 9218556 407456  29096 S 259.0   2.5  17:00.83 java
  51863 root      20   0 9218556 407456  29096 S 261.0   2.5  17:03.44 java
  51863 root      20   0 9218556 408360  29096 S 258.0   2.5  17:06.02 java
  51863 root      20   0 9218556 408360  29096 S 256.0   2.5  17:08.58 java
  51863 root      20   0 9218556 408360  29096 S 267.0   2.5  17:11.25 java
  51863 root      20   0 9218556 408360  29096 S 261.4   2.5  17:13.89 java
  51863 root      20   0 9218556 408360  29096 S 264.0   2.5  17:16.53 java
  51863 root      20   0 9218556 408360  29096 S 261.0   2.5  17:19.14 java
  51863 root      20   0 9218556 408360  29096 S 257.0   2.5  17:21.71 java
  51863 root      20   0 9218556 408360  29096 S 250.0   2.5  17:24.21 java
  51863 root      20   0 9218556 408360  29096 S 252.0   2.5  17:26.73 java
  51863 root      20   0 9218556 408360  29096 S 254.0   2.5  17:29.27 java
  51863 root      20   0 9218556 408360  29096 S 250.5   2.5  17:31.80 java
  51863 root      20   0 9218556 408360  29096 S 261.0   2.5  17:34.41 java
  51863 root      20   0 9218556 408360  29096 S 260.0   2.5  17:37.01 java
  51863 root      20   0 9218556 408360  29096 S 259.0   2.5  17:39.60 java
  51863 root      20   0 9218556 408360  29096 S 253.0   2.5  17:42.13 java
  51863 root      20   0 9218556 408360  29096 S 255.0   2.5  17:44.68 java
  51863 root      20   0 9218556 408360  29096 S 257.0   2.5  17:47.25 java
  51863 root      20   0 9218556 408360  29096 S 254.0   2.5  17:49.79 java
  51863 root      20   0 9218556 408360  29096 S 253.0   2.5  17:52.32 java
  51863 root      20   0 9218556 408360  29096 S 267.3   2.5  17:55.02 java
  51863 root      20   0 9218556 408360  29096 S 269.0   2.5  17:57.71 java
  51863 root      20   0 9218556 408360  29096 S 260.0   2.5  18:00.31 java
  51863 root      20   0 9218556 408360  29096 S 257.0   2.5  18:02.88 java
  51863 root      20   0 9218556 408360  29096 S 263.0   2.5  18:05.51 java
  51863 root      20   0 9218556 408360  29096 S 261.0   2.5  18:08.12 java
  51863 root      20   0 9218556 408360  29096 S 261.0   2.5  18:10.73 java
  51863 root      20   0 9218556 408360  29096 S 259.0   2.5  18:13.32 java
  51863 root      20   0 9218556 408360  29096 S 262.4   2.5  18:15.97 java
  51863 root      20   0 9218556 408360  29096 S 256.0   2.5  18:18.53 java
  51863 root      20   0 9218556 408360  29096 S 256.0   2.5  18:21.09 java
  51863 root      20   0 9218556 408360  29096 S 266.0   2.5  18:23.75 java
  51863 root      20   0 9218556 408360  29096 S 255.0   2.5  18:26.30 java
  51863 root      20   0 9218556 408360  29096 S 248.0   2.5  18:28.78 java
  51863 root      20   0 9218556 408360  29096 S 247.0   2.5  18:31.25 java
  51863 root      20   0 9218556 408360  29096 S 251.5   2.5  18:33.79 java
  51863 root      20   0 9218556 408360  29096 S 255.0   2.5  18:36.34 java
  51863 root      20   0 9218556 408360  29096 S 265.0   2.5  18:38.99 java
  51863 root      20   0 9218556 408360  29096 S 264.0   2.5  18:41.63 java
  51863 root      20   0 9218556 408360  29096 S 264.0   2.5  18:44.27 java
  51863 root      20   0 9218556 408360  29096 S 267.0   2.5  18:46.94 java
  51863 root      20   0 9218556 408360  29096 S 265.0   2.5  18:49.59 java
  51863 root      20   0 9218556 408360  29096 S 261.0   2.5  18:52.20 java
  51863 root      20   0 9218556 408360  29096 S 267.3   2.5  18:54.90 java
  51863 root      20   0 9218556 408360  29096 S 273.0   2.5  18:57.63 java
  51863 root      20   0 9218556 408360  29096 S 277.0   2.5  19:00.40 java
  51863 root      20   0 9218556 408360  29096 S 264.0   2.5  19:03.04 java
  51863 root      20   0 9218556 408360  29096 S 259.0   2.5  19:05.63 java
  51863 root      20   0 9218556 408360  29096 S 266.0   2.5  19:08.29 java
  51863 root      20   0 9218556 408360  29096 S 268.0   2.5  19:10.