  51863 root      20   0 9218556 694912  29096 S 160.0   4.3  64:03.02 java
  51863 root      20   0 9218556 694912  29096 S 407.9   4.3  64:07.14 java
  51863 root      20   0 9218556 694912  29096 S 400.0   4.3  64:11.14 java
  51863 root      20   0 9218556 695080  29096 S 399.0   4.3  64:15.13 java
  51863 root      20   0 9218556 695080  29096 S 400.0   4.3  64:19.13 java
  51863 root      20   0 9218556 695080  29096 S 400.0   4.3  64:23.13 java
  51863 root      20   0 9218556 695552  29096 S 401.0   4.3  64:27.14 java
  51863 root      20   0 9218556 695552  29096 S 399.0   4.3  64:31.13 java
  51863 root      20   0 9218556 695552  29096 S 397.0   4.3  64:35.14 java
  51863 root      20   0 9218556 695552  29096 S 400.0   4.3  64:39.14 java
  51863 root      20   0 9218556 695552  29096 S 400.0   4.3  64:43.14 java
  51863 root      20   0 9218556 695552  29096 S 399.0   4.3  64:47.13 java
  51863 root      20   0 9218556 695552  29096 S 400.0   4.3  64:51.13 java
  51863 root      20   0 9218556 695552  29096 S 400.0   4.3  64:55.13 java
  51863 root      20   0 9218556 695552  29096 S 401.0   4.3  64:59.14 java
  51863 root      20   0 9218556 695552  29096 S 400.0   4.3  65:03.14 java
  51863 root      20   0 9218556 695552  29096 S 396.0   4.3  65:07.14 java
  51863 root      20   0 9218556 695552  29096 S 400.0   4.3  65:11.14 java
  51863 root      20   0 9218556 695552  29096 S 401.0   4.3  65:15.15 java
  51863 root      20   0 9218556 695552  29096 S 401.0   4.3  65:19.16 java
  51863 root      20   0 9218556 695552  29096 S 400.0   4.3  65:23.16 java
  51863 root      20   0 9218556 695552  29096 S 401.0   4.3  65:27.17 java
  51863 root      20   0 9218556 695552  29096 S 401.0   4.3  65:31.18 java
  51863 root      20   0 9218556 695552  29096 S 402.0   4.3  65:35.20 java
  51863 root      20   0 9218556 695552  29096 S 396.0   4.3  65:39.20 java
  51863 root      20   0 9218556 695552  29096 S 401.0   4.3  65:43.21 java
  51863 root      20   0 9218556 695552  29096 S 401.0   4.3  65:47.22 java
  51863 root      20   0 9218556 695552  29096 S 401.0   4.3  65:51.23 java
  51863 root      20   0 9218556 695552  29096 S 400.0   4.3  65:55.23 java
  51863 root      20   0 9218556 695552  29096 S 402.0   4.3  65:59.25 java
  51863 root      20   0 9218556 695552  29096 S 401.0   4.3  66:03.26 java
  51863 root      20   0 9218556 695552  29096 S 397.0   4.3  66:07.27 java
  51863 root      20   0 9218556 695552  29096 S 401.0   4.3  66:11.28 java
  51863 root      20   0 9218556 695552  29096 S 398.0   4.3  66:15.26 java
  51863 root      20   0 9218556 695552  29096 S 402.0   4.3  66:19.28 java
  51863 root      20   0 9218556 695552  29096 S 400.0   4.3  66:23.28 java
  51863 root      20   0 9218556 695552  29096 S 402.0   4.3  66:27.30 java
  51863 root      20   0 9218556 695552  29096 S 400.0   4.3  66:31.30 java
  51863 root      20   0 9218556 695552  29096 S 401.0   4.3  66:35.31 java
  51863 root      20   0 9218556 695552  29096 S 398.0   4.3  66:39.33 java
  51863 root      20   0 9218556 695552  29096 S 399.0   4.3  66:43.32 java
  51863 root      20   0 9218556 695552  29096 S 400.0   4.3  66:47.32 java
  51863 root      20   0 9218556 695552  29096 S 404.0   4.3  66:51.36 java
  51863 root      20   0 9218556 695552  29096 S 398.0   4.3  66:55.34 java
  51863 root      20   0 9218556 695552  29096 S 402.0   4.3  66:59.36 java
  51863 root      20   0 9218556 695552  29096 S 402.0   4.3  67:03.38 java
  51863 root      20   0 9218556 695552  29096 S 400.0   4.3  67:07.38 java
  51863 root      20   0 9218556 695552  29096 S 397.0   4.3  67:11.39 java
  51863 root      20   0 9218556 695552  29096 S 399.0   4.3  67:15.38 java
  51863 root      20   0 9218556 695552  29096 S 402.0   4.3  67:19.40 java
  51863 root      20   0 9218556 695552  29096 S 403.0   4.3  67:23.43 java
  51863 root      20   0 9218556 695552  29096 S 400.0   4.3  67:27.43 java
  51863 root      20   0 9218556 695552  29096 S 400.0   4.3  67:31.43 java
  51863 root      20   0 9218556 695552  29096 S 397.0   4.3  67:35.