  51863 root      20   0 9218556 397792  29096 S 266.7   2.4   0:42.83 java
  51863 root      20   0 9218556 401400  29096 S 119.0   2.5   0:44.02 java
  51863 root      20   0 9218556 401604  29096 S  44.0   2.5   0:44.46 java
  51863 root      20   0 9218556 401604  29096 S  40.0   2.5   0:44.86 java
  51863 root      20   0 9218556 401604  29096 S  41.0   2.5   0:45.27 java
  51863 root      20   0 9218556 401604  29096 S  38.6   2.5   0:45.66 java
  51863 root      20   0 9218556 401604  29096 S  40.0   2.5   0:46.06 java
  51863 root      20   0 9218556 401604  29096 S  40.0   2.5   0:46.46 java
  51863 root      20   0 9218556 401604  29096 S  40.0   2.5   0:46.86 java
  51863 root      20   0 9218556 401604  29096 S  40.0   2.5   0:47.26 java
  51863 root      20   0 9218556 401604  29096 S  39.0   2.5   0:47.65 java
  51863 root      20   0 9218556 401604  29096 S  40.0   2.5   0:48.05 java
  51863 root      20   0 9218556 401604  29096 S  38.6   2.5   0:48.44 java
  51863 root      20   0 9218556 401604  29096 S  41.0   2.5   0:48.85 java
  51863 root      20   0 9218556 401604  29096 S  39.0   2.5   0:49.24 java
  51863 root      20   0 9218556 401604  29096 S  40.0   2.5   0:49.64 java
  51863 root      20   0 9218556 401604  29096 S  41.0   2.5   0:50.05 java
  51863 root      20   0 9218556 401604  29096 S  39.0   2.5   0:50.44 java
  51863 root      20   0 9218556 401604  29096 S  40.0   2.5   0:50.84 java
  51863 root      20   0 9218556 401604  29096 S  41.0   2.5   0:51.25 java
  51863 root      20   0 9218556 401604  29096 S  39.6   2.5   0:51.65 java
  51863 root      20   0 9218556 401604  29096 S  40.0   2.5   0:52.05 java
  51863 root      20   0 9218556 401604  29096 S  40.0   2.5   0:52.45 java
  51863 root      20   0 9218556 401604  29096 S  39.0   2.5   0:52.84 java
  51863 root      20   0 9218556 401604  29096 S  39.0   2.5   0:53.23 java
  51863 root      20   0 9218556 401604  29096 S  41.0   2.5   0:53.64 java
  51863 root      20   0 9218556 401604  29096 S  40.0   2.5   0:54.04 java
  51863 root      20   0 9218556 401604  29096 S  38.6   2.5   0:54.43 java
  51863 root      20   0 9218556 401604  29096 S  41.0   2.5   0:54.84 java
  51863 root      20   0 9218556 401604  29096 S  40.0   2.5   0:55.24 java
  51863 root      20   0 9218556 401604  29096 S  40.0   2.5   0:55.64 java
  51863 root      20   0 9218556 401604  29096 S  39.0   2.5   0:56.03 java
  51863 root      20   0 9218556 401604  29096 S  40.0   2.5   0:56.43 java
  51863 root      20   0 9218556 401604  29096 S  40.0   2.5   0:56.83 java
  51863 root      20   0 9218556 401904  29096 S  40.0   2.5   0:57.23 java
  51863 root      20   0 9218556 401904  29096 S  38.6   2.5   0:57.62 java
  51863 root      20   0 9218556 401904  29096 S  40.0   2.5   0:58.02 java
  51863 root      20   0 9218556 401904  29096 S  40.0   2.5   0:58.42 java
  51863 root      20   0 9218556 401904  29096 S  39.0   2.5   0:58.81 java
  51863 root      20   0 9218556 401904  29096 S  40.0   2.5   0:59.21 java
  51863 root      20   0 9218556 401904  29096 S  40.0   2.5   0:59.61 java
  51863 root      20   0 9218556 401904  29096 S  40.0   2.5   1:00.01 java
  51863 root      20   0 9218556 401904  29096 S  37.6   2.5   1:00.39 java
  51863 root      20   0 9218556 401904  29096 S  40.0   2.5   1:00.79 java
  51863 root      20   0 9218556 401904  29096 S  39.0   2.5   1:01.18 java
  51863 root      20   0 9218556 401904  29096 S  39.0   2.5   1:01.57 java
  51863 root      20   0 9218556 401904  29096 S  38.0   2.5   1:01.95 java
  51863 root      20   0 9218556 401904  29096 S  38.0   2.5   1:02.33 java
  51863 root      20   0 9218556 402080  29096 S  40.0   2.5   1:02.73 java
  51863 root      20   0 9218556 402080  29096 S  39.6   2.5   1:03.13 java
  51863 root      20   0 9218556 402080  29096 S  40.0   2.5   1:03.53 java
  51863 root      20   0 9218556 402080  29096 S  40.0   2.5   1:03.93 java
  51863 root      20   0 9218556 402080  29096 S  40.0   2.5   1:04.33 java
  51863 root      20   0 9218556 402080  29096 S  39.0   2.5   1:04.