  51863 root      20   0 9218556 462804  29096 S 420.0   2.8  36:05.73 java
  51863 root      20   0 9218556 462804  29096 S 396.0   2.8  36:09.73 java
  51863 root      20   0 9218556 462804  29096 S 400.0   2.8  36:13.73 java
  51863 root      20   0 9218556 462804  29096 S 400.0   2.8  36:17.73 java
  51863 root      20   0 9218556 463108  29096 S 399.0   2.8  36:21.72 java
  51863 root      20   0 9218556 463108  29096 S 401.0   2.8  36:25.73 java
  51863 root      20   0 9218556 463108  29096 S 400.0   2.8  36:29.73 java
  51863 root      20   0 9218556 463108  29096 S 400.0   2.8  36:33.73 java
  51863 root      20   0 9218556 463108  29096 S 400.0   2.8  36:37.73 java
  51863 root      20   0 9218556 463108  29096 S 397.0   2.8  36:41.74 java
  51863 root      20   0 9218556 463108  29096 S 399.0   2.8  36:45.73 java
  51863 root      20   0 9218556 463108  29096 S 400.0   2.8  36:49.73 java
  51863 root      20   0 9218556 463108  29096 S 401.0   2.8  36:53.74 java
  51863 root      20   0 9218556 463108  29096 S 400.0   2.8  36:57.74 java
  51863 root      20   0 9218556 463108  29096 S 401.0   2.8  37:01.75 java
  51863 root      20   0 9218556 463108  29096 S 401.0   2.8  37:05.76 java
  51863 root      20   0 9218556 463108  29096 S 401.0   2.8  37:09.77 java
  51863 root      20   0 9218556 463108  29096 S 400.0   2.8  37:13.77 java
  51863 root      20   0 9218556 463108  29096 S 397.0   2.8  37:17.78 java
  51863 root      20   0 9218556 463108  29096 S 402.0   2.8  37:21.80 java
  51863 root      20   0 9218556 463108  29096 S 400.0   2.8  37:25.80 java
  51863 root      20   0 9218556 463108  29096 S 401.0   2.8  37:29.81 java
  51863 root      20   0 9218556 526028  29096 S 402.0   3.2  37:33.83 java
  51863 root      20   0 9218556 526028  29096 S 399.0   3.2  37:37.82 java
  51863 root      20   0 9218556 526028  29096 S 387.1   3.2  37:41.73 java
  51863 root      20   0 9218556 526292  29096 S 401.0   3.2  37:45.74 java
  51863 root      20   0 9218556 526292  29096 S 402.0   3.2  37:49.76 java
  51863 root      20   0 9218556 526292  29096 S 401.0   3.2  37:53.77 java
  51863 root      20   0 9218556 526292  29096 S 402.0   3.2  37:57.79 java
  51863 root      20   0 9218556 526292  29096 S 398.0   3.2  38:01.81 java
  51863 root      20   0 9218556 526292  29096 S 401.0   3.2  38:05.82 java
  51863 root      20   0 9218556 526292  29096 S 401.0   3.2  38:09.83 java
  51863 root      20   0 9218556 526292  29096 S 398.0   3.2  38:13.81 java
  51863 root      20   0 9218556 526292  29096 S 398.0   3.2  38:17.83 java
  51863 root      20   0 9218556 526292  29096 S 402.0   3.2  38:21.85 java
  51863 root      20   0 9218556 526292  29096 S 401.0   3.2  38:25.86 java
  51863 root      20   0 9218556 526292  29096 S 399.0   3.2  38:29.85 java
  51863 root      20   0 9218556 526292  29096 S 402.0   3.2  38:33.87 java
  51863 root      20   0 9218556 526292  29096 S 401.0   3.2  38:37.88 java
  51863 root      20   0 9218556 526292  29096 S 395.0   3.2  38:41.87 java
  51863 root      20   0 9218556 526292  29096 S 403.0   3.2  38:45.90 java
  51863 root      20   0 9218556 526292  29096 S 401.0   3.2  38:49.91 java
  51863 root      20   0 9218556 526292  29096 S 401.0   3.2  38:53.92 java
  51863 root      20   0 9218556 526292  29096 S 400.0   3.2  38:57.92 java
  51863 root      20   0 9218556 526292  29096 S 400.0   3.2  39:01.92 java
  51863 root      20   0 9218556 526292  29096 S 386.1   3.2  39:05.82 java
  51863 root      20   0 9218556 526292  29096 S 405.0   3.2  39:09.87 java
  51863 root      20   0 9218556 526292  29096 S 399.0   3.2  39:13.86 java
  51863 root      20   0 9218556 526292  29096 S 401.0   3.2  39:17.87 java
  51863 root      20   0 9218556 526292  29096 S 401.0   3.2  39:21.88 java
  51863 root      20   0 9218556 526292  29096 S 396.0   3.2  39:25.84 java
  51863 root      20   0 9218556 526292  29096 S 406.0   3.2  39:29.90 java
  51863 root      20   0 9218556 526292  29096 S 397.0   3.2  39:33.87 java
  51863 root      20   0 9218556 526292  29096 S 390.1   3.2  39:37.