  69015 1001      20   0 4454096 378560  52468 S   6.7   2.3  10:39.87 application
  69015 1001      20   0 4455120 379616  52468 S 386.0   2.3  10:43.73 application
  69015 1001      20   0 6153004 382780  52468 S 401.0   2.3  10:47.74 application
  69015 1001      20   0 6159148 388320  52468 S 399.0   2.4  10:51.73 application
  69015 1001      20   0 6159148 388320  52468 S 401.0   2.4  10:55.74 application
  69015 1001      20   0 6159148 388848  52468 S 396.0   2.4  10:59.74 application
  69015 1001      20   0 6160172 389376  52468 S 400.0   2.4  11:03.74 application
  69015 1001      20   0 6161196 390160  52468 S 399.0   2.4  11:07.73 application
  69015 1001      20   0 6161196 390424  52468 S 400.0   2.4  11:11.73 application
  69015 1001      20   0 6457148 392008  52468 S 400.0   2.4  11:15.73 application
  69015 1001      20   0 6458172 392268  52468 S 400.0   2.4  11:19.73 application
  69015 1001      20   0 6458172 392532  52468 S 401.0   2.4  11:23.74 application
  69015 1001      20   0 6459196 392792  52468 S 396.0   2.4  11:27.74 application
  69015 1001      20   0 6459196 393320  52468 S 401.0   2.4  11:31.75 application
  69015 1001      20   0 6460220 393844  52468 S 401.0   2.4  11:35.76 application
  69015 1001      20   0 6460220 394108  52468 S 402.0   2.4  11:39.78 application
  69015 1001      20   0 6460220 394632  52468 S 400.0   2.4  11:43.78 application
  69015 1001      20   0 6460220 394896  52468 S 400.0   2.4  11:47.78 application
  69015 1001      20   0 6461244 395156  52468 S 403.0   2.4  11:51.81 application
  69015 1001      20   0 6461244 395684  52468 S 401.0   2.4  11:55.82 application
  69015 1001      20   0 6462268 395948  52468 S 401.0   2.4  11:59.83 application
  69015 1001      20   0 6462268 396212  52468 S 401.0   2.4  12:03.84 application
  69015 1001      20   0 6462268 396212  52468 S 401.0   2.4  12:07.85 application
  69015 1001      20   0 6463292 396476  52468 S 398.0   2.4  12:11.87 application
  69015 1001      20   0 6463292 397004  52468 S 394.0   2.4  12:15.81 application
  69015 1001      20   0 6463292 397268  52468 S 407.0   2.4  12:19.88 application
  69015 1001      20   0 6464316 397532  52468 S 401.0   2.4  12:23.89 application
  69015 1001      20   0 6464316 397856  52532 S 402.0   2.4  12:27.91 application
  69015 1001      20   0 6465340 398648  52532 S 401.0   2.4  12:31.92 application
  69015 1001      20   0 6465340 398912  52532 S 401.0   2.4  12:35.93 application
  69015 1001      20   0 6465340 399176  52532 S 400.0   2.4  12:39.93 application
  69015 1001      20   0 6466364 399704  52532 S 402.0   2.5  12:43.95 application
  69015 1001      20   0 6466364 399964  52532 S 402.0   2.5  12:47.97 application
  69015 1001      20   0 6467388 400492  52532 S 397.0   2.5  12:51.98 application
  69015 1001      20   0 6467388 400756  52532 S 401.0   2.5  12:55.99 application
  69015 1001      20   0 6467388 401280  52532 S 400.0   2.5  12:59.99 application
  69015 1001      20   0 6468412 402064  52532 S 396.0   2.5  13:03.95 application
  69015 1001      20   0 6468412 402328  52532 S 405.0   2.5  13:08.00 application
  69015 1001      20   0 6427432 403760  52532 S 401.0   2.5  13:12.01 application
  69015 1001      20   0 6420260 404092  52532 S 398.0   2.5  13:15.99 application
  69015 1001      20   0 6420260 404884  52532 S 403.0   2.5  13:20.02 application
  69015 1001      20   0 6420260 405148  52532 S 399.0   2.5  13:24.01 application
  69015 1001      20   0 6421284 405676  52532 S 399.0   2.5  13:28.04 application
  69015 1001      20   0 6421284 406204  52532 S 397.0   2.5  13:32.01 application
  69015 1001      20   0 6421284 406468  52532 S 402.0   2.5  13:36.03 application
  69015 1001      20   0 6422308 406996  52532 S 402.0   2.5  13:40.05 application
  69015 1001      20   0 6422308 406996  52532 S 398.0   2.5  13:44.03 application
  69015 1001      20   0 6422308 407784  52532 S 400.0   2.5  13:48.03 application
  69015 1001      20   0 6423332 407784  52532 S 403.0   2.5  13:52.06 application
  69015 1001      20   0 6423