  68374 1001      20   0 1428908 457820  46936 S   0.0   2.8  16:20.18 application
  68374 1001      20   0 1430956 459140  46936 S 388.0   2.8  16:24.06 application
  68374 1001      20   0 1431980 460724  46936 S 404.0   2.8  16:28.10 application
  68374 1001      20   0 1431980 460988  46936 S 386.1   2.8  16:32.00 application
  68374 1001      20   0 1433004 461780  46936 S 392.0   2.8  16:35.92 application
  68374 1001      20   0 1434028 462572  46936 S 381.0   2.8  16:39.73 application
  68374 1001      20   0 1434028 463100  46936 S 389.0   2.8  16:43.62 application
  68374 1001      20   0 1435052 463892  46936 S 403.0   2.8  16:47.65 application
  68374 1001      20   0 1436076 464948  46936 S 399.0   2.9  16:51.64 application
  68374 1001      20   0 1437100 465740  46936 S 391.0   2.9  16:55.55 application
  68374 1001      20   0 1438124 466532  46936 S 396.0   2.9  16:59.51 application
  68374 1001      20   0 1439148 467324  46936 S 391.0   2.9  17:03.42 application
  68374 1001      20   0 1439148 467588  46936 S 396.0   2.9  17:07.42 application
  68374 1001      20   0 1440172 469172  46936 S 396.0   2.9  17:11.38 application
  68374 1001      20   0 1441196 470228  46936 S 390.0   2.9  17:15.28 application
  68374 1001      20   0 1442220 470756  46936 S 392.0   2.9  17:19.20 application
  68374 1001      20   0 1442220 471284  46936 S 392.0   2.9  17:23.12 application
  68374 1001      20   0 1443244 471812  46936 S 391.0   2.9  17:27.03 application
  68374 1001      20   0 1443244 472604  46936 S 393.0   2.9  17:30.96 application
  68374 1001      20   0 1444268 473396  46936 S 398.0   2.9  17:34.94 application
  68374 1001      20   0 1445292 473924  46936 S 400.0   2.9  17:38.94 application
  68374 1001      20   0 1445292 474716  46936 S 400.0   2.9  17:42.94 application
  68374 1001      20   0 1446316 475244  46936 S 395.0   2.9  17:46.93 application
  68374 1001      20   0 1447340 475772  46936 S 402.0   2.9  17:50.95 application
  68374 1001      20   0 1447340 476564  46936 S 400.0   2.9  17:54.95 application
  68374 1001      20   0 1448364 477356  46936 S 401.0   2.9  17:58.96 application
  68374 1001      20   0 1449388 478148  46936 S 396.0   2.9  18:02.92 application
  68374 1001      20   0 1450412 479204  46936 S 400.0   2.9  18:06.92 application
  68374 1001      20   0 1451436 479996  46936 S 394.0   2.9  18:10.86 application
  68374 1001      20   0 1452460 480788  46936 S 401.0   2.9  18:14.87 application
  68374 1001      20   0 1452460 481316  46936 S 392.0   3.0  18:18.79 application
  68374 1001      20   0 1453484 482108  46936 S 388.1   3.0  18:22.71 application
  68374 1001      20   0 1453484 482372  46936 S 396.0   3.0  18:26.67 application
  68374 1001      20   0 1454508 482900  46936 S 390.0   3.0  18:30.57 application
  68374 1001      20   0 1455532 483428  46936 S 389.0   3.0  18:34.46 application
  68374 1001      20   0 1455532 484220  46936 S 399.0   3.0  18:38.45 application
  68374 1001      20   0 1455532 484748  46936 S 392.0   3.0  18:42.37 application
  68374 1001      20   0 1456556 485012  46936 S 397.0   3.0  18:46.34 application
  68374 1001      20   0 1456556 485540  46936 S 393.0   3.0  18:50.27 application
  68374 1001      20   0 1457580 486068  46936 S 394.0   3.0  18:54.21 application
  68374 1001      20   0 1457580 486596  46936 S 387.0   3.0  18:58.08 application
  68374 1001      20   0 1458604 487124  46936 S 400.0   3.0  19:02.08 application
  68374 1001      20   0 1458604 487652  46936 S 396.0   3.0  19:06.08 application
  68374 1001      20   0 1460652 488972  46936 S 392.0   3.0  19:10.00 application
  68374 1001      20   0 1460652 489236  46936 S 386.0   3.0  19:13.86 application
  68374 1001      20   0 1461676 489764  46936 S 394.0   3.0  19:17.80 application
  68374 1001      20   0 1461676 490292  46936 S 392.0   3.0  19:21.72 application
  68374 1001      20   0 1462700 491084  46936 S 395.0   3.0  19:25.67 application
  68374 1001      20   0 1462700 491876  46936 S 396.0   3.0  19:29.63 application
  68374 1001      20   0 1463