  68374 1001      20   0 1301932 329984  46872 S   0.0   2.0   3:01.82 application
  68374 1001      20   0 1302956 331040  46872 S 277.2   2.0   3:04.62 application
  68374 1001      20   0 1303980 331832  46872 S 314.0   2.0   3:07.76 application
  68374 1001      20   0 1303980 332624  46872 S 311.0   2.0   3:10.87 application
  68374 1001      20   0 1305004 333416  46872 S 308.0   2.0   3:13.95 application
  68374 1001      20   0 1305004 333680  46872 S 283.0   2.0   3:16.78 application
  68374 1001      20   0 1306028 334472  46872 S 288.0   2.1   3:19.66 application
  68374 1001      20   0 1307052 335528  46872 S 286.0   2.1   3:22.52 application
  68374 1001      20   0 1308076 336320  46872 S 287.0   2.1   3:25.39 application
  68374 1001      20   0 1308076 337112  46872 S 285.0   2.1   3:28.24 application
  68374 1001      20   0 1309100 337640  46872 S 266.0   2.1   3:30.90 application
  68374 1001      20   0 1310124 338696  46872 S 281.2   2.1   3:33.74 application
  68374 1001      20   0 1310124 339224  46872 S 283.0   2.1   3:36.57 application
  68374 1001      20   0 1311148 339488  46872 S 287.0   2.1   3:39.44 application
  68374 1001      20   0 1311148 340280  46872 S 290.0   2.1   3:42.34 application
  68374 1001      20   0 1312172 340808  46872 S 282.0   2.1   3:45.16 application
  68374 1001      20   0 1313196 341600  46872 S 274.0   2.1   3:47.90 application
  68374 1001      20   0 1314220 342392  46872 S 277.0   2.1   3:50.67 application
  68374 1001      20   0 1314220 343184  46872 S 271.0   2.1   3:53.38 application
  68374 1001      20   0 1315244 343448  46872 S 284.0   2.1   3:56.22 application
  68374 1001      20   0 1315244 344240  46872 S 279.0   2.1   3:59.01 application
  68374 1001      20   0 1316268 345032  46872 S 292.1   2.1   4:01.96 application
  68374 1001      20   0 1317292 345560  46872 S 289.0   2.1   4:04.85 application
  68374 1001      20   0 1318316 346352  46872 S 283.0   2.1   4:07.68 application
  68374 1001      20   0 1319340 347408  46872 S 287.0   2.1   4:10.55 application
  68374 1001      20   0 1319340 348200  46872 S 282.0   2.1   4:13.37 application
  68374 1001      20   0 1320364 348992  46872 S 295.0   2.1   4:16.32 application
  68374 1001      20   0 1321388 349256  46872 S 296.0   2.1   4:19.28 application
  68374 1001      20   0 1322412 350312  46872 S 291.0   2.1   4:22.19 application
  68374 1001      20   0 1322412 351104  46872 S 298.0   2.2   4:25.17 application
  68374 1001      20   0 1323436 352160  46872 S 294.1   2.2   4:28.14 application
  68374 1001      20   0 1324460 352952  46872 S 276.0   2.2   4:30.90 application
  68374 1001      20   0 1325484 353744  46872 S 272.0   2.2   4:33.62 application
  68374 1001      20   0 1325484 354272  46872 S 297.0   2.2   4:36.59 application
  68374 1001      20   0 1326508 354800  46872 S 293.0   2.2   4:39.52 application
  68374 1001      20   0 1327532 355856  46872 S 291.0   2.2   4:42.43 application
  68374 1001      20   0 1328556 356912  46872 S 276.0   2.2   4:45.19 application
  68374 1001      20   0 1329580 357440  46872 S 288.0   2.2   4:48.07 application
  68374 1001      20   0 1329580 358232  46872 S 274.0   2.2   4:50.81 application
  68374 1001      20   0 1330604 358760  46872 S 275.0   2.2   4:53.56 application
  68374 1001      20   0 1331628 359816  46872 S 288.0   2.2   4:56.44 application
  68374 1001      20   0 1331628 360080  46872 S 287.1   2.2   4:59.34 application
  68374 1001      20   0 1332652 360872  46872 S 287.0   2.2   5:02.21 application
  68374 1001      20   0 1333676 361400  46872 S 270.0   2.2   5:04.91 application
  68374 1001      20   0 1333676 361928  46872 S 269.0   2.2   5:07.60 application
  68374 1001      20   0 1334700 362456  46872 S 274.0   2.2   5:10.34 application
  68374 1001      20   0 1334700 363248  46872 S 279.0   2.2   5:13.13 application
  68374 1001      20   0 1335724 364040  46872 S 282.0   2.2   5:15.95 application
  68374 1001      20   0 1336748 364568  46872 S 273.0   2.2   5:18.68 application
  68374 1001      20   0 1337