  69015 1001      20   0 3826320 342012  52152 S   0.0   2.1   3:21.71 application
  69015 1001      20   0 3870372 344384  52152 S 268.0   2.1   3:24.39 application
  69015 1001      20   0 3886764 345176  52152 S 377.0   2.1   3:28.16 application
  69015 1001      20   0 3887788 345964  52152 S 377.0   2.1   3:31.93 application
  69015 1001      20   0 3888812 346488  52152 S 377.0   2.1   3:35.70 application
  69015 1001      20   0 3888812 346752  52152 S 376.0   2.1   3:39.46 application
  69015 1001      20   0 3888812 347012  52152 S 375.0   2.1   3:43.21 application
  69015 1001      20   0 3888812 347012  52152 S 377.0   2.1   3:46.98 application
  69015 1001      20   0 3898032 347272  52152 S 378.0   2.1   3:50.76 application
  69015 1001      20   0 3898032 347796  52152 S 368.3   2.1   3:54.48 application
  69015 1001      20   0 3898032 347796  52152 S 376.0   2.1   3:58.24 application
  69015 1001      20   0 3898032 348060  52152 S 375.0   2.1   4:01.99 application
  69015 1001      20   0 4055740 349376  52152 S 377.0   2.1   4:05.76 application
  69015 1001      20   0 4055740 349640  52152 S 378.0   2.1   4:09.54 application
  69015 1001      20   0 4055740 349640  52152 S 374.0   2.1   4:13.28 application
  69015 1001      20   0 4055740 349900  52152 S 377.0   2.1   4:17.05 application
  69015 1001      20   0 4055740 350164  52152 S 376.0   2.1   4:20.81 application
  69015 1001      20   0 4056764 350164  52152 S 375.0   2.1   4:24.56 application
  69015 1001      20   0 4056764 350424  52152 S 373.3   2.1   4:28.33 application
  69015 1001      20   0 4056764 350424  52152 S 376.0   2.1   4:32.09 application
  69015 1001      20   0 4056764 350688  52152 S 376.0   2.2   4:35.85 application
  69015 1001      20   0 4056764 350952  52152 S 376.0   2.2   4:39.61 application
  69015 1001      20   0 4057788 350952  52152 S 377.0   2.2   4:43.38 application
  69015 1001      20   0 4057788 351212  52152 S 378.0   2.2   4:47.16 application
  69015 1001      20   0 4057788 351532  52212 S 377.0   2.2   4:50.93 application
  69015 1001      20   0 4057788 351912  52336 S 377.0   2.2   4:54.70 application
  69015 1001      20   0 4057788 352176  52336 S 377.0   2.2   4:58.47 application
  69015 1001      20   0 4058812 352436  52336 S 377.0   2.2   5:02.24 application
  69015 1001      20   0 4058812 352700  52336 S 375.0   2.2   5:05.99 application
  69015 1001      20   0 4058812 352964  52336 S 372.3   2.2   5:09.75 application
  69015 1001      20   0 4058812 352964  52336 S 378.0   2.2   5:13.53 application
  69015 1001      20   0 4059836 353228  52336 S 376.0   2.2   5:17.29 application
  69015 1001      20   0 4059836 353492  52336 S 377.0   2.2   5:21.06 application
  69015 1001      20   0 4059836 353756  52336 S 376.0   2.2   5:24.82 application
  69015 1001      20   0 4059836 354020  52336 S 379.0   2.2   5:28.61 application
  69015 1001      20   0 4060860 354280  52336 S 377.0   2.2   5:32.38 application
  69015 1001      20   0 4060860 354540  52336 S 376.0   2.2   5:36.14 application
  69015 1001      20   0 4060860 354804  52336 S 377.0   2.2   5:39.91 application
  69015 1001      20   0 4060860 355328  52336 S 377.0   2.2   5:43.68 application
  69015 1001      20   0 4061884 355592  52336 S 373.3   2.2   5:47.45 application
  69015 1001      20   0 4061884 355856  52336 S 376.0   2.2   5:51.21 application
  69015 1001      20   0 4061884 356120  52336 S 377.0   2.2   5:54.98 application
  69015 1001      20   0 4062908 356912  52336 S 377.0   2.2   5:58.75 application
  69015 1001      20   0 4062908 357176  52336 S 379.0   2.2   6:02.54 application
  69015 1001      20   0 4062908 357440  52336 S 376.0   2.2   6:06.30 application
  69015 1001      20   0 4062908 357440  52336 S 377.0   2.2   6:10.07 application
  69015 1001      20   0 4063932 357964  52336 S 378.0   2.2   6:13.85 application
  69015 1001      20   0 4063932 358224  52336 S 376.0   2.2   6:17.61 application
  69015 1001      20   0 4063932 358224  52336 S 374.3   2.2   6:21.39 application
  69015 1001      20   0 4137