  69015 1001      20   0 8927160 578116  53560 S   0.0   3.5  34:39.25 application
  69015 1001      20   0 8927160 578116  53560 S 383.0   3.5  34:43.08 application
  69015 1001      20   0 8927160 578116  53560 S 400.0   3.5  34:47.08 application
  69015 1001      20   0 8927160 578116  53560 S 400.0   3.5  34:51.08 application
  69015 1001      20   0 8927160 578116  53560 S 396.0   3.5  34:55.08 application
  69015 1001      20   0 8927160 578116  53560 S 401.0   3.5  34:59.09 application
  69015 1001      20   0 8927160 578116  53560 S 400.0   3.5  35:03.09 application
  69015 1001      20   0 8927160 578116  53560 S 401.0   3.5  35:07.10 application
  69015 1001      20   0 8927160 578116  53560 S 401.0   3.5  35:11.11 application
  69015 1001      20   0 8927160 578116  53560 S 401.0   3.5  35:15.12 application
  69015 1001      20   0 8927160 578116  53560 S 401.0   3.5  35:19.13 application
  69015 1001      20   0 8927160 578116  53560 S 402.0   3.5  35:23.15 application
  69015 1001      20   0 8927160 578116  53560 S 401.0   3.5  35:27.16 application
  69015 1001      20   0 8927160 578116  53560 S 401.0   3.5  35:31.17 application
  69015 1001      20   0 8927160 578116  53560 S 395.0   3.5  35:35.12 application
  69015 1001      20   0 8927160 578116  53560 S 403.0   3.5  35:39.19 application
  69015 1001      20   0 8927160 578116  53560 S 401.0   3.5  35:43.20 application
  69015 1001      20   0 8927160 578116  53560 S 402.0   3.5  35:47.22 application
  69015 1001      20   0 8927160 578116  53560 S 399.0   3.5  35:51.21 application
  69015 1001      20   0 8927160 578116  53560 S 401.0   3.5  35:55.22 application
  69015 1001      20   0 8927160 578116  53560 S 403.0   3.5  35:59.25 application
  69015 1001      20   0 8927160 578116  53560 S 397.0   3.5  36:03.22 application
  69015 1001      20   0 8927160 578116  53560 S 405.0   3.5  36:07.27 application
  69015 1001      20   0 8927160 578116  53560 S 400.0   3.5  36:11.27 application
  69015 1001      20   0 8927160 578116  53560 S 395.0   3.5  36:15.26 application
  69015 1001      20   0 8927160 578116  53560 S 399.0   3.5  36:19.25 application
  69015 1001      20   0 8927160 578116  53560 S 398.0   3.5  36:23.23 application
  69015 1001      20   0 8927160 578116  53560 S 404.0   3.5  36:27.27 application
  69015 1001      20   0 8927160 578116  53560 S 402.0   3.5  36:31.29 application
  69015 1001      20   0 8927160 578116  53560 S 401.0   3.5  36:35.30 application
  69015 1001      20   0 8927160 578116  53560 S 400.0   3.5  36:39.30 application
  69015 1001      20   0 8927160 578116  53560 S 401.0   3.5  36:43.31 application
  69015 1001      20   0 8927160 578116  53560 S 405.0   3.5  36:47.36 application
  69015 1001      20   0 8927160 578116  53560 S 394.0   3.5  36:51.30 application
  69015 1001      20   0 8927160 578116  53560 S 406.0   3.5  36:55.36 application
  69015 1001      20   0 8927160 578116  53560 S 396.0   3.5  36:59.36 application
  69015 1001      20   0 8927160 578116  53560 S 403.0   3.5  37:03.39 application
  69015 1001      20   0 8927160 578116  53560 S 401.0   3.5  37:07.40 application
  69015 1001      20   0 8927160 578116  53560 S 396.0   3.5  37:11.36 application
  69015 1001      20   0 8927160 578116  53560 S 405.0   3.5  37:15.41 application
  69015 1001      20   0 8927160 578116  53560 S 402.0   3.5  37:19.43 application
  69015 1001      20   0 8927160 578116  53560 S 401.0   3.5  37:23.44 application
  69015 1001      20   0 8927160 578116  53560 S 399.0   3.5  37:27.43 application
  69015 1001      20   0 8927160 578116  53560 S 400.0   3.5  37:31.43 application
  69015 1001      20   0 8927160 578116  53560 S 400.0   3.5  37:35.43 application
  69015 1001      20   0 8927160 578116  53560 S 395.0   3.5  37:39.42 application
  69015 1001      20   0 8927160 578116  53560 S 400.0   3.5  37:43.42 application
  69015 1001      20   0 8927160 578116  53560 S 401.0   3.5  37:47.43 application
  69015 1001      20   0 8927160 578116  53560 S 400.0   3.5  37:51.43 application
  69015 1001      20   0 8927