  68374 1001      20   0 1381804 410828  46936 S   0.0   2.5   8:45.44 application
  68374 1001      20   0 1382828 411620  46936 S 296.0   2.5   8:48.40 application
  68374 1001      20   0 1382828 411884  46936 S 394.0   2.5   8:52.34 application
  68374 1001      20   0 1383852 412148  46936 S 386.0   2.5   8:56.20 application
  68374 1001      20   0 1383852 412940  46936 S 387.0   2.5   9:00.07 application
  68374 1001      20   0 1384876 413468  46936 S 384.0   2.5   9:03.91 application
  68374 1001      20   0 1384876 413996  46936 S 383.0   2.5   9:07.74 application
  68374 1001      20   0 1385900 414260  46936 S 382.0   2.5   9:11.56 application
  68374 1001      20   0 1385900 414260  46936 S 382.0   2.5   9:15.38 application
  68374 1001      20   0 1385900 414788  46936 S 388.1   2.5   9:19.30 application
  68374 1001      20   0 1386924 415580  46936 S 388.0   2.5   9:23.18 application
  68374 1001      20   0 1386924 415844  46936 S 383.0   2.5   9:27.01 application
  68374 1001      20   0 1387948 416636  46936 S 383.0   2.6   9:30.84 application
  68374 1001      20   0 1388972 417428  46936 S 382.0   2.6   9:34.66 application
  68374 1001      20   0 1388972 417692  46936 S 389.0   2.6   9:38.55 application
  68374 1001      20   0 1388972 417692  46936 S 383.0   2.6   9:42.38 application
  68374 1001      20   0 1388972 417692  46936 S 384.0   2.6   9:46.22 application
  68374 1001      20   0 1389996 417956  46936 S 390.0   2.6   9:50.12 application
  68374 1001      20   0 1389996 418484  46936 S 387.1   2.6   9:54.03 application
  68374 1001      20   0 1391020 419012  46936 S 386.0   2.6   9:57.89 application
  68374 1001      20   0 1391020 419540  46936 S 385.0   2.6  10:01.74 application
  68374 1001      20   0 1392044 420596  46936 S 383.0   2.6  10:05.57 application
  68374 1001      20   0 1393068 421124  46936 S 382.0   2.6  10:09.39 application
  68374 1001      20   0 1393068 421916  46936 S 380.0   2.6  10:13.19 application
  68374 1001      20   0 1394092 421916  46936 S 387.0   2.6  10:17.06 application
  68374 1001      20   0 1394092 422180  46936 S 383.0   2.6  10:20.89 application
  68374 1001      20   0 1394092 423236  46936 S 384.0   2.6  10:24.73 application
  68374 1001      20   0 1395116 423764  46936 S 378.0   2.6  10:28.51 application
  68374 1001      20   0 1395116 424028  46936 S 389.0   2.6  10:32.40 application
  68374 1001      20   0 1395116 424028  46936 S 377.2   2.6  10:36.21 application
  68374 1001      20   0 1396140 425084  46936 S 389.0   2.6  10:40.10 application
  68374 1001      20   0 1397164 425612  46936 S 385.0   2.6  10:43.95 application
  68374 1001      20   0 1397164 426140  46936 S 390.0   2.6  10:47.85 application
  68374 1001      20   0 1398188 426668  46936 S 382.0   2.6  10:51.67 application
  68374 1001      20   0 1398188 426668  46936 S 386.0   2.6  10:55.53 application
  68374 1001      20   0 1398188 426668  46936 S 386.0   2.6  10:59.39 application
  68374 1001      20   0 1399212 427460  46936 S 387.0   2.6  11:03.26 application
  68374 1001      20   0 1399212 427724  46936 S 389.0   2.6  11:07.15 application
  68374 1001      20   0 1399212 427988  46936 S 384.0   2.6  11:10.99 application
  68374 1001      20   0 1400236 428780  46936 S 386.1   2.6  11:14.89 application
  68374 1001      20   0 1401260 429572  46936 S 383.0   2.6  11:18.72 application
  68374 1001      20   0 1401260 429836  46936 S 379.0   2.6  11:22.51 application
  68374 1001      20   0 1401260 429836  46936 S 390.0   2.6  11:26.41 application
  68374 1001      20   0 1402284 430364  46936 S 386.0   2.6  11:30.27 application
  68374 1001      20   0 1402284 430628  46936 S 385.0   2.6  11:34.12 application
  68374 1001      20   0 1402284 431156  46936 S 392.0   2.6  11:38.04 application
  68374 1001      20   0 1403308 431420  46936 S 385.0   2.6  11:41.89 application
  68374 1001      20   0 1403308 432212  46936 S 379.0   2.7  11:45.68 application
  68374 1001      20   0 1404332 432740  46936 S 381.2   2.7  11:49.53 application
  68374 1001      20   0 1404