  69015 1001      20   0 6394644 412804  52532 S 125.0   2.5  14:39.98 application
  69015 1001      20   0 6388496 414800  52532 S 403.0   2.5  14:44.01 application
  69015 1001      20   0 6389520 415856  52532 S 400.0   2.5  14:48.01 application
  69015 1001      20   0 6389520 416120  52532 S 401.0   2.6  14:52.02 application
  69015 1001      20   0 6389520 416384  52532 S 400.0   2.6  14:56.02 application
  69015 1001      20   0 6431524 416644  52532 S 399.0   2.6  15:00.01 application
  69015 1001      20   0 6433572 418732  52532 S 400.0   2.6  15:04.01 application
  69015 1001      20   0 6433572 418996  52532 S 400.0   2.6  15:08.01 application
  69015 1001      20   0 6433572 419520  52532 S 397.0   2.6  15:12.02 application
  69015 1001      20   0 6434596 419780  52532 S 402.0   2.6  15:16.04 application
  69015 1001      20   0 6434596 420304  52532 S 401.0   2.6  15:20.05 application
  69015 1001      20   0 6435620 420828  52532 S 401.0   2.6  15:24.06 application
  69015 1001      20   0 6443816 420828  52532 S 401.0   2.6  15:28.07 application
  69015 1001      20   0 6444840 421524  52532 S 401.0   2.6  15:32.08 application
  69015 1001      20   0 6444840 422052  52532 S 402.0   2.6  15:36.10 application
  69015 1001      20   0 6445864 422316  52532 S 400.0   2.6  15:40.10 application
  69015 1001      20   0 6445864 422580  52532 S 402.0   2.6  15:44.12 application
  69015 1001      20   0 6455084 423372  52532 S 401.0   2.6  15:48.13 application
  69015 1001      20   0 6455084 423900  52532 S 397.0   2.6  15:52.14 application
  69015 1001      20   0 6456108 424164  52532 S 400.0   2.6  15:56.14 application
  69015 1001      20   0 6456108 424688  52532 S 403.0   2.6  16:00.17 application
  69015 1001      20   0 6457132 425216  52532 S 401.0   2.6  16:04.18 application
  69015 1001      20   0 6457132 425216  52532 S 401.0   2.6  16:08.19 application
  69015 1001      20   0 6457132 425744  52532 S 401.0   2.6  16:12.20 application
  69015 1001      20   0 6458156 426008  52532 S 401.0   2.6  16:16.21 application
  69015 1001      20   0 6458156 426536  52532 S 401.0   2.6  16:20.22 application
  69015 1001      20   0 6458156 426800  52532 S 401.0   2.6  16:24.23 application
  69015 1001      20   0 6459180 427328  52532 S 397.0   2.6  16:28.24 application
  69015 1001      20   0 6459180 427328  52532 S 402.0   2.6  16:32.26 application
  69015 1001      20   0 6459180 427328  52532 S 402.0   2.6  16:36.28 application
  69015 1001      20   0 6460204 427856  52532 S 397.0   2.6  16:40.25 application
  69015 1001      20   0 6460204 428120  52532 S 403.0   2.6  16:44.28 application
  69015 1001      20   0 6460204 428644  52532 S 399.0   2.6  16:48.27 application
  69015 1001      20   0 6461228 429436  52532 S 399.0   2.6  16:52.26 application
  69015 1001      20   0 6461228 429436  52532 S 401.0   2.6  16:56.27 application
  69015 1001      20   0 6462252 430224  52532 S 405.0   2.6  17:00.32 application
  69015 1001      20   0 6462252 430488  52532 S 398.0   2.6  17:04.30 application
  69015 1001      20   0 6463276 431012  52532 S 400.0   2.6  17:08.30 application
  69015 1001      20   0 6463276 431276  52532 S 396.0   2.6  17:12.30 application
  69015 1001      20   0 6464300 431804  52532 S 400.0   2.6  17:16.30 application
  69015 1001      20   0 6464300 432068  52532 S 401.0   2.6  17:20.31 application
  69015 1001      20   0 6464300 432328  52532 S 400.0   2.7  17:24.31 application
  69015 1001      20   0 6465324 432592  52532 S 401.0   2.7  17:28.32 application
  69015 1001      20   0 6465324 432856  52532 S 398.0   2.7  17:32.30 application
  69015 1001      20   0 6465324 433116  52532 S 401.0   2.7  17:36.31 application
  69015 1001      20   0 6466348 433644  52532 S 401.0   2.7  17:40.32 application
  69015 1001      20   0 6466348 433908  52532 S 402.0   2.7  17:44.34 application
  69015 1001      20   0 6467372 434492  52532 S 399.0   2.7  17:48.33 application
  69015 1001      20   0 6467372 434492  52532 S 397.0   2.7  17:52.34 application
  69015 1001      20   0 6468