  68374 1001      20   0 1544620 574608  48028 S 206.7   3.5  36:13.68 application
  68374 1001      20   0 1544620 574608  48028 S 411.0   3.5  36:17.79 application
  68374 1001      20   0 1544620 574608  48028 S 399.0   3.5  36:21.78 application
  68374 1001      20   0 1544620 574608  48028 S 401.0   3.5  36:25.79 application
  68374 1001      20   0 1544620 574608  48028 S 400.0   3.5  36:29.79 application
  68374 1001      20   0 1544620 574608  48028 S 401.0   3.5  36:33.80 application
  68374 1001      20   0 1544620 574608  48028 S 398.0   3.5  36:37.82 application
  68374 1001      20   0 1544620 574608  48028 S 401.0   3.5  36:41.83 application
  68374 1001      20   0 1544620 574608  48028 S 399.0   3.5  36:45.82 application
  68374 1001      20   0 1544620 574608  48028 S 401.0   3.5  36:49.83 application
  68374 1001      20   0 1544620 574608  48028 S 400.0   3.5  36:53.83 application
  68374 1001      20   0 1544620 574608  48028 S 401.0   3.5  36:57.84 application
  68374 1001      20   0 1544620 574608  48028 S 398.0   3.5  37:01.82 application
  68374 1001      20   0 1544620 574608  48028 S 402.0   3.5  37:05.84 application
  68374 1001      20   0 1544620 574608  48028 S 402.0   3.5  37:09.86 application
  68374 1001      20   0 1544620 574608  48028 S 399.0   3.5  37:13.85 application
  68374 1001      20   0 1544620 574608  48028 S 401.0   3.5  37:17.86 application
  68374 1001      20   0 1544620 574608  48028 S 395.0   3.5  37:21.85 application
  68374 1001      20   0 1544620 574608  48028 S 400.0   3.5  37:25.85 application
  68374 1001      20   0 1544620 574608  48028 S 401.0   3.5  37:29.86 application
  68374 1001      20   0 1544620 574608  48028 S 401.0   3.5  37:33.87 application
  68374 1001      20   0 1544620 574608  48028 S 400.0   3.5  37:37.87 application
  68374 1001      20   0 1544620 574608  48028 S 402.0   3.5  37:41.89 application
  68374 1001      20   0 1544620 574608  48028 S 399.0   3.5  37:45.88 application
  68374 1001      20   0 1544620 574608  48028 S 400.0   3.5  37:49.88 application
  68374 1001      20   0 1544620 574608  48028 S 400.0   3.5  37:53.88 application
  68374 1001      20   0 1544620 574608  48028 S 400.0   3.5  37:57.88 application
  68374 1001      20   0 1544620 574608  48028 S 397.0   3.5  38:01.89 application
  68374 1001      20   0 1544620 574608  48028 S 399.0   3.5  38:05.88 application
  68374 1001      20   0 1544620 574608  48028 S 400.0   3.5  38:09.88 application
  68374 1001      20   0 1544620 574608  48028 S 401.0   3.5  38:13.89 application
  68374 1001      20   0 1544620 574608  48028 S 400.0   3.5  38:17.89 application
  68374 1001      20   0 1544620 574608  48028 S 399.0   3.5  38:21.88 application
  68374 1001      20   0 1544620 574608  48028 S 401.0   3.5  38:25.89 application
  68374 1001      20   0 1544620 574608  48028 S 399.0   3.5  38:29.88 application
  68374 1001      20   0 1544620 574608  48028 S 397.0   3.5  38:33.89 application
  68374 1001      20   0 1544620 574608  48028 S 399.0   3.5  38:37.88 application
  68374 1001      20   0 1544620 574608  48028 S 400.0   3.5  38:41.88 application
  68374 1001      20   0 1544620 574608  48028 S 400.0   3.5  38:45.88 application
  68374 1001      20   0 1544620 574608  48028 S 401.0   3.5  38:49.89 application
  68374 1001      20   0 1544620 574608  48028 S 400.0   3.5  38:53.89 application
  68374 1001      20   0 1544620 574608  48028 S 400.0   3.5  38:57.89 application
  68374 1001      20   0 1544620 574608  48028 S 400.0   3.5  39:01.89 application
  68374 1001      20   0 1544620 574608  48028 S 395.0   3.5  39:05.88 application
  68374 1001      20   0 1544620 574608  48028 S 400.0   3.5  39:09.88 application
  68374 1001      20   0 1544620 574608  48028 S 401.0   3.5  39:13.89 application
  68374 1001      20   0 1544620 574608  48028 S 400.0   3.5  39:17.89 application
  68374 1001      20   0 1544620 574608  48028 S 399.0   3.5  39:21.88 application
  68374 1001      20   0 1544620 574608  48028 S 401.0   3.5  39:25.89 application
  68374 1001      20   0 1544