  69015 1001      20   0 6473516 440288  52532 S   0.0   2.7  18:39.66 application
  69015 1001      20   0 6474540 441608  52532 S 388.0   2.7  18:43.54 application
  69015 1001      20   0 6474540 441872  52532 S 400.0   2.7  18:47.54 application
  69015 1001      20   0 6475564 442660  52532 S 401.0   2.7  18:51.55 application
  69015 1001      20   0 6475564 443188  52532 S 400.0   2.7  18:55.55 application
  69015 1001      20   0 6476588 443716  52532 S 400.0   2.7  18:59.55 application
  69015 1001      20   0 6476588 444244  52532 S 400.0   2.7  19:03.55 application
  69015 1001      20   0 6477612 445032  52532 S 397.0   2.7  19:07.56 application
  69015 1001      20   0 6478636 445824  52532 S 401.0   2.7  19:11.57 application
  69015 1001      20   0 6479660 446880  52532 S 401.0   2.7  19:15.58 application
  69015 1001      20   0 6479660 447144  52532 S 401.0   2.7  19:19.59 application
  69015 1001      20   0 6479660 447408  52532 S 401.0   2.7  19:23.60 application
  69015 1001      20   0 6513468 447672  52532 S 401.0   2.7  19:27.61 application
  69015 1001      20   0 6514492 449520  52532 S 401.0   2.8  19:31.62 application
  69015 1001      20   0 6515516 450044  52532 S 402.0   2.8  19:35.64 application
  69015 1001      20   0 6516540 450572  52532 S 401.0   2.8  19:39.65 application
  69015 1001      20   0 6516540 451364  52532 S 400.0   2.8  19:43.65 application
  69015 1001      20   0 6517564 451892  52532 S 398.0   2.8  19:47.67 application
  69015 1001      20   0 6518588 452420  52532 S 400.0   2.8  19:51.67 application
  69015 1001      20   0 6666052 452948  52532 S 403.0   2.8  19:55.70 application
  69015 1001      20   0 6667076 454004  52532 S 400.0   2.8  19:59.70 application
  69015 1001      20   0 6668100 454528  52532 S 402.0   2.8  20:03.72 application
  69015 1001      20   0 6668100 455052  52532 S 399.0   2.8  20:07.71 application
  69015 1001      20   0 6669124 455576  52532 S 402.0   2.8  20:11.73 application
  69015 1001      20   0 6671172 456364  52532 S 401.0   2.8  20:15.74 application
  69015 1001      20   0 6671172 457948  52532 S 401.0   2.8  20:19.75 application
  69015 1001      20   0 6671172 458212  52532 S 400.0   2.8  20:23.75 application
  69015 1001      20   0 6671172 458212  52532 S 397.0   2.8  20:27.76 application
  69015 1001      20   0 6672196 458740  52532 S 401.0   2.8  20:31.77 application
  69015 1001      20   0 6672196 459268  52532 S 402.0   2.8  20:35.79 application
  69015 1001      20   0 6673220 459796  52532 S 395.0   2.8  20:39.74 application
  69015 1001      20   0 6674244 461112  52532 S 404.0   2.8  20:43.78 application
  69015 1001      20   0 6675268 461900  52532 S 399.0   2.8  20:47.77 application
  69015 1001      20   0 6675268 462164  52532 S 408.0   2.8  20:51.85 application
  69015 1001      20   0 6676292 462956  52532 S 401.0   2.8  20:55.86 application
  69015 1001      20   0 6677316 463476  52532 S 399.0   2.8  20:59.85 application
  69015 1001      20   0 6677316 464000  52532 S 400.0   2.8  21:03.89 application
  69015 1001      20   0 6678340 464792  52532 S 398.0   2.8  21:07.87 application
  69015 1001      20   0 6679364 465848  52532 S 403.0   2.9  21:11.90 application
  69015 1001      20   0 6679364 466372  52532 S 398.0   2.9  21:15.88 application
  69015 1001      20   0 6680388 467164  52532 S 402.0   2.9  21:19.90 application
  69015 1001      20   0 6828876 467692  52532 S 401.0   2.9  21:23.91 application
  69015 1001      20   0 6829900 469012  52532 S 401.0   2.9  21:27.92 application
  69015 1001      20   0 6904656 470068  52532 S 401.0   2.9  21:31.93 application
  69015 1001      20   0 6905680 471124  52532 S 402.0   2.9  21:35.95 application
  69015 1001      20   0 6905680 471648  52532 S 399.0   2.9  21:39.94 application
  69015 1001      20   0 6906704 472440  52532 S 397.0   2.9  21:43.91 application
  69015 1001      20   0 6906704 472968  52532 S 398.0   2.9  21:47.93 application
  69015 1001      20   0 6907728 473496  52532 S 402.0   2.9  21:51.95 application
  69015 1001      20   0 6907