Running 1m test @ http://erik-pc.local:8080/greeting/Bob
  4 threads and 100 connections
  Thread calibration: mean lat.: 157.571ms, rate sampling interval: 594ms
  Thread calibration: mean lat.: 124.243ms, rate sampling interval: 518ms
  Thread calibration: mean lat.: 111.121ms, rate sampling interval: 404ms
  Thread calibration: mean lat.: 85.920ms, rate sampling interval: 331ms
  Thread Stats   Avg      Stdev     Max   +/- Stdev
    Latency   955.88ms  431.04ms   2.27s    68.94%
    Req/Sec    34.39k     1.52k   38.60k    70.35%
  Latency Distribution (HdrHistogram - Recorded Latency)
 50.000%  890.37ms
 75.000%    1.23s 
 90.000%    1.52s 
 99.000%    2.10s 
 99.900%    2.24s 
 99.990%    2.25s 
 99.999%    2.26s 
100.000%    2.27s 

  Detailed Percentile spectrum:
       Value   Percentile   TotalCount 1/(1-Percentile)

     108.351     0.000000            1         1.00
     432.895     0.100000       685959         1.11
     584.703     0.200000      1374178         1.25
     692.735     0.300000      2058664         1.43
     787.455     0.400000      2743286         1.67
     890.367     0.500000      3427201         2.00
     953.343     0.550000      3770987         2.22
    1024.511     0.600000      4113629         2.50
    1087.487     0.650000      4456442         2.86
    1162.239     0.700000      4797913         3.33
    1234.943     0.750000      5144884         4.00
    1279.999     0.775000      5314180         4.44
    1320.959     0.800000      5486354         5.00
    1358.847     0.825000      5654877         5.71
    1407.999     0.850000      5827962         6.67
    1460.223     0.875000      5997430         8.00
    1490.943     0.887500      6085285         8.89
    1517.567     0.900000      6171457        10.00
    1560.575     0.912500      6255660        11.43
    1612.799     0.925000      6340677        13.33
    1690.623     0.937500      6426553        16.00
    1744.895     0.943750      6469271        17.78
    1795.071     0.950000      6511918        20.00
    1845.247     0.956250      6554772        22.86
    1887.231     0.962500      6597335        26.67
    1930.239     0.968750      6640787        32.00
    1954.815     0.971875      6661591        35.56
    1985.535     0.975000      6683382        40.00
    2008.063     0.978125      6704471        45.71
    2035.711     0.981250      6726323        53.33
    2056.191     0.984375      6747854        64.00
    2067.455     0.985938      6758583        71.11
    2078.719     0.987500      6768610        80.00
    2092.031     0.989062      6779783        91.43
    2107.391     0.990625      6790368       106.67
    2140.159     0.992188      6801102       128.00
    2154.495     0.992969      6805971       142.22
    2174.975     0.993750      6811447       160.00
    2193.407     0.994531      6816585       182.86
    2203.647     0.995313      6822264       213.33
    2211.839     0.996094      6828640       256.00
    2213.887     0.996484      6830387       284.44
    2217.983     0.996875      6833991       320.00
    2220.031     0.997266      6835806       365.71
    2224.127     0.997656      6839390       426.67
    2226.175     0.998047      6841101       512.00
    2228.223     0.998242      6842746       568.89
    2230.271     0.998437      6844329       640.00
    2232.319     0.998633      6845770       731.43
    2234.367     0.998828      6847055       853.33
    2236.415     0.999023      6848234      1024.00
    2236.415     0.999121      6848234      1137.78
    2238.463     0.999219      6849312      1280.00
    2240.511     0.999316      6850303      1462.86
    2240.511     0.999414      6850303      1706.67
    2242.559     0.999512      6851089      2048.00
    2242.559     0.999561      6851089      2275.56
    2244.607     0.999609      6851715      2560.00
    2244.607     0.999658      6851715      2925.71
    2246.655     0.999707      6852194      3413.33
    2248.703     0.999756      6852657      4096.00
    2248.703     0.999780      6852657      4551.11
    2250.751     0.999805      6853034      5120.00
    2250.751     0.999829      6853034      5851.43
    2252.799     0.999854      6853316      6826.67
    2252.799     0.999878      6853316      8192.00
    2252.799     0.999890      6853316      9102.22
    2254.847     0.999902      6853512     10240.00
    2254.847     0.999915      6853512     11702.86
    2256.895     0.999927      6853689     13653.33
    2256.895     0.999939      6853689     16384.00
    2256.895     0.999945      6853689     18204.44
    2258.943     0.999951      6853830     20480.00
    2258.943     0.999957      6853830     23405.71
    2258.943     0.999963      6853830     27306.67
    2260.991     0.999969      6853923     32768.00
    2260.991     0.999973      6853923     36408.89
    2260.991     0.999976      6853923     40960.00
    2260.991     0.999979      6853923     46811.43
    2263.039     0.999982      6854016     54613.33
    2263.039     0.999985      6854016     65536.00
    2263.039     0.999986      6854016     72817.78
    2263.039     0.999988      6854016     81920.00
    2263.039     0.999989      6854016     93622.86
    2263.039     0.999991      6854016    109226.67
    2263.039     0.999992      6854016    131072.00
    2263.039     0.999993      6854016    145635.56
    2263.039     0.999994      6854016    163840.00
    2265.087     0.999995      6854038    187245.71
    2265.087     0.999995      6854038    218453.33
    2265.087     0.999996      6854038    262144.00
    2265.087     0.999997      6854038    291271.11
    2265.087     0.999997      6854038    327680.00
    2267.135     0.999997      6854057    374491.43
    2267.135     1.000000      6854057          inf
#[Mean    =      955.878, StdDeviation   =      431.043]
#[Max     =     2265.088, Total count    =      6854057]
#[Buckets =           27, SubBuckets     =         2048]
----------------------------------------------------------
  8205318 requests in 1.00m, 571.24MB read
Requests/sec: 136756.40
Transfer/sec:      9.52MB
