Running 1m test @ http://erik-pc.local:8080/greeting/Bob
  4 threads and 100 connections
  Thread calibration: mean lat.: 1.295ms, rate sampling interval: 10ms
  Thread calibration: mean lat.: 1.315ms, rate sampling interval: 10ms
  Thread calibration: mean lat.: 1.296ms, rate sampling interval: 10ms
  Thread calibration: mean lat.: 1.241ms, rate sampling interval: 10ms
  Thread Stats   Avg      Stdev     Max   +/- Stdev
    Latency     1.29ms  596.66us   5.26ms   65.33%
    Req/Sec    21.09k     1.43k   27.22k    70.95%
  Latency Distribution (HdrHistogram - Recorded Latency)
 50.000%    1.26ms
 75.000%    1.70ms
 90.000%    2.12ms
 99.000%    2.67ms
 99.900%    3.21ms
 99.990%    3.78ms
 99.999%    4.29ms
100.000%    5.26ms

  Detailed Percentile spectrum:
       Value   Percentile   TotalCount 1/(1-Percentile)

       0.103     0.000000            1         1.00
       0.514     0.100000       400092         1.11
       0.738     0.200000       799297         1.25
       0.912     0.300000      1199294         1.43
       1.080     0.400000      1596689         1.67
       1.261     0.500000      1996784         2.00
       1.348     0.550000      2196668         2.22
       1.432     0.600000      2395947         2.50
       1.515     0.650000      2593549         2.86
       1.600     0.700000      2793239         3.33
       1.695     0.750000      2992968         4.00
       1.749     0.775000      3092205         4.44
       1.809     0.800000      3193245         5.00
       1.874     0.825000      3292390         5.71
       1.947     0.850000      3392364         6.67
       2.028     0.875000      3492056         8.00
       2.071     0.887500      3541340         8.89
       2.117     0.900000      3591435        10.00
       2.167     0.912500      3642209        11.43
       2.219     0.925000      3691323        13.33
       2.277     0.937500      3741649        16.00
       2.307     0.943750      3766194        17.78
       2.339     0.950000      3791190        20.00
       2.373     0.956250      3816286        22.86
       2.409     0.962500      3841030        26.67
       2.449     0.968750      3865632        32.00
       2.471     0.971875      3877659        35.56
       2.497     0.975000      3890945        40.00
       2.523     0.978125      3902939        45.71
       2.553     0.981250      3915403        53.33
       2.587     0.984375      3927659        64.00
       2.607     0.985938      3934132        71.11
       2.629     0.987500      3940454        80.00
       2.653     0.989062      3946676        91.43
       2.681     0.990625      3952831       106.67
       2.713     0.992188      3958728       128.00
       2.733     0.992969      3961926       142.22
       2.755     0.993750      3964997       160.00
       2.781     0.994531      3968121       182.86
       2.813     0.995313      3971315       213.33
       2.851     0.996094      3974409       256.00
       2.873     0.996484      3975918       284.44
       2.899     0.996875      3977449       320.00
       2.931     0.997266      3979020       365.71
       2.971     0.997656      3980557       426.67
       3.021     0.998047      3982121       512.00
       3.051     0.998242      3982898       568.89
       3.085     0.998437      3983668       640.00
       3.125     0.998633      3984439       731.43
       3.171     0.998828      3985221       853.33
       3.221     0.999023      3985978      1024.00
       3.249     0.999121      3986386      1137.78
       3.279     0.999219      3986782      1280.00
       3.311     0.999316      3987162      1462.86
       3.347     0.999414      3987538      1706.67
       3.389     0.999512      3987934      2048.00
       3.415     0.999561      3988132      2275.56
       3.443     0.999609      3988325      2560.00
       3.475     0.999658      3988520      2925.71
       3.511     0.999707      3988712      3413.33
       3.551     0.999756      3988904      4096.00
       3.577     0.999780      3989003      4551.11
       3.601     0.999805      3989102      5120.00
       3.633     0.999829      3989194      5851.43
       3.677     0.999854      3989291      6826.67
       3.729     0.999878      3989387      8192.00
       3.751     0.999890      3989436      9102.22
       3.791     0.999902      3989487     10240.00
       3.825     0.999915      3989534     11702.86
       3.857     0.999927      3989584     13653.33
       3.891     0.999939      3989631     16384.00
       3.921     0.999945      3989655     18204.44
       3.943     0.999951      3989680     20480.00
       3.985     0.999957      3989704     23405.71
       4.027     0.999963      3989728     27306.67
       4.069     0.999969      3989753     32768.00
       4.091     0.999973      3989767     36408.89
       4.103     0.999976      3989777     40960.00
       4.131     0.999979      3989790     46811.43
       4.155     0.999982      3989802     54613.33
       4.203     0.999985      3989816     65536.00
       4.227     0.999986      3989822     72817.78
       4.255     0.999988      3989826     81920.00
       4.279     0.999989      3989833     93622.86
       4.307     0.999991      3989838    109226.67
       4.339     0.999992      3989844    131072.00
       4.371     0.999993      3989847    145635.56
       4.395     0.999994      3989850    163840.00
       4.403     0.999995      3989853    187245.71
       4.495     0.999995      3989856    218453.33
       4.571     0.999996      3989859    262144.00
       4.595     0.999997      3989861    291271.11
       4.599     0.999997      3989862    327680.00
       4.687     0.999997      3989864    374491.43
       4.699     0.999998      3989865    436906.67
       4.767     0.999998      3989867    524288.00
       4.839     0.999998      3989868    582542.22
       4.839     0.999998      3989868    655360.00
       4.867     0.999999      3989869    748982.86
       4.951     0.999999      3989870    873813.33
       4.967     0.999999      3989871   1048576.00
       4.967     0.999999      3989871   1165084.44
       4.967     0.999999      3989871   1310720.00
       4.975     0.999999      3989872   1497965.71
       4.975     0.999999      3989872   1747626.67
       5.127     1.000000      3989873   2097152.00
       5.127     1.000000      3989873   2330168.89
       5.127     1.000000      3989873   2621440.00
       5.127     1.000000      3989873   2995931.43
       5.127     1.000000      3989873   3495253.33
       5.263     1.000000      3989874   4194304.00
       5.263     1.000000      3989874          inf
#[Mean    =        1.289, StdDeviation   =        0.597]
#[Max     =        5.260, Total count    =      3989874]
#[Buckets =           27, SubBuckets     =         2048]
----------------------------------------------------------
  4757395 requests in 1.00m, 331.20MB read
Requests/sec:  79291.53
Transfer/sec:      5.52MB
