Running 1m test @ http://erik-pc.local:8080/greeting/Bob
  4 threads and 100 connections
  Thread calibration: mean lat.: 1.199ms, rate sampling interval: 10ms
  Thread calibration: mean lat.: 1.215ms, rate sampling interval: 10ms
  Thread calibration: mean lat.: 1.237ms, rate sampling interval: 10ms
  Thread calibration: mean lat.: 1.219ms, rate sampling interval: 10ms
  Thread Stats   Avg      Stdev     Max   +/- Stdev
    Latency     1.22ms  542.01us   4.82ms   65.59%
    Req/Sec    18.46k     1.27k   23.89k    73.02%
  Latency Distribution (HdrHistogram - Recorded Latency)
 50.000%    1.18ms
 75.000%    1.60ms
 90.000%    1.98ms
 99.000%    2.51ms
 99.900%    3.05ms
 99.990%    3.57ms
 99.999%    4.18ms
100.000%    4.82ms

  Detailed Percentile spectrum:
       Value   Percentile   TotalCount 1/(1-Percentile)

       0.126     0.000000            1         1.00
       0.524     0.100000       349844         1.11
       0.733     0.200000       698947         1.25
       0.893     0.300000      1047746         1.43
       1.033     0.400000      1397252         1.67
       1.177     0.500000      1746478         2.00
       1.251     0.550000      1921253         2.22
       1.328     0.600000      2095086         2.50
       1.411     0.650000      2270115         2.86
       1.500     0.700000      2444301         3.33
       1.595     0.750000      2619393         4.00
       1.645     0.775000      2707142         4.44
       1.698     0.800000      2793605         5.00
       1.758     0.825000      2881599         5.71
       1.824     0.850000      2968244         6.67
       1.898     0.875000      3055643         8.00
       1.937     0.887500      3098510         8.89
       1.980     0.900000      3142981        10.00
       2.024     0.912500      3186377        11.43
       2.071     0.925000      3229896        13.33
       2.123     0.937500      3273718        16.00
       2.151     0.943750      3295620        17.78
       2.181     0.950000      3317597        20.00
       2.213     0.956250      3339445        22.86
       2.247     0.962500      3360299        26.67
       2.289     0.968750      3382907        32.00
       2.311     0.971875      3393479        35.56
       2.335     0.975000      3404266        40.00
       2.361     0.978125      3415132        45.71
       2.391     0.981250      3426029        53.33
       2.427     0.984375      3437082        64.00
       2.447     0.985938      3442405        71.11
       2.469     0.987500      3447592        80.00
       2.495     0.989062      3453112        91.43
       2.527     0.990625      3458675       106.67
       2.567     0.992188      3464151       128.00
       2.589     0.992969      3466689       142.22
       2.617     0.993750      3469405       160.00
       2.651     0.994531      3472220       182.86
       2.691     0.995313      3474916       213.33
       2.741     0.996094      3477627       256.00
       2.769     0.996484      3478989       284.44
       2.801     0.996875      3480341       320.00
       2.833     0.997266      3481717       365.71
       2.869     0.997656      3483024       426.67
       2.909     0.998047      3484421       512.00
       2.931     0.998242      3485097       568.89
       2.955     0.998437      3485784       640.00
       2.981     0.998633      3486426       731.43
       3.013     0.998828      3487113       853.33
       3.051     0.999023      3487793      1024.00
       3.073     0.999121      3488135      1137.78
       3.097     0.999219      3488481      1280.00
       3.123     0.999316      3488814      1462.86
       3.155     0.999414      3489153      1706.67
       3.195     0.999512      3489504      2048.00
       3.215     0.999561      3489661      2275.56
       3.241     0.999609      3489833      2560.00
       3.269     0.999658      3490002      2925.71
       3.305     0.999707      3490174      3413.33
       3.343     0.999756      3490343      4096.00
       3.365     0.999780      3490431      4551.11
       3.399     0.999805      3490517      5120.00
       3.433     0.999829      3490599      5851.43
       3.471     0.999854      3490684      6826.67
       3.519     0.999878      3490771      8192.00
       3.547     0.999890      3490811      9102.22
       3.585     0.999902      3490854     10240.00
       3.615     0.999915      3490895     11702.86
       3.657     0.999927      3490938     13653.33
       3.689     0.999939      3490981     16384.00
       3.715     0.999945      3491002     18204.44
       3.745     0.999951      3491023     20480.00
       3.769     0.999957      3491045     23405.71
       3.825     0.999963      3491066     27306.67
       3.885     0.999969      3491087     32768.00
       3.929     0.999973      3491098     36408.89
       3.949     0.999976      3491108     40960.00
       3.993     0.999979      3491119     46811.43
       4.033     0.999982      3491130     54613.33
       4.053     0.999985      3491140     65536.00
       4.085     0.999986      3491146     72817.78
       4.123     0.999988      3491152     81920.00
       4.175     0.999989      3491156     93622.86
       4.211     0.999991      3491162    109226.67
       4.235     0.999992      3491167    131072.00
       4.247     0.999993      3491170    145635.56
       4.275     0.999994      3491173    163840.00
       4.299     0.999995      3491175    187245.71
       4.327     0.999995      3491178    218453.33
       4.371     0.999996      3491181    262144.00
       4.375     0.999997      3491182    291271.11
       4.379     0.999997      3491183    327680.00
       4.395     0.999997      3491185    374491.43
       4.411     0.999998      3491186    436906.67
       4.419     0.999998      3491188    524288.00
       4.419     0.999998      3491188    582542.22
       4.419     0.999998      3491188    655360.00
       4.791     0.999999      3491189    748982.86
       4.807     0.999999      3491190    873813.33
       4.807     0.999999      3491190   1048576.00
       4.819     0.999999      3491191   1165084.44
       4.819     0.999999      3491191   1310720.00
       4.819     0.999999      3491191   1497965.71
       4.823     0.999999      3491193   1747626.67
       4.823     1.000000      3491193          inf
#[Mean    =        1.223, StdDeviation   =        0.542]
#[Max     =        4.820, Total count    =      3491193]
#[Buckets =           27, SubBuckets     =         2048]
----------------------------------------------------------
  4179249 requests in 1.00m, 290.95MB read
Requests/sec:  69654.27
Transfer/sec:      4.85MB
