Running 1m test @ http://erik-pc.local:8080/greeting/Bob
  4 threads and 100 connections
  Thread calibration: mean lat.: 183.764ms, rate sampling interval: 643ms
  Thread calibration: mean lat.: 190.281ms, rate sampling interval: 741ms
  Thread calibration: mean lat.: 119.319ms, rate sampling interval: 418ms
  Thread calibration: mean lat.: 129.084ms, rate sampling interval: 578ms
  Thread Stats   Avg      Stdev     Max   +/- Stdev
    Latency   881.45ms  420.81ms   2.30s    64.52%
    Req/Sec    34.26k     1.38k   38.97k    67.91%
  Latency Distribution (HdrHistogram - Recorded Latency)
 50.000%  846.85ms
 75.000%    1.17s 
 90.000%    1.48s 
 99.000%    1.96s 
 99.900%    2.20s 
 99.990%    2.28s 
 99.999%    2.30s 
100.000%    2.30s 

  Detailed Percentile spectrum:
       Value   Percentile   TotalCount 1/(1-Percentile)

      59.359     0.000000            1         1.00
     365.311     0.100000       683347         1.11
     486.911     0.200000      1365929         1.25
     607.231     0.300000      2049394         1.43
     720.895     0.400000      2733287         1.67
     846.847     0.500000      3415424         2.00
     901.119     0.550000      3757016         2.22
     956.927     0.600000      4097725         2.50
    1008.127     0.650000      4440236         2.86
    1062.911     0.700000      4784433         3.33
    1170.431     0.750000      5122169         4.00
    1221.631     0.775000      5293219         4.44
    1262.591     0.800000      5464079         5.00
    1311.743     0.825000      5634808         5.71
    1372.159     0.850000      5804815         6.67
    1421.311     0.875000      5975565         8.00
    1448.959     0.887500      6060802         8.89
    1479.679     0.900000      6146582        10.00
    1507.327     0.912500      6231456        11.43
    1538.047     0.925000      6318200        13.33
    1584.127     0.937500      6402331        16.00
    1610.751     0.943750      6444437        17.78
    1632.255     0.950000      6488201        20.00
    1654.783     0.956250      6530686        22.86
    1688.575     0.962500      6572606        26.67
    1719.295     0.968750      6615498        32.00
    1740.799     0.971875      6636690        35.56
    1779.711     0.975000      6658079        40.00
    1812.479     0.978125      6680137        45.71
    1838.079     0.981250      6700940        53.33
    1892.351     0.984375      6722133        64.00
    1912.831     0.985938      6732642        71.11
    1933.311     0.987500      6743210        80.00
    1954.815     0.989062      6754166        91.43
    1968.127     0.990625      6764641       106.67
    1984.511     0.992188      6775454       128.00
    1995.775     0.992969      6780772       142.22
    2007.039     0.993750      6786257       160.00
    2017.279     0.994531      6791510       182.86
    2028.543     0.995313      6796571       213.33
    2052.095     0.996094      6801898       256.00
    2083.839     0.996484      6804565       284.44
    2105.343     0.996875      6807275       320.00
    2119.679     0.997266      6810359       365.71
    2127.871     0.997656      6812573       426.67
    2138.111     0.998047      6815424       512.00
    2144.255     0.998242      6816822       568.89
    2150.399     0.998437      6817881       640.00
    2168.831     0.998633      6819260       731.43
    2187.263     0.998828      6820647       853.33
    2199.551     0.999023      6822110      1024.00
    2203.647     0.999121      6822674      1137.78
    2207.743     0.999219      6823188      1280.00
    2215.935     0.999316      6824015      1462.86
    2224.127     0.999414      6824568      1706.67
    2236.415     0.999512      6825295      2048.00
    2242.559     0.999561      6825593      2275.56
    2248.703     0.999609      6825943      2560.00
    2254.847     0.999658      6826305      2925.71
    2258.943     0.999707      6826616      3413.33
    2263.039     0.999756      6826864      4096.00
    2267.135     0.999780      6827121      4551.11
    2269.183     0.999805      6827264      5120.00
    2271.231     0.999829      6827401      5851.43
    2273.279     0.999854      6827559      6826.67
    2275.327     0.999878      6827696      8192.00
    2277.375     0.999890      6827833      9102.22
    2279.423     0.999902      6827941     10240.00
    2279.423     0.999915      6827941     11702.86
    2281.471     0.999927      6828036     13653.33
    2283.519     0.999939      6828135     16384.00
    2285.567     0.999945      6828228     18204.44
    2285.567     0.999951      6828228     20480.00
    2287.615     0.999957      6828319     23405.71
    2287.615     0.999963      6828319     27306.67
    2287.615     0.999969      6828319     32768.00
    2289.663     0.999973      6828366     36408.89
    2289.663     0.999976      6828366     40960.00
    2291.711     0.999979      6828395     46811.43
    2293.759     0.999982      6828421     54613.33
    2293.759     0.999985      6828421     65536.00
    2295.807     0.999986      6828447     72817.78
    2295.807     0.999988      6828447     81920.00
    2297.855     0.999989      6828481     93622.86
    2297.855     0.999991      6828481    109226.67
    2297.855     0.999992      6828481    131072.00
    2297.855     0.999993      6828481    145635.56
    2297.855     0.999994      6828481    163840.00
    2299.903     0.999995      6828505    187245.71
    2299.903     0.999995      6828505    218453.33
    2299.903     0.999996      6828505    262144.00
    2299.903     0.999997      6828505    291271.11
    2299.903     0.999997      6828505    327680.00
    2299.903     0.999997      6828505    374491.43
    2301.951     0.999998      6828522    436906.67
    2301.951     1.000000      6828522          inf
#[Mean    =      881.446, StdDeviation   =      420.815]
#[Max     =     2299.904, Total count    =      6828522]
#[Buckets =           27, SubBuckets     =         2048]
----------------------------------------------------------
  8191960 requests in 1.00m, 570.31MB read
Requests/sec: 136533.63
Transfer/sec:      9.51MB
