Running 1m test @ http://erik-pc.local:8080/greeting/Bob
  4 threads and 100 connections
  Thread calibration: mean lat.: 1.134ms, rate sampling interval: 10ms
  Thread calibration: mean lat.: 1.175ms, rate sampling interval: 10ms
  Thread calibration: mean lat.: 1.159ms, rate sampling interval: 10ms
  Thread calibration: mean lat.: 1.137ms, rate sampling interval: 10ms
  Thread Stats   Avg      Stdev     Max   +/- Stdev
    Latency     1.18ms  518.40us   9.06ms   64.10%
    Req/Sec    15.83k     1.05k   24.60k    73.84%
  Latency Distribution (HdrHistogram - Recorded Latency)
 50.000%    1.15ms
 75.000%    1.55ms
 90.000%    1.87ms
 99.000%    2.39ms
 99.900%    2.94ms
 99.990%    3.58ms
 99.999%    7.98ms
100.000%    9.06ms

  Detailed Percentile spectrum:
       Value   Percentile   TotalCount 1/(1-Percentile)

       0.117     0.000000            1         1.00
       0.521     0.100000       299342         1.11
       0.683     0.200000       598654         1.25
       0.841     0.300000       898103         1.43
       0.993     0.400000      1198111         1.67
       1.148     0.500000      1497506         2.00
       1.226     0.550000      1647706         2.22
       1.303     0.600000      1796933         2.50
       1.382     0.650000      1945201         2.86
       1.465     0.700000      2095409         3.33
       1.553     0.750000      2244851         4.00
       1.599     0.775000      2320641         4.44
       1.647     0.800000      2395498         5.00
       1.697     0.825000      2469259         5.71
       1.750     0.850000      2544063         6.67
       1.809     0.875000      2619189         8.00
       1.841     0.887500      2656906         8.89
       1.874     0.900000      2694066        10.00
       1.910     0.912500      2731076        11.43
       1.949     0.925000      2768289        13.33
       1.993     0.937500      2805505        16.00
       2.018     0.943750      2824545        17.78
       2.044     0.950000      2843203        20.00
       2.073     0.956250      2862205        22.86
       2.105     0.962500      2880659        26.67
       2.145     0.968750      2899852        32.00
       2.167     0.971875      2908892        35.56
       2.191     0.975000      2917716        40.00
       2.221     0.978125      2927440        45.71
       2.255     0.981250      2936805        53.33
       2.295     0.984375      2945938        64.00
       2.319     0.985938      2950692        71.11
       2.345     0.987500      2955389        80.00
       2.373     0.989062      2959814        91.43
       2.407     0.990625      2964598       106.67
       2.447     0.992188      2969172       128.00
       2.471     0.992969      2971479       142.22
       2.501     0.993750      2973865       160.00
       2.535     0.994531      2976146       182.86
       2.579     0.995313      2978563       213.33
       2.627     0.996094      2980867       256.00
       2.653     0.996484      2981992       284.44
       2.681     0.996875      2983192       320.00
       2.713     0.997266      2984375       365.71
       2.747     0.997656      2985531       426.67
       2.787     0.998047      2986668       512.00
       2.811     0.998242      2987249       568.89
       2.837     0.998437      2987824       640.00
       2.869     0.998633      2988447       731.43
       2.903     0.998828      2989006       853.33
       2.943     0.999023      2989587      1024.00
       2.963     0.999121      2989881      1137.78
       2.987     0.999219      2990181      1280.00
       3.011     0.999316      2990454      1462.86
       3.039     0.999414      2990746      1706.67
       3.073     0.999512      2991054      2048.00
       3.091     0.999561      2991182      2275.56
       3.121     0.999609      2991335      2560.00
       3.145     0.999658      2991479      2925.71
       3.179     0.999707      2991623      3413.33
       3.231     0.999756      2991767      4096.00
       3.265     0.999780      2991840      4551.11
       3.307     0.999805      2991913      5120.00
       3.349     0.999829      2991986      5851.43
       3.403     0.999854      2992060      6826.67
       3.471     0.999878      2992133      8192.00
       3.507     0.999890      2992169      9102.22
       3.601     0.999902      2992205     10240.00
       3.709     0.999915      2992242     11702.86
       3.833     0.999927      2992278     13653.33
       4.099     0.999939      2992315     16384.00
       4.251     0.999945      2992333     18204.44
       4.699     0.999951      2992351     20480.00
       5.263     0.999957      2992370     23405.71
       6.135     0.999963      2992388     27306.67
       6.407     0.999969      2992406     32768.00
       6.619     0.999973      2992415     36408.89
       6.759     0.999976      2992424     40960.00
       7.483     0.999979      2992434     46811.43
       7.591     0.999982      2992443     54613.33
       7.715     0.999985      2992452     65536.00
       7.775     0.999986      2992456     72817.78
       7.903     0.999988      2992461     81920.00
       7.975     0.999989      2992466     93622.86
       8.023     0.999991      2992470    109226.67
       8.239     0.999992      2992475    131072.00
       8.271     0.999993      2992477    145635.56
       8.295     0.999994      2992479    163840.00
       8.351     0.999995      2992482    187245.71
       8.407     0.999995      2992484    218453.33
       8.535     0.999996      2992486    262144.00
       8.591     0.999997      2992487    291271.11
       8.655     0.999997      2992488    327680.00
       8.695     0.999997      2992490    374491.43
       8.719     0.999998      2992491    436906.67
       8.727     0.999998      2992492    524288.00
       8.727     0.999998      2992492    582542.22
       8.743     0.999998      2992493    655360.00
       8.767     0.999999      2992494    748982.86
       8.767     0.999999      2992494    873813.33
       8.815     0.999999      2992495   1048576.00
       8.815     0.999999      2992495   1165084.44
       8.815     0.999999      2992495   1310720.00
       8.951     0.999999      2992496   1497965.71
       8.951     0.999999      2992496   1747626.67
       8.951     1.000000      2992496   2097152.00
       8.951     1.000000      2992496   2330168.89
       8.951     1.000000      2992496   2621440.00
       9.063     1.000000      2992497   2995931.43
       9.063     1.000000      2992497          inf
#[Mean    =        1.176, StdDeviation   =        0.518]
#[Max     =        9.056, Total count    =      2992497]
#[Buckets =           27, SubBuckets     =         2048]
----------------------------------------------------------
  3596371 requests in 1.00m, 250.37MB read
Requests/sec:  59938.87
Transfer/sec:      4.17MB
