Running 1m test @ http://erik-pc.local:8080/greeting/Bob
  4 threads and 100 connections
  Thread calibration: mean lat.: 7.464ms, rate sampling interval: 41ms
  Thread calibration: mean lat.: 7.856ms, rate sampling interval: 43ms
  Thread calibration: mean lat.: 7.948ms, rate sampling interval: 43ms
  Thread calibration: mean lat.: 7.212ms, rate sampling interval: 41ms
  Thread Stats   Avg      Stdev     Max   +/- Stdev
    Latency    10.13ms    9.25ms  57.31ms   68.62%
    Req/Sec    30.36k    11.20k   63.08k    59.11%
  Latency Distribution (HdrHistogram - Recorded Latency)
 50.000%    7.65ms
 75.000%   17.41ms
 90.000%   24.00ms
 99.000%   32.05ms
 99.900%   40.42ms
 99.990%   49.12ms
 99.999%   54.21ms
100.000%   57.34ms

  Detailed Percentile spectrum:
       Value   Percentile   TotalCount 1/(1-Percentile)

       0.102     0.000000            1         1.00
       0.813     0.100000       599257         1.11
       1.292     0.200000      1196944         1.25
       1.897     0.300000      1795555         1.43
       3.561     0.400000      2393818         1.67
       7.651     0.500000      2992268         2.00
       9.647     0.550000      3292302         2.22
      11.599     0.600000      3591612         2.50
      13.519     0.650000      3890341         2.86
      15.447     0.700000      4190217         3.33
      17.407     0.750000      4490299         4.00
      18.399     0.775000      4638200         4.44
      19.439     0.800000      4789836         5.00
      20.495     0.825000      4938541         5.71
      21.599     0.850000      5088351         6.67
      22.751     0.875000      5236632         8.00
      23.375     0.887500      5312712         8.89
      23.999     0.900000      5386247        10.00
      24.671     0.912500      5461573        11.43
      25.391     0.925000      5536977        13.33
      26.159     0.937500      5610754        16.00
      26.591     0.943750      5649219        17.78
      27.039     0.950000      5686335        20.00
      27.519     0.956250      5723564        22.86
      28.047     0.962500      5760688        26.67
      28.639     0.968750      5797978        32.00
      28.975     0.971875      5816799        35.56
      29.327     0.975000      5834859        40.00
      29.743     0.978125      5853846        45.71
      30.207     0.981250      5872534        53.33
      30.751     0.984375      5891376        64.00
      31.055     0.985938      5900557        71.11
      31.391     0.987500      5909675        80.00
      31.791     0.989062      5919362        91.43
      32.223     0.990625      5928484       106.67
      32.735     0.992188      5937751       128.00
      33.055     0.992969      5942418       142.22
      33.407     0.993750      5947107       160.00
      33.823     0.994531      5951804       182.86
      34.335     0.995313      5956619       213.33
      34.943     0.996094      5961212       256.00
      35.327     0.996484      5963610       284.44
      35.743     0.996875      5965814       320.00
      36.255     0.997266      5968198       365.71
      36.831     0.997656      5970466       426.67
      37.567     0.998047      5972806       512.00
      38.015     0.998242      5973988       568.89
      38.527     0.998437      5975175       640.00
      39.103     0.998633      5976310       731.43
      39.775     0.998828      5977469       853.33
      40.543     0.999023      5978668      1024.00
      40.959     0.999121      5979242      1137.78
      41.439     0.999219      5979813      1280.00
      42.015     0.999316      5980375      1462.86
      42.687     0.999414      5980969      1706.67
      43.423     0.999512      5981545      2048.00
      43.871     0.999561      5981851      2275.56
      44.319     0.999609      5982133      2560.00
      44.799     0.999658      5982420      2925.71
      45.375     0.999707      5982715      3413.33
      46.047     0.999756      5983009      4096.00
      46.431     0.999780      5983167      4551.11
      46.815     0.999805      5983295      5120.00
      47.295     0.999829      5983448      5851.43
      47.807     0.999854      5983591      6826.67
      48.447     0.999878      5983734      8192.00
      48.799     0.999890      5983806      9102.22
      49.183     0.999902      5983883     10240.00
      49.599     0.999915      5983956     11702.86
      50.047     0.999927      5984027     13653.33
      50.559     0.999939      5984104     16384.00
      50.815     0.999945      5984136     18204.44
      51.071     0.999951      5984174     20480.00
      51.391     0.999957      5984209     23405.71
      51.775     0.999963      5984246     27306.67
      52.255     0.999969      5984284     32768.00
      52.543     0.999973      5984300     36408.89
      52.799     0.999976      5984318     40960.00
      53.055     0.999979      5984337     46811.43
      53.343     0.999982      5984356     54613.33
      53.631     0.999985      5984374     65536.00
      53.727     0.999986      5984381     72817.78
      53.951     0.999988      5984391     81920.00
      54.079     0.999989      5984400     93622.86
      54.367     0.999991      5984410    109226.67
      54.591     0.999992      5984418    131072.00
      54.751     0.999993      5984423    145635.56
      54.943     0.999994      5984428    163840.00
      55.135     0.999995      5984433    187245.71
      55.231     0.999995      5984436    218453.33
      55.455     0.999996      5984441    262144.00
      55.551     0.999997      5984443    291271.11
      55.807     0.999997      5984446    327680.00
      56.127     0.999997      5984448    374491.43
      56.319     0.999998      5984450    436906.67
      56.447     0.999998      5984452    524288.00
      56.607     0.999998      5984453    582542.22
      56.639     0.999998      5984454    655360.00
      56.735     0.999999      5984456    748982.86
      56.799     0.999999      5984457    873813.33
      56.863     0.999999      5984459   1048576.00
      56.863     0.999999      5984459   1165084.44
      56.863     0.999999      5984459   1310720.00
      56.991     0.999999      5984460   1497965.71
      56.991     0.999999      5984460   1747626.67
      57.087     1.000000      5984461   2097152.00
      57.087     1.000000      5984461   2330168.89
      57.087     1.000000      5984461   2621440.00
      57.215     1.000000      5984462   2995931.43
      57.215     1.000000      5984462   3495253.33
      57.215     1.000000      5984462   4194304.00
      57.215     1.000000      5984462   4660337.78
      57.215     1.000000      5984462   5242880.00
      57.343     1.000000      5984463   5991862.86
      57.343     1.000000      5984463          inf
#[Mean    =       10.130, StdDeviation   =        9.252]
#[Max     =       57.312, Total count    =      5984463]
#[Buckets =           27, SubBuckets     =         2048]
----------------------------------------------------------
  7162223 requests in 1.00m, 498.62MB read
Requests/sec: 119372.10
Transfer/sec:      8.31MB
