Running 1m test @ http://erik-pc.local:8080/greeting/Bob
  4 threads and 100 connections
  Thread calibration: mean lat.: 13.519ms, rate sampling interval: 64ms
  Thread calibration: mean lat.: 13.180ms, rate sampling interval: 63ms
  Thread calibration: mean lat.: 13.391ms, rate sampling interval: 64ms
  Thread calibration: mean lat.: 13.552ms, rate sampling interval: 64ms
  Thread Stats   Avg      Stdev     Max   +/- Stdev
    Latency    13.46ms   12.50ms  52.77ms   64.04%
    Req/Sec    12.59k     4.15k   21.48k    57.65%
  Latency Distribution (HdrHistogram - Recorded Latency)
 50.000%   10.34ms
 75.000%   24.21ms
 90.000%   32.21ms
 99.000%   40.42ms
 99.900%   45.25ms
 99.990%   48.83ms
 99.999%   51.04ms
100.000%   52.80ms

  Detailed Percentile spectrum:
       Value   Percentile   TotalCount 1/(1-Percentile)

       0.177     0.000000            1         1.00
       0.810     0.100000       249472         1.11
       1.205     0.200000       498537         1.25
       1.758     0.300000       748086         1.43
       4.271     0.400000       997004         1.67
      10.343     0.500000      1246500         2.00
      13.223     0.550000      1371050         2.22
      16.047     0.600000      1495634         2.50
      18.815     0.650000      1620334         2.86
      21.535     0.700000      1745119         3.33
      24.207     0.750000      1869771         4.00
      25.519     0.775000      1931794         4.44
      26.831     0.800000      1993883         5.00
      28.143     0.825000      2056199         5.71
      29.455     0.850000      2118610         6.67
      30.799     0.875000      2181217         8.00
      31.487     0.887500      2212202         8.89
      32.207     0.900000      2243690        10.00
      32.959     0.912500      2275292        11.43
      33.727     0.925000      2305859        13.33
      34.559     0.937500      2336658        16.00
      35.039     0.943750      2353120        17.78
      35.519     0.950000      2368703        20.00
      35.999     0.956250      2383296        22.86
      36.575     0.962500      2399344        26.67
      37.215     0.968750      2415205        32.00
      37.535     0.971875      2422618        35.56
      37.887     0.975000      2430076        40.00
      38.303     0.978125      2438084        45.71
      38.751     0.981250      2445894        53.33
      39.263     0.984375      2453626        64.00
      39.551     0.985938      2457515        71.11
      39.871     0.987500      2461442        80.00
      40.191     0.989062      2465167        91.43
      40.575     0.990625      2469020       106.67
      41.023     0.992188      2472929       128.00
      41.279     0.992969      2475038       142.22
      41.535     0.993750      2476825       160.00
      41.855     0.994531      2478859       182.86
      42.175     0.995313      2480684       213.33
      42.591     0.996094      2482660       256.00
      42.815     0.996484      2483574       284.44
      43.071     0.996875      2484535       320.00
      43.359     0.997266      2485570       365.71
      43.679     0.997656      2486559       426.67
      43.999     0.998047      2487463       512.00
      44.223     0.998242      2488002       568.89
      44.415     0.998437      2488426       640.00
      44.639     0.998633      2488920       731.43
      44.959     0.998828      2489435       853.33
      45.279     0.999023      2489899      1024.00
      45.471     0.999121      2490130      1137.78
      45.695     0.999219      2490383      1280.00
      45.919     0.999316      2490616      1462.86
      46.175     0.999414      2490868      1706.67
      46.527     0.999512      2491125      2048.00
      46.687     0.999561      2491234      2275.56
      46.879     0.999609      2491349      2560.00
      47.071     0.999658      2491471      2925.71
      47.295     0.999707      2491589      3413.33
      47.583     0.999756      2491715      4096.00
      47.711     0.999780      2491778      4551.11
      47.871     0.999805      2491833      5120.00
      48.127     0.999829      2491903      5851.43
      48.383     0.999854      2491958      6826.67
      48.639     0.999878      2492017      8192.00
      48.767     0.999890      2492051      9102.22
      48.863     0.999902      2492076     10240.00
      49.119     0.999915      2492110     11702.86
      49.311     0.999927      2492137     13653.33
      49.535     0.999939      2492169     16384.00
      49.631     0.999945      2492187     18204.44
      49.695     0.999951      2492199     20480.00
      49.855     0.999957      2492215     23405.71
      50.079     0.999963      2492228     27306.67
      50.239     0.999969      2492244     32768.00
      50.367     0.999973      2492253     36408.89
      50.495     0.999976      2492261     40960.00
      50.591     0.999979      2492267     46811.43
      50.687     0.999982      2492277     54613.33
      50.815     0.999985      2492281     65536.00
      50.943     0.999986      2492286     72817.78
      51.007     0.999988      2492290     81920.00
      51.039     0.999989      2492294     93622.86
      51.071     0.999991      2492298    109226.67
      51.103     0.999992      2492300    131072.00
      51.231     0.999993      2492302    145635.56
      51.295     0.999994      2492304    163840.00
      51.519     0.999995      2492306    187245.71
      51.615     0.999995      2492308    218453.33
      51.647     0.999996      2492310    262144.00
      51.679     0.999997      2492311    291271.11
      51.711     0.999997      2492312    327680.00
      51.871     0.999997      2492314    374491.43
      51.871     0.999998      2492314    436906.67
      51.935     0.999998      2492316    524288.00
      51.935     0.999998      2492316    582542.22
      51.935     0.999998      2492316    655360.00
      51.935     0.999999      2492316    748982.86
      52.063     0.999999      2492317    873813.33
      52.063     0.999999      2492317   1048576.00
      52.063     0.999999      2492317   1165084.44
      52.479     0.999999      2492318   1310720.00
      52.479     0.999999      2492318   1497965.71
      52.479     0.999999      2492318   1747626.67
      52.479     1.000000      2492318   2097152.00
      52.479     1.000000      2492318   2330168.89
      52.799     1.000000      2492319   2621440.00
      52.799     1.000000      2492319          inf
#[Mean    =       13.461, StdDeviation   =       12.496]
#[Max     =       52.768, Total count    =      2492319]
#[Buckets =           27, SubBuckets     =         2048]
----------------------------------------------------------
  2995553 requests in 1.00m, 248.54MB read
Requests/sec:  49924.82
Transfer/sec:      4.14MB
