Running 1m test @ http://erik-pc.local:8080/greeting/Bob
  4 threads and 100 connections
  Thread calibration: mean lat.: 1.836ms, rate sampling interval: 10ms
  Thread calibration: mean lat.: 2.147ms, rate sampling interval: 10ms
  Thread calibration: mean lat.: 1.525ms, rate sampling interval: 10ms
  Thread calibration: mean lat.: 1.460ms, rate sampling interval: 10ms
  Thread Stats   Avg      Stdev     Max   +/- Stdev
    Latency     1.74ms    0.86ms   8.46ms   65.63%
    Req/Sec     5.28k   824.44     8.33k    83.71%
  Latency Distribution (HdrHistogram - Recorded Latency)
 50.000%    1.61ms
 75.000%    2.25ms
 90.000%    3.09ms
 99.000%    3.84ms
 99.900%    4.23ms
 99.990%    4.66ms
 99.999%    6.65ms
100.000%    8.46ms

  Detailed Percentile spectrum:
       Value   Percentile   TotalCount 1/(1-Percentile)

       0.188     0.000000            1         1.00
       0.734     0.100000        99816         1.11
       0.952     0.200000       199853         1.25
       1.155     0.300000       299627         1.43
       1.371     0.400000       399311         1.67
       1.611     0.500000       498871         2.00
       1.731     0.550000       549061         2.22
       1.848     0.600000       598505         2.50
       1.969     0.650000       648514         2.86
       2.097     0.700000       698449         3.33
       2.251     0.750000       748136         4.00
       2.351     0.775000       773219         4.44
       2.481     0.800000       798144         5.00
       2.641     0.825000       822990         5.71
       2.803     0.850000       847929         6.67
       2.949     0.875000       873134         8.00
       3.019     0.887500       885595         8.89
       3.087     0.900000       897885        10.00
       3.157     0.912500       910489        11.43
       3.229     0.925000       922708        13.33
       3.309     0.937500       935320        16.00
       3.353     0.943750       941646        17.78
       3.397     0.950000       947756        20.00
       3.447     0.956250       953889        22.86
       3.499     0.962500       960305        26.67
       3.553     0.968750       966536        32.00
       3.581     0.971875       969458        35.56
       3.615     0.975000       972655        40.00
       3.651     0.978125       975815        45.71
       3.689     0.981250       978895        53.33
       3.735     0.984375       982012        64.00
       3.759     0.985938       983496        71.11
       3.787     0.987500       985119        80.00
       3.815     0.989062       986634        91.43
       3.849     0.990625       988225       106.67
       3.885     0.992188       989779       128.00
       3.905     0.992969       990542       142.22
       3.925     0.993750       991267       160.00
       3.951     0.994531       992062       182.86
       3.979     0.995313       992865       213.33
       4.009     0.996094       993625       256.00
       4.027     0.996484       994025       284.44
       4.045     0.996875       994402       320.00
       4.067     0.997266       994787       365.71
       4.093     0.997656       995167       426.67
       4.123     0.998047       995594       512.00
       4.139     0.998242       995748       568.89
       4.159     0.998437       995941       640.00
       4.179     0.998633       996139       731.43
       4.207     0.998828       996344       853.33
       4.235     0.999023       996527      1024.00
       4.251     0.999121       996630      1137.78
       4.271     0.999219       996726      1280.00
       4.291     0.999316       996822      1462.86
       4.319     0.999414       996929      1706.67
       4.343     0.999512       997022      2048.00
       4.359     0.999561       997064      2275.56
       4.379     0.999609       997122      2560.00
       4.391     0.999658       997159      2925.71
       4.415     0.999707       997210      3413.33
       4.447     0.999756       997256      4096.00
       4.467     0.999780       997282      4551.11
       4.483     0.999805       997306      5120.00
       4.507     0.999829       997329      5851.43
       4.547     0.999854       997355      6826.67
       4.603     0.999878       997379      8192.00
       4.631     0.999890       997389      9102.22
       4.675     0.999902       997401     10240.00
       4.751     0.999915       997414     11702.86
       4.823     0.999927       997426     13653.33
       4.895     0.999939       997438     16384.00
       4.955     0.999945       997444     18204.44
       5.171     0.999951       997450     20480.00
       5.319     0.999957       997456     23405.71
       5.711     0.999963       997462     27306.67
       5.895     0.999969       997469     32768.00
       5.959     0.999973       997471     36408.89
       6.031     0.999976       997474     40960.00
       6.071     0.999979       997477     46811.43
       6.151     0.999982       997480     54613.33
       6.383     0.999985       997483     65536.00
       6.435     0.999986       997485     72817.78
       6.479     0.999988       997486     81920.00
       6.651     0.999989       997488     93622.86
       7.011     0.999991       997489    109226.67
       7.435     0.999992       997491    131072.00
       7.507     0.999993       997492    145635.56
       7.507     0.999994       997492    163840.00
       7.555     0.999995       997493    187245.71
       7.563     0.999995       997494    218453.33
       7.583     0.999996       997495    262144.00
       7.583     0.999997       997495    291271.11
       7.583     0.999997       997495    327680.00
       7.807     0.999997       997496    374491.43
       7.807     0.999998       997496    436906.67
       8.415     0.999998       997497    524288.00
       8.415     0.999998       997497    582542.22
       8.415     0.999998       997497    655360.00
       8.415     0.999999       997497    748982.86
       8.415     0.999999       997497    873813.33
       8.463     0.999999       997498   1048576.00
       8.463     1.000000       997498          inf
#[Mean    =        1.743, StdDeviation   =        0.864]
#[Max     =        8.456, Total count    =       997498]
#[Buckets =           27, SubBuckets     =         2048]
----------------------------------------------------------
  1198817 requests in 1.00m, 83.46MB read
Requests/sec:  19979.73
Transfer/sec:      1.39MB
