Running 1m test @ http://erik-pc.local:8080/greeting/Bob
  4 threads and 100 connections
  Thread calibration: mean lat.: 172.963ms, rate sampling interval: 813ms
  Thread calibration: mean lat.: 157.943ms, rate sampling interval: 683ms
  Thread calibration: mean lat.: 86.717ms, rate sampling interval: 370ms
  Thread calibration: mean lat.: 180.482ms, rate sampling interval: 678ms
  Thread Stats   Avg      Stdev     Max   +/- Stdev
    Latency   303.73ms  285.59ms   1.56s    84.73%
    Req/Sec    16.97k     1.24k   20.36k    71.26%
  Latency Distribution (HdrHistogram - Recorded Latency)
 50.000%  222.85ms
 75.000%  398.59ms
 90.000%  669.70ms
 99.000%    1.32s 
 99.900%    1.46s 
 99.990%    1.52s 
 99.999%    1.55s 
100.000%    1.56s 

  Detailed Percentile spectrum:
       Value   Percentile   TotalCount 1/(1-Percentile)

       0.189     0.000000            1         1.00
      46.239     0.100000       338041         1.11
      77.375     0.200000       676360         1.25
     125.951     0.300000      1014230         1.43
     172.415     0.400000      1352370         1.67
     222.847     0.500000      1690261         2.00
     250.367     0.550000      1859280         2.22
     279.807     0.600000      2028099         2.50
     312.319     0.650000      2197649         2.86
     352.511     0.700000      2365936         3.33
     398.591     0.750000      2534915         4.00
     424.703     0.775000      2619272         4.44
     454.655     0.800000      2703616         5.00
     489.471     0.825000      2788330         5.71
     537.087     0.850000      2872912         6.67
     599.039     0.875000      2957449         8.00
     630.271     0.887500      2999191         8.89
     669.695     0.900000      3041657        10.00
     721.407     0.912500      3084043        11.43
     773.119     0.925000      3125939        13.33
     842.751     0.937500      3168162        16.00
     891.903     0.943750      3189316        17.78
     980.991     0.950000      3210395        20.00
    1052.671     0.956250      3231856        22.86
    1105.919     0.962500      3252959        26.67
    1142.783     0.968750      3273816        32.00
    1159.167     0.971875      3284782        35.56
    1175.551     0.975000      3295197        40.00
    1195.007     0.978125      3305728        45.71
    1220.607     0.981250      3316270        53.33
    1251.327     0.984375      3326606        64.00
    1269.759     0.985938      3332033        71.11
    1288.191     0.987500      3337280        80.00
    1308.671     0.989062      3342535        91.43
    1330.175     0.990625      3347743       106.67
    1350.655     0.992188      3352990       128.00
    1360.895     0.992969      3355710       142.22
    1370.111     0.993750      3358240       160.00
    1380.351     0.994531      3360911       182.86
    1391.615     0.995313      3363622       213.33
    1402.879     0.996094      3366140       256.00
    1409.023     0.996484      3367450       284.44
    1415.167     0.996875      3368804       320.00
    1421.311     0.997266      3370094       365.71
    1428.479     0.997656      3371410       426.67
    1437.695     0.998047      3372840       512.00
    1442.815     0.998242      3373487       568.89
    1447.935     0.998437      3374109       640.00
    1453.055     0.998633      3374737       731.43
    1459.199     0.998828      3375455       853.33
    1465.343     0.999023      3376121      1024.00
    1468.415     0.999121      3376404      1137.78
    1472.511     0.999219      3376744      1280.00
    1476.607     0.999316      3377046      1462.86
    1481.727     0.999414      3377369      1706.67
    1487.871     0.999512      3377728      2048.00
    1490.943     0.999561      3377894      2275.56
    1492.991     0.999609      3378010      2560.00
    1497.087     0.999658      3378208      2925.71
    1500.159     0.999707      3378336      3413.33
    1504.255     0.999756      3378510      4096.00
    1507.327     0.999780      3378612      4551.11
    1509.375     0.999805      3378676      5120.00
    1512.447     0.999829      3378758      5851.43
    1515.519     0.999854      3378840      6826.67
    1519.615     0.999878      3378938      8192.00
    1520.639     0.999890      3378961      9102.22
    1522.687     0.999902      3379004     10240.00
    1524.735     0.999915      3379044     11702.86
    1527.807     0.999927      3379089     13653.33
    1530.879     0.999939      3379132     16384.00
    1531.903     0.999945      3379144     18204.44
    1533.951     0.999951      3379167     20480.00
    1535.999     0.999957      3379191     23405.71
    1538.047     0.999963      3379211     27306.67
    1540.095     0.999969      3379229     32768.00
    1541.119     0.999973      3379241     36408.89
    1542.143     0.999976      3379248     40960.00
    1543.167     0.999979      3379255     46811.43
    1545.215     0.999982      3379272     54613.33
    1546.239     0.999985      3379279     65536.00
    1547.263     0.999986      3379288     72817.78
    1547.263     0.999988      3379288     81920.00
    1548.287     0.999989      3379296     93622.86
    1548.287     0.999991      3379296    109226.67
    1550.335     0.999992      3379305    131072.00
    1550.335     0.999993      3379305    145635.56
    1551.359     0.999994      3379312    163840.00
    1551.359     0.999995      3379312    187245.71
    1551.359     0.999995      3379312    218453.33
    1552.383     0.999996      3379314    262144.00
    1553.407     0.999997      3379316    291271.11
    1553.407     0.999997      3379316    327680.00
    1554.431     0.999997      3379318    374491.43
    1555.455     0.999998      3379322    436906.67
    1555.455     0.999998      3379322    524288.00
    1555.455     0.999998      3379322    582542.22
    1555.455     0.999998      3379322    655360.00
    1555.455     0.999999      3379322    748982.86
    1556.479     0.999999      3379325    873813.33
    1556.479     0.999999      3379325   1048576.00
    1556.479     0.999999      3379325   1165084.44
    1556.479     0.999999      3379325   1310720.00
    1556.479     0.999999      3379325   1497965.71
    1556.479     0.999999      3379325   1747626.67
    1556.479     1.000000      3379325   2097152.00
    1556.479     1.000000      3379325   2330168.89
    1556.479     1.000000      3379325   2621440.00
    1556.479     1.000000      3379325   2995931.43
    1557.503     1.000000      3379326   3495253.33
    1557.503     1.000000      3379326          inf
#[Mean    =      303.730, StdDeviation   =      285.585]
#[Max     =     1556.480, Total count    =      3379326]
#[Buckets =           27, SubBuckets     =         2048]
----------------------------------------------------------
  4027790 requests in 1.00m, 334.18MB read
Requests/sec:  67123.91
Transfer/sec:      5.57MB
