Running 1m test @ http://erik-pc.local:8080/greeting/Bob
  4 threads and 100 connections
  Thread calibration: mean lat.: 223.018ms, rate sampling interval: 921ms
  Thread calibration: mean lat.: 149.254ms, rate sampling interval: 536ms
  Thread calibration: mean lat.: 112.427ms, rate sampling interval: 388ms
  Thread calibration: mean lat.: 69.028ms, rate sampling interval: 282ms
  Thread Stats   Avg      Stdev     Max   +/- Stdev
    Latency   446.30ms  289.38ms   1.57s    69.15%
    Req/Sec    17.11k     1.37k   20.18k    69.62%
  Latency Distribution (HdrHistogram - Recorded Latency)
 50.000%  382.46ms
 75.000%  625.15ms
 90.000%  869.38ms
 99.000%    1.22s 
 99.900%    1.42s 
 99.990%    1.49s 
 99.999%    1.55s 
100.000%    1.57s 

  Detailed Percentile spectrum:
       Value   Percentile   TotalCount 1/(1-Percentile)

       0.200     0.000000            1         1.00
     121.215     0.100000       341089         1.11
     188.927     0.200000       682665         1.25
     249.983     0.300000      1023840         1.43
     315.391     0.400000      1364685         1.67
     382.463     0.500000      1705845         2.00
     422.655     0.550000      1876201         2.22
     475.391     0.600000      2047000         2.50
     526.847     0.650000      2217490         2.86
     573.951     0.700000      2389185         3.33
     625.151     0.750000      2559265         4.00
     652.287     0.775000      2643897         4.44
     681.983     0.800000      2729788         5.00
     715.263     0.825000      2814982         5.71
     752.639     0.850000      2900071         6.67
     807.423     0.875000      2984525         8.00
     838.143     0.887500      3027129         8.89
     869.375     0.900000      3070220        10.00
     902.143     0.912500      3112610        11.43
     939.519     0.925000      3155296        13.33
     981.503     0.937500      3197771        16.00
    1001.983     0.943750      3219011        17.78
    1023.487     0.950000      3240320        20.00
    1048.575     0.956250      3261921        22.86
    1075.199     0.962500      3283074        26.67
    1104.895     0.968750      3304370        32.00
    1120.255     0.971875      3315228        35.56
    1135.615     0.975000      3325786        40.00
    1149.951     0.978125      3336347        45.71
    1165.311     0.981250      3347521        53.33
    1180.671     0.984375      3357801        64.00
    1189.887     0.985938      3363404        71.11
    1199.103     0.987500      3368261        80.00
    1211.391     0.989062      3373602        91.43
    1227.775     0.990625      3379144       106.67
    1248.255     0.992188      3384291       128.00
    1260.543     0.992969      3386988       142.22
    1273.855     0.993750      3389549       160.00
    1289.215     0.994531      3392317       182.86
    1305.599     0.995313      3394863       213.33
    1326.079     0.996094      3397650       256.00
    1335.295     0.996484      3398880       284.44
    1346.559     0.996875      3400242       320.00
    1358.847     0.997266      3401607       365.71
    1371.135     0.997656      3402867       426.67
    1384.447     0.998047      3404232       512.00
    1391.615     0.998242      3404950       568.89
    1397.759     0.998437      3405532       640.00
    1404.927     0.998633      3406180       731.43
    1413.119     0.998828      3406900       853.33
    1421.311     0.999023      3407607      1024.00
    1424.383     0.999121      3407867      1137.78
    1428.479     0.999219      3408187      1280.00
    1433.599     0.999316      3408527      1462.86
    1439.743     0.999414      3408900      1706.67
    1445.887     0.999512      3409224      2048.00
    1448.959     0.999561      3409363      2275.56
    1453.055     0.999609      3409533      2560.00
    1457.151     0.999658      3409702      2925.71
    1461.247     0.999707      3409855      3413.33
    1466.367     0.999756      3410018      4096.00
    1468.415     0.999780      3410090      4551.11
    1471.487     0.999805      3410180      5120.00
    1476.607     0.999829      3410278      5851.43
    1479.679     0.999854      3410341      6826.67
    1484.799     0.999878      3410437      8192.00
    1487.871     0.999890      3410471      9102.22
    1492.991     0.999902      3410511     10240.00
    1498.111     0.999915      3410556     11702.86
    1504.255     0.999927      3410591     13653.33
    1512.447     0.999939      3410632     16384.00
    1516.543     0.999945      3410658     18204.44
    1518.591     0.999951      3410673     20480.00
    1521.663     0.999957      3410702     23405.71
    1524.735     0.999963      3410719     27306.67
    1527.807     0.999969      3410736     32768.00
    1530.879     0.999973      3410748     36408.89
    1533.951     0.999976      3410756     40960.00
    1539.071     0.999979      3410770     46811.43
    1543.167     0.999982      3410779     54613.33
    1547.263     0.999985      3410788     65536.00
    1549.311     0.999986      3410794     72817.78
    1551.359     0.999988      3410798     81920.00
    1553.407     0.999989      3410804     93622.86
    1555.455     0.999991      3410808    109226.67
    1557.503     0.999992      3410814    131072.00
    1558.527     0.999993      3410817    145635.56
    1559.551     0.999994      3410820    163840.00
    1560.575     0.999995      3410825    187245.71
    1560.575     0.999995      3410825    218453.33
    1561.599     0.999996      3410826    262144.00
    1563.647     0.999997      3410829    291271.11
    1563.647     0.999997      3410829    327680.00
    1564.671     0.999997      3410830    374491.43
    1566.719     0.999998      3410832    436906.67
    1567.743     0.999998      3410834    524288.00
    1567.743     0.999998      3410834    582542.22
    1567.743     0.999998      3410834    655360.00
    1568.767     0.999999      3410835    748982.86
    1569.791     0.999999      3410837    873813.33
    1569.791     0.999999      3410837   1048576.00
    1569.791     0.999999      3410837   1165084.44
    1569.791     0.999999      3410837   1310720.00
    1569.791     0.999999      3410837   1497965.71
    1570.815     0.999999      3410839   1747626.67
    1570.815     1.000000      3410839          inf
#[Mean    =      446.303, StdDeviation   =      289.376]
#[Max     =     1569.792, Total count    =      3410839]
#[Buckets =           27, SubBuckets     =         2048]
----------------------------------------------------------
  4089481 requests in 1.00m, 339.30MB read
Requests/sec:  68151.84
Transfer/sec:      5.65MB
