Running 1m test @ http://erik-pc.local:8080/greeting/Bob
  4 threads and 100 connections
  Thread calibration: mean lat.: 17.277ms, rate sampling interval: 66ms
  Thread calibration: mean lat.: 16.773ms, rate sampling interval: 65ms
  Thread calibration: mean lat.: 17.570ms, rate sampling interval: 66ms
  Thread calibration: mean lat.: 16.709ms, rate sampling interval: 64ms
  Thread Stats   Avg      Stdev     Max   +/- Stdev
    Latency    15.38ms   11.35ms  79.23ms   59.48%
    Req/Sec    32.76k     8.50k   56.18k    60.29%
  Latency Distribution (HdrHistogram - Recorded Latency)
 50.000%   14.57ms
 75.000%   23.74ms
 90.000%   30.62ms
 99.000%   43.78ms
 99.900%   62.46ms
 99.990%   71.93ms
 99.999%   76.22ms
100.000%   79.29ms

  Detailed Percentile spectrum:
       Value   Percentile   TotalCount 1/(1-Percentile)

       0.098     0.000000            1         1.00
       1.244     0.100000       648767         1.11
       2.905     0.200000      1297435         1.25
       7.051     0.300000      1946522         1.43
      10.935     0.400000      2595733         1.67
      14.575     0.500000      3243743         2.00
      16.359     0.550000      3568001         2.22
      18.159     0.600000      3893323         2.50
      19.983     0.650000      4219141         2.86
      21.823     0.700000      4541594         3.33
      23.743     0.750000      4866134         4.00
      24.735     0.775000      5028020         4.44
      25.775     0.800000      5191191         5.00
      26.847     0.825000      5352041         5.71
      27.999     0.850000      5515096         6.67
      29.231     0.875000      5676333         8.00
      29.903     0.887500      5757912         8.89
      30.623     0.900000      5839668        10.00
      31.391     0.912500      5920698        11.43
      32.223     0.925000      6000884        13.33
      33.183     0.937500      6083245        16.00
      33.695     0.943750      6123321        17.78
      34.271     0.950000      6164787        20.00
      34.879     0.956250      6204511        22.86
      35.583     0.962500      6244167        26.67
      36.447     0.968750      6284650        32.00
      36.959     0.971875      6305378        35.56
      37.535     0.975000      6325675        40.00
      38.207     0.978125      6345245        45.71
      39.103     0.981250      6366029        53.33
      40.255     0.984375      6385861        64.00
      41.023     0.985938      6395872        71.11
      41.951     0.987500      6406170        80.00
      43.039     0.989062      6416375        91.43
      44.319     0.990625      6426326       106.67
      45.919     0.992188      6436416       128.00
      46.911     0.992969      6441519       142.22
      48.031     0.993750      6446630       160.00
      49.279     0.994531      6451673       182.86
      50.687     0.995313      6456752       213.33
      52.319     0.996094      6461828       256.00
      53.215     0.996484      6464314       284.44
      54.207     0.996875      6466826       320.00
      55.295     0.997266      6469351       365.71
      56.511     0.997656      6471902       426.67
      57.855     0.998047      6474421       512.00
      58.623     0.998242      6475695       568.89
      59.423     0.998437      6476951       640.00
      60.319     0.998633      6478234       731.43
      61.375     0.998828      6479485       853.33
      62.591     0.999023      6480757      1024.00
      63.231     0.999121      6481377      1137.78
      63.935     0.999219      6482028      1280.00
      64.639     0.999316      6482667      1462.86
      65.407     0.999414      6483286      1706.67
      66.239     0.999512      6483910      2048.00
      66.687     0.999561      6484231      2275.56
      67.199     0.999609      6484545      2560.00
      67.775     0.999658      6484869      2925.71
      68.415     0.999707      6485179      3413.33
      69.183     0.999756      6485495      4096.00
      69.567     0.999780      6485655      4551.11
      70.015     0.999805      6485816      5120.00
      70.463     0.999829      6485984      5851.43
      70.847     0.999854      6486130      6826.67
      71.423     0.999878      6486301      8192.00
      71.679     0.999890      6486380      9102.22
      71.999     0.999902      6486455     10240.00
      72.319     0.999915      6486529     11702.86
      72.703     0.999927      6486604     13653.33
      73.151     0.999939      6486681     16384.00
      73.471     0.999945      6486727     18204.44
      73.727     0.999951      6486762     20480.00
      74.047     0.999957      6486802     23405.71
      74.431     0.999963      6486845     27306.67
      74.815     0.999969      6486884     32768.00
      75.007     0.999973      6486900     36408.89
      75.199     0.999976      6486919     40960.00
      75.455     0.999979      6486946     46811.43
      75.583     0.999982      6486962     54613.33
      75.775     0.999985      6486983     65536.00
      75.903     0.999986      6486992     72817.78
      75.967     0.999988      6486999     81920.00
      76.159     0.999989      6487008     93622.86
      76.351     0.999991      6487020    109226.67
      76.607     0.999992      6487027    131072.00
      76.799     0.999993      6487032    145635.56
      76.991     0.999994      6487037    163840.00
      77.119     0.999995      6487044    187245.71
      77.311     0.999995      6487048    218453.33
      77.503     0.999996      6487052    262144.00
      77.567     0.999997      6487054    291271.11
      77.823     0.999997      6487060    327680.00
      77.823     0.999997      6487060    374491.43
      78.015     0.999998      6487063    436906.67
      78.079     0.999998      6487064    524288.00
      78.207     0.999998      6487066    582542.22
      78.271     0.999998      6487067    655360.00
      78.463     0.999999      6487069    748982.86
      78.463     0.999999      6487069    873813.33
      78.591     0.999999      6487070   1048576.00
      78.655     0.999999      6487071   1165084.44
      78.783     0.999999      6487072   1310720.00
      78.783     0.999999      6487072   1497965.71
      78.847     0.999999      6487073   1747626.67
      78.847     1.000000      6487073   2097152.00
      79.039     1.000000      6487074   2330168.89
      79.039     1.000000      6487074   2621440.00
      79.039     1.000000      6487074   2995931.43
      79.295     1.000000      6487076   3495253.33
      79.295     1.000000      6487076          inf
#[Mean    =       15.381, StdDeviation   =       11.354]
#[Max     =       79.232, Total count    =      6487076]
#[Buckets =           27, SubBuckets     =         2048]
----------------------------------------------------------
  7792059 requests in 1.00m, 542.47MB read
Requests/sec: 129868.65
Transfer/sec:      9.04MB
