Running 1m test @ http://erik-pc.local:8080/greeting/Bob
  4 threads and 100 connections
  Thread calibration: mean lat.: 1.546ms, rate sampling interval: 10ms
  Thread calibration: mean lat.: 1.534ms, rate sampling interval: 10ms
  Thread calibration: mean lat.: 1.572ms, rate sampling interval: 10ms
  Thread calibration: mean lat.: 1.509ms, rate sampling interval: 10ms
  Thread Stats   Avg      Stdev     Max   +/- Stdev
    Latency     1.61ms    1.62ms  29.57ms   96.24%
    Req/Sec    29.02k     4.13k   72.00k    87.10%
  Latency Distribution (HdrHistogram - Recorded Latency)
 50.000%    1.36ms
 75.000%    1.92ms
 90.000%    2.50ms
 99.000%   10.02ms
 99.900%   18.43ms
 99.990%   23.89ms
 99.999%   27.02ms
100.000%   29.58ms

  Detailed Percentile spectrum:
       Value   Percentile   TotalCount 1/(1-Percentile)

       0.106     0.000000            1         1.00
       0.511     0.100000       549518         1.11
       0.757     0.200000      1098516         1.25
       0.971     0.300000      1647569         1.43
       1.168     0.400000      2196769         1.67
       1.361     0.500000      2743370         2.00
       1.461     0.550000      3017435         2.22
       1.564     0.600000      3292824         2.50
       1.672     0.650000      3568005         2.86
       1.788     0.700000      3840850         3.33
       1.919     0.750000      4115782         4.00
       1.992     0.775000      4252606         4.44
       2.071     0.800000      4389172         5.00
       2.159     0.825000      4528444         5.71
       2.255     0.850000      4664334         6.67
       2.367     0.875000      4801655         8.00
       2.431     0.887500      4870651         8.89
       2.501     0.900000      4939269        10.00
       2.577     0.912500      5006326        11.43
       2.669     0.925000      5075176        13.33
       2.783     0.937500      5143439        16.00
       2.857     0.943750      5178347        17.78
       2.945     0.950000      5211936        20.00
       3.065     0.956250      5246468        22.86
       3.243     0.962500      5280779        26.67
       3.585     0.968750      5314777        32.00
       3.933     0.971875      5331970        35.56
       4.523     0.975000      5349090        40.00
       5.331     0.978125      5366279        45.71
       6.315     0.981250      5383378        53.33
       7.475     0.984375      5400543        64.00
       8.115     0.985938      5409101        71.11
       8.807     0.987500      5417741        80.00
       9.543     0.989062      5426281        91.43
      10.351     0.990625      5434833       106.67
      11.255     0.992188      5443366       128.00
      11.759     0.992969      5447644       142.22
      12.295     0.993750      5451932       160.00
      12.879     0.994531      5456237       182.86
      13.519     0.995313      5460537       213.33
      14.223     0.996094      5464790       256.00
      14.615     0.996484      5466948       284.44
      15.031     0.996875      5469081       320.00
      15.479     0.997266      5471231       365.71
      15.967     0.997656      5473364       426.67
      16.543     0.998047      5475571       512.00
      16.847     0.998242      5476596       568.89
      17.199     0.998437      5477677       640.00
      17.583     0.998633      5478753       731.43
      17.999     0.998828      5479793       853.33
      18.495     0.999023      5480901      1024.00
      18.751     0.999121      5481396      1137.78
      19.055     0.999219      5481955      1280.00
      19.375     0.999316      5482467      1462.86
      19.759     0.999414      5483010      1706.67
      20.223     0.999512      5483549      2048.00
      20.463     0.999561      5483815      2275.56
      20.735     0.999609      5484078      2560.00
      21.023     0.999658      5484346      2925.71
      21.375     0.999707      5484618      3413.33
      21.759     0.999756      5484888      4096.00
      21.983     0.999780      5485015      4551.11
      22.287     0.999805      5485154      5120.00
      22.623     0.999829      5485280      5851.43
      23.007     0.999854      5485415      6826.67
      23.423     0.999878      5485549      8192.00
      23.679     0.999890      5485614      9102.22
      23.919     0.999902      5485681     10240.00
      24.175     0.999915      5485750     11702.86
      24.495     0.999927      5485817     13653.33
      24.767     0.999939      5485883     16384.00
      24.959     0.999945      5485918     18204.44
      25.087     0.999951      5485952     20480.00
      25.231     0.999957      5485982     23405.71
      25.455     0.999963      5486021     27306.67
      25.663     0.999969      5486056     32768.00
      25.759     0.999973      5486068     36408.89
      25.871     0.999976      5486083     40960.00
      26.063     0.999979      5486099     46811.43
      26.255     0.999982      5486116     54613.33
      26.495     0.999985      5486133     65536.00
      26.655     0.999986      5486142     72817.78
      26.767     0.999988      5486150     81920.00
      26.943     0.999989      5486159     93622.86
      27.183     0.999991      5486167    109226.67
      27.391     0.999992      5486175    131072.00
      27.519     0.999993      5486180    145635.56
      27.679     0.999994      5486183    163840.00
      27.807     0.999995      5486187    187245.71
      27.919     0.999995      5486192    218453.33
      28.095     0.999996      5486196    262144.00
      28.207     0.999997      5486198    291271.11
      28.383     0.999997      5486200    327680.00
      28.447     0.999997      5486202    374491.43
      28.623     0.999998      5486204    436906.67
      28.719     0.999998      5486206    524288.00
      28.799     0.999998      5486207    582542.22
      28.847     0.999998      5486208    655360.00
      28.895     0.999999      5486210    748982.86
      28.895     0.999999      5486210    873813.33
      28.911     0.999999      5486211   1048576.00
      29.007     0.999999      5486212   1165084.44
      29.007     0.999999      5486212   1310720.00
      29.087     0.999999      5486214   1497965.71
      29.087     0.999999      5486214   1747626.67
      29.087     1.000000      5486214   2097152.00
      29.087     1.000000      5486214   2330168.89
      29.087     1.000000      5486214   2621440.00
      29.519     1.000000      5486215   2995931.43
      29.519     1.000000      5486215   3495253.33
      29.519     1.000000      5486215   4194304.00
      29.519     1.000000      5486215   4660337.78
      29.519     1.000000      5486215   5242880.00
      29.583     1.000000      5486216   5991862.86
      29.583     1.000000      5486216          inf
#[Mean    =        1.615, StdDeviation   =        1.624]
#[Max     =       29.568, Total count    =      5486216]
#[Buckets =           27, SubBuckets     =         2048]
----------------------------------------------------------
  6593266 requests in 1.00m, 459.01MB read
Requests/sec: 109888.67
Transfer/sec:      7.65MB
