Running 1m test @ http://erik-pc.local:8080/greeting/Bob
  4 threads and 100 connections
  Thread calibration: mean lat.: 1.023ms, rate sampling interval: 10ms
  Thread calibration: mean lat.: 1.048ms, rate sampling interval: 10ms
  Thread calibration: mean lat.: 1.042ms, rate sampling interval: 10ms
  Thread calibration: mean lat.: 1.066ms, rate sampling interval: 10ms
  Thread Stats   Avg      Stdev     Max   +/- Stdev
    Latency     1.06ms  460.30us   3.55ms   62.63%
    Req/Sec     7.88k   463.34    10.11k    77.75%
  Latency Distribution (HdrHistogram - Recorded Latency)
 50.000%    1.05ms
 75.000%    1.41ms
 90.000%    1.67ms
 99.000%    2.12ms
 99.900%    2.58ms
 99.990%    3.01ms
 99.999%    3.36ms
100.000%    3.56ms

  Detailed Percentile spectrum:
       Value   Percentile   TotalCount 1/(1-Percentile)

       0.130     0.000000            1         1.00
       0.458     0.100000       149694         1.11
       0.612     0.200000       300207         1.25
       0.758     0.300000       449270         1.43
       0.910     0.400000       598992         1.67
       1.047     0.500000       748800         2.00
       1.114     0.550000       823686         2.22
       1.182     0.600000       898475         2.50
       1.256     0.650000       973373         2.86
       1.334     0.700000      1047459         3.33
       1.415     0.750000      1122799         4.00
       1.455     0.775000      1160237         4.44
       1.494     0.800000      1197440         5.00
       1.534     0.825000      1235157         5.71
       1.576     0.850000      1272673         6.67
       1.620     0.875000      1309710         8.00
       1.644     0.887500      1328556         8.89
       1.670     0.900000      1346853        10.00
       1.699     0.912500      1365854        11.43
       1.730     0.925000      1384425        13.33
       1.766     0.937500      1402930        16.00
       1.787     0.943750      1412501        17.78
       1.809     0.950000      1421657        20.00
       1.834     0.956250      1430794        22.86
       1.864     0.962500      1440266        26.67
       1.900     0.968750      1449655        32.00
       1.921     0.971875      1454274        35.56
       1.944     0.975000      1458906        40.00
       1.971     0.978125      1463651        45.71
       2.002     0.981250      1468327        53.33
       2.037     0.984375      1472946        64.00
       2.057     0.985938      1475306        71.11
       2.079     0.987500      1477674        80.00
       2.103     0.989062      1479960        91.43
       2.131     0.990625      1482317       106.67
       2.163     0.992188      1484634       128.00
       2.181     0.992969      1485799       142.22
       2.201     0.993750      1486962       160.00
       2.225     0.994531      1488166       182.86
       2.253     0.995313      1489307       213.33
       2.283     0.996094      1490435       256.00
       2.305     0.996484      1491034       284.44
       2.329     0.996875      1491615       320.00
       2.355     0.997266      1492160       365.71
       2.389     0.997656      1492754       426.67
       2.427     0.998047      1493328       512.00
       2.455     0.998242      1493625       568.89
       2.481     0.998437      1493919       640.00
       2.513     0.998633      1494217       731.43
       2.543     0.998828      1494498       853.33
       2.581     0.999023      1494804      1024.00
       2.601     0.999121      1494941      1137.78
       2.625     0.999219      1495088      1280.00
       2.653     0.999316      1495231      1462.86
       2.689     0.999414      1495374      1706.67
       2.727     0.999512      1495520      2048.00
       2.749     0.999561      1495602      2275.56
       2.769     0.999609      1495666      2560.00
       2.793     0.999658      1495739      2925.71
       2.819     0.999707      1495815      3413.33
       2.849     0.999756      1495888      4096.00
       2.869     0.999780      1495922      4551.11
       2.889     0.999805      1495958      5120.00
       2.909     0.999829      1495996      5851.43
       2.939     0.999854      1496031      6826.67
       2.971     0.999878      1496068      8192.00
       2.989     0.999890      1496087      9102.22
       3.011     0.999902      1496105     10240.00
       3.031     0.999915      1496125     11702.86
       3.051     0.999927      1496142     13653.33
       3.081     0.999939      1496159     16384.00
       3.095     0.999945      1496168     18204.44
       3.111     0.999951      1496177     20480.00
       3.137     0.999957      1496187     23405.71
       3.173     0.999963      1496196     27306.67
       3.205     0.999969      1496205     32768.00
       3.221     0.999973      1496209     36408.89
       3.239     0.999976      1496214     40960.00
       3.269     0.999979      1496219     46811.43
       3.281     0.999982      1496223     54613.33
       3.305     0.999985      1496229     65536.00
       3.315     0.999986      1496230     72817.78
       3.335     0.999988      1496232     81920.00
       3.357     0.999989      1496235     93622.86
       3.369     0.999991      1496237    109226.67
       3.381     0.999992      1496239    131072.00
       3.387     0.999993      1496240    145635.56
       3.399     0.999994      1496241    163840.00
       3.429     0.999995      1496243    187245.71
       3.463     0.999995      1496244    218453.33
       3.479     0.999996      1496245    262144.00
       3.479     0.999997      1496245    291271.11
       3.491     0.999997      1496246    327680.00
       3.505     0.999997      1496247    374491.43
       3.505     0.999998      1496247    436906.67
       3.521     0.999998      1496248    524288.00
       3.521     0.999998      1496248    582542.22
       3.521     0.999998      1496248    655360.00
       3.539     0.999999      1496249    748982.86
       3.539     0.999999      1496249    873813.33
       3.539     0.999999      1496249   1048576.00
       3.539     0.999999      1496249   1165084.44
       3.539     0.999999      1496249   1310720.00
       3.555     0.999999      1496250   1497965.71
       3.555     1.000000      1496250          inf
#[Mean    =        1.062, StdDeviation   =        0.460]
#[Max     =        3.554, Total count    =      1496250]
#[Buckets =           27, SubBuckets     =         2048]
----------------------------------------------------------
  1798220 requests in 1.00m, 125.19MB read
Requests/sec:  29970.01
Transfer/sec:      2.09MB
