Running 1m test @ http://erik-pc.local:8080/fruits
  4 threads and 100 connections
  Thread calibration: mean lat.: 2.181ms, rate sampling interval: 10ms
  Thread calibration: mean lat.: 2.157ms, rate sampling interval: 10ms
  Thread calibration: mean lat.: 2.188ms, rate sampling interval: 10ms
  Thread calibration: mean lat.: 2.132ms, rate sampling interval: 10ms
  Thread Stats   Avg      Stdev     Max   +/- Stdev
    Latency     2.18ms    1.22ms  22.66ms   90.01%
    Req/Sec     3.96k   509.06     7.30k    84.28%
  Latency Distribution (HdrHistogram - Recorded Latency)
 50.000%    1.99ms
 75.000%    2.46ms
 90.000%    2.99ms
 99.000%    7.82ms
 99.900%   12.78ms
 99.990%   16.61ms
 99.999%   21.10ms
100.000%   22.67ms

  Detailed Percentile spectrum:
       Value   Percentile   TotalCount 1/(1-Percentile)

       0.428     0.000000            1         1.00
       1.196     0.100000        75038         1.11
       1.459     0.200000       149749         1.25
       1.654     0.300000       224502         1.43
       1.826     0.400000       299592         1.67
       1.991     0.500000       374490         2.00
       2.075     0.550000       411647         2.22
       2.163     0.600000       449531         2.50
       2.255     0.650000       487055         2.86
       2.353     0.700000       523904         3.33
       2.465     0.750000       561395         4.00
       2.527     0.775000       579825         4.44
       2.595     0.800000       598831         5.00
       2.671     0.825000       617426         5.71
       2.757     0.850000       635953         6.67
       2.863     0.875000       654920         8.00
       2.923     0.887500       664216         8.89
       2.991     0.900000       673411        10.00
       3.075     0.912500       682796        11.43
       3.183     0.925000       692090        13.33
       3.339     0.937500       701382        16.00
       3.455     0.943750       706060        17.78
       3.625     0.950000       710757        20.00
       3.893     0.956250       715414        22.86
       4.435     0.962500       720079        26.67
       5.163     0.968750       724747        32.00
       5.499     0.971875       727083        35.56
       5.811     0.975000       729430        40.00
       6.131     0.978125       731765        45.71
       6.491     0.981250       734123        53.33
       6.883     0.984375       736442        64.00
       7.099     0.985938       737614        71.11
       7.343     0.987500       738777        80.00
       7.623     0.989062       739950        91.43
       7.959     0.990625       741111       106.67
       8.359     0.992188       742291       128.00
       8.575     0.992969       742883       142.22
       8.799     0.993750       743461       160.00
       9.079     0.994531       744046       182.86
       9.383     0.995313       744624       213.33
       9.791     0.996094       745201       256.00
      10.031     0.996484       745491       284.44
      10.295     0.996875       745784       320.00
      10.607     0.997266       746079       365.71
      10.943     0.997656       746368       426.67
      11.343     0.998047       746660       512.00
      11.599     0.998242       746807       568.89
      11.871     0.998437       746956       640.00
      12.119     0.998633       747103       731.43
      12.463     0.998828       747245       853.33
      12.839     0.999023       747393      1024.00
      13.031     0.999121       747465      1137.78
      13.231     0.999219       747544      1280.00
      13.431     0.999316       747610      1462.86
      13.703     0.999414       747685      1706.67
      13.983     0.999512       747758      2048.00
      14.223     0.999561       747797      2275.56
      14.423     0.999609       747830      2560.00
      14.623     0.999658       747867      2925.71
      14.855     0.999707       747902      3413.33
      15.111     0.999756       747940      4096.00
      15.231     0.999780       747957      4551.11
      15.447     0.999805       747975      5120.00
      15.631     0.999829       747994      5851.43
      15.951     0.999854       748013      6826.67
      16.279     0.999878       748030      8192.00
      16.495     0.999890       748039      9102.22
      16.655     0.999902       748048     10240.00
      16.959     0.999915       748058     11702.86
      17.247     0.999927       748067     13653.33
      17.567     0.999939       748076     16384.00
      17.695     0.999945       748080     18204.44
      17.839     0.999951       748085     20480.00
      18.223     0.999957       748090     23405.71
      18.671     0.999963       748094     27306.67
      19.023     0.999969       748099     32768.00
      19.343     0.999973       748101     36408.89
      19.599     0.999976       748103     40960.00
      19.679     0.999979       748106     46811.43
      19.823     0.999982       748108     54613.33
      20.543     0.999985       748110     65536.00
      20.799     0.999986       748111     72817.78
      20.831     0.999988       748112     81920.00
      21.103     0.999989       748114     93622.86
      21.199     0.999991       748115    109226.67
      21.215     0.999992       748116    131072.00
      21.215     0.999993       748116    145635.56
      21.391     0.999994       748117    163840.00
      21.679     0.999995       748118    187245.71
      21.679     0.999995       748118    218453.33
      21.839     0.999996       748119    262144.00
      21.839     0.999997       748119    291271.11
      21.839     0.999997       748119    327680.00
      22.511     0.999997       748120    374491.43
      22.511     0.999998       748120    436906.67
      22.511     0.999998       748120    524288.00
      22.511     0.999998       748120    582542.22
      22.511     0.999998       748120    655360.00
      22.671     0.999999       748121    748982.86
      22.671     1.000000       748121          inf
#[Mean    =        2.184, StdDeviation   =        1.218]
#[Max     =       22.656, Total count    =       748121]
#[Buckets =           27, SubBuckets     =         2048]
----------------------------------------------------------
  899120 requests in 1.00m, 145.77MB read
Requests/sec:  14985.22
Transfer/sec:      2.43MB
