Running 1m test @ http://erik-pc.local:8080/fruits
  4 threads and 100 connections
  Thread calibration: mean lat.: 1.544ms, rate sampling interval: 10ms
  Thread calibration: mean lat.: 2.129ms, rate sampling interval: 10ms
  Thread calibration: mean lat.: 1.556ms, rate sampling interval: 10ms
  Thread calibration: mean lat.: 1.582ms, rate sampling interval: 10ms
  Thread Stats   Avg      Stdev     Max   +/- Stdev
    Latency     1.68ms  627.07us   9.12ms   67.80%
    Req/Sec     1.32k   623.43     2.78k    76.44%
  Latency Distribution (HdrHistogram - Recorded Latency)
 50.000%    1.65ms
 75.000%    2.05ms
 90.000%    2.51ms
 99.000%    3.10ms
 99.900%    6.76ms
 99.990%    7.90ms
 99.999%    8.75ms
100.000%    9.13ms

  Detailed Percentile spectrum:
       Value   Percentile   TotalCount 1/(1-Percentile)

       0.546     0.000000            1         1.00
       0.943     0.100000        25041         1.11
       1.104     0.200000        50004         1.25
       1.275     0.300000        74878         1.43
       1.472     0.400000        99817         1.67
       1.655     0.500000       124836         2.00
       1.734     0.550000       137161         2.22
       1.810     0.600000       149665         2.50
       1.882     0.650000       162113         2.86
       1.960     0.700000       174572         3.33
       2.051     0.750000       187061         4.00
       2.105     0.775000       193439         4.44
       2.165     0.800000       199634         5.00
       2.237     0.825000       205785         5.71
       2.319     0.850000       211978         6.67
       2.411     0.875000       218320         8.00
       2.459     0.887500       221359         8.89
       2.509     0.900000       224521        10.00
       2.557     0.912500       227616        11.43
       2.605     0.925000       230676        13.33
       2.657     0.937500       233824        16.00
       2.683     0.943750       235337        17.78
       2.715     0.950000       236989        20.00
       2.747     0.956250       238493        22.86
       2.781     0.962500       240004        26.67
       2.825     0.968750       241581        32.00
       2.847     0.971875       242343        35.56
       2.875     0.975000       243186        40.00
       2.903     0.978125       243913        45.71
       2.937     0.981250       244681        53.33
       2.981     0.984375       245487        64.00
       3.009     0.985938       245858        71.11
       3.037     0.987500       246242        80.00
       3.073     0.989062       246649        91.43
       3.113     0.990625       247022       106.67
       3.171     0.992188       247418       128.00
       3.203     0.992969       247607       142.22
       3.239     0.993750       247797       160.00
       3.285     0.994531       247997       182.86
       3.341     0.995313       248191       213.33
       3.431     0.996094       248382       256.00
       3.509     0.996484       248478       284.44
       3.653     0.996875       248575       320.00
       4.419     0.997266       248673       365.71
       5.423     0.997656       248772       426.67
       5.927     0.998047       248868       512.00
       6.083     0.998242       248916       568.89
       6.263     0.998437       248965       640.00
       6.447     0.998633       249016       731.43
       6.643     0.998828       249063       853.33
       6.795     0.999023       249113      1024.00
       6.867     0.999121       249135      1137.78
       6.939     0.999219       249160      1280.00
       7.007     0.999316       249185      1462.86
       7.087     0.999414       249208      1706.67
       7.155     0.999512       249233      2048.00
       7.239     0.999561       249245      2275.56
       7.311     0.999609       249257      2560.00
       7.383     0.999658       249269      2925.71
       7.447     0.999707       249281      3413.33
       7.535     0.999756       249294      4096.00
       7.575     0.999780       249300      4551.11
       7.607     0.999805       249306      5120.00
       7.643     0.999829       249312      5851.43
       7.695     0.999854       249318      6826.67
       7.751     0.999878       249324      8192.00
       7.815     0.999890       249327      9102.22
       7.915     0.999902       249330     10240.00
       8.051     0.999915       249333     11702.86
       8.123     0.999927       249336     13653.33
       8.271     0.999939       249339     16384.00
       8.295     0.999945       249341     18204.44
       8.303     0.999951       249342     20480.00
       8.359     0.999957       249344     23405.71
       8.367     0.999963       249345     27306.67
       8.399     0.999969       249347     32768.00
       8.447     0.999973       249348     36408.89
       8.447     0.999976       249348     40960.00
       8.559     0.999979       249349     46811.43
       8.591     0.999982       249350     54613.33
       8.711     0.999985       249351     65536.00
       8.711     0.999986       249351     72817.78
       8.711     0.999988       249351     81920.00
       8.751     0.999989       249352     93622.86
       8.751     0.999991       249352    109226.67
       8.887     0.999992       249353    131072.00
       8.887     0.999993       249353    145635.56
       8.887     0.999994       249353    163840.00
       8.887     0.999995       249353    187245.71
       8.887     0.999995       249353    218453.33
       9.127     0.999996       249354    262144.00
       9.127     1.000000       249354          inf
#[Mean    =        1.685, StdDeviation   =        0.627]
#[Max     =        9.120, Total count    =       249354]
#[Buckets =           27, SubBuckets     =         2048]
----------------------------------------------------------
  298561 requests in 1.00m, 48.40MB read
Requests/sec:   4975.87
Transfer/sec:    826.07KB
