Running 1m test @ http://erik-pc.local:8080/fruits
  4 threads and 100 connections
  Thread calibration: mean lat.: 52.772ms, rate sampling interval: 244ms
  Thread calibration: mean lat.: 41.401ms, rate sampling interval: 214ms
  Thread calibration: mean lat.: 51.646ms, rate sampling interval: 279ms
  Thread calibration: mean lat.: 36.205ms, rate sampling interval: 191ms
  Thread Stats   Avg      Stdev     Max   +/- Stdev
    Latency   353.07ms  464.11ms   2.82s    86.35%
    Req/Sec     4.58k     1.34k    8.05k    70.45%
  Latency Distribution (HdrHistogram - Recorded Latency)
 50.000%  171.90ms
 75.000%  509.18ms
 90.000%  944.13ms
 99.000%    2.28s 
 99.900%    2.61s 
 99.990%    2.75s 
 99.999%    2.80s 
100.000%    2.82s 

  Detailed Percentile spectrum:
       Value   Percentile   TotalCount 1/(1-Percentile)

       0.522     0.000000            1         1.00
       6.415     0.100000        91056         1.11
      21.711     0.200000       182143         1.25
      36.127     0.300000       273243         1.43
      72.447     0.400000       364188         1.67
     171.903     0.500000       455250         2.00
     227.711     0.550000       500747         2.22
     285.439     0.600000       546429         2.50
     350.975     0.650000       591803         2.86
     426.751     0.700000       637295         3.33
     509.183     0.750000       682842         4.00
     566.783     0.775000       705666         4.44
     630.271     0.800000       728350         5.00
     698.879     0.825000       751147         5.71
     770.559     0.850000       773910         6.67
     864.767     0.875000       796722         8.00
     905.727     0.887500       808100         8.89
     944.127     0.900000       819448        10.00
     990.719     0.912500       830785        11.43
    1047.039     0.925000       842145        13.33
    1117.183     0.937500       853589        16.00
    1175.551     0.943750       859270        17.78
    1240.063     0.950000       864974        20.00
    1310.719     0.956250       870662        22.86
    1406.975     0.962500       876283        26.67
    1542.143     0.968750       881983        32.00
    1620.991     0.971875       884817        35.56
    1744.895     0.975000       887666        40.00
    1913.855     0.978125       890511        45.71
    2023.423     0.981250       893364        53.33
    2103.295     0.984375       896229        64.00
    2142.207     0.985938       897628        71.11
    2187.263     0.987500       899072        80.00
    2244.607     0.989062       900464        91.43
    2301.951     0.990625       901922       106.67
    2351.103     0.992188       903314       128.00
    2375.679     0.992969       904023       142.22
    2400.255     0.993750       904780       160.00
    2424.831     0.994531       905459       182.86
    2457.599     0.995313       906157       213.33
    2494.463     0.996094       906872       256.00
    2510.847     0.996484       907228       284.44
    2527.231     0.996875       907611       320.00
    2541.567     0.997266       907961       365.71
    2555.903     0.997656       908298       426.67
    2570.239     0.998047       908669       512.00
    2576.383     0.998242       908833       568.89
    2582.527     0.998437       908994       640.00
    2590.719     0.998633       909198       731.43
    2598.911     0.998828       909366       853.33
    2609.151     0.999023       909556      1024.00
    2613.247     0.999121       909617      1137.78
    2619.391     0.999219       909701      1280.00
    2627.583     0.999316       909804      1462.86
    2635.775     0.999414       909891      1706.67
    2643.967     0.999512       909975      2048.00
    2650.111     0.999561       910024      2275.56
    2656.255     0.999609       910061      2560.00
    2664.447     0.999658       910102      2925.71
    2678.783     0.999707       910148      3413.33
    2697.215     0.999756       910192      4096.00
    2705.407     0.999780       910216      4551.11
    2713.599     0.999805       910238      5120.00
    2723.839     0.999829       910259      5851.43
    2732.031     0.999854       910280      6826.67
    2740.223     0.999878       910302      8192.00
    2744.319     0.999890       910313      9102.22
    2748.415     0.999902       910326     10240.00
    2752.511     0.999915       910335     11702.86
    2758.655     0.999927       910348     13653.33
    2764.799     0.999939       910361     16384.00
    2766.847     0.999945       910365     18204.44
    2768.895     0.999951       910370     20480.00
    2772.991     0.999957       910374     23405.71
    2777.087     0.999963       910382     27306.67
    2781.183     0.999969       910387     32768.00
    2781.183     0.999973       910387     36408.89
    2785.279     0.999976       910392     40960.00
    2787.327     0.999979       910398     46811.43
    2787.327     0.999982       910398     54613.33
    2789.375     0.999985       910399     65536.00
    2791.423     0.999986       910400     72817.78
    2793.471     0.999988       910402     81920.00
    2795.519     0.999989       910404     93622.86
    2795.519     0.999991       910404    109226.67
    2799.615     0.999992       910406    131072.00
    2799.615     0.999993       910406    145635.56
    2803.711     0.999994       910407    163840.00
    2805.759     0.999995       910408    187245.71
    2805.759     0.999995       910408    218453.33
    2809.855     0.999996       910409    262144.00
    2809.855     0.999997       910409    291271.11
    2811.903     0.999997       910410    327680.00
    2811.903     0.999997       910410    374491.43
    2811.903     0.999998       910410    436906.67
    2815.999     0.999998       910411    524288.00
    2815.999     0.999998       910411    582542.22
    2815.999     0.999998       910411    655360.00
    2815.999     0.999999       910411    748982.86
    2815.999     0.999999       910411    873813.33
    2818.047     0.999999       910412   1048576.00
    2818.047     1.000000       910412          inf
#[Mean    =      353.073, StdDeviation   =      464.107]
#[Max     =     2816.000, Total count    =       910412]
#[Buckets =           27, SubBuckets     =         2048]
----------------------------------------------------------
  1095556 requests in 1.00m, 177.62MB read
Requests/sec:  18259.00
Transfer/sec:      2.96MB
