Running 1m test @ http://erik-pc.local:8080/fruits
  4 threads and 100 connections
  Thread calibration: mean lat.: 1.643ms, rate sampling interval: 10ms
  Thread calibration: mean lat.: 1.649ms, rate sampling interval: 10ms
  Thread calibration: mean lat.: 1.665ms, rate sampling interval: 10ms
  Thread calibration: mean lat.: 1.718ms, rate sampling interval: 10ms
  Thread Stats   Avg      Stdev     Max   +/- Stdev
    Latency     1.67ms  585.62us   6.17ms   65.56%
    Req/Sec     3.96k   338.64     5.44k    65.63%
  Latency Distribution (HdrHistogram - Recorded Latency)
 50.000%    1.60ms
 75.000%    2.07ms
 90.000%    2.53ms
 99.000%    3.08ms
 99.900%    3.69ms
 99.990%    4.71ms
 99.999%    5.52ms
100.000%    6.17ms

  Detailed Percentile spectrum:
       Value   Percentile   TotalCount 1/(1-Percentile)

       0.427     0.000000            1         1.00
       0.956     0.100000        75027         1.11
       1.153     0.200000       149767         1.25
       1.310     0.300000       224723         1.43
       1.454     0.400000       299552         1.67
       1.596     0.500000       374455         2.00
       1.671     0.550000       411765         2.22
       1.752     0.600000       449012         2.50
       1.843     0.650000       486632         2.86
       1.944     0.700000       523911         3.33
       2.065     0.750000       561518         4.00
       2.131     0.775000       579995         4.44
       2.203     0.800000       598836         5.00
       2.277     0.825000       617298         5.71
       2.357     0.850000       636129         6.67
       2.441     0.875000       655013         8.00
       2.483     0.887500       664053         8.89
       2.529     0.900000       673446        10.00
       2.575     0.912500       682779        11.43
       2.623     0.925000       692091        13.33
       2.675     0.937500       701431        16.00
       2.703     0.943750       706119        17.78
       2.733     0.950000       710849        20.00
       2.765     0.956250       715561        22.86
       2.801     0.962500       720128        26.67
       2.843     0.968750       724826        32.00
       2.867     0.971875       727182        35.56
       2.891     0.975000       729414        40.00
       2.921     0.978125       731846        45.71
       2.953     0.981250       734116        53.33
       2.991     0.984375       736452        64.00
       3.013     0.985938       737643        71.11
       3.037     0.987500       738816        80.00
       3.063     0.989062       739943        91.43
       3.093     0.990625       741113       106.67
       3.127     0.992188       742314       128.00
       3.145     0.992969       742871       142.22
       3.167     0.993750       743454       160.00
       3.191     0.994531       744039       182.86
       3.221     0.995313       744619       213.33
       3.259     0.996094       745186       256.00
       3.281     0.996484       745492       284.44
       3.305     0.996875       745770       320.00
       3.337     0.997266       746068       365.71
       3.375     0.997656       746355       426.67
       3.429     0.998047       746650       512.00
       3.463     0.998242       746791       568.89
       3.505     0.998437       746939       640.00
       3.565     0.998633       747090       731.43
       3.623     0.998828       747232       853.33
       3.697     0.999023       747378      1024.00
       3.743     0.999121       747448      1137.78
       3.799     0.999219       747521      1280.00
       3.855     0.999316       747595      1462.86
       3.921     0.999414       747668      1706.67
       4.013     0.999512       747741      2048.00
       4.063     0.999561       747777      2275.56
       4.127     0.999609       747813      2560.00
       4.187     0.999658       747850      2925.71
       4.263     0.999707       747887      3413.33
       4.375     0.999756       747925      4096.00
       4.423     0.999780       747942      4551.11
       4.467     0.999805       747959      5120.00
       4.527     0.999829       747978      5851.43
       4.591     0.999854       747997      6826.67
       4.647     0.999878       748014      8192.00
       4.683     0.999890       748023      9102.22
       4.731     0.999902       748032     10240.00
       4.763     0.999915       748042     11702.86
       4.839     0.999927       748051     13653.33
       4.891     0.999939       748060     16384.00
       4.935     0.999945       748064     18204.44
       5.027     0.999951       748069     20480.00
       5.055     0.999957       748074     23405.71
       5.107     0.999963       748078     27306.67
       5.143     0.999969       748083     32768.00
       5.163     0.999973       748085     36408.89
       5.195     0.999976       748087     40960.00
       5.335     0.999979       748090     46811.43
       5.383     0.999982       748092     54613.33
       5.403     0.999985       748094     65536.00
       5.419     0.999986       748095     72817.78
       5.487     0.999988       748096     81920.00
       5.519     0.999989       748098     93622.86
       5.587     0.999991       748099    109226.67
       5.739     0.999992       748100    131072.00
       5.739     0.999993       748100    145635.56
       5.819     0.999994       748101    163840.00
       5.883     0.999995       748102    187245.71
       5.883     0.999995       748102    218453.33
       5.899     0.999996       748103    262144.00
       5.899     0.999997       748103    291271.11
       5.899     0.999997       748103    327680.00
       5.927     0.999997       748104    374491.43
       5.927     0.999998       748104    436906.67
       5.927     0.999998       748104    524288.00
       5.927     0.999998       748104    582542.22
       5.927     0.999998       748104    655360.00
       6.171     0.999999       748105    748982.86
       6.171     1.000000       748105          inf
#[Mean    =        1.675, StdDeviation   =        0.586]
#[Max     =        6.168, Total count    =       748105]
#[Buckets =           27, SubBuckets     =         2048]
----------------------------------------------------------
  899105 requests in 1.00m, 145.77MB read
Requests/sec:  14985.18
Transfer/sec:      2.43MB
