Running 1m test @ http://erik-pc.local:8080/fruits
  4 threads and 100 connections
  Thread calibration: mean lat.: 1.546ms, rate sampling interval: 10ms
  Thread calibration: mean lat.: 1.551ms, rate sampling interval: 10ms
  Thread calibration: mean lat.: 1.769ms, rate sampling interval: 10ms
  Thread calibration: mean lat.: 1.601ms, rate sampling interval: 10ms
  Thread Stats   Avg      Stdev     Max   +/- Stdev
    Latency     1.60ms  654.76us  10.89ms   66.77%
    Req/Sec     6.59k   634.18     9.67k    70.88%
  Latency Distribution (HdrHistogram - Recorded Latency)
 50.000%    1.52ms
 75.000%    2.00ms
 90.000%    2.51ms
 99.000%    3.34ms
 99.900%    4.46ms
 99.990%    6.57ms
 99.999%    8.57ms
100.000%   10.90ms

  Detailed Percentile spectrum:
       Value   Percentile   TotalCount 1/(1-Percentile)

       0.348     0.000000            1         1.00
       0.815     0.100000       125075         1.11
       1.003     0.200000       249747         1.25
       1.186     0.300000       374137         1.43
       1.359     0.400000       499463         1.67
       1.525     0.500000       623703         2.00
       1.607     0.550000       686086         2.22
       1.693     0.600000       748741         2.50
       1.783     0.650000       810627         2.86
       1.884     0.700000       873382         3.33
       2.000     0.750000       935614         4.00
       2.069     0.775000       967159         4.44
       2.141     0.800000       997851         5.00
       2.219     0.825000      1029064         5.71
       2.305     0.850000      1060237         6.67
       2.401     0.875000      1091222         8.00
       2.453     0.887500      1107222         8.89
       2.505     0.900000      1122352        10.00
       2.565     0.912500      1138300        11.43
       2.627     0.925000      1153539        13.33
       2.697     0.937500      1169104        16.00
       2.737     0.943750      1176763        17.78
       2.781     0.950000      1184582        20.00
       2.831     0.956250      1192342        22.86
       2.887     0.962500      1200215        26.67
       2.949     0.968750      1207947        32.00
       2.987     0.971875      1211933        35.56
       3.029     0.975000      1215782        40.00
       3.075     0.978125      1219695        45.71
       3.125     0.981250      1223585        53.33
       3.183     0.984375      1227473        64.00
       3.217     0.985938      1229438        71.11
       3.255     0.987500      1231336        80.00
       3.303     0.989062      1233312        91.43
       3.359     0.990625      1235244       106.67
       3.433     0.992188      1237173       128.00
       3.477     0.992969      1238129       142.22
       3.529     0.993750      1239117       160.00
       3.587     0.994531      1240082       182.86
       3.657     0.995313      1241036       213.33
       3.743     0.996094      1242024       256.00
       3.791     0.996484      1242515       284.44
       3.847     0.996875      1242991       320.00
       3.911     0.997266      1243475       365.71
       3.987     0.997656      1243965       426.67
       4.077     0.998047      1244447       512.00
       4.131     0.998242      1244702       568.89
       4.187     0.998437      1244951       640.00
       4.251     0.998633      1245178       731.43
       4.343     0.998828      1245420       853.33
       4.475     0.999023      1245667      1024.00
       4.563     0.999121      1245784      1137.78
       4.679     0.999219      1245909      1280.00
       4.767     0.999316      1246027      1462.86
       4.891     0.999414      1246151      1706.67
       5.075     0.999512      1246273      2048.00
       5.167     0.999561      1246336      2275.56
       5.267     0.999609      1246393      2560.00
       5.411     0.999658      1246453      2925.71
       5.563     0.999707      1246515      3413.33
       5.739     0.999756      1246576      4096.00
       5.871     0.999780      1246607      4551.11
       5.971     0.999805      1246636      5120.00
       6.075     0.999829      1246666      5851.43
       6.187     0.999854      1246698      6826.67
       6.363     0.999878      1246728      8192.00
       6.463     0.999890      1246743      9102.22
       6.579     0.999902      1246758     10240.00
       6.739     0.999915      1246773     11702.86
       6.919     0.999927      1246788     13653.33
       7.051     0.999939      1246803     16384.00
       7.123     0.999945      1246811     18204.44
       7.179     0.999951      1246819     20480.00
       7.379     0.999957      1246826     23405.71
       7.515     0.999963      1246834     27306.67
       7.643     0.999969      1246841     32768.00
       7.715     0.999973      1246845     36408.89
       7.815     0.999976      1246849     40960.00
       7.875     0.999979      1246853     46811.43
       8.059     0.999982      1246857     54613.33
       8.263     0.999985      1246860     65536.00
       8.295     0.999986      1246862     72817.78
       8.359     0.999988      1246864     81920.00
       8.559     0.999989      1246866     93622.86
       8.719     0.999991      1246868    109226.67
       9.207     0.999992      1246870    131072.00
       9.303     0.999993      1246871    145635.56
       9.359     0.999994      1246872    163840.00
       9.471     0.999995      1246874    187245.71
       9.471     0.999995      1246874    218453.33
       9.535     0.999996      1246875    262144.00
       9.535     0.999997      1246875    291271.11
       9.943     0.999997      1246876    327680.00
       9.943     0.999997      1246876    374491.43
       9.975     0.999998      1246877    436906.67
       9.975     0.999998      1246877    524288.00
       9.975     0.999998      1246877    582542.22
       9.999     0.999998      1246878    655360.00
       9.999     0.999999      1246878    748982.86
       9.999     0.999999      1246878    873813.33
       9.999     0.999999      1246878   1048576.00
       9.999     0.999999      1246878   1165084.44
      10.895     0.999999      1246879   1310720.00
      10.895     1.000000      1246879          inf
#[Mean    =        1.602, StdDeviation   =        0.655]
#[Max     =       10.888, Total count    =      1246879]
#[Buckets =           27, SubBuckets     =         2048]
----------------------------------------------------------
  1492626 requests in 1.00m, 241.99MB read
Requests/sec:  24877.33
Transfer/sec:      4.03MB
