  45492 1001      20   0 1422764 449048  44976 S   0.0   2.8  17:23.36 application
  45492 1001      20   0 1423788 449840  44976 S 336.0   2.8  17:26.72 application
  45492 1001      20   0 1424812 450896  44976 S 405.0   2.8  17:30.77 application
  45492 1001      20   0 1424812 451688  44976 S 399.0   2.8  17:34.76 application
  45492 1001      20   0 1426860 453272  44976 S 401.0   2.8  17:38.77 application
  45492 1001      20   0 1426860 453536  44976 S 399.0   2.8  17:42.76 application
  45492 1001      20   0 1427884 455120  44976 S 399.0   2.8  17:46.79 application
  45492 1001      20   0 1428908 455384  44976 S 400.0   2.8  17:50.79 application
  45492 1001      20   0 1429932 456704  44976 S 400.0   2.8  17:54.79 application
  45492 1001      20   0 1430956 457760  44976 S 401.0   2.8  17:58.80 application
  45492 1001      20   0 1431980 458816  44976 S 401.0   2.8  18:02.81 application
  45492 1001      20   0 1433004 459608  44976 S 401.0   2.8  18:06.82 application
  45492 1001      20   0 1434028 460664  44976 S 401.0   2.8  18:10.83 application
  45492 1001      20   0 1435052 461456  44976 S 399.0   2.8  18:14.82 application
  45492 1001      20   0 1435052 462248  44976 S 402.0   2.8  18:18.84 application
  45492 1001      20   0 1436076 463304  44976 S 396.0   2.8  18:22.84 application
  45492 1001      20   0 1437100 464096  44976 S 401.0   2.8  18:26.85 application
  45492 1001      20   0 1439148 465944  44976 S 399.0   2.9  18:30.84 application
  45492 1001      20   0 1440172 466472  44976 S 403.0   2.9  18:34.87 application
  45492 1001      20   0 1441196 467792  44976 S 397.0   2.9  18:38.84 application
  45492 1001      20   0 1442220 468320  44976 S 405.0   2.9  18:42.89 application
  45492 1001      20   0 1443244 470168  44976 S 399.0   2.9  18:46.88 application
  45492 1001      20   0 1445292 471488  44976 S 400.0   2.9  18:50.88 application
  45492 1001      20   0 1446316 472544  44976 S 399.0   2.9  18:54.87 application
  45492 1001      20   0 1447340 473864  44976 S 403.0   2.9  18:58.90 application
  45492 1001      20   0 1447340 474128  44976 S 401.0   2.9  19:02.91 application
  45492 1001      20   0 1448364 474920  44976 S 391.1   2.9  19:06.86 application
  45492 1001      20   0 1449388 476240  44976 S 404.0   2.9  19:10.90 application
  45492 1001      20   0 1450412 477296  44976 S 396.0   2.9  19:14.86 application
  45492 1001      20   0 1451436 478088  44976 S 406.0   2.9  19:18.92 application
  45492 1001      20   0 1453484 479408  44976 S 397.0   2.9  19:22.89 application
  45492 1001      20   0 1453484 479936  44976 S 403.0   2.9  19:26.92 application
  45492 1001      20   0 1455532 481784  44976 S 398.0   3.0  19:30.90 application
  45492 1001      20   0 1456556 482576  44976 S 402.0   3.0  19:34.92 application
  45492 1001      20   0 1458604 484424  44976 S 400.0   3.0  19:38.92 application
  45492 1001      20   0 1458604 484952  44976 S 401.0   3.0  19:42.93 application
  45492 1001      20   0 1459628 486272  44976 S 395.0   3.0  19:46.92 application
  45492 1001      20   0 1461676 487592  44976 S 399.0   3.0  19:50.91 application
  45492 1001      20   0 1462700 489440  44976 S 406.0   3.0  19:54.97 application
  45492 1001      20   0 1464748 491552  44976 S 398.0   3.0  19:58.95 application
  45492 1001      20   0 1465772 492080  44976 S 399.0   3.0  20:02.94 application
  45492 1001      20   0 1466796 493928  44976 S 398.0   3.0  20:06.92 application
  45492 1001      20   0 1467820 494456  44976 S 398.0   3.0  20:10.90 application
  45492 1001      20   0 1468844 495512  44976 S 407.0   3.0  20:14.97 application
  45492 1001      20   0 1470892 496832  44976 S 398.0   3.0  20:18.95 application
  45492 1001      20   0 1471916 497888  44976 S 397.0   3.1  20:22.96 application
  45492 1001      20   0 1472940 499472  44976 S 398.0   3.1  20:26.94 application
  45492 1001      20   0 1473964 500528  44976 S 402.0   3.1  20:30.96 application
  45492 1001      20   0 1476012 502112  44976 S 398.0   3.1  20:34.94 application
  45492 1001      20   0 1477