  45492 1001      20   0 1490348 516896  44976 S 166.7   3.2  21:23.03 application
  45492 1001      20   0 1491372 517952  44976 S 390.0   3.2  21:26.93 application
  45492 1001      20   0 1491372 518216  44976 S 377.0   3.2  21:30.70 application
  45492 1001      20   0 1492396 519008  44976 S 389.0   3.2  21:34.59 application
  45492 1001      20   0 1492396 519536  44976 S 385.0   3.2  21:38.44 application
  45492 1001      20   0 1493420 520064  44976 S 385.0   3.2  21:42.29 application
  45492 1001      20   0 1493420 520592  44976 S 387.1   3.2  21:46.20 application
  45492 1001      20   0 1494444 521120  44976 S 388.0   3.2  21:50.08 application
  45492 1001      20   0 1495468 521912  44976 S 402.0   3.2  21:54.10 application
  45492 1001      20   0 1496492 522440  44976 S 393.0   3.2  21:58.03 application
  45492 1001      20   0 1496492 523232  44976 S 393.0   3.2  22:01.96 application
  45492 1001      20   0 1496492 523496  44976 S 395.0   3.2  22:05.91 application
  45492 1001      20   0 1497516 524288  44976 S 395.0   3.2  22:09.86 application
  45492 1001      20   0 1497516 524552  44976 S 397.0   3.2  22:13.83 application
  45492 1001      20   0 1498540 524816  44976 S 392.0   3.2  22:17.75 application
  45492 1001      20   0 1498540 525344  44976 S 391.0   3.2  22:21.66 application
  45492 1001      20   0 1499564 526136  44976 S 397.0   3.2  22:25.63 application
  45492 1001      20   0 1499564 526664  44976 S 388.1   3.2  22:29.55 application
  45492 1001      20   0 1500588 527192  44976 S 395.0   3.2  22:33.50 application
  45492 1001      20   0 1501612 527720  44976 S 392.0   3.2  22:37.42 application
  45492 1001      20   0 1501612 528512  44976 S 400.0   3.2  22:41.42 application
  45492 1001      20   0 1502636 529040  44976 S 397.0   3.2  22:45.39 application
  45492 1001      20   0 1502636 529568  44976 S 399.0   3.2  22:49.38 application
  45492 1001      20   0 1503660 529832  44976 S 400.0   3.2  22:53.38 application
  45492 1001      20   0 1503660 530096  44976 S 398.0   3.3  22:57.36 application
  45492 1001      20   0 1504684 530888  44976 S 400.0   3.3  23:01.36 application
  45492 1001      20   0 1504684 531416  44976 S 395.0   3.3  23:05.31 application
  45492 1001      20   0 1505708 531944  44976 S 395.0   3.3  23:09.30 application
  45492 1001      20   0 1505708 532472  44976 S 399.0   3.3  23:13.29 application
  45492 1001      20   0 1506732 533264  44976 S 389.0   3.3  23:17.18 application
  45492 1001      20   0 1507756 534056  44976 S 394.0   3.3  23:21.12 application
  45492 1001      20   0 1507756 534584  44976 S 390.0   3.3  23:25.02 application
  45492 1001      20   0 1508780 535376  44976 S 394.0   3.3  23:28.96 application
  45492 1001      20   0 1508780 535640  44976 S 395.0   3.3  23:32.91 application
  45492 1001      20   0 1509804 536168  44976 S 394.0   3.3  23:36.85 application
  45492 1001      20   0 1509804 536696  44976 S 396.0   3.3  23:40.81 application
  45492 1001      20   0 1510828 537224  44976 S 384.2   3.3  23:44.69 application
  45492 1001      20   0 1510828 537488  44976 S 391.0   3.3  23:48.60 application
  45492 1001      20   0 1511852 538280  44976 S 387.0   3.3  23:52.47 application
  45492 1001      20   0 1511852 538808  44976 S 392.0   3.3  23:56.39 application
  45492 1001      20   0 1512876 539600  44976 S 400.0   3.3  24:00.39 application
  45492 1001      20   0 1513900 540392  44976 S 405.0   3.3  24:04.44 application
  45492 1001      20   0 1513900 540656  44976 S 387.0   3.3  24:08.31 application
  45492 1001      20   0 1514924 541184  44976 S 398.0   3.3  24:12.29 application
  45492 1001      20   0 1514924 541976  44976 S 399.0   3.3  24:16.28 application
  45492 1001      20   0 1515948 542768  44976 S 399.0   3.3  24:20.27 application
  45492 1001      20   0 1516972 543560  44976 S 391.0   3.3  24:24.18 application
  45492 1001      20   0 1516972 544088  44976 S 384.2   3.3  24:28.06 application
  45492 1001      20   0 1517996 544880  44976 S 400.0   3.3  24:32.06 application
  45492 1001      20   0 1519