  45492 1001      20   0 1544620 572896  46068 S 160.0   3.5  37:18.89 application
  45492 1001      20   0 1544620 572896  46068 S 404.0   3.5  37:22.93 application
  45492 1001      20   0 1544620 572896  46068 S 398.0   3.5  37:26.91 application
  45492 1001      20   0 1544620 572896  46068 S 403.0   3.5  37:30.94 application
  45492 1001      20   0 1544620 572896  46068 S 401.0   3.5  37:34.95 application
  45492 1001      20   0 1544620 572896  46068 S 397.0   3.5  37:38.96 application
  45492 1001      20   0 1544620 572896  46068 S 401.0   3.5  37:42.97 application
  45492 1001      20   0 1544620 572896  46068 S 401.0   3.5  37:46.98 application
  45492 1001      20   0 1544620 572896  46068 S 399.0   3.5  37:50.97 application
  45492 1001      20   0 1544620 572896  46068 S 402.0   3.5  37:54.99 application
  45492 1001      20   0 1544620 572896  46068 S 401.0   3.5  37:59.00 application
  45492 1001      20   0 1544620 572896  46068 S 399.0   3.5  38:02.99 application
  45492 1001      20   0 1544620 572896  46068 S 402.0   3.5  38:07.01 application
  45492 1001      20   0 1544620 572896  46068 S 400.0   3.5  38:11.01 application
  45492 1001      20   0 1544620 572896  46068 S 402.0   3.5  38:15.03 application
  45492 1001      20   0 1544620 572896  46068 S 396.0   3.5  38:19.03 application
  45492 1001      20   0 1544620 572896  46068 S 401.0   3.5  38:23.04 application
  45492 1001      20   0 1544620 572896  46068 S 401.0   3.5  38:27.05 application
  45492 1001      20   0 1544620 572896  46068 S 398.0   3.5  38:31.03 application
  45492 1001      20   0 1544620 572896  46068 S 403.0   3.5  38:35.06 application
  45492 1001      20   0 1544620 572896  46068 S 401.0   3.5  38:39.07 application
  45492 1001      20   0 1544620 572896  46068 S 401.0   3.5  38:43.08 application
  45492 1001      20   0 1544620 572896  46068 S 399.0   3.5  38:47.07 application
  45492 1001      20   0 1544620 572896  46068 S 400.0   3.5  38:51.07 application
  45492 1001      20   0 1544620 572896  46068 S 398.0   3.5  38:55.09 application
  45492 1001      20   0 1544620 572896  46068 S 401.0   3.5  38:59.10 application
  45492 1001      20   0 1544620 572896  46068 S 401.0   3.5  39:03.11 application
  45492 1001      20   0 1544620 572896  46068 S 400.0   3.5  39:07.11 application
  45492 1001      20   0 1544620 572896  46068 S 399.0   3.5  39:11.10 application
  45492 1001      20   0 1544620 572896  46068 S 402.0   3.5  39:15.12 application
  45492 1001      20   0 1544620 572896  46068 S 399.0   3.5  39:19.11 application
  45492 1001      20   0 1544620 572896  46068 S 403.0   3.5  39:23.14 application
  45492 1001      20   0 1544620 572896  46068 S 402.0   3.5  39:27.16 application
  45492 1001      20   0 1544620 572896  46068 S 399.0   3.5  39:31.15 application
  45492 1001      20   0 1544620 572896  46068 S 402.0   3.5  39:35.17 application
  45492 1001      20   0 1544620 572896  46068 S 394.1   3.5  39:39.15 application
  45492 1001      20   0 1544620 572896  46068 S 403.0   3.5  39:43.18 application
  45492 1001      20   0 1544620 572896  46068 S 400.0   3.5  39:47.18 application
  45492 1001      20   0 1544620 572896  46068 S 399.0   3.5  39:51.17 application
  45492 1001      20   0 1544620 572896  46068 S 404.0   3.5  39:55.21 application
  45492 1001      20   0 1544620 572896  46068 S 399.0   3.5  39:59.20 application
  45492 1001      20   0 1544620 572896  46068 S 401.0   3.5  40:03.21 application
  45492 1001      20   0 1544620 572896  46068 S 400.0   3.5  40:07.21 application
  45492 1001      20   0 1544620 572896  46068 S 399.0   3.5  40:11.20 application
  45492 1001      20   0 1544620 572896  46068 S 403.0   3.5  40:15.23 application
  45492 1001      20   0 1544620 572896  46068 S 396.0   3.5  40:19.23 application
  45492 1001      20   0 1544620 572896  46068 S 402.0   3.5  40:23.25 application
  45492 1001      20   0 1544620 572896  46068 S 399.0   3.5  40:27.24 application
  45492 1001      20   0 1544620 572896  46068 S 399.0   3.5  40:31.23 application
  45492 1001      20   0 1544