  45492 1001      20   0 1337772 364044  44976 S 100.0   2.2   6:55.86 application
  45492 1001      20   0 1338796 364836  44976 S 289.0   2.2   6:58.75 application
  45492 1001      20   0 1339820 365628  44976 S 283.0   2.2   7:01.58 application
  45492 1001      20   0 1339820 366684  44976 S 299.0   2.2   7:04.57 application
  45492 1001      20   0 1340844 367476  44976 S 284.0   2.3   7:07.41 application
  45492 1001      20   0 1340844 367740  44976 S 278.0   2.3   7:10.19 application
  45492 1001      20   0 1341868 368268  44976 S 290.0   2.3   7:13.09 application
  45492 1001      20   0 1342892 369324  44976 S 282.0   2.3   7:15.91 application
  45492 1001      20   0 1343916 369852  44976 S 287.0   2.3   7:18.78 application
  45492 1001      20   0 1343916 370644  44976 S 271.3   2.3   7:21.52 application
  45492 1001      20   0 1344940 371436  44976 S 280.0   2.3   7:24.32 application
  45492 1001      20   0 1345964 371964  44976 S 282.0   2.3   7:27.14 application
  45492 1001      20   0 1345964 372492  44976 S 275.0   2.3   7:29.89 application
  45492 1001      20   0 1346988 373284  44976 S 281.0   2.3   7:32.70 application
  45492 1001      20   0 1346988 373812  44976 S 290.0   2.3   7:35.60 application
  45492 1001      20   0 1348012 374604  44976 S 298.0   2.3   7:38.58 application
  45492 1001      20   0 1349036 375660  44976 S 290.0   2.3   7:41.48 application
  45492 1001      20   0 1350060 376452  44976 S 275.0   2.3   7:44.23 application
  45492 1001      20   0 1351084 377244  44976 S 276.2   2.3   7:47.02 application
  45492 1001      20   0 1351084 377772  44976 S 288.0   2.3   7:49.90 application
  45492 1001      20   0 1352108 378300  44976 S 275.0   2.3   7:52.65 application
  45492 1001      20   0 1352108 379092  44976 S 292.0   2.3   7:55.57 application
  45492 1001      20   0 1353132 379884  44976 S 292.0   2.3   7:58.49 application
  45492 1001      20   0 1354156 381204  44976 S 287.0   2.3   8:01.36 application
  45492 1001      20   0 1355180 381732  44976 S 283.0   2.3   8:04.19 application
  45492 1001      20   0 1355180 382260  44976 S 296.0   2.3   8:07.15 application
  45492 1001      20   0 1356204 382788  44976 S 281.0   2.3   8:09.96 application
  45492 1001      20   0 1356204 383052  44976 S 295.0   2.3   8:12.91 application
  45492 1001      20   0 1357228 383580  44976 S 285.0   2.4   8:15.76 application
  45492 1001      20   0 1358252 384372  44976 S 292.1   2.4   8:18.71 application
  45492 1001      20   0 1359276 385164  44976 S 280.0   2.4   8:21.51 application
  45492 1001      20   0 1359276 385956  44976 S 294.0   2.4   8:24.45 application
  45492 1001      20   0 1360300 386748  44976 S 300.0   2.4   8:27.45 application
  45492 1001      20   0 1360300 387540  44976 S 298.0   2.4   8:30.43 application
  45492 1001      20   0 1361324 388068  44976 S 300.0   2.4   8:33.43 application
  45492 1001      20   0 1362348 388860  44976 S 286.0   2.4   8:36.29 application
  45492 1001      20   0 1362348 389652  44976 S 291.0   2.4   8:39.20 application
  45492 1001      20   0 1363372 390444  44976 S 293.0   2.4   8:42.13 application
  45492 1001      20   0 1364396 391236  44976 S 285.0   2.4   8:44.98 application
  45492 1001      20   0 1365420 392292  44976 S 288.1   2.4   8:47.89 application
  45492 1001      20   0 1366444 392820  44976 S 296.0   2.4   8:50.85 application
  45492 1001      20   0 1366444 393084  44976 S 291.0   2.4   8:53.76 application
  45492 1001      20   0 1367468 393876  44976 S 291.0   2.4   8:56.67 application
  45492 1001      20   0 1368492 394668  44976 S 272.0   2.4   8:59.39 application
  45492 1001      20   0 1368492 395196  44976 S 292.0   2.4   9:02.31 application
  45492 1001      20   0 1369516 396252  44976 S 285.0   2.4   9:05.16 application
  45492 1001      20   0 1370540 396780  44976 S 274.0   2.4   9:07.90 application
  45492 1001      20   0 1370540 397308  44976 S 292.0   2.4   9:10.82 application
  45492 1001      20   0 1370540 397572  44976 S 284.2   2.4   9:13.69 application
  45492 1001      20   0 1371