  46130 1001      20   0 6699840 421996  52528 S 140.0   2.6  14:39.41 application
  46130 1001      20   0 6700864 422524  52528 S 416.8   2.6  14:43.62 application
  46130 1001      20   0 6700864 422524  52528 S 399.0   2.6  14:47.61 application
  46130 1001      20   0 6701888 423052  52528 S 402.0   2.6  14:51.63 application
  46130 1001      20   0 6702912 423576  52528 S 401.0   2.6  14:55.64 application
  46130 1001      20   0 6702912 423836  52528 S 398.0   2.6  14:59.62 application
  46130 1001      20   0 6702912 424364  52528 S 400.0   2.6  15:03.62 application
  46130 1001      20   0 6703936 424628  52528 S 401.0   2.6  15:07.63 application
  46130 1001      20   0 6703936 425156  52528 S 400.0   2.6  15:11.63 application
  46130 1001      20   0 6704960 425420  52528 S 401.0   2.6  15:15.64 application
  46130 1001      20   0 6704960 425948  52528 S 400.0   2.6  15:19.64 application
  46130 1001      20   0 6705984 426740  52528 S 397.0   2.6  15:23.65 application
  46130 1001      20   0 6705984 426740  52528 S 402.0   2.6  15:27.67 application
  46130 1001      20   0 6707008 427264  52528 S 398.0   2.6  15:31.65 application
  46130 1001      20   0 6707008 427264  52528 S 400.0   2.6  15:35.65 application
  46130 1001      20   0 6707008 427784  52528 S 401.0   2.6  15:39.66 application
  46130 1001      20   0 6708032 428576  52528 S 402.0   2.6  15:43.68 application
  46130 1001      20   0 6708032 428840  52528 S 397.0   2.6  15:47.65 application
  46130 1001      20   0 6709056 429368  52528 S 404.0   2.6  15:51.69 application
  46130 1001      20   0 6709056 429368  52528 S 400.0   2.6  15:55.69 application
  46130 1001      20   0 6710080 430684  52528 S 399.0   2.6  15:59.68 application
  46130 1001      20   0 6710080 430944  52528 S 396.0   2.6  16:03.68 application
  46130 1001      20   0 6710080 431472  52528 S 400.0   2.6  16:07.68 application
  46130 1001      20   0 6702908 433016  52528 S 401.0   2.7  16:11.69 application
  46130 1001      20   0 6694712 433208  52528 S 401.0   2.7  16:15.70 application
  46130 1001      20   0 6695736 434000  52528 S 401.0   2.7  16:19.71 application
  46130 1001      20   0 6696760 435320  52528 S 400.0   2.7  16:23.71 application
  46130 1001      20   0 6696760 435580  52528 S 399.0   2.7  16:27.70 application
  46130 1001      20   0 6697784 436108  52528 S 401.0   2.7  16:31.71 application
  46130 1001      20   0 6697784 436372  52528 S 400.0   2.7  16:35.71 application
  46130 1001      20   0 6697784 436896  52528 S 397.0   2.7  16:39.72 application
  46130 1001      20   0 6697784 436896  52528 S 400.0   2.7  16:43.72 application
  46130 1001      20   0 6698808 437688  52528 S 399.0   2.7  16:47.71 application
  46130 1001      20   0 6698808 437948  52528 S 401.0   2.7  16:51.72 application
  46130 1001      20   0 6699832 438072  52528 S 399.0   2.7  16:55.71 application
  46130 1001      20   0 6699832 438332  52528 S 401.0   2.7  16:59.72 application
  46130 1001      20   0 6699832 438596  52528 S 399.0   2.7  17:03.71 application
  46130 1001      20   0 6700856 439124  52528 S 400.0   2.7  17:07.71 application
  46130 1001      20   0 6700856 439124  52528 S 396.0   2.7  17:11.71 application
  46130 1001      20   0 6701880 439916  52528 S 400.0   2.7  17:15.71 application
  46130 1001      20   0 6701880 440176  52528 S 401.0   2.7  17:19.72 application
  46130 1001      20   0 6701880 440440  52528 S 399.0   2.7  17:23.71 application
  46130 1001      20   0 6702904 441228  52528 S 400.0   2.7  17:27.71 application
  46130 1001      20   0 6702904 441492  52528 S 401.0   2.7  17:31.72 application
  46130 1001      20   0 6703928 442016  52528 S 400.0   2.7  17:35.72 application
  46130 1001      20   0 6703928 442280  52528 S 400.0   2.7  17:39.72 application
  46130 1001      20   0 6679340 443252  52528 S 396.0   2.7  17:43.72 application
  46130 1001      20   0 6680364 443776  52528 S 399.0   2.7  17:47.71 application
  46130 1001      20   0 6680364 444040  52528 S 400.0   2.7  17:51.71 application
  46130 1001      20   0 6681