  46130 1001      20   0 3831468 346476  52460 S   0.0   2.1   3:24.01 application
  46130 1001      20   0 3831468 347268  52460 S 262.0   2.1   3:26.63 application
  46130 1001      20   0 3832492 347792  52460 S 371.0   2.1   3:30.34 application
  46130 1001      20   0 3832492 348056  52460 S 371.0   2.1   3:34.05 application
  46130 1001      20   0 3907248 348580  52460 S 369.0   2.1   3:37.74 application
  46130 1001      20   0 4202176 349164  52528 S 370.0   2.1   3:41.44 application
  46130 1001      20   0 4203200 350748  52528 S 371.0   2.2   3:45.15 application
  46130 1001      20   0 4204224 351012  52528 S 372.0   2.2   3:48.87 application
  46130 1001      20   0 4204224 351272  52528 S 370.0   2.2   3:52.57 application
  46130 1001      20   0 4204224 351272  52528 S 371.0   2.2   3:56.28 application
  46130 1001      20   0 4204224 351536  52528 S 372.0   2.2   4:00.00 application
  46130 1001      20   0 4204224 352060  52528 S 366.3   2.2   4:03.70 application
  46130 1001      20   0 4205248 352060  52528 S 371.0   2.2   4:07.41 application
  46130 1001      20   0 4205248 352060  52528 S 370.0   2.2   4:11.11 application
  46130 1001      20   0 4205248 352320  52528 S 371.0   2.2   4:14.82 application
  46130 1001      20   0 4205248 352320  52528 S 370.0   2.2   4:18.52 application
  46130 1001      20   0 4206272 352584  52528 S 372.0   2.2   4:22.24 application
  46130 1001      20   0 4206272 353112  52528 S 372.0   2.2   4:25.96 application
  46130 1001      20   0 4206272 353372  52528 S 370.0   2.2   4:29.66 application
  46130 1001      20   0 4207296 353632  52528 S 373.0   2.2   4:33.39 application
  46130 1001      20   0 4207296 353632  52528 S 371.0   2.2   4:37.10 application
  46130 1001      20   0 4207296 353896  52528 S 368.3   2.2   4:40.82 application
  46130 1001      20   0 4208320 354160  52528 S 371.0   2.2   4:44.53 application
  46130 1001      20   0 4208320 354420  52528 S 372.0   2.2   4:48.25 application
  46130 1001      20   0 4208320 354420  52528 S 371.0   2.2   4:51.96 application
  46130 1001      20   0 4208320 354684  52528 S 372.0   2.2   4:55.68 application
  46130 1001      20   0 4209344 354948  52528 S 370.0   2.2   4:59.38 application
  46130 1001      20   0 4209344 355212  52528 S 370.0   2.2   5:03.08 application
  46130 1001      20   0 4209344 355732  52528 S 370.0   2.2   5:06.78 application
  46130 1001      20   0 4210368 355996  52528 S 373.0   2.2   5:10.51 application
  46130 1001      20   0 4210368 356260  52528 S 365.3   2.2   5:14.20 application
  46130 1001      20   0 4210368 356260  52528 S 370.0   2.2   5:17.90 application
  46130 1001      20   0 4210368 356524  52528 S 373.0   2.2   5:21.63 application
  46130 1001      20   0 4211392 356788  52528 S 372.0   2.2   5:25.35 application
  46130 1001      20   0 4211392 357048  52528 S 371.0   2.2   5:29.06 application
  46130 1001      20   0 4211392 357476  52528 S 371.0   2.2   5:32.77 application
  46130 1001      20   0 4211392 357740  52528 S 370.0   2.2   5:36.47 application
  46130 1001      20   0 4212416 358000  52528 S 370.0   2.2   5:40.17 application
  46130 1001      20   0 4212416 358264  52528 S 373.0   2.2   5:43.90 application
  46130 1001      20   0 4212416 358264  52528 S 370.0   2.2   5:47.60 application
  46130 1001      20   0 4212416 358264  52528 S 370.0   2.2   5:51.30 application
  46130 1001      20   0 4212416 358264  52528 S 366.3   2.2   5:55.00 application
  46130 1001      20   0 4213440 358528  52528 S 371.0   2.2   5:58.71 application
  46130 1001      20   0 4213440 359056  52528 S 371.0   2.2   6:02.42 application
  46130 1001      20   0 4213440 359320  52528 S 373.0   2.2   6:06.15 application
  46130 1001      20   0 4213440 359320  52528 S 369.0   2.2   6:09.84 application
  46130 1001      20   0 4214464 359584  52528 S 373.0   2.2   6:13.57 application
  46130 1001      20   0 4214464 360108  52528 S 371.0   2.2   6:17.28 application
  46130 1001      20   0 4214464 360108  52528 S 369.0   2.2   6:20.97 application
  46130 1001      20   0 4214