  46130 1001      20   0 8927156 578896  53552 S   0.0   3.5  34:38.78 application
  46130 1001      20   0 8927156 578896  53552 S 387.1   3.5  34:42.69 application
  46130 1001      20   0 8927156 578896  53552 S 401.0   3.5  34:46.70 application
  46130 1001      20   0 8927156 578896  53552 S 401.0   3.5  34:50.71 application
  46130 1001      20   0 8927156 578896  53552 S 401.0   3.5  34:54.72 application
  46130 1001      20   0 8927156 578896  53552 S 401.0   3.5  34:58.73 application
  46130 1001      20   0 8927156 578896  53552 S 402.0   3.5  35:02.75 application
  46130 1001      20   0 8927156 578896  53552 S 400.0   3.5  35:06.75 application
  46130 1001      20   0 8927156 578896  53552 S 402.0   3.5  35:10.77 application
  46130 1001      20   0 8927156 578896  53552 S 400.0   3.5  35:14.77 application
  46130 1001      20   0 8927156 578896  53552 S 402.0   3.5  35:18.79 application
  46130 1001      20   0 8927156 578896  53552 S 400.0   3.5  35:22.79 application
  46130 1001      20   0 8927156 578896  53552 S 393.1   3.5  35:26.76 application
  46130 1001      20   0 8927156 578896  53552 S 406.0   3.5  35:30.82 application
  46130 1001      20   0 8927156 578896  53552 S 401.0   3.5  35:34.83 application
  46130 1001      20   0 8927156 578896  53552 S 399.0   3.5  35:38.82 application
  46130 1001      20   0 8927156 578896  53552 S 400.0   3.5  35:42.82 application
  46130 1001      20   0 8927156 578896  53552 S 404.0   3.5  35:46.86 application
  46130 1001      20   0 8927156 578896  53552 S 400.0   3.5  35:50.86 application
  46130 1001      20   0 8927156 578896  53552 S 395.0   3.5  35:54.81 application
  46130 1001      20   0 8927156 578896  53552 S 409.0   3.5  35:58.90 application
  46130 1001      20   0 8927156 578896  53552 S 394.1   3.5  36:02.88 application
  46130 1001      20   0 8927156 578896  53552 S 403.0   3.5  36:06.91 application
  46130 1001      20   0 8927156 578896  53552 S 403.0   3.5  36:10.94 application
  46130 1001      20   0 8927156 578896  53552 S 396.0   3.5  36:14.90 application
  46130 1001      20   0 8927156 578896  53552 S 405.0   3.5  36:18.95 application
  46130 1001      20   0 8927156 578896  53552 S 400.0   3.5  36:22.95 application
  46130 1001      20   0 8927156 578896  53552 S 402.0   3.5  36:26.97 application
  46130 1001      20   0 8927156 578896  53552 S 399.0   3.5  36:30.96 application
  46130 1001      20   0 8927156 578896  53552 S 401.0   3.5  36:34.97 application
  46130 1001      20   0 8927156 578896  53552 S 404.0   3.5  36:39.01 application
  46130 1001      20   0 8927156 578896  53552 S 394.0   3.5  36:42.95 application
  46130 1001      20   0 8927156 578896  53552 S 399.0   3.5  36:46.98 application
  46130 1001      20   0 8927156 578896  53552 S 400.0   3.5  36:50.98 application
  46130 1001      20   0 8927156 578896  53552 S 407.0   3.5  36:55.05 application
  46130 1001      20   0 8927156 578896  53552 S 400.0   3.5  36:59.05 application
  46130 1001      20   0 8927156 578896  53552 S 397.0   3.5  37:03.02 application
  46130 1001      20   0 8927156 578896  53552 S 404.0   3.5  37:07.06 application
  46130 1001      20   0 8927156 578896  53552 S 399.0   3.5  37:11.05 application
  46130 1001      20   0 8927156 578896  53552 S 401.0   3.5  37:15.06 application
  46130 1001      20   0 8927156 578896  53552 S 400.0   3.5  37:19.06 application
  46130 1001      20   0 8927156 578896  53552 S 398.0   3.5  37:23.04 application
  46130 1001      20   0 8927156 578896  53552 S 399.0   3.5  37:27.07 application
  46130 1001      20   0 8927156 578896  53552 S 399.0   3.5  37:31.06 application
  46130 1001      20   0 8927156 578896  53552 S 401.0   3.5  37:35.07 application
  46130 1001      20   0 8927156 578896  53552 S 399.0   3.5  37:39.06 application
  46130 1001      20   0 8927156 578896  53552 S 401.0   3.5  37:43.07 application
  46130 1001      20   0 8927156 578896  53552 S 399.0   3.5  37:47.06 application
  46130 1001      20   0 8927156 578896  53552 S 400.0   3.5  37:51.06 application
  46130 1001      20   0 8927