Running 1m test @ http://erik-pc.local:8080/fruits
  4 threads and 100 connections
  Thread calibration: mean lat.: 196.458ms, rate sampling interval: 1073ms
  Thread calibration: mean lat.: 103.465ms, rate sampling interval: 482ms
  Thread calibration: mean lat.: 208.512ms, rate sampling interval: 996ms
  Thread calibration: mean lat.: 102.127ms, rate sampling interval: 506ms
  Thread Stats   Avg      Stdev     Max   +/- Stdev
    Latency     1.09s     1.39s    6.60s    86.90%
    Req/Sec     4.62k   767.93     6.19k    68.35%
  Latency Distribution (HdrHistogram - Recorded Latency)
 50.000%  474.37ms
 75.000%    1.61s 
 90.000%    3.13s 
 99.000%    6.03s 
 99.900%    6.47s 
 99.990%    6.53s 
 99.999%    6.59s 
100.000%    6.60s 

  Detailed Percentile spectrum:
       Value   Percentile   TotalCount 1/(1-Percentile)

       0.560     0.000000            1         1.00
      34.751     0.100000        91813         1.11
     103.423     0.200000       183515         1.25
     189.695     0.300000       275305         1.43
     303.103     0.400000       366961         1.67
     474.367     0.500000       458818         2.00
     567.807     0.550000       504671         2.22
     696.319     0.600000       550480         2.50
     970.239     0.650000       596319         2.86
    1313.791     0.700000       642297         3.33
    1614.847     0.750000       688166         4.00
    1805.311     0.775000       710996         4.44
    2051.071     0.800000       733919         5.00
    2222.079     0.825000       756882         5.71
    2349.055     0.850000       779858         6.67
    2584.575     0.875000       802730         8.00
    2881.535     0.887500       814183         8.89
    3133.439     0.900000       825762        10.00
    3260.415     0.912500       837224        11.43
    3497.983     0.925000       848587        13.33
    3807.231     0.937500       860118        16.00
    4112.383     0.943750       865805        17.78
    4382.719     0.950000       871546        20.00
    4472.831     0.956250       877286        22.86
    4812.799     0.962500       883022        26.67
    4993.023     0.968750       888839        32.00
    5124.095     0.971875       891609        35.56
    5337.087     0.975000       894459        40.00
    5607.423     0.978125       897327        45.71
    5775.359     0.981250       900353        53.33
    5820.415     0.984375       903132        64.00
    5844.991     0.985938       904502        71.11
    5877.759     0.987500       905929        80.00
    5951.487     0.989062       907371        91.43
    6107.135     0.990625       908807       106.67
    6168.575     0.992188       910345       128.00
    6184.959     0.992969       910994       142.22
    6205.439     0.993750       911780       160.00
    6234.111     0.994531       912385       182.86
    6320.127     0.995313       913122       213.33
    6365.183     0.996094       913849       256.00
    6385.663     0.996484       914205       284.44
    6402.047     0.996875       914608       320.00
    6414.335     0.997266       914981       365.71
    6422.527     0.997656       915242       426.67
    6434.815     0.998047       915599       512.00
    6443.007     0.998242       915889       568.89
    6447.103     0.998437       916019       640.00
    6455.295     0.998633       916226       731.43
    6459.391     0.998828       916314       853.33
    6471.679     0.999023       916564      1024.00
    6475.775     0.999121       916640      1137.78
    6479.871     0.999219       916709      1280.00
    6483.967     0.999316       916776      1462.86
    6492.159     0.999414       916937      1706.67
    6496.255     0.999512       917005      2048.00
    6496.255     0.999561       917005      2275.56
    6500.351     0.999609       917057      2560.00
    6504.447     0.999658       917109      2925.71
    6508.543     0.999707       917151      3413.33
    6512.639     0.999756       917192      4096.00
    6512.639     0.999780       917192      4551.11
    6516.735     0.999805       917226      5120.00
    6520.831     0.999829       917262      5851.43
    6520.831     0.999854       917262      6826.67
    6524.927     0.999878       917279      8192.00
    6529.023     0.999890       917296      9102.22
    6533.119     0.999902       917305     10240.00
    6537.215     0.999915       917315     11702.86
    6541.311     0.999927       917329     13653.33
    6545.407     0.999939       917338     16384.00
    6549.503     0.999945       917347     18204.44
    6549.503     0.999951       917347     20480.00
    6553.599     0.999957       917354     23405.71
    6561.791     0.999963       917358     27306.67
    6569.983     0.999969       917365     32768.00
    6569.983     0.999973       917365     36408.89
    6574.079     0.999976       917372     40960.00
    6574.079     0.999979       917372     46811.43
    6578.175     0.999982       917377     54613.33
    6578.175     0.999985       917377     65536.00
    6578.175     0.999986       917377     72817.78
    6582.271     0.999988       917378     81920.00
    6590.463     0.999989       917382     93622.86
    6590.463     0.999991       917382    109226.67
    6594.559     0.999992       917384    131072.00
    6594.559     0.999993       917384    145635.56
    6594.559     0.999994       917384    163840.00
    6598.655     0.999995       917387    187245.71
    6598.655     0.999995       917387    218453.33
    6598.655     0.999996       917387    262144.00
    6598.655     0.999997       917387    291271.11
    6598.655     0.999997       917387    327680.00
    6598.655     0.999997       917387    374491.43
    6598.655     0.999998       917387    436906.67
    6602.751     0.999998       917389    524288.00
    6602.751     1.000000       917389          inf
#[Mean    =     1094.813, StdDeviation   =     1392.697]
#[Max     =     6598.656, Total count    =       917389]
#[Buckets =           27, SubBuckets     =         2048]
----------------------------------------------------------
  1102720 requests in 1.00m, 178.78MB read
Requests/sec:  18378.16
Transfer/sec:      2.98MB
