Running 1m test @ http://erik-pc.local:8080/fruits
  4 threads and 100 connections
  Thread calibration: mean lat.: 3.115ms, rate sampling interval: 10ms
  Thread calibration: mean lat.: 3.180ms, rate sampling interval: 10ms
  Thread calibration: mean lat.: 3.414ms, rate sampling interval: 10ms
  Thread calibration: mean lat.: 3.274ms, rate sampling interval: 10ms
  Thread Stats   Avg      Stdev     Max   +/- Stdev
    Latency     3.28ms    1.13ms  13.10ms   71.45%
    Req/Sec     2.64k   384.39     5.22k    76.36%
  Latency Distribution (HdrHistogram - Recorded Latency)
 50.000%    3.31ms
 75.000%    4.02ms
 90.000%    4.55ms
 99.000%    5.99ms
 99.900%    9.79ms
 99.990%   11.40ms
 99.999%   12.65ms
100.000%   13.11ms

  Detailed Percentile spectrum:
       Value   Percentile   TotalCount 1/(1-Percentile)

       0.522     0.000000            1         1.00
       1.807     0.100000        49882         1.11
       2.365     0.200000        99930         1.25
       2.715     0.300000       149877         1.43
       3.013     0.400000       199663         1.67
       3.305     0.500000       249626         2.00
       3.451     0.550000       274560         2.22
       3.597     0.600000       299382         2.50
       3.739     0.650000       324394         2.86
       3.881     0.700000       349271         3.33
       4.023     0.750000       374109         4.00
       4.099     0.775000       387050         4.44
       4.175     0.800000       399153         5.00
       4.255     0.825000       411501         5.71
       4.343     0.850000       424195         6.67
       4.443     0.875000       436640         8.00
       4.495     0.887500       442777         8.89
       4.555     0.900000       449135        10.00
       4.619     0.912500       455363        11.43
       4.691     0.925000       461523        13.33
       4.771     0.937500       467639        16.00
       4.819     0.943750       470696        17.78
       4.871     0.950000       473811        20.00
       4.931     0.956250       477070        22.86
       4.999     0.962500       480169        26.67
       5.079     0.968750       483207        32.00
       5.127     0.971875       484734        35.56
       5.187     0.975000       486351        40.00
       5.255     0.978125       487924        45.71
       5.335     0.981250       489422        53.33
       5.455     0.984375       490983        64.00
       5.535     0.985938       491736        71.11
       5.643     0.987500       492517        80.00
       5.827     0.989062       493299        91.43
       6.151     0.990625       494069       106.67
       6.651     0.992188       494850       128.00
       6.963     0.992969       495238       142.22
       7.283     0.993750       495627       160.00
       7.595     0.994531       496015       182.86
       7.899     0.995313       496405       213.33
       8.215     0.996094       496796       256.00
       8.391     0.996484       496993       284.44
       8.575     0.996875       497190       320.00
       8.767     0.997266       497383       365.71
       8.967     0.997656       497578       426.67
       9.175     0.998047       497770       512.00
       9.279     0.998242       497866       568.89
       9.415     0.998437       497970       640.00
       9.519     0.998633       498063       731.43
       9.663     0.998828       498160       853.33
       9.807     0.999023       498263      1024.00
       9.879     0.999121       498304      1137.78
       9.967     0.999219       498354      1280.00
      10.055     0.999316       498402      1462.86
      10.151     0.999414       498453      1706.67
      10.271     0.999512       498501      2048.00
      10.319     0.999561       498527      2275.56
      10.423     0.999609       498548      2560.00
      10.503     0.999658       498573      2925.71
      10.615     0.999707       498596      3413.33
      10.759     0.999756       498621      4096.00
      10.823     0.999780       498633      4551.11
      10.927     0.999805       498645      5120.00
      10.999     0.999829       498657      5851.43
      11.087     0.999854       498671      6826.67
      11.239     0.999878       498682      8192.00
      11.303     0.999890       498688      9102.22
      11.415     0.999902       498694     10240.00
      11.527     0.999915       498700     11702.86
      11.687     0.999927       498706     13653.33
      11.815     0.999939       498712     16384.00
      11.855     0.999945       498715     18204.44
      11.967     0.999951       498718     20480.00
      12.087     0.999957       498721     23405.71
      12.135     0.999963       498724     27306.67
      12.207     0.999969       498727     32768.00
      12.343     0.999973       498729     36408.89
      12.359     0.999976       498730     40960.00
      12.455     0.999979       498732     46811.43
      12.487     0.999982       498733     54613.33
      12.639     0.999985       498735     65536.00
      12.647     0.999986       498736     72817.78
      12.647     0.999988       498736     81920.00
      12.655     0.999989       498737     93622.86
      12.767     0.999991       498738    109226.67
      12.775     0.999992       498739    131072.00
      12.775     0.999993       498739    145635.56
      12.775     0.999994       498739    163840.00
      12.879     0.999995       498740    187245.71
      12.879     0.999995       498740    218453.33
      12.999     0.999996       498741    262144.00
      12.999     0.999997       498741    291271.11
      12.999     0.999997       498741    327680.00
      12.999     0.999997       498741    374491.43
      12.999     0.999998       498741    436906.67
      13.111     0.999998       498742    524288.00
      13.111     1.000000       498742          inf
#[Mean    =        3.278, StdDeviation   =        1.133]
#[Max     =       13.104, Total count    =       498742]
#[Buckets =           27, SubBuckets     =         2048]
----------------------------------------------------------
  599418 requests in 1.00m, 97.18MB read
Requests/sec:   9990.04
Transfer/sec:      1.62MB
