   5631 root      20   0 9218556 396332  29068 S 113.3   2.4   6:36.55 java
   5631 root      20   0 9218556 396332  29068 S 134.0   2.4   6:37.89 java
   5631 root      20   0 9218556 396332  29068 S 170.0   2.4   6:39.59 java
   5631 root      20   0 9218556 396332  29068 S 168.0   2.4   6:41.27 java
   5631 root      20   0 9218556 396332  29068 S 162.4   2.4   6:42.91 java
   5631 root      20   0 9218556 396332  29068 S 171.0   2.4   6:44.62 java
   5631 root      20   0 9218556 396332  29068 S 171.0   2.4   6:46.33 java
   5631 root      20   0 9220604 396332  29068 S 167.0   2.4   6:48.00 java
   5631 root      20   0 9220604 396332  29068 S 167.0   2.4   6:49.67 java
   5631 root      20   0 9220604 396472  29068 S 169.0   2.4   6:51.36 java
   5631 root      20   0 9220604 396628  29068 S 172.0   2.4   6:53.08 java
   5631 root      20   0 9220604 396628  29068 S 168.3   2.4   6:54.78 java
   5631 root      20   0 9220604 396628  29068 S 176.0   2.4   6:56.54 java
   5631 root      20   0 9220604 396628  29068 S 166.0   2.4   6:58.20 java
   5631 root      20   0 9220604 396628  29068 S 167.0   2.4   6:59.87 java
   5631 root      20   0 9220604 396628  29068 S 173.0   2.4   7:01.60 java
   5631 root      20   0 9220604 396628  29068 S 171.0   2.4   7:03.31 java
   5631 root      20   0 9220604 396628  29068 S 170.0   2.4   7:05.01 java
   5631 root      20   0 9220604 396628  29068 S 168.3   2.4   7:06.71 java
   5631 root      20   0 9220604 396628  29068 S 172.0   2.4   7:08.43 java
   5631 root      20   0 9220604 396628  29068 S 167.0   2.4   7:10.10 java
   5631 root      20   0 9220604 396628  29068 S 165.0   2.4   7:11.75 java
   5631 root      20   0 9220604 396628  29068 S 159.0   2.4   7:13.34 java
   5631 root      20   0 9220604 396628  29068 S 166.0   2.4   7:15.00 java
   5631 root      20   0 9220604 396628  29068 S 168.3   2.4   7:16.70 java
   5631 root      20   0 9220604 396628  29068 S 170.0   2.4   7:18.40 java
   5631 root      20   0 9220604 396628  29068 S 172.0   2.4   7:20.12 java
   5631 root      20   0 9220604 396628  29068 S 173.0   2.4   7:21.85 java
   5631 root      20   0 9220604 396628  29068 S 167.0   2.4   7:23.52 java
   5631 root      20   0 9220604 396628  29068 S 172.0   2.4   7:25.24 java
   5631 root      20   0 9220604 396628  29068 S 162.0   2.4   7:26.86 java
   5631 root      20   0 9220604 396628  29068 S 169.0   2.4   7:28.55 java
   5631 root      20   0 9220604 396628  29068 S 165.3   2.4   7:30.22 java
   5631 root      20   0 9220604 396628  29068 S 175.0   2.4   7:31.97 java
   5631 root      20   0 9220604 396628  29068 S 170.0   2.4   7:33.67 java
   5631 root      20   0 9220604 396628  29068 S 168.0   2.4   7:35.35 java
   5631 root      20   0 9220604 396628  29068 S 173.0   2.4   7:37.08 java
   5631 root      20   0 9220604 396628  29068 S 172.0   2.4   7:38.80 java
   5631 root      20   0 9220604 396628  29068 S 170.0   2.4   7:40.50 java
   5631 root      20   0 9220604 396628  29068 S 168.0   2.4   7:42.18 java
   5631 root      20   0 9220604 396628  29068 S 167.3   2.4   7:43.87 java
   5631 root      20   0 9220604 396628  29068 S 168.0   2.4   7:45.55 java
   5631 root      20   0 9220604 396628  29068 S 165.0   2.4   7:47.20 java
   5631 root      20   0 9220604 396628  29068 S 174.0   2.4   7:48.94 java
   5631 root      20   0 9220604 396628  29068 S 177.0   2.4   7:50.71 java
   5631 root      20   0 9220604 396628  29068 S 171.0   2.4   7:52.42 java
   5631 root      20   0 9220604 396628  29068 S 166.0   2.4   7:54.08 java
   5631 root      20   0 9220604 396628  29068 S 172.0   2.4   7:55.80 java
   5631 root      20   0 9220604 396628  29068 S 171.3   2.4   7:57.53 java
   5631 root      20   0 9220604 396628  29068 S 167.0   2.4   7:59.20 java
   5631 root      20   0 9220604 396628  29068 S 171.0   2.4   8:00.91 java
   5631 root      20   0 9220604 396628  29068 S 172.0   2.4   8:02.63 java
   5631 root      20   0 9220604 396628  29068 S 168.0   2.4   8:04.31 java
   5631 root      20   0 9220604 396628  29068 S 167.0   2.4   8:05.