   6798 root      20   0   13.6g 836644  29028 S 206.7   5.1  38:00.04 java
   6798 root      20   0   13.6g 836888  29028 S 409.0   5.1  38:04.13 java
   6798 root      20   0   13.6g 836888  29028 S 400.0   5.1  38:08.13 java
   6798 root      20   0   13.6g 837036  29028 S 401.0   5.1  38:12.14 java
   6798 root      20   0   13.6g 837036  29028 S 395.0   5.1  38:16.13 java
   6798 root      20   0   13.6g 837036  29028 S 400.0   5.1  38:20.13 java
   6798 root      20   0   13.6g 837308  29028 S 400.0   5.1  38:24.13 java
   6798 root      20   0   13.6g 837308  29028 S 400.0   5.1  38:28.13 java
   6798 root      20   0   13.6g 837308  29028 S 400.0   5.1  38:32.13 java
   6798 root      20   0   13.6g 837308  29028 S 400.0   5.1  38:36.13 java
   6798 root      20   0   13.6g 837664  29028 S 401.0   5.1  38:40.14 java
   6798 root      20   0   13.6g 837664  29028 S 400.0   5.1  38:44.14 java
   6798 root      20   0   13.6g 837796  29028 S 396.0   5.1  38:48.14 java
   6798 root      20   0   13.6g 837932  29028 S 400.0   5.1  38:52.14 java
   6798 root      20   0   13.6g 837932  29028 S 401.0   5.1  38:56.15 java
   6798 root      20   0   13.6g 837932  29028 S 401.0   5.1  39:00.16 java
   6798 root      20   0   13.6g 837932  29028 S 399.0   5.1  39:04.15 java
   6798 root      20   0   13.6g 837932  29028 S 402.0   5.1  39:08.17 java
   6798 root      20   0   13.6g 837932  29028 S 401.0   5.1  39:12.18 java
   6798 root      20   0   13.6g 838380  29028 S 400.0   5.1  39:16.18 java
   6798 root      20   0   13.6g 838380  29028 S 404.0   5.1  39:20.22 java
   6798 root      20   0   13.6g 838380  29028 S 397.0   5.1  39:24.19 java
   6798 root      20   0   13.6g 838380  29028 S 402.0   5.1  39:28.21 java
   6798 root      20   0   13.6g 838380  29028 S 399.0   5.1  39:32.24 java
   6798 root      20   0   13.6g 838380  29028 S 401.0   5.1  39:36.25 java
   6798 root      20   0   13.6g 838380  29028 S 402.0   5.1  39:40.27 java
   6798 root      20   0   13.6g 838380  29028 S 400.0   5.1  39:44.27 java
   6798 root      20   0   13.6g 838380  29028 S 402.0   5.1  39:48.29 java
   6798 root      20   0   13.6g 838992  29028 S 398.0   5.1  39:52.27 java
   6798 root      20   0   13.6g 838992  29028 S 403.0   5.1  39:56.30 java
   6798 root      20   0   13.6g 839144  29028 S 398.0   5.1  40:00.28 java
   6798 root      20   0   13.6g 839144  29028 S 402.0   5.1  40:04.30 java
   6798 root      20   0   13.6g 839144  29028 S 404.0   5.1  40:08.34 java
   6798 root      20   0   13.6g 839144  29028 S 393.1   5.1  40:12.31 java
   6798 root      20   0   13.6g 839144  29028 S 405.0   5.1  40:16.36 java
   6798 root      20   0   13.6g 839144  29028 S 396.0   5.1  40:20.32 java
   6798 root      20   0   13.6g 839144  29028 S 403.0   5.1  40:24.35 java
   6798 root      20   0   13.6g 839144  29028 S 403.0   5.1  40:28.38 java
   6798 root      20   0   13.6g 839144  29028 S 396.0   5.1  40:32.34 java
   6798 root      20   0   13.6g 839144  29028 S 403.0   5.1  40:36.37 java
   6798 root      20   0   13.6g 839392  29028 S 407.0   5.1  40:40.44 java
   6798 root      20   0   13.6g 839392  29028 S 400.0   5.1  40:44.44 java
   6798 root      20   0   13.6g 839392  29028 S 395.0   5.1  40:48.43 java
   6798 root      20   0   13.6g 839392  29028 S 400.0   5.1  40:52.43 java
   6798 root      20   0   13.6g 839392  29028 S 401.0   5.1  40:56.44 java
   6798 root      20   0   13.6g 839392  29028 S 396.0   5.1  41:00.40 java
   6798 root      20   0   13.6g 839392  29028 S 405.0   5.1  41:04.45 java
   6798 root      20   0   13.6g 839392  29028 S 402.0   5.1  41:08.47 java
   6798 root      20   0   13.6g 839392  29028 S 399.0   5.1  41:12.46 java
   6798 root      20   0   13.6g 839392  29028 S 394.0   5.1  41:16.40 java
   6798 root      20   0   13.6g 839392  29028 S 404.0   5.1  41:20.44 java
   6798 root      20   0   13.6g 839392  29028 S 407.0   5.1  41:24.51 java
   6798 root      20   0   13.6g 839456  29028 S 400.0   5.1  41:28.51 java
   6798 root      20   0   13.6g 839456  29028 S 393.1   5.1  41:32.