  52323 root      20   0   13.1g 856128  29128 S 440.0   5.2  50:11.98 java
  52323 root      20   0   13.1g 856128  29128 S 400.0   5.2  50:15.98 java
  52323 root      20   0   13.1g 856128  29128 S 400.0   5.2  50:19.98 java
  52323 root      20   0   13.1g 856412  29128 S 400.0   5.3  50:23.98 java
  52323 root      20   0   13.1g 856412  29128 S 400.0   5.3  50:27.98 java
  52323 root      20   0   13.1g 857160  29128 S 399.0   5.3  50:31.97 java
  52323 root      20   0   13.1g 857428  29128 S 400.0   5.3  50:35.97 java
  52323 root      20   0   13.1g 857428  29128 S 397.0   5.3  50:39.98 java
  52323 root      20   0   13.1g 857428  29128 S 400.0   5.3  50:43.98 java
  52323 root      20   0   13.1g 857428  29128 S 399.0   5.3  50:47.97 java
  52323 root      20   0   13.1g 857428  29128 S 401.0   5.3  50:51.98 java
  52323 root      20   0   13.1g 857428  29128 S 399.0   5.3  50:55.97 java
  52323 root      20   0   13.1g 857428  29128 S 400.0   5.3  50:59.97 java
  52323 root      20   0   13.1g 857428  29128 S 401.0   5.3  51:03.98 java
  52323 root      20   0   13.1g 857976  29128 S 400.0   5.3  51:07.98 java
  52323 root      20   0   13.1g 857976  29128 S 396.0   5.3  51:11.98 java
  52323 root      20   0   13.1g 857976  29128 S 401.0   5.3  51:15.99 java
  52323 root      20   0   13.1g 857976  29128 S 401.0   5.3  51:20.00 java
  52323 root      20   0   13.1g 857976  29128 S 400.0   5.3  51:24.00 java
  52323 root      20   0   13.1g 857976  29128 S 401.0   5.3  51:28.01 java
  52323 root      20   0   13.1g 858108  29128 S 400.0   5.3  51:32.01 java
  52323 root      20   0   13.1g 858108  29128 S 399.0   5.3  51:36.00 java
  52323 root      20   0   13.1g 858108  29128 S 403.0   5.3  51:40.03 java
  52323 root      20   0   13.1g 858984  29128 S 400.0   5.3  51:44.03 java
  52323 root      20   0   13.1g 858984  29128 S 402.0   5.3  51:48.05 java
  52323 root      20   0   13.1g 858984  29128 S 399.0   5.3  51:52.08 java
  52323 root      20   0   13.1g 859232  29128 S 398.0   5.3  51:56.06 java
  52323 root      20   0   13.1g 859232  29128 S 404.0   5.3  52:00.10 java
  52323 root      20   0   13.1g 859352  29128 S 398.0   5.3  52:04.08 java
  52323 root      20   0   13.1g 859352  29128 S 403.0   5.3  52:08.11 java
  52323 root      20   0   13.1g 859352  29128 S 398.0   5.3  52:12.09 java
  52323 root      20   0   13.1g 859352  29128 S 401.0   5.3  52:16.10 java
  52323 root      20   0   13.1g 859352  29128 S 407.0   5.3  52:20.17 java
  52323 root      20   0   13.1g 859352  29128 S 399.0   5.3  52:24.16 java
  52323 root      20   0   13.1g 859352  29128 S 400.0   5.3  52:28.16 java
  52323 root      20   0   13.1g 859352  29128 S 399.0   5.3  52:32.19 java
  52323 root      20   0   13.1g 859352  29128 S 397.0   5.3  52:36.16 java
  52323 root      20   0   13.1g 859352  29128 S 399.0   5.3  52:40.15 java
  52323 root      20   0   13.1g 859352  29128 S 402.0   5.3  52:44.17 java
  52323 root      20   0   13.1g 859352  29128 S 401.0   5.3  52:48.18 java
  52323 root      20   0   13.1g 859352  29128 S 404.0   5.3  52:52.22 java
  52323 root      20   0   13.1g 860816  29128 S 396.0   5.3  52:56.18 java
  52323 root      20   0   13.1g 860816  29128 S 407.0   5.3  53:00.25 java
  52323 root      20   0   13.1g 860816  29128 S 396.0   5.3  53:04.21 java
  52323 root      20   0   13.1g 860816  29128 S 400.0   5.3  53:08.21 java
  52323 root      20   0   13.1g 860816  29128 S 398.0   5.3  53:12.23 java
  52323 root      20   0   13.1g 860816  29128 S 407.0   5.3  53:16.30 java
  52323 root      20   0   13.1g 860816  29128 S 395.0   5.3  53:20.25 java
  52323 root      20   0   13.1g 860964  29128 S 403.0   5.3  53:24.28 java
  52323 root      20   0   13.1g 860964  29128 S 397.0   5.3  53:28.25 java
  52323 root      20   0   13.1g 860964  29128 S 407.0   5.3  53:32.32 java
  52323 root      20   0   13.1g 860964  29128 S 398.0   5.3  53:36.30 java
  52323 root      20   0   13.1g 860964  29128 S 401.0   5.3  53:40.31 java
  52323 root      20   0   13.1g 860964  29128 S 399.0   5.3  53:44.