   5631 root      20   0 9220604 599984  29068 S 180.0   3.7  95:24.09 java
   5631 root      20   0 9220604 599984  29068 S 414.0   3.7  95:28.23 java
   5631 root      20   0 9220604 599984  29068 S 399.0   3.7  95:32.22 java
   5631 root      20   0 9220604 599984  29068 S 397.0   3.7  95:36.23 java
   5631 root      20   0 9220604 599984  29068 S 400.0   3.7  95:40.23 java
   5631 root      20   0 9220604 600304  29068 S 400.0   3.7  95:44.23 java
   5631 root      20   0 9220604 600304  29068 S 400.0   3.7  95:48.23 java
   5631 root      20   0 9220604 600304  29068 S 402.0   3.7  95:52.25 java
   5631 root      20   0 9220604 600304  29068 S 400.0   3.7  95:56.25 java
   5631 root      20   0 9220604 600304  29068 S 403.0   3.7  96:00.28 java
   5631 root      20   0 9220604 600304  29068 S 400.0   3.7  96:04.28 java
   5631 root      20   0 9220604 600304  29068 S 399.0   3.7  96:08.27 java
   5631 root      20   0 9220604 600304  29068 S 397.0   3.7  96:12.28 java
   5631 root      20   0 9220604 600304  29068 S 400.0   3.7  96:16.28 java
   5631 root      20   0 9220604 600304  29068 S 403.0   3.7  96:20.31 java
   5631 root      20   0 9220604 600304  29068 S 401.0   3.7  96:24.32 java
   5631 root      20   0 9220604 600304  29068 S 399.0   3.7  96:28.31 java
   5631 root      20   0 9220604 600304  29068 S 397.0   3.7  96:32.28 java
   5631 root      20   0 9220604 600304  29068 S 403.0   3.7  96:36.31 java
   5631 root      20   0 9220604 600304  29068 S 401.0   3.7  96:40.32 java
   5631 root      20   0 9220604 600304  29068 S 401.0   3.7  96:44.33 java
   5631 root      20   0 9220604 600304  29068 S 400.0   3.7  96:48.33 java
   5631 root      20   0 9220604 600304  29068 S 399.0   3.7  96:52.32 java
   5631 root      20   0 9220604 600304  29068 S 396.0   3.7  96:56.32 java
   5631 root      20   0 9220604 600304  29068 S 401.0   3.7  97:00.33 java
   5631 root      20   0 9220604 600304  29068 S 399.0   3.7  97:04.32 java
   5631 root      20   0 9220604 600304  29068 S 400.0   3.7  97:08.32 java
   5631 root      20   0 9220604 600304  29068 S 401.0   3.7  97:12.33 java
   5631 root      20   0 9220604 600304  29068 S 400.0   3.7  97:16.33 java
   5631 root      20   0 9220604 600304  29068 S 400.0   3.7  97:20.33 java
   5631 root      20   0 9220604 600304  29068 S 399.0   3.7  97:24.32 java
   5631 root      20   0 9220604 600304  29068 S 400.0   3.7  97:28.32 java
   5631 root      20   0 9220604 600304  29068 S 397.0   3.7  97:32.33 java
   5631 root      20   0 9220604 600304  29068 S 399.0   3.7  97:36.32 java
   5631 root      20   0 9220604 600304  29068 S 401.0   3.7  97:40.33 java
   5631 root      20   0 9220604 600304  29068 S 399.0   3.7  97:44.32 java
   5631 root      20   0 9220604 600304  29068 S 400.0   3.7  97:48.32 java
   5631 root      20   0 9220604 600304  29068 S 400.0   3.7  97:52.32 java
   5631 root      20   0 9220604 600304  29068 S 401.0   3.7  97:56.33 java
   5631 root      20   0 9220604 600304  29068 S 399.0   3.7  98:00.32 java
   5631 root      20   0 9220604 600304  29068 S 396.0   3.7  98:04.32 java
   5631 root      20   0 9220604 600304  29068 S 401.0   3.7  98:08.33 java
   5631 root      20   0 9220604 600304  29068 S 400.0   3.7  98:12.33 java
   5631 root      20   0 9220604 600304  29068 S 400.0   3.7  98:16.33 java
   5631 root      20   0 9220604 600304  29068 S 400.0   3.7  98:20.33 java
   5631 root      20   0 9220604 600304  29068 S 399.0   3.7  98:24.32 java
   5631 root      20   0 9220604 600304  29068 S 400.0   3.7  98:28.32 java
   5631 root      20   0 9220604 600304  29068 S 396.0   3.7  98:32.32 java
   5631 root      20   0 9220604 600304  29068 S 401.0   3.7  98:36.33 java
   5631 root      20   0 9220604 600304  29068 S 401.0   3.7  98:40.34 java
   5631 root      20   0 9220604 600304  29068 S 401.0   3.7  98:44.35 java
   5631 root      20   0 9220604 600304  29068 S 401.0   3.7  98:48.36 java
   5631 root      20   0 9220604 600304  29068 S 400.0   3.7  98:52.36 java
   5631 root      20   0 9220604 600304  29068 S 402.0   3.7  98:56.