  51742 root      20   0 9218556 394484  28976 S 200.0   2.4   8:31.89 java
  51742 root      20   0 9218556 394484  28976 S 170.0   2.4   8:33.59 java
  51742 root      20   0 9218556 394484  28976 S 204.0   2.4   8:35.63 java
  51742 root      20   0 9218556 394484  28976 S 210.0   2.4   8:37.73 java
  51742 root      20   0 9218556 394484  28976 S 202.0   2.4   8:39.75 java
  51742 root      20   0 9218556 394484  28976 S 203.0   2.4   8:41.78 java
  51742 root      20   0 9218556 394484  28976 S 195.0   2.4   8:43.73 java
  51742 root      20   0 9218556 394796  28976 S 205.0   2.4   8:45.80 java
  51742 root      20   0 9218556 395092  28976 S 204.0   2.4   8:47.84 java
  51742 root      20   0 9218556 395092  28976 S 201.0   2.4   8:49.85 java
  51742 root      20   0 9218556 395092  28976 S 200.0   2.4   8:51.85 java
  51742 root      20   0 9218556 395340  28976 S 196.0   2.4   8:53.81 java
  51742 root      20   0 9218556 395340  28976 S 201.0   2.4   8:55.82 java
  51742 root      20   0 9218556 395340  28976 S 202.0   2.4   8:57.84 java
  51742 root      20   0 9218556 395340  28976 S 196.0   2.4   8:59.80 java
  51742 root      20   0 9218556 395340  28976 S 205.0   2.4   9:01.85 java
  51742 root      20   0 9218556 395340  28976 S 208.0   2.4   9:03.93 java
  51742 root      20   0 9218556 395340  28976 S 206.9   2.4   9:06.02 java
  51742 root      20   0 9218556 395340  28976 S 205.0   2.4   9:08.07 java
  51742 root      20   0 9218556 395340  28976 S 205.0   2.4   9:10.12 java
  51742 root      20   0 9218556 395340  28976 S 210.0   2.4   9:12.22 java
  51742 root      20   0 9218556 395340  28976 S 203.0   2.4   9:14.25 java
  51742 root      20   0 9218556 395340  28976 S 214.0   2.4   9:16.39 java
  51742 root      20   0 9218556 395340  28976 S 210.0   2.4   9:18.49 java
  51742 root      20   0 9218556 395340  28976 S 198.0   2.4   9:20.47 java
  51742 root      20   0 9218556 395340  28976 S 193.1   2.4   9:22.42 java
  51742 root      20   0 9218556 395340  28976 S 194.0   2.4   9:24.36 java
  51742 root      20   0 9218556 395340  28976 S 202.0   2.4   9:26.38 java
  51742 root      20   0 9218556 395340  28976 S 196.0   2.4   9:28.34 java
  51742 root      20   0 9218556 395340  28976 S 200.0   2.4   9:30.34 java
  51742 root      20   0 9218556 395340  28976 S 206.0   2.4   9:32.40 java
  51742 root      20   0 9218556 395340  28976 S 208.0   2.4   9:34.48 java
  51742 root      20   0 9218556 395524  28976 S 206.0   2.4   9:36.54 java
  51742 root      20   0 9218556 395524  28976 S 211.9   2.4   9:38.68 java
  51742 root      20   0 9218556 395524  28976 S 195.0   2.4   9:40.63 java
  51742 root      20   0 9218556 395524  28976 S 203.0   2.4   9:42.66 java
  51742 root      20   0 9218556 395524  28976 S 196.0   2.4   9:44.62 java
  51742 root      20   0 9218556 395524  28976 S 197.0   2.4   9:46.59 java
  51742 root      20   0 9218556 395524  28976 S 211.0   2.4   9:48.70 java
  51742 root      20   0 9218556 395524  28976 S 205.0   2.4   9:50.75 java
  51742 root      20   0 9218556 395524  28976 S 198.0   2.4   9:52.75 java
  51742 root      20   0 9218556 395524  28976 S 203.0   2.4   9:54.78 java
  51742 root      20   0 9218556 395524  28976 S 203.0   2.4   9:56.81 java
  51742 root      20   0 9218556 395524  28976 S 194.0   2.4   9:58.75 java
  51742 root      20   0 9218556 395524  28976 S 201.0   2.4  10:00.76 java
  51742 root      20   0 9218556 395524  28976 S 196.0   2.4  10:02.72 java
  51742 root      20   0 9218556 395524  28976 S 200.0   2.4  10:04.72 java
  51742 root      20   0 9218556 395524  28976 S 199.0   2.4  10:06.71 java
  51742 root      20   0 9218556 395524  28976 S 209.0   2.4  10:08.80 java
  51742 root      20   0 9218556 395524  28976 S 212.0   2.4  10:10.92 java
  51742 root      20   0 9218556 395524  28976 S 204.0   2.4  10:12.96 java
  51742 root      20   0 9218556 395524  28976 S 195.0   2.4  10:14.93 java
  51742 root      20   0 9218556 395524  28976 S 201.0   2.4  10:16.94 java
  51742 root      20   0 9218556 395524  28976 S 202.0   2.4  10:18.