  52323 root      20   0   13.1g 559848  29128 S  40.0   3.4   4:00.42 java
  52323 root      20   0   13.1g 560240  29128 S 184.0   3.4   4:02.26 java
  52323 root      20   0   13.1g 560544  29128 S 184.0   3.4   4:04.10 java
  52323 root      20   0   13.1g 560604  29128 S 184.2   3.4   4:05.96 java
  52323 root      20   0   13.1g 560860  29128 S 188.0   3.4   4:07.84 java
  52323 root      20   0   13.1g 561088  29128 S 182.0   3.4   4:09.66 java
  52323 root      20   0   13.1g 561088  29128 S 179.0   3.4   4:11.45 java
  52323 root      20   0   13.1g 561088  29128 S 182.0   3.4   4:13.27 java
  52323 root      20   0   13.1g 561088  29128 S 178.0   3.4   4:15.05 java
  52323 root      20   0   13.1g 561176  29128 S 179.0   3.4   4:16.84 java
  52323 root      20   0   13.1g 562180  29128 S 184.0   3.4   4:18.68 java
  52323 root      20   0   13.1g 562180  29128 S 183.0   3.4   4:20.51 java
  52323 root      20   0   13.1g 562180  29128 S 181.0   3.4   4:22.32 java
  52323 root      20   0   13.1g 562180  29128 S 178.2   3.4   4:24.12 java
  52323 root      20   0   13.1g 562180  29128 S 181.0   3.4   4:25.93 java
  52323 root      20   0   13.1g 562304  29128 S 179.0   3.4   4:27.72 java
  52323 root      20   0   13.1g 562304  29128 S 178.0   3.4   4:29.50 java
  52323 root      20   0   13.1g 562304  29128 S 181.0   3.4   4:31.31 java
  52323 root      20   0   13.1g 562304  29128 S 180.0   3.4   4:33.11 java
  52323 root      20   0   13.1g 562304  29128 S 179.0   3.4   4:34.90 java
  52323 root      20   0   13.1g 562304  29128 S 182.0   3.4   4:36.72 java
  52323 root      20   0   13.1g 562448  29128 S 182.0   3.4   4:38.54 java
  52323 root      20   0   13.1g 562612  29128 S 179.0   3.4   4:40.33 java
  52323 root      20   0   13.1g 562612  29128 S 179.2   3.4   4:42.14 java
  52323 root      20   0   13.1g 562612  29128 S 180.0   3.4   4:43.94 java
  52323 root      20   0   13.1g 562720  29128 S 180.0   3.5   4:45.74 java
  52323 root      20   0   13.1g 562876  29128 S 180.0   3.5   4:47.54 java
  52323 root      20   0   13.1g 562876  29128 S 179.0   3.5   4:49.33 java
  52323 root      20   0   13.1g 562876  29128 S 182.0   3.5   4:51.15 java
  52323 root      20   0   13.1g 562876  29128 S 179.0   3.5   4:52.94 java
  52323 root      20   0   13.1g 562876  29128 S 180.0   3.5   4:54.74 java
  52323 root      20   0   13.1g 562876  29128 S 182.0   3.5   4:56.56 java
  52323 root      20   0   13.1g 563016  29128 S 180.0   3.5   4:58.36 java
  52323 root      20   0   13.1g 563016  29128 S 177.2   3.5   5:00.15 java
  52323 root      20   0   13.1g 563016  29128 S 177.0   3.5   5:01.92 java
  52323 root      20   0   13.1g 563124  29128 S 181.0   3.5   5:03.73 java
  52323 root      20   0   13.1g 563124  29128 S 181.0   3.5   5:05.54 java
  52323 root      20   0   13.1g 563124  29128 S 182.0   3.5   5:07.36 java
  52323 root      20   0   13.1g 563124  29128 S 181.0   3.5   5:09.17 java
  52323 root      20   0   13.1g 563124  29128 S 180.0   3.5   5:10.97 java
  52323 root      20   0   13.1g 563252  29128 S 180.0   3.5   5:12.77 java
  52323 root      20   0   13.1g 563252  29128 S 180.0   3.5   5:14.57 java
  52323 root      20   0   13.1g 563252  29128 S 182.0   3.5   5:16.39 java
  52323 root      20   0   13.1g 563420  29128 S 177.2   3.5   5:18.18 java
  52323 root      20   0   13.1g 563420  29128 S 182.0   3.5   5:20.00 java
  52323 root      20   0   13.1g 563564  29128 S 181.0   3.5   5:21.81 java
  52323 root      20   0   13.1g 563564  29128 S 181.0   3.5   5:23.62 java
  52323 root      20   0   13.1g 564312  29128 S 183.0   3.5   5:25.45 java
  52323 root      20   0   13.1g 564312  29128 S 180.0   3.5   5:27.25 java
  52323 root      20   0   13.1g 564312  29128 S 179.0   3.5   5:29.04 java
  52323 root      20   0   13.1g 564312  29128 S 182.0   3.5   5:30.86 java
  52323 root      20   0   13.1g 564312  29128 S 181.0   3.5   5:32.67 java
  52323 root      20   0   13.1g 564440  29128 S 180.0   3.5   5:34.47 java
  52323 root      20   0   13.1g 564596  29128 S 181.2   3.5   5:36.