  51742 root      20   0 9218556 396108  28976 S  53.3   2.4  14:33.07 java
  51742 root      20   0 9218556 396108  28976 S 201.0   2.4  14:35.08 java
  51742 root      20   0 9218556 396108  28976 S 257.0   2.4  14:37.65 java
  51742 root      20   0 9218556 396108  28976 S 239.0   2.4  14:40.04 java
  51742 root      20   0 9218556 396108  28976 S 242.0   2.4  14:42.46 java
  51742 root      20   0 9218556 396108  28976 S 248.0   2.4  14:44.94 java
  51742 root      20   0 9218556 396248  28976 S 237.0   2.4  14:47.31 java
  51742 root      20   0 9218556 396412  28976 S 243.6   2.4  14:49.77 java
  51742 root      20   0 9218556 396412  28976 S 250.0   2.4  14:52.27 java
  51742 root      20   0 9218556 396412  28976 S 244.0   2.4  14:54.71 java
  51742 root      20   0 9218556 396412  28976 S 237.0   2.4  14:57.08 java
  51742 root      20   0 9218556 396412  28976 S 244.0   2.4  14:59.52 java
  51742 root      20   0 9218556 396412  28976 S 244.0   2.4  15:01.96 java
  51742 root      20   0 9218556 396412  28976 S 244.0   2.4  15:04.40 java
  51742 root      20   0 9218556 396412  28976 S 246.0   2.4  15:06.86 java
  51742 root      20   0 9218556 396412  28976 S 249.0   2.4  15:09.35 java
  51742 root      20   0 9218556 396412  28976 S 248.0   2.4  15:11.83 java
  51742 root      20   0 9218556 396412  28976 S 250.5   2.4  15:14.36 java
  51742 root      20   0 9218556 396412  28976 S 246.0   2.4  15:16.82 java
  51742 root      20   0 9218556 396412  28976 S 244.0   2.4  15:19.26 java
  51742 root      20   0 9218556 396412  28976 S 248.0   2.4  15:21.74 java
  51742 root      20   0 9218556 396412  28976 S 240.0   2.4  15:24.14 java
  51742 root      20   0 9218556 396412  28976 S 253.0   2.4  15:26.67 java
  51742 root      20   0 9218556 396412  28976 S 245.0   2.4  15:29.12 java
  51742 root      20   0 9218556 396412  28976 S 240.0   2.4  15:31.52 java
  51742 root      20   0 9218556 396412  28976 S 239.6   2.4  15:33.94 java
  51742 root      20   0 9218556 396412  28976 S 241.0   2.4  15:36.35 java
  51742 root      20   0 9218556 396412  28976 S 245.0   2.4  15:38.80 java
  51742 root      20   0 9218556 396412  28976 S 241.0   2.4  15:41.21 java
  51742 root      20   0 9218556 396412  28976 S 237.0   2.4  15:43.58 java
  51742 root      20   0 9218556 396412  28976 S 245.0   2.4  15:46.03 java
  51742 root      20   0 9218556 396412  28976 S 240.0   2.4  15:48.43 java
  51742 root      20   0 9218556 396412  28976 S 243.0   2.4  15:50.86 java
  51742 root      20   0 9218556 396412  28976 S 235.6   2.4  15:53.24 java
  51742 root      20   0 9218556 396412  28976 S 253.0   2.4  15:55.77 java
  51742 root      20   0 9218556 396412  28976 S 256.0   2.4  15:58.33 java
  51742 root      20   0 9218556 396412  28976 S 251.0   2.4  16:00.84 java
  51742 root      20   0 9218556 396412  28976 S 251.0   2.4  16:03.35 java
  51742 root      20   0 9218556 396412  28976 S 245.0   2.4  16:05.80 java
  51742 root      20   0 9218556 396412  28976 S 242.0   2.4  16:08.22 java
  51742 root      20   0 9218556 396412  28976 S 261.0   2.4  16:10.83 java
  51742 root      20   0 9218556 396412  28976 S 251.5   2.4  16:13.37 java
  51742 root      20   0 9218556 396412  28976 S 245.0   2.4  16:15.82 java
  51742 root      20   0 9218556 396412  28976 S 247.0   2.4  16:18.29 java
  51742 root      20   0 9218556 396412  28976 S 248.0   2.4  16:20.77 java
  51742 root      20   0 9218556 396412  28976 S 248.0   2.4  16:23.25 java
  51742 root      20   0 9218556 396412  28976 S 250.0   2.4  16:25.75 java
  51742 root      20   0 9218556 396412  28976 S 251.0   2.4  16:28.26 java
  51742 root      20   0 9218556 396412  28976 S 246.0   2.4  16:30.72 java
  51742 root      20   0 9218556 396412  28976 S 238.6   2.4  16:33.13 java
  51742 root      20   0 9218556 396412  28976 S 239.0   2.4  16:35.52 java
  51742 root      20   0 9218556 396412  28976 S 246.0   2.4  16:37.98 java
  51742 root      20   0 9218556 396412  28976 S 247.0   2.4  16:40.45 java
  51742 root      20   0 9218556 396412  28976 S 246.0   2.4  16:42.