  52323 root      20   0   13.1g 745080  29128 S  80.0   4.6  30:11.44 java
  52323 root      20   0   13.1g 745196  29128 S 406.0   4.6  30:15.50 java
  52323 root      20   0   13.1g 745196  29128 S 400.0   4.6  30:19.50 java
  52323 root      20   0   13.1g 745196  29128 S 400.0   4.6  30:23.50 java
  52323 root      20   0   13.1g 745196  29128 S 399.0   4.6  30:27.49 java
  52323 root      20   0   13.1g 745380  29128 S 401.0   4.6  30:31.50 java
  52323 root      20   0   13.1g 745636  29128 S 396.0   4.6  30:35.50 java
  52323 root      20   0   13.1g 745792  29128 S 400.0   4.6  30:39.50 java
  52323 root      20   0   13.1g 745792  29128 S 399.0   4.6  30:43.49 java
  52323 root      20   0   13.1g 746296  29128 S 401.0   4.6  30:47.50 java
  52323 root      20   0   13.1g 746296  29128 S 399.0   4.6  30:51.49 java
  52323 root      20   0   13.1g 746296  29128 S 400.0   4.6  30:55.49 java
  52323 root      20   0   13.1g 746296  29128 S 401.0   4.6  30:59.50 java
  52323 root      20   0   13.1g 746296  29128 S 396.0   4.6  31:03.50 java
  52323 root      20   0   13.1g 746296  29128 S 400.0   4.6  31:07.50 java
  52323 root      20   0   13.1g 746420  29128 S 401.0   4.6  31:11.51 java
  52323 root      20   0   13.1g 746420  29128 S 401.0   4.6  31:15.52 java
  52323 root      20   0   13.1g 746420  29128 S 401.0   4.6  31:19.53 java
  52323 root      20   0   13.1g 746420  29128 S 399.0   4.6  31:23.52 java
  52323 root      20   0   13.1g 746420  29128 S 403.0   4.6  31:27.55 java
  52323 root      20   0   13.1g 746420  29128 S 400.0   4.6  31:31.55 java
  52323 root      20   0   13.1g 746420  29128 S 402.0   4.6  31:35.57 java
  52323 root      20   0   13.1g 746420  29128 S 402.0   4.6  31:39.59 java
  52323 root      20   0   13.1g 746420  29128 S 398.0   4.6  31:43.57 java
  52323 root      20   0   13.1g 746476  29128 S 399.0   4.6  31:47.60 java
  52323 root      20   0   13.1g 746476  29128 S 399.0   4.6  31:51.59 java
  52323 root      20   0   13.1g 746476  29128 S 404.0   4.6  31:55.63 java
  52323 root      20   0   13.1g 746476  29128 S 399.0   4.6  31:59.62 java
  52323 root      20   0   13.1g 746476  29128 S 401.0   4.6  32:03.63 java
  52323 root      20   0   13.1g 746624  29128 S 403.0   4.6  32:07.66 java
  52323 root      20   0   13.1g 746624  29128 S 395.0   4.6  32:11.61 java
  52323 root      20   0   13.1g 746624  29128 S 403.0   4.6  32:15.64 java
  52323 root      20   0   13.1g 746816  29128 S 403.0   4.6  32:19.67 java
  52323 root      20   0   13.1g 746816  29128 S 400.0   4.6  32:23.67 java
  52323 root      20   0   13.1g 746816  29128 S 402.0   4.6  32:27.73 java
  52323 root      20   0   13.1g 747516  29128 S 394.0   4.6  32:31.67 java
  52323 root      20   0   13.1g 747516  29128 S 398.0   4.6  32:35.65 java
  52323 root      20   0   13.1g 747516  29128 S 411.0   4.6  32:39.76 java
  52323 root      20   0   13.1g 747516  29128 S 397.0   4.6  32:43.73 java
  52323 root      20   0   13.1g 747516  29128 S 399.0   4.6  32:47.72 java
  52323 root      20   0   13.1g 747516  29128 S 403.0   4.6  32:51.75 java
  52323 root      20   0   13.1g 747516  29128 S 404.0   4.6  32:55.79 java
  52323 root      20   0   13.1g 749328  29128 S 399.0   4.6  32:59.78 java
  52323 root      20   0   13.1g 749576  29128 S 402.0   4.6  33:03.80 java
  52323 root      20   0   13.1g 749576  29128 S 393.1   4.6  33:07.77 java
  52323 root      20   0   13.1g 749576  29128 S 398.0   4.6  33:11.75 java
  52323 root      20   0   13.1g 749576  29128 S 406.0   4.6  33:15.81 java
  52323 root      20   0   13.1g 749576  29128 S 400.0   4.6  33:19.81 java
  52323 root      20   0   13.1g 749576  29128 S 403.0   4.6  33:23.84 java
  52323 root      20   0   13.1g 749576  29128 S 393.0   4.6  33:27.77 java
  52323 root      20   0   13.1g 749688  29128 S 402.0   4.6  33:31.79 java
  52323 root      20   0   13.1g 749688  29128 S 404.0   4.6  33:35.83 java
  52323 root      20   0   13.1g 749784  29128 S 403.0   4.6  33:39.86 java
  52323 root      20   0   13.1g 749784  29128 S 399.0   4.6  33:43.