  51742 root      20   0 8486324 174848  28912 S 343.8   1.1   0:04.68 java
  51742 root      20   0 9218556 206140  28912 S 401.0   1.3   0:08.69 java
  51742 root      20   0 9218556 293832  28912 S 400.0   1.8   0:12.69 java
  51742 root      20   0 9218556 345760  28912 S 400.0   2.1   0:16.69 java
  51742 root      20   0 9218556 379344  28976 S 274.0   2.3   0:19.43 java
  51742 root      20   0 9218556 397576  28976 S  47.0   2.4   0:19.90 java
  51742 root      20   0 9218556 398632  28976 S  42.0   2.4   0:20.32 java
  51742 root      20   0 9218556 398644  28976 S  44.0   2.4   0:20.76 java
  51742 root      20   0 9218556 398644  28976 S  42.0   2.4   0:21.18 java
  51742 root      20   0 9218556 379796  28976 S  44.6   2.3   0:21.63 java
  51742 root      20   0 9218556 379796  28976 S  42.0   2.3   0:22.05 java
  51742 root      20   0 9218556 379796  28976 S  44.0   2.3   0:22.49 java
  51742 root      20   0 9218556 379796  28976 S  41.0   2.3   0:22.90 java
  51742 root      20   0 9218556 379796  28976 S  43.0   2.3   0:23.33 java
  51742 root      20   0 9218556 379796  28976 S  40.0   2.3   0:23.73 java
  51742 root      20   0 9218556 380324  28976 S  46.0   2.3   0:24.19 java
  51742 root      20   0 9218556 380324  28976 S  40.0   2.3   0:24.59 java
  51742 root      20   0 9218556 380324  28976 S  42.0   2.3   0:25.01 java
  51742 root      20   0 9218556 380324  28976 S  39.6   2.3   0:25.41 java
  51742 root      20   0 9218556 380324  28976 S  40.0   2.3   0:25.81 java
  51742 root      20   0 9218556 380588  28976 S  41.0   2.3   0:26.22 java
  51742 root      20   0 9218556 380588  28976 S  39.0   2.3   0:26.61 java
  51742 root      20   0 9218556 380588  28976 S  42.0   2.3   0:27.03 java
  51742 root      20   0 9218556 380588  28976 S  39.0   2.3   0:27.42 java
  51742 root      20   0 9218556 380588  28976 S  43.0   2.3   0:27.85 java
  51742 root      20   0 9218556 380588  28976 S  40.0   2.3   0:28.25 java
  51742 root      20   0 9218556 380588  28976 S  42.6   2.3   0:28.68 java
  51742 root      20   0 9218556 380588  28976 S  41.0   2.3   0:29.09 java
  51742 root      20   0 9218556 380588  28976 S  42.0   2.3   0:29.51 java
  51742 root      20   0 9218556 380588  28976 S  40.0   2.3   0:29.91 java
  51742 root      20   0 9218556 385808  28976 S  41.0   2.4   0:30.32 java
  51742 root      20   0 9218556 385808  28976 S  40.0   2.4   0:30.72 java
  51742 root      20   0 9218556 385808  28976 S  41.0   2.4   0:31.13 java
  51742 root      20   0 9218556 385808  28976 S  40.0   2.4   0:31.53 java
  51742 root      20   0 9218556 385808  28976 S  39.6   2.4   0:31.93 java
  51742 root      20   0 9218556 385808  28976 S  41.0   2.4   0:32.34 java
  51742 root      20   0 9218556 385808  28976 S  39.0   2.4   0:32.73 java
  51742 root      20   0 9218556 385808  28976 S  41.0   2.4   0:33.14 java
  51742 root      20   0 9218556 385808  28976 S  39.0   2.4   0:33.53 java
  51742 root      20   0 9218556 385808  28976 S  40.0   2.4   0:33.93 java
  51742 root      20   0 9218556 385808  28976 S  39.0   2.4   0:34.32 java
  51742 root      20   0 9218556 385808  28976 S  41.0   2.4   0:34.73 java
  51742 root      20   0 9218556 385808  28976 S  37.6   2.4   0:35.11 java
  51742 root      20   0 9218556 385808  28976 S  40.0   2.4   0:35.51 java
  51742 root      20   0 9218556 385808  28976 S  39.0   2.4   0:35.90 java
  51742 root      20   0 9218556 385808  28976 S  40.0   2.4   0:36.30 java
  51742 root      20   0 9218556 385808  28976 S  39.0   2.4   0:36.69 java
  51742 root      20   0 9218556 385808  28976 S  39.0   2.4   0:37.08 java
  51742 root      20   0 9218556 385808  28976 S  39.0   2.4   0:37.47 java
  51742 root      20   0 9218556 385808  28976 S  41.0   2.4   0:37.88 java
  51742 root      20   0 9218556 385808  28976 S  40.0   2.4   0:38.28 java
  51742 root      20   0 9218556 385808  28976 S  39.6   2.4   0:38.68 java
  51742 root      20   0 9218556 385808  28976 S  40.0   2.4   0:39.08 java
  51742 root      20   0 9218556 385808  28976 S  40.0   2.4   0:39.