  51742 root      20   0 9218556 397648  28976 S 233.3   2.4  22:29.84 java
  51742 root      20   0 9218556 397648  28976 S 263.0   2.4  22:32.47 java
  51742 root      20   0 9218556 397648  28976 S 326.0   2.4  22:35.73 java
  51742 root      20   0 9218556 397648  28976 S 325.0   2.4  22:38.98 java
  51742 root      20   0 9218556 397648  28976 S 312.0   2.4  22:42.10 java
  51742 root      20   0 9218556 397960  28976 S 312.0   2.4  22:45.22 java
  51742 root      20   0 9218556 397960  28976 S 309.0   2.4  22:48.31 java
  51742 root      20   0 9218556 397960  28976 S 304.0   2.4  22:51.38 java
  51742 root      20   0 9218556 397960  28976 S 315.0   2.4  22:54.53 java
  51742 root      20   0 9218556 397960  28976 S 317.0   2.4  22:57.70 java
  51742 root      20   0 9218556 397960  28976 S 308.0   2.4  23:00.78 java
  51742 root      20   0 9218556 397960  28976 S 313.0   2.4  23:03.91 java
  51742 root      20   0 9218556 397960  28976 S 316.0   2.4  23:07.07 java
  51742 root      20   0 9218556 397960  28976 S 309.0   2.4  23:10.16 java
  51742 root      20   0 9218556 397960  28976 S 309.9   2.4  23:13.29 java
  51742 root      20   0 9218556 397960  28976 S 315.0   2.4  23:16.44 java
  51742 root      20   0 9218556 397960  28976 S 316.0   2.4  23:19.60 java
  51742 root      20   0 9218556 397960  28976 S 314.0   2.4  23:22.74 java
  51742 root      20   0 9218556 397960  28976 S 315.0   2.4  23:25.89 java
  51742 root      20   0 9218556 397960  28976 S 315.0   2.4  23:29.04 java
  51742 root      20   0 9218556 397960  28976 S 326.0   2.4  23:32.30 java
  51742 root      20   0 9218556 397960  28976 S 315.0   2.4  23:35.45 java
  51742 root      20   0 9218556 397960  28976 S 316.0   2.4  23:38.61 java
  51742 root      20   0 9218556 397960  28976 S 314.0   2.4  23:41.75 java
  51742 root      20   0 9218556 397960  28976 S 316.8   2.4  23:44.95 java
  51742 root      20   0 9218556 397960  28976 S 323.0   2.4  23:48.18 java
  51742 root      20   0 9218556 397960  28976 S 314.0   2.4  23:51.32 java
  51742 root      20   0 9218556 397960  28976 S 328.0   2.4  23:54.60 java
  51742 root      20   0 9218556 397960  28976 S 329.0   2.4  23:57.89 java
  51742 root      20   0 9218556 397960  28976 S 323.0   2.4  24:01.12 java
  51742 root      20   0 9218556 397960  28976 S 315.0   2.4  24:04.27 java
  51742 root      20   0 9218556 397960  28976 S 309.0   2.4  24:07.36 java
  51742 root      20   0 9218556 397960  28976 S 313.0   2.4  24:10.49 java
  51742 root      20   0 9218556 397960  28976 S 318.0   2.4  24:13.67 java
  51742 root      20   0 9218556 397960  28976 S 317.8   2.4  24:16.88 java
  51742 root      20   0 9218556 397960  28976 S 311.0   2.4  24:19.99 java
  51742 root      20   0 9218556 398132  28976 S 315.0   2.4  24:23.14 java
  51742 root      20   0 9218556 398132  28976 S 324.0   2.4  24:26.38 java
  51742 root      20   0 9218556 398132  28976 S 313.0   2.4  24:29.51 java
  51742 root      20   0 9218556 398132  28976 S 320.0   2.4  24:32.71 java
  51742 root      20   0 9218556 398132  28976 S 336.0   2.4  24:36.07 java
  51742 root      20   0 9218556 398132  28976 S 325.0   2.4  24:39.32 java
  51742 root      20   0 9218556 398132  28976 S 331.0   2.4  24:42.63 java
  51742 root      20   0 9218556 398132  28976 S 324.8   2.4  24:45.91 java
  51742 root      20   0 9218556 398132  28976 S 327.0   2.4  24:49.18 java
  51742 root      20   0 9218556 398132  28976 S 316.0   2.4  24:52.34 java
  51742 root      20   0 9218556 398132  28976 S 316.0   2.4  24:55.50 java
  51742 root      20   0 9218556 398132  28976 S 321.0   2.4  24:58.71 java
  51742 root      20   0 9218556 398132  28976 S 322.0   2.4  25:01.93 java
  51742 root      20   0 9218556 398132  28976 S 319.0   2.4  25:05.12 java
  51742 root      20   0 9218556 398132  28976 S 318.0   2.4  25:08.30 java
  51742 root      20   0 9218556 398132  28976 S 309.9   2.4  25:11.43 java
  51742 root      20   0 9218556 398132  28976 S 315.0   2.4  25:14.58 java
  51742 root      20   0 9218556 398132  28976 S 328.0   2.4  25:17.