   5631 root      20   0 9220604 452476  29068 S 368.8   2.8  27:49.80 java
   5631 root      20   0 9220604 452476  29068 S 384.0   2.8  27:53.64 java
   5631 root      20   0 9220604 452476  29068 S 391.0   2.8  27:57.55 java
   5631 root      20   0 9220604 452476  29068 S 398.0   2.8  28:01.53 java
   5631 root      20   0 9220604 453104  29068 S 383.0   2.8  28:05.36 java
   5631 root      20   0 9220604 453104  29068 S 393.0   2.8  28:09.29 java
   5631 root      20   0 9220604 453104  29068 S 386.0   2.8  28:13.15 java
   5631 root      20   0 9220604 453104  29068 S 396.0   2.8  28:17.11 java
   5631 root      20   0 9220604 453104  29068 S 401.0   2.8  28:21.12 java
   5631 root      20   0 9220604 453104  29068 S 385.1   2.8  28:25.01 java
   5631 root      20   0 9220604 453104  29068 S 386.0   2.8  28:28.87 java
   5631 root      20   0 9220604 453104  29068 S 388.0   2.8  28:32.75 java
   5631 root      20   0 9220604 453104  29068 S 396.0   2.8  28:36.71 java
   5631 root      20   0 9220604 453104  29068 S 393.0   2.8  28:40.64 java
   5631 root      20   0 9220604 453104  29068 S 397.0   2.8  28:44.61 java
   5631 root      20   0 9220604 453104  29068 S 395.0   2.8  28:48.56 java
   5631 root      20   0 9220604 453104  29068 S 393.0   2.8  28:52.49 java
   5631 root      20   0 9220604 453104  29068 S 384.0   2.8  28:56.33 java
   5631 root      20   0 9220604 453104  29068 S 378.2   2.8  29:00.15 java
   5631 root      20   0 9220604 453104  29068 S 398.0   2.8  29:04.13 java
   5631 root      20   0 9220604 453104  29068 S 398.0   2.8  29:08.11 java
   5631 root      20   0 9220604 453104  29068 S 399.0   2.8  29:12.10 java
   5631 root      20   0 9220604 453104  29068 S 392.0   2.8  29:16.02 java
   5631 root      20   0 9220604 453104  29068 S 403.0   2.8  29:20.05 java
   5631 root      20   0 9220604 453104  29068 S 381.0   2.8  29:23.86 java
   5631 root      20   0 9220604 453104  29068 S 383.0   2.8  29:27.69 java
   5631 root      20   0 9220604 453104  29068 S 402.0   2.8  29:31.71 java
   5631 root      20   0 9220604 453104  29068 S 391.0   2.8  29:35.62 java
   5631 root      20   0 9220604 453104  29068 S 391.1   2.8  29:39.57 java
   5631 root      20   0 9220604 453104  29068 S 386.0   2.8  29:43.43 java
   5631 root      20   0 9220604 453104  29068 S 395.0   2.8  29:47.38 java
   5631 root      20   0 9220604 453104  29068 S 387.0   2.8  29:51.25 java
   5631 root      20   0 9220604 453104  29068 S 385.0   2.8  29:55.10 java
   5631 root      20   0 9220604 453104  29068 S 391.0   2.8  29:59.01 java
   5631 root      20   0 9220604 453104  29068 S 400.0   2.8  30:03.01 java
   5631 root      20   0 9220604 453104  29068 S 379.2   2.8  30:06.84 java
   5631 root      20   0 9220604 453104  29068 S 377.0   2.8  30:10.61 java
   5631 root      20   0 9220604 453104  29068 S 384.0   2.8  30:14.45 java
   5631 root      20   0 9220604 453104  29068 S 379.0   2.8  30:18.24 java
   5631 root      20   0 9220604 453104  29068 S 377.0   2.8  30:22.01 java
   5631 root      20   0 9220604 453104  29068 S 391.0   2.8  30:25.92 java
   5631 root      20   0 9220604 453104  29068 S 386.0   2.8  30:29.78 java
   5631 root      20   0 9220604 453104  29068 S 393.0   2.8  30:33.71 java
   5631 root      20   0 9220604 453104  29068 S 387.0   2.8  30:37.58 java
   5631 root      20   0 9220604 453104  29068 S 395.0   2.8  30:41.53 java
   5631 root      20   0 9220604 453104  29068 S 370.3   2.8  30:45.27 java
   5631 root      20   0 9220604 453104  29068 S 371.0   2.8  30:48.98 java
   5631 root      20   0 9220604 453104  29068 S 385.0   2.8  30:52.83 java
   5631 root      20   0 9220604 453104  29068 S 400.0   2.8  30:56.83 java
   5631 root      20   0 9220604 453104  29068 S 398.0   2.8  31:00.81 java
   5631 root      20   0 9220604 453284  29068 S 395.0   2.8  31:04.76 java
   5631 root      20   0 9220604 453284  29068 S 386.0   2.8  31:08.62 java
   5631 root      20   0 9220604 453284  29068 S 392.0   2.8  31:12.54 java
   5631 root      20   0 9220604 453284  29068 S 388.1   2.8  31:16.