   6798 root      20   0   13.6g 843484  29028 S 253.3   5.2  46:00.11 java
   6798 root      20   0   13.6g 843484  29028 S 406.0   5.2  46:04.17 java
   6798 root      20   0   13.6g 843588  29028 S 401.0   5.2  46:08.18 java
   6798 root      20   0   13.6g 843588  29028 S 396.0   5.2  46:12.18 java
   6798 root      20   0   13.6g 843588  29028 S 399.0   5.2  46:16.17 java
   6798 root      20   0   13.6g 843588  29028 S 400.0   5.2  46:20.17 java
   6798 root      20   0   13.6g 843876  29028 S 401.0   5.2  46:24.18 java
   6798 root      20   0   13.6g 843876  29028 S 399.0   5.2  46:28.17 java
   6798 root      20   0   13.6g 843876  29028 S 400.0   5.2  46:32.17 java
   6798 root      20   0   13.6g 843876  29028 S 400.0   5.2  46:36.17 java
   6798 root      20   0   13.6g 843876  29028 S 400.0   5.2  46:40.17 java
   6798 root      20   0   13.6g 843876  29028 S 397.0   5.2  46:44.18 java
   6798 root      20   0   13.6g 844140  29028 S 400.0   5.2  46:48.18 java
   6798 root      20   0   13.6g 844140  29028 S 401.0   5.2  46:52.19 java
   6798 root      20   0   13.6g 844140  29028 S 400.0   5.2  46:56.19 java
   6798 root      20   0   13.6g 844140  29028 S 402.0   5.2  47:00.21 java
   6798 root      20   0   13.6g 844140  29028 S 399.0   5.2  47:04.20 java
   6798 root      20   0   13.6g 844140  29028 S 401.0   5.2  47:08.21 java
   6798 root      20   0   13.6g 844140  29028 S 400.0   5.2  47:12.21 java
   6798 root      20   0   13.6g 844140  29028 S 404.0   5.2  47:16.25 java
   6798 root      20   0   13.6g 844140  29028 S 400.0   5.2  47:20.25 java
   6798 root      20   0   13.6g 844292  29028 S 401.0   5.2  47:24.26 java
   6798 root      20   0   13.6g 844292  29028 S 398.0   5.2  47:28.28 java
   6798 root      20   0   13.6g 845748  29028 S 402.0   5.2  47:32.30 java
   6798 root      20   0   13.6g 845748  29028 S 400.0   5.2  47:36.30 java
   6798 root      20   0   13.6g 846004  29028 S 402.0   5.2  47:40.32 java
   6798 root      20   0   13.6g 846120  29028 S 395.0   5.2  47:44.27 java
   6798 root      20   0   13.6g 846120  29028 S 406.0   5.2  47:48.33 java
   6798 root      20   0   13.6g 846120  29028 S 403.0   5.2  47:52.36 java
   6798 root      20   0   13.6g 847324  29028 S 396.0   5.2  47:56.32 java
   6798 root      20   0   13.6g 847324  29028 S 398.0   5.2  48:00.30 java
   6798 root      20   0   13.6g 847324  29028 S 405.0   5.2  48:04.35 java
   6798 root      20   0   13.6g 847324  29028 S 399.0   5.2  48:08.38 java
   6798 root      20   0   13.6g 847324  29028 S 402.0   5.2  48:12.40 java
   6798 root      20   0   13.6g 847324  29028 S 399.0   5.2  48:16.39 java
   6798 root      20   0   13.6g 847324  29028 S 398.0   5.2  48:20.37 java
   6798 root      20   0   13.6g 847324  29028 S 404.0   5.2  48:24.41 java
   6798 root      20   0   13.6g 847324  29028 S 404.0   5.2  48:28.45 java
   6798 root      20   0   13.6g 847324  29028 S 392.0   5.2  48:32.37 java
   6798 root      20   0   13.6g 847324  29028 S 402.0   5.2  48:36.39 java
   6798 root      20   0   13.6g 847324  29028 S 407.0   5.2  48:40.46 java
   6798 root      20   0   13.6g 847324  29028 S 398.0   5.2  48:44.48 java
   6798 root      20   0   13.6g 847580  29028 S 400.0   5.2  48:48.48 java
   6798 root      20   0   13.6g 847580  29028 S 395.0   5.2  48:52.43 java
   6798 root      20   0   13.6g 847580  29028 S 401.0   5.2  48:56.44 java
   6798 root      20   0   13.6g 847580  29028 S 408.0   5.2  49:00.52 java
   6798 root      20   0   13.6g 847580  29028 S 398.0   5.2  49:04.50 java
   6798 root      20   0   13.6g 847580  29028 S 399.0   5.2  49:08.49 java
   6798 root      20   0   13.6g 847580  29028 S 397.0   5.2  49:12.46 java
   6798 root      20   0   13.6g 847580  29028 S 402.0   5.2  49:16.48 java
   6798 root      20   0   13.6g 847760  29028 S 409.0   5.2  49:20.57 java
   6798 root      20   0   13.6g 847828  29028 S 393.0   5.2  49:24.50 java
   6798 root      20   0   13.6g 847828  29028 S 400.0   5.2  49:28.54 java
   6798 root      20   0   13.6g 848384  29028 S 398.0   5.2  49:32.