  51742 root      20   0 9218556 398132  28976 S  60.0   2.4  25:39.29 java
  51742 root      20   0 9218556 398132  28976 S 255.0   2.4  25:41.84 java
  51742 root      20   0 9218556 398132  28976 S 317.0   2.4  25:45.01 java
  51742 root      20   0 9218556 398132  28976 S 313.9   2.4  25:48.18 java
  51742 root      20   0 9218556 398132  28976 S 313.0   2.4  25:51.31 java
  51742 root      20   0 9218556 398288  28976 S 315.0   2.4  25:54.46 java
  51742 root      20   0 9218556 398288  28976 S 313.0   2.4  25:57.59 java
  51742 root      20   0 9218556 398288  28976 S 317.0   2.4  26:00.76 java
  51742 root      20   0 9218556 398288  28976 S 309.0   2.4  26:03.85 java
  51742 root      20   0 9218556 398288  28976 S 317.0   2.4  26:07.02 java
  51742 root      20   0 9218556 398288  28976 S 328.0   2.4  26:10.30 java
  51742 root      20   0 9218556 398288  28976 S 322.0   2.4  26:13.52 java
  51742 root      20   0 9218556 398288  28976 S 325.7   2.4  26:16.81 java
  51742 root      20   0 9218556 398288  28976 S 328.0   2.4  26:20.09 java
  51742 root      20   0 9218556 398288  28976 S 316.0   2.4  26:23.25 java
  51742 root      20   0 9218556 398288  28976 S 319.0   2.4  26:26.44 java
  51742 root      20   0 9218556 398288  28976 S 332.0   2.4  26:29.76 java
  51742 root      20   0 9218556 398288  28976 S 323.0   2.4  26:32.99 java
  51742 root      20   0 9218556 398288  28976 S 324.0   2.4  26:36.23 java
  51742 root      20   0 9218556 398288  28976 S 317.0   2.4  26:39.40 java
  51742 root      20   0 9218556 398288  28976 S 314.9   2.4  26:42.58 java
  51742 root      20   0 9218556 398288  28976 S 327.0   2.4  26:45.85 java
  51742 root      20   0 9218556 398288  28976 S 322.0   2.4  26:49.07 java
  51742 root      20   0 9218556 398288  28976 S 319.0   2.4  26:52.26 java
  51742 root      20   0 9218556 398288  28976 S 315.0   2.4  26:55.41 java
  51742 root      20   0 9218556 398288  28976 S 321.0   2.4  26:58.62 java
  51742 root      20   0 9218556 398288  28976 S 316.0   2.4  27:01.78 java
  51742 root      20   0 9218556 398288  28976 S 331.0   2.4  27:05.09 java
  51742 root      20   0 9218556 398288  28976 S 315.0   2.4  27:08.24 java
  51742 root      20   0 9218556 398288  28976 S 320.8   2.4  27:11.48 java
  51742 root      20   0 9218556 398288  28976 S 315.0   2.4  27:14.63 java
  51742 root      20   0 9218556 398288  28976 S 320.0   2.4  27:17.83 java
  51742 root      20   0 9218556 398288  28976 S 328.0   2.4  27:21.11 java
  51742 root      20   0 9218556 398288  28976 S 326.0   2.4  27:24.37 java
  51742 root      20   0 9218556 398288  28976 S 325.0   2.4  27:27.62 java
  51742 root      20   0 9218556 398288  28976 S 330.0   2.4  27:30.92 java
  51742 root      20   0 9218556 398288  28976 S 330.0   2.4  27:34.22 java
  51742 root      20   0 9218556 398288  28976 S 328.7   2.4  27:37.54 java
  51742 root      20   0 9218556 398288  28976 S 328.0   2.4  27:40.82 java
  51742 root      20   0 9218556 398288  28976 S 313.0   2.4  27:43.95 java
  51742 root      20   0 9218556 398288  28976 S 310.0   2.4  27:47.05 java
  51742 root      20   0 9218556 398288  28976 S 317.0   2.4  27:50.22 java
  51742 root      20   0 9218556 398288  28976 S 325.0   2.4  27:53.47 java
  51742 root      20   0 9218556 398288  28976 S 319.0   2.4  27:56.66 java
  51742 root      20   0 9218556 398288  28976 S 315.0   2.4  27:59.81 java
  51742 root      20   0 9218556 398288  28976 S 314.9   2.4  28:02.99 java
  51742 root      20   0 9218556 398288  28976 S 314.0   2.4  28:06.13 java
  51742 root      20   0 9218556 398288  28976 S 319.0   2.4  28:09.32 java
  51742 root      20   0 9218556 398288  28976 S 324.0   2.4  28:12.56 java
  51742 root      20   0 9218556 398288  28976 S 330.0   2.4  28:15.86 java
  51742 root      20   0 9218556 398288  28976 S 312.0   2.4  28:18.98 java
  51742 root      20   0 9218556 398288  28976 S 312.0   2.4  28:22.10 java
  51742 root      20   0 9218556 398288  28976 S 322.8   2.4  28:25.36 java
  51742 root      20   0 9218556 398288  28976 S 321.0   2.4  28:28.