  51742 root      20   0 9218556 395892  28976 S 220.0   2.4  12:21.51 java
  51742 root      20   0 9218556 395892  28976 S 220.0   2.4  12:23.71 java
  51742 root      20   0 9218556 395892  28976 S 224.0   2.4  12:25.95 java
  51742 root      20   0 9218556 395892  28976 S 217.0   2.4  12:28.12 java
  51742 root      20   0 9218556 395892  28976 S 217.0   2.4  12:30.29 java
  51742 root      20   0 9218556 395892  28976 S 220.0   2.4  12:32.49 java
  51742 root      20   0 9218556 396084  28976 S 210.9   2.4  12:34.62 java
  51742 root      20   0 9218556 396084  28976 S 217.0   2.4  12:36.79 java
  51742 root      20   0 9218556 396108  28976 S 218.0   2.4  12:38.97 java
  51742 root      20   0 9218556 396108  28976 S 225.0   2.4  12:41.22 java
  51742 root      20   0 9218556 396108  28976 S 226.0   2.4  12:43.48 java
  51742 root      20   0 9218556 396108  28976 S 226.0   2.4  12:45.74 java
  51742 root      20   0 9218556 396108  28976 S 223.0   2.4  12:47.97 java
  51742 root      20   0 9218556 396108  28976 S 219.0   2.4  12:50.16 java
  51742 root      20   0 9218556 396108  28976 S 220.0   2.4  12:52.36 java
  51742 root      20   0 9218556 396108  28976 S 230.7   2.4  12:54.69 java
  51742 root      20   0 9218556 396108  28976 S 225.0   2.4  12:56.94 java
  51742 root      20   0 9218556 396108  28976 S 227.0   2.4  12:59.21 java
  51742 root      20   0 9218556 396108  28976 S 222.0   2.4  13:01.43 java
  51742 root      20   0 9218556 396108  28976 S 219.0   2.4  13:03.62 java
  51742 root      20   0 9218556 396108  28976 S 224.0   2.4  13:05.86 java
  51742 root      20   0 9218556 396108  28976 S 220.0   2.4  13:08.06 java
  51742 root      20   0 9218556 396108  28976 S 223.0   2.4  13:10.29 java
  51742 root      20   0 9218556 396108  28976 S 220.8   2.4  13:12.52 java
  51742 root      20   0 9218556 396108  28976 S 225.0   2.4  13:14.77 java
  51742 root      20   0 9218556 396108  28976 S 221.0   2.4  13:16.98 java
  51742 root      20   0 9218556 396108  28976 S 225.0   2.4  13:19.23 java
  51742 root      20   0 9218556 396108  28976 S 222.0   2.4  13:21.45 java
  51742 root      20   0 9218556 396108  28976 S 223.0   2.4  13:23.68 java
  51742 root      20   0 9218556 396108  28976 S 216.0   2.4  13:25.84 java
  51742 root      20   0 9218556 396108  28976 S 217.0   2.4  13:28.01 java
  51742 root      20   0 9218556 396108  28976 S 214.0   2.4  13:30.15 java
  51742 root      20   0 9218556 396108  28976 S 216.8   2.4  13:32.34 java
  51742 root      20   0 9218556 396108  28976 S 219.0   2.4  13:34.53 java
  51742 root      20   0 9218556 396108  28976 S 217.0   2.4  13:36.70 java
  51742 root      20   0 9218556 396108  28976 S 211.0   2.4  13:38.81 java
  51742 root      20   0 9218556 396108  28976 S 212.0   2.4  13:40.93 java
  51742 root      20   0 9218556 396108  28976 S 218.0   2.4  13:43.11 java
  51742 root      20   0 9218556 396108  28976 S 217.0   2.4  13:45.28 java
  51742 root      20   0 9218556 396108  28976 S 222.0   2.4  13:47.50 java
  51742 root      20   0 9218556 396108  28976 S 213.0   2.4  13:49.63 java
  51742 root      20   0 9218556 396108  28976 S 215.0   2.4  13:51.78 java
  51742 root      20   0 9218556 396108  28976 S 215.8   2.4  13:53.96 java
  51742 root      20   0 9218556 396108  28976 S 229.0   2.4  13:56.25 java
  51742 root      20   0 9218556 396108  28976 S 230.0   2.4  13:58.55 java
  51742 root      20   0 9218556 396108  28976 S 231.0   2.4  14:00.86 java
  51742 root      20   0 9218556 396108  28976 S 221.0   2.4  14:03.07 java
  51742 root      20   0 9218556 396108  28976 S 211.0   2.4  14:05.18 java
  51742 root      20   0 9218556 396108  28976 S 208.0   2.4  14:07.26 java
  51742 root      20   0 9218556 396108  28976 S 216.0   2.4  14:09.42 java
  51742 root      20   0 9218556 396108  28976 S 225.0   2.4  14:11.67 java
  51742 root      20   0 9218556 396108  28976 S 223.8   2.4  14:13.93 java
  51742 root      20   0 9218556 396108  28976 S 215.0   2.4  14:16.08 java
  51742 root      20   0 9218556 396108  28976 S 217.0   2.4  14:18.