  51742 root      20   0 9218556 393580  28976 S 126.7   2.4   5:18.71 java
  51742 root      20   0 9218556 393580  28976 S 142.0   2.4   5:20.13 java
  51742 root      20   0 9218556 393580  28976 S 163.4   2.4   5:21.78 java
  51742 root      20   0 9218556 393580  28976 S 158.0   2.4   5:23.36 java
  51742 root      20   0 9218556 393580  28976 S 166.0   2.4   5:25.02 java
  51742 root      20   0 9218556 393600  28976 S 176.0   2.4   5:26.78 java
  51742 root      20   0 9218556 393600  28976 S 171.0   2.4   5:28.49 java
  51742 root      20   0 9218556 393600  28976 S 166.0   2.4   5:30.15 java
  51742 root      20   0 9218556 393600  28976 S 166.0   2.4   5:31.81 java
  51742 root      20   0 9218556 393768  28976 S 162.0   2.4   5:33.43 java
  51742 root      20   0 9218556 394120  28976 S 161.4   2.4   5:35.06 java
  51742 root      20   0 9218556 394120  28976 S 167.0   2.4   5:36.73 java
  51742 root      20   0 9218556 394120  28976 S 173.0   2.4   5:38.46 java
  51742 root      20   0 9218556 394120  28976 S 169.0   2.4   5:40.15 java
  51742 root      20   0 9218556 394120  28976 S 171.0   2.4   5:41.86 java
  51742 root      20   0 9218556 394120  28976 S 172.0   2.4   5:43.58 java
  51742 root      20   0 9218556 394120  28976 S 156.0   2.4   5:45.14 java
  51742 root      20   0 9218556 394120  28976 S 157.0   2.4   5:46.71 java
  51742 root      20   0 9218556 394120  28976 S 172.0   2.4   5:48.43 java
  51742 root      20   0 9218556 394120  28976 S 164.4   2.4   5:50.09 java
  51742 root      20   0 9218556 394120  28976 S 169.0   2.4   5:51.78 java
  51742 root      20   0 9218556 394120  28976 S 174.0   2.4   5:53.52 java
  51742 root      20   0 9218556 394120  28976 S 173.0   2.4   5:55.25 java
  51742 root      20   0 9218556 394120  28976 S 167.0   2.4   5:56.92 java
  51742 root      20   0 9218556 394120  28976 S 169.0   2.4   5:58.61 java
  51742 root      20   0 9218556 394120  28976 S 171.0   2.4   6:00.32 java
  51742 root      20   0 9218556 394120  28976 S 170.0   2.4   6:02.02 java
  51742 root      20   0 9218556 394120  28976 S 164.4   2.4   6:03.68 java
  51742 root      20   0 9218556 394120  28976 S 166.0   2.4   6:05.34 java
  51742 root      20   0 9218556 394120  28976 S 169.0   2.4   6:07.03 java
  51742 root      20   0 9218556 394120  28976 S 167.0   2.4   6:08.70 java
  51742 root      20   0 9218556 394120  28976 S 167.0   2.4   6:10.37 java
  51742 root      20   0 9218556 394120  28976 S 167.0   2.4   6:12.04 java
  51742 root      20   0 9218556 394120  28976 S 171.0   2.4   6:13.75 java
  51742 root      20   0 9218556 394120  28976 S 167.0   2.4   6:15.42 java
  51742 root      20   0 9218556 394120  28976 S 164.4   2.4   6:17.08 java
  51742 root      20   0 9218556 394120  28976 S 169.0   2.4   6:18.77 java
  51742 root      20   0 9218556 394120  28976 S 171.0   2.4   6:20.48 java
  51742 root      20   0 9218556 394120  28976 S 170.0   2.4   6:22.18 java
  51742 root      20   0 9218556 394120  28976 S 170.0   2.4   6:23.88 java
  51742 root      20   0 9218556 394120  28976 S 171.0   2.4   6:25.59 java
  51742 root      20   0 9218556 394120  28976 S 170.0   2.4   6:27.29 java
  51742 root      20   0 9218556 394120  28976 S 175.0   2.4   6:29.04 java
  51742 root      20   0 9218556 394120  28976 S 166.3   2.4   6:30.72 java
  51742 root      20   0 9218556 394120  28976 S 167.0   2.4   6:32.39 java
  51742 root      20   0 9218556 394120  28976 S 168.0   2.4   6:34.07 java
  51742 root      20   0 9218556 394120  28976 S 177.0   2.4   6:35.84 java
  51742 root      20   0 9218556 394120  28976 S 177.0   2.4   6:37.61 java
  51742 root      20   0 9218556 394120  28976 S 173.0   2.4   6:39.34 java
  51742 root      20   0 9218556 394120  28976 S 172.0   2.4   6:41.06 java
  51742 root      20   0 9218556 394120  28976 S 160.4   2.4   6:42.68 java
  51742 root      20   0 9218556 394120  28976 S 164.0   2.4   6:44.32 java
  51742 root      20   0 9218556 394120  28976 S 165.0   2.4   6:45.97 java
  51742 root      20   0 9218556 394120  28976 S 166.0   2.4   6:47.