  52323 root      20   0   13.1g 581220  29128 S  93.3   3.6  14:37.63 java
  52323 root      20   0   13.1g 581276  29128 S 351.0   3.6  14:41.14 java
  52323 root      20   0   13.1g 581276  29128 S 360.0   3.6  14:44.74 java
  52323 root      20   0   13.1g 581276  29128 S 357.0   3.6  14:48.31 java
  52323 root      20   0   13.1g 581276  29128 S 360.0   3.6  14:51.91 java
  52323 root      20   0   13.1g 581276  29128 S 360.0   3.6  14:55.51 java
  52323 root      20   0   13.1g 581708  29128 S 355.0   3.6  14:59.06 java
  52323 root      20   0   13.1g 581708  29128 S 360.0   3.6  15:02.66 java
  52323 root      20   0   13.1g 581708  29128 S 357.0   3.6  15:06.23 java
  52323 root      20   0   13.1g 582148  29128 S 357.4   3.6  15:09.84 java
  52323 root      20   0   13.1g 582148  29128 S 363.0   3.6  15:13.47 java
  52323 root      20   0   13.1g 582148  29128 S 359.0   3.6  15:17.06 java
  52323 root      20   0   13.1g 582352  29128 S 363.0   3.6  15:20.69 java
  52323 root      20   0   13.1g 583156  29128 S 360.0   3.6  15:24.29 java
  52323 root      20   0   13.1g 583156  29128 S 357.0   3.6  15:27.86 java
  52323 root      20   0   13.1g 583156  29128 S 360.0   3.6  15:31.46 java
  52323 root      20   0   13.1g 583156  29128 S 358.0   3.6  15:35.04 java
  52323 root      20   0   13.1g 583156  29128 S 361.0   3.6  15:38.65 java
  52323 root      20   0   13.1g 583156  29128 S 358.0   3.6  15:42.23 java
  52323 root      20   0   13.1g 583288  29128 S 353.5   3.6  15:45.80 java
  52323 root      20   0   13.1g 583288  29128 S 358.0   3.6  15:49.38 java
  52323 root      20   0   13.1g 583288  29128 S 354.0   3.6  15:52.92 java
  52323 root      20   0   13.1g 583288  29128 S 357.0   3.6  15:56.49 java
  52323 root      20   0   13.1g 583288  29128 S 358.0   3.6  16:00.07 java
  52323 root      20   0   13.1g 583820  29128 S 356.0   3.6  16:03.63 java
  52323 root      20   0   13.1g 583820  29128 S 360.0   3.6  16:07.23 java
  52323 root      20   0   13.1g 583948  29128 S 358.0   3.6  16:10.81 java
  52323 root      20   0   13.1g 583948  29128 S 359.0   3.6  16:14.40 java
  52323 root      20   0   13.1g 583948  29128 S 358.0   3.6  16:17.98 java
  52323 root      20   0   13.1g 583948  29128 S 355.4   3.6  16:21.57 java
  52323 root      20   0   13.1g 584096  29128 S 360.0   3.6  16:25.17 java
  52323 root      20   0   13.1g 584584  29128 S 358.0   3.6  16:28.75 java
  52323 root      20   0   13.1g 584584  29128 S 360.0   3.6  16:32.35 java
  52323 root      20   0   13.1g 584584  29128 S 356.0   3.6  16:35.91 java
  52323 root      20   0   13.1g 584584  29128 S 357.0   3.6  16:39.48 java
  52323 root      20   0   13.1g 584584  29128 S 358.0   3.6  16:43.06 java
  52323 root      20   0   13.1g 584884  29128 S 364.0   3.6  16:46.70 java
  52323 root      20   0   13.1g 584884  29128 S 362.0   3.6  16:50.32 java
  52323 root      20   0   13.1g 584884  29128 S 363.0   3.6  16:53.95 java
  52323 root      20   0   13.1g 585032  29128 S 358.4   3.6  16:57.57 java
  52323 root      20   0   13.1g 585032  29128 S 361.0   3.6  17:01.18 java
  52323 root      20   0   13.1g 585032  29128 S 359.0   3.6  17:04.77 java
  52323 root      20   0   13.1g 585160  29128 S 361.0   3.6  17:08.38 java
  52323 root      20   0   13.1g 585160  29128 S 360.0   3.6  17:11.98 java
  52323 root      20   0   13.1g 585340  29128 S 362.0   3.6  17:15.60 java
  52323 root      20   0   13.1g 585340  29128 S 360.0   3.6  17:19.20 java
  52323 root      20   0   13.1g 585340  29128 S 360.0   3.6  17:22.80 java
  52323 root      20   0   13.1g 585340  29128 S 355.0   3.6  17:26.35 java
  52323 root      20   0   13.1g 585340  29128 S 361.0   3.6  17:29.96 java
  52323 root      20   0   13.1g 585340  29128 S 355.4   3.6  17:33.55 java
  52323 root      20   0   13.1g 585340  29128 S 358.0   3.6  17:37.13 java
  52323 root      20   0   13.1g 585520  29128 S 360.0   3.6  17:40.73 java
  52323 root      20   0   13.1g 585520  29128 S 361.0   3.6  17:44.34 java
  52323 root      20   0   13.1g 585520  29128 S 360.0   3.6  17:47.