  51742 root      20   0 9218556 516240  28976 S 473.3   3.2  52:39.17 java
  51742 root      20   0 9218556 516240  28976 S 401.0   3.2  52:43.18 java
  51742 root      20   0 9218556 516240  28976 S 398.0   3.2  52:47.20 java
  51742 root      20   0 9218556 516240  28976 S 400.0   3.2  52:51.20 java
  51742 root      20   0 9218556 516572  28976 S 401.0   3.2  52:55.21 java
  51742 root      20   0 9218556 516572  28976 S 400.0   3.2  52:59.21 java
  51742 root      20   0 9218556 516572  28976 S 403.0   3.2  53:03.24 java
  51742 root      20   0 9218556 516572  28976 S 399.0   3.2  53:07.23 java
  51742 root      20   0 9218556 516572  28976 S 401.0   3.2  53:11.24 java
  51742 root      20   0 9218556 516572  28976 S 400.0   3.2  53:15.24 java
  51742 root      20   0 9218556 516572  28976 S 399.0   3.2  53:19.27 java
  51742 root      20   0 9218556 516572  28976 S 400.0   3.2  53:23.27 java
  51742 root      20   0 9218556 516572  28976 S 398.0   3.2  53:27.25 java
  51742 root      20   0 9218556 516572  28976 S 403.0   3.2  53:31.28 java
  51742 root      20   0 9218556 516572  28976 S 402.0   3.2  53:35.30 java
  51742 root      20   0 9218556 516572  28976 S 400.0   3.2  53:39.30 java
  51742 root      20   0 9218556 516572  28976 S 400.0   3.2  53:43.30 java
  51742 root      20   0 9218556 516572  28976 S 400.0   3.2  53:47.30 java
  51742 root      20   0 9218556 516572  28976 S 396.0   3.2  53:51.30 java
  51742 root      20   0 9218556 516812  28976 S 402.0   3.2  53:55.32 java
  51742 root      20   0 9218556 516812  28976 S 395.0   3.2  53:59.27 java
  51742 root      20   0 9218556 516812  28976 S 406.0   3.2  54:03.33 java
  51742 root      20   0 9218556 516812  28976 S 400.0   3.2  54:07.33 java
  51742 root      20   0 9218556 516812  28976 S 399.0   3.2  54:11.32 java
  51742 root      20   0 9218556 516812  28976 S 400.0   3.2  54:15.32 java
  51742 root      20   0 9218556 516812  28976 S 402.0   3.2  54:19.34 java
  51742 root      20   0 9218556 516812  28976 S 395.0   3.2  54:23.29 java
  51742 root      20   0 9218556 516812  28976 S 400.0   3.2  54:27.33 java
  51742 root      20   0 9218556 516812  28976 S 400.0   3.2  54:31.33 java
  51742 root      20   0 9218556 516812  28976 S 401.0   3.2  54:35.34 java
  51742 root      20   0 9218556 516812  28976 S 399.0   3.2  54:39.33 java
  51742 root      20   0 9218556 516812  28976 S 400.0   3.2  54:43.33 java
  51742 root      20   0 9218556 516812  28976 S 400.0   3.2  54:47.33 java
  51742 root      20   0 9218556 516812  28976 S 400.0   3.2  54:51.33 java
  51742 root      20   0 9218556 516812  28976 S 400.0   3.2  54:55.33 java
  51742 root      20   0 9218556 516812  28976 S 396.0   3.2  54:59.33 java
  51742 root      20   0 9218556 516812  28976 S 401.0   3.2  55:03.34 java
  51742 root      20   0 9218556 516812  28976 S 399.0   3.2  55:07.33 java
  51742 root      20   0 9218556 516812  28976 S 401.0   3.2  55:11.34 java
  51742 root      20   0 9218556 516812  28976 S 399.0   3.2  55:15.33 java
  51742 root      20   0 9218556 516812  28976 S 400.0   3.2  55:19.33 java
  51742 root      20   0 9218556 516812  28976 S 401.0   3.2  55:23.34 java
  51742 root      20   0 9218556 516812  28976 S 399.0   3.2  55:27.33 java
  51742 root      20   0 9218556 516812  28976 S 397.0   3.2  55:31.34 java
  51742 root      20   0 9218556 516812  28976 S 399.0   3.2  55:35.33 java
  51742 root      20   0 9218556 516812  28976 S 400.0   3.2  55:39.33 java
  51742 root      20   0 9218556 516812  28976 S 400.0   3.2  55:43.33 java
  51742 root      20   0 9218556 516812  28976 S 400.0   3.2  55:47.33 java
  51742 root      20   0 9218556 516812  28976 S 401.0   3.2  55:51.34 java
  51742 root      20   0 9218556 516812  28976 S 399.0   3.2  55:55.33 java
  51742 root      20   0 9218556 516812  28976 S 396.0   3.2  55:59.33 java
  51742 root      20   0 9218556 516812  28976 S 401.0   3.2  56:03.34 java
  51742 root      20   0 9218556 516812  28976 S 401.0   3.2  56:07.35 java
  51742 root      20   0 9218556 516812  28976 S 401.0   3.2  56:11.