  52323 root      20   0 9686552 190080  29128 S 273.3   1.2   0:05.15 java
  52323 root      20   0   12.5g 218892  29128 S 401.0   1.3   0:09.16 java
  52323 root      20   0   12.7g 268396  29128 S 400.0   1.6   0:13.16 java
  52323 root      20   0   13.0g 341880  29128 S 400.0   2.1   0:17.16 java
  52323 root      20   0   13.0g 384756  29128 S 399.0   2.4   0:21.15 java
  52323 root      20   0   13.0g 418896  29128 S 401.0   2.6   0:25.16 java
  52323 root      20   0   13.0g 424012  29128 S 396.0   2.6   0:29.16 java
  52323 root      20   0   13.0g 431452  29128 S 402.0   2.6   0:33.18 java
  52323 root      20   0   13.0g 476664  29128 S 402.0   2.9   0:37.20 java
  52323 root      20   0   13.1g 504952  29128 S 401.0   3.1   0:41.21 java
  52323 root      20   0   13.1g 494080  29128 S 154.0   3.0   0:42.75 java
  52323 root      20   0   13.1g 494216  29128 S  79.0   3.0   0:43.54 java
  52323 root      20   0   13.1g 494384  29128 S  73.0   3.0   0:44.27 java
  52323 root      20   0   13.1g 494380  29128 S  78.0   3.0   0:45.05 java
  52323 root      20   0   13.1g 494380  29128 S  70.0   3.0   0:45.75 java
  52323 root      20   0   13.1g 494380  29128 S  71.3   3.0   0:46.47 java
  52323 root      20   0   13.1g 494380  29128 S  75.0   3.0   0:47.22 java
  52323 root      20   0   13.1g 494380  29128 S  72.0   3.0   0:47.94 java
  52323 root      20   0   13.1g 494380  29128 S  74.0   3.0   0:48.68 java
  52323 root      20   0   13.1g 497324  29128 S  73.0   3.0   0:49.41 java
  52323 root      20   0   13.1g 497324  29128 S  72.0   3.0   0:50.13 java
  52323 root      20   0   13.1g 499080  29128 S  78.0   3.1   0:50.91 java
  52323 root      20   0   13.1g 499080  29128 S  77.0   3.1   0:51.68 java
  52323 root      20   0   13.1g 499080  29128 S  72.0   3.1   0:52.40 java
  52323 root      20   0   13.1g 499080  29128 S  72.3   3.1   0:53.13 java
  52323 root      20   0   13.1g 499080  29128 S  72.0   3.1   0:53.85 java
  52323 root      20   0   13.1g 499080  29128 S  71.0   3.1   0:54.56 java
  52323 root      20   0   13.1g 499080  29128 S  73.0   3.1   0:55.29 java
  52323 root      20   0   13.1g 499080  29128 S  70.0   3.1   0:55.99 java
  52323 root      20   0   13.1g 499200  29128 S  75.0   3.1   0:56.74 java
  52323 root      20   0   13.1g 499200  29128 S  75.0   3.1   0:57.49 java
  52323 root      20   0   13.1g 499824  29128 S  76.0   3.1   0:58.25 java
  52323 root      20   0   13.1g 499824  29128 S  75.2   3.1   0:59.01 java
  52323 root      20   0   13.1g 499824  29128 S  75.0   3.1   0:59.76 java
  52323 root      20   0   13.1g 499824  29128 S  72.0   3.1   1:00.48 java
  52323 root      20   0   13.1g 499824  29128 S  73.0   3.1   1:01.21 java
  52323 root      20   0   13.1g 499824  29128 S  70.0   3.1   1:01.91 java
  52323 root      20   0   13.1g 499824  29128 S  70.0   3.1   1:02.61 java
  52323 root      20   0   13.1g 503084  29128 S  73.0   3.1   1:03.34 java
  52323 root      20   0   13.1g 503356  29128 S  71.0   3.1   1:04.05 java
  52323 root      20   0   13.1g 503604  29128 S  72.3   3.1   1:04.78 java
  52323 root      20   0   13.1g 503604  29128 S  72.0   3.1   1:05.50 java
  52323 root      20   0   13.1g 503604  29128 S  71.0   3.1   1:06.21 java
  52323 root      20   0   13.1g 503604  29128 S  73.0   3.1   1:06.94 java
  52323 root      20   0   13.1g 503696  29128 S  69.0   3.1   1:07.63 java
  52323 root      20   0   13.1g 503888  29128 S  69.0   3.1   1:08.32 java
  52323 root      20   0   13.1g 503888  29128 S  71.0   3.1   1:09.03 java
  52323 root      20   0   13.1g 503888  29128 S  73.0   3.1   1:09.76 java
  52323 root      20   0   13.1g 503888  29128 S  75.0   3.1   1:10.51 java
  52323 root      20   0   13.1g 503888  29128 S  74.3   3.1   1:11.26 java
  52323 root      20   0   13.1g 504004  29128 S  71.0   3.1   1:11.97 java
  52323 root      20   0   13.1g 504004  29128 S  71.0   3.1   1:12.68 java
  52323 root      20   0   13.1g 504004  29128 S  73.0   3.1   1:13.41 java
  52323 root      20   0   13.1g 503996  29128 S  74.0   3.1   1:14.