  52323 root      20   0   13.1g 758144  29128 S 433.3   4.6  42:12.21 java
  52323 root      20   0   13.1g 758144  29128 S 400.0   4.6  42:16.21 java
  52323 root      20   0   13.1g 758144  29128 S 400.0   4.6  42:20.21 java
  52323 root      20   0   13.1g 758144  29128 S 399.0   4.6  42:24.20 java
  52323 root      20   0   13.1g 758144  29128 S 397.0   4.6  42:28.21 java
  52323 root      20   0   13.1g 758312  29128 S 400.0   4.6  42:32.21 java
  52323 root      20   0   13.1g 758312  29128 S 400.0   4.6  42:36.21 java
  52323 root      20   0   13.1g 758312  29128 S 400.0   4.6  42:40.21 java
  52323 root      20   0   13.1g 758312  29128 S 400.0   4.6  42:44.21 java
  52323 root      20   0   13.1g 758312  29128 S 400.0   4.6  42:48.21 java
  52323 root      20   0   13.1g 758312  29128 S 400.0   4.6  42:52.21 java
  52323 root      20   0   13.1g 759400  29128 S 400.0   4.7  42:56.21 java
  52323 root      20   0   13.1g 760404  29128 S 397.0   4.7  43:00.22 java
  52323 root      20   0   13.1g 760544  29128 S 400.0   4.7  43:04.22 java
  52323 root      20   0   13.1g 760544  29128 S 401.0   4.7  43:08.23 java
  52323 root      20   0   13.1g 760544  29128 S 400.0   4.7  43:12.23 java
  52323 root      20   0   13.1g 760544  29128 S 401.0   4.7  43:16.24 java
  52323 root      20   0   13.1g 760544  29128 S 401.0   4.7  43:20.25 java
  52323 root      20   0   13.1g 760544  29128 S 402.0   4.7  43:24.27 java
  52323 root      20   0   13.1g 760544  29128 S 401.0   4.7  43:28.28 java
  52323 root      20   0   13.1g 760668  29128 S 399.0   4.7  43:32.27 java
  52323 root      20   0   13.1g 760668  29128 S 403.0   4.7  43:36.30 java
  52323 root      20   0   13.1g 760668  29128 S 395.0   4.7  43:40.29 java
  52323 root      20   0   13.1g 760668  29128 S 404.0   4.7  43:44.33 java
  52323 root      20   0   13.1g 760668  29128 S 398.0   4.7  43:48.31 java
  52323 root      20   0   13.1g 760668  29128 S 400.0   4.7  43:52.31 java
  52323 root      20   0   13.1g 760668  29128 S 404.0   4.7  43:56.35 java
  52323 root      20   0   13.1g 760668  29128 S 401.0   4.7  44:00.36 java
  52323 root      20   0   13.1g 760668  29128 S 398.0   4.7  44:04.34 java
  52323 root      20   0   13.1g 760668  29128 S 405.0   4.7  44:08.39 java
  52323 root      20   0   13.1g 760668  29128 S 402.0   4.7  44:12.41 java
  52323 root      20   0   13.1g 760784  29128 S 396.0   4.7  44:16.37 java
  52323 root      20   0   13.1g 760784  29128 S 397.0   4.7  44:20.38 java
  52323 root      20   0   13.1g 760784  29128 S 401.0   4.7  44:24.39 java
  52323 root      20   0   13.1g 760784  29128 S 401.0   4.7  44:28.40 java
  52323 root      20   0   13.1g 760784  29128 S 406.0   4.7  44:32.46 java
  52323 root      20   0   13.1g 760784  29128 S 396.0   4.7  44:36.42 java
  52323 root      20   0   13.1g 760904  29128 S 404.0   4.7  44:40.46 java
  52323 root      20   0   13.1g 760904  29128 S 404.0   4.7  44:44.50 java
  52323 root      20   0   13.1g 851860  29128 S 402.0   5.2  44:48.52 java
  52323 root      20   0   13.1g 851860  29128 S 395.0   5.2  44:52.47 java
  52323 root      20   0   13.1g 851860  29128 S 403.0   5.2  44:56.50 java
  52323 root      20   0   13.1g 851860  29128 S 400.0   5.2  45:00.54 java
  52323 root      20   0   13.1g 851972  29128 S 400.0   5.2  45:04.54 java
  52323 root      20   0   13.1g 851972  29128 S 403.0   5.2  45:08.57 java
  52323 root      20   0   13.1g 851972  29128 S 400.0   5.2  45:12.57 java
  52323 root      20   0   13.1g 851972  29128 S 399.0   5.2  45:16.56 java
  52323 root      20   0   13.1g 851972  29128 S 404.0   5.2  45:20.60 java
  52323 root      20   0   13.1g 851972  29128 S 392.0   5.2  45:24.52 java
  52323 root      20   0   13.1g 853064  29128 S 404.0   5.2  45:28.56 java
  52323 root      20   0   13.1g 853064  29128 S 405.0   5.2  45:32.61 java
  52323 root      20   0   13.1g 853064  29128 S 392.0   5.2  45:36.53 java
  52323 root      20   0   13.1g 853204  29128 S 397.0   5.2  45:40.54 java
  52323 root      20   0   13.1g 853204  29128 S 401.0   5.2  45:44.