  11811 1001      20   0 1430956 458524  46128 S   0.0   2.8  16:00.56 application
  11811 1001      20   0 1431980 459580  46128 S 324.0   2.8  16:03.80 application
  11811 1001      20   0 1431980 459844  46128 S 406.0   2.8  16:07.86 application
  11811 1001      20   0 1433004 461164  46128 S 402.0   2.8  16:11.88 application
  11811 1001      20   0 1434028 461956  46128 S 399.0   2.8  16:15.87 application
  11811 1001      20   0 1435052 463012  46128 S 403.0   2.8  16:19.90 application
  11811 1001      20   0 1436076 463804  46128 S 398.0   2.8  16:23.88 application
  11811 1001      20   0 1436076 464068  46128 S 393.0   2.8  16:27.81 application
  11811 1001      20   0 1437100 464860  46128 S 408.0   2.9  16:31.89 application
  11811 1001      20   0 1439148 466708  46128 S 397.0   2.9  16:35.86 application
  11811 1001      20   0 1439148 466972  46128 S 402.0   2.9  16:39.88 application
  11811 1001      20   0 1441196 468556  46128 S 395.0   2.9  16:43.87 application
  11811 1001      20   0 1441196 468820  46128 S 400.0   2.9  16:47.87 application
  11811 1001      20   0 1442220 470140  46128 S 397.0   2.9  16:51.84 application
  11811 1001      20   0 1444268 471460  46128 S 402.0   2.9  16:55.86 application
  11811 1001      20   0 1444268 471724  46128 S 398.0   2.9  16:59.84 application
  11811 1001      20   0 1446316 473308  46128 S 405.0   2.9  17:03.89 application
  11811 1001      20   0 1447340 474100  46128 S 399.0   2.9  17:07.88 application
  11811 1001      20   0 1448364 475684  46128 S 401.0   2.9  17:11.89 application
  11811 1001      20   0 1450412 477268  46128 S 400.0   2.9  17:15.89 application
  11811 1001      20   0 1451436 478588  46128 S 399.0   2.9  17:19.88 application
  11811 1001      20   0 1452460 479644  46128 S 397.0   2.9  17:23.89 application
  11811 1001      20   0 1452460 480172  46128 S 403.0   2.9  17:27.92 application
  11811 1001      20   0 1453484 481492  46128 S 397.0   3.0  17:31.89 application
  11811 1001      20   0 1454508 482020  46128 S 402.0   3.0  17:35.91 application
  11811 1001      20   0 1456556 483868  46128 S 403.0   3.0  17:39.94 application
  11811 1001      20   0 1457580 484660  46128 S 398.0   3.0  17:43.92 application
  11811 1001      20   0 1458604 486772  46128 S 401.0   3.0  17:47.93 application
  11811 1001      20   0 1460652 488092  46128 S 398.0   3.0  17:51.91 application
  11811 1001      20   0 1462700 489940  46128 S 402.0   3.0  17:55.93 application
  11811 1001      20   0 1463724 490732  46128 S 391.1   3.0  17:59.88 application
  11811 1001      20   0 1463724 491260  46128 S 402.0   3.0  18:03.90 application
  11811 1001      20   0 1463724 491788  46128 S 401.0   3.0  18:07.91 application
  11811 1001      20   0 1465772 493108  46128 S 400.0   3.0  18:11.91 application
  11811 1001      20   0 1466796 493900  46128 S 400.0   3.0  18:15.91 application
  11811 1001      20   0 1466796 494692  46128 S 400.0   3.0  18:19.91 application
  11811 1001      20   0 1467820 495484  46128 S 400.0   3.0  18:23.91 application
  11811 1001      20   0 1468844 496012  46128 S 400.0   3.0  18:27.91 application
  11811 1001      20   0 1469868 497596  46128 S 400.0   3.1  18:31.91 application
  11811 1001      20   0 1471916 498916  46128 S 400.0   3.1  18:35.91 application
  11811 1001      20   0 1472940 500236  46128 S 396.0   3.1  18:39.91 application
  11811 1001      20   0 1472940 500236  46128 S 401.0   3.1  18:43.92 application
  11811 1001      20   0 1474988 502084  46128 S 401.0   3.1  18:47.93 application
  11811 1001      20   0 1476012 503140  46128 S 400.0   3.1  18:51.93 application
  11811 1001      20   0 1477036 504460  46128 S 402.0   3.1  18:55.95 application
  11811 1001      20   0 1478060 505516  46128 S 400.0   3.1  18:59.95 application
  11811 1001      20   0 1478060 505516  46128 S 401.0   3.1  19:03.96 application
  11811 1001      20   0 1478060 506044  46128 S 397.0   3.1  19:07.93 application
  11811 1001      20   0 1479084 506308  46128 S 403.0   3.1  19:11.96 application
  11811 1001      20   0 1479