  11811 1001      20   0 1544620 573788  47244 S 166.7   3.5  35:57.61 application
  11811 1001      20   0 1544620 573788  47244 S 409.0   3.5  36:01.70 application
  11811 1001      20   0 1544620 573788  47244 S 399.0   3.5  36:05.69 application
  11811 1001      20   0 1544620 573788  47244 S 401.0   3.5  36:09.70 application
  11811 1001      20   0 1544620 573788  47244 S 401.0   3.5  36:13.71 application
  11811 1001      20   0 1544620 573788  47244 S 401.0   3.5  36:17.72 application
  11811 1001      20   0 1544620 573788  47244 S 396.0   3.5  36:21.72 application
  11811 1001      20   0 1544620 573788  47244 S 401.0   3.5  36:25.73 application
  11811 1001      20   0 1544620 573788  47244 S 402.0   3.5  36:29.75 application
  11811 1001      20   0 1544620 573788  47244 S 398.0   3.5  36:33.73 application
  11811 1001      20   0 1544620 573788  47244 S 402.0   3.5  36:37.75 application
  11811 1001      20   0 1544620 573788  47244 S 399.0   3.5  36:41.74 application
  11811 1001      20   0 1544620 573788  47244 S 402.0   3.5  36:45.76 application
  11811 1001      20   0 1544620 573788  47244 S 401.0   3.5  36:49.77 application
  11811 1001      20   0 1544620 573788  47244 S 400.0   3.5  36:53.77 application
  11811 1001      20   0 1544620 573788  47244 S 397.0   3.5  36:57.78 application
  11811 1001      20   0 1544620 573788  47244 S 400.0   3.5  37:01.78 application
  11811 1001      20   0 1544620 573788  47244 S 400.0   3.5  37:05.78 application
  11811 1001      20   0 1544620 573788  47244 S 400.0   3.5  37:09.78 application
  11811 1001      20   0 1544620 573788  47244 S 402.0   3.5  37:13.80 application
  11811 1001      20   0 1544620 573788  47244 S 400.0   3.5  37:17.80 application
  11811 1001      20   0 1544620 573788  47244 S 402.0   3.5  37:21.82 application
  11811 1001      20   0 1544620 573788  47244 S 399.0   3.5  37:25.81 application
  11811 1001      20   0 1544620 573788  47244 S 401.0   3.5  37:29.82 application
  11811 1001      20   0 1544620 573788  47244 S 401.0   3.5  37:33.83 application
  11811 1001      20   0 1544620 573788  47244 S 400.0   3.5  37:37.83 application
  11811 1001      20   0 1544620 573788  47244 S 397.0   3.5  37:41.84 application
  11811 1001      20   0 1544620 573788  47244 S 399.0   3.5  37:45.83 application
  11811 1001      20   0 1544620 573788  47244 S 403.0   3.5  37:49.86 application
  11811 1001      20   0 1544620 573788  47244 S 399.0   3.5  37:53.85 application
  11811 1001      20   0 1544620 573788  47244 S 401.0   3.5  37:57.86 application
  11811 1001      20   0 1544620 573788  47244 S 400.0   3.5  38:01.86 application
  11811 1001      20   0 1544620 573788  47244 S 402.0   3.5  38:05.88 application
  11811 1001      20   0 1544620 573788  47244 S 399.0   3.5  38:09.87 application
  11811 1001      20   0 1544620 573788  47244 S 398.0   3.5  38:13.85 application
  11811 1001      20   0 1544620 573788  47244 S 400.0   3.5  38:17.85 application
  11811 1001      20   0 1544620 573788  47244 S 399.0   3.5  38:21.88 application
  11811 1001      20   0 1544620 573788  47244 S 398.0   3.5  38:25.86 application
  11811 1001      20   0 1544620 573788  47244 S 403.0   3.5  38:29.89 application
  11811 1001      20   0 1544620 573788  47244 S 399.0   3.5  38:33.88 application
  11811 1001      20   0 1544620 573788  47244 S 400.0   3.5  38:37.88 application
  11811 1001      20   0 1544620 573788  47244 S 400.0   3.5  38:41.88 application
  11811 1001      20   0 1544620 573788  47244 S 403.0   3.5  38:45.91 application
  11811 1001      20   0 1544620 573788  47244 S 400.0   3.5  38:49.91 application
  11811 1001      20   0 1544620 573788  47244 S 399.0   3.5  38:53.90 application
  11811 1001      20   0 1544620 573788  47244 S 398.0   3.5  38:57.92 application
  11811 1001      20   0 1544620 573788  47244 S 399.0   3.5  39:01.91 application
  11811 1001      20   0 1544620 573788  47244 S 400.0   3.5  39:05.91 application
  11811 1001      20   0 1544620 573788  47244 S 400.0   3.5  39:09.91 application
  11811 1001      20   0 1544