  11811 1001      20   0 1346988 375100  46128 S  66.7   2.3   5:46.64 application
  11811 1001      20   0 1349036 376420  46128 S 280.0   2.3   5:49.44 application
  11811 1001      20   0 1349036 376948  46128 S 276.2   2.3   5:52.23 application
  11811 1001      20   0 1350060 378004  46128 S 273.0   2.3   5:54.96 application
  11811 1001      20   0 1351084 378796  46128 S 268.0   2.3   5:57.64 application
  11811 1001      20   0 1351084 379588  46128 S 287.0   2.3   6:00.51 application
  11811 1001      20   0 1352108 380116  46128 S 269.0   2.3   6:03.20 application
  11811 1001      20   0 1353132 380644  46128 S 283.0   2.3   6:06.03 application
  11811 1001      20   0 1353132 381172  46128 S 276.0   2.3   6:08.79 application
  11811 1001      20   0 1354156 381964  46128 S 268.0   2.3   6:11.47 application
  11811 1001      20   0 1355180 382492  46128 S 274.0   2.3   6:14.21 application
  11811 1001      20   0 1356204 383548  46128 S 289.0   2.4   6:17.10 application
  11811 1001      20   0 1357228 384340  46128 S 283.2   2.4   6:19.96 application
  11811 1001      20   0 1357228 385396  46128 S 282.0   2.4   6:22.78 application
  11811 1001      20   0 1358252 385924  46128 S 276.0   2.4   6:25.54 application
  11811 1001      20   0 1359276 386716  46128 S 282.0   2.4   6:28.36 application
  11811 1001      20   0 1360300 387772  46128 S 291.0   2.4   6:31.27 application
  11811 1001      20   0 1360300 388036  46128 S 278.0   2.4   6:34.05 application
  11811 1001      20   0 1361324 388564  46128 S 272.0   2.4   6:36.77 application
  11811 1001      20   0 1362348 389620  46128 S 290.0   2.4   6:39.67 application
  11811 1001      20   0 1362348 390412  46128 S 270.0   2.4   6:42.37 application
  11811 1001      20   0 1363372 391204  46128 S 277.2   2.4   6:45.17 application
  11811 1001      20   0 1364396 391732  46128 S 290.0   2.4   6:48.07 application
  11811 1001      20   0 1364396 392524  46128 S 289.0   2.4   6:50.96 application
  11811 1001      20   0 1365420 393052  46128 S 291.0   2.4   6:53.87 application
  11811 1001      20   0 1366444 394108  46128 S 297.0   2.4   6:56.84 application
  11811 1001      20   0 1366444 394900  46128 S 272.0   2.4   6:59.56 application
  11811 1001      20   0 1367468 395956  46128 S 278.0   2.4   7:02.34 application
  11811 1001      20   0 1368492 396748  46128 S 279.0   2.4   7:05.13 application
  11811 1001      20   0 1369516 397540  46128 S 276.0   2.4   7:07.89 application
  11811 1001      20   0 1370540 398596  46128 S 298.0   2.4   7:10.87 application
  11811 1001      20   0 1371564 399124  46128 S 279.2   2.4   7:13.69 application
  11811 1001      20   0 1371564 399652  46128 S 268.0   2.5   7:16.37 application
  11811 1001      20   0 1372588 400444  46128 S 269.0   2.5   7:19.06 application
  11811 1001      20   0 1373612 400972  46128 S 272.0   2.5   7:21.78 application
  11811 1001      20   0 1373612 401500  46128 S 270.0   2.5   7:24.48 application
  11811 1001      20   0 1374636 402556  46128 S 277.0   2.5   7:27.25 application
  11811 1001      20   0 1375660 403348  46128 S 276.0   2.5   7:30.01 application
  11811 1001      20   0 1376684 404140  46128 S 284.0   2.5   7:32.85 application
  11811 1001      20   0 1376684 404404  46128 S 279.0   2.5   7:35.64 application
  11811 1001      20   0 1377708 405460  46128 S 271.0   2.5   7:38.35 application
  11811 1001      20   0 1378732 406780  46128 S 284.0   2.5   7:41.19 application
  11811 1001      20   0 1379756 407572  46128 S 276.2   2.5   7:43.98 application
  11811 1001      20   0 1380780 408628  46128 S 279.0   2.5   7:46.77 application
  11811 1001      20   0 1381804 409420  46128 S 270.0   2.5   7:49.47 application
  11811 1001      20   0 1382828 409948  46128 S 263.0   2.5   7:52.10 application
  11811 1001      20   0 1382828 410476  46128 S 279.0   2.5   7:54.89 application
  11811 1001      20   0 1383852 411796  46128 S 294.0   2.5   7:57.83 application
  11811 1001      20   0 1384876 412588  46128 S 281.0   2.5   8:00.64 application
  11811 1001      20   0 1385