  11811 1001      20   0 1544620 573788  47244 S   0.0   3.5  39:57.35 application
  11811 1001      20   0 1544620 573788  47244 S 385.0   3.5  40:01.20 application
  11811 1001      20   0 1544620 573788  47244 S 406.0   3.5  40:05.26 application
  11811 1001      20   0 1544620 573788  47244 S 399.0   3.5  40:09.25 application
  11811 1001      20   0 1544620 573788  47244 S 401.0   3.5  40:13.26 application
  11811 1001      20   0 1544620 573788  47244 S 400.0   3.5  40:17.26 application
  11811 1001      20   0 1544620 573788  47244 S 403.0   3.5  40:21.29 application
  11811 1001      20   0 1544620 573788  47244 S 398.0   3.5  40:25.27 application
  11811 1001      20   0 1544620 573788  47244 S 403.0   3.5  40:29.30 application
  11811 1001      20   0 1544620 573788  47244 S 399.0   3.5  40:33.29 application
  11811 1001      20   0 1544620 573788  47244 S 402.0   3.5  40:37.31 application
  11811 1001      20   0 1544620 573788  47244 S 397.0   3.5  40:41.32 application
  11811 1001      20   0 1544620 573788  47244 S 400.0   3.5  40:45.32 application
  11811 1001      20   0 1544620 573788  47244 S 401.0   3.5  40:49.33 application
  11811 1001      20   0 1544620 573788  47244 S 402.0   3.5  40:53.35 application
  11811 1001      20   0 1544620 573788  47244 S 400.0   3.5  40:57.35 application
  11811 1001      20   0 1544620 573788  47244 S 400.0   3.5  41:01.35 application
  11811 1001      20   0 1544620 573788  47244 S 400.0   3.5  41:05.35 application
  11811 1001      20   0 1544620 573788  47244 S 402.0   3.5  41:09.37 application
  11811 1001      20   0 1544620 573788  47244 S 399.0   3.5  41:13.36 application
  11811 1001      20   0 1544620 573788  47244 S 400.0   3.5  41:17.36 application
  11811 1001      20   0 1544620 573788  47244 S 398.0   3.5  41:21.38 application
  11811 1001      20   0 1544620 573788  47244 S 400.0   3.5  41:25.38 application
  11811 1001      20   0 1544620 573788  47244 S 403.0   3.5  41:29.41 application
  11811 1001      20   0 1544620 573788  47244 S 397.0   3.5  41:33.38 application
  11811 1001      20   0 1544620 573788  47244 S 405.0   3.5  41:37.43 application
  11811 1001      20   0 1544620 573788  47244 S 398.0   3.5  41:41.41 application
  11811 1001      20   0 1544620 573788  47244 S 402.0   3.5  41:45.43 application
  11811 1001      20   0 1544620 573788  47244 S 401.0   3.5  41:49.44 application
  11811 1001      20   0 1544620 573788  47244 S 398.0   3.5  41:53.42 application
  11811 1001      20   0 1544620 573788  47244 S 398.0   3.5  41:57.44 application
  11811 1001      20   0 1544620 573788  47244 S 399.0   3.5  42:01.43 application
  11811 1001      20   0 1544620 573788  47244 S 401.0   3.5  42:05.44 application
  11811 1001      20   0 1544620 573788  47244 S 399.0   3.5  42:09.43 application
  11811 1001      20   0 1544620 573788  47244 S 401.0   3.5  42:13.44 application
  11811 1001      20   0 1544620 573788  47244 S 400.0   3.5  42:17.44 application
  11811 1001      20   0 1544620 573788  47244 S 399.0   3.5  42:21.43 application
  11811 1001      20   0 1544620 573788  47244 S 401.0   3.5  42:25.44 application
  11811 1001      20   0 1544620 573788  47244 S 400.0   3.5  42:29.44 application
  11811 1001      20   0 1544620 573788  47244 S 396.0   3.5  42:33.44 application
  11811 1001      20   0 1544620 573788  47244 S 400.0   3.5  42:37.44 application
  11811 1001      20   0 1544620 573788  47244 S 399.0   3.5  42:41.43 application
  11811 1001      20   0 1544620 573788  47244 S 400.0   3.5  42:45.43 application
  11811 1001      20   0 1544620 573788  47244 S 401.0   3.5  42:49.44 application
  11811 1001      20   0 1545644 573860  47244 S 400.0   3.5  42:53.44 application
  11811 1001      20   0 1544620 571420  47244 S 400.0   3.5  42:57.44 application
  11811 1001      20   0 1544620 573792  47244 S 399.0   3.5  43:01.43 application
  11811 1001      20   0 1544620 573792  47244 S 400.0   3.5  43:05.43 application
  11811 1001      20   0 1544620 573792  47244 S 396.0   3.5  43:09.43 application
  11811 1001      20   0 1544