  11811 1001      20   0 1490348 517924  46128 S 113.3   3.2  20:00.00 application
  11811 1001      20   0 1492396 519508  46128 S 407.0   3.2  20:04.07 application
  11811 1001      20   0 1493420 520036  46128 S 395.0   3.2  20:08.02 application
  11811 1001      20   0 1493420 520828  46128 S 389.1   3.2  20:11.95 application
  11811 1001      20   0 1494444 522148  46128 S 395.0   3.2  20:15.90 application
  11811 1001      20   0 1495468 522412  46128 S 400.0   3.2  20:19.90 application
  11811 1001      20   0 1495468 523204  46128 S 394.0   3.2  20:23.84 application
  11811 1001      20   0 1496492 524260  46128 S 402.0   3.2  20:27.86 application
  11811 1001      20   0 1497516 525052  46128 S 391.0   3.2  20:31.77 application
  11811 1001      20   0 1497516 525580  46128 S 394.0   3.2  20:35.71 application
  11811 1001      20   0 1498540 526108  46128 S 398.0   3.2  20:39.69 application
  11811 1001      20   0 1499564 526900  46128 S 398.0   3.2  20:43.67 application
  11811 1001      20   0 1500588 527692  46128 S 398.0   3.2  20:47.69 application
  11811 1001      20   0 1500588 528220  46128 S 390.0   3.2  20:51.59 application
  11811 1001      20   0 1501612 529012  46128 S 399.0   3.2  20:55.58 application
  11811 1001      20   0 1502636 529540  46128 S 399.0   3.2  20:59.57 application
  11811 1001      20   0 1502636 530332  46128 S 395.0   3.3  21:03.52 application
  11811 1001      20   0 1502636 530860  46128 S 391.0   3.3  21:07.43 application
  11811 1001      20   0 1503660 531388  46128 S 395.0   3.3  21:11.38 application
  11811 1001      20   0 1503660 531388  46128 S 388.0   3.3  21:15.26 application
  11811 1001      20   0 1504684 532180  46128 S 398.0   3.3  21:19.24 application
  11811 1001      20   0 1505708 533236  46128 S 403.0   3.3  21:23.27 application
  11811 1001      20   0 1505708 533764  46128 S 395.0   3.3  21:27.22 application
  11811 1001      20   0 1506732 534292  46128 S 391.1   3.3  21:31.17 application
  11811 1001      20   0 1506732 534556  46128 S 387.0   3.3  21:35.04 application
  11811 1001      20   0 1507756 535348  46128 S 389.0   3.3  21:38.93 application
  11811 1001      20   0 1508780 536668  46128 S 396.0   3.3  21:42.89 application
  11811 1001      20   0 1509804 537460  46128 S 403.0   3.3  21:46.92 application
  11811 1001      20   0 1510828 537988  46128 S 397.0   3.3  21:50.89 application
  11811 1001      20   0 1510828 538252  46128 S 396.0   3.3  21:54.85 application
  11811 1001      20   0 1511852 539044  46128 S 398.0   3.3  21:58.83 application
  11811 1001      20   0 1511852 539308  46128 S 393.0   3.3  22:02.76 application
  11811 1001      20   0 1511852 539836  46128 S 400.0   3.3  22:06.76 application
  11811 1001      20   0 1512876 540100  46128 S 398.0   3.3  22:10.78 application
  11811 1001      20   0 1513900 541156  46128 S 400.0   3.3  22:14.78 application
  11811 1001      20   0 1514924 541948  46128 S 401.0   3.3  22:18.79 application
  11811 1001      20   0 1515948 543268  46128 S 400.0   3.3  22:22.79 application
  11811 1001      20   0 1516972 544060  46128 S 400.0   3.3  22:26.79 application
  11811 1001      20   0 1516972 544324  46128 S 390.0   3.3  22:30.69 application
  11811 1001      20   0 1516972 544852  46128 S 390.0   3.3  22:34.59 application
  11811 1001      20   0 1517996 545380  46128 S 402.0   3.3  22:38.61 application
  11811 1001      20   0 1517996 545644  46128 S 391.0   3.3  22:42.52 application
  11811 1001      20   0 1517996 546172  46128 S 394.1   3.3  22:46.50 application
  11811 1001      20   0 1519020 546436  46128 S 389.0   3.4  22:50.39 application
  11811 1001      20   0 1519020 546964  46128 S 395.0   3.4  22:54.34 application
  11811 1001      20   0 1520044 548020  46128 S 393.0   3.4  22:58.27 application
  11811 1001      20   0 1521068 548812  46128 S 400.0   3.4  23:02.27 application
  11811 1001      20   0 1521068 549076  46128 S 395.0   3.4  23:06.22 application
  11811 1001      20   0 1522092 549604  46128 S 395.0   3.4  23:10.17 application
  11811 1001      20   0 1523