  11811 1001      20   0 1295788 323240  46000 S  53.3   2.0   1:30.69 application
  11811 1001      20   0 1296812 324032  46000 S 151.0   2.0   1:32.20 application
  11811 1001      20   0 1296812 324032  46000 S 148.5   2.0   1:33.70 application
  11811 1001      20   0 1296812 324032  46000 S 148.0   2.0   1:35.18 application
  11811 1001      20   0 1296812 324032  46000 S 151.0   2.0   1:36.69 application
  11811 1001      20   0 1296812 324296  46000 S 149.0   2.0   1:38.18 application
  11811 1001      20   0 1296812 324296  46000 S 151.0   2.0   1:39.69 application
  11811 1001      20   0 1296812 324560  46000 S 153.0   2.0   1:41.22 application
  11811 1001      20   0 1296812 324560  46000 S 150.0   2.0   1:42.72 application
  11811 1001      20   0 1296812 324560  46000 S 151.0   2.0   1:44.23 application
  11811 1001      20   0 1296812 324560  46000 S 153.0   2.0   1:45.76 application
  11811 1001      20   0 1297836 324824  46000 S 148.0   2.0   1:47.24 application
  11811 1001      20   0 1297836 325088  46000 S 146.5   2.0   1:48.72 application
  11811 1001      20   0 1297836 325088  46000 S 149.0   2.0   1:50.21 application
  11811 1001      20   0 1297836 325088  46000 S 150.0   2.0   1:51.71 application
  11811 1001      20   0 1297836 325088  46000 S 152.0   2.0   1:53.23 application
  11811 1001      20   0 1297836 325088  46000 S 148.0   2.0   1:54.71 application
  11811 1001      20   0 1297836 325088  46000 S 151.0   2.0   1:56.22 application
  11811 1001      20   0 1297836 325352  46000 S 150.0   2.0   1:57.72 application
  11811 1001      20   0 1297836 325676  46064 S 150.0   2.0   1:59.22 application
  11811 1001      20   0 1297836 325676  46064 S 147.0   2.0   2:00.69 application
  11811 1001      20   0 1297836 325676  46064 S 148.5   2.0   2:02.19 application
  11811 1001      20   0 1297836 325676  46064 S 149.0   2.0   2:03.68 application
  11811 1001      20   0 1297836 325676  46064 S 148.0   2.0   2:05.16 application
  11811 1001      20   0 1298860 325676  46064 S 150.0   2.0   2:06.66 application
  11811 1001      20   0 1298860 325940  46064 S 150.0   2.0   2:08.16 application
  11811 1001      20   0 1298860 326264  46128 S 149.0   2.0   2:09.65 application
  11811 1001      20   0 1298860 326264  46128 S 150.0   2.0   2:11.15 application
  11811 1001      20   0 1298860 326264  46128 S 146.0   2.0   2:12.61 application
  11811 1001      20   0 1298860 326264  46128 S 148.0   2.0   2:14.09 application
  11811 1001      20   0 1298860 326264  46128 S 150.0   2.0   2:15.59 application
  11811 1001      20   0 1298860 326528  46128 S 147.0   2.0   2:17.06 application
  11811 1001      20   0 1298860 326528  46128 S 145.5   2.0   2:18.53 application
  11811 1001      20   0 1298860 326528  46128 S 149.0   2.0   2:20.02 application
  11811 1001      20   0 1298860 326528  46128 S 150.0   2.0   2:21.52 application
  11811 1001      20   0 1298860 326792  46128 S 150.0   2.0   2:23.02 application
  11811 1001      20   0 1298860 326792  46128 S 151.0   2.0   2:24.53 application
  11811 1001      20   0 1299884 326792  46128 S 152.0   2.0   2:26.05 application
  11811 1001      20   0 1299884 327056  46128 S 152.0   2.0   2:27.57 application
  11811 1001      20   0 1299884 327320  46128 S 154.0   2.0   2:29.11 application
  11811 1001      20   0 1299884 327320  46128 S 151.0   2.0   2:30.62 application
  11811 1001      20   0 1299884 327584  46128 S 151.0   2.0   2:32.13 application
  11811 1001      20   0 1299884 327584  46128 S 151.5   2.0   2:33.66 application
  11811 1001      20   0 1299884 327584  46128 S 148.0   2.0   2:35.14 application
  11811 1001      20   0 1299884 327848  46128 S 148.0   2.0   2:36.62 application
  11811 1001      20   0 1299884 327848  46128 S 150.0   2.0   2:38.12 application
  11811 1001      20   0 1299884 327848  46128 S 149.0   2.0   2:39.61 application
  11811 1001      20   0 1299884 327848  46128 S 150.0   2.0   2:41.11 application
  11811 1001      20   0 1299884 327848  46128 S 150.0   2.0   2:42.61 application
  11811 1001      20   0 1299