  12146 1001      20   0 6677296 441440  52816 S   0.0   2.7  18:24.82 application
  12146 1001      20   0 6678320 442232  52816 S 366.0   2.7  18:28.48 application
  12146 1001      20   0 6671148 443180  52816 S 403.0   2.7  18:32.51 application
  12146 1001      20   0 6672172 444764  52816 S 402.0   2.7  18:36.53 application
  12146 1001      20   0 6689588 446084  52816 S 400.0   2.7  18:40.53 application
  12146 1001      20   0 6691636 446876  52816 S 402.0   2.7  18:44.55 application
  12146 1001      20   0 6691636 447400  52816 S 401.0   2.7  18:48.56 application
  12146 1001      20   0 6692660 447924  52816 S 401.0   2.7  18:52.57 application
  12146 1001      20   0 6957908 450828  52816 S 400.0   2.8  18:56.57 application
  12146 1001      20   0 6957908 451352  52816 S 402.0   2.8  19:00.59 application
  12146 1001      20   0 6959956 452404  52816 S 398.0   2.8  19:04.61 application
  12146 1001      20   0 6959956 452932  52816 S 401.0   2.8  19:08.62 application
  12146 1001      20   0 6960980 453460  52816 S 400.0   2.8  19:12.62 application
  12146 1001      20   0 6960980 453980  52816 S 402.0   2.8  19:16.64 application
  12146 1001      20   0 6962004 454244  52816 S 399.0   2.8  19:20.63 application
  12146 1001      20   0 6962004 454508  52816 S 402.0   2.8  19:24.65 application
  12146 1001      20   0 6963028 455564  52816 S 402.0   2.8  19:28.67 application
  12146 1001      20   0 6964052 456088  52816 S 401.0   2.8  19:32.68 application
  12146 1001      20   0 6964052 456616  52816 S 400.0   2.8  19:36.68 application
  12146 1001      20   0 6965076 457144  52816 S 400.0   2.8  19:40.68 application
  12146 1001      20   0 6965076 457668  52816 S 397.0   2.8  19:44.69 application
  12146 1001      20   0 6966100 458192  52816 S 403.0   2.8  19:48.72 application
  12146 1001      20   0 6966100 458456  52816 S 402.0   2.8  19:52.74 application
  12146 1001      20   0 6967124 459248  52816 S 397.0   2.8  19:56.71 application
  12146 1001      20   0 6967124 459776  52816 S 403.0   2.8  20:00.74 application
  12146 1001      20   0 6968148 460568  52816 S 401.0   2.8  20:04.75 application
  12146 1001      20   0 6968148 461096  52816 S 403.0   2.8  20:08.78 application
  12146 1001      20   0 6969172 461624  52816 S 401.0   2.8  20:12.79 application
  12146 1001      20   0 6969172 462412  52816 S 402.0   2.8  20:16.81 application
  12146 1001      20   0 6970196 462936  52816 S 396.0   2.8  20:20.81 application
  12146 1001      20   0 6970196 463464  52816 S 401.0   2.8  20:24.82 application
  12146 1001      20   0 6971220 463992  52816 S 400.0   2.8  20:28.82 application
  12146 1001      20   0 6971220 464256  52816 S 402.0   2.8  20:32.84 application
  12146 1001      20   0 6972244 464784  52816 S 399.0   2.8  20:36.83 application
  12146 1001      20   0 6972244 465312  52816 S 401.0   2.9  20:40.84 application
  12146 1001      20   0 6973268 466104  52816 S 404.0   2.9  20:44.88 application
  12146 1001      20   0 6974292 466632  52816 S 397.0   2.9  20:48.85 application
  12146 1001      20   0 6974292 467424  52816 S 402.0   2.9  20:52.87 application
  12146 1001      20   0 6975316 468256  52816 S 400.0   2.9  20:56.87 application
  12146 1001      20   0 6975316 468780  52816 S 400.0   2.9  21:00.87 application
  12146 1001      20   0 6976340 469308  52816 S 396.0   2.9  21:04.87 application
  12146 1001      20   0 6977364 469832  52816 S 397.0   2.9  21:08.84 application
  12146 1001      20   0 6977364 470360  52816 S 403.0   2.9  21:12.87 application
  12146 1001      20   0 6978388 471152  52816 S 399.0   2.9  21:16.86 application
  12146 1001      20   0 6979412 471676  52816 S 401.0   2.9  21:20.87 application
  12146 1001      20   0 6980436 472996  52816 S 401.0   2.9  21:24.88 application
  12146 1001      20   0 6980436 473524  52816 S 398.0   2.9  21:28.86 application
  12146 1001      20   0 6981460 474052  52816 S 401.0   2.9  21:32.87 application
  12146 1001      20   0 7056216 475636  52816 S 400.0   2.9  21:36.87 application
  12146 1001      20   0 7057