  12146 1001      20   0 3910296 345724  52684 S   0.0   2.1   3:16.57 application
  12146 1001      20   0 3962544 348100  52684 S 267.0   2.1   3:19.24 application
  12146 1001      20   0 3979960 350208  52684 S 379.0   2.1   3:23.03 application
  12146 1001      20   0 4351692 353104  52684 S 378.0   2.2   3:26.81 application
  12146 1001      20   0 4351692 353368  52684 S 381.0   2.2   3:30.62 application
  12146 1001      20   0 4351692 353368  52684 S 379.0   2.2   3:34.41 application
  12146 1001      20   0 4352716 353632  52684 S 381.0   2.2   3:38.22 application
  12146 1001      20   0 4352716 353892  52684 S 379.0   2.2   3:42.01 application
  12146 1001      20   0 4352716 353892  52684 S 380.0   2.2   3:45.81 application
  12146 1001      20   0 4352716 353892  52684 S 375.2   2.2   3:49.60 application
  12146 1001      20   0 4353740 353892  52684 S 381.0   2.2   3:53.41 application
  12146 1001      20   0 4353740 354416  52684 S 380.0   2.2   3:57.21 application
  12146 1001      20   0 4353740 354416  52684 S 379.0   2.2   4:01.00 application
  12146 1001      20   0 4353740 354676  52684 S 380.0   2.2   4:04.80 application
  12146 1001      20   0 4354764 354676  52684 S 380.0   2.2   4:08.60 application
  12146 1001      20   0 4354764 354936  52684 S 381.0   2.2   4:12.41 application
  12146 1001      20   0 4354764 355200  52684 S 381.0   2.2   4:16.22 application
  12146 1001      20   0 4354764 355200  52684 S 379.0   2.2   4:20.01 application
  12146 1001      20   0 4503252 355992  52684 S 381.0   2.2   4:23.82 application
  12146 1001      20   0 4503252 355992  52684 S 379.0   2.2   4:27.61 application
  12146 1001      20   0 4503252 355992  52684 S 377.2   2.2   4:31.42 application
  12146 1001      20   0 4503252 356252  52684 S 381.0   2.2   4:35.23 application
  12146 1001      20   0 4504276 356776  52688 S 382.0   2.2   4:39.05 application
  12146 1001      20   0 4504276 356776  52688 S 379.0   2.2   4:42.84 application
  12146 1001      20   0 4504276 357040  52688 S 381.0   2.2   4:46.65 application
  12146 1001      20   0 4505300 357304  52688 S 380.0   2.2   4:50.45 application
  12146 1001      20   0 4505300 357304  52688 S 382.0   2.2   4:54.27 application
  12146 1001      20   0 4505300 357304  52688 S 380.0   2.2   4:58.07 application
  12146 1001      20   0 4505300 357564  52688 S 380.0   2.2   5:01.87 application
  12146 1001      20   0 4506324 357828  52688 S 380.0   2.2   5:05.67 application
  12146 1001      20   0 4506324 358152  52752 S 378.2   2.2   5:09.49 application
  12146 1001      20   0 4506324 358152  52752 S 380.0   2.2   5:13.29 application
  12146 1001      20   0 4506324 358416  52752 S 380.0   2.2   5:17.09 application
  12146 1001      20   0 4506324 358936  52752 S 381.0   2.2   5:20.90 application
  12146 1001      20   0 4507348 359200  52752 S 381.0   2.2   5:24.71 application
  12146 1001      20   0 4507348 359728  52752 S 382.0   2.2   5:28.53 application
  12146 1001      20   0 4507348 359988  52752 S 381.0   2.2   5:32.34 application
  12146 1001      20   0 4508372 360516  52752 S 381.0   2.2   5:36.15 application
  12146 1001      20   0 4508372 360780  52752 S 381.0   2.2   5:39.96 application
  12146 1001      20   0 4508372 361044  52752 S 374.3   2.2   5:43.74 application
  12146 1001      20   0 4509396 361568  52752 S 381.0   2.2   5:47.55 application
  12146 1001      20   0 4509396 361832  52752 S 381.0   2.2   5:51.36 application
  12146 1001      20   0 4509396 362092  52752 S 379.0   2.2   5:55.15 application
  12146 1001      20   0 4509396 362092  52752 S 381.0   2.2   5:58.96 application
  12146 1001      20   0 4509396 362352  52752 S 381.0   2.2   6:02.77 application
  12146 1001      20   0 4510420 362352  52752 S 382.0   2.2   6:06.59 application
  12146 1001      20   0 4510420 362352  52752 S 381.0   2.2   6:10.40 application
  12146 1001      20   0 4510420 362352  52752 S 379.0   2.2   6:14.19 application
  12146 1001      20   0 4510420 362612  52752 S 380.0   2.2   6:17.99 application
  12146 1001      20   0 4510