  12146 1001      20   0 6699848 412100  52752 S  80.0   2.5  14:25.76 application
  12146 1001      20   0 6699848 412624  52752 S 337.0   2.5  14:29.13 application
  12146 1001      20   0 6700872 413676  52752 S 403.0   2.5  14:33.16 application
  12146 1001      20   0 6700872 413940  52752 S 401.0   2.5  14:37.17 application
  12146 1001      20   0 6701896 414204  52752 S 401.0   2.5  14:41.18 application
  12146 1001      20   0 6701896 414464  52752 S 398.0   2.5  14:45.20 application
  12146 1001      20   0 6701896 414464  52752 S 401.0   2.5  14:49.21 application
  12146 1001      20   0 6702920 414992  52752 S 401.0   2.5  14:53.22 application
  12146 1001      20   0 6702920 415256  52752 S 401.0   2.5  14:57.23 application
  12146 1001      20   0 6702920 416044  52752 S 401.0   2.6  15:01.24 application
  12146 1001      20   0 6703944 416828  52752 S 402.0   2.6  15:05.26 application
  12146 1001      20   0 6703944 416828  52752 S 401.0   2.6  15:09.27 application
  12146 1001      20   0 6704968 417352  52752 S 401.0   2.6  15:13.28 application
  12146 1001      20   0 6704968 417352  52752 S 401.0   2.6  15:17.29 application
  12146 1001      20   0 6704968 417880  52752 S 402.0   2.6  15:21.31 application
  12146 1001      20   0 6632228 419864  52752 S 390.1   2.6  15:25.25 application
  12146 1001      20   0 6632228 420392  52752 S 405.0   2.6  15:29.30 application
  12146 1001      20   0 6633252 421712  52752 S 402.0   2.6  15:33.32 application
  12146 1001      20   0 6634276 421972  52752 S 399.0   2.6  15:37.31 application
  12146 1001      20   0 6634276 422236  52752 S 402.0   2.6  15:41.33 application
  12146 1001      20   0 6635300 422760  52752 S 397.0   2.6  15:45.30 application
  12146 1001      20   0 6635300 423024  52752 S 405.0   2.6  15:49.35 application
  12146 1001      20   0 6636324 423984  52752 S 401.0   2.6  15:53.36 application
  12146 1001      20   0 6636324 424248  52752 S 402.0   2.6  15:57.38 application
  12146 1001      20   0 6636324 424836  52816 S 395.0   2.6  16:01.37 application
  12146 1001      20   0 6637348 425100  52816 S 401.0   2.6  16:05.38 application
  12146 1001      20   0 6637348 425888  52816 S 398.0   2.6  16:09.36 application
  12146 1001      20   0 6638372 426148  52816 S 402.0   2.6  16:13.38 application
  12146 1001      20   0 6638372 426148  52816 S 396.0   2.6  16:17.34 application
  12146 1001      20   0 6638372 426676  52816 S 405.0   2.6  16:21.39 application
  12146 1001      20   0 6639396 426676  52816 S 399.0   2.6  16:25.38 application
  12146 1001      20   0 6639396 427464  52816 S 402.0   2.6  16:29.40 application
  12146 1001      20   0 6640420 427688  52816 S 400.0   2.6  16:33.40 application
  12146 1001      20   0 6640420 427952  52816 S 401.0   2.6  16:37.41 application
  12146 1001      20   0 6667056 429532  52816 S 402.0   2.6  16:41.43 application
  12146 1001      20   0 6667056 429796  52816 S 397.0   2.6  16:45.44 application
  12146 1001      20   0 6668080 430588  52816 S 399.0   2.6  16:49.43 application
  12146 1001      20   0 6668080 430848  52816 S 399.0   2.6  16:53.42 application
  12146 1001      20   0 6669104 431608  52816 S 402.0   2.6  16:57.44 application
  12146 1001      20   0 6669104 431872  52816 S 399.0   2.6  17:01.43 application
  12146 1001      20   0 6669104 432136  52816 S 401.0   2.6  17:05.44 application
  12146 1001      20   0 6669104 432396  52816 S 397.0   2.7  17:09.41 application
  12146 1001      20   0 6670128 432924  52816 S 404.0   2.7  17:13.45 application
  12146 1001      20   0 6670128 433448  52816 S 398.0   2.7  17:17.43 application
  12146 1001      20   0 6671152 433972  52816 S 403.0   2.7  17:21.46 application
  12146 1001      20   0 6671152 434236  52816 S 396.0   2.7  17:25.46 application
  12146 1001      20   0 6671152 434764  52816 S 399.0   2.7  17:29.45 application
  12146 1001      20   0 6672176 435028  52816 S 398.0   2.7  17:33.43 application
  12146 1001      20   0 6672176 435288  52816 S 402.0   2.7  17:37.45 application
  12146 1001      20   0 6673