  12146 1001      20   0 8927160 579808  53840 S   0.0   3.6  38:24.43 application
  12146 1001      20   0 8927160 579808  53840 S 305.0   3.6  38:27.48 application
  12146 1001      20   0 8927160 579808  53840 S 400.0   3.6  38:31.48 application
  12146 1001      20   0 8902572 580672  53840 S 401.0   3.6  38:35.49 application
  12146 1001      20   0 8894376 580896  53840 S 401.0   3.6  38:39.50 application
  12146 1001      20   0 8894376 580896  53840 S 402.0   3.6  38:43.52 application
  12146 1001      20   0 8894376 580896  53840 S 401.0   3.6  38:47.53 application
  12146 1001      20   0 8894376 581148  53840 S 400.0   3.6  38:51.53 application
  12146 1001      20   0 8886180 581248  53840 S 401.0   3.6  38:55.54 application
  12146 1001      20   0 8886180 581248  53840 S 400.0   3.6  38:59.54 application
  12146 1001      20   0 8886180 581248  53840 S 402.0   3.6  39:03.56 application
  12146 1001      20   0 8927160 581248  53840 S 396.0   3.6  39:07.56 application
  12146 1001      20   0 8927160 581248  53840 S 402.0   3.6  39:11.58 application
  12146 1001      20   0 8927160 581248  53840 S 402.0   3.6  39:15.60 application
  12146 1001      20   0 8927160 581248  53840 S 397.0   3.6  39:19.57 application
  12146 1001      20   0 8927160 581248  53840 S 402.0   3.6  39:23.59 application
  12146 1001      20   0 8927160 581248  53840 S 404.0   3.6  39:27.63 application
  12146 1001      20   0 8927160 581248  53840 S 400.0   3.6  39:31.63 application
  12146 1001      20   0 8927160 581248  53840 S 403.0   3.6  39:35.66 application
  12146 1001      20   0 8927160 581248  53840 S 396.0   3.6  39:39.62 application
  12146 1001      20   0 8927160 581248  53840 S 401.0   3.6  39:43.63 application
  12146 1001      20   0 8927160 581248  53840 S 399.0   3.6  39:47.66 application
  12146 1001      20   0 8927160 581248  53840 S 400.0   3.6  39:51.66 application
  12146 1001      20   0 8927160 581248  53840 S 404.0   3.6  39:55.70 application
  12146 1001      20   0 8927160 581248  53840 S 402.0   3.6  39:59.72 application
  12146 1001      20   0 8927160 581248  53840 S 401.0   3.6  40:03.73 application
  12146 1001      20   0 8927160 581248  53840 S 394.0   3.6  40:07.67 application
  12146 1001      20   0 8927160 581248  53840 S 406.0   3.6  40:11.73 application
  12146 1001      20   0 8927160 581248  53840 S 402.0   3.6  40:15.75 application
  12146 1001      20   0 8927160 581248  53840 S 399.0   3.6  40:19.74 application
  12146 1001      20   0 8927160 581248  53840 S 396.0   3.6  40:23.74 application
  12146 1001      20   0 8927160 581248  53840 S 405.0   3.6  40:27.79 application
  12146 1001      20   0 8927160 581248  53840 S 397.0   3.6  40:31.76 application
  12146 1001      20   0 8927160 581248  53840 S 404.0   3.6  40:35.80 application
  12146 1001      20   0 8927160 581248  53840 S 399.0   3.6  40:39.79 application
  12146 1001      20   0 8927160 581248  53840 S 404.0   3.6  40:43.83 application
  12146 1001      20   0 8927160 581248  53840 S 399.0   3.6  40:47.82 application
  12146 1001      20   0 8927160 581248  53840 S 401.0   3.6  40:51.83 application
  12146 1001      20   0 8927160 581248  53840 S 400.0   3.6  40:55.83 application
  12146 1001      20   0 8927160 581248  53840 S 400.0   3.6  40:59.83 application
  12146 1001      20   0 8927160 581248  53840 S 400.0   3.6  41:03.83 application
  12146 1001      20   0 8927160 581248  53840 S 396.0   3.6  41:07.83 application
  12146 1001      20   0 8927160 581248  53840 S 400.0   3.6  41:11.83 application
  12146 1001      20   0 8927160 581248  53840 S 400.0   3.6  41:15.83 application
  12146 1001      20   0 8927160 581248  53840 S 400.0   3.6  41:19.83 application
  12146 1001      20   0 8927160 581248  53840 S 399.0   3.6  41:23.82 application
  12146 1001      20   0 8927160 581248  53840 S 400.0   3.6  41:27.82 application
  12146 1001      20   0 8927160 581248  53840 S 400.0   3.6  41:31.82 application
  12146 1001      20   0 8927160 581248  53840 S 400.0   3.6  41:35.82 application
  12146 1001      20   0 8927