Running 1m test @ http://erik-pc.local:8080/greeting/Bob
  4 threads and 100 connections
  Thread calibration: mean lat.: 1.341ms, rate sampling interval: 10ms
  Thread calibration: mean lat.: 1.400ms, rate sampling interval: 10ms
  Thread calibration: mean lat.: 1.367ms, rate sampling interval: 10ms
  Thread calibration: mean lat.: 1.287ms, rate sampling interval: 10ms
  Thread Stats   Avg      Stdev     Max   +/- Stdev
    Latency     1.46ms    1.25ms  22.80ms   94.55%
    Req/Sec    26.35k     3.04k   58.70k    84.13%
  Latency Distribution (HdrHistogram - Recorded Latency)
 50.000%    1.29ms
 75.000%    1.85ms
 90.000%    2.35ms
 99.000%    6.31ms
 99.900%   16.10ms
 99.990%   19.06ms
 99.999%   20.70ms
100.000%   22.82ms

  Detailed Percentile spectrum:
       Value   Percentile   TotalCount 1/(1-Percentile)

       0.105     0.000000            1         1.00
       0.483     0.100000       499653         1.11
       0.712     0.200000       998496         1.25
       0.917     0.300000      1497774         1.43
       1.114     0.400000      1997318         1.67
       1.289     0.500000      2496204         2.00
       1.378     0.550000      2745582         2.22
       1.477     0.600000      2993991         2.50
       1.588     0.650000      3242436         2.86
       1.713     0.700000      3491437         3.33
       1.852     0.750000      3740774         4.00
       1.928     0.775000      3866811         4.44
       2.006     0.800000      3990997         5.00
       2.083     0.825000      4115562         5.71
       2.163     0.850000      4241057         6.67
       2.249     0.875000      4366086         8.00
       2.295     0.887500      4426367         8.89
       2.349     0.900000      4489840        10.00
       2.411     0.912500      4552317        11.43
       2.487     0.925000      4613932        13.33
       2.581     0.937500      4675986        16.00
       2.639     0.943750      4707460        17.78
       2.705     0.950000      4738797        20.00
       2.781     0.956250      4769896        22.86
       2.867     0.962500      4800614        26.67
       2.969     0.968750      4831906        32.00
       3.029     0.971875      4847302        35.56
       3.101     0.975000      4862948        40.00
       3.193     0.978125      4878534        45.71
       3.331     0.981250      4893911        53.33
       3.679     0.984375      4909493        64.00
       4.045     0.985938      4917306        71.11
       4.775     0.987500      4925114        80.00
       5.695     0.989062      4932878        91.43
       6.747     0.990625      4940675       106.67
       7.891     0.992188      4948455       128.00
       8.511     0.992969      4952346       142.22
       9.183     0.993750      4956249       160.00
       9.919     0.994531      4960151       182.86
      10.711     0.995313      4964067       213.33
      11.567     0.996094      4967941       256.00
      12.039     0.996484      4969896       284.44
      12.535     0.996875      4971837       320.00
      13.071     0.997266      4973786       365.71
      13.639     0.997656      4975723       426.67
      14.271     0.998047      4977680       512.00
      14.607     0.998242      4978661       568.89
      14.967     0.998437      4979625       640.00
      15.335     0.998633      4980595       731.43
      15.735     0.998828      4981582       853.33
      16.151     0.999023      4982556      1024.00
      16.359     0.999121      4983042      1137.78
      16.591     0.999219      4983532      1280.00
      16.831     0.999316      4984028      1462.86
      17.071     0.999414      4984504      1706.67
      17.327     0.999512      4984980      2048.00
      17.471     0.999561      4985238      2275.56
      17.631     0.999609      4985464      2560.00
      17.807     0.999658      4985729      2925.71
      17.999     0.999707      4985969      3413.33
      18.207     0.999756      4986211      4096.00
      18.303     0.999780      4986327      4551.11
      18.431     0.999805      4986440      5120.00
      18.559     0.999829      4986565      5851.43
      18.735     0.999854      4986685      6826.67
      18.895     0.999878      4986809      8192.00
      18.975     0.999890      4986870      9102.22
      19.087     0.999902      4986931     10240.00
      19.199     0.999915      4986987     11702.86
      19.311     0.999927      4987050     13653.33
      19.439     0.999939      4987115     16384.00
      19.503     0.999945      4987140     18204.44
      19.615     0.999951      4987173     20480.00
      19.695     0.999957      4987203     23405.71
      19.775     0.999963      4987230     27306.67
      19.935     0.999969      4987260     32768.00
      20.015     0.999973      4987278     36408.89
      20.079     0.999976      4987293     40960.00
      20.143     0.999979      4987307     46811.43
      20.239     0.999982      4987322     54613.33
      20.335     0.999985      4987336     65536.00
      20.463     0.999986      4987344     72817.78
      20.559     0.999988      4987352     81920.00
      20.671     0.999989      4987359     93622.86
      20.735     0.999991      4987367    109226.67
      20.943     0.999992      4987374    131072.00
      20.991     0.999993      4987379    145635.56
      21.023     0.999994      4987382    163840.00
      21.103     0.999995      4987386    187245.71
      21.391     0.999995      4987390    218453.33
      21.439     0.999996      4987393    262144.00
      21.487     0.999997      4987396    291271.11
      21.519     0.999997      4987397    327680.00
      21.727     0.999997      4987399    374491.43
      21.887     0.999998      4987401    436906.67
      21.951     0.999998      4987403    524288.00
      22.015     0.999998      4987404    582542.22
      22.207     0.999998      4987405    655360.00
      22.287     0.999999      4987406    748982.86
      22.351     0.999999      4987407    873813.33
      22.383     0.999999      4987408   1048576.00
      22.383     0.999999      4987408   1165084.44
      22.447     0.999999      4987409   1310720.00
      22.447     0.999999      4987409   1497965.71
      22.591     0.999999      4987410   1747626.67
      22.591     1.000000      4987410   2097152.00
      22.591     1.000000      4987410   2330168.89
      22.735     1.000000      4987411   2621440.00
      22.735     1.000000      4987411   2995931.43
      22.735     1.000000      4987411   3495253.33
      22.735     1.000000      4987411   4194304.00
      22.735     1.000000      4987411   4660337.78
      22.815     1.000000      4987412   5242880.00
      22.815     1.000000      4987412          inf
#[Mean    =        1.462, StdDeviation   =        1.250]
#[Max     =       22.800, Total count    =      4987412]
#[Buckets =           27, SubBuckets     =         2048]
----------------------------------------------------------
  5970336 requests in 1.00m, 415.64MB read
Requests/sec:  99506.12
Transfer/sec:      6.93MB
