Running 1m test @ http://erik-pc.local:8080/fruits
  4 threads and 100 connections
  Thread calibration: mean lat.: 3.296ms, rate sampling interval: 10ms
  Thread calibration: mean lat.: 3.331ms, rate sampling interval: 10ms
  Thread calibration: mean lat.: 3.397ms, rate sampling interval: 10ms
  Thread calibration: mean lat.: 3.405ms, rate sampling interval: 10ms
  Thread Stats   Avg      Stdev     Max   +/- Stdev
    Latency     3.33ms    1.09ms  12.96ms   72.13%
    Req/Sec     2.64k   399.57     5.33k    73.08%
  Latency Distribution (HdrHistogram - Recorded Latency)
 50.000%    3.37ms
 75.000%    4.06ms
 90.000%    4.53ms
 99.000%    5.82ms
 99.900%    9.69ms
 99.990%   11.45ms
 99.999%   12.67ms
100.000%   12.97ms

  Detailed Percentile spectrum:
       Value   Percentile   TotalCount 1/(1-Percentile)

       0.533     0.000000            1         1.00
       1.938     0.100000        49922         1.11
       2.455     0.200000        99940         1.25
       2.785     0.300000       149905         1.43
       3.079     0.400000       199568         1.67
       3.371     0.500000       249666         2.00
       3.517     0.550000       274661         2.22
       3.657     0.600000       299374         2.50
       3.795     0.650000       324341         2.86
       3.929     0.700000       349428         3.33
       4.063     0.750000       374119         4.00
       4.135     0.775000       387149         4.44
       4.203     0.800000       399279         5.00
       4.279     0.825000       411891         5.71
       4.355     0.850000       423995         6.67
       4.443     0.875000       436879         8.00
       4.487     0.887500       442783         8.89
       4.535     0.900000       448960        10.00
       4.591     0.912500       455402        11.43
       4.651     0.925000       461622        13.33
       4.719     0.937500       467667        16.00
       4.759     0.943750       470920        17.78
       4.799     0.950000       474010        20.00
       4.847     0.956250       477090        22.86
       4.903     0.962500       480243        26.67
       4.967     0.968750       483240        32.00
       5.007     0.971875       484808        35.56
       5.055     0.975000       486412        40.00
       5.107     0.978125       487875        45.71
       5.183     0.981250       489507        53.33
       5.287     0.984375       491038        64.00
       5.355     0.985938       491797        71.11
       5.447     0.987500       492550        80.00
       5.623     0.989062       493337        91.43
       6.007     0.990625       494106       106.67
       6.639     0.992188       494891       128.00
       6.931     0.992969       495274       142.22
       7.239     0.993750       495667       160.00
       7.531     0.994531       496055       182.86
       7.823     0.995313       496445       213.33
       8.143     0.996094       496834       256.00
       8.335     0.996484       497030       284.44
       8.527     0.996875       497230       320.00
       8.735     0.997266       497420       365.71
       8.927     0.997656       497612       426.67
       9.119     0.998047       497808       512.00
       9.231     0.998242       497908       568.89
       9.327     0.998437       498006       640.00
       9.447     0.998633       498101       731.43
       9.575     0.998828       498198       853.33
       9.703     0.999023       498294      1024.00
       9.791     0.999121       498346      1137.78
       9.871     0.999219       498395      1280.00
       9.975     0.999316       498441      1462.86
      10.071     0.999414       498489      1706.67
      10.175     0.999512       498539      2048.00
      10.231     0.999561       498562      2275.56
      10.327     0.999609       498588      2560.00
      10.423     0.999658       498614      2925.71
      10.535     0.999707       498635      3413.33
      10.695     0.999756       498660      4096.00
      10.783     0.999780       498673      4551.11
      10.847     0.999805       498685      5120.00
      10.991     0.999829       498696      5851.43
      11.151     0.999854       498708      6826.67
      11.319     0.999878       498721      8192.00
      11.391     0.999890       498727      9102.22
      11.463     0.999902       498734     10240.00
      11.559     0.999915       498739     11702.86
      11.687     0.999927       498745     13653.33
      11.927     0.999939       498751     16384.00
      11.951     0.999945       498755     18204.44
      11.975     0.999951       498760     20480.00
      11.975     0.999957       498760     23405.71
      12.079     0.999963       498763     27306.67
      12.151     0.999969       498766     32768.00
      12.175     0.999973       498768     36408.89
      12.183     0.999976       498769     40960.00
      12.215     0.999979       498771     46811.43
      12.319     0.999982       498772     54613.33
      12.527     0.999985       498774     65536.00
      12.607     0.999986       498775     72817.78
      12.607     0.999988       498775     81920.00
      12.671     0.999989       498776     93622.86
      12.695     0.999991       498777    109226.67
      12.895     0.999992       498778    131072.00
      12.895     0.999993       498778    145635.56
      12.895     0.999994       498778    163840.00
      12.935     0.999995       498779    187245.71
      12.935     0.999995       498779    218453.33
      12.951     0.999996       498780    262144.00
      12.951     0.999997       498780    291271.11
      12.951     0.999997       498780    327680.00
      12.951     0.999997       498780    374491.43
      12.951     0.999998       498780    436906.67
      12.967     0.999998       498781    524288.00
      12.967     1.000000       498781          inf
#[Mean    =        3.328, StdDeviation   =        1.092]
#[Max     =       12.960, Total count    =       498781]
#[Buckets =           27, SubBuckets     =         2048]
----------------------------------------------------------
  599422 requests in 1.00m, 97.18MB read
Requests/sec:   9990.14
Transfer/sec:      1.62MB
