Running 1m test @ http://erik-pc.local:8080/fruits
  4 threads and 100 connections
  Thread calibration: mean lat.: 1.895ms, rate sampling interval: 10ms
  Thread calibration: mean lat.: 1.932ms, rate sampling interval: 10ms
  Thread calibration: mean lat.: 2.561ms, rate sampling interval: 10ms
  Thread calibration: mean lat.: 1.935ms, rate sampling interval: 10ms
  Thread Stats   Avg      Stdev     Max   +/- Stdev
    Latency     2.06ms  716.79us   9.26ms   68.42%
    Req/Sec     1.32k   646.76     2.78k    74.83%
  Latency Distribution (HdrHistogram - Recorded Latency)
 50.000%    1.97ms
 75.000%    2.56ms
 90.000%    2.96ms
 99.000%    3.66ms
 99.900%    7.31ms
 99.990%    8.34ms
 99.999%    9.16ms
100.000%    9.26ms

  Detailed Percentile spectrum:
       Value   Percentile   TotalCount 1/(1-Percentile)

       0.689     0.000000            1         1.00
       1.229     0.100000        24972         1.11
       1.424     0.200000        49964         1.25
       1.596     0.300000        74906         1.43
       1.776     0.400000        99805         1.67
       1.971     0.500000       124738         2.00
       2.075     0.550000       137257         2.22
       2.191     0.600000       149682         2.50
       2.311     0.650000       162125         2.86
       2.433     0.700000       174646         3.33
       2.555     0.750000       187186         4.00
       2.615     0.775000       193402         4.44
       2.675     0.800000       199704         5.00
       2.739     0.825000       205798         5.71
       2.809     0.850000       212131         6.67
       2.881     0.875000       218230         8.00
       2.923     0.887500       221407         8.89
       2.965     0.900000       224499        10.00
       3.011     0.912500       227653        11.43
       3.061     0.925000       230754        13.33
       3.119     0.937500       233830        16.00
       3.151     0.943750       235398        17.78
       3.185     0.950000       236967        20.00
       3.221     0.956250       238479        22.86
       3.263     0.962500       240006        26.67
       3.313     0.968750       241607        32.00
       3.341     0.971875       242361        35.56
       3.373     0.975000       243141        40.00
       3.409     0.978125       243900        45.71
       3.453     0.981250       244692        53.33
       3.507     0.984375       245466        64.00
       3.541     0.985938       245855        71.11
       3.579     0.987500       246238        80.00
       3.631     0.989062       246629        91.43
       3.687     0.990625       247028       106.67
       3.763     0.992188       247415       128.00
       3.813     0.992969       247609       142.22
       3.883     0.993750       247797       160.00
       3.995     0.994531       247992       182.86
       4.279     0.995313       248186       213.33
       5.123     0.996094       248383       256.00
       5.411     0.996484       248478       284.44
       5.667     0.996875       248575       320.00
       5.963     0.997266       248673       365.71
       6.279     0.997656       248770       426.67
       6.611     0.998047       248867       512.00
       6.747     0.998242       248918       568.89
       6.887     0.998437       248965       640.00
       7.039     0.998633       249015       731.43
       7.171     0.998828       249062       853.33
       7.323     0.999023       249111      1024.00
       7.387     0.999121       249137      1137.78
       7.463     0.999219       249160      1280.00
       7.547     0.999316       249184      1462.86
       7.663     0.999414       249208      1706.67
       7.735     0.999512       249236      2048.00
       7.779     0.999561       249245      2275.56
       7.823     0.999609       249257      2560.00
       7.875     0.999658       249270      2925.71
       7.915     0.999707       249281      3413.33
       8.035     0.999756       249296      4096.00
       8.047     0.999780       249300      4551.11
       8.099     0.999805       249307      5120.00
       8.147     0.999829       249312      5851.43
       8.175     0.999854       249319      6826.67
       8.247     0.999878       249324      8192.00
       8.311     0.999890       249327      9102.22
       8.343     0.999902       249331     10240.00
       8.367     0.999915       249333     11702.86
       8.463     0.999927       249339     13653.33
       8.463     0.999939       249339     16384.00
       8.551     0.999945       249342     18204.44
       8.551     0.999951       249342     20480.00
       8.663     0.999957       249344     23405.71
       8.759     0.999963       249345     27306.67
       8.807     0.999969       249347     32768.00
       8.855     0.999973       249348     36408.89
       8.855     0.999976       249348     40960.00
       8.959     0.999979       249349     46811.43
       9.047     0.999982       249350     54613.33
       9.103     0.999985       249351     65536.00
       9.103     0.999986       249351     72817.78
       9.103     0.999988       249351     81920.00
       9.159     0.999989       249352     93622.86
       9.159     0.999991       249352    109226.67
       9.175     0.999992       249353    131072.00
       9.175     0.999993       249353    145635.56
       9.175     0.999994       249353    163840.00
       9.175     0.999995       249353    187245.71
       9.175     0.999995       249353    218453.33
       9.263     0.999996       249354    262144.00
       9.263     1.000000       249354          inf
#[Mean    =        2.060, StdDeviation   =        0.717]
#[Max     =        9.256, Total count    =       249354]
#[Buckets =           27, SubBuckets     =         2048]
----------------------------------------------------------
  298557 requests in 1.00m, 48.40MB read
Requests/sec:   4975.83
Transfer/sec:    826.06KB
