Running 1m test @ http://erik-pc.local:8080/fruits
  4 threads and 100 connections
  Thread calibration: mean lat.: 2.191ms, rate sampling interval: 10ms
  Thread calibration: mean lat.: 2.216ms, rate sampling interval: 10ms
  Thread calibration: mean lat.: 2.218ms, rate sampling interval: 10ms
  Thread calibration: mean lat.: 2.243ms, rate sampling interval: 10ms
  Thread Stats   Avg      Stdev     Max   +/- Stdev
    Latency     2.17ms    1.32ms  24.54ms   92.04%
    Req/Sec     3.96k   525.15     8.00k    84.90%
  Latency Distribution (HdrHistogram - Recorded Latency)
 50.000%    1.96ms
 75.000%    2.43ms
 90.000%    2.96ms
 99.000%    8.15ms
 99.900%   15.19ms
 99.990%   20.25ms
 99.999%   23.04ms
100.000%   24.56ms

  Detailed Percentile spectrum:
       Value   Percentile   TotalCount 1/(1-Percentile)

       0.442     0.000000            1         1.00
       1.171     0.100000        74930         1.11
       1.428     0.200000       149930         1.25
       1.623     0.300000       224831         1.43
       1.793     0.400000       299461         1.67
       1.958     0.500000       374191         2.00
       2.043     0.550000       411783         2.22
       2.131     0.600000       449506         2.50
       2.221     0.650000       486479         2.86
       2.321     0.700000       523848         3.33
       2.431     0.750000       561091         4.00
       2.495     0.775000       580176         4.44
       2.563     0.800000       598948         5.00
       2.637     0.825000       617431         5.71
       2.725     0.850000       636077         6.67
       2.831     0.875000       654880         8.00
       2.893     0.887500       664062         8.89
       2.965     0.900000       673377        10.00
       3.053     0.912500       682833        11.43
       3.161     0.925000       692010        13.33
       3.323     0.937500       701399        16.00
       3.439     0.943750       706049        17.78
       3.605     0.950000       710721        20.00
       3.871     0.956250       715387        22.86
       4.383     0.962500       720065        26.67
       5.135     0.968750       724752        32.00
       5.483     0.971875       727080        35.56
       5.823     0.975000       729423        40.00
       6.183     0.978125       731751        45.71
       6.563     0.981250       734103        53.33
       7.015     0.984375       736444        64.00
       7.275     0.985938       737602        71.11
       7.563     0.987500       738765        80.00
       7.915     0.989062       739938        91.43
       8.335     0.990625       741123       106.67
       8.831     0.992188       742282       128.00
       9.127     0.992969       742865       142.22
       9.455     0.993750       743451       160.00
       9.855     0.994531       744024       182.86
      10.335     0.995313       744612       213.33
      10.927     0.996094       745195       256.00
      11.279     0.996484       745485       284.44
      11.615     0.996875       745778       320.00
      12.039     0.997266       746077       365.71
      12.511     0.997656       746365       426.67
      13.079     0.998047       746656       512.00
      13.399     0.998242       746803       568.89
      13.751     0.998437       746947       640.00
      14.183     0.998633       747093       731.43
      14.671     0.998828       747239       853.33
      15.271     0.999023       747385      1024.00
      15.607     0.999121       747458      1137.78
      15.991     0.999219       747531      1280.00
      16.431     0.999316       747605      1462.86
      16.927     0.999414       747678      1706.67
      17.503     0.999512       747750      2048.00
      17.759     0.999561       747787      2275.56
      17.999     0.999609       747823      2560.00
      18.335     0.999658       747860      2925.71
      18.623     0.999707       747896      3413.33
      19.007     0.999756       747933      4096.00
      19.167     0.999780       747951      4551.11
      19.311     0.999805       747969      5120.00
      19.551     0.999829       747988      5851.43
      19.743     0.999854       748006      6826.67
      19.967     0.999878       748025      8192.00
      20.127     0.999890       748033      9102.22
      20.335     0.999902       748042     10240.00
      20.463     0.999915       748052     11702.86
      20.623     0.999927       748061     13653.33
      20.831     0.999939       748070     16384.00
      20.943     0.999945       748075     18204.44
      21.039     0.999951       748079     20480.00
      21.231     0.999957       748084     23405.71
      21.423     0.999963       748088     27306.67
      21.663     0.999969       748093     32768.00
      21.935     0.999973       748095     36408.89
      21.967     0.999976       748097     40960.00
      22.207     0.999979       748100     46811.43
      22.607     0.999982       748102     54613.33
      22.687     0.999985       748104     65536.00
      22.751     0.999986       748105     72817.78
      22.943     0.999988       748106     81920.00
      23.039     0.999989       748108     93622.86
      23.103     0.999991       748109    109226.67
      23.279     0.999992       748110    131072.00
      23.279     0.999993       748110    145635.56
      23.583     0.999994       748111    163840.00
      23.743     0.999995       748112    187245.71
      23.743     0.999995       748112    218453.33
      23.983     0.999996       748113    262144.00
      23.983     0.999997       748113    291271.11
      23.983     0.999997       748113    327680.00
      24.559     0.999997       748115    374491.43
      24.559     1.000000       748115          inf
#[Mean    =        2.167, StdDeviation   =        1.322]
#[Max     =       24.544, Total count    =       748115]
#[Buckets =           27, SubBuckets     =         2048]
----------------------------------------------------------
  899117 requests in 1.00m, 145.77MB read
Requests/sec:  14985.34
Transfer/sec:      2.43MB
