Running 1m test @ http://erik-pc.local:8080/fruits
  4 threads and 100 connections
  Thread calibration: mean lat.: 169.020ms, rate sampling interval: 1025ms
  Thread calibration: mean lat.: 105.344ms, rate sampling interval: 595ms
  Thread calibration: mean lat.: 148.020ms, rate sampling interval: 695ms
  Thread calibration: mean lat.: 95.846ms, rate sampling interval: 646ms
  Thread Stats   Avg      Stdev     Max   +/- Stdev
    Latency     1.23s     1.24s    5.19s    84.28%
    Req/Sec     4.57k     0.91k    6.45k    71.68%
  Latency Distribution (HdrHistogram - Recorded Latency)
 50.000%  804.35ms
 75.000%    1.87s 
 90.000%    3.32s 
 99.000%    4.76s 
 99.900%    5.07s 
 99.990%    5.15s 
 99.999%    5.17s 
100.000%    5.19s 

  Detailed Percentile spectrum:
       Value   Percentile   TotalCount 1/(1-Percentile)

       0.600     0.000000            1         1.00
      41.119     0.100000        91152         1.11
     150.655     0.200000       182358         1.25
     317.183     0.300000       273406         1.43
     528.383     0.400000       364762         1.67
     804.351     0.500000       455797         2.00
     975.359     0.550000       501242         2.22
    1186.815     0.600000       546947         2.50
    1414.143     0.650000       592494         2.86
    1618.943     0.700000       637979         3.33
    1873.919     0.750000       683608         4.00
    1985.535     0.775000       706360         4.44
    2084.863     0.800000       729150         5.00
    2289.663     0.825000       751882         5.71
    2568.191     0.850000       774710         6.67
    2873.343     0.875000       797463         8.00
    3086.335     0.887500       808849         8.89
    3319.807     0.900000       820261        10.00
    3450.879     0.912500       831732        11.43
    3643.391     0.925000       842994        13.33
    3821.567     0.937500       854551        16.00
    3895.295     0.943750       860201        17.78
    3987.455     0.950000       865779        20.00
    4081.663     0.956250       871536        22.86
    4157.439     0.962500       877212        26.67
    4243.455     0.968750       883017        32.00
    4292.607     0.971875       885763        35.56
    4362.239     0.975000       888695        40.00
    4419.583     0.978125       891501        45.71
    4468.735     0.981250       894307        53.33
    4534.271     0.984375       897125        64.00
    4616.191     0.985938       898544        71.11
    4677.631     0.987500       900001        80.00
    4726.783     0.989062       901403        91.43
    4784.127     0.990625       902833       106.67
    4845.567     0.992188       904221       128.00
    4874.239     0.992969       905009       142.22
    4898.815     0.993750       905676       160.00
    4927.487     0.994531       906412       182.86
    4947.967     0.995313       907161       213.33
    4968.447     0.996094       907880       256.00
    4976.639     0.996484       908145       284.44
    4993.023     0.996875       908530       320.00
    5013.503     0.997266       908928       365.71
    5025.791     0.997656       909201       426.67
    5038.079     0.998047       909566       512.00
    5046.271     0.998242       909795       568.89
    5054.463     0.998437       910010       640.00
    5058.559     0.998633       910114       731.43
    5066.751     0.998828       910310       853.33
    5074.943     0.999023       910501      1024.00
    5079.039     0.999121       910579      1137.78
    5083.135     0.999219       910659      1280.00
    5087.231     0.999316       910741      1462.86
    5091.327     0.999414       910801      1706.67
    5099.519     0.999512       910904      2048.00
    5103.615     0.999561       910952      2275.56
    5107.711     0.999609       910997      2560.00
    5111.807     0.999658       911038      2925.71
    5115.903     0.999707       911071      3413.33
    5124.095     0.999756       911135      4096.00
    5124.095     0.999780       911135      4551.11
    5128.191     0.999805       911161      5120.00
    5132.287     0.999829       911185      5851.43
    5136.383     0.999854       911203      6826.67
    5144.575     0.999878       911238      8192.00
    5144.575     0.999890       911238      9102.22
    5148.671     0.999902       911252     10240.00
    5152.767     0.999915       911266     11702.86
    5156.863     0.999927       911283     13653.33
    5156.863     0.999939       911283     16384.00
    5160.959     0.999945       911302     18204.44
    5160.959     0.999951       911302     20480.00
    5160.959     0.999957       911302     23405.71
    5160.959     0.999963       911302     27306.67
    5165.055     0.999969       911314     32768.00
    5165.055     0.999973       911314     36408.89
    5165.055     0.999976       911314     40960.00
    5169.151     0.999979       911323     46811.43
    5169.151     0.999982       911323     54613.33
    5169.151     0.999985       911323     65536.00
    5169.151     0.999986       911323     72817.78
    5169.151     0.999988       911323     81920.00
    5173.247     0.999989       911328     93622.86
    5173.247     0.999991       911328    109226.67
    5173.247     0.999992       911328    131072.00
    5173.247     0.999993       911328    145635.56
    5177.343     0.999994       911329    163840.00
    5181.439     0.999995       911331    187245.71
    5181.439     0.999995       911331    218453.33
    5181.439     0.999996       911331    262144.00
    5181.439     0.999997       911331    291271.11
    5185.535     0.999997       911332    327680.00
    5185.535     0.999997       911332    374491.43
    5185.535     0.999998       911332    436906.67
    5189.631     0.999998       911334    524288.00
    5189.631     1.000000       911334          inf
#[Mean    =     1230.377, StdDeviation   =     1241.393]
#[Max     =     5185.536, Total count    =       911334]
#[Buckets =           27, SubBuckets     =         2048]
----------------------------------------------------------
  1092343 requests in 1.00m, 177.10MB read
Requests/sec:  18194.81
Transfer/sec:      2.95MB
