Running 1m test @ http://erik-pc.local:8080/fruits
  4 threads and 100 connections
  Thread calibration: mean lat.: 11.838ms, rate sampling interval: 56ms
  Thread calibration: mean lat.: 11.954ms, rate sampling interval: 57ms
  Thread calibration: mean lat.: 11.526ms, rate sampling interval: 55ms
  Thread calibration: mean lat.: 11.150ms, rate sampling interval: 53ms
  Thread Stats   Avg      Stdev     Max   +/- Stdev
    Latency    11.23ms   10.67ms  86.46ms   78.49%
    Req/Sec     4.54k     1.48k    7.85k    56.54%
  Latency Distribution (HdrHistogram - Recorded Latency)
 50.000%    7.00ms
 75.000%   20.19ms
 90.000%   27.41ms
 99.000%   35.94ms
 99.900%   43.04ms
 99.990%   70.78ms
 99.999%   84.42ms
100.000%   86.53ms

  Detailed Percentile spectrum:
       Value   Percentile   TotalCount 1/(1-Percentile)

       0.437     0.000000            1         1.00
       1.179     0.100000        89831         1.11
       1.521     0.200000       179531         1.25
       1.925     0.300000       269352         1.43
       2.767     0.400000       359102         1.67
       7.003     0.500000       448775         2.00
       9.791     0.550000       493726         2.22
      12.511     0.600000       538551         2.50
      15.159     0.650000       583384         2.86
      17.727     0.700000       628356         3.33
      20.191     0.750000       673191         4.00
      21.423     0.775000       695815         4.44
      22.591     0.800000       718008         5.00
      23.775     0.825000       740716         5.71
      24.943     0.850000       763020         6.67
      26.159     0.875000       785512         8.00
      26.767     0.887500       796554         8.89
      27.407     0.900000       807859        10.00
      28.095     0.912500       819170        11.43
      28.831     0.925000       830384        13.33
      29.647     0.937500       841554        16.00
      30.079     0.943750       847157        17.78
      30.543     0.950000       852718        20.00
      31.055     0.956250       858344        22.86
      31.583     0.962500       863857        26.67
      32.191     0.968750       869487        32.00
      32.559     0.971875       872326        35.56
      32.959     0.975000       875064        40.00
      33.407     0.978125       877916        45.71
      33.951     0.981250       880808        53.33
      34.527     0.984375       883527        64.00
      34.847     0.985938       884881        71.11
      35.231     0.987500       886276        80.00
      35.647     0.989062       887686        91.43
      36.127     0.990625       889149       106.67
      36.639     0.992188       890505       128.00
      36.959     0.992969       891244       142.22
      37.279     0.993750       891916       160.00
      37.631     0.994531       892610       182.86
      38.047     0.995313       893307       213.33
      38.559     0.996094       894014       256.00
      38.879     0.996484       894366       284.44
      39.231     0.996875       894706       320.00
      39.615     0.997266       895040       365.71
      40.063     0.997656       895388       426.67
      40.639     0.998047       895750       512.00
      40.959     0.998242       895924       568.89
      41.311     0.998437       896092       640.00
      41.759     0.998633       896265       731.43
      42.431     0.998828       896443       853.33
      43.199     0.999023       896624      1024.00
      43.743     0.999121       896703      1137.78
      44.383     0.999219       896790      1280.00
      45.375     0.999316       896882      1462.86
      46.335     0.999414       896968      1706.67
      47.871     0.999512       897054      2048.00
      49.087     0.999561       897097      2275.56
      51.487     0.999609       897141      2560.00
      53.599     0.999658       897186      2925.71
      55.711     0.999707       897229      3413.33
      57.951     0.999756       897273      4096.00
      58.719     0.999780       897296      4551.11
      59.615     0.999805       897316      5120.00
      61.503     0.999829       897338      5851.43
      65.055     0.999854       897360      6826.67
      68.223     0.999878       897382      8192.00
      70.143     0.999890       897394      9102.22
      71.231     0.999902       897404     10240.00
      73.215     0.999915       897415     11702.86
      75.903     0.999927       897426     13653.33
      78.015     0.999939       897437     16384.00
      78.591     0.999945       897442     18204.44
      79.103     0.999951       897448     20480.00
      80.319     0.999957       897453     23405.71
      80.895     0.999963       897459     27306.67
      81.535     0.999969       897465     32768.00
      81.919     0.999973       897467     36408.89
      82.431     0.999976       897470     40960.00
      83.263     0.999979       897472     46811.43
      83.647     0.999982       897475     54613.33
      84.031     0.999985       897478     65536.00
      84.095     0.999986       897479     72817.78
      84.351     0.999988       897481     81920.00
      84.415     0.999989       897482     93622.86
      84.543     0.999991       897483    109226.67
      84.991     0.999992       897485    131072.00
      84.991     0.999993       897485    145635.56
      85.055     0.999994       897486    163840.00
      85.503     0.999995       897487    187245.71
      85.503     0.999995       897487    218453.33
      85.567     0.999996       897489    262144.00
      85.567     0.999997       897489    291271.11
      85.567     0.999997       897489    327680.00
      85.567     0.999997       897489    374491.43
      85.567     0.999998       897489    436906.67
      85.759     0.999998       897490    524288.00
      85.759     0.999998       897490    582542.22
      85.759     0.999998       897490    655360.00
      85.759     0.999999       897490    748982.86
      85.759     0.999999       897490    873813.33
      86.527     0.999999       897491   1048576.00
      86.527     1.000000       897491          inf
#[Mean    =       11.230, StdDeviation   =       10.671]
#[Max     =       86.464, Total count    =       897491]
#[Buckets =           27, SubBuckets     =         2048]
----------------------------------------------------------
  1078578 requests in 1.00m, 174.86MB read
Requests/sec:  17976.27
Transfer/sec:      2.91MB
