Running 1m test @ http://erik-pc.local:8080/fruits
  4 threads and 100 connections
  Thread calibration: mean lat.: 503.444ms, rate sampling interval: 2453ms
  Thread calibration: mean lat.: 119.271ms, rate sampling interval: 627ms
  Thread calibration: mean lat.: 184.283ms, rate sampling interval: 951ms
  Thread calibration: mean lat.: 455.283ms, rate sampling interval: 2412ms
  Thread Stats   Avg      Stdev     Max   +/- Stdev
    Latency     2.85s     2.33s   10.20s    68.64%
    Req/Sec     4.57k     0.99k    6.03k    73.10%
  Latency Distribution (HdrHistogram - Recorded Latency)
 50.000%    2.23s 
 75.000%    4.21s 
 90.000%    6.44s 
 99.000%    9.05s 
 99.900%   10.13s 
 99.990%   10.18s 
 99.999%   10.20s 
100.000%   10.21s 

  Detailed Percentile spectrum:
       Value   Percentile   TotalCount 1/(1-Percentile)

       0.743     0.000000            1         1.00
     382.719     0.100000        91001         1.11
     755.711     0.200000       181977         1.25
    1143.807     0.300000       272930         1.43
    1640.447     0.400000       363914         1.67
    2234.367     0.500000       454852         2.00
    2568.191     0.550000       500526         2.22
    2973.695     0.600000       545889         2.50
    3368.959     0.650000       591365         2.86
    3708.927     0.700000       636817         3.33
    4210.687     0.750000       682634         4.00
    4460.543     0.775000       704989         4.44
    4907.007     0.800000       727825         5.00
    5156.863     0.825000       750551         5.71
    5476.351     0.850000       773314         6.67
    5963.775     0.875000       796018         8.00
    6209.535     0.887500       807314         8.89
    6438.911     0.900000       818936        10.00
    6680.575     0.912500       830241        11.43
    6881.279     0.925000       841546        13.33
    7229.439     0.937500       852831        16.00
    7430.143     0.943750       858476        17.78
    7634.943     0.950000       864257        20.00
    7761.919     0.956250       869874        22.86
    7966.719     0.962500       875543        26.67
    8331.263     0.968750       881235        32.00
    8429.567     0.971875       884168        35.56
    8503.295     0.975000       887027        40.00
    8593.407     0.978125       889755        45.71
    8732.671     0.981250       892745        53.33
    8871.935     0.984375       895533        64.00
    8912.895     0.985938       897022        71.11
    8945.663     0.987500       898288        80.00
    9003.007     0.989062       899693        91.43
    9076.735     0.990625       901121       106.67
    9297.919     0.992188       902595       128.00
    9338.879     0.992969       903254       142.22
    9379.839     0.993750       904141       160.00
    9412.607     0.994531       904712       182.86
    9478.143     0.995313       905396       213.33
    9633.791     0.996094       906093       256.00
    9740.287     0.996484       906456       284.44
    9789.439     0.996875       906854       320.00
    9838.591     0.997266       907175       365.71
   10051.583     0.997656       907527       426.67
   10084.351     0.998047       907906       512.00
   10092.543     0.998242       908054       568.89
   10100.735     0.998437       908223       640.00
   10117.119     0.998633       908526       731.43
   10125.311     0.998828       908676       853.33
   10133.503     0.999023       908826      1024.00
   10141.695     0.999121       908954      1137.78
   10141.695     0.999219       908954      1280.00
   10149.887     0.999316       909100      1462.86
   10158.079     0.999414       909238      1706.67
   10158.079     0.999512       909238      2048.00
   10158.079     0.999561       909238      2275.56
   10166.271     0.999609       909378      2560.00
   10166.271     0.999658       909378      2925.71
   10166.271     0.999707       909378      3413.33
   10174.463     0.999756       909480      4096.00
   10174.463     0.999780       909480      4551.11
   10174.463     0.999805       909480      5120.00
   10182.655     0.999829       909556      5851.43
   10182.655     0.999854       909556      6826.67
   10182.655     0.999878       909556      8192.00
   10182.655     0.999890       909556      9102.22
   10182.655     0.999902       909556     10240.00
   10190.847     0.999915       909608     11702.86
   10190.847     0.999927       909608     13653.33
   10190.847     0.999939       909608     16384.00
   10190.847     0.999945       909608     18204.44
   10190.847     0.999951       909608     20480.00
   10190.847     0.999957       909608     23405.71
   10190.847     0.999963       909608     27306.67
   10199.039     0.999969       909634     32768.00
   10199.039     0.999973       909634     36408.89
   10199.039     0.999976       909634     40960.00
   10199.039     0.999979       909634     46811.43
   10199.039     0.999982       909634     54613.33
   10199.039     0.999985       909634     65536.00
   10199.039     0.999986       909634     72817.78
   10199.039     0.999988       909634     81920.00
   10199.039     0.999989       909634     93622.86
   10199.039     0.999991       909634    109226.67
   10199.039     0.999992       909634    131072.00
   10199.039     0.999993       909634    145635.56
   10199.039     0.999994       909634    163840.00
   10199.039     0.999995       909634    187245.71
   10199.039     0.999995       909634    218453.33
   10199.039     0.999996       909634    262144.00
   10199.039     0.999997       909634    291271.11
   10199.039     0.999997       909634    327680.00
   10199.039     0.999997       909634    374491.43
   10199.039     0.999998       909634    436906.67
   10207.231     0.999998       909636    524288.00
   10207.231     1.000000       909636          inf
#[Mean    =     2849.674, StdDeviation   =     2325.301]
#[Max     =    10199.040, Total count    =       909636]
#[Buckets =           27, SubBuckets     =         2048]
----------------------------------------------------------
  1091795 requests in 1.00m, 177.01MB read
Requests/sec:  18196.41
Transfer/sec:      2.95MB
