  70060 1001      20   0 4372124 338592  51984 S  80.0   2.1   1:44.57 application
  70060 1001      20   0 4373148 339144  51984 S 163.4   2.1   1:46.22 application
  70060 1001      20   0 4373148 339144  51984 S 163.0   2.1   1:47.85 application
  70060 1001      20   0 4373148 339144  51984 S 163.0   2.1   1:49.48 application
  70060 1001      20   0 4373148 339144  51984 S 163.0   2.1   1:51.11 application
  70060 1001      20   0 4373148 339144  51984 S 164.0   2.1   1:52.75 application
  70060 1001      20   0 4373148 339144  51984 S 164.0   2.1   1:54.39 application
  70060 1001      20   0 4373148 339256  51984 S 162.0   2.1   1:56.01 application
  70060 1001      20   0 4364952 339404  52048 S 165.0   2.1   1:57.66 application
  70060 1001      20   0 4364952 339788  52176 S 163.0   2.1   1:59.29 application
  70060 1001      20   0 4364952 339788  52176 S 163.4   2.1   2:00.94 application
  70060 1001      20   0 4364952 339788  52176 S 163.0   2.1   2:02.57 application
  70060 1001      20   0 4364952 339788  52176 S 162.0   2.1   2:04.19 application
  70060 1001      20   0 4364952 339788  52176 S 165.0   2.1   2:05.84 application
  70060 1001      20   0 4364952 340052  52176 S 164.0   2.1   2:07.48 application
  70060 1001      20   0 4364952 340052  52176 S 164.0   2.1   2:09.12 application
  70060 1001      20   0 4364952 340052  52176 S 164.0   2.1   2:10.76 application
  70060 1001      20   0 4364952 340316  52176 S 165.0   2.1   2:12.41 application
  70060 1001      20   0 4364952 340316  52176 S 163.0   2.1   2:14.04 application
  70060 1001      20   0 4364952 340316  52176 S 164.0   2.1   2:15.68 application
  70060 1001      20   0 4364952 340316  52176 S 161.4   2.1   2:17.31 application
  70060 1001      20   0 4364952 340316  52176 S 164.0   2.1   2:18.95 application
  70060 1001      20   0 4365976 340568  52176 S 165.0   2.1   2:20.60 application
  70060 1001      20   0 4365976 340568  52176 S 163.0   2.1   2:22.23 application
  70060 1001      20   0 4365976 340568  52176 S 163.0   2.1   2:23.86 application
  70060 1001      20   0 4365976 340568  52176 S 163.0   2.1   2:25.49 application
  70060 1001      20   0 4365976 340832  52176 S 164.0   2.1   2:27.13 application
  70060 1001      20   0 4365976 340832  52176 S 164.0   2.1   2:28.77 application
  70060 1001      20   0 4365976 340832  52176 S 163.0   2.1   2:30.40 application
  70060 1001      20   0 4365976 340832  52176 S 163.0   2.1   2:32.03 application
  70060 1001      20   0 4365976 341096  52176 S 164.4   2.1   2:33.69 application
  70060 1001      20   0 4365976 341096  52176 S 162.0   2.1   2:35.31 application
  70060 1001      20   0 4365976 341096  52176 S 164.0   2.1   2:36.95 application
  70060 1001      20   0 4365976 341096  52176 S 162.0   2.1   2:38.57 application
  70060 1001      20   0 4365976 341096  52176 S 164.0   2.1   2:40.21 application
  70060 1001      20   0 4365976 341096  52176 S 163.0   2.1   2:41.84 application
  70060 1001      20   0 4365976 341096  52176 S 165.0   2.1   2:43.49 application
  70060 1001      20   0 4365976 341360  52176 S 164.0   2.1   2:45.13 application
  70060 1001      20   0 4365976 341360  52176 S 165.0   2.1   2:46.78 application
  70060 1001      20   0 4365976 341360  52176 S 161.4   2.1   2:48.41 application
  70060 1001      20   0 4367000 342152  52176 S 165.0   2.1   2:50.06 application
  70060 1001      20   0 4367000 342152  52176 S 163.0   2.1   2:51.69 application
  70060 1001      20   0 4367000 342152  52176 S 164.0   2.1   2:53.33 application
  70060 1001      20   0 4367000 342416  52176 S 163.0   2.1   2:54.96 application
  70060 1001      20   0 4367000 342416  52176 S 165.0   2.1   2:56.61 application
  70060 1001      20   0 4367000 342416  52176 S 164.0   2.1   2:58.25 application
  70060 1001      20   0 4367000 342416  52176 S 163.0   2.1   2:59.88 application
  70060 1001      20   0 4368024 342416  52176 S 164.0   2.1   3:01.52 application
  70060 1001      20   0 4368024 342416  52176 S 162.4   2.1   3:03.16 application
  70060 1001      20   0 4368