  69420 1001      20   0 1544624 573752  47300 S 246.7   3.5  29:41.71 application
  69420 1001      20   0 1544624 573752  47300 S 408.0   3.5  29:45.79 application
  69420 1001      20   0 1544624 573752  47300 S 401.0   3.5  29:49.80 application
  69420 1001      20   0 1544624 573752  47300 S 400.0   3.5  29:53.80 application
  69420 1001      20   0 1544624 573752  47300 S 397.0   3.5  29:57.81 application
  69420 1001      20   0 1544624 573752  47300 S 399.0   3.5  30:01.80 application
  69420 1001      20   0 1544624 573752  47300 S 399.0   3.5  30:05.79 application
  69420 1001      20   0 1544624 573752  47300 S 401.0   3.5  30:09.80 application
  69420 1001      20   0 1544624 573752  47300 S 403.0   3.5  30:13.83 application
  69420 1001      20   0 1544624 573752  47300 S 399.0   3.5  30:17.82 application
  69420 1001      20   0 1544624 573752  47300 S 401.0   3.5  30:21.83 application
  69420 1001      20   0 1544624 573752  47300 S 400.0   3.5  30:25.83 application
  69420 1001      20   0 1544624 573752  47300 S 400.0   3.5  30:29.83 application
  69420 1001      20   0 1544624 573752  47300 S 400.0   3.5  30:33.83 application
  69420 1001      20   0 1544624 573752  47300 S 398.0   3.5  30:37.85 application
  69420 1001      20   0 1544624 573752  47300 S 400.0   3.5  30:41.85 application
  69420 1001      20   0 1544624 573752  47300 S 399.0   3.5  30:45.84 application
  69420 1001      20   0 1544624 573752  47300 S 401.0   3.5  30:49.85 application
  69420 1001      20   0 1544624 573752  47300 S 402.0   3.5  30:53.87 application
  69420 1001      20   0 1544624 573752  47300 S 398.0   3.5  30:57.85 application
  69420 1001      20   0 1544624 573752  47300 S 400.0   3.5  31:01.85 application
  69420 1001      20   0 1544624 573752  47300 S 403.0   3.5  31:05.88 application
  69420 1001      20   0 1544624 573752  47300 S 400.0   3.5  31:09.88 application
  69420 1001      20   0 1544624 573752  47300 S 398.0   3.5  31:13.86 application
  69420 1001      20   0 1544624 573752  47300 S 397.0   3.5  31:17.87 application
  69420 1001      20   0 1544624 573752  47300 S 401.0   3.5  31:21.88 application
  69420 1001      20   0 1544624 573752  47300 S 401.0   3.5  31:25.89 application
  69420 1001      20   0 1544624 573752  47300 S 400.0   3.5  31:29.89 application
  69420 1001      20   0 1544624 573752  47300 S 400.0   3.5  31:33.89 application
  69420 1001      20   0 1544624 573752  47300 S 399.0   3.5  31:37.88 application
  69420 1001      20   0 1544624 573752  47300 S 401.0   3.5  31:41.89 application
  69420 1001      20   0 1544624 573752  47300 S 400.0   3.5  31:45.89 application
  69420 1001      20   0 1544624 573752  47300 S 400.0   3.5  31:49.89 application
  69420 1001      20   0 1544624 573752  47300 S 396.0   3.5  31:53.89 application
  69420 1001      20   0 1544624 573752  47300 S 400.0   3.5  31:57.89 application
  69420 1001      20   0 1544624 573752  47300 S 399.0   3.5  32:01.88 application
  69420 1001      20   0 1544624 573752  47300 S 401.0   3.5  32:05.89 application
  69420 1001      20   0 1544624 573752  47300 S 400.0   3.5  32:09.89 application
  69420 1001      20   0 1544624 573752  47300 S 399.0   3.5  32:13.88 application
  69420 1001      20   0 1544624 573752  47300 S 401.0   3.5  32:17.89 application
  69420 1001      20   0 1544624 573752  47300 S 400.0   3.5  32:21.89 application
  69420 1001      20   0 1544624 573752  47300 S 396.0   3.5  32:25.89 application
  69420 1001      20   0 1544624 573752  47300 S 399.0   3.5  32:29.88 application
  69420 1001      20   0 1544624 573752  47300 S 400.0   3.5  32:33.88 application
  69420 1001      20   0 1544624 573752  47300 S 401.0   3.5  32:37.89 application
  69420 1001      20   0 1544624 573752  47300 S 400.0   3.5  32:41.89 application
  69420 1001      20   0 1544624 573752  47300 S 400.0   3.5  32:45.89 application
  69420 1001      20   0 1544624 573752  47300 S 400.0   3.5  32:49.89 application
  69420 1001      20   0 1544624 573752  47300 S 400.0   3.5  32:53.89 application
  69420 1001      20   0 1544