  69420 1001      20   0 1544624 573752  47300 S   6.7   3.5  33:41.31 application
  69420 1001      20   0 1544624 573752  47300 S 396.0   3.5  33:45.27 application
  69420 1001      20   0 1544624 573752  47300 S 399.0   3.5  33:49.30 application
  69420 1001      20   0 1544624 573752  47300 S 401.0   3.5  33:53.31 application
  69420 1001      20   0 1544624 573752  47300 S 400.0   3.5  33:57.31 application
  69420 1001      20   0 1544624 573752  47300 S 400.0   3.5  34:01.31 application
  69420 1001      20   0 1544624 573752  47300 S 400.0   3.5  34:05.31 application
  69420 1001      20   0 1544624 573752  47300 S 401.0   3.5  34:09.32 application
  69420 1001      20   0 1544624 573752  47300 S 402.0   3.5  34:13.34 application
  69420 1001      20   0 1544624 573752  47300 S 398.0   3.5  34:17.32 application
  69420 1001      20   0 1544624 573752  47300 S 403.0   3.5  34:21.35 application
  69420 1001      20   0 1544624 573752  47300 S 399.0   3.5  34:25.34 application
  69420 1001      20   0 1544624 573752  47300 S 399.0   3.5  34:29.37 application
  69420 1001      20   0 1544624 573752  47300 S 399.0   3.5  34:33.36 application
  69420 1001      20   0 1544624 573752  47300 S 402.0   3.5  34:37.38 application
  69420 1001      20   0 1544624 573752  47300 S 400.0   3.5  34:41.38 application
  69420 1001      20   0 1544624 573752  47300 S 401.0   3.5  34:45.39 application
  69420 1001      20   0 1544624 573752  47300 S 400.0   3.5  34:49.39 application
  69420 1001      20   0 1544624 573752  47300 S 397.0   3.5  34:53.36 application
  69420 1001      20   0 1544624 573752  47300 S 405.0   3.5  34:57.41 application
  69420 1001      20   0 1544624 573752  47300 S 398.0   3.5  35:01.39 application
  69420 1001      20   0 1544624 573752  47300 S 402.0   3.5  35:05.41 application
  69420 1001      20   0 1544624 573752  47300 S 397.0   3.5  35:09.42 application
  69420 1001      20   0 1544624 573752  47300 S 402.0   3.5  35:13.44 application
  69420 1001      20   0 1544624 573752  47300 S 399.0   3.5  35:17.43 application
  69420 1001      20   0 1544624 573752  47300 S 400.0   3.5  35:21.43 application
  69420 1001      20   0 1544624 573752  47300 S 402.0   3.5  35:25.45 application
  69420 1001      20   0 1544624 573752  47300 S 404.0   3.5  35:29.49 application
  69420 1001      20   0 1544624 573752  47300 S 399.0   3.5  35:33.48 application
  69420 1001      20   0 1544624 573752  47300 S 400.0   3.5  35:37.48 application
  69420 1001      20   0 1544624 573752  47300 S 399.0   3.5  35:41.47 application
  69420 1001      20   0 1544624 573752  47300 S 401.0   3.5  35:45.48 application
  69420 1001      20   0 1544624 573752  47300 S 396.0   3.5  35:49.48 application
  69420 1001      20   0 1544624 573752  47300 S 401.0   3.5  35:53.49 application
  69420 1001      20   0 1544624 573752  47300 S 399.0   3.5  35:57.48 application
  69420 1001      20   0 1544624 573752  47300 S 401.0   3.5  36:01.49 application
  69420 1001      20   0 1544624 573752  47300 S 399.0   3.5  36:05.48 application
  69420 1001      20   0 1544624 573752  47300 S 400.0   3.5  36:09.48 application
  69420 1001      20   0 1544624 573752  47300 S 400.0   3.5  36:13.48 application
  69420 1001      20   0 1544624 573752  47300 S 400.0   3.5  36:17.48 application
  69420 1001      20   0 1544624 573752  47300 S 400.0   3.5  36:21.48 application
  69420 1001      20   0 1544624 573752  47300 S 400.0   3.5  36:25.48 application
  69420 1001      20   0 1544624 573752  47300 S 396.0   3.5  36:29.48 application
  69420 1001      20   0 1544624 573752  47300 S 400.0   3.5  36:33.48 application
  69420 1001      20   0 1545648 574160  47300 S 400.0   3.5  36:37.48 application
  69420 1001      20   0 1544624 574104  47300 S 401.0   3.5  36:41.49 application
  69420 1001      20   0 1544624 574104  47300 S 400.0   3.5  36:45.49 application
  69420 1001      20   0 1544624 574104  47300 S 400.0   3.5  36:49.49 application
  69420 1001      20   0 1544624 574104  47300 S 399.0   3.5  36:53.48 application
  69420 1001      20   0 1544