Running 1m test @ http://erik-pc.local:8080/greeting/Bob
  4 threads and 100 connections
  Thread calibration: mean lat.: 20.875ms, rate sampling interval: 88ms
  Thread calibration: mean lat.: 21.172ms, rate sampling interval: 89ms
  Thread calibration: mean lat.: 21.586ms, rate sampling interval: 90ms
  Thread calibration: mean lat.: 20.912ms, rate sampling interval: 89ms
  Thread Stats   Avg      Stdev     Max   +/- Stdev
    Latency    21.88ms   16.91ms  96.58ms   53.68%
    Req/Sec     7.54k     1.16k   10.95k    68.89%
  Latency Distribution (HdrHistogram - Recorded Latency)
 50.000%   20.94ms
 75.000%   36.13ms
 90.000%   45.12ms
 99.000%   57.50ms
 99.900%   70.72ms
 99.990%   83.78ms
 99.999%   90.75ms
100.000%   96.64ms

  Detailed Percentile spectrum:
       Value   Percentile   TotalCount 1/(1-Percentile)

       0.216     0.000000            1         1.00
       1.164     0.100000       149616         1.11
       2.021     0.200000       299206         1.25
       7.787     0.300000       448731         1.43
      14.535     0.400000       598382         1.67
      20.943     0.500000       747928         2.00
      24.063     0.550000       822868         2.22
      27.135     0.600000       897538         2.50
      30.159     0.650000       972291         2.86
      33.151     0.700000      1047287         3.33
      36.127     0.750000      1122530         4.00
      37.567     0.775000      1159537         4.44
      39.007     0.800000      1196632         5.00
      40.479     0.825000      1233978         5.71
      41.983     0.850000      1272084         6.67
      43.487     0.875000      1309017         8.00
      44.287     0.887500      1327811         8.89
      45.119     0.900000      1346509        10.00
      45.983     0.912500      1364822        11.43
      46.943     0.925000      1383476        13.33
      48.063     0.937500      1402581        16.00
      48.671     0.943750      1411932        17.78
      49.311     0.950000      1420958        20.00
      50.047     0.956250      1430355        22.86
      50.847     0.962500      1439602        26.67
      51.807     0.968750      1449096        32.00
      52.319     0.971875      1453704        35.56
      52.895     0.975000      1458410        40.00
      53.535     0.978125      1463003        45.71
      54.271     0.981250      1467591        53.33
      55.199     0.984375      1472277        64.00
      55.743     0.985938      1474672        71.11
      56.319     0.987500      1476942        80.00
      57.023     0.989062      1479272        91.43
      57.823     0.990625      1481613       106.67
      58.847     0.992188      1484000       128.00
      59.391     0.992969      1485125       142.22
      59.999     0.993750      1486284       160.00
      60.767     0.994531      1487479       182.86
      61.599     0.995313      1488626       213.33
      62.623     0.996094      1489792       256.00
      63.263     0.996484      1490385       284.44
      63.871     0.996875      1490960       320.00
      64.639     0.997266      1491538       365.71
      65.599     0.997656      1492154       426.67
      66.687     0.998047      1492717       512.00
      67.391     0.998242      1493029       568.89
      68.031     0.998437      1493299       640.00
      68.799     0.998633      1493577       731.43
      69.823     0.998828      1493879       853.33
      70.911     0.999023      1494165      1024.00
      71.679     0.999121      1494315      1137.78
      72.319     0.999219      1494462      1280.00
      73.279     0.999316      1494600      1462.86
      74.239     0.999414      1494751      1706.67
      75.519     0.999512      1494898      2048.00
      76.095     0.999561      1494965      2275.56
      76.863     0.999609      1495043      2560.00
      77.631     0.999658      1495111      2925.71
      78.719     0.999707      1495189      3413.33
      79.615     0.999756      1495257      4096.00
      80.191     0.999780      1495294      4551.11
      80.703     0.999805      1495330      5120.00
      81.535     0.999829      1495366      5851.43
      82.175     0.999854      1495404      6826.67
      83.007     0.999878      1495439      8192.00
      83.391     0.999890      1495457      9102.22
      83.967     0.999902      1495477     10240.00
      84.415     0.999915      1495494     11702.86
      84.927     0.999927      1495512     13653.33
      85.439     0.999939      1495530     16384.00
      85.823     0.999945      1495542     18204.44
      86.271     0.999951      1495550     20480.00
      86.591     0.999957      1495558     23405.71
      87.167     0.999963      1495567     27306.67
      87.615     0.999969      1495576     32768.00
      87.871     0.999973      1495580     36408.89
      88.255     0.999976      1495586     40960.00
      88.575     0.999979      1495591     46811.43
      88.959     0.999982      1495595     54613.33
      89.279     0.999985      1495599     65536.00
      89.983     0.999986      1495601     72817.78
      90.367     0.999988      1495603     81920.00
      90.751     0.999989      1495606     93622.86
      91.263     0.999991      1495608    109226.67
      91.519     0.999992      1495610    131072.00
      91.775     0.999993      1495611    145635.56
      91.903     0.999994      1495612    163840.00
      93.055     0.999995      1495614    187245.71
      93.631     0.999995      1495615    218453.33
      93.887     0.999996      1495616    262144.00
      93.887     0.999997      1495616    291271.11
      94.399     0.999997      1495617    327680.00
      94.719     0.999997      1495618    374491.43
      94.719     0.999998      1495618    436906.67
      95.871     0.999998      1495619    524288.00
      95.871     0.999998      1495619    582542.22
      95.871     0.999998      1495619    655360.00
      96.319     0.999999      1495620    748982.86
      96.319     0.999999      1495620    873813.33
      96.319     0.999999      1495620   1048576.00
      96.319     0.999999      1495620   1165084.44
      96.319     0.999999      1495620   1310720.00
      96.639     0.999999      1495621   1497965.71
      96.639     1.000000      1495621          inf
#[Mean    =       21.879, StdDeviation   =       16.907]
#[Max     =       96.576, Total count    =      1495621]
#[Buckets =           27, SubBuckets     =         2048]
----------------------------------------------------------
  1797094 requests in 1.00m, 149.10MB read
Requests/sec:  29952.14
Transfer/sec:      2.49MB
