Running 1m test @ http://erik-pc.local:8080/greeting/Bob
  4 threads and 100 connections
  Thread calibration: mean lat.: 55.666ms, rate sampling interval: 249ms
  Thread calibration: mean lat.: 57.235ms, rate sampling interval: 248ms
  Thread calibration: mean lat.: 66.008ms, rate sampling interval: 340ms
  Thread calibration: mean lat.: 50.946ms, rate sampling interval: 249ms
  Thread Stats   Avg      Stdev     Max   +/- Stdev
    Latency   116.58ms  198.08ms   1.62s    91.61%
    Req/Sec    18.02k     3.23k   27.97k    71.89%
  Latency Distribution (HdrHistogram - Recorded Latency)
 50.000%   47.78ms
 75.000%  112.89ms
 90.000%  264.45ms
 99.000%    1.11s 
 99.900%    1.49s 
 99.990%    1.57s 
 99.999%    1.61s 
100.000%    1.62s 

  Detailed Percentile spectrum:
       Value   Percentile   TotalCount 1/(1-Percentile)

       0.151     0.000000            1         1.00
       7.519     0.100000       358721         1.11
      19.919     0.200000       717844         1.25
      30.287     0.300000      1076438         1.43
      39.103     0.400000      1435782         1.67
      47.775     0.500000      1793535         2.00
      56.319     0.550000      1973208         2.22
      67.455     0.600000      2152549         2.50
      80.255     0.650000      2331583         2.86
      94.911     0.700000      2511562         3.33
     112.895     0.750000      2690633         4.00
     124.671     0.775000      2780051         4.44
     139.391     0.800000      2869856         5.00
     158.335     0.825000      2959344         5.71
     184.191     0.850000      3049151         6.67
     216.959     0.875000      3138808         8.00
     237.439     0.887500      3183704         8.89
     264.447     0.900000      3228572        10.00
     301.311     0.912500      3273271        11.43
     356.095     0.925000      3318159        13.33
     420.095     0.937500      3362901        16.00
     459.007     0.943750      3385282        17.78
     505.343     0.950000      3407771        20.00
     564.735     0.956250      3430224        22.86
     624.127     0.962500      3452555        26.67
     686.591     0.968750      3475022        32.00
     719.871     0.971875      3486157        35.56
     761.343     0.975000      3497389        40.00
     824.319     0.978125      3508640        45.71
     889.343     0.981250      3519845        53.33
     953.855     0.984375      3531017        64.00
     984.063     0.985938      3536623        71.11
    1022.463     0.987500      3542251        80.00
    1072.127     0.989062      3547809        91.43
    1125.375     0.990625      3553510       106.67
    1173.503     0.992188      3559059       128.00
    1202.175     0.992969      3561862       142.22
    1226.751     0.993750      3564694       160.00
    1248.255     0.994531      3567525       182.86
    1271.807     0.995313      3570284       213.33
    1303.551     0.996094      3573084       256.00
    1319.935     0.996484      3574452       284.44
    1343.487     0.996875      3575836       320.00
    1377.279     0.997266      3577259       365.71
    1411.071     0.997656      3578663       426.67
    1441.791     0.998047      3580026       512.00
    1454.079     0.998242      3580750       568.89
    1464.319     0.998437      3581476       640.00
    1473.535     0.998633      3582179       731.43
    1481.727     0.998828      3582826       853.33
    1491.967     0.999023      3583552      1024.00
    1497.087     0.999121      3583887      1137.78
    1503.231     0.999219      3584254      1280.00
    1510.399     0.999316      3584578      1462.86
    1518.591     0.999414      3584937      1706.67
    1528.831     0.999512      3585305      2048.00
    1532.927     0.999561      3585472      2275.56
    1537.023     0.999609      3585639      2560.00
    1542.143     0.999658      3585806      2925.71
    1548.287     0.999707      3585982      3413.33
    1554.431     0.999756      3586179      4096.00
    1557.503     0.999780      3586265      4551.11
    1560.575     0.999805      3586345      5120.00
    1563.647     0.999829      3586427      5851.43
    1566.719     0.999854      3586511      6826.67
    1570.815     0.999878      3586609      8192.00
    1572.863     0.999890      3586654      9102.22
    1574.911     0.999902      3586695     10240.00
    1576.959     0.999915      3586727     11702.86
    1580.031     0.999927      3586774     13653.33
    1582.079     0.999939      3586811     16384.00
    1585.151     0.999945      3586840     18204.44
    1587.199     0.999951      3586853     20480.00
    1590.271     0.999957      3586875     23405.71
    1595.391     0.999963      3586899     27306.67
    1600.511     0.999969      3586922     32768.00
    1602.559     0.999973      3586932     36408.89
    1604.607     0.999976      3586947     40960.00
    1605.631     0.999979      3586953     46811.43
    1607.679     0.999982      3586964     54613.33
    1610.751     0.999985      3586979     65536.00
    1610.751     0.999986      3586979     72817.78
    1611.775     0.999988      3586987     81920.00
    1612.799     0.999989      3586998     93622.86
    1612.799     0.999991      3586998    109226.67
    1613.823     0.999992      3587006    131072.00
    1613.823     0.999993      3587006    145635.56
    1614.847     0.999994      3587013    163840.00
    1614.847     0.999995      3587013    187245.71
    1614.847     0.999995      3587013    218453.33
    1615.871     0.999996      3587020    262144.00
    1615.871     0.999997      3587020    291271.11
    1615.871     0.999997      3587020    327680.00
    1615.871     0.999997      3587020    374491.43
    1615.871     0.999998      3587020    436906.67
    1616.895     0.999998      3587026    524288.00
    1616.895     0.999998      3587026    582542.22
    1616.895     0.999998      3587026    655360.00
    1616.895     0.999999      3587026    748982.86
    1616.895     0.999999      3587026    873813.33
    1616.895     0.999999      3587026   1048576.00
    1616.895     0.999999      3587026   1165084.44
    1616.895     0.999999      3587026   1310720.00
    1616.895     0.999999      3587026   1497965.71
    1616.895     0.999999      3587026   1747626.67
    1617.919     1.000000      3587028   2097152.00
    1617.919     1.000000      3587028          inf
#[Mean    =      116.583, StdDeviation   =      198.079]
#[Max     =     1616.896, Total count    =      3587028]
#[Buckets =           27, SubBuckets     =         2048]
----------------------------------------------------------
  4288618 requests in 1.00m, 298.57MB read
Requests/sec:  71459.46
Transfer/sec:      4.97MB
