Running 1m test @ http://erik-pc.local:8080/greeting/Bob
  4 threads and 100 connections
  Thread calibration: mean lat.: 1.141ms, rate sampling interval: 10ms
  Thread calibration: mean lat.: 1.124ms, rate sampling interval: 10ms
  Thread calibration: mean lat.: 1.151ms, rate sampling interval: 10ms
  Thread calibration: mean lat.: 1.116ms, rate sampling interval: 10ms
  Thread Stats   Avg      Stdev     Max   +/- Stdev
    Latency     1.15ms  523.28us   7.54ms   65.86%
    Req/Sec     7.91k   575.60    12.44k    75.81%
  Latency Distribution (HdrHistogram - Recorded Latency)
 50.000%    1.10ms
 75.000%    1.52ms
 90.000%    1.85ms
 99.000%    2.44ms
 99.900%    4.04ms
 99.990%    5.53ms
 99.999%    6.45ms
100.000%    7.55ms

  Detailed Percentile spectrum:
       Value   Percentile   TotalCount 1/(1-Percentile)

       0.205     0.000000            1         1.00
       0.521     0.100000       149896         1.11
       0.670     0.200000       299847         1.25
       0.804     0.300000       449435         1.43
       0.948     0.400000       599124         1.67
       1.101     0.500000       748661         2.00
       1.177     0.550000       823400         2.22
       1.255     0.600000       898078         2.50
       1.338     0.650000       973058         2.86
       1.426     0.700000      1047532         3.33
       1.520     0.750000      1122793         4.00
       1.569     0.775000      1160211         4.44
       1.619     0.800000      1197634         5.00
       1.671     0.825000      1234926         5.71
       1.725     0.850000      1272060         6.67
       1.782     0.875000      1309330         8.00
       1.813     0.887500      1328258         8.89
       1.845     0.900000      1346797        10.00
       1.880     0.912500      1365655        11.43
       1.918     0.925000      1384311        13.33
       1.961     0.937500      1402825        16.00
       1.986     0.943750      1412132        17.78
       2.015     0.950000      1421669        20.00
       2.046     0.956250      1431017        22.86
       2.081     0.962500      1440491        26.67
       2.123     0.968750      1449792        32.00
       2.147     0.971875      1454278        35.56
       2.175     0.975000      1458888        40.00
       2.209     0.978125      1463567        45.71
       2.249     0.981250      1468201        53.33
       2.301     0.984375      1473004        64.00
       2.333     0.985938      1475271        71.11
       2.371     0.987500      1477670        80.00
       2.413     0.989062      1479895        91.43
       2.465     0.990625      1482255       106.67
       2.531     0.992188      1484614       128.00
       2.569     0.992969      1485734       142.22
       2.619     0.993750      1486928       160.00
       2.677     0.994531      1488085       182.86
       2.749     0.995313      1489230       213.33
       2.853     0.996094      1490405       256.00
       2.911     0.996484      1490982       284.44
       2.991     0.996875      1491571       320.00
       3.099     0.997266      1492151       365.71
       3.247     0.997656      1492740       426.67
       3.429     0.998047      1493318       512.00
       3.539     0.998242      1493613       568.89
       3.669     0.998437      1493906       640.00
       3.783     0.998633      1494198       731.43
       3.911     0.998828      1494487       853.33
       4.063     0.999023      1494783      1024.00
       4.155     0.999121      1494926      1137.78
       4.255     0.999219      1495075      1280.00
       4.363     0.999316      1495222      1462.86
       4.471     0.999414      1495365      1706.67
       4.575     0.999512      1495513      2048.00
       4.643     0.999561      1495587      2275.56
       4.703     0.999609      1495658      2560.00
       4.795     0.999658      1495730      2925.71
       4.895     0.999707      1495806      3413.33
       5.003     0.999756      1495875      4096.00
       5.055     0.999780      1495912      4551.11
       5.115     0.999805      1495949      5120.00
       5.203     0.999829      1495985      5851.43
       5.299     0.999854      1496024      6826.67
       5.407     0.999878      1496059      8192.00
       5.463     0.999890      1496076      9102.22
       5.543     0.999902      1496094     10240.00
       5.623     0.999915      1496113     11702.86
       5.723     0.999927      1496131     13653.33
       5.831     0.999939      1496149     16384.00
       5.911     0.999945      1496160     18204.44
       5.955     0.999951      1496167     20480.00
       5.999     0.999957      1496177     23405.71
       6.059     0.999963      1496186     27306.67
       6.155     0.999969      1496195     32768.00
       6.199     0.999973      1496200     36408.89
       6.211     0.999976      1496204     40960.00
       6.259     0.999979      1496209     46811.43
       6.323     0.999982      1496214     54613.33
       6.363     0.999985      1496218     65536.00
       6.399     0.999986      1496220     72817.78
       6.411     0.999988      1496222     81920.00
       6.451     0.999989      1496225     93622.86
       6.479     0.999991      1496228    109226.67
       6.487     0.999992      1496229    131072.00
       6.491     0.999993      1496230    145635.56
       6.499     0.999994      1496231    163840.00
       6.655     0.999995      1496234    187245.71
       6.655     0.999995      1496234    218453.33
       6.671     0.999996      1496235    262144.00
       6.671     0.999997      1496235    291271.11
       6.695     0.999997      1496236    327680.00
       6.771     0.999997      1496237    374491.43
       6.771     0.999998      1496237    436906.67
       7.323     0.999998      1496238    524288.00
       7.323     0.999998      1496238    582542.22
       7.323     0.999998      1496238    655360.00
       7.491     0.999999      1496239    748982.86
       7.491     0.999999      1496239    873813.33
       7.491     0.999999      1496239   1048576.00
       7.491     0.999999      1496239   1165084.44
       7.491     0.999999      1496239   1310720.00
       7.547     0.999999      1496240   1497965.71
       7.547     1.000000      1496240          inf
#[Mean    =        1.154, StdDeviation   =        0.523]
#[Max     =        7.544, Total count    =      1496240]
#[Buckets =           27, SubBuckets     =         2048]
----------------------------------------------------------
  1791145 requests in 1.00m, 124.70MB read
Requests/sec:  29852.57
Transfer/sec:      2.08MB
