Running 1m test @ http://erik-pc.local:8080/greeting/Bob
  4 threads and 100 connections
  Thread calibration: mean lat.: 1.330ms, rate sampling interval: 10ms
  Thread calibration: mean lat.: 1.278ms, rate sampling interval: 10ms
  Thread calibration: mean lat.: 1.277ms, rate sampling interval: 10ms
  Thread calibration: mean lat.: 1.306ms, rate sampling interval: 10ms
  Thread Stats   Avg      Stdev     Max   +/- Stdev
    Latency     1.30ms  593.61us   8.14ms   67.65%
    Req/Sec    10.56k     0.91k   16.56k    76.26%
  Latency Distribution (HdrHistogram - Recorded Latency)
 50.000%    1.25ms
 75.000%    1.71ms
 90.000%    2.05ms
 99.000%    2.67ms
 99.900%    5.04ms
 99.990%    6.88ms
 99.999%    7.43ms
100.000%    8.14ms

  Detailed Percentile spectrum:
       Value   Percentile   TotalCount 1/(1-Percentile)

       0.191     0.000000            1         1.00
       0.561     0.100000       200188         1.11
       0.783     0.200000       399379         1.25
       0.949     0.300000       598867         1.43
       1.104     0.400000       798773         1.67
       1.248     0.500000       998156         2.00
       1.325     0.550000      1097686         2.22
       1.411     0.600000      1197857         2.50
       1.506     0.650000      1297280         2.86
       1.607     0.700000      1397160         3.33
       1.710     0.750000      1496652         4.00
       1.762     0.775000      1546266         4.44
       1.815     0.800000      1596474         5.00
       1.869     0.825000      1646755         5.71
       1.924     0.850000      1696600         6.67
       1.983     0.875000      1746020         8.00
       2.014     0.887500      1770615         8.89
       2.049     0.900000      1796912        10.00
       2.085     0.912500      1821306        11.43
       2.127     0.925000      1846489        13.33
       2.173     0.937500      1871016        16.00
       2.199     0.943750      1883396        17.78
       2.227     0.950000      1895499        20.00
       2.259     0.956250      1907909        22.86
       2.297     0.962500      1920635        26.67
       2.341     0.968750      1933087        32.00
       2.367     0.971875      1939217        35.56
       2.395     0.975000      1945196        40.00
       2.429     0.978125      1951441        45.71
       2.471     0.981250      1957729        53.33
       2.523     0.984375      1963975        64.00
       2.555     0.985938      1967088        71.11
       2.593     0.987500      1970121        80.00
       2.639     0.989062      1973201        91.43
       2.701     0.990625      1976303       106.67
       2.795     0.992188      1979433       128.00
       2.867     0.992969      1980978       142.22
       2.981     0.993750      1982530       160.00
       3.147     0.994531      1984089       182.86
       3.377     0.995313      1985636       213.33
       3.665     0.996094      1987203       256.00
       3.827     0.996484      1987981       284.44
       3.981     0.996875      1988758       320.00
       4.139     0.997266      1989542       365.71
       4.307     0.997656      1990319       426.67
       4.491     0.998047      1991107       512.00
       4.579     0.998242      1991489       568.89
       4.683     0.998437      1991879       640.00
       4.791     0.998633      1992259       731.43
       4.923     0.998828      1992655       853.33
       5.063     0.999023      1993038      1024.00
       5.151     0.999121      1993236      1137.78
       5.255     0.999219      1993431      1280.00
       5.363     0.999316      1993624      1462.86
       5.499     0.999414      1993820      1706.67
       5.691     0.999512      1994016      2048.00
       5.803     0.999561      1994110      2275.56
       5.935     0.999609      1994214      2560.00
       6.075     0.999658      1994306      2925.71
       6.227     0.999707      1994403      3413.33
       6.351     0.999756      1994500      4096.00
       6.415     0.999780      1994552      4551.11
       6.487     0.999805      1994598      5120.00
       6.571     0.999829      1994646      5851.43
       6.703     0.999854      1994694      6826.67
       6.787     0.999878      1994743      8192.00
       6.835     0.999890      1994767      9102.22
       6.891     0.999902      1994794     10240.00
       6.963     0.999915      1994816     11702.86
       7.043     0.999927      1994840     13653.33
       7.123     0.999939      1994866     16384.00
       7.143     0.999945      1994879     18204.44
       7.175     0.999951      1994892     20480.00
       7.207     0.999957      1994901     23405.71
       7.231     0.999963      1994913     27306.67
       7.267     0.999969      1994926     32768.00
       7.287     0.999973      1994933     36408.89
       7.307     0.999976      1994938     40960.00
       7.323     0.999979      1994944     46811.43
       7.335     0.999982      1994950     54613.33
       7.367     0.999985      1994957     65536.00
       7.379     0.999986      1994959     72817.78
       7.395     0.999988      1994962     81920.00
       7.427     0.999989      1994966     93622.86
       7.431     0.999991      1994968    109226.67
       7.451     0.999992      1994971    131072.00
       7.475     0.999993      1994973    145635.56
       7.479     0.999994      1994974    163840.00
       7.503     0.999995      1994976    187245.71
       7.515     0.999995      1994977    218453.33
       7.591     0.999996      1994979    262144.00
       7.595     0.999997      1994980    291271.11
       7.595     0.999997      1994980    327680.00
       7.647     0.999997      1994981    374491.43
       7.723     0.999998      1994982    436906.67
       7.735     0.999998      1994983    524288.00
       7.735     0.999998      1994983    582542.22
       7.735     0.999998      1994983    655360.00
       7.931     0.999999      1994984    748982.86
       7.931     0.999999      1994984    873813.33
       8.099     0.999999      1994985   1048576.00
       8.099     0.999999      1994985   1165084.44
       8.099     0.999999      1994985   1310720.00
       8.099     0.999999      1994985   1497965.71
       8.099     0.999999      1994985   1747626.67
       8.139     1.000000      1994986   2097152.00
       8.139     1.000000      1994986          inf
#[Mean    =        1.303, StdDeviation   =        0.594]
#[Max     =        8.136, Total count    =      1994986]
#[Buckets =           27, SubBuckets     =         2048]
----------------------------------------------------------
  2397587 requests in 1.00m, 166.92MB read
Requests/sec:  39959.49
Transfer/sec:      2.78MB
