Running 1m test @ http://erik-pc.local:8080/greeting/Bob
  4 threads and 100 connections
  Thread calibration: mean lat.: 51.030ms, rate sampling interval: 183ms
  Thread calibration: mean lat.: 59.506ms, rate sampling interval: 228ms
  Thread calibration: mean lat.: 73.098ms, rate sampling interval: 303ms
  Thread calibration: mean lat.: 111.334ms, rate sampling interval: 418ms
  Thread Stats   Avg      Stdev     Max   +/- Stdev
    Latency   215.24ms  212.95ms   1.43s    88.24%
    Req/Sec     9.25k     1.15k   12.65k    70.89%
  Latency Distribution (HdrHistogram - Recorded Latency)
 50.000%  152.06ms
 75.000%  281.86ms
 90.000%  461.05ms
 99.000%    1.07s 
 99.900%    1.30s 
 99.990%    1.38s 
 99.999%    1.41s 
100.000%    1.43s 

  Detailed Percentile spectrum:
       Value   Percentile   TotalCount 1/(1-Percentile)

       0.263     0.000000            1         1.00
      38.143     0.100000       184517         1.11
      59.679     0.200000       368867         1.25
      82.559     0.300000       553410         1.43
     114.879     0.400000       737695         1.67
     152.063     0.500000       922151         2.00
     172.543     0.550000      1014401         2.22
     195.071     0.600000      1106561         2.50
     220.415     0.650000      1198285         2.86
     249.343     0.700000      1290532         3.33
     281.855     0.750000      1383012         4.00
     299.519     0.775000      1428824         4.44
     318.975     0.800000      1475177         5.00
     340.735     0.825000      1520874         5.71
     367.359     0.850000      1567117         6.67
     403.967     0.875000      1613045         8.00
     430.079     0.887500      1636142         8.89
     461.055     0.900000      1659216        10.00
     496.383     0.912500      1682290        11.43
     538.111     0.925000      1705337        13.33
     593.919     0.937500      1728273        16.00
     629.247     0.943750      1739889        17.78
     669.183     0.950000      1751330        20.00
     724.991     0.956250      1762892        22.86
     773.631     0.962500      1774403        26.67
     817.663     0.968750      1785954        32.00
     844.287     0.971875      1791679        35.56
     870.911     0.975000      1797451        40.00
     898.559     0.978125      1803225        45.71
     937.983     0.981250      1808956        53.33
     986.623     0.984375      1814717        64.00
    1009.151     0.985938      1817588        71.11
    1030.655     0.987500      1820490        80.00
    1052.671     0.989062      1823317        91.43
    1078.271     0.990625      1826234       106.67
    1106.943     0.992188      1829095       128.00
    1122.303     0.992969      1830531       142.22
    1138.687     0.993750      1832017       160.00
    1155.071     0.994531      1833446       182.86
    1175.551     0.995313      1834831       213.33
    1199.103     0.996094      1836313       256.00
    1211.391     0.996484      1837044       284.44
    1222.655     0.996875      1837737       320.00
    1235.967     0.997266      1838469       365.71
    1248.255     0.997656      1839160       426.67
    1261.567     0.998047      1839907       512.00
    1268.735     0.998242      1840271       568.89
    1274.879     0.998437      1840593       640.00
    1283.071     0.998633      1840959       731.43
    1292.287     0.998828      1841313       853.33
    1303.551     0.999023      1841705      1024.00
    1308.671     0.999121      1841881      1137.78
    1313.791     0.999219      1842051      1280.00
    1319.935     0.999316      1842227      1462.86
    1326.079     0.999414      1842393      1706.67
    1334.271     0.999512      1842575      2048.00
    1339.391     0.999561      1842677      2275.56
    1343.487     0.999609      1842758      2560.00
    1348.607     0.999658      1842852      2925.71
    1353.727     0.999707      1842933      3413.33
    1359.871     0.999756      1843025      4096.00
    1362.943     0.999780      1843069      4551.11
    1367.039     0.999805      1843125      5120.00
    1370.111     0.999829      1843158      5851.43
    1374.207     0.999854      1843206      6826.67
    1378.303     0.999878      1843249      8192.00
    1381.375     0.999890      1843282      9102.22
    1382.399     0.999902      1843292     10240.00
    1385.471     0.999915      1843317     11702.86
    1388.543     0.999927      1843340     13653.33
    1392.639     0.999939      1843363     16384.00
    1394.687     0.999945      1843375     18204.44
    1396.735     0.999951      1843384     20480.00
    1398.783     0.999957      1843395     23405.71
    1401.855     0.999963      1843406     27306.67
    1404.927     0.999969      1843419     32768.00
    1405.951     0.999973      1843423     36408.89
    1406.975     0.999976      1843428     40960.00
    1407.999     0.999979      1843433     46811.43
    1410.047     0.999982      1843441     54613.33
    1411.071     0.999985      1843446     65536.00
    1412.095     0.999986      1843450     72817.78
    1412.095     0.999988      1843450     81920.00
    1413.119     0.999989      1843453     93622.86
    1416.191     0.999991      1843457    109226.67
    1417.215     0.999992      1843458    131072.00
    1419.263     0.999993      1843460    145635.56
    1420.287     0.999994      1843461    163840.00
    1422.335     0.999995      1843464    187245.71
    1422.335     0.999995      1843464    218453.33
    1423.359     0.999996      1843465    262144.00
    1424.383     0.999997      1843466    291271.11
    1426.431     0.999997      1843467    327680.00
    1428.479     0.999997      1843468    374491.43
    1428.479     0.999998      1843468    436906.67
    1430.527     0.999998      1843469    524288.00
    1430.527     0.999998      1843469    582542.22
    1431.551     0.999998      1843470    655360.00
    1431.551     0.999999      1843470    748982.86
    1431.551     0.999999      1843470    873813.33
    1433.599     0.999999      1843471   1048576.00
    1433.599     0.999999      1843471   1165084.44
    1433.599     0.999999      1843471   1310720.00
    1433.599     0.999999      1843471   1497965.71
    1433.599     0.999999      1843471   1747626.67
    1434.623     1.000000      1843472   2097152.00
    1434.623     1.000000      1843472          inf
#[Mean    =      215.242, StdDeviation   =      212.953]
#[Max     =     1433.600, Total count    =      1843472]
#[Buckets =           27, SubBuckets     =         2048]
----------------------------------------------------------
  2200995 requests in 1.00m, 182.62MB read
Requests/sec:  36655.52
Transfer/sec:      3.04MB
