Running 1m test @ http://erik-pc.local:8080/greeting/Bob
  4 threads and 100 connections
  Thread calibration: mean lat.: 69.667ms, rate sampling interval: 285ms
  Thread calibration: mean lat.: 106.879ms, rate sampling interval: 447ms
  Thread calibration: mean lat.: 103.828ms, rate sampling interval: 447ms
  Thread calibration: mean lat.: 133.224ms, rate sampling interval: 577ms
  Thread Stats   Avg      Stdev     Max   +/- Stdev
    Latency   277.20ms  232.25ms   1.23s    77.56%
    Req/Sec     8.97k     0.90k   11.18k    70.95%
  Latency Distribution (HdrHistogram - Recorded Latency)
 50.000%  216.06ms
 75.000%  383.49ms
 90.000%  597.50ms
 99.000%    1.04s 
 99.900%    1.13s 
 99.990%    1.18s 
 99.999%    1.22s 
100.000%    1.24s 

  Detailed Percentile spectrum:
       Value   Percentile   TotalCount 1/(1-Percentile)

       0.241     0.000000            1         1.00
      50.751     0.100000       178875         1.11
      79.807     0.200000       357962         1.25
     117.375     0.300000       536506         1.43
     163.583     0.400000       715741         1.67
     216.063     0.500000       894431         2.00
     244.607     0.550000       983610         2.22
     273.919     0.600000      1073187         2.50
     304.639     0.650000      1162903         2.86
     340.735     0.700000      1252251         3.33
     383.487     0.750000      1341448         4.00
     407.551     0.775000      1386208         4.44
     434.687     0.800000      1430646         5.00
     465.663     0.825000      1475606         5.71
     498.943     0.850000      1520245         6.67
     539.135     0.875000      1564978         8.00
     565.759     0.887500      1587494         8.89
     597.503     0.900000      1609485        10.00
     639.487     0.912500      1631843        11.43
     689.663     0.925000      1654224        13.33
     738.303     0.937500      1676674        16.00
     761.855     0.943750      1687736        17.78
     787.455     0.950000      1698961        20.00
     814.591     0.956250      1710078        22.86
     842.239     0.962500      1721218        26.67
     873.471     0.968750      1732478        32.00
     892.415     0.971875      1738089        35.56
     914.431     0.975000      1743623        40.00
     939.007     0.978125      1749157        45.71
     965.631     0.981250      1754761        53.33
     992.255     0.984375      1760395        64.00
    1005.567     0.985938      1763149        71.11
    1018.879     0.987500      1766041        80.00
    1030.655     0.989062      1768799        91.43
    1041.919     0.990625      1771593       106.67
    1053.695     0.992188      1774518       128.00
    1058.815     0.992969      1775722       142.22
    1064.959     0.993750      1777135       160.00
    1072.127     0.994531      1778699       182.86
    1078.271     0.995313      1779983       213.33
    1085.439     0.996094      1781301       256.00
    1090.559     0.996484      1782139       284.44
    1094.655     0.996875      1782766       320.00
    1099.775     0.997266      1783444       365.71
    1105.919     0.997656      1784127       426.67
    1113.087     0.998047      1784841       512.00
    1117.183     0.998242      1785220       568.89
    1120.255     0.998437      1785490       640.00
    1124.351     0.998633      1785848       731.43
    1129.471     0.998828      1786209       853.33
    1134.591     0.999023      1786544      1024.00
    1137.663     0.999121      1786725      1137.78
    1140.735     0.999219      1786888      1280.00
    1144.831     0.999316      1787099      1462.86
    1147.903     0.999414      1787230      1706.67
    1153.023     0.999512      1787423      2048.00
    1155.071     0.999561      1787493      2275.56
    1158.143     0.999609      1787596      2560.00
    1161.215     0.999658      1787699      2925.71
    1163.263     0.999707      1787751      3413.33
    1167.359     0.999756      1787859      4096.00
    1169.407     0.999780      1787902      4551.11
    1171.455     0.999805      1787941      5120.00
    1173.503     0.999829      1787984      5851.43
    1175.551     0.999854      1788022      6826.67
    1178.623     0.999878      1788057      8192.00
    1181.695     0.999890      1788082      9102.22
    1184.767     0.999902      1788100     10240.00
    1187.839     0.999915      1788122     11702.86
    1191.935     0.999927      1788146     13653.33
    1196.031     0.999939      1788167     16384.00
    1197.055     0.999945      1788177     18204.44
    1200.127     0.999951      1788192     20480.00
    1202.175     0.999957      1788201     23405.71
    1204.223     0.999963      1788210     27306.67
    1208.319     0.999969      1788221     32768.00
    1210.367     0.999973      1788227     36408.89
    1212.415     0.999976      1788232     40960.00
    1214.463     0.999979      1788238     46811.43
    1216.511     0.999982      1788245     54613.33
    1217.535     0.999985      1788248     65536.00
    1218.559     0.999986      1788250     72817.78
    1220.607     0.999988      1788254     81920.00
    1221.631     0.999989      1788255     93622.86
    1222.655     0.999991      1788258    109226.67
    1224.703     0.999992      1788261    131072.00
    1225.727     0.999993      1788263    145635.56
    1226.751     0.999994      1788265    163840.00
    1226.751     0.999995      1788265    187245.71
    1227.775     0.999995      1788267    218453.33
    1228.799     0.999996      1788268    262144.00
    1228.799     0.999997      1788268    291271.11
    1229.823     0.999997      1788269    327680.00
    1230.847     0.999997      1788271    374491.43
    1230.847     0.999998      1788271    436906.67
    1230.847     0.999998      1788271    524288.00
    1230.847     0.999998      1788271    582542.22
    1232.895     0.999998      1788272    655360.00
    1232.895     0.999999      1788272    748982.86
    1232.895     0.999999      1788272    873813.33
    1234.943     0.999999      1788273   1048576.00
    1234.943     0.999999      1788273   1165084.44
    1234.943     0.999999      1788273   1310720.00
    1234.943     0.999999      1788273   1497965.71
    1234.943     0.999999      1788273   1747626.67
    1235.967     1.000000      1788274   2097152.00
    1235.967     1.000000      1788274          inf
#[Mean    =      277.198, StdDeviation   =      232.254]
#[Max     =     1234.944, Total count    =      1788274]
#[Buckets =           27, SubBuckets     =         2048]
----------------------------------------------------------
  2146938 requests in 1.00m, 178.13MB read
Requests/sec:  35782.32
Transfer/sec:      2.97MB
