Running 1m test @ http://erik-pc.local:8080/greeting/Bob
  4 threads and 100 connections
  Thread calibration: mean lat.: 1.357ms, rate sampling interval: 10ms
  Thread calibration: mean lat.: 1.278ms, rate sampling interval: 10ms
  Thread calibration: mean lat.: 1.421ms, rate sampling interval: 10ms
  Thread calibration: mean lat.: 1.390ms, rate sampling interval: 10ms
  Thread Stats   Avg      Stdev     Max   +/- Stdev
    Latency     1.36ms  538.37us   6.95ms   67.35%
    Req/Sec     2.64k   366.71     4.22k    85.61%
  Latency Distribution (HdrHistogram - Recorded Latency)
 50.000%    1.30ms
 75.000%    1.73ms
 90.000%    2.07ms
 99.000%    2.67ms
 99.900%    4.78ms
 99.990%    6.00ms
 99.999%    6.66ms
100.000%    6.95ms

  Detailed Percentile spectrum:
       Value   Percentile   TotalCount 1/(1-Percentile)

       0.310     0.000000            1         1.00
       0.722     0.100000        50036         1.11
       0.877     0.200000       100019         1.25
       1.014     0.300000       149800         1.43
       1.153     0.400000       199807         1.67
       1.298     0.500000       249662         2.00
       1.375     0.550000       274433         2.22
       1.456     0.600000       299362         2.50
       1.544     0.650000       324317         2.86
       1.634     0.700000       349292         3.33
       1.725     0.750000       374233         4.00
       1.772     0.775000       386800         4.44
       1.822     0.800000       399151         5.00
       1.875     0.825000       411550         5.71
       1.933     0.850000       423942         6.67
       1.997     0.875000       436414         8.00
       2.033     0.887500       442707         8.89
       2.073     0.900000       449159        10.00
       2.117     0.912500       455333        11.43
       2.165     0.925000       461573        13.33
       2.215     0.937500       467597        16.00
       2.243     0.943750       470701        17.78
       2.273     0.950000       473864        20.00
       2.307     0.956250       476938        22.86
       2.343     0.962500       480085        26.67
       2.385     0.968750       483221        32.00
       2.409     0.971875       484724        35.56
       2.437     0.975000       486293        40.00
       2.467     0.978125       487843        45.71
       2.505     0.981250       489410        53.33
       2.549     0.984375       490960        64.00
       2.577     0.985938       491763        71.11
       2.609     0.987500       492560        80.00
       2.643     0.989062       493313        91.43
       2.681     0.990625       494077       106.67
       2.731     0.992188       494869       128.00
       2.761     0.992969       495245       142.22
       2.799     0.993750       495663       160.00
       2.839     0.994531       496030       182.86
       2.899     0.995313       496417       213.33
       2.979     0.996094       496805       256.00
       3.039     0.996484       496996       284.44
       3.123     0.996875       497194       320.00
       3.261     0.997266       497387       365.71
       3.745     0.997656       497580       426.67
       4.179     0.998047       497776       512.00
       4.315     0.998242       497876       568.89
       4.431     0.998437       497973       640.00
       4.555     0.998633       498067       731.43
       4.675     0.998828       498164       853.33
       4.795     0.999023       498261      1024.00
       4.859     0.999121       498310      1137.78
       4.951     0.999219       498359      1280.00
       5.047     0.999316       498408      1462.86
       5.163     0.999414       498458      1706.67
       5.279     0.999512       498505      2048.00
       5.347     0.999561       498529      2275.56
       5.391     0.999609       498554      2560.00
       5.459     0.999658       498578      2925.71
       5.519     0.999707       498605      3413.33
       5.643     0.999756       498627      4096.00
       5.687     0.999780       498639      4551.11
       5.743     0.999805       498651      5120.00
       5.799     0.999829       498664      5851.43
       5.847     0.999854       498676      6826.67
       5.943     0.999878       498688      8192.00
       5.983     0.999890       498694      9102.22
       6.007     0.999902       498700     10240.00
       6.039     0.999915       498706     11702.86
       6.063     0.999927       498712     13653.33
       6.111     0.999939       498718     16384.00
       6.163     0.999945       498721     18204.44
       6.219     0.999951       498724     20480.00
       6.275     0.999957       498727     23405.71
       6.299     0.999963       498730     27306.67
       6.399     0.999969       498733     32768.00
       6.471     0.999973       498735     36408.89
       6.487     0.999976       498736     40960.00
       6.551     0.999979       498738     46811.43
       6.599     0.999982       498739     54613.33
       6.635     0.999985       498741     65536.00
       6.651     0.999986       498742     72817.78
       6.651     0.999988       498742     81920.00
       6.655     0.999989       498743     93622.86
       6.675     0.999991       498744    109226.67
       6.815     0.999992       498745    131072.00
       6.815     0.999993       498745    145635.56
       6.815     0.999994       498745    163840.00
       6.835     0.999995       498746    187245.71
       6.835     0.999995       498746    218453.33
       6.851     0.999996       498747    262144.00
       6.851     0.999997       498747    291271.11
       6.851     0.999997       498747    327680.00
       6.851     0.999997       498747    374491.43
       6.851     0.999998       498747    436906.67
       6.955     0.999998       498748    524288.00
       6.955     1.000000       498748          inf
#[Mean    =        1.363, StdDeviation   =        0.538]
#[Max     =        6.952, Total count    =       498748]
#[Buckets =           27, SubBuckets     =         2048]
----------------------------------------------------------
  599433 requests in 1.00m, 49.73MB read
Requests/sec:   9990.36
Transfer/sec:    848.79KB
