Running 1m test @ http://erik-pc.local:8080/greeting/Bob
  4 threads and 100 connections
  Thread calibration: mean lat.: 1.062ms, rate sampling interval: 10ms
  Thread calibration: mean lat.: 1.098ms, rate sampling interval: 10ms
  Thread calibration: mean lat.: 1.108ms, rate sampling interval: 10ms
  Thread calibration: mean lat.: 1.099ms, rate sampling interval: 10ms
  Thread Stats   Avg      Stdev     Max   +/- Stdev
    Latency     1.15ms  515.99us   7.72ms   66.07%
    Req/Sec     7.92k   539.54    11.33k    79.39%
  Latency Distribution (HdrHistogram - Recorded Latency)
 50.000%    1.09ms
 75.000%    1.51ms
 90.000%    1.82ms
 99.000%    2.44ms
 99.900%    4.06ms
 99.990%    5.65ms
 99.999%    6.95ms
100.000%    7.73ms

  Detailed Percentile spectrum:
       Value   Percentile   TotalCount 1/(1-Percentile)

       0.206     0.000000            1         1.00
       0.529     0.100000       149952         1.11
       0.674     0.200000       299254         1.25
       0.807     0.300000       449894         1.43
       0.940     0.400000       598908         1.67
       1.086     0.500000       748483         2.00
       1.162     0.550000       823336         2.22
       1.241     0.600000       897998         2.50
       1.327     0.650000       973247         2.86
       1.418     0.700000      1048094         3.33
       1.513     0.750000      1122829         4.00
       1.560     0.775000      1159816         4.44
       1.608     0.800000      1197343         5.00
       1.657     0.825000      1235044         5.71
       1.708     0.850000      1272581         6.67
       1.761     0.875000      1309513         8.00
       1.790     0.887500      1327946         8.89
       1.821     0.900000      1346689        10.00
       1.854     0.912500      1365377        11.43
       1.891     0.925000      1384072        13.33
       1.933     0.937500      1402781        16.00
       1.957     0.943750      1412211        17.78
       1.985     0.950000      1421738        20.00
       2.016     0.956250      1431005        22.86
       2.051     0.962500      1440139        26.67
       2.093     0.968750      1449562        32.00
       2.119     0.971875      1454418        35.56
       2.149     0.975000      1459132        40.00
       2.181     0.978125      1463603        45.71
       2.223     0.981250      1468324        53.33
       2.277     0.984375      1472919        64.00
       2.311     0.985938      1475210        71.11
       2.355     0.987500      1477621        80.00
       2.407     0.989062      1479908        91.43
       2.471     0.990625      1482273       106.67
       2.545     0.992188      1484559       128.00
       2.591     0.992969      1485739       142.22
       2.643     0.993750      1486909       160.00
       2.707     0.994531      1488072       182.86
       2.787     0.995313      1489245       213.33
       2.889     0.996094      1490403       256.00
       2.953     0.996484      1490997       284.44
       3.037     0.996875      1491579       320.00
       3.161     0.997266      1492166       365.71
       3.321     0.997656      1492745       426.67
       3.509     0.998047      1493326       512.00
       3.605     0.998242      1493622       568.89
       3.707     0.998437      1493910       640.00
       3.817     0.998633      1494204       731.43
       3.949     0.998828      1494498       853.33
       4.071     0.999023      1494786      1024.00
       4.155     0.999121      1494936      1137.78
       4.239     0.999219      1495078      1280.00
       4.339     0.999316      1495226      1462.86
       4.471     0.999414      1495374      1706.67
       4.639     0.999512      1495516      2048.00
       4.735     0.999561      1495591      2275.56
       4.827     0.999609      1495665      2560.00
       4.907     0.999658      1495736      2925.71
       5.019     0.999707      1495811      3413.33
       5.179     0.999756      1495882      4096.00
       5.263     0.999780      1495919      4551.11
       5.323     0.999805      1495955      5120.00
       5.383     0.999829      1495993      5851.43
       5.487     0.999854      1496027      6826.67
       5.579     0.999878      1496064      8192.00
       5.623     0.999890      1496082      9102.22
       5.663     0.999902      1496101     10240.00
       5.743     0.999915      1496119     11702.86
       5.843     0.999927      1496137     13653.33
       5.927     0.999939      1496155     16384.00
       6.023     0.999945      1496164     18204.44
       6.099     0.999951      1496173     20480.00
       6.155     0.999957      1496183     23405.71
       6.207     0.999963      1496192     27306.67
       6.327     0.999969      1496201     32768.00
       6.387     0.999973      1496205     36408.89
       6.435     0.999976      1496211     40960.00
       6.451     0.999979      1496215     46811.43
       6.507     0.999982      1496219     54613.33
       6.543     0.999985      1496224     65536.00
       6.567     0.999986      1496226     72817.78
       6.807     0.999988      1496228     81920.00
       6.947     0.999989      1496231     93622.86
       7.039     0.999991      1496233    109226.67
       7.115     0.999992      1496235    131072.00
       7.195     0.999993      1496236    145635.56
       7.235     0.999994      1496237    163840.00
       7.331     0.999995      1496239    187245.71
       7.339     0.999995      1496240    218453.33
       7.567     0.999996      1496241    262144.00
       7.567     0.999997      1496241    291271.11
       7.623     0.999997      1496242    327680.00
       7.675     0.999997      1496243    374491.43
       7.675     0.999998      1496243    436906.67
       7.687     0.999998      1496245    524288.00
       7.687     0.999998      1496245    582542.22
       7.687     0.999998      1496245    655360.00
       7.687     0.999999      1496245    748982.86
       7.687     0.999999      1496245    873813.33
       7.687     0.999999      1496245   1048576.00
       7.687     0.999999      1496245   1165084.44
       7.687     0.999999      1496245   1310720.00
       7.727     0.999999      1496246   1497965.71
       7.727     1.000000      1496246          inf
#[Mean    =        1.148, StdDeviation   =        0.516]
#[Max     =        7.724, Total count    =      1496246]
#[Buckets =           27, SubBuckets     =         2048]
----------------------------------------------------------
  1791152 requests in 1.00m, 124.70MB read
Requests/sec:  29852.46
Transfer/sec:      2.08MB
