Running 1m test @ http://erik-pc.local:8080/greeting/Bob
  4 threads and 100 connections
  Thread calibration: mean lat.: 31.734ms, rate sampling interval: 135ms
  Thread calibration: mean lat.: 27.505ms, rate sampling interval: 115ms
  Thread calibration: mean lat.: 25.798ms, rate sampling interval: 106ms
  Thread calibration: mean lat.: 27.151ms, rate sampling interval: 105ms
  Thread Stats   Avg      Stdev     Max   +/- Stdev
    Latency    59.80ms  104.10ms   1.25s    93.35%
    Req/Sec    18.08k     3.75k   31.95k    72.91%
  Latency Distribution (HdrHistogram - Recorded Latency)
 50.000%   33.44ms
 75.000%   57.50ms
 90.000%  121.92ms
 99.000%  609.79ms
 99.900%  935.42ms
 99.990%    1.15s 
 99.999%    1.23s 
100.000%    1.26s 

  Detailed Percentile spectrum:
       Value   Percentile   TotalCount 1/(1-Percentile)

       0.156     0.000000            1         1.00
       1.387     0.100000       359413         1.11
       9.887     0.200000       718821         1.25
      18.735     0.300000      1078013         1.43
      26.527     0.400000      1437349         1.67
      33.439     0.500000      1797021         2.00
      36.639     0.550000      1977201         2.22
      39.775     0.600000      2156652         2.50
      43.167     0.650000      2336536         2.86
      48.191     0.700000      2515077         3.33
      57.503     0.750000      2694773         4.00
      63.551     0.775000      2784479         4.44
      70.783     0.800000      2874494         5.00
      79.359     0.825000      2964184         5.71
      89.727     0.850000      3054044         6.67
     102.975     0.875000      3143921         8.00
     111.487     0.887500      3188808         8.89
     121.919     0.900000      3233656        10.00
     134.911     0.912500      3278468        11.43
     150.655     0.925000      3323356        13.33
     171.391     0.937500      3368242        16.00
     185.087     0.943750      3390724        17.78
     203.391     0.950000      3413167        20.00
     230.271     0.956250      3435649        22.86
     270.591     0.962500      3458086        26.67
     329.471     0.968750      3480577        32.00
     360.447     0.971875      3491800        35.56
     386.559     0.975000      3503063        40.00
     411.903     0.978125      3514255        45.71
     443.391     0.981250      3525467        53.33
     487.679     0.984375      3536678        64.00
     516.607     0.985938      3542262        71.11
     549.887     0.987500      3547951        80.00
     584.191     0.989062      3553503        91.43
     628.223     0.990625      3559135       106.67
     673.791     0.992188      3564776       128.00
     690.687     0.992969      3567601       142.22
     709.631     0.993750      3570333       160.00
     731.647     0.994531      3573154       182.86
     753.151     0.995313      3575947       213.33
     778.239     0.996094      3578764       256.00
     793.087     0.996484      3580160       284.44
     808.959     0.996875      3581586       320.00
     827.903     0.997266      3582970       365.71
     850.431     0.997656      3584380       426.67
     868.351     0.998047      3585765       512.00
     878.591     0.998242      3586464       568.89
     890.879     0.998437      3587184       640.00
     903.679     0.998633      3587871       731.43
     921.087     0.998828      3588573       853.33
     936.959     0.999023      3589270      1024.00
     947.711     0.999121      3589635      1137.78
     956.927     0.999219      3589985      1280.00
     966.143     0.999316      3590327      1462.86
     973.823     0.999414      3590690      1706.67
     982.527     0.999512      3591040      2048.00
     986.623     0.999561      3591206      2275.56
     991.743     0.999609      3591379      2560.00
     996.863     0.999658      3591564      2925.71
    1001.983     0.999707      3591732      3413.33
    1008.639     0.999756      3591900      4096.00
    1012.735     0.999780      3591987      4551.11
    1019.903     0.999805      3592077      5120.00
    1036.287     0.999829      3592163      5851.43
    1071.103     0.999854      3592256      6826.67
    1104.895     0.999878      3592341      8192.00
    1125.375     0.999890      3592382      9102.22
    1155.071     0.999902      3592428     10240.00
    1173.503     0.999915      3592471     11702.86
    1182.719     0.999927      3592518     13653.33
    1189.887     0.999939      3592560     16384.00
    1193.983     0.999945      3592581     18204.44
    1200.127     0.999951      3592601     20480.00
    1206.271     0.999957      3592626     23405.71
    1211.391     0.999963      3592652     27306.67
    1213.439     0.999969      3592672     32768.00
    1214.463     0.999973      3592678     36408.89
    1220.607     0.999976      3592690     40960.00
    1223.679     0.999979      3592702     46811.43
    1225.727     0.999982      3592721     54613.33
    1226.751     0.999985      3592730     65536.00
    1226.751     0.999986      3592730     72817.78
    1227.775     0.999988      3592734     81920.00
    1230.847     0.999989      3592739     93622.86
    1234.943     0.999991      3592744    109226.67
    1238.015     0.999992      3592749    131072.00
    1241.087     0.999993      3592753    145635.56
    1243.135     0.999994      3592756    163840.00
    1244.159     0.999995      3592757    187245.71
    1246.207     0.999995      3592760    218453.33
    1248.255     0.999996      3592763    262144.00
    1249.279     0.999997      3592765    291271.11
    1250.303     0.999997      3592766    327680.00
    1251.327     0.999997      3592768    374491.43
    1251.327     0.999998      3592768    436906.67
    1252.351     0.999998      3592770    524288.00
    1252.351     0.999998      3592770    582542.22
    1253.375     0.999998      3592771    655360.00
    1254.399     0.999999      3592774    748982.86
    1254.399     0.999999      3592774    873813.33
    1254.399     0.999999      3592774   1048576.00
    1254.399     0.999999      3592774   1165084.44
    1254.399     0.999999      3592774   1310720.00
    1254.399     0.999999      3592774   1497965.71
    1254.399     0.999999      3592774   1747626.67
    1255.423     1.000000      3592776   2097152.00
    1255.423     1.000000      3592776          inf
#[Mean    =       59.803, StdDeviation   =      104.096]
#[Max     =     1254.400, Total count    =      3592776]
#[Buckets =           27, SubBuckets     =         2048]
----------------------------------------------------------
  4314576 requests in 1.00m, 300.37MB read
Requests/sec:  71910.09
Transfer/sec:      5.01MB
