Running 1m test @ http://erik-pc.local:8080/greeting/Bob
  4 threads and 100 connections
  Thread calibration: mean lat.: 1.388ms, rate sampling interval: 10ms
  Thread calibration: mean lat.: 1.239ms, rate sampling interval: 10ms
  Thread calibration: mean lat.: 1.563ms, rate sampling interval: 10ms
  Thread calibration: mean lat.: 1.225ms, rate sampling interval: 10ms
  Thread Stats   Avg      Stdev     Max   +/- Stdev
    Latency     1.35ms  561.47us   6.20ms   66.97%
    Req/Sec     2.64k   373.86     5.00k    87.39%
  Latency Distribution (HdrHistogram - Recorded Latency)
 50.000%    1.26ms
 75.000%    1.74ms
 90.000%    2.10ms
 99.000%    2.90ms
 99.900%    3.81ms
 99.990%    5.19ms
 99.999%    5.89ms
100.000%    6.21ms

  Detailed Percentile spectrum:
       Value   Percentile   TotalCount 1/(1-Percentile)

       0.254     0.000000            1         1.00
       0.694     0.100000        49999         1.11
       0.848     0.200000        99885         1.25
       0.981     0.300000       149818         1.43
       1.114     0.400000       199595         1.67
       1.259     0.500000       249572         2.00
       1.342     0.550000       274357         2.22
       1.435     0.600000       299329         2.50
       1.535     0.650000       324238         2.86
       1.641     0.700000       349381         3.33
       1.744     0.750000       374193         4.00
       1.798     0.775000       386727         4.44
       1.851     0.800000       399028         5.00
       1.908     0.825000       411619         5.71
       1.966     0.850000       423972         6.67
       2.030     0.875000       436515         8.00
       2.065     0.887500       442799         8.89
       2.101     0.900000       448871        10.00
       2.145     0.912500       455348        11.43
       2.191     0.925000       461503        13.33
       2.245     0.937500       467764        16.00
       2.275     0.943750       470698        17.78
       2.311     0.950000       473860        20.00
       2.353     0.956250       477024        22.86
       2.401     0.962500       480107        26.67
       2.459     0.968750       483220        32.00
       2.495     0.971875       484764        35.56
       2.535     0.975000       486320        40.00
       2.585     0.978125       487854        45.71
       2.645     0.981250       489388        53.33
       2.721     0.984375       490978        64.00
       2.765     0.985938       491746        71.11
       2.813     0.987500       492515        80.00
       2.867     0.989062       493294        91.43
       2.925     0.990625       494081       106.67
       2.991     0.992188       494855       128.00
       3.025     0.992969       495243       142.22
       3.055     0.993750       495619       160.00
       3.097     0.994531       496019       182.86
       3.141     0.995313       496408       213.33
       3.191     0.996094       496790       256.00
       3.221     0.996484       496988       284.44
       3.259     0.996875       497180       320.00
       3.303     0.997266       497376       365.71
       3.351     0.997656       497576       426.67
       3.425     0.998047       497767       512.00
       3.463     0.998242       497867       568.89
       3.511     0.998437       497958       640.00
       3.585     0.998633       498055       731.43
       3.691     0.998828       498153       853.33
       3.827     0.999023       498249      1024.00
       3.911     0.999121       498299      1137.78
       4.005     0.999219       498347      1280.00
       4.093     0.999316       498397      1462.86
       4.227     0.999414       498444      1706.67
       4.343     0.999512       498494      2048.00
       4.395     0.999561       498517      2275.56
       4.451     0.999609       498542      2560.00
       4.531     0.999658       498568      2925.71
       4.595     0.999707       498591      3413.33
       4.703     0.999756       498615      4096.00
       4.763     0.999780       498627      4551.11
       4.807     0.999805       498639      5120.00
       4.879     0.999829       498651      5851.43
       4.935     0.999854       498664      6826.67
       5.119     0.999878       498676      8192.00
       5.175     0.999890       498684      9102.22
       5.191     0.999902       498688     10240.00
       5.231     0.999915       498695     11702.86
       5.315     0.999927       498700     13653.33
       5.399     0.999939       498706     16384.00
       5.451     0.999945       498709     18204.44
       5.495     0.999951       498713     20480.00
       5.535     0.999957       498715     23405.71
       5.559     0.999963       498718     27306.67
       5.607     0.999969       498722     32768.00
       5.651     0.999973       498723     36408.89
       5.659     0.999976       498724     40960.00
       5.699     0.999979       498726     46811.43
       5.723     0.999982       498728     54613.33
       5.847     0.999985       498729     65536.00
       5.887     0.999986       498730     72817.78
       5.887     0.999988       498730     81920.00
       5.891     0.999989       498731     93622.86
       5.899     0.999991       498732    109226.67
       5.935     0.999992       498733    131072.00
       5.935     0.999993       498733    145635.56
       5.935     0.999994       498733    163840.00
       5.967     0.999995       498734    187245.71
       5.967     0.999995       498734    218453.33
       6.015     0.999996       498735    262144.00
       6.015     0.999997       498735    291271.11
       6.015     0.999997       498735    327680.00
       6.015     0.999997       498735    374491.43
       6.015     0.999998       498735    436906.67
       6.207     0.999998       498736    524288.00
       6.207     1.000000       498736          inf
#[Mean    =        1.352, StdDeviation   =        0.561]
#[Max     =        6.204, Total count    =       498736]
#[Buckets =           27, SubBuckets     =         2048]
----------------------------------------------------------
  597074 requests in 1.00m, 41.57MB read
Requests/sec:   9951.03
Transfer/sec:    709.40KB
