Running 1m test @ http://erik-pc.local:8080/greeting/Bob
  4 threads and 100 connections
  Thread calibration: mean lat.: 228.724ms, rate sampling interval: 861ms
  Thread calibration: mean lat.: 505.792ms, rate sampling interval: 1482ms
  Thread calibration: mean lat.: 316.250ms, rate sampling interval: 1261ms
  Thread calibration: mean lat.: 202.329ms, rate sampling interval: 737ms
  Thread Stats   Avg      Stdev     Max   +/- Stdev
    Latency     2.11s     1.01s    4.57s    59.96%
    Req/Sec     9.12k   556.17    10.54k    66.33%
  Latency Distribution (HdrHistogram - Recorded Latency)
 50.000%    2.03s 
 75.000%    2.95s 
 90.000%    3.53s 
 99.000%    4.21s 
 99.900%    4.49s 
 99.990%    4.55s 
 99.999%    4.57s 
100.000%    4.57s 

  Detailed Percentile spectrum:
       Value   Percentile   TotalCount 1/(1-Percentile)

      95.615     0.000000            1         1.00
     861.695     0.100000       181935         1.11
    1102.847     0.200000       364090         1.25
    1383.423     0.300000       545859         1.43
    1712.127     0.400000       727636         1.67
    2028.543     0.500000       909409         2.00
    2203.647     0.550000      1000703         2.22
    2377.727     0.600000      1090942         2.50
    2559.999     0.650000      1182780         2.86
    2750.463     0.700000      1273480         3.33
    2945.023     0.750000      1364140         4.00
    3033.087     0.775000      1409317         4.44
    3125.247     0.800000      1455297         5.00
    3213.311     0.825000      1500878         5.71
    3299.327     0.850000      1545715         6.67
    3409.919     0.875000      1591446         8.00
    3471.359     0.887500      1614321         8.89
    3530.751     0.900000      1636500        10.00
    3594.239     0.912500      1659563        11.43
    3657.727     0.925000      1682075        13.33
    3733.503     0.937500      1704674        16.00
    3778.559     0.943750      1716159        17.78
    3821.567     0.950000      1727377        20.00
    3864.575     0.956250      1738581        22.86
    3919.871     0.962500      1750235        26.67
    3975.167     0.968750      1761670        32.00
    4001.791     0.971875      1766992        35.56
    4030.463     0.975000      1772912        40.00
    4057.087     0.978125      1778357        45.71
    4087.807     0.981250      1784285        53.33
    4118.527     0.984375      1789948        64.00
    4134.911     0.985938      1792685        71.11
    4155.391     0.987500      1795542        80.00
    4182.015     0.989062      1798309        91.43
    4227.071     0.990625      1801230       106.67
    4292.607     0.992188      1803917       128.00
    4329.471     0.992969      1805519       142.22
    4354.047     0.993750      1807009       160.00
    4374.527     0.994531      1808372       182.86
    4395.007     0.995313      1809826       213.33
    4415.487     0.996094      1811260       256.00
    4423.679     0.996484      1811918       284.44
    4431.871     0.996875      1812593       320.00
    4440.063     0.997266      1813248       365.71
    4452.351     0.997656      1814145       426.67
    4460.543     0.998047      1814684       512.00
    4468.735     0.998242      1815156       568.89
    4472.831     0.998437      1815383       640.00
    4481.023     0.998633      1815788       731.43
    4489.215     0.998828      1816161       853.33
    4497.407     0.999023      1816505      1024.00
    4501.503     0.999121      1816658      1137.78
    4505.599     0.999219      1816790      1280.00
    4509.695     0.999316      1816921      1462.86
    4517.887     0.999414      1817180      1706.67
    4521.983     0.999512      1817298      2048.00
    4526.079     0.999561      1817423      2275.56
    4526.079     0.999609      1817423      2560.00
    4530.175     0.999658      1817540      2925.71
    4534.271     0.999707      1817659      3413.33
    4538.367     0.999756      1817765      4096.00
    4538.367     0.999780      1817765      4551.11
    4538.367     0.999805      1817765      5120.00
    4542.463     0.999829      1817853      5851.43
    4542.463     0.999854      1817853      6826.67
    4546.559     0.999878      1817933      8192.00
    4546.559     0.999890      1817933      9102.22
    4550.655     0.999902      1817994     10240.00
    4550.655     0.999915      1817994     11702.86
    4550.655     0.999927      1817994     13653.33
    4554.751     0.999939      1818038     16384.00
    4554.751     0.999945      1818038     18204.44
    4554.751     0.999951      1818038     20480.00
    4558.847     0.999957      1818063     23405.71
    4558.847     0.999963      1818063     27306.67
    4558.847     0.999969      1818063     32768.00
    4562.943     0.999973      1818083     36408.89
    4562.943     0.999976      1818083     40960.00
    4562.943     0.999979      1818083     46811.43
    4567.039     0.999982      1818104     54613.33
    4567.039     0.999985      1818104     65536.00
    4567.039     0.999986      1818104     72817.78
    4567.039     0.999988      1818104     81920.00
    4567.039     0.999989      1818104     93622.86
    4567.039     0.999991      1818104    109226.67
    4571.135     0.999992      1818118    131072.00
    4571.135     1.000000      1818118          inf
#[Mean    =     2112.965, StdDeviation   =     1010.170]
#[Max     =     4567.040, Total count    =      1818118]
#[Buckets =           27, SubBuckets     =         2048]
----------------------------------------------------------
  2189301 requests in 1.00m, 181.65MB read
Requests/sec:  36485.27
Transfer/sec:      3.03MB
