  15954 1001      20   0 3067628 326636  43308 S   6.7   2.0   2:12.04 application
  15954 1001      20   0 3068652 326900  43308 S 218.0   2.0   2:14.22 application
  15954 1001      20   0 3068652 326900  43308 S 225.7   2.0   2:16.50 application
  15954 1001      20   0 3068652 326900  43308 S 228.0   2.0   2:18.78 application
  15954 1001      20   0 3068652 326900  43308 S 228.0   2.0   2:21.06 application
  15954 1001      20   0 3068652 326900  43308 S 230.0   2.0   2:23.36 application
  15954 1001      20   0 3068652 326900  43308 S 229.0   2.0   2:25.65 application
  15954 1001      20   0 3068652 326900  43308 S 230.0   2.0   2:27.95 application
  15954 1001      20   0 3068652 326900  43308 S 228.0   2.0   2:30.23 application
  15954 1001      20   0 3068652 326900  43308 S 229.0   2.0   2:32.52 application
  15954 1001      20   0 3068652 326900  43308 S 228.0   2.0   2:34.80 application
  15954 1001      20   0 3068652 326900  43308 S 229.0   2.0   2:37.09 application
  15954 1001      20   0 3068652 326900  43308 S 226.7   2.0   2:39.38 application
  15954 1001      20   0 3068652 326900  43308 S 229.0   2.0   2:41.67 application
  15954 1001      20   0 3068652 326900  43308 S 229.0   2.0   2:43.96 application
  15954 1001      20   0 3068652 326900  43308 S 230.0   2.0   2:46.26 application
  15954 1001      20   0 3068652 326900  43308 S 228.0   2.0   2:48.54 application
  15954 1001      20   0 3068652 326900  43308 S 231.0   2.0   2:50.85 application
  15954 1001      20   0 3068652 326900  43308 S 229.0   2.0   2:53.14 application
  15954 1001      20   0 3068652 326900  43308 S 229.0   2.0   2:55.43 application
  15954 1001      20   0 3068652 326900  43308 S 228.0   2.0   2:57.71 application
  15954 1001      20   0 3069676 326900  43308 S 231.0   2.0   3:00.02 application
  15954 1001      20   0 3069676 327164  43308 S 227.7   2.0   3:02.32 application
  15954 1001      20   0 3069676 327164  43308 S 228.0   2.0   3:04.60 application
  15954 1001      20   0 3069676 327164  43308 S 229.0   2.0   3:06.89 application
  15954 1001      20   0 3069676 327164  43308 S 229.0   2.0   3:09.18 application
  15954 1001      20   0 3069676 327164  43308 S 228.0   2.0   3:11.46 application
  15954 1001      20   0 3069676 327164  43308 S 230.0   2.0   3:13.76 application
  15954 1001      20   0 3069676 327164  43308 S 228.0   2.0   3:16.04 application
  15954 1001      20   0 3069676 327164  43308 S 228.0   2.0   3:18.32 application
  15954 1001      20   0 3069676 327164  43308 S 230.0   2.0   3:20.62 application
  15954 1001      20   0 3069676 327164  43308 S 229.0   2.0   3:22.91 application
  15954 1001      20   0 3069676 327164  43308 S 227.7   2.0   3:25.21 application
  15954 1001      20   0 3069676 327488  43372 S 229.0   2.0   3:27.50 application
  15954 1001      20   0 3069676 327488  43372 S 229.0   2.0   3:29.79 application
  15954 1001      20   0 3069676 327488  43372 S 229.0   2.0   3:32.08 application
  15954 1001      20   0 3069676 327488  43372 S 229.0   2.0   3:34.37 application
  15954 1001      20   0 3069676 327488  43372 S 229.0   2.0   3:36.66 application
  15954 1001      20   0 3069676 327488  43372 S 229.0   2.0   3:38.95 application
  15954 1001      20   0 3069676 327488  43372 S 228.0   2.0   3:41.23 application
  15954 1001      20   0 3069676 327488  43372 S 228.0   2.0   3:43.51 application
  15954 1001      20   0 3069676 327488  43372 S 227.7   2.0   3:45.81 application
  15954 1001      20   0 3069676 327488  43372 S 229.0   2.0   3:48.10 application
  15954 1001      20   0 3069676 327488  43372 S 229.0   2.0   3:50.39 application
  15954 1001      20   0 3069676 327752  43372 S 228.0   2.0   3:52.67 application
  15954 1001      20   0 3069676 327752  43372 S 229.0   2.0   3:54.96 application
  15954 1001      20   0 3069676 328016  43372 S 229.0   2.0   3:57.25 application
  15954 1001      20   0 3069676 328016  43372 S 230.0   2.0   3:59.55 application
  15954 1001      20   0 3069676 328016  43372 S 228.0   2.0   4:01.83 application
  15954 1001      20   0 3069