  15954 1001      20   0 3119852 378476  43692 S   0.0   2.3  37:23.60 application
  15954 1001      20   0 3119852 378476  43692 S 391.0   2.3  37:27.51 application
  15954 1001      20   0 3120876 378476  43692 S 397.0   2.3  37:31.52 application
  15954 1001      20   0 3120876 378740  43692 S 399.0   2.3  37:35.51 application
  15954 1001      20   0 3120876 379004  43692 S 400.0   2.3  37:39.51 application
  15954 1001      20   0 3120876 379268  43692 S 400.0   2.3  37:43.51 application
  15954 1001      20   0 3120876 379532  43692 S 400.0   2.3  37:47.51 application
  15954 1001      20   0 3120876 379796  43692 S 400.0   2.3  37:51.51 application
  15954 1001      20   0 3120876 379796  43692 S 400.0   2.3  37:55.51 application
  15954 1001      20   0 3120876 380060  43692 S 400.0   2.3  37:59.51 application
  15954 1001      20   0 3120876 380324  43692 S 397.0   2.3  38:03.52 application
  15954 1001      20   0 3121900 380324  43692 S 400.0   2.3  38:07.52 application
  15954 1001      20   0 3121900 380324  43692 S 402.0   2.3  38:11.54 application
  15954 1001      20   0 3121900 380324  43692 S 400.0   2.3  38:15.54 application
  15954 1001      20   0 3121900 380588  43692 S 402.0   2.3  38:19.56 application
  15954 1001      20   0 3121900 380588  43692 S 400.0   2.3  38:23.56 application
  15954 1001      20   0 3121900 380588  43692 S 400.0   2.3  38:27.56 application
  15954 1001      20   0 3121900 380588  43692 S 402.0   2.3  38:31.58 application
  15954 1001      20   0 3121900 380588  43692 S 403.0   2.3  38:35.61 application
  15954 1001      20   0 3121900 380588  43692 S 398.0   2.3  38:39.59 application
  15954 1001      20   0 3122924 380588  43692 S 400.0   2.3  38:43.63 application
  15954 1001      20   0 3122924 380588  43692 S 400.0   2.3  38:47.63 application
  15954 1001      20   0 3122924 380588  43692 S 401.0   2.3  38:51.64 application
  15954 1001      20   0 3122924 380852  43692 S 400.0   2.3  38:55.64 application
  15954 1001      20   0 3122924 381116  43692 S 405.0   2.3  38:59.69 application
  15954 1001      20   0 3122924 381116  43692 S 395.0   2.3  39:03.64 application
  15954 1001      20   0 3122924 381116  43692 S 406.0   2.3  39:07.70 application
  15954 1001      20   0 3122924 381116  43692 S 398.0   2.3  39:11.68 application
  15954 1001      20   0 3122924 381116  43692 S 403.0   2.3  39:15.71 application
  15954 1001      20   0 3122924 381380  43692 S 402.0   2.3  39:19.73 application
  15954 1001      20   0 3123948 381644  43692 S 394.1   2.3  39:23.71 application
  15954 1001      20   0 3123948 381908  43692 S 405.0   2.3  39:27.76 application
  15954 1001      20   0 3123948 381908  43692 S 398.0   2.3  39:31.74 application
  15954 1001      20   0 3123948 381908  43692 S 403.0   2.3  39:35.77 application
  15954 1001      20   0 3123948 382172  43692 S 395.0   2.3  39:39.72 application
  15954 1001      20   0 3123948 382436  43692 S 406.0   2.3  39:43.78 application
  15954 1001      20   0 3123948 382436  43692 S 401.0   2.3  39:47.79 application
  15954 1001      20   0 3123948 382700  43692 S 402.0   2.3  39:51.81 application
  15954 1001      20   0 3123948 382964  43692 S 400.0   2.3  39:55.81 application
  15954 1001      20   0 3124972 382964  43692 S 402.0   2.3  39:59.83 application
  15954 1001      20   0 3124972 382964  43692 S 393.1   2.3  40:03.80 application
  15954 1001      20   0 3124972 382964  43692 S 402.0   2.3  40:07.82 application
  15954 1001      20   0 3124972 382964  43692 S 405.0   2.3  40:11.87 application
  15954 1001      20   0 3124972 383228  43692 S 395.0   2.3  40:15.82 application
  15954 1001      20   0 3124972 383228  43692 S 402.0   2.3  40:19.84 application
  15954 1001      20   0 3124972 383228  43692 S 402.0   2.3  40:23.86 application
  15954 1001      20   0 3124972 383492  43692 S 400.0   2.3  40:27.86 application
  15954 1001      20   0 3124972 383492  43692 S 403.0   2.3  40:31.89 application
  15954 1001      20   0 3125996 383492  43692 S 396.0   2.3  40:35.85 application
  15954 1001      20   0 3125