  16331 1001      20   0 6720528 482416  47600 S   0.0   2.9  27:25.51 application
  16331 1001      20   0 6721552 483208  47600 S 409.0   2.9  27:29.60 application
  16331 1001      20   0 6721552 483472  47600 S 402.0   3.0  27:33.62 application
  16331 1001      20   0 6722576 483472  47600 S 393.0   3.0  27:37.55 application
  16331 1001      20   0 6722576 483472  47600 S 409.0   3.0  27:41.64 application
  16331 1001      20   0 6722576 484264  47600 S 395.0   3.0  27:45.59 application
  16331 1001      20   0 6723600 484528  47600 S 408.0   3.0  27:49.67 application
  16331 1001      20   0 6723600 484792  47600 S 388.1   3.0  27:53.59 application
  16331 1001      20   0 6724624 485320  47600 S 406.0   3.0  27:57.65 application
  16331 1001      20   0 6724624 485848  47600 S 396.0   3.0  28:01.61 application
  16331 1001      20   0 6724624 485848  47600 S 402.0   3.0  28:05.63 application
  16331 1001      20   0 6725648 486376  47600 S 404.0   3.0  28:09.67 application
  16331 1001      20   0 6725648 486904  47600 S 399.0   3.0  28:13.66 application
  16331 1001      20   0 6725648 487168  47600 S 405.0   3.0  28:17.71 application
  16331 1001      20   0 6726672 487168  47600 S 400.0   3.0  28:21.71 application
  16331 1001      20   0 6726672 487428  47600 S 400.0   3.0  28:25.71 application
  16331 1001      20   0 6727696 487956  47600 S 400.0   3.0  28:29.71 application
  16331 1001      20   0 6727696 488220  47600 S 388.1   3.0  28:33.63 application
  16331 1001      20   0 6727696 488484  47600 S 408.0   3.0  28:37.71 application
  16331 1001      20   0 6727696 489012  47600 S 400.0   3.0  28:41.71 application
  16331 1001      20   0 6728720 489276  47600 S 400.0   3.0  28:45.71 application
  16331 1001      20   0 6728720 489668  47600 S 400.0   3.0  28:49.71 application
  16331 1001      20   0 6729744 490192  47600 S 400.0   3.0  28:53.71 application
  16331 1001      20   0 6729744 490980  47600 S 400.0   3.0  28:57.71 application
  16331 1001      20   0 6729744 491244  47600 S 400.0   3.0  29:01.71 application
  16331 1001      20   0 6730768 491768  47600 S 396.0   3.0  29:05.71 application
  16331 1001      20   0 6730768 492032  47600 S 400.0   3.0  29:09.71 application
  16331 1001      20   0 6731792 492820  47600 S 400.0   3.0  29:13.71 application
  16331 1001      20   0 6731792 493348  47600 S 400.0   3.0  29:17.71 application
  16331 1001      20   0 6731792 493612  47600 S 399.0   3.0  29:21.70 application
  16331 1001      20   0 6732816 493876  47600 S 401.0   3.0  29:25.71 application
  16331 1001      20   0 6732816 494668  47600 S 400.0   3.0  29:29.71 application
  16331 1001      20   0 6742036 495196  47600 S 400.0   3.0  29:33.71 application
  16331 1001      20   0 6743060 496516  47600 S 396.0   3.0  29:37.71 application
  16331 1001      20   0 6743060 497308  47600 S 400.0   3.0  29:41.71 application
  16331 1001      20   0 6744084 497572  47600 S 400.0   3.0  29:45.71 application
  16331 1001      20   0 6744084 498096  47600 S 400.0   3.0  29:49.71 application
  16331 1001      20   0 6744084 498360  47600 S 400.0   3.0  29:53.71 application
  16331 1001      20   0 6745108 498888  47600 S 400.0   3.0  29:57.71 application
  16331 1001      20   0 6745108 499152  47600 S 400.0   3.0  30:01.71 application
  16331 1001      20   0 6746132 499680  47600 S 400.0   3.0  30:05.71 application
  16331 1001      20   0 6746132 500208  47600 S 396.0   3.1  30:09.71 application
  16331 1001      20   0 6747156 501000  47600 S 400.0   3.1  30:13.71 application
  16331 1001      20   0 6747156 501528  47600 S 400.0   3.1  30:17.71 application
  16331 1001      20   0 6748180 502848  47600 S 400.0   3.1  30:21.71 application
  16331 1001      20   0 6748180 502848  47600 S 400.0   3.1  30:25.71 application
  16331 1001      20   0 6748180 502848  47600 S 399.0   3.1  30:29.70 application
  16331 1001      20   0 6749204 502848  47600 S 401.0   3.1  30:33.71 application
  16331 1001      20   0 6749204 503376  47600 S 400.0   3.1  30:37.71 application
  16331 1001      20   0 6749