  16331 1001      20   0 5469160 359196  47472 S 106.7   2.2   7:26.65 application
  16331 1001      20   0 5469160 359988  47472 S 318.0   2.2   7:29.83 application
  16331 1001      20   0 5470184 360516  47472 S 404.0   2.2   7:33.87 application
  16331 1001      20   0 5470184 360780  47472 S 400.0   2.2   7:37.91 application
  16331 1001      20   0 5471208 361308  47472 S 402.0   2.2   7:41.93 application
  16331 1001      20   0 5471208 361308  47472 S 404.0   2.2   7:45.97 application
  16331 1001      20   0 5471208 362100  47472 S 400.0   2.2   7:49.97 application
  16331 1001      20   0 5472232 362892  47472 S 401.0   2.2   7:53.98 application
  16331 1001      20   0 5620720 364212  47472 S 400.0   2.2   7:57.98 application
  16331 1001      20   0 5620720 364212  47472 S 401.0   2.2   8:01.99 application
  16331 1001      20   0 5620720 364476  47472 S 402.0   2.2   8:06.01 application
  16331 1001      20   0 5621744 364476  47472 S 399.0   2.2   8:10.00 application
  16331 1001      20   0 5621744 364736  47472 S 400.0   2.2   8:14.00 application
  16331 1001      20   0 5621744 365264  47472 S 402.0   2.2   8:18.02 application
  16331 1001      20   0 5621744 365528  47472 S 392.1   2.2   8:21.98 application
  16331 1001      20   0 5622768 365528  47472 S 404.0   2.2   8:26.02 application
  16331 1001      20   0 5770232 366320  47472 S 400.0   2.2   8:30.02 application
  16331 1001      20   0 5771256 366320  47472 S 399.0   2.2   8:34.01 application
  16331 1001      20   0 5771256 366584  47472 S 402.0   2.2   8:38.03 application
  16331 1001      20   0 5771256 366584  47472 S 400.0   2.2   8:42.03 application
  16331 1001      20   0 5771256 366584  47472 S 399.0   2.2   8:46.02 application
  16331 1001      20   0 5771256 366848  47472 S 402.0   2.2   8:50.04 application
  16331 1001      20   0 5771256 366848  47472 S 400.0   2.2   8:54.04 application
  16331 1001      20   0 5772280 367112  47472 S 399.0   2.2   8:58.03 application
  16331 1001      20   0 5772280 367636  47472 S 398.0   2.2   9:02.05 application
  16331 1001      20   0 5772280 368164  47472 S 399.0   2.2   9:06.04 application
  16331 1001      20   0 5773304 368428  47472 S 400.0   2.2   9:10.04 application
  16331 1001      20   0 5773304 368956  47472 S 400.0   2.3   9:14.04 application
  16331 1001      20   0 5847036 369748  47472 S 400.0   2.3   9:18.04 application
  16331 1001      20   0 5847036 370008  47472 S 400.0   2.3   9:22.04 application
  16331 1001      20   0 5848060 370008  47472 S 400.0   2.3   9:26.04 application
  16331 1001      20   0 5848060 370008  47472 S 400.0   2.3   9:30.04 application
  16331 1001      20   0 5848060 370536  47472 S 396.0   2.3   9:34.04 application
  16331 1001      20   0 5848060 370536  47472 S 401.0   2.3   9:38.05 application
  16331 1001      20   0 5848060 371064  47472 S 400.0   2.3   9:42.05 application
  16331 1001      20   0 5849084 371064  47472 S 399.0   2.3   9:46.04 application
  16331 1001      20   0 5849084 371064  47472 S 401.0   2.3   9:50.05 application
  16331 1001      20   0 5849084 371328  47472 S 399.0   2.3   9:54.04 application
  16331 1001      20   0 5849084 371588  47472 S 400.0   2.3   9:58.04 application
  16331 1001      20   0 5850108 371852  47472 S 401.0   2.3  10:02.05 application
  16331 1001      20   0 5923840 371852  47472 S 395.0   2.3  10:06.04 application
  16331 1001      20   0 5923840 372644  47472 S 401.0   2.3  10:10.05 application
  16331 1001      20   0 5924864 372908  47472 S 399.0   2.3  10:14.04 application
  16331 1001      20   0 5924864 372908  47472 S 400.0   2.3  10:18.04 application
  16331 1001      20   0 5924864 373172  47472 S 400.0   2.3  10:22.04 application
  16331 1001      20   0 5924864 373172  47472 S 400.0   2.3  10:26.04 application
  16331 1001      20   0 5924864 373436  47472 S 400.0   2.3  10:30.04 application
  16331 1001      20   0 5925888 373436  47472 S 397.0   2.3  10:34.05 application
  16331 1001      20   0 5925888 373700  47472 S 401.0   2.3  10:38.06 application
  16331 1001      20   0 5925