  15268 1001      20   0 6756408 582708  48752 S 286.7   3.6  72:03.27 application
  15268 1001      20   0 6756408 582708  48752 S 400.0   3.6  72:07.27 application
  15268 1001      20   0 6756408 582708  48752 S 401.0   3.6  72:11.28 application
  15268 1001      20   0 6756408 582708  48752 S 395.0   3.6  72:15.27 application
  15268 1001      20   0 6756408 582708  48752 S 400.0   3.6  72:19.27 application
  15268 1001      20   0 6756408 582708  48752 S 400.0   3.6  72:23.27 application
  15268 1001      20   0 6740016 583064  48752 S 401.0   3.6  72:27.28 application
  15268 1001      20   0 6740016 583064  48752 S 399.0   3.6  72:31.27 application
  15268 1001      20   0 6740016 583064  48752 S 401.0   3.6  72:35.28 application
  15268 1001      20   0 6740016 583064  48752 S 399.0   3.6  72:39.27 application
  15268 1001      20   0 6740016 583064  48752 S 400.0   3.6  72:43.27 application
  15268 1001      20   0 6740016 583064  48752 S 397.0   3.6  72:47.28 application
  15268 1001      20   0 6740016 583064  48752 S 401.0   3.6  72:51.29 application
  15268 1001      20   0 6740016 583064  48752 S 401.0   3.6  72:55.30 application
  15268 1001      20   0 6740016 583064  48752 S 401.0   3.6  72:59.31 application
  15268 1001      20   0 6740016 583064  48752 S 401.0   3.6  73:03.32 application
  15268 1001      20   0 6740016 583064  48752 S 401.0   3.6  73:07.33 application
  15268 1001      20   0 6740016 583064  48752 S 403.0   3.6  73:11.36 application
  15268 1001      20   0 6740016 583064  48752 S 398.0   3.6  73:15.34 application
  15268 1001      20   0 6740016 583064  48752 S 402.0   3.6  73:19.36 application
  15268 1001      20   0 6740016 583064  48752 S 398.0   3.6  73:23.34 application
  15268 1001      20   0 6740016 583064  48752 S 400.0   3.6  73:27.38 application
  15268 1001      20   0 6748212 583064  48752 S 402.0   3.6  73:31.40 application
  15268 1001      20   0 6748212 583064  48752 S 399.0   3.6  73:35.39 application
  15268 1001      20   0 6748212 583064  48752 S 404.0   3.6  73:39.43 application
  15268 1001      20   0 6748212 583064  48752 S 398.0   3.6  73:43.41 application
  15268 1001      20   0 6748212 583064  48752 S 400.0   3.6  73:47.41 application
  15268 1001      20   0 6748212 583064  48752 S 401.0   3.6  73:51.42 application
  15268 1001      20   0 6764604 583064  48752 S 406.0   3.6  73:55.48 application
  15268 1001      20   0 6764604 583064  48752 S 401.0   3.6  73:59.49 application
  15268 1001      20   0 6764604 583064  48752 S 401.0   3.6  74:03.50 application
  15268 1001      20   0 6764604 583064  48752 S 393.1   3.6  74:07.47 application
  15268 1001      20   0 6764604 583064  48752 S 405.0   3.6  74:11.52 application
  15268 1001      20   0 6764604 583064  48752 S 401.0   3.6  74:15.53 application
  15268 1001      20   0 6764604 583064  48752 S 393.0   3.6  74:19.46 application
  15268 1001      20   0 6764604 583064  48752 S 407.0   3.6  74:23.53 application
  15268 1001      20   0 6764604 583064  48752 S 404.0   3.6  74:27.57 application
  15268 1001      20   0 6764604 583064  48752 S 404.0   3.6  74:31.61 application
  15268 1001      20   0 6764604 583064  48752 S 399.0   3.6  74:35.60 application
  15268 1001      20   0 6764604 583064  48752 S 396.0   3.6  74:39.56 application
  15268 1001      20   0 6764604 583064  48752 S 401.0   3.6  74:43.57 application
  15268 1001      20   0 6764604 583064  48752 S 405.9   3.6  74:47.67 application
  15268 1001      20   0 6764604 583064  48752 S 399.0   3.6  74:51.66 application
  15268 1001      20   0 6764604 583064  48752 S 400.0   3.6  74:55.66 application
  15268 1001      20   0 6764604 583064  48752 S 390.0   3.6  74:59.56 application
  15268 1001      20   0 6764604 583064  48752 S 400.0   3.6  75:03.56 application
  15268 1001      20   0 6764604 583064  48752 S 404.0   3.6  75:07.60 application
  15268 1001      20   0 6764604 583064  48752 S 407.0   3.6  75:11.67 application
  15268 1001      20   0 6765628 583064  48752 S 394.0   3.6  75:15.61 application
  15268 1001      20   0 6765