  15268 1001      20   0 6479936 411696  47604 S 180.0   2.5  16:02.62 application
  15268 1001      20   0 6480960 412488  47604 S 409.0   2.5  16:06.71 application
  15268 1001      20   0 6480960 412752  47604 S 399.0   2.5  16:10.70 application
  15268 1001      20   0 6480960 413280  47604 S 400.0   2.5  16:14.70 application
  15268 1001      20   0 6481984 413808  47604 S 397.0   2.5  16:18.71 application
  15268 1001      20   0 6481984 414072  47604 S 399.0   2.5  16:22.70 application
  15268 1001      20   0 6481984 414864  47604 S 401.0   2.5  16:26.71 application
  15268 1001      20   0 6483008 415128  47604 S 400.0   2.5  16:30.71 application
  15268 1001      20   0 6483008 415652  47604 S 400.0   2.5  16:34.71 application
  15268 1001      20   0 6484032 415916  47604 S 400.0   2.5  16:38.71 application
  15268 1001      20   0 6484032 416180  47604 S 399.0   2.5  16:42.70 application
  15268 1001      20   0 6485056 417764  47604 S 401.0   2.5  16:46.71 application
  15268 1001      20   0 6485056 417764  47604 S 395.0   2.5  16:50.70 application
  15268 1001      20   0 6485056 417764  47604 S 403.0   2.5  16:54.73 application
  15268 1001      20   0 6486080 418388  47604 S 400.0   2.6  16:58.73 application
  15268 1001      20   0 6486080 418916  47604 S 401.0   2.6  17:02.74 application
  15268 1001      20   0 6487104 419180  47604 S 401.0   2.6  17:06.75 application
  15268 1001      20   0 6487104 419444  47604 S 402.0   2.6  17:10.77 application
  15268 1001      20   0 6487104 419708  47604 S 400.0   2.6  17:14.77 application
  15268 1001      20   0 6488128 419972  47604 S 398.0   2.6  17:18.75 application
  15268 1001      20   0 6488128 420236  47604 S 401.0   2.6  17:22.76 application
  15268 1001      20   0 6488128 420500  47604 S 404.0   2.6  17:26.80 application
  15268 1001      20   0 6489152 421028  47604 S 399.0   2.6  17:30.83 application
  15268 1001      20   0 6489152 421820  47604 S 401.0   2.6  17:34.84 application
  15268 1001      20   0 6490176 422612  47604 S 394.0   2.6  17:38.78 application
  15268 1001      20   0 6490176 423140  47604 S 403.0   2.6  17:42.81 application
  15268 1001      20   0 6490176 423932  47604 S 406.0   2.6  17:46.87 application
  15268 1001      20   0 6491200 424460  47604 S 401.0   2.6  17:50.88 application
  15268 1001      20   0 6491200 424724  47604 S 402.0   2.6  17:54.90 application
  15268 1001      20   0 6492224 426308  47604 S 393.0   2.6  17:58.83 application
  15268 1001      20   0 6492224 426308  47604 S 408.0   2.6  18:02.91 application
  15268 1001      20   0 6492224 426308  47604 S 401.0   2.6  18:06.92 application
  15268 1001      20   0 6493248 426572  47604 S 393.1   2.6  18:10.89 application
  15268 1001      20   0 6493248 426572  47604 S 405.0   2.6  18:14.94 application
  15268 1001      20   0 6493248 427100  47604 S 401.0   2.6  18:18.95 application
  15268 1001      20   0 6494272 427628  47604 S 400.0   2.6  18:22.95 application
  15268 1001      20   0 6494272 428420  47604 S 405.0   2.6  18:27.00 application
  15268 1001      20   0 6495296 428684  47604 S 398.0   2.6  18:30.98 application
  15268 1001      20   0 6495296 429212  47604 S 407.0   2.6  18:35.05 application
  15268 1001      20   0 6495296 429740  47604 S 397.0   2.6  18:39.02 application
  15268 1001      20   0 6496320 429740  47604 S 400.0   2.6  18:43.02 application
  15268 1001      20   0 6496320 430004  47604 S 400.0   2.6  18:47.02 application
  15268 1001      20   0 6496320 430532  47604 S 395.0   2.6  18:51.01 application
  15268 1001      20   0 6497344 430796  47604 S 405.0   2.6  18:55.06 application
  15268 1001      20   0 6497344 431060  47604 S 402.0   2.6  18:59.08 application
  15268 1001      20   0 6497344 431060  47604 S 400.0   2.6  19:03.08 application
  15268 1001      20   0 6498368 431324  47604 S 401.0   2.6  19:07.09 application
  15268 1001      20   0 6498368 432116  47604 S 401.0   2.6  19:11.10 application
  15268 1001      20   0 6499392 432116  47604 S 399.0   2.6  19:15.09 application
  15268 1001      20   0 6499