  14881 1001      20   0 3078892 337516  43824 S  53.3   2.1  10:23.89 application
  14881 1001      20   0 3078892 338044  43824 S 331.0   2.1  10:27.20 application
  14881 1001      20   0 3078892 338044  43824 S 337.0   2.1  10:30.57 application
  14881 1001      20   0 3078892 338044  43824 S 336.0   2.1  10:33.93 application
  14881 1001      20   0 3078892 338044  43824 S 336.0   2.1  10:37.29 application
  14881 1001      20   0 3078892 338044  43824 S 331.7   2.1  10:40.64 application
  14881 1001      20   0 3078892 338044  43824 S 336.0   2.1  10:44.00 application
  14881 1001      20   0 3079916 339100  43824 S 334.0   2.1  10:47.34 application
  14881 1001      20   0 3079916 339100  43824 S 337.0   2.1  10:50.71 application
  14881 1001      20   0 3079916 339100  43824 S 337.0   2.1  10:54.08 application
  14881 1001      20   0 3079916 339100  43824 S 336.0   2.1  10:57.44 application
  14881 1001      20   0 3079916 339100  43824 S 336.0   2.1  11:00.80 application
  14881 1001      20   0 3079916 339100  43824 S 337.0   2.1  11:04.17 application
  14881 1001      20   0 3079916 339100  43824 S 336.0   2.1  11:07.53 application
  14881 1001      20   0 3079916 339100  43824 S 336.0   2.1  11:10.89 application
  14881 1001      20   0 3079916 339100  43824 S 333.7   2.1  11:14.26 application
  14881 1001      20   0 3079916 339100  43824 S 336.0   2.1  11:17.62 application
  14881 1001      20   0 3079916 339100  43824 S 336.0   2.1  11:20.98 application
  14881 1001      20   0 3079916 339100  43824 S 336.0   2.1  11:24.34 application
  14881 1001      20   0 3079916 339100  43824 S 338.0   2.1  11:27.72 application
  14881 1001      20   0 3079916 339100  43824 S 335.0   2.1  11:31.07 application
  14881 1001      20   0 3079916 339100  43824 S 337.0   2.1  11:34.44 application
  14881 1001      20   0 3079916 339100  43824 S 336.0   2.1  11:37.80 application
  14881 1001      20   0 3079916 339100  43824 S 336.0   2.1  11:41.16 application
  14881 1001      20   0 3079916 339100  43824 S 335.0   2.1  11:44.51 application
  14881 1001      20   0 3079916 339100  43824 S 333.7   2.1  11:47.88 application
  14881 1001      20   0 3079916 339100  43824 S 334.0   2.1  11:51.22 application
  14881 1001      20   0 3079916 339100  43824 S 336.0   2.1  11:54.58 application
  14881 1001      20   0 3079916 339100  43824 S 336.0   2.1  11:57.94 application
  14881 1001      20   0 3079916 339100  43824 S 337.0   2.1  12:01.31 application
  14881 1001      20   0 3079916 339100  43824 S 336.0   2.1  12:04.67 application
  14881 1001      20   0 3080940 339100  43824 S 336.0   2.1  12:08.03 application
  14881 1001      20   0 3080940 339100  43824 S 336.0   2.1  12:11.39 application
  14881 1001      20   0 3080940 339100  43824 S 335.0   2.1  12:14.74 application
  14881 1001      20   0 3080940 339100  43824 S 335.0   2.1  12:18.09 application
  14881 1001      20   0 3080940 339100  43824 S 332.7   2.1  12:21.45 application
  14881 1001      20   0 3080940 339100  43824 S 336.0   2.1  12:24.81 application
  14881 1001      20   0 3080940 339364  43824 S 335.0   2.1  12:28.16 application
  14881 1001      20   0 3080940 339628  43824 S 337.0   2.1  12:31.53 application
  14881 1001      20   0 3080940 339628  43824 S 335.0   2.1  12:34.88 application
  14881 1001      20   0 3080940 339628  43824 S 336.0   2.1  12:38.24 application
  14881 1001      20   0 3080940 339628  43824 S 338.0   2.1  12:41.62 application
  14881 1001      20   0 3080940 339628  43824 S 334.0   2.1  12:44.96 application
  14881 1001      20   0 3080940 339892  43824 S 336.0   2.1  12:48.32 application
  14881 1001      20   0 3080940 339892  43824 S 334.0   2.1  12:51.66 application
  14881 1001      20   0 3080940 339892  43824 S 333.7   2.1  12:55.03 application
  14881 1001      20   0 3080940 339892  43824 S 336.0   2.1  12:58.39 application
  14881 1001      20   0 3080940 339892  43824 S 335.0   2.1  13:01.74 application
  14881 1001      20   0 3080940 340156  43824 S 336.0   2.1  13:05.10 application
  14881 1001      20   0 3080