  15268 1001      20   0 6380604 387144  47484 S   0.0   2.4  12:02.39 application
  15268 1001      20   0 6381628 387936  47484 S 393.0   2.4  12:06.32 application
  15268 1001      20   0 6381628 388196  47484 S 401.0   2.4  12:10.33 application
  15268 1001      20   0 6382652 388724  47484 S 399.0   2.4  12:14.32 application
  15268 1001      20   0 6382652 389248  47484 S 400.0   2.4  12:18.32 application
  15268 1001      20   0 6382652 389776  47484 S 400.0   2.4  12:22.32 application
  15268 1001      20   0 6383676 389776  47484 S 400.0   2.4  12:26.32 application
  15268 1001      20   0 6383676 390040  47484 S 397.0   2.4  12:30.33 application
  15268 1001      20   0 6384700 390304  47484 S 401.0   2.4  12:34.34 application
  15268 1001      20   0 6384700 390828  47484 S 401.0   2.4  12:38.35 application
  15268 1001      20   0 6384700 391088  47484 S 400.0   2.4  12:42.35 application
  15268 1001      20   0 6385724 391804  47484 S 403.0   2.4  12:46.38 application
  15268 1001      20   0 6385724 392068  47484 S 401.0   2.4  12:50.39 application
  15268 1001      20   0 6385724 392596  47484 S 400.0   2.4  12:54.39 application
  15268 1001      20   0 6386748 393124  47484 S 401.0   2.4  12:58.40 application
  15268 1001      20   0 6386748 393388  47484 S 398.0   2.4  13:02.38 application
  15268 1001      20   0 6387772 393916  47484 S 404.0   2.4  13:06.42 application
  15268 1001      20   0 6387772 394180  47484 S 398.0   2.4  13:10.44 application
  15268 1001      20   0 6387772 394708  47484 S 398.0   2.4  13:14.42 application
  15268 1001      20   0 6388796 395500  47484 S 402.0   2.4  13:18.44 application
  15268 1001      20   0 6388796 396028  47484 S 402.0   2.4  13:22.46 application
  15268 1001      20   0 6389820 396028  47484 S 399.0   2.4  13:26.45 application
  15268 1001      20   0 6389820 396292  47484 S 404.0   2.4  13:30.49 application
  15268 1001      20   0 6389820 396820  47484 S 399.0   2.4  13:34.48 application
  15268 1001      20   0 6390844 396820  47484 S 405.0   2.4  13:38.53 application
  15268 1001      20   0 6390844 397348  47484 S 395.0   2.4  13:42.48 application
  15268 1001      20   0 6391868 397612  47484 S 400.0   2.4  13:46.48 application
  15268 1001      20   0 6391868 398140  47484 S 403.0   2.4  13:50.55 application
  15268 1001      20   0 6391868 398140  47484 S 405.0   2.4  13:54.60 application
  15268 1001      20   0 6392892 398668  47484 S 400.0   2.4  13:58.60 application
  15268 1001      20   0 6392892 399196  47484 S 395.0   2.4  14:02.55 application
  15268 1001      20   0 6393916 399988  47484 S 409.0   2.4  14:06.64 application
  15268 1001      20   0 6393916 400516  47484 S 395.0   2.4  14:10.59 application
  15268 1001      20   0 6393916 400780  47484 S 401.0   2.4  14:14.60 application
  15268 1001      20   0 6394940 401308  47484 S 398.0   2.4  14:18.58 application
  15268 1001      20   0 6394940 401572  47484 S 407.0   2.5  14:22.65 application
  15268 1001      20   0 6395964 401836  47484 S 397.0   2.5  14:26.62 application
  15268 1001      20   0 6395964 402100  47484 S 399.0   2.5  14:30.65 application
  15268 1001      20   0 6395964 402884  47484 S 404.0   2.5  14:34.69 application
  15268 1001      20   0 6396988 402884  47484 S 398.0   2.5  14:38.67 application
  15268 1001      20   0 6396988 403148  47484 S 402.0   2.5  14:42.69 application
  15268 1001      20   0 6396988 403676  47484 S 401.0   2.5  14:46.70 application
  15268 1001      20   0 6398012 403940  47484 S 399.0   2.5  14:50.69 application
  15268 1001      20   0 6398012 404204  47484 S 402.0   2.5  14:54.71 application
  15268 1001      20   0 6398012 404468  47484 S 392.0   2.5  14:58.63 application
  15268 1001      20   0 6399036 404732  47484 S 410.0   2.5  15:02.73 application
  15268 1001      20   0 6399036 405260  47484 S 398.0   2.5  15:06.71 application
  15268 1001      20   0 6399036 405784  47484 S 397.0   2.5  15:10.72 application
  15268 1001      20   0 6400060 406576  47484 S 400.0   2.5  15:14.72 application
  15268 1001      20   0 6401