  14665 1001      20   0 3197676 455804  43624 S   0.0   2.8  77:36.46 application
  14665 1001      20   0 3197676 456332  43624 S 363.0   2.8  77:40.09 application
  14665 1001      20   0 3197676 456332  43624 S 401.0   2.8  77:44.10 application
  14665 1001      20   0 3198700 456332  43624 S 400.0   2.8  77:48.10 application
  14665 1001      20   0 3198700 456332  43624 S 400.0   2.8  77:52.10 application
  14665 1001      20   0 3198700 456332  43624 S 399.0   2.8  77:56.09 application
  14665 1001      20   0 3198700 456332  43624 S 401.0   2.8  78:00.10 application
  14665 1001      20   0 3198700 456332  43624 S 399.0   2.8  78:04.09 application
  14665 1001      20   0 3198700 456332  43624 S 397.0   2.8  78:08.10 application
  14665 1001      20   0 3198700 456332  43624 S 401.0   2.8  78:12.11 application
  14665 1001      20   0 3198700 456332  43624 S 400.0   2.8  78:16.11 application
  14665 1001      20   0 3198700 456596  43624 S 401.0   2.8  78:20.12 application
  14665 1001      20   0 3199724 456596  43624 S 401.0   2.8  78:24.13 application
  14665 1001      20   0 3199724 456860  43624 S 400.0   2.8  78:28.13 application
  14665 1001      20   0 3199724 456860  43624 S 399.0   2.8  78:32.12 application
  14665 1001      20   0 3199724 457124  43624 S 403.0   2.8  78:36.15 application
  14665 1001      20   0 3199724 457388  43624 S 403.0   2.8  78:40.18 application
  14665 1001      20   0 3199724 457388  43624 S 398.0   2.8  78:44.16 application
  14665 1001      20   0 3199724 457916  43624 S 400.0   2.8  78:48.20 application
  14665 1001      20   0 3199724 458444  43624 S 395.0   2.8  78:52.15 application
  14665 1001      20   0 3200748 458708  43624 S 405.0   2.8  78:56.20 application
  14665 1001      20   0 3200748 458972  43624 S 402.0   2.8  79:00.22 application
  14665 1001      20   0 3200748 459236  43624 S 401.0   2.8  79:04.23 application
  14665 1001      20   0 3200748 459236  43624 S 401.0   2.8  79:08.24 application
  14665 1001      20   0 3200748 459236  43624 S 402.0   2.8  79:12.26 application
  14665 1001      20   0 3200748 459236  43624 S 399.0   2.8  79:16.25 application
  14665 1001      20   0 3200748 459764  43624 S 401.0   2.8  79:20.26 application
  14665 1001      20   0 3200748 459764  43624 S 403.0   2.8  79:24.29 application
  14665 1001      20   0 3201772 460028  43624 S 389.1   2.8  79:28.22 application
  14665 1001      20   0 3201772 460292  43624 S 408.0   2.8  79:32.30 application
  14665 1001      20   0 3201772 460292  43624 S 404.0   2.8  79:36.34 application
  14665 1001      20   0 3201772 460556  43624 S 397.0   2.8  79:40.31 application
  14665 1001      20   0 3201772 460556  43624 S 404.0   2.8  79:44.35 application
  14665 1001      20   0 3201772 460556  43624 S 402.0   2.8  79:48.37 application
  14665 1001      20   0 3201772 460556  43624 S 405.0   2.8  79:52.42 application
  14665 1001      20   0 3201772 460556  43624 S 399.0   2.8  79:56.41 application
  14665 1001      20   0 3202796 460556  43624 S 397.0   2.8  80:00.38 application
  14665 1001      20   0 3202796 460556  43624 S 399.0   2.8  80:04.37 application
  14665 1001      20   0 3202796 460556  43624 S 392.1   2.8  80:08.33 application
  14665 1001      20   0 3202796 460820  43624 S 407.0   2.8  80:12.40 application
  14665 1001      20   0 3203820 461084  43624 S 406.0   2.8  80:16.46 application
  14665 1001      20   0 3203820 462668  43624 S 390.0   2.8  80:20.36 application
  14665 1001      20   0 3203820 462932  43624 S 400.0   2.8  80:24.36 application
  14665 1001      20   0 3203820 462932  43624 S 411.0   2.8  80:28.47 application
  14665 1001      20   0 3203820 462932  43624 S 399.0   2.8  80:32.46 application
  14665 1001      20   0 3203820 462932  43624 S 393.0   2.8  80:36.39 application
  14665 1001      20   0 3203820 462932  43624 S 403.0   2.8  80:40.42 application
  14665 1001      20   0 3203820 462932  43624 S 406.0   2.8  80:44.48 application
  14665 1001      20   0 3203820 462932  43624 S 395.0   2.8  80:48.47 application
  14665 1001      20   0 3203