  16331 1001      20   0 6778900 533900  47600 S   0.0   3.3  35:25.75 application
  16331 1001      20   0 6779924 534692  47600 S 400.0   3.3  35:29.75 application
  16331 1001      20   0 6780948 535220  47600 S 404.0   3.3  35:33.79 application
  16331 1001      20   0 6780948 536012  47600 S 396.0   3.3  35:37.75 application
  16331 1001      20   0 6780948 536540  47600 S 410.0   3.3  35:41.85 application
  16331 1001      20   0 6781972 537064  47600 S 387.0   3.3  35:45.72 application
  16331 1001      20   0 6781972 537328  47600 S 410.0   3.3  35:49.82 application
  16331 1001      20   0 6782996 537852  47600 S 404.0   3.3  35:53.86 application
  16331 1001      20   0 6782996 538116  47600 S 399.0   3.3  35:57.89 application
  16331 1001      20   0 6782996 538380  47600 S 402.0   3.3  36:01.91 application
  16331 1001      20   0 6784020 538644  47600 S 395.0   3.3  36:05.86 application
  16331 1001      20   0 6784020 539172  47600 S 397.0   3.3  36:09.83 application
  16331 1001      20   0 6785044 539436  47600 S 407.0   3.3  36:13.90 application
  16331 1001      20   0 6785044 539700  47600 S 395.0   3.3  36:17.85 application
  16331 1001      20   0 6785044 539700  47600 S 404.0   3.3  36:21.89 application
  16331 1001      20   0 6786068 539964  47600 S 400.0   3.3  36:25.89 application
  16331 1001      20   0 6786068 540228  47600 S 391.0   3.3  36:29.80 application
  16331 1001      20   0 6787092 540492  47600 S 412.0   3.3  36:33.92 application
  16331 1001      20   0 6787092 541020  47600 S 395.0   3.3  36:37.91 application
  16331 1001      20   0 6787092 541284  47600 S 400.0   3.3  36:41.91 application
  16331 1001      20   0 6788116 542076  47600 S 396.0   3.3  36:45.87 application
  16331 1001      20   0 6788116 542604  47600 S 404.0   3.3  36:49.91 application
  16331 1001      20   0 6789140 543132  47600 S 400.0   3.3  36:53.91 application
  16331 1001      20   0 6789140 543660  47600 S 400.0   3.3  36:57.91 application
  16331 1001      20   0 6789140 543924  47600 S 400.0   3.3  37:01.91 application
  16331 1001      20   0 6790164 544452  47600 S 400.0   3.3  37:05.91 application
  16331 1001      20   0 6790164 544716  47600 S 397.0   3.3  37:09.92 application
  16331 1001      20   0 6790164 544980  47600 S 399.0   3.3  37:13.91 application
  16331 1001      20   0 6791188 545244  47600 S 400.0   3.3  37:17.91 application
  16331 1001      20   0 6791188 545244  47600 S 400.0   3.3  37:21.91 application
  16331 1001      20   0 6792212 545508  47600 S 400.0   3.3  37:25.91 application
  16331 1001      20   0 6792212 545508  47600 S 400.0   3.3  37:29.91 application
  16331 1001      20   0 6792212 546036  47600 S 400.0   3.3  37:33.91 application
  16331 1001      20   0 6793236 546300  47600 S 400.0   3.3  37:37.91 application
  16331 1001      20   0 6793236 546828  47600 S 396.0   3.3  37:41.91 application
  16331 1001      20   0 6793236 546828  47600 S 401.0   3.3  37:45.92 application
  16331 1001      20   0 6794260 547620  47600 S 399.0   3.3  37:49.91 application
  16331 1001      20   0 6794260 548412  47600 S 400.0   3.3  37:53.91 application
  16331 1001      20   0 6795284 548940  47600 S 400.0   3.4  37:57.91 application
  16331 1001      20   0 6795284 549468  47600 S 400.0   3.4  38:01.91 application
  16331 1001      20   0 6796308 549996  47600 S 400.0   3.4  38:05.91 application
  16331 1001      20   0 6796308 550644  47600 S 400.0   3.4  38:09.91 application
  16331 1001      20   0 6796308 551172  47600 S 397.0   3.4  38:13.92 application
  16331 1001      20   0 6797332 551964  47600 S 399.0   3.4  38:17.91 application
  16331 1001      20   0 6798356 552492  47600 S 401.0   3.4  38:21.92 application
  16331 1001      20   0 6798356 553020  47600 S 399.0   3.4  38:25.91 application
  16331 1001      20   0 6798356 553284  47600 S 400.0   3.4  38:29.91 application
  16331 1001      20   0 6799380 553284  47600 S 400.0   3.4  38:33.91 application
  16331 1001      20   0 6799380 553812  47600 S 401.0   3.4  38:37.92 application
  16331 1001      20   0 6800