  15268 1001      20   0 6780996 582128  48752 S   0.0   3.6  68:02.81 application
  15268 1001      20   0 6780996 582128  48752 S 401.0   3.6  68:06.82 application
  15268 1001      20   0 6780996 582128  48752 S 400.0   3.6  68:10.82 application
  15268 1001      20   0 6780996 582128  48752 S 400.0   3.6  68:14.82 application
  15268 1001      20   0 6780996 582128  48752 S 400.0   3.6  68:18.82 application
  15268 1001      20   0 6780996 582128  48752 S 400.0   3.6  68:22.82 application
  15268 1001      20   0 6756408 582480  48752 S 400.0   3.6  68:26.82 application
  15268 1001      20   0 6756408 582480  48752 S 396.0   3.6  68:30.82 application
  15268 1001      20   0 6756408 582480  48752 S 401.0   3.6  68:34.83 application
  15268 1001      20   0 6756408 582480  48752 S 401.0   3.6  68:38.84 application
  15268 1001      20   0 6756408 582480  48752 S 401.0   3.6  68:42.85 application
  15268 1001      20   0 6756408 582480  48752 S 401.0   3.6  68:46.86 application
  15268 1001      20   0 6756408 582480  48752 S 402.0   3.6  68:50.88 application
  15268 1001      20   0 6756408 582480  48752 S 398.0   3.6  68:54.86 application
  15268 1001      20   0 6756408 582480  48752 S 404.0   3.6  68:58.90 application
  15268 1001      20   0 6756408 582480  48752 S 401.0   3.6  69:02.91 application
  15268 1001      20   0 6756408 582480  48752 S 401.0   3.6  69:06.92 application
  15268 1001      20   0 6756408 582480  48752 S 397.0   3.6  69:10.93 application
  15268 1001      20   0 6756408 582480  48752 S 399.0   3.6  69:14.92 application
  15268 1001      20   0 6756408 582480  48752 S 402.0   3.6  69:18.94 application
  15268 1001      20   0 6756408 582480  48752 S 402.0   3.6  69:22.96 application
  15268 1001      20   0 6756408 582480  48752 S 403.0   3.6  69:26.99 application
  15268 1001      20   0 6756408 582480  48752 S 399.0   3.6  69:30.98 application
  15268 1001      20   0 6756408 582480  48752 S 403.0   3.6  69:35.01 application
  15268 1001      20   0 6756408 582480  48752 S 399.0   3.6  69:39.00 application
  15268 1001      20   0 6756408 582480  48752 S 402.0   3.6  69:43.02 application
  15268 1001      20   0 6756408 582480  48752 S 401.0   3.6  69:47.03 application
  15268 1001      20   0 6756408 582480  48752 S 399.0   3.6  69:51.06 application
  15268 1001      20   0 6756408 582480  48752 S 404.0   3.6  69:55.10 application
  15268 1001      20   0 6756408 582480  48752 S 397.0   3.6  69:59.07 application
  15268 1001      20   0 6756408 582480  48752 S 403.0   3.6  70:03.10 application
  15268 1001      20   0 6756408 582480  48752 S 396.0   3.6  70:07.06 application
  15268 1001      20   0 6756408 582480  48752 S 405.0   3.6  70:11.11 application
  15268 1001      20   0 6756408 582480  48752 S 402.0   3.6  70:15.13 application
  15268 1001      20   0 6756408 582480  48752 S 394.0   3.6  70:19.07 application
  15268 1001      20   0 6756408 582480  48752 S 412.0   3.6  70:23.19 application
  15268 1001      20   0 6756408 582480  48752 S 400.0   3.6  70:27.19 application
  15268 1001      20   0 6756408 582480  48752 S 390.1   3.6  70:31.13 application
  15268 1001      20   0 6756408 582480  48752 S 405.0   3.6  70:35.18 application
  15268 1001      20   0 6756408 582480  48752 S 403.0   3.6  70:39.21 application
  15268 1001      20   0 6756408 582480  48752 S 398.0   3.6  70:43.19 application
  15268 1001      20   0 6756408 582480  48752 S 403.0   3.6  70:47.22 application
  15268 1001      20   0 6756408 582480  48752 S 396.0   3.6  70:51.18 application
  15268 1001      20   0 6756408 582480  48752 S 404.0   3.6  70:55.22 application
  15268 1001      20   0 6756408 582480  48752 S 397.0   3.6  70:59.19 application
  15268 1001      20   0 6756408 582480  48752 S 403.0   3.6  71:03.22 application
  15268 1001      20   0 6756408 582480  48752 S 400.0   3.6  71:07.22 application
  15268 1001      20   0 6756408 582480  48752 S 396.0   3.6  71:11.22 application
  15268 1001      20   0 6756408 582480  48752 S 399.0   3.6  71:15.21 application
  15268 1001      20   0 6756