  15954 1001      20   0 2834156  66724  42880 S  53.3   0.4   0:00.15 application
  15954 1001      20   0 2968300 198724  42880 S 121.0   1.2   0:01.36 application
  15954 1001      20   0 3065580 309948  43248 S 119.0   1.9   0:02.55 application
  15954 1001      20   0 3065580 318128  43244 S 109.9   1.9   0:03.66 application
  15954 1001      20   0 3065580 323144  43244 S 110.0   2.0   0:04.76 application
  15954 1001      20   0 3065580 323144  43244 S 110.0   2.0   0:05.86 application
  15954 1001      20   0 3065580 323408  43244 S 111.0   2.0   0:06.97 application
  15954 1001      20   0 3065580 323408  43244 S 110.0   2.0   0:08.07 application
  15954 1001      20   0 3065580 323408  43244 S 109.0   2.0   0:09.16 application
  15954 1001      20   0 3065580 323408  43244 S 109.0   2.0   0:10.25 application
  15954 1001      20   0 3065580 323408  43244 S 109.0   2.0   0:11.34 application
  15954 1001      20   0 3065580 323408  43244 S 110.0   2.0   0:12.44 application
  15954 1001      20   0 3065580 323408  43244 S 108.9   2.0   0:13.54 application
  15954 1001      20   0 3065580 323408  43244 S 110.0   2.0   0:14.64 application
  15954 1001      20   0 3065580 323408  43244 S 110.0   2.0   0:15.74 application
  15954 1001      20   0 3065580 323408  43244 S 110.0   2.0   0:16.84 application
  15954 1001      20   0 3065580 323408  43244 S 109.0   2.0   0:17.93 application
  15954 1001      20   0 3065580 323672  43244 S 110.0   2.0   0:19.03 application
  15954 1001      20   0 3065580 323672  43244 S 110.0   2.0   0:20.13 application
  15954 1001      20   0 3065580 323672  43244 S 111.0   2.0   0:21.24 application
  15954 1001      20   0 3065580 323672  43244 S 109.0   2.0   0:22.33 application
  15954 1001      20   0 3065580 323672  43244 S 108.9   2.0   0:23.43 application
  15954 1001      20   0 3065580 323672  43244 S 109.0   2.0   0:24.52 application
  15954 1001      20   0 3065580 323672  43244 S 111.0   2.0   0:25.63 application
  15954 1001      20   0 3065580 323672  43244 S 110.0   2.0   0:26.73 application
  15954 1001      20   0 3065580 323936  43244 S 110.0   2.0   0:27.83 application
  15954 1001      20   0 3065580 323936  43244 S 110.0   2.0   0:28.93 application
  15954 1001      20   0 3065580 323936  43244 S 111.0   2.0   0:30.04 application
  15954 1001      20   0 3065580 323936  43244 S 108.0   2.0   0:31.12 application
  15954 1001      20   0 3065580 323936  43244 S 109.9   2.0   0:32.23 application
  15954 1001      20   0 3065580 323936  43244 S 109.0   2.0   0:33.32 application
  15954 1001      20   0 3065580 324200  43244 S 108.0   2.0   0:34.40 application
  15954 1001      20   0 3065580 324200  43244 S 109.0   2.0   0:35.49 application
  15954 1001      20   0 3065580 324200  43244 S 109.0   2.0   0:36.58 application
  15954 1001      20   0 3065580 324200  43244 S 110.0   2.0   0:37.68 application
  15954 1001      20   0 3065580 324200  43244 S 110.0   2.0   0:38.78 application
  15954 1001      20   0 3065580 324200  43244 S 110.0   2.0   0:39.88 application
  15954 1001      20   0 3065580 324200  43244 S 109.0   2.0   0:40.97 application
  15954 1001      20   0 3065580 324200  43244 S 112.0   2.0   0:42.09 application
  15954 1001      20   0 3065580 324200  43244 S 109.0   2.0   0:43.18 application
  15954 1001      20   0 3065580 324200  43244 S 109.9   2.0   0:44.29 application
  15954 1001      20   0 3065580 324200  43244 S 109.0   2.0   0:45.38 application
  15954 1001      20   0 3065580 324200  43244 S 110.0   2.0   0:46.48 application
  15954 1001      20   0 3065580 324200  43244 S 110.0   2.0   0:47.58 application
  15954 1001      20   0 3066604 324200  43244 S 109.0   2.0   0:48.67 application
  15954 1001      20   0 3066604 324200  43244 S 110.0   2.0   0:49.77 application
  15954 1001      20   0 3066604 324200  43244 S 110.0   2.0   0:50.87 application
  15954 1001      20   0 3066604 324200  43244 S 110.0   2.0   0:51.97 application
  15954 1001      20   0 3066604 324464  43244 S 110.0   2.0   0:53.07 application
  15954 1001      20   0 3066