  14665 1001      20   0 3164908 422540  43624 S   0.0   2.6  61:36.34 application
  14665 1001      20   0 3165932 423332  43624 S 413.0   2.6  61:40.47 application
  14665 1001      20   0 3165932 423332  43624 S 399.0   2.6  61:44.46 application
  14665 1001      20   0 3165932 423332  43624 S 399.0   2.6  61:48.45 application
  14665 1001      20   0 3165932 423332  43624 S 405.0   2.6  61:52.50 application
  14665 1001      20   0 3165932 423860  43624 S 392.0   2.6  61:56.42 application
  14665 1001      20   0 3165932 424388  43624 S 406.0   2.6  62:00.48 application
  14665 1001      20   0 3165932 424388  43624 S 406.0   2.6  62:04.54 application
  14665 1001      20   0 3165932 424388  43624 S 399.0   2.6  62:08.53 application
  14665 1001      20   0 3166956 424388  43624 S 402.0   2.6  62:12.59 application
  14665 1001      20   0 3166956 424388  43624 S 397.0   2.6  62:16.56 application
  14665 1001      20   0 3166956 424652  43624 S 397.0   2.6  62:20.53 application
  14665 1001      20   0 3166956 424916  43624 S 407.0   2.6  62:24.60 application
  14665 1001      20   0 3166956 425180  43624 S 397.0   2.6  62:28.57 application
  14665 1001      20   0 3166956 425708  43624 S 392.0   2.6  62:32.49 application
  14665 1001      20   0 3166956 425708  43624 S 404.0   2.6  62:36.53 application
  14665 1001      20   0 3166956 425708  43624 S 405.0   2.6  62:40.58 application
  14665 1001      20   0 3167980 425708  43624 S 402.0   2.6  62:44.60 application
  14665 1001      20   0 3167980 425972  43624 S 403.0   2.6  62:48.63 application
  14665 1001      20   0 3167980 425972  43624 S 396.0   2.6  62:52.63 application
  14665 1001      20   0 3167980 425972  43624 S 400.0   2.6  62:56.63 application
  14665 1001      20   0 3167980 426500  43624 S 400.0   2.6  63:00.63 application
  14665 1001      20   0 3167980 426764  43624 S 400.0   2.6  63:04.63 application
  14665 1001      20   0 3167980 427028  43624 S 400.0   2.6  63:08.63 application
  14665 1001      20   0 3167980 427028  43624 S 399.0   2.6  63:12.62 application
  14665 1001      20   0 3169004 427556  43624 S 401.0   2.6  63:16.63 application
  14665 1001      20   0 3169004 427556  43624 S 399.0   2.6  63:20.62 application
  14665 1001      20   0 3169004 427556  43624 S 401.0   2.6  63:24.63 application
  14665 1001      20   0 3169004 427556  43624 S 400.0   2.6  63:28.63 application
  14665 1001      20   0 3169004 427820  43624 S 396.0   2.6  63:32.63 application
  14665 1001      20   0 3169004 427820  43624 S 400.0   2.6  63:36.63 application
  14665 1001      20   0 3169004 427820  43624 S 400.0   2.6  63:40.63 application
  14665 1001      20   0 3169004 427820  43624 S 400.0   2.6  63:44.63 application
  14665 1001      20   0 3170028 428084  43624 S 400.0   2.6  63:48.63 application
  14665 1001      20   0 3170028 428084  43624 S 401.0   2.6  63:52.64 application
  14665 1001      20   0 3170028 428084  43624 S 399.0   2.6  63:56.63 application
  14665 1001      20   0 3170028 428348  43624 S 400.0   2.6  64:00.63 application
  14665 1001      20   0 3170028 428612  43624 S 396.0   2.6  64:04.63 application
  14665 1001      20   0 3170028 428612  43624 S 400.0   2.6  64:08.63 application
  14665 1001      20   0 3170028 428612  43624 S 400.0   2.6  64:12.63 application
  14665 1001      20   0 3170028 428612  43624 S 400.0   2.6  64:16.63 application
  14665 1001      20   0 3171052 428612  43624 S 400.0   2.6  64:20.63 application
  14665 1001      20   0 3171052 428612  43624 S 400.0   2.6  64:24.63 application
  14665 1001      20   0 3171052 428876  43624 S 400.0   2.6  64:28.63 application
  14665 1001      20   0 3171052 428876  43624 S 396.0   2.6  64:32.63 application
  14665 1001      20   0 3171052 428876  43624 S 400.0   2.6  64:36.63 application
  14665 1001      20   0 3171052 428876  43624 S 399.0   2.6  64:40.62 application
  14665 1001      20   0 3171052 429140  43624 S 400.0   2.6  64:44.62 application
  14665 1001      20   0 3171052 429404  43624 S 401.0   2.6  64:48.63 application
  14665 1001      20   0 3171