  15268 1001      20   0 5589996 350436  47472 S   0.0   2.1   4:03.99 application
  15268 1001      20   0 5600240 353072  47472 S 313.0   2.2   4:07.12 application
  15268 1001      20   0 5617656 354656  47472 S 400.0   2.2   4:11.12 application
  15268 1001      20   0 5617656 354656  47472 S 399.0   2.2   4:15.11 application
  15268 1001      20   0 5618680 354920  47472 S 399.0   2.2   4:19.10 application
  15268 1001      20   0 5618680 355184  47472 S 400.0   2.2   4:23.10 application
  15268 1001      20   0 5618680 355184  47472 S 400.0   2.2   4:27.10 application
  15268 1001      20   0 5618680 355184  47472 S 400.0   2.2   4:31.10 application
  15268 1001      20   0 5618680 355712  47472 S 395.0   2.2   4:35.09 application
  15268 1001      20   0 5619704 355968  47476 S 399.0   2.2   4:39.08 application
  15268 1001      20   0 5619704 355968  47476 S 399.0   2.2   4:43.07 application
  15268 1001      20   0 5619704 356232  47476 S 400.0   2.2   4:47.07 application
  15268 1001      20   0 5652488 356756  47476 S 399.0   2.2   4:51.06 application
  15268 1001      20   0 5654536 358336  47476 S 400.0   2.2   4:55.06 application
  15268 1001      20   0 5654536 358336  47476 S 400.0   2.2   4:59.06 application
  15268 1001      20   0 5654536 358336  47476 S 401.0   2.2   5:03.07 application
  15268 1001      20   0 5654536 358336  47476 S 399.0   2.2   5:07.06 application
  15268 1001      20   0 5654536 358600  47476 S 399.0   2.2   5:11.05 application
  15268 1001      20   0 5655560 358600  47476 S 395.0   2.2   5:15.04 application
  15268 1001      20   0 5655560 358600  47476 S 399.0   2.2   5:19.03 application
  15268 1001      20   0 5655560 358600  47476 S 398.0   2.2   5:23.01 application
  15268 1001      20   0 5655560 359128  47476 S 402.0   2.2   5:27.03 application
  15268 1001      20   0 5655560 359392  47476 S 400.0   2.2   5:31.03 application
  15268 1001      20   0 5656584 359656  47476 S 399.0   2.2   5:35.02 application
  15268 1001      20   0 5656584 359656  47476 S 399.0   2.2   5:39.01 application
  15268 1001      20   0 5656584 359920  47484 S 316.0   2.2   5:42.17 application
  15268 1001      20   0 5664780 359920  47484 S 398.0   2.2   5:46.15 application
  15268 1001      20   0 5682196 360976  47484 S 399.0   2.2   5:50.14 application
  15268 1001      20   0 5682196 361500  47484 S 394.1   2.2   5:54.12 application
  15268 1001      20   0 5691416 362028  47484 S 395.0   2.2   5:58.07 application
  15268 1001      20   0 5691416 362028  47484 S 398.0   2.2   6:02.05 application
  15268 1001      20   0 5691416 362028  47484 S 400.0   2.2   6:06.05 application
  15268 1001      20   0 5692440 362028  47484 S 400.0   2.2   6:10.05 application
  15268 1001      20   0 5692440 362028  47484 S 399.0   2.2   6:14.04 application
  15268 1001      20   0 5692440 362552  47484 S 401.0   2.2   6:18.05 application
  15268 1001      20   0 5692440 362552  47484 S 398.0   2.2   6:22.03 application
  15268 1001      20   0 5692440 362812  47484 S 402.0   2.2   6:26.05 application
  15268 1001      20   0 5693464 363076  47484 S 400.0   2.2   6:30.05 application
  15268 1001      20   0 5693464 363340  47484 S 394.1   2.2   6:34.03 application
  15268 1001      20   0 5693464 363864  47484 S 401.0   2.2   6:38.04 application
  15268 1001      20   0 5693464 364124  47484 S 401.0   2.2   6:42.05 application
  15268 1001      20   0 5693464 364124  47484 S 401.0   2.2   6:46.06 application
  15268 1001      20   0 5694488 364124  47484 S 399.0   2.2   6:50.05 application
  15268 1001      20   0 5694488 364124  47484 S 401.0   2.2   6:54.06 application
  15268 1001      20   0 5694488 364124  47484 S 399.0   2.2   6:58.05 application
  15268 1001      20   0 5694488 364124  47484 S 401.0   2.2   7:02.06 application
  15268 1001      20   0 5695512 364644  47484 S 400.0   2.2   7:06.06 application
  15268 1001      20   0 5695512 364904  47484 S 400.0   2.2   7:10.06 application
  15268 1001      20   0 5695512 364904  47484 S 396.0   2.2   7:14.06 application
  15268 1001      20   0 5695