  14881 1001      20   0 3070700 329008  43760 S  86.7   2.0   4:34.01 application
  14881 1001      20   0 3071724 329272  43760 S 232.0   2.0   4:36.33 application
  14881 1001      20   0 3071724 329272  43760 S 232.0   2.0   4:38.65 application
  14881 1001      20   0 3071724 329272  43760 S 233.0   2.0   4:40.98 application
  14881 1001      20   0 3071724 329272  43760 S 232.0   2.0   4:43.30 application
  14881 1001      20   0 3071724 329272  43760 S 232.0   2.0   4:45.62 application
  14881 1001      20   0 3071724 329272  43760 S 232.0   2.0   4:47.94 application
  14881 1001      20   0 3071724 329272  43760 S 231.7   2.0   4:50.28 application
  14881 1001      20   0 3071724 329272  43760 S 232.0   2.0   4:52.60 application
  14881 1001      20   0 3071724 329272  43760 S 232.0   2.0   4:54.92 application
  14881 1001      20   0 3071724 329272  43760 S 232.0   2.0   4:57.24 application
  14881 1001      20   0 3071724 329272  43760 S 233.0   2.0   4:59.57 application
  14881 1001      20   0 3071724 329272  43760 S 232.0   2.0   5:01.89 application
  14881 1001      20   0 3071724 329272  43760 S 231.0   2.0   5:04.20 application
  14881 1001      20   0 3071724 329272  43760 S 233.0   2.0   5:06.53 application
  14881 1001      20   0 3071724 329272  43760 S 232.0   2.0   5:08.85 application
  14881 1001      20   0 3071724 329536  43760 S 232.0   2.0   5:11.17 application
  14881 1001      20   0 3071724 329800  43760 S 230.7   2.0   5:13.50 application
  14881 1001      20   0 3071724 329800  43760 S 233.0   2.0   5:15.83 application
  14881 1001      20   0 3071724 329800  43760 S 232.0   2.0   5:18.15 application
  14881 1001      20   0 3071724 329800  43760 S 234.0   2.0   5:20.49 application
  14881 1001      20   0 3072748 329800  43760 S 233.0   2.0   5:22.82 application
  14881 1001      20   0 3072748 330064  43760 S 233.0   2.0   5:25.15 application
  14881 1001      20   0 3072748 330064  43760 S 232.0   2.0   5:27.47 application
  14881 1001      20   0 3072748 330064  43760 S 232.0   2.0   5:29.79 application
  14881 1001      20   0 3072748 330328  43760 S 234.0   2.0   5:32.13 application
  14881 1001      20   0 3072748 330328  43760 S 231.0   2.0   5:34.44 application
  14881 1001      20   0 3072748 330328  43760 S 230.7   2.0   5:36.77 application
  14881 1001      20   0 3072748 330592  43760 S 231.0   2.0   5:39.08 application
  14881 1001      20   0 3072748 330592  43760 S 233.0   2.0   5:41.41 application
  14881 1001      20   0 3072748 330592  43760 S 234.0   2.0   5:43.75 application
  14881 1001      20   0 3072748 330592  43760 S 233.0   2.0   5:46.08 application
  14881 1001      20   0 3072748 330592  43760 S 230.0   2.0   5:48.38 application
  14881 1001      20   0 3072748 330592  43760 S 233.0   2.0   5:50.71 application
  14881 1001      20   0 3072748 330592  43760 S 235.0   2.0   5:53.06 application
  14881 1001      20   0 3072748 330592  43760 S 239.0   2.0   5:55.45 application
  14881 1001      20   0 3072748 330592  43760 S 232.0   2.0   5:57.77 application
  14881 1001      20   0 3072748 330592  43760 S 230.7   2.0   6:00.10 application
  14881 1001      20   0 3072748 330916  43824 S 231.0   2.0   6:02.41 application
  14881 1001      20   0 3072748 330916  43824 S 232.0   2.0   6:04.73 application
  14881 1001      20   0 3072748 330916  43824 S 232.0   2.0   6:07.05 application
  14881 1001      20   0 3072748 330916  43824 S 233.0   2.0   6:09.38 application
  14881 1001      20   0 3072748 330916  43824 S 232.0   2.0   6:11.70 application
  14881 1001      20   0 3072748 330916  43824 S 232.0   2.0   6:14.02 application
  14881 1001      20   0 3072748 330916  43824 S 231.0   2.0   6:16.33 application
  14881 1001      20   0 3072748 330916  43824 S 233.0   2.0   6:18.66 application
  14881 1001      20   0 3072748 330916  43824 S 232.0   2.0   6:20.98 application
  14881 1001      20   0 3072748 330916  43824 S 230.7   2.0   6:23.31 application
  14881 1001      20   0 3072748 330916  43824 S 232.0   2.0   6:25.63 application
  14881 1001      20   0 3072