  15268 1001      20   0 6740016 581024  48752 S 280.0   3.5  56:03.10 application
  15268 1001      20   0 6740016 581024  48752 S 399.0   3.5  56:07.09 application
  15268 1001      20   0 6756408 581024  48752 S 400.0   3.5  56:11.09 application
  15268 1001      20   0 6756408 581024  48752 S 400.0   3.5  56:15.09 application
  15268 1001      20   0 6756408 581024  48752 S 400.0   3.5  56:19.09 application
  15268 1001      20   0 6756408 581024  48752 S 401.0   3.5  56:23.10 application
  15268 1001      20   0 6756408 581024  48752 S 399.0   3.5  56:27.09 application
  15268 1001      20   0 6756408 581024  48752 S 397.0   3.5  56:31.10 application
  15268 1001      20   0 6756408 581024  48752 S 401.0   3.5  56:35.11 application
  15268 1001      20   0 6756408 581024  48752 S 400.0   3.5  56:39.11 application
  15268 1001      20   0 6756408 581024  48752 S 402.0   3.5  56:43.13 application
  15268 1001      20   0 6756408 581024  48752 S 402.0   3.5  56:47.15 application
  15268 1001      20   0 6756408 581024  48752 S 400.0   3.5  56:51.15 application
  15268 1001      20   0 6756408 581024  48752 S 401.0   3.5  56:55.16 application
  15268 1001      20   0 6756408 581024  48752 S 401.0   3.5  56:59.17 application
  15268 1001      20   0 6756408 581024  48752 S 403.0   3.5  57:03.20 application
  15268 1001      20   0 6756408 581024  48752 S 399.0   3.5  57:07.19 application
  15268 1001      20   0 6756408 581024  48752 S 396.0   3.5  57:11.19 application
  15268 1001      20   0 6756408 581024  48752 S 404.0   3.5  57:15.23 application
  15268 1001      20   0 6756408 581024  48752 S 401.0   3.5  57:19.24 application
  15268 1001      20   0 6756408 581024  48752 S 400.0   3.5  57:23.24 application
  15268 1001      20   0 6756408 581024  48752 S 404.0   3.5  57:27.28 application
  15268 1001      20   0 6756408 581024  48752 S 395.0   3.5  57:31.23 application
  15268 1001      20   0 6756408 581024  48752 S 397.0   3.5  57:35.20 application
  15268 1001      20   0 6756408 581024  48752 S 407.0   3.5  57:39.27 application
  15268 1001      20   0 6756408 581024  48752 S 398.0   3.5  57:43.25 application
  15268 1001      20   0 6756408 581024  48752 S 402.0   3.5  57:47.27 application
  15268 1001      20   0 6756408 581024  48752 S 401.0   3.5  57:51.32 application
  15268 1001      20   0 6756408 581024  48752 S 404.0   3.5  57:55.36 application
  15268 1001      20   0 6756408 581024  48752 S 396.0   3.5  57:59.32 application
  15268 1001      20   0 6756408 581024  48752 S 402.0   3.5  58:03.34 application
  15268 1001      20   0 6756408 581024  48752 S 405.0   3.5  58:07.39 application
  15268 1001      20   0 6756408 581024  48752 S 388.0   3.5  58:11.27 application
  15268 1001      20   0 6756408 581024  48752 S 415.0   3.5  58:15.42 application
  15268 1001      20   0 6756408 581024  48752 S 399.0   3.5  58:19.41 application
  15268 1001      20   0 6756408 581252  48752 S 400.0   3.5  58:23.41 application
  15268 1001      20   0 6756408 581252  48752 S 404.0   3.5  58:27.45 application
  15268 1001      20   0 6756408 581252  48752 S 397.0   3.5  58:31.46 application
  15268 1001      20   0 6756408 581252  48752 S 403.0   3.5  58:35.49 application
  15268 1001      20   0 6756408 581252  48752 S 394.0   3.5  58:39.43 application
  15268 1001      20   0 6756408 581252  48752 S 406.0   3.5  58:43.49 application
  15268 1001      20   0 6756408 581252  48752 S 400.0   3.5  58:47.49 application
  15268 1001      20   0 6756408 581252  48752 S 399.0   3.5  58:51.48 application
  15268 1001      20   0 6756408 581252  48752 S 398.0   3.5  58:55.46 application
  15268 1001      20   0 6756408 581252  48752 S 404.0   3.5  58:59.50 application
  15268 1001      20   0 6756408 581252  48752 S 400.0   3.5  59:03.50 application
  15268 1001      20   0 6756408 581252  48752 S 398.0   3.5  59:07.48 application
  15268 1001      20   0 6756408 581252  48752 S 398.0   3.5  59:11.50 application
  15268 1001      20   0 6756408 581252  48752 S 396.0   3.5  59:15.46 application
  15268 1001      20   0 6756