  15268 1001      20   0 6478900 437436  47604 S   0.0   2.7  20:02.33 application
  15268 1001      20   0 6479924 438756  47604 S 397.0   2.7  20:06.34 application
  15268 1001      20   0 6479924 439284  47604 S 400.0   2.7  20:10.34 application
  15268 1001      20   0 6480948 439548  47604 S 401.0   2.7  20:14.35 application
  15268 1001      20   0 6480948 439812  47604 S 399.0   2.7  20:18.34 application
  15268 1001      20   0 6481972 440604  47604 S 400.0   2.7  20:22.34 application
  15268 1001      20   0 6481972 440868  47604 S 400.0   2.7  20:26.34 application
  15268 1001      20   0 6481972 440868  47604 S 401.0   2.7  20:30.35 application
  15268 1001      20   0 6482996 441132  47604 S 399.0   2.7  20:34.34 application
  15268 1001      20   0 6482996 441660  47604 S 396.0   2.7  20:38.34 application
  15268 1001      20   0 6482996 442188  47604 S 402.0   2.7  20:42.36 application
  15268 1001      20   0 6484020 442980  47604 S 401.0   2.7  20:46.37 application
  15268 1001      20   0 6484020 443508  47604 S 401.0   2.7  20:50.38 application
  15268 1001      20   0 6485044 444036  47604 S 401.0   2.7  20:54.39 application
  15268 1001      20   0 6485044 444300  47604 S 401.0   2.7  20:58.40 application
  15268 1001      20   0 6486068 445356  47604 S 402.0   2.7  21:02.42 application
  15268 1001      20   0 6486068 445884  47604 S 400.0   2.7  21:06.42 application
  15268 1001      20   0 6487092 446412  47604 S 402.0   2.7  21:10.44 application
  15268 1001      20   0 6487092 446940  47604 S 399.0   2.7  21:14.43 application
  15268 1001      20   0 6488116 447468  47604 S 395.0   2.7  21:18.42 application
  15268 1001      20   0 6488116 447732  47604 S 406.0   2.7  21:22.48 application
  15268 1001      20   0 6488116 447996  47604 S 402.0   2.7  21:26.50 application
  15268 1001      20   0 6489140 447996  47604 S 399.0   2.7  21:30.49 application
  15268 1001      20   0 6489140 448524  47604 S 399.0   2.7  21:34.48 application
  15268 1001      20   0 6490164 448788  47604 S 404.0   2.7  21:38.52 application
  15268 1001      20   0 6490164 449580  47604 S 397.0   2.7  21:42.49 application
  15268 1001      20   0 6490164 450108  47604 S 405.0   2.7  21:46.54 application
  15268 1001      20   0 6491188 450636  47604 S 398.0   2.8  21:50.52 application
  15268 1001      20   0 6491188 451164  47604 S 405.0   2.8  21:54.57 application
  15268 1001      20   0 6492212 451692  47604 S 398.0   2.8  21:58.59 application
  15268 1001      20   0 6492212 451692  47604 S 399.0   2.8  22:02.58 application
  15268 1001      20   0 6493236 451956  47604 S 394.0   2.8  22:06.52 application
  15268 1001      20   0 6493236 452484  47604 S 410.0   2.8  22:10.62 application
  15268 1001      20   0 6493236 452748  47604 S 401.0   2.8  22:14.63 application
  15268 1001      20   0 6494260 453804  47604 S 401.0   2.8  22:18.64 application
  15268 1001      20   0 6494260 453804  47604 S 394.0   2.8  22:22.58 application
  15268 1001      20   0 6495284 453804  47604 S 411.0   2.8  22:26.69 application
  15268 1001      20   0 6495284 454332  47604 S 393.0   2.8  22:30.62 application
  15268 1001      20   0 6496308 454596  47604 S 395.0   2.8  22:34.57 application
  15268 1001      20   0 6496308 455124  47604 S 410.9   2.8  22:38.72 application
  15268 1001      20   0 6496308 455652  47604 S 394.0   2.8  22:42.66 application
  15268 1001      20   0 6671432 458292  47604 S 398.0   2.8  22:46.64 application
  15268 1001      20   0 6671432 458820  47604 S 409.0   2.8  22:50.73 application
  15268 1001      20   0 6672456 458820  47604 S 395.0   2.8  22:54.68 application
  15268 1001      20   0 6672456 459348  47604 S 405.0   2.8  22:58.73 application
  15268 1001      20   0 6672456 459876  47604 S 394.0   2.8  23:02.67 application
  15268 1001      20   0 6673480 460404  47604 S 407.0   2.8  23:06.74 application
  15268 1001      20   0 6673480 460932  47604 S 400.0   2.8  23:10.74 application
  15268 1001      20   0 6674504 461196  47604 S 398.0   2.8  23:14.72 application
  15268 1001      20   0 6674