  15042 1001      20   0 7288892 579912  48112 S   0.0   3.5  43:41.90 application
  15042 1001      20   0 7288892 579912  48112 S 417.0   3.5  43:46.07 application
  15042 1001      20   0 7288892 579912  48112 S 394.0   3.5  43:50.01 application
  15042 1001      20   0 7288892 579912  48112 S 410.0   3.5  43:54.11 application
  15042 1001      20   0 7288892 579912  48112 S 401.0   3.5  43:58.12 application
  15042 1001      20   0 7288892 579912  48112 S 401.0   3.5  44:02.13 application
  15042 1001      20   0 7288892 579912  48112 S 396.0   3.5  44:06.09 application
  15042 1001      20   0 7288892 579912  48112 S 401.0   3.5  44:10.10 application
  15042 1001      20   0 7288892 579912  48112 S 402.0   3.5  44:14.16 application
  15042 1001      20   0 7288892 579912  48112 S 401.0   3.5  44:18.17 application
  15042 1001      20   0 7288892 579912  48112 S 398.0   3.5  44:22.15 application
  15042 1001      20   0 7288892 579912  48112 S 405.0   3.5  44:26.20 application
  15042 1001      20   0 7288892 579912  48112 S 391.0   3.5  44:30.11 application
  15042 1001      20   0 7288892 579912  48112 S 409.0   3.5  44:34.20 application
  15042 1001      20   0 7288892 579912  48112 S 400.0   3.5  44:38.20 application
  15042 1001      20   0 7288892 579912  48112 S 394.0   3.5  44:42.14 application
  15042 1001      20   0 7288892 579912  48112 S 407.0   3.5  44:46.21 application
  15042 1001      20   0 7288892 579912  48112 S 399.0   3.5  44:50.20 application
  15042 1001      20   0 7288892 579912  48112 S 397.0   3.5  44:54.21 application
  15042 1001      20   0 7288892 579912  48112 S 399.0   3.5  44:58.20 application
  15042 1001      20   0 7288892 579912  48112 S 400.0   3.5  45:02.20 application
  15042 1001      20   0 7288892 579912  48112 S 400.0   3.5  45:06.20 application
  15042 1001      20   0 7288892 579912  48112 S 400.0   3.5  45:10.20 application
  15042 1001      20   0 7288892 579912  48112 S 401.0   3.5  45:14.21 application
  15042 1001      20   0 7288892 579912  48112 S 399.0   3.5  45:18.20 application
  15042 1001      20   0 7288892 579912  48112 S 401.0   3.5  45:22.21 application
  15042 1001      20   0 7288892 579912  48112 S 399.0   3.5  45:26.20 application
  15042 1001      20   0 7288892 579912  48112 S 396.0   3.5  45:30.20 application
  15042 1001      20   0 7288892 579912  48112 S 400.0   3.5  45:34.20 application
  15042 1001      20   0 7288892 580176  48112 S 401.0   3.5  45:38.21 application
  15042 1001      20   0 7288892 580176  48112 S 400.0   3.5  45:42.21 application
  15042 1001      20   0 7288892 580416  48112 S 399.0   3.5  45:46.20 application
  15042 1001      20   0 7288892 580416  48112 S 401.0   3.5  45:50.21 application
  15042 1001      20   0 7288892 580416  48112 S 399.0   3.5  45:54.20 application
  15042 1001      20   0 7288892 580416  48112 S 401.0   3.5  45:58.21 application
  15042 1001      20   0 7305284 580416  48112 S 395.0   3.5  46:02.20 application
  15042 1001      20   0 7305284 580416  48112 S 401.0   3.5  46:06.21 application
  15042 1001      20   0 7305284 580416  48112 S 400.0   3.5  46:10.21 application
  15042 1001      20   0 7305284 580416  48112 S 399.0   3.5  46:14.20 application
  15042 1001      20   0 7305284 580416  48112 S 401.0   3.5  46:18.21 application
  15042 1001      20   0 7305284 580416  48112 S 399.0   3.5  46:22.20 application
  15042 1001      20   0 7305284 580416  48112 S 401.0   3.5  46:26.21 application
  15042 1001      20   0 7305284 580416  48112 S 400.0   3.5  46:30.21 application
  15042 1001      20   0 7305284 580416  48112 S 396.0   3.5  46:34.21 application
  15042 1001      20   0 7305284 580416  48112 S 400.0   3.5  46:38.21 application
  15042 1001      20   0 7305284 580416  48112 S 399.0   3.5  46:42.20 application
  15042 1001      20   0 7305284 580416  48112 S 401.0   3.5  46:46.21 application
  15042 1001      20   0 7305284 580416  48112 S 400.0   3.5  46:50.21 application
  15042 1001      20   0 7305284 580416  48112 S 399.0   3.5  46:54.20 application
  15042 1001      20   0 7305