  15268 1001      20   0 6756408 581428  48752 S   6.7   3.5  60:02.72 application
  15268 1001      20   0 6756408 581428  48752 S 398.0   3.5  60:06.74 application
  15268 1001      20   0 6756408 581428  48752 S 400.0   3.5  60:10.74 application
  15268 1001      20   0 6756408 581428  48752 S 400.0   3.5  60:14.74 application
  15268 1001      20   0 6756408 581428  48752 S 400.0   3.5  60:18.74 application
  15268 1001      20   0 6756408 581428  48752 S 399.0   3.5  60:22.73 application
  15268 1001      20   0 6756408 581428  48752 S 401.0   3.5  60:26.74 application
  15268 1001      20   0 6756408 581428  48752 S 400.0   3.5  60:30.74 application
  15268 1001      20   0 6756408 581428  48752 S 400.0   3.5  60:34.74 application
  15268 1001      20   0 6756408 581428  48752 S 396.0   3.5  60:38.74 application
  15268 1001      20   0 6756408 581428  48752 S 401.0   3.5  60:42.75 application
  15268 1001      20   0 6756408 581428  48752 S 401.0   3.5  60:46.76 application
  15268 1001      20   0 6756408 581428  48752 S 401.0   3.5  60:50.77 application
  15268 1001      20   0 6756408 581428  48752 S 401.0   3.5  60:54.78 application
  15268 1001      20   0 6756408 581428  48752 S 401.0   3.5  60:58.79 application
  15268 1001      20   0 6756408 581428  48752 S 401.0   3.5  61:02.80 application
  15268 1001      20   0 6756408 581428  48752 S 401.0   3.5  61:06.81 application
  15268 1001      20   0 6756408 581428  48752 S 398.0   3.5  61:10.79 application
  15268 1001      20   0 6756408 581428  48752 S 403.0   3.5  61:14.82 application
  15268 1001      20   0 6756408 581428  48752 S 399.0   3.5  61:18.85 application
  15268 1001      20   0 6756408 581428  48752 S 399.0   3.5  61:22.84 application
  15268 1001      20   0 6756408 581428  48752 S 406.0   3.5  61:26.90 application
  15268 1001      20   0 6756408 581428  48752 S 397.0   3.5  61:30.87 application
  15268 1001      20   0 6756408 581428  48752 S 403.0   3.5  61:34.90 application
  15268 1001      20   0 6756408 581428  48752 S 399.0   3.5  61:38.89 application
  15268 1001      20   0 6756408 581428  48752 S 399.0   3.5  61:42.88 application
  15268 1001      20   0 6756408 581428  48752 S 396.0   3.5  61:46.84 application
  15268 1001      20   0 6756408 581428  48752 S 406.0   3.5  61:50.90 application
  15268 1001      20   0 6756408 581428  48752 S 406.0   3.5  61:54.96 application
  15268 1001      20   0 6756408 581428  48752 S 399.0   3.5  61:58.99 application
  15268 1001      20   0 6756408 581428  48752 S 390.0   3.5  62:02.89 application
  15268 1001      20   0 6756408 581428  48752 S 403.0   3.5  62:06.92 application
  15268 1001      20   0 6756408 581428  48752 S 399.0   3.5  62:10.91 application
  15268 1001      20   0 6756408 581428  48752 S 410.0   3.5  62:15.01 application
  15268 1001      20   0 6756408 581428  48752 S 393.0   3.5  62:18.94 application
  15268 1001      20   0 6756408 581428  48752 S 401.0   3.5  62:22.95 application
  15268 1001      20   0 6756408 581428  48752 S 413.0   3.5  62:27.08 application
  15268 1001      20   0 6764604 581428  48752 S 395.0   3.5  62:31.03 application
  15268 1001      20   0 6764604 581428  48752 S 406.0   3.5  62:35.09 application
  15268 1001      20   0 6764604 581428  48752 S 395.0   3.5  62:39.08 application
  15268 1001      20   0 6764604 581428  48752 S 405.0   3.5  62:43.13 application
  15268 1001      20   0 6764604 581428  48752 S 391.0   3.5  62:47.04 application
  15268 1001      20   0 6764604 581428  48752 S 408.0   3.5  62:51.12 application
  15268 1001      20   0 6764604 581428  48752 S 402.0   3.5  62:55.14 application
  15268 1001      20   0 6764604 581428  48752 S 394.0   3.5  62:59.08 application
  15268 1001      20   0 6764604 581428  48752 S 401.0   3.5  63:03.09 application
  15268 1001      20   0 6764604 581428  48752 S 402.0   3.5  63:07.11 application
  15268 1001      20   0 6764604 581428  48752 S 402.0   3.5  63:11.13 application
  15268 1001      20   0 6764604 581428  48752 S 401.0   3.5  63:15.14 application
  15268 1001      20   0 6764