  14881 1001      20   0 3173100 430972  43824 S   6.7   2.6  65:44.25 application
  14881 1001      20   0 3174124 431500  43824 S 403.0   2.6  65:48.28 application
  14881 1001      20   0 3174124 431764  43824 S 400.0   2.6  65:52.28 application
  14881 1001      20   0 3174124 432028  43824 S 396.0   2.6  65:56.28 application
  14881 1001      20   0 3174124 432292  43824 S 400.0   2.6  66:00.28 application
  14881 1001      20   0 3174124 432556  43824 S 400.0   2.6  66:04.28 application
  14881 1001      20   0 3174124 432556  43824 S 400.0   2.6  66:08.28 application
  14881 1001      20   0 3174124 432820  43824 S 400.0   2.6  66:12.28 application
  14881 1001      20   0 3175148 432820  43824 S 400.0   2.6  66:16.28 application
  14881 1001      20   0 3175148 433084  43824 S 400.0   2.6  66:20.28 application
  14881 1001      20   0 3175148 433084  43824 S 400.0   2.6  66:24.28 application
  14881 1001      20   0 3175148 433084  43824 S 396.0   2.6  66:28.28 application
  14881 1001      20   0 3175148 433084  43824 S 401.0   2.6  66:32.29 application
  14881 1001      20   0 3175148 433084  43824 S 399.0   2.6  66:36.28 application
  14881 1001      20   0 3175148 433348  43824 S 402.0   2.6  66:40.30 application
  14881 1001      20   0 3175148 433348  43824 S 401.0   2.6  66:44.31 application
  14881 1001      20   0 3175148 433876  43824 S 402.0   2.6  66:48.33 application
  14881 1001      20   0 3176172 434140  43824 S 400.0   2.6  66:52.33 application
  14881 1001      20   0 3176172 434404  43824 S 401.0   2.7  66:56.34 application
  14881 1001      20   0 3176172 434404  43824 S 400.0   2.7  67:00.34 application
  14881 1001      20   0 3176172 434404  43824 S 402.0   2.7  67:04.36 application
  14881 1001      20   0 3176172 434404  43824 S 394.1   2.7  67:08.34 application
  14881 1001      20   0 3176172 434404  43824 S 404.0   2.7  67:12.38 application
  14881 1001      20   0 3176172 434668  43824 S 402.0   2.7  67:16.40 application
  14881 1001      20   0 3176172 434932  43824 S 396.0   2.7  67:20.36 application
  14881 1001      20   0 3176172 434932  43824 S 401.0   2.7  67:24.37 application
  14881 1001      20   0 3177196 434932  43824 S 405.0   2.7  67:28.42 application
  14881 1001      20   0 3177196 434932  43824 S 402.0   2.7  67:32.44 application
  14881 1001      20   0 3177196 435196  43824 S 401.0   2.7  67:36.45 application
  14881 1001      20   0 3177196 435196  43824 S 401.0   2.7  67:40.46 application
  14881 1001      20   0 3177196 435460  43824 S 395.0   2.7  67:44.41 application
  14881 1001      20   0 3177196 435460  43824 S 399.0   2.7  67:48.44 application
  14881 1001      20   0 3177196 435460  43824 S 406.0   2.7  67:52.50 application
  14881 1001      20   0 3177196 435460  43824 S 402.0   2.7  67:56.52 application
  14881 1001      20   0 3178220 435724  43824 S 401.0   2.7  68:00.53 application
  14881 1001      20   0 3178220 435724  43824 S 401.0   2.7  68:04.54 application
  14881 1001      20   0 3178220 435724  43824 S 401.0   2.7  68:08.55 application
  14881 1001      20   0 3178220 435724  43824 S 400.0   2.7  68:12.55 application
  14881 1001      20   0 3178220 435724  43824 S 405.0   2.7  68:16.60 application
  14881 1001      20   0 3178220 435988  43824 S 395.0   2.7  68:20.55 application
  14881 1001      20   0 3178220 436516  43824 S 396.0   2.7  68:24.51 application
  14881 1001      20   0 3178220 436516  43824 S 406.9   2.7  68:28.62 application
  14881 1001      20   0 3179244 436516  43824 S 401.0   2.7  68:32.63 application
  14881 1001      20   0 3179244 437044  43824 S 398.0   2.7  68:36.61 application
  14881 1001      20   0 3179244 437044  43824 S 402.0   2.7  68:40.63 application
  14881 1001      20   0 3179244 437044  43824 S 401.0   2.7  68:44.64 application
  14881 1001      20   0 3179244 437044  43824 S 401.0   2.7  68:48.65 application
  14881 1001      20   0 3179244 437044  43824 S 391.0   2.7  68:52.56 application
  14881 1001      20   0 3179244 437308  43824 S 403.0   2.7  68:56.59 application
  14881 1001      20   0 3179