  35287 root      20   0   13.6g 527660  29112 S   0.0   3.2   2:57.19 java
  35287 root      20   0   13.6g 528096  29112 S 189.0   3.2   2:59.08 java
  35287 root      20   0   13.6g 528096  29112 S 180.0   3.2   3:00.88 java
  35287 root      20   0   13.6g 528096  29112 S 180.0   3.2   3:02.68 java
  35287 root      20   0   13.6g 528096  29112 S 179.0   3.2   3:04.47 java
  35287 root      20   0   13.6g 528096  29112 S 182.0   3.2   3:06.29 java
  35287 root      20   0   13.6g 528096  29112 S 180.0   3.2   3:08.09 java
  35287 root      20   0   13.6g 528096  29112 S 181.0   3.2   3:09.90 java
  35287 root      20   0   13.6g 528096  29112 S 178.2   3.2   3:11.70 java
  35287 root      20   0   13.6g 528096  29112 S 180.0   3.2   3:13.50 java
  35287 root      20   0   13.6g 528096  29112 S 178.0   3.2   3:15.28 java
  35287 root      20   0   13.6g 528096  29112 S 180.0   3.2   3:17.08 java
  35287 root      20   0   13.6g 528096  29112 S 180.0   3.2   3:18.88 java
  35287 root      20   0   13.6g 528096  29112 S 180.0   3.2   3:20.68 java
  35287 root      20   0   13.6g 528096  29112 S 179.0   3.2   3:22.47 java
  35287 root      20   0   13.6g 528308  29112 S 184.0   3.2   3:24.31 java
  35287 root      20   0   13.6g 528308  29112 S 183.0   3.2   3:26.14 java
  35287 root      20   0   13.6g 528796  29112 S 179.0   3.2   3:27.93 java
  35287 root      20   0   13.6g 528796  29112 S 180.2   3.2   3:29.75 java
  35287 root      20   0   13.6g 528796  29112 S 180.0   3.2   3:31.55 java
  35287 root      20   0   13.6g 528796  29112 S 180.0   3.2   3:33.35 java
  35287 root      20   0   13.6g 528796  29112 S 181.0   3.2   3:35.16 java
  35287 root      20   0   13.6g 528796  29112 S 181.0   3.2   3:36.97 java
  35287 root      20   0   13.6g 528796  29112 S 180.0   3.2   3:38.77 java
  35287 root      20   0   13.6g 529504  29112 S 183.0   3.2   3:40.60 java
  35287 root      20   0   13.6g 529504  29112 S 182.0   3.2   3:42.42 java
  35287 root      20   0   13.6g 529504  29112 S 179.0   3.2   3:44.21 java
  35287 root      20   0   13.6g 529504  29112 S 181.2   3.2   3:46.04 java
  35287 root      20   0   13.6g 529504  29112 S 179.0   3.2   3:47.83 java
  35287 root      20   0   13.6g 529504  29112 S 181.0   3.2   3:49.64 java
  35287 root      20   0   13.6g 529504  29112 S 180.0   3.2   3:51.44 java
  35287 root      20   0   13.6g 529504  29112 S 180.0   3.2   3:53.24 java
  35287 root      20   0   13.6g 529504  29112 S 180.0   3.2   3:55.04 java
  35287 root      20   0   13.6g 529504  29112 S 179.0   3.2   3:56.83 java
  35287 root      20   0   13.6g 529664  29112 S 181.0   3.2   3:58.64 java
  35287 root      20   0   13.6g 529664  29112 S 179.0   3.2   4:00.43 java
  35287 root      20   0   13.6g 529664  29112 S 179.0   3.2   4:02.22 java
  35287 root      20   0   13.6g 529664  29112 S 180.0   3.2   4:04.02 java
  35287 root      20   0   13.6g 530224  29112 S 177.2   3.3   4:05.81 java
  35287 root      20   0   13.6g 530224  29112 S 181.0   3.3   4:07.62 java
  35287 root      20   0   13.6g 530224  29112 S 179.0   3.3   4:09.41 java
  35287 root      20   0   13.6g 530332  29112 S 180.0   3.3   4:11.21 java
  35287 root      20   0   13.6g 530332  29112 S 181.0   3.3   4:13.02 java
  35287 root      20   0   13.6g 530332  29112 S 180.0   3.3   4:14.82 java
  35287 root      20   0   13.6g 530332  29112 S 181.0   3.3   4:16.63 java
  35287 root      20   0   13.6g 530332  29112 S 179.0   3.3   4:18.42 java
  35287 root      20   0   13.6g 530420  29112 S 180.0   3.3   4:20.22 java
  35287 root      20   0   13.6g 530420  29112 S 181.0   3.3   4:22.03 java
  35287 root      20   0   13.6g 530664  29112 S 179.2   3.3   4:23.84 java
  35287 root      20   0   13.6g 530664  29112 S 181.0   3.3   4:25.65 java
  35287 root      20   0   13.6g 530664  29112 S 181.0   3.3   4:27.46 java
  35287 root      20   0   13.6g 530664  29112 S 181.0   3.3   4:29.27 java
  35287 root      20   0   13.6g 530664  29112 S 182.0   3.3   4:31.09 java
  35287 root      20   0   13.6g 530664  29112 S 179.0   3.3   4:32.