  35287 root      20   0   13.6g 547632  29112 S   0.0   3.4  12:22.36 java
  35287 root      20   0   13.6g 547896  29112 S 375.0   3.4  12:26.11 java
  35287 root      20   0   13.6g 548064  29112 S 405.0   3.4  12:30.16 java
  35287 root      20   0   13.6g 548644  29112 S 407.0   3.4  12:34.23 java
  35287 root      20   0   13.6g 548644  29112 S 400.0   3.4  12:38.23 java
  35287 root      20   0   13.6g 548788  29112 S 399.0   3.4  12:42.22 java
  35287 root      20   0   13.6g 549000  29112 S 400.0   3.4  12:46.26 java
  35287 root      20   0   13.6g 550424  29112 S 401.0   3.4  12:50.27 java
  35287 root      20   0   13.6g 553416  29112 S 400.0   3.4  12:54.27 java
  35287 root      20   0   13.6g 553548  29112 S 397.0   3.4  12:58.24 java
  35287 root      20   0   13.6g 553844  29112 S 401.0   3.4  13:02.25 java
  35287 root      20   0   13.6g 553844  29112 S 402.0   3.4  13:06.27 java
  35287 root      20   0   13.6g 553844  29112 S 400.0   3.4  13:10.27 java
  35287 root      20   0   13.6g 553844  29112 S 401.0   3.4  13:14.28 java
  35287 root      20   0   13.6g 556240  29112 S 400.0   3.4  13:18.28 java
  35287 root      20   0   13.6g 556296  29112 S 394.1   3.4  13:22.26 java
  35287 root      20   0   13.6g 557072  29112 S 403.0   3.4  13:26.29 java
  35287 root      20   0   13.6g 557620  29112 S 401.0   3.4  13:30.30 java
  35287 root      20   0   13.6g 557620  29112 S 402.0   3.4  13:34.32 java
  35287 root      20   0   13.6g 557936  29112 S 397.0   3.4  13:38.29 java
  35287 root      20   0   13.6g 557936  29112 S 397.0   3.4  13:42.26 java
  35287 root      20   0   13.6g 557936  29112 S 405.0   3.4  13:46.31 java
  35287 root      20   0   13.6g 560756  29112 S 398.0   3.4  13:50.29 java
  35287 root      20   0   13.6g 560756  29112 S 402.0   3.4  13:54.31 java
  35287 root      20   0   13.6g 560756  29112 S 396.0   3.4  13:58.27 java
  35287 root      20   0   13.6g 560756  29112 S 405.0   3.4  14:02.32 java
  35287 root      20   0   13.6g 560756  29112 S 396.0   3.4  14:06.32 java
  35287 root      20   0   13.6g 560756  29112 S 399.0   3.4  14:10.31 java
  35287 root      20   0   13.6g 560756  29112 S 400.0   3.4  14:14.31 java
  35287 root      20   0   13.6g 560756  29112 S 404.0   3.4  14:18.35 java
  35287 root      20   0   13.6g 560756  29112 S 400.0   3.4  14:22.35 java
  35287 root      20   0   13.6g 560756  29112 S 395.0   3.4  14:26.30 java
  35287 root      20   0   13.6g 560756  29112 S 405.0   3.4  14:30.35 java
  35287 root      20   0   13.6g 560756  29112 S 400.0   3.4  14:34.35 java
  35287 root      20   0   13.6g 560756  29112 S 399.0   3.4  14:38.34 java
  35287 root      20   0   13.6g 560756  29112 S 398.0   3.4  14:42.32 java
  35287 root      20   0   13.6g 560756  29112 S 399.0   3.4  14:46.35 java
  35287 root      20   0   13.6g 560756  29112 S 400.0   3.4  14:50.35 java
  35287 root      20   0   13.6g 560756  29112 S 401.0   3.4  14:54.36 java
  35287 root      20   0   13.6g 560756  29112 S 400.0   3.4  14:58.36 java
  35287 root      20   0   13.6g 560756  29112 S 399.0   3.4  15:02.35 java
  35287 root      20   0   13.6g 560756  29112 S 401.0   3.4  15:06.36 java
  35287 root      20   0   13.6g 560756  29112 S 399.0   3.4  15:10.35 java
  35287 root      20   0   13.6g 560756  29112 S 401.0   3.4  15:14.36 java
  35287 root      20   0   13.6g 560756  29112 S 400.0   3.4  15:18.36 java
  35287 root      20   0   13.6g 560888  29112 S 397.0   3.4  15:22.37 java
  35287 root      20   0   13.6g 560888  29112 S 400.0   3.4  15:26.37 java
  35287 root      20   0   13.6g 560888  29112 S 399.0   3.4  15:30.36 java
  35287 root      20   0   13.6g 560888  29112 S 401.0   3.4  15:34.37 java
  35287 root      20   0   13.6g 560888  29112 S 400.0   3.4  15:38.37 java
  35287 root      20   0   13.6g 560888  29112 S 400.0   3.4  15:42.37 java
  35287 root      20   0   13.6g 560888  29112 S 400.0   3.4  15:46.37 java
  35287 root      20   0   13.6g 561004  29112 S 400.0   3.4  15:50.37 java
  35287 root      20   0   13.6g 561004  29112 S 399.0   3.4  15:54.