  34416 root      20   0 9226748 481556  29132 S   0.0   3.0   2:25.37 java
  34416 root      20   0 9226748 481864  29132 S 152.0   3.0   2:26.89 java
  34416 root      20   0 9226748 481864  29132 S 145.0   3.0   2:28.34 java
  34416 root      20   0 9226748 481864  29132 S 143.6   3.0   2:29.79 java
  34416 root      20   0 9226748 481864  29132 S 145.0   3.0   2:31.24 java
  34416 root      20   0 9226748 481864  29132 S 144.0   3.0   2:32.68 java
  34416 root      20   0 9226748 481924  29132 S 143.0   3.0   2:34.11 java
  34416 root      20   0 9226748 481924  29132 S 144.0   3.0   2:35.55 java
  34416 root      20   0 9226748 481924  29132 S 146.0   3.0   2:37.01 java
  34416 root      20   0 9226748 481924  29132 S 145.0   3.0   2:38.46 java
  34416 root      20   0 9226748 481924  29132 S 145.0   3.0   2:39.91 java
  34416 root      20   0 9226748 481924  29132 S 146.0   3.0   2:41.37 java
  34416 root      20   0 9226748 482288  29132 S 144.0   3.0   2:42.81 java
  34416 root      20   0 9226748 482288  29132 S 144.0   3.0   2:44.25 java
  34416 root      20   0 9226748 482288  29132 S 144.6   3.0   2:45.71 java
  34416 root      20   0 9226748 482288  29132 S 147.0   3.0   2:47.18 java
  34416 root      20   0 9226748 482288  29132 S 144.0   3.0   2:48.62 java
  34416 root      20   0 9226748 482288  29132 S 145.0   3.0   2:50.07 java
  34416 root      20   0 9226748 482288  29132 S 147.0   3.0   2:51.54 java
  34416 root      20   0 9226748 482288  29132 S 144.0   3.0   2:52.98 java
  34416 root      20   0 9226748 482288  29132 S 147.0   3.0   2:54.45 java
  34416 root      20   0 9226748 482288  29132 S 145.0   3.0   2:55.90 java
  34416 root      20   0 9226748 482288  29132 S 143.0   3.0   2:57.33 java
  34416 root      20   0 9226748 482288  29132 S 147.0   3.0   2:58.80 java
  34416 root      20   0 9226748 482288  29132 S 146.5   3.0   3:00.28 java
  34416 root      20   0 9226748 482288  29132 S 147.0   3.0   3:01.75 java
  34416 root      20   0 9226748 482288  29132 S 143.0   3.0   3:03.18 java
  34416 root      20   0 9226748 482288  29132 S 146.0   3.0   3:04.64 java
  34416 root      20   0 9226748 482288  29132 S 144.0   3.0   3:06.08 java
  34416 root      20   0 9226748 482288  29132 S 145.0   3.0   3:07.53 java
  34416 root      20   0 9226748 482288  29132 S 145.0   3.0   3:08.98 java
  34416 root      20   0 9226748 482288  29132 S 145.0   3.0   3:10.43 java
  34416 root      20   0 9226748 482288  29132 S 144.0   3.0   3:11.87 java
  34416 root      20   0 9226748 482288  29132 S 142.6   3.0   3:13.31 java
  34416 root      20   0 9226748 482288  29132 S 146.0   3.0   3:14.77 java
  34416 root      20   0 9226748 482288  29132 S 144.0   3.0   3:16.21 java
  34416 root      20   0 9226748 482288  29132 S 145.0   3.0   3:17.66 java
  34416 root      20   0 9226748 482288  29132 S 146.0   3.0   3:19.12 java
  34416 root      20   0 9226748 482288  29132 S 146.0   3.0   3:20.58 java
  34416 root      20   0 9226748 482288  29132 S 147.0   3.0   3:22.05 java
  34416 root      20   0 9226748 482288  29132 S 146.0   3.0   3:23.51 java
  34416 root      20   0 9226748 482288  29132 S 144.0   3.0   3:24.95 java
  34416 root      20   0 9226748 482288  29132 S 144.0   3.0   3:26.39 java
  34416 root      20   0 9226748 482288  29132 S 144.0   3.0   3:27.83 java
  34416 root      20   0 9226748 482288  29132 S 144.6   3.0   3:29.29 java
  34416 root      20   0 9226748 482288  29132 S 145.0   3.0   3:30.74 java
  34416 root      20   0 9226748 482288  29132 S 145.0   3.0   3:32.19 java
  34416 root      20   0 9226748 482288  29132 S 145.0   3.0   3:33.64 java
  34416 root      20   0 9226748 482288  29132 S 146.0   3.0   3:35.10 java
  34416 root      20   0 9226748 482288  29132 S 145.0   3.0   3:36.55 java
  34416 root      20   0 9226748 482288  29132 S 145.0   3.0   3:38.00 java
  34416 root      20   0 9226748 482288  29132 S 146.0   3.0   3:39.46 java
  34416 root      20   0 9226748 482288  29132 S 145.0   3.0   3:40.91 java
  34416 root      20   0 9226748 482288  29132 S 146.0   3.0   3:42.