  35287 root      20   0   13.6g 616192  29112 S   0.0   3.8  20:22.33 java
  35287 root      20   0   13.6g 616192  29112 S 402.0   3.8  20:26.35 java
  35287 root      20   0   13.6g 616192  29112 S 401.0   3.8  20:30.36 java
  35287 root      20   0   13.6g 616320  29112 S 402.0   3.8  20:34.38 java
  35287 root      20   0   13.6g 616320  29112 S 397.0   3.8  20:38.35 java
  35287 root      20   0   13.6g 616416  29112 S 402.0   3.8  20:42.37 java
  35287 root      20   0   13.6g 616416  29112 S 398.0   3.8  20:46.39 java
  35287 root      20   0   13.6g 616416  29112 S 397.0   3.8  20:50.36 java
  35287 root      20   0   13.6g 616860  29112 S 403.0   3.8  20:54.39 java
  35287 root      20   0   13.6g 616860  29112 S 401.0   3.8  20:58.40 java
  35287 root      20   0   13.6g 616860  29112 S 399.0   3.8  21:02.39 java
  35287 root      20   0   13.6g 616860  29112 S 400.0   3.8  21:06.39 java
  35287 root      20   0   13.6g 616860  29112 S 400.0   3.8  21:10.39 java
  35287 root      20   0   13.6g 616916  29112 S 402.0   3.8  21:14.41 java
  35287 root      20   0   13.6g 616916  29112 S 402.0   3.8  21:18.43 java
  35287 root      20   0   13.6g 616916  29112 S 395.0   3.8  21:22.42 java
  35287 root      20   0   13.6g 616916  29112 S 398.0   3.8  21:26.40 java
  35287 root      20   0   13.6g 616916  29112 S 399.0   3.8  21:30.39 java
  35287 root      20   0   13.6g 616916  29112 S 401.0   3.8  21:34.40 java
  35287 root      20   0   13.6g 617048  29112 S 403.0   3.8  21:38.43 java
  35287 root      20   0   13.6g 617048  29112 S 401.0   3.8  21:42.44 java
  35287 root      20   0   13.6g 617048  29112 S 399.0   3.8  21:46.43 java
  35287 root      20   0   13.6g 617192  29112 S 400.0   3.8  21:50.43 java
  35287 root      20   0   13.6g 617192  29112 S 400.0   3.8  21:54.43 java
  35287 root      20   0   13.6g 617192  29112 S 401.0   3.8  21:58.44 java
  35287 root      20   0   13.6g 617192  29112 S 401.0   3.8  22:02.45 java
  35287 root      20   0   13.6g 617192  29112 S 395.0   3.8  22:06.44 java
  35287 root      20   0   13.6g 617192  29112 S 400.0   3.8  22:10.44 java
  35287 root      20   0   13.6g 617192  29112 S 400.0   3.8  22:14.44 java
  35287 root      20   0   13.6g 617192  29112 S 401.0   3.8  22:18.45 java
  35287 root      20   0   13.6g 617192  29112 S 399.0   3.8  22:22.44 java
  35287 root      20   0   13.6g 617192  29112 S 400.0   3.8  22:26.44 java
  35287 root      20   0   13.6g 617192  29112 S 401.0   3.8  22:30.45 java
  35287 root      20   0   13.6g 617376  29112 S 399.0   3.8  22:34.44 java
  35287 root      20   0   13.6g 617376  29112 S 396.0   3.8  22:38.44 java
  35287 root      20   0   13.6g 617376  29112 S 400.0   3.8  22:42.44 java
  35287 root      20   0   13.6g 617376  29112 S 401.0   3.8  22:46.45 java
  35287 root      20   0   13.6g 617376  29112 S 399.0   3.8  22:50.44 java
  35287 root      20   0   13.6g 617376  29112 S 400.0   3.8  22:54.44 java
  35287 root      20   0   13.6g 617376  29112 S 400.0   3.8  22:58.44 java
  35287 root      20   0   13.6g 617376  29112 S 401.0   3.8  23:02.45 java
  35287 root      20   0   13.6g 617376  29112 S 399.0   3.8  23:06.44 java
  35287 root      20   0   13.6g 617376  29112 S 401.0   3.8  23:10.45 java
  35287 root      20   0   13.6g 617376  29112 S 395.0   3.8  23:14.44 java
  35287 root      20   0   13.6g 617376  29112 S 400.0   3.8  23:18.44 java
  35287 root      20   0   13.6g 617376  29112 S 400.0   3.8  23:22.44 java
  35287 root      20   0   13.6g 617688  29112 S 400.0   3.8  23:26.44 java
  35287 root      20   0   13.6g 617884  29112 S 400.0   3.8  23:30.44 java
  35287 root      20   0   13.6g 617884  29112 S 400.0   3.8  23:34.44 java
  35287 root      20   0   13.6g 617884  29112 S 400.0   3.8  23:38.44 java
  35287 root      20   0   13.6g 617884  29112 S 401.0   3.8  23:42.45 java
  35287 root      20   0   13.6g 617884  29112 S 395.0   3.8  23:46.44 java
  35287 root      20   0   13.6g 617884  29112 S 400.0   3.8  23:50.44 java
  35287 root      20   0   13.6g 617884  29112 S 400.0   3.8  23:54.