   6970 root      20   0 9218556 681048  29116 S 160.0   4.2  63:30.66 java
   6970 root      20   0 9218556 681048  29116 S 407.0   4.2  63:34.73 java
   6970 root      20   0 9218556 681048  29116 S 396.0   4.2  63:38.73 java
   6970 root      20   0 9218556 681048  29116 S 400.0   4.2  63:42.73 java
   6970 root      20   0 9218556 681048  29116 S 400.0   4.2  63:46.73 java
   6970 root      20   0 9218556 681048  29116 S 400.0   4.2  63:50.73 java
   6970 root      20   0 9218556 681352  29116 S 401.0   4.2  63:54.74 java
   6970 root      20   0 9218556 681352  29116 S 399.0   4.2  63:58.73 java
   6970 root      20   0 9218556 681352  29116 S 400.0   4.2  64:02.73 java
   6970 root      20   0 9218556 681352  29116 S 400.0   4.2  64:06.73 java
   6970 root      20   0 9218556 681352  29116 S 396.0   4.2  64:10.73 java
   6970 root      20   0 9218556 681352  29116 S 401.0   4.2  64:14.74 java
   6970 root      20   0 9218556 681352  29116 S 401.0   4.2  64:18.75 java
   6970 root      20   0 9218556 681352  29116 S 400.0   4.2  64:22.75 java
   6970 root      20   0 9218556 681352  29116 S 401.0   4.2  64:26.76 java
   6970 root      20   0 9218556 681352  29116 S 400.0   4.2  64:30.76 java
   6970 root      20   0 9218556 681352  29116 S 402.0   4.2  64:34.78 java
   6970 root      20   0 9218556 681352  29116 S 400.0   4.2  64:38.78 java
   6970 root      20   0 9218556 681352  29116 S 398.0   4.2  64:42.80 java
   6970 root      20   0 9218556 681352  29116 S 400.0   4.2  64:46.80 java
   6970 root      20   0 9218556 681352  29116 S 402.0   4.2  64:50.82 java
   6970 root      20   0 9218556 681352  29116 S 399.0   4.2  64:54.81 java
   6970 root      20   0 9218556 681352  29116 S 400.0   4.2  64:58.81 java
   6970 root      20   0 9218556 681352  29116 S 402.0   4.2  65:02.83 java
   6970 root      20   0 9218556 681352  29116 S 401.0   4.2  65:06.84 java
   6970 root      20   0 9218556 681352  29116 S 400.0   4.2  65:10.84 java
   6970 root      20   0 9218556 681352  29116 S 402.0   4.2  65:14.86 java
   6970 root      20   0 9218556 681352  29116 S 396.0   4.2  65:18.86 java
   6970 root      20   0 9218556 681352  29116 S 401.0   4.2  65:22.87 java
   6970 root      20   0 9218556 681352  29116 S 399.0   4.2  65:26.86 java
   6970 root      20   0 9218556 681352  29116 S 401.0   4.2  65:30.87 java
   6970 root      20   0 9218556 681352  29116 S 401.0   4.2  65:34.88 java
   6970 root      20   0 9218556 681352  29116 S 402.0   4.2  65:38.90 java
   6970 root      20   0 9218556 681352  29116 S 399.0   4.2  65:42.89 java
   6970 root      20   0 9218556 681352  29116 S 401.0   4.2  65:46.90 java
   6970 root      20   0 9218556 681352  29116 S 402.0   4.2  65:50.92 java
   6970 root      20   0 9218556 681352  29116 S 397.0   4.2  65:54.93 java
   6970 root      20   0 9218556 681352  29116 S 399.0   4.2  65:58.92 java
   6970 root      20   0 9218556 681352  29116 S 403.0   4.2  66:02.95 java
   6970 root      20   0 9218556 681352  29116 S 401.0   4.2  66:06.96 java
   6970 root      20   0 9218556 681352  29116 S 399.0   4.2  66:10.95 java
   6970 root      20   0 9218556 681352  29116 S 399.0   4.2  66:14.94 java
   6970 root      20   0 9218556 681352  29116 S 403.0   4.2  66:18.97 java
   6970 root      20   0 9218556 681352  29116 S 398.0   4.2  66:22.99 java
   6970 root      20   0 9218556 681352  29116 S 401.0   4.2  66:27.00 java
   6970 root      20   0 9218556 681352  29116 S 400.0   4.2  66:31.00 java
   6970 root      20   0 9218556 681352  29116 S 399.0   4.2  66:34.99 java
   6970 root      20   0 9218556 681352  29116 S 401.0   4.2  66:39.00 java
   6970 root      20   0 9218556 681352  29116 S 402.0   4.2  66:43.02 java
   6970 root      20   0 9218556 681352  29116 S 403.0   4.2  66:47.05 java
   6970 root      20   0 9218556 681352  29116 S 396.0   4.2  66:51.05 java
   6970 root      20   0 9218556 681352  29116 S 398.0   4.2  66:55.03 java
   6970 root      20   0 9218556 681352  29116 S 403.0   4.2  66:59.06 java
   6970 root      20   0 9218556 681352  29116 S 398.0   4.2  67:03.