   7143 root      20   0 9218556 392684  29016 S 260.0   2.4  22:47.61 java
   7143 root      20   0 9218556 392684  29016 S 287.0   2.4  22:50.48 java
   7143 root      20   0 9218556 392684  29016 S 323.0   2.4  22:53.71 java
   7143 root      20   0 9218556 392684  29016 S 323.0   2.4  22:56.94 java
   7143 root      20   0 9218556 392684  29016 S 340.0   2.4  23:00.34 java
   7143 root      20   0 9218556 393000  29016 S 322.8   2.4  23:03.60 java
   7143 root      20   0 9218556 393140  29016 S 329.0   2.4  23:06.89 java
   7143 root      20   0 9218556 393140  29016 S 322.0   2.4  23:10.11 java
   7143 root      20   0 9218556 393140  29016 S 331.0   2.4  23:13.42 java
   7143 root      20   0 9218556 393140  29016 S 327.0   2.4  23:16.69 java
   7143 root      20   0 9218556 393140  29016 S 325.0   2.4  23:19.94 java
   7143 root      20   0 9218556 393140  29016 S 325.0   2.4  23:23.19 java
   7143 root      20   0 9218556 393140  29016 S 321.8   2.4  23:26.44 java
   7143 root      20   0 9218556 393140  29016 S 321.0   2.4  23:29.65 java
   7143 root      20   0 9218556 393140  29016 S 324.0   2.4  23:32.89 java
   7143 root      20   0 9218556 393140  29016 S 328.0   2.4  23:36.17 java
   7143 root      20   0 9218556 393140  29016 S 329.0   2.4  23:39.46 java
   7143 root      20   0 9218556 393140  29016 S 331.0   2.4  23:42.77 java
   7143 root      20   0 9218556 393140  29016 S 324.0   2.4  23:46.01 java
   7143 root      20   0 9218556 393140  29016 S 324.8   2.4  23:49.29 java
   7143 root      20   0 9218556 393140  29016 S 316.0   2.4  23:52.45 java
   7143 root      20   0 9218556 393140  29016 S 320.0   2.4  23:55.65 java
   7143 root      20   0 9218556 393140  29016 S 313.0   2.4  23:58.78 java
   7143 root      20   0 9218556 393140  29016 S 313.0   2.4  24:01.91 java
   7143 root      20   0 9218556 393140  29016 S 318.0   2.4  24:05.09 java
   7143 root      20   0 9218556 393140  29016 S 329.0   2.4  24:08.38 java
   7143 root      20   0 9218556 393140  29016 S 331.0   2.4  24:11.69 java
   7143 root      20   0 9218556 393140  29016 S 333.7   2.4  24:15.06 java
   7143 root      20   0 9218556 393140  29016 S 332.0   2.4  24:18.38 java
   7143 root      20   0 9218556 393140  29016 S 330.0   2.4  24:21.68 java
   7143 root      20   0 9218556 393140  29016 S 332.0   2.4  24:25.00 java
   7143 root      20   0 9218556 393140  29016 S 333.0   2.4  24:28.33 java
   7143 root      20   0 9218556 393140  29016 S 338.0   2.4  24:31.71 java
   7143 root      20   0 9218556 393140  29016 S 325.0   2.4  24:34.96 java
   7143 root      20   0 9218556 393140  29016 S 333.7   2.4  24:38.33 java
   7143 root      20   0 9218556 393140  29016 S 328.0   2.4  24:41.61 java
   7143 root      20   0 9218556 393140  29016 S 313.0   2.4  24:44.74 java
   7143 root      20   0 9218556 393140  29016 S 330.0   2.4  24:48.04 java
   7143 root      20   0 9218556 393140  29016 S 324.0   2.4  24:51.28 java
   7143 root      20   0 9218556 393140  29016 S 316.0   2.4  24:54.44 java
   7143 root      20   0 9218556 393140  29016 S 324.0   2.4  24:57.68 java
   7143 root      20   0 9218556 393140  29016 S 339.0   2.4  25:01.07 java
   7143 root      20   0 9218556 393140  29016 S 337.6   2.4  25:04.48 java
   7143 root      20   0 9218556 393140  29016 S 333.0   2.4  25:07.81 java
   7143 root      20   0 9218556 393140  29016 S 340.0   2.4  25:11.21 java
   7143 root      20   0 9218556 393140  29016 S 331.0   2.4  25:14.52 java
   7143 root      20   0 9218556 393140  29016 S 331.0   2.4  25:17.83 java
   7143 root      20   0 9218556 393140  29016 S 340.0   2.4  25:21.23 java
   7143 root      20   0 9218556 393140  29016 S 341.0   2.4  25:24.64 java
   7143 root      20   0 9218556 393140  29016 S 346.0   2.4  25:28.10 java
   7143 root      20   0 9218556 393140  29016 S 337.6   2.4  25:31.51 java
   7143 root      20   0 9218556 393140  29016 S 348.0   2.4  25:34.99 java
   7143 root      20   0 9218556 393140  29016 S 339.0   2.4  25:38.38 java
   7143 root      20   0 9218556 393140  29016 S 338.0   2.4  25:41.