   7143 root      20   0 9218556 389304  29016 S 186.7   2.4   5:20.10 java
   7143 root      20   0 9218556 389304  29016 S 158.0   2.4   5:21.68 java
   7143 root      20   0 9218556 389304  29016 S 156.0   2.4   5:23.24 java
   7143 root      20   0 9218556 389304  29016 S 154.5   2.4   5:24.80 java
   7143 root      20   0 9218556 389304  29016 S 156.0   2.4   5:26.36 java
   7143 root      20   0 9218556 389420  29016 S 155.0   2.4   5:27.91 java
   7143 root      20   0 9218556 389420  29016 S 159.0   2.4   5:29.50 java
   7143 root      20   0 9218556 389420  29016 S 160.0   2.4   5:31.10 java
   7143 root      20   0 9218556 389420  29016 S 158.0   2.4   5:32.68 java
   7143 root      20   0 9218556 389872  29016 S 164.0   2.4   5:34.32 java
   7143 root      20   0 9218556 389872  29016 S 160.0   2.4   5:35.92 java
   7143 root      20   0 9218556 389872  29016 S 161.0   2.4   5:37.53 java
   7143 root      20   0 9218556 389872  29016 S 154.5   2.4   5:39.09 java
   7143 root      20   0 9218556 389872  29016 S 152.0   2.4   5:40.61 java
   7143 root      20   0 9218556 389872  29016 S 155.0   2.4   5:42.16 java
   7143 root      20   0 9218556 389872  29016 S 150.0   2.4   5:43.66 java
   7143 root      20   0 9218556 389872  29016 S 150.0   2.4   5:45.16 java
   7143 root      20   0 9218556 389872  29016 S 150.0   2.4   5:46.66 java
   7143 root      20   0 9218556 389872  29016 S 149.0   2.4   5:48.15 java
   7143 root      20   0 9218556 389872  29016 S 154.0   2.4   5:49.69 java
   7143 root      20   0 9218556 389872  29016 S 158.4   2.4   5:51.29 java
   7143 root      20   0 9218556 389872  29016 S 154.0   2.4   5:52.83 java
   7143 root      20   0 9218556 389872  29016 S 162.0   2.4   5:54.45 java
   7143 root      20   0 9218556 389872  29016 S 156.0   2.4   5:56.01 java
   7143 root      20   0 9218556 389872  29016 S 159.0   2.4   5:57.60 java
   7143 root      20   0 9218556 389872  29016 S 157.0   2.4   5:59.17 java
   7143 root      20   0 9218556 389872  29016 S 151.0   2.4   6:00.68 java
   7143 root      20   0 9218556 389872  29016 S 153.5   2.4   6:02.23 java
   7143 root      20   0 9218556 389872  29016 S 155.0   2.4   6:03.78 java
   7143 root      20   0 9218556 389872  29016 S 156.0   2.4   6:05.34 java
   7143 root      20   0 9218556 389872  29016 S 161.0   2.4   6:06.95 java
   7143 root      20   0 9218556 389872  29016 S 161.0   2.4   6:08.56 java
   7143 root      20   0 9218556 389872  29016 S 162.0   2.4   6:10.18 java
   7143 root      20   0 9218556 389872  29016 S 162.0   2.4   6:11.80 java
   7143 root      20   0 9218556 389872  29016 S 159.0   2.4   6:13.39 java
   7143 root      20   0 9218556 389872  29016 S 158.0   2.4   6:14.97 java
   7143 root      20   0 9218556 389872  29016 S 156.0   2.4   6:16.53 java
   7143 root      20   0 9218556 389872  29016 S 149.5   2.4   6:18.04 java
   7143 root      20   0 9218556 389872  29016 S 159.0   2.4   6:19.63 java
   7143 root      20   0 9218556 389872  29016 S 161.0   2.4   6:21.24 java
   7143 root      20   0 9218556 389872  29016 S 156.0   2.4   6:22.80 java
   7143 root      20   0 9218556 389872  29016 S 156.0   2.4   6:24.36 java
   7143 root      20   0 9218556 389872  29016 S 162.0   2.4   6:25.98 java
   7143 root      20   0 9218556 389872  29016 S 162.0   2.4   6:27.60 java
   7143 root      20   0 9218556 389872  29016 S 157.4   2.4   6:29.19 java
   7143 root      20   0 9218556 389872  29016 S 148.0   2.4   6:30.67 java
   7143 root      20   0 9218556 389872  29016 S 152.0   2.4   6:32.19 java
   7143 root      20   0 9218556 389872  29016 S 156.0   2.4   6:33.75 java
   7143 root      20   0 9218556 389872  29016 S 157.0   2.4   6:35.32 java
   7143 root      20   0 9218556 389872  29016 S 160.0   2.4   6:36.92 java
   7143 root      20   0 9218556 389872  29016 S 159.0   2.4   6:38.51 java
   7143 root      20   0 9218556 389872  29016 S 163.4   2.4   6:40.16 java
   7143 root      20   0 9218556 389872  29016 S 159.0   2.4   6:41.75 java
   7143 root      20   0 9218556 389872  29016 S 154.0   2.4   6:43.