   8154 root      20   0   13.6g 653468  29008 S 140.0   4.0  37:51.88 java
   8154 root      20   0   13.6g 653648  29008 S 406.0   4.0  37:55.94 java
   8154 root      20   0   13.6g 653648  29008 S 401.0   4.0  37:59.95 java
   8154 root      20   0   13.6g 653648  29008 S 399.0   4.0  38:03.94 java
   8154 root      20   0   13.6g 653648  29008 S 401.0   4.0  38:07.95 java
   8154 root      20   0   13.6g 653916  29008 S 396.0   4.0  38:11.95 java
   8154 root      20   0   13.6g 653916  29008 S 400.0   4.0  38:15.95 java
   8154 root      20   0   13.6g 654052  29008 S 400.0   4.0  38:19.95 java
   8154 root      20   0   13.6g 654220  29008 S 400.0   4.0  38:23.95 java
   8154 root      20   0   13.6g 654368  29008 S 400.0   4.0  38:27.95 java
   8154 root      20   0   13.6g 654736  29008 S 400.0   4.0  38:31.95 java
   8154 root      20   0   13.6g 654736  29008 S 400.0   4.0  38:35.95 java
   8154 root      20   0   13.6g 654800  29008 S 396.0   4.0  38:39.95 java
   8154 root      20   0   13.6g 654800  29008 S 400.0   4.0  38:43.95 java
   8154 root      20   0   13.6g 654800  29008 S 401.0   4.0  38:47.96 java
   8154 root      20   0   13.6g 654972  29008 S 401.0   4.0  38:51.97 java
   8154 root      20   0   13.6g 654972  29008 S 401.0   4.0  38:55.98 java
   8154 root      20   0   13.6g 654972  29008 S 401.0   4.0  38:59.99 java
   8154 root      20   0   13.6g 654972  29008 S 401.0   4.0  39:04.00 java
   8154 root      20   0   13.6g 655780  29008 S 401.0   4.0  39:08.01 java
   8154 root      20   0   13.6g 656036  29008 S 399.0   4.0  39:12.00 java
   8154 root      20   0   13.6g 656036  29008 S 403.0   4.0  39:16.03 java
   8154 root      20   0   13.6g 656156  29008 S 398.0   4.0  39:20.01 java
   8154 root      20   0   13.6g 656156  29008 S 401.0   4.0  39:24.06 java
   8154 root      20   0   13.6g 656156  29008 S 401.0   4.0  39:28.07 java
   8154 root      20   0   13.6g 656156  29008 S 397.0   4.0  39:32.04 java
   8154 root      20   0   13.6g 657380  29008 S 403.0   4.0  39:36.07 java
   8154 root      20   0   13.6g 657380  29008 S 402.0   4.0  39:40.09 java
   8154 root      20   0   13.6g 657380  29008 S 401.0   4.0  39:44.10 java
   8154 root      20   0   13.6g 657380  29008 S 402.0   4.0  39:48.12 java
   8154 root      20   0   13.6g 657504  29008 S 401.0   4.0  39:52.13 java
   8154 root      20   0   13.6g 657504  29008 S 401.0   4.0  39:56.14 java
   8154 root      20   0   13.6g 657504  29008 S 401.0   4.0  40:00.15 java
   8154 root      20   0   13.6g 657504  29008 S 394.1   4.0  40:04.13 java
   8154 root      20   0   13.6g 657608  29008 S 407.0   4.0  40:08.20 java
   8154 root      20   0   13.6g 657608  29008 S 394.0   4.0  40:12.14 java
   8154 root      20   0   13.6g 657608  29008 S 408.0   4.0  40:16.22 java
   8154 root      20   0   13.6g 657608  29008 S 400.0   4.0  40:20.22 java
   8154 root      20   0   13.6g 657608  29008 S 392.0   4.0  40:24.14 java
   8154 root      20   0   13.6g 657608  29008 S 404.0   4.0  40:28.18 java
   8154 root      20   0   13.6g 657608  29008 S 403.0   4.0  40:32.21 java
   8154 root      20   0   13.6g 657704  29008 S 396.0   4.0  40:36.17 java
   8154 root      20   0   13.6g 657704  29008 S 403.0   4.0  40:40.24 java
   8154 root      20   0   13.6g 657836  29008 S 401.0   4.0  40:44.25 java
   8154 root      20   0   13.6g 657936  29008 S 395.0   4.0  40:48.20 java
   8154 root      20   0   13.6g 657936  29008 S 398.0   4.0  40:52.18 java
   8154 root      20   0   13.6g 657936  29008 S 411.0   4.0  40:56.29 java
   8154 root      20   0   13.6g 657936  29008 S 404.0   4.0  41:00.33 java
   8154 root      20   0   13.6g 657936  29008 S 395.0   4.0  41:04.28 java
   8154 root      20   0   13.6g 657936  29008 S 403.0   4.0  41:08.31 java
   8154 root      20   0   13.6g 657936  29008 S 401.0   4.0  41:12.32 java
   8154 root      20   0   13.6g 657936  29008 S 399.0   4.0  41:16.31 java
   8154 root      20   0   13.6g 658236  29008 S 400.0   4.0  41:20.31 java
   8154 root      20   0   13.6g 658236  29008 S 400.0   4.0  41:24.