   8272 root      20   0   12.6g 728760  29076 S 446.7   4.5  57:58.63 java
   8272 root      20   0   12.6g 728760  29076 S 400.0   4.5  58:02.63 java
   8272 root      20   0   12.6g 728760  29076 S 395.0   4.5  58:06.62 java
   8272 root      20   0   12.6g 728760  29076 S 401.0   4.5  58:10.63 java
   8272 root      20   0   12.6g 728760  29076 S 400.0   4.5  58:14.63 java
   8272 root      20   0   12.6g 728760  29076 S 399.0   4.5  58:18.62 java
   8272 root      20   0   12.6g 728760  29076 S 401.0   4.5  58:22.63 java
   8272 root      20   0   12.6g 728760  29076 S 399.0   4.5  58:26.62 java
   8272 root      20   0   12.6g 728760  29076 S 401.0   4.5  58:30.63 java
   8272 root      20   0   12.6g 728760  29076 S 396.0   4.5  58:34.63 java
   8272 root      20   0   12.6g 728760  29076 S 399.0   4.5  58:38.62 java
   8272 root      20   0   12.6g 728760  29076 S 401.0   4.5  58:42.63 java
   8272 root      20   0   12.6g 728760  29076 S 400.0   4.5  58:46.63 java
   8272 root      20   0   12.6g 728760  29076 S 400.0   4.5  58:50.63 java
   8272 root      20   0   12.6g 728760  29076 S 400.0   4.5  58:54.63 java
   8272 root      20   0   12.6g 728760  29076 S 399.0   4.5  58:58.62 java
   8272 root      20   0   12.6g 728760  29076 S 400.0   4.5  59:02.62 java
   8272 root      20   0   12.6g 728760  29076 S 397.0   4.5  59:06.63 java
   8272 root      20   0   12.6g 728760  29076 S 400.0   4.5  59:10.63 java
   8272 root      20   0   12.6g 728760  29076 S 401.0   4.5  59:14.64 java
   8272 root      20   0   12.6g 728760  29076 S 400.0   4.5  59:18.64 java
   8272 root      20   0   12.6g 728760  29076 S 402.0   4.5  59:22.66 java
   8272 root      20   0   12.6g 728760  29076 S 401.0   4.5  59:26.67 java
   8272 root      20   0   12.6g 728760  29076 S 402.0   4.5  59:30.69 java
   8272 root      20   0   12.6g 728760  29076 S 401.0   4.5  59:34.70 java
   8272 root      20   0   12.6g 728760  29076 S 400.0   4.5  59:38.70 java
   8272 root      20   0   12.6g 728760  29076 S 398.0   4.5  59:42.72 java
   8272 root      20   0   12.6g 728760  29076 S 402.0   4.5  59:46.74 java
   8272 root      20   0   12.6g 728760  29076 S 398.0   4.5  59:50.72 java
   8272 root      20   0   12.6g 728760  29076 S 404.0   4.5  59:54.76 java
   8272 root      20   0   12.6g 728760  29076 S 399.0   4.5  59:58.75 java
   8272 root      20   0   12.6g 728760  29076 S 402.0   4.5  60:02.77 java
   8272 root      20   0   12.6g 728760  29076 S 403.0   4.5  60:06.80 java
   8272 root      20   0   12.6g 728940  29076 S 396.0   4.5  60:10.76 java
   8272 root      20   0   12.6g 728940  29076 S 400.0   4.5  60:14.76 java
   8272 root      20   0   12.6g 728940  29076 S 406.0   4.5  60:18.82 java
   8272 root      20   0   12.6g 728940  29076 S 393.1   4.5  60:22.79 java
   8272 root      20   0   12.6g 728940  29076 S 403.0   4.5  60:26.82 java
   8272 root      20   0   12.6g 728940  29076 S 400.0   4.5  60:30.82 java
   8272 root      20   0   12.6g 728940  29076 S 404.0   4.5  60:34.86 java
   8272 root      20   0   12.6g 728940  29076 S 395.0   4.5  60:38.81 java
   8272 root      20   0   12.6g 728940  29076 S 407.0   4.5  60:42.88 java
   8272 root      20   0   12.6g 728940  29076 S 403.0   4.5  60:46.91 java
   8272 root      20   0   12.6g 728940  29076 S 395.0   4.5  60:50.86 java
   8272 root      20   0   12.6g 728940  29076 S 397.0   4.5  60:54.83 java
   8272 root      20   0   12.6g 728940  29076 S 407.0   4.5  60:58.90 java
   8272 root      20   0   12.6g 728940  29076 S 398.0   4.5  61:02.92 java
   8272 root      20   0   12.6g 728940  29076 S 399.0   4.5  61:06.91 java
   8272 root      20   0   12.6g 728940  29076 S 402.0   4.5  61:10.93 java
   8272 root      20   0   12.6g 728940  29076 S 401.0   4.5  61:14.94 java
   8272 root      20   0   12.6g 728940  29076 S 402.0   4.5  61:18.96 java
   8272 root      20   0   12.6g 728940  29076 S 395.0   4.5  61:22.91 java
   8272 root      20   0   12.6g 728940  29076 S 405.0   4.5  61:26.96 java
   8272 root      20   0   12.6g 728940  29076 S 405.0   4.5  61:31.