   7143 root      20   0 9218556 514684  29016 S 466.7   3.2  77:09.37 java
   7143 root      20   0 9218556 514684  29016 S 400.0   3.2  77:13.37 java
   7143 root      20   0 9218556 514684  29016 S 401.0   3.2  77:17.38 java
   7143 root      20   0 9218556 514684  29016 S 400.0   3.2  77:21.38 java
   7143 root      20   0 9218556 514856  29016 S 395.0   3.2  77:25.37 java
   7143 root      20   0 9218556 514856  29016 S 403.0   3.2  77:29.40 java
   7143 root      20   0 9218556 514856  29016 S 400.0   3.2  77:33.40 java
   7143 root      20   0 9218556 514856  29016 S 401.0   3.2  77:37.41 java
   7143 root      20   0 9218556 514856  29016 S 404.0   3.2  77:41.45 java
   7143 root      20   0 9218556 514856  29016 S 393.1   3.2  77:45.42 java
   7143 root      20   0 9218556 514856  29016 S 401.0   3.2  77:49.43 java
   7143 root      20   0 9218556 514856  29016 S 403.0   3.2  77:53.46 java
   7143 root      20   0 9218556 514856  29016 S 403.0   3.2  77:57.49 java
   7143 root      20   0 9218556 514856  29016 S 399.0   3.2  78:01.48 java
   7143 root      20   0 9218556 514856  29016 S 401.0   3.2  78:05.49 java
   7143 root      20   0 9218556 514856  29016 S 397.0   3.2  78:09.46 java
   7143 root      20   0 9218556 514856  29016 S 398.0   3.2  78:13.48 java
   7143 root      20   0 9218556 514856  29016 S 403.0   3.2  78:17.51 java
   7143 root      20   0 9218556 514856  29016 S 400.0   3.2  78:21.51 java
   7143 root      20   0 9218556 514856  29016 S 400.0   3.2  78:25.51 java
   7143 root      20   0 9218556 514856  29016 S 402.0   3.2  78:29.53 java
   7143 root      20   0 9218556 514856  29016 S 401.0   3.2  78:33.54 java
   7143 root      20   0 9218556 514856  29016 S 396.0   3.2  78:37.54 java
   7143 root      20   0 9218556 514856  29016 S 404.0   3.2  78:41.58 java
   7143 root      20   0 9218556 514856  29016 S 400.0   3.2  78:45.58 java
   7143 root      20   0 9218556 514856  29016 S 399.0   3.2  78:49.57 java
   7143 root      20   0 9218556 514856  29016 S 403.0   3.2  78:53.60 java
   7143 root      20   0 9218556 514856  29016 S 401.0   3.2  78:57.61 java
   7143 root      20   0 9218556 514856  29016 S 397.0   3.2  79:01.62 java
   7143 root      20   0 9218556 514856  29016 S 402.0   3.2  79:05.64 java
   7143 root      20   0 9218556 514856  29016 S 396.0   3.2  79:09.60 java
   7143 root      20   0 9218556 514856  29016 S 403.0   3.2  79:13.63 java
   7143 root      20   0 9218556 514856  29016 S 401.0   3.2  79:17.64 java
   7143 root      20   0 9218556 514856  29016 S 401.0   3.2  79:21.65 java
   7143 root      20   0 9218556 514856  29016 S 400.0   3.2  79:25.65 java
   7143 root      20   0 9218556 514856  29016 S 396.0   3.2  79:29.65 java
   7143 root      20   0 9218556 514856  29016 S 400.0   3.2  79:33.65 java
   7143 root      20   0 9218556 514856  29016 S 400.0   3.2  79:37.65 java
   7143 root      20   0 9218556 514856  29016 S 400.0   3.2  79:41.65 java
   7143 root      20   0 9218556 514856  29016 S 400.0   3.2  79:45.65 java
   7143 root      20   0 9218556 514856  29016 S 400.0   3.2  79:49.65 java
   7143 root      20   0 9218556 514856  29016 S 399.0   3.2  79:53.64 java
   7143 root      20   0 9218556 514856  29016 S 400.0   3.2  79:57.64 java
   7143 root      20   0 9218556 514856  29016 S 397.0   3.2  80:01.65 java
   7143 root      20   0 9218556 514856  29016 S 400.0   3.2  80:05.65 java
   7143 root      20   0 9218556 514856  29016 S 400.0   3.2  80:09.65 java
   7143 root      20   0 9218556 514856  29016 S 400.0   3.2  80:13.65 java
   7143 root      20   0 9218556 514856  29016 S 399.0   3.2  80:17.64 java
   7143 root      20   0 9218556 514856  29016 S 401.0   3.2  80:21.65 java
   7143 root      20   0 9218556 514856  29016 S 400.0   3.2  80:25.65 java
   7143 root      20   0 9218556 514856  29016 S 400.0   3.2  80:29.65 java
   7143 root      20   0 9218556 514856  29016 S 396.0   3.2  80:33.65 java
   7143 root      20   0 9218556 514856  29016 S 400.0   3.2  80:37.65 java
   7143 root      20   0 9218556 514856  29016 S 400.0   3.2  80:41.