   6970 root      20   0 9218556 393732  29116 S 266.7   2.4  16:41.07 java
   6970 root      20   0 9218556 393732  29116 S 259.0   2.4  16:43.66 java
   6970 root      20   0 9218556 393732  29116 S 253.0   2.4  16:46.19 java
   6970 root      20   0 9218556 393732  29116 S 256.0   2.4  16:48.75 java
   6970 root      20   0 9218556 393856  29116 S 252.0   2.4  16:51.27 java
   6970 root      20   0 9218556 394184  29116 S 250.0   2.4  16:53.77 java
   6970 root      20   0 9218556 394184  29116 S 252.5   2.4  16:56.32 java
   6970 root      20   0 9218556 394184  29116 S 255.0   2.4  16:58.87 java
   6970 root      20   0 9218556 394184  29116 S 259.0   2.4  17:01.46 java
   6970 root      20   0 9218556 394184  29116 S 256.0   2.4  17:04.02 java
   6970 root      20   0 9218556 394184  29116 S 255.0   2.4  17:06.57 java
   6970 root      20   0 9218556 394184  29116 S 247.0   2.4  17:09.04 java
   6970 root      20   0 9218556 394184  29116 S 253.0   2.4  17:11.57 java
   6970 root      20   0 9218556 394184  29116 S 255.0   2.4  17:14.12 java
   6970 root      20   0 9218556 394184  29116 S 254.5   2.4  17:16.69 java
   6970 root      20   0 9218556 394184  29116 S 258.0   2.4  17:19.27 java
   6970 root      20   0 9218556 394184  29116 S 262.0   2.4  17:21.89 java
   6970 root      20   0 9218556 394184  29116 S 253.0   2.4  17:24.42 java
   6970 root      20   0 9218556 394184  29116 S 262.0   2.4  17:27.04 java
   6970 root      20   0 9218556 394184  29116 S 257.0   2.4  17:29.61 java
   6970 root      20   0 9218556 394184  29116 S 255.0   2.4  17:32.16 java
   6970 root      20   0 9218556 394184  29116 S 260.0   2.4  17:34.76 java
   6970 root      20   0 9218556 394184  29116 S 254.0   2.4  17:37.30 java
   6970 root      20   0 9218556 394184  29116 S 252.5   2.4  17:39.85 java
   6970 root      20   0 9218556 394184  29116 S 255.0   2.4  17:42.40 java
   6970 root      20   0 9218556 394184  29116 S 262.0   2.4  17:45.02 java
   6970 root      20   0 9218556 394184  29116 S 255.0   2.4  17:47.57 java
   6970 root      20   0 9218556 394184  29116 S 254.0   2.4  17:50.11 java
   6970 root      20   0 9218556 394184  29116 S 261.0   2.4  17:52.72 java
   6970 root      20   0 9218556 394184  29116 S 262.0   2.4  17:55.34 java
   6970 root      20   0 9218556 394184  29116 S 266.0   2.4  17:58.00 java
   6970 root      20   0 9218556 394184  29116 S 261.4   2.4  18:00.64 java
   6970 root      20   0 9218556 394184  29116 S 263.0   2.4  18:03.27 java
   6970 root      20   0 9218556 394184  29116 S 260.0   2.4  18:05.87 java
   6970 root      20   0 9218556 394184  29116 S 261.0   2.4  18:08.48 java
   6970 root      20   0 9218556 394184  29116 S 257.0   2.4  18:11.05 java
   6970 root      20   0 9218556 394184  29116 S 257.0   2.4  18:13.62 java
   6970 root      20   0 9218556 394184  29116 S 261.0   2.4  18:16.23 java
   6970 root      20   0 9218556 394184  29116 S 251.0   2.4  18:18.74 java
   6970 root      20   0 9218556 394184  29116 S 259.0   2.4  18:21.33 java
   6970 root      20   0 9218556 394184  29116 S 256.4   2.4  18:23.92 java
   6970 root      20   0 9218556 394184  29116 S 249.0   2.4  18:26.41 java
   6970 root      20   0 9218556 394184  29116 S 255.0   2.4  18:28.96 java
   6970 root      20   0 9218556 394184  29116 S 257.0   2.4  18:31.53 java
   6970 root      20   0 9218556 394184  29116 S 263.0   2.4  18:34.16 java
   6970 root      20   0 9218556 394184  29116 S 255.0   2.4  18:36.71 java
   6970 root      20   0 9218556 394184  29116 S 259.0   2.4  18:39.30 java
   6970 root      20   0 9218556 394184  29116 S 256.0   2.4  18:41.86 java
   6970 root      20   0 9218556 394184  29116 S 253.5   2.4  18:44.42 java
   6970 root      20   0 9218556 394184  29116 S 248.0   2.4  18:46.90 java
   6970 root      20   0 9218556 394184  29116 S 248.0   2.4  18:49.38 java
   6970 root      20   0 9218556 394184  29116 S 254.0   2.4  18:51.92 java
   6970 root      20   0 9218556 394184  29116 S 257.0   2.4  18:54.49 java
   6970 root      20   0 9218556 394184  29116 S 251.0   2.4  18:57.