   7143 root      20   0 9218556 391484  29016 S  66.7   2.4  14:49.84 java
   7143 root      20   0 9218556 391484  29016 S 244.0   2.4  14:52.28 java
   7143 root      20   0 9218556 391484  29016 S 236.0   2.4  14:54.64 java
   7143 root      20   0 9218556 391484  29016 S 237.0   2.4  14:57.01 java
   7143 root      20   0 9218556 391484  29016 S 232.7   2.4  14:59.36 java
   7143 root      20   0 9218556 391484  29016 S 235.0   2.4  15:01.71 java
   7143 root      20   0 9218556 391772  29016 S 230.0   2.4  15:04.01 java
   7143 root      20   0 9218556 391772  29016 S 229.0   2.4  15:06.30 java
   7143 root      20   0 9218556 391772  29016 S 242.0   2.4  15:08.72 java
   7143 root      20   0 9218556 391772  29016 S 246.0   2.4  15:11.18 java
   7143 root      20   0 9218556 391772  29016 S 232.0   2.4  15:13.50 java
   7143 root      20   0 9218556 391772  29016 S 236.6   2.4  15:15.89 java
   7143 root      20   0 9218556 391772  29016 S 237.0   2.4  15:18.26 java
   7143 root      20   0 9218556 391772  29016 S 234.0   2.4  15:20.60 java
   7143 root      20   0 9218556 391772  29016 S 244.0   2.4  15:23.04 java
   7143 root      20   0 9218556 391772  29016 S 241.0   2.4  15:25.45 java
   7143 root      20   0 9218556 391772  29016 S 244.0   2.4  15:27.89 java
   7143 root      20   0 9218556 391772  29016 S 236.0   2.4  15:30.25 java
   7143 root      20   0 9218556 391772  29016 S 241.6   2.4  15:32.69 java
   7143 root      20   0 9218556 391772  29016 S 232.0   2.4  15:35.01 java
   7143 root      20   0 9218556 391772  29016 S 233.0   2.4  15:37.34 java
   7143 root      20   0 9218556 391772  29016 S 235.0   2.4  15:39.69 java
   7143 root      20   0 9218556 391772  29016 S 237.0   2.4  15:42.06 java
   7143 root      20   0 9218556 391772  29016 S 234.0   2.4  15:44.40 java
   7143 root      20   0 9218556 391772  29016 S 240.0   2.4  15:46.80 java
   7143 root      20   0 9218556 391772  29016 S 235.0   2.4  15:49.15 java
   7143 root      20   0 9218556 391772  29016 S 235.6   2.4  15:51.53 java
   7143 root      20   0 9218556 391772  29016 S 240.0   2.4  15:53.93 java
   7143 root      20   0 9218556 391772  29016 S 236.0   2.4  15:56.29 java
   7143 root      20   0 9218556 391772  29016 S 233.0   2.4  15:58.62 java
   7143 root      20   0 9218556 391772  29016 S 238.0   2.4  16:01.00 java
   7143 root      20   0 9218556 391772  29016 S 237.0   2.4  16:03.37 java
   7143 root      20   0 9218556 391772  29016 S 238.0   2.4  16:05.75 java
   7143 root      20   0 9218556 391772  29016 S 247.0   2.4  16:08.22 java
   7143 root      20   0 9218556 391772  29016 S 240.6   2.4  16:10.65 java
   7143 root      20   0 9218556 391772  29016 S 239.0   2.4  16:13.04 java
   7143 root      20   0 9218556 391772  29016 S 234.0   2.4  16:15.38 java
   7143 root      20   0 9218556 391772  29016 S 242.0   2.4  16:17.80 java
   7143 root      20   0 9218556 391772  29016 S 242.0   2.4  16:20.22 java
   7143 root      20   0 9218556 391772  29016 S 240.0   2.4  16:22.62 java
   7143 root      20   0 9218556 391772  29016 S 237.0   2.4  16:24.99 java
   7143 root      20   0 9218556 391772  29016 S 235.6   2.4  16:27.37 java
   7143 root      20   0 9218556 391772  29016 S 246.0   2.4  16:29.83 java
   7143 root      20   0 9218556 391772  29016 S 244.0   2.4  16:32.27 java
   7143 root      20   0 9218556 391772  29016 S 234.0   2.4  16:34.61 java
   7143 root      20   0 9218556 391772  29016 S 237.0   2.4  16:36.98 java
   7143 root      20   0 9218556 391772  29016 S 239.0   2.4  16:39.37 java
   7143 root      20   0 9218556 391772  29016 S 238.0   2.4  16:41.75 java
   7143 root      20   0 9218556 391772  29016 S 232.0   2.4  16:44.07 java
   7143 root      20   0 9218556 391772  29016 S 236.6   2.4  16:46.46 java
   7143 root      20   0 9218556 391772  29016 S 245.0   2.4  16:48.91 java
   7143 root      20   0 9218556 391772  29016 S 241.0   2.4  16:51.32 java
   7143 root      20   0 9218556 391772  29016 S 239.0   2.4  16:53.71 java
   7143 root      20   0 9218556 391772  29016 S 240.0   2.4  16:56.