   8272 root      20   0   12.6g 730288  29076 S 446.7   4.5  65:58.59 java
   8272 root      20   0   12.6g 730288  29076 S 396.0   4.5  66:02.59 java
   8272 root      20   0   12.6g 730288  29076 S 400.0   4.5  66:06.59 java
   8272 root      20   0   12.6g 730288  29076 S 400.0   4.5  66:10.59 java
   8272 root      20   0   12.6g 730288  29076 S 400.0   4.5  66:14.59 java
   8272 root      20   0   12.6g 730468  29076 S 400.0   4.5  66:18.59 java
   8272 root      20   0   12.6g 730704  29076 S 399.0   4.5  66:22.58 java
   8272 root      20   0   12.6g 730704  29076 S 401.0   4.5  66:26.59 java
   8272 root      20   0   12.6g 730704  29076 S 400.0   4.5  66:30.59 java
   8272 root      20   0   12.6g 730704  29076 S 396.0   4.5  66:34.59 java
   8272 root      20   0   12.6g 730960  29076 S 400.0   4.5  66:38.59 java
   8272 root      20   0   12.6g 730960  29076 S 400.0   4.5  66:42.59 java
   8272 root      20   0   12.6g 730960  29076 S 400.0   4.5  66:46.59 java
   8272 root      20   0   12.6g 730960  29076 S 400.0   4.5  66:50.59 java
   8272 root      20   0   12.6g 730960  29076 S 400.0   4.5  66:54.59 java
   8272 root      20   0   12.6g 730960  29076 S 399.0   4.5  66:58.58 java
   8272 root      20   0   12.6g 730960  29076 S 401.0   4.5  67:02.59 java
   8272 root      20   0   12.6g 730960  29076 S 397.0   4.5  67:06.60 java
   8272 root      20   0   12.6g 730960  29076 S 400.0   4.5  67:10.60 java
   8272 root      20   0   12.6g 730960  29076 S 400.0   4.5  67:14.60 java
   8272 root      20   0   12.6g 730960  29076 S 401.0   4.5  67:18.61 java
   8272 root      20   0   12.6g 730960  29076 S 401.0   4.5  67:22.62 java
   8272 root      20   0   12.6g 730960  29076 S 401.0   4.5  67:26.63 java
   8272 root      20   0   12.6g 730960  29076 S 401.0   4.5  67:30.64 java
   8272 root      20   0   12.6g 730960  29076 S 400.0   4.5  67:34.64 java
   8272 root      20   0   12.6g 730960  29076 S 400.0   4.5  67:38.64 java
   8272 root      20   0   12.6g 730960  29076 S 404.0   4.5  67:42.68 java
   8272 root      20   0   12.6g 730960  29076 S 396.0   4.5  67:46.68 java
   8272 root      20   0   12.6g 730960  29076 S 399.0   4.5  67:50.67 java
   8272 root      20   0   12.6g 730960  29076 S 404.0   4.5  67:54.71 java
   8272 root      20   0   12.6g 730960  29076 S 401.0   4.5  67:58.72 java
   8272 root      20   0   12.6g 730960  29076 S 401.0   4.5  68:02.73 java
   8272 root      20   0   12.6g 730960  29076 S 400.0   4.5  68:06.73 java
   8272 root      20   0   12.6g 730960  29076 S 398.0   4.5  68:10.71 java
   8272 root      20   0   12.6g 730960  29076 S 403.0   4.5  68:14.74 java
   8272 root      20   0   12.6g 730960  29076 S 400.0   4.5  68:18.74 java
   8272 root      20   0   12.6g 730960  29076 S 404.0   4.5  68:22.78 java
   8272 root      20   0   12.6g 730960  29076 S 394.1   4.5  68:26.76 java
   8272 root      20   0   12.6g 730960  29076 S 403.0   4.5  68:30.79 java
   8272 root      20   0   12.6g 730960  29076 S 403.0   4.5  68:34.82 java
   8272 root      20   0   12.6g 730960  29076 S 400.0   4.5  68:38.82 java
   8272 root      20   0   12.6g 730960  29076 S 401.0   4.5  68:42.83 java
   8272 root      20   0   12.6g 730960  29076 S 400.0   4.5  68:46.83 java
   8272 root      20   0   12.6g 730960  29076 S 401.0   4.5  68:50.84 java
   8272 root      20   0   12.6g 730960  29076 S 403.0   4.5  68:54.87 java
   8272 root      20   0   12.6g 730960  29076 S 395.0   4.5  68:58.82 java
   8272 root      20   0   12.6g 730960  29076 S 405.0   4.5  69:02.87 java
   8272 root      20   0   12.6g 730960  29076 S 398.0   4.5  69:06.89 java
   8272 root      20   0   12.6g 730960  29076 S 393.0   4.5  69:10.82 java
   8272 root      20   0   12.6g 730960  29076 S 401.0   4.5  69:14.83 java
   8272 root      20   0   12.6g 730960  29076 S 402.0   4.5  69:18.85 java
   8272 root      20   0   12.6g 730960  29076 S 409.0   4.5  69:22.94 java
   8272 root      20   0   12.6g 730960  29076 S 398.0   4.5  69:26.92 java
   8272 root      20   0   12.6g 730960  29076 S 405.0   4.5  69:30.