   7143 root      20   0 9218556 393292  29016 S  80.0   2.4  26:04.17 java
   7143 root      20   0 9218556 393292  29016 S 262.0   2.4  26:06.79 java
   7143 root      20   0 9218556 393292  29016 S 325.7   2.4  26:10.08 java
   7143 root      20   0 9218556 393292  29016 S 324.0   2.4  26:13.32 java
   7143 root      20   0 9218556 393292  29016 S 334.0   2.4  26:16.66 java
   7143 root      20   0 9218556 393624  29016 S 326.0   2.4  26:19.92 java
   7143 root      20   0 9218556 393940  29016 S 336.0   2.4  26:23.28 java
   7143 root      20   0 9218556 393940  29016 S 330.0   2.4  26:26.58 java
   7143 root      20   0 9218556 393940  29016 S 337.0   2.4  26:29.95 java
   7143 root      20   0 9218556 393940  29016 S 327.7   2.4  26:33.26 java
   7143 root      20   0 9218556 393940  29016 S 325.0   2.4  26:36.51 java
   7143 root      20   0 9218556 393940  29016 S 329.0   2.4  26:39.80 java
   7143 root      20   0 9218556 393940  29016 S 335.0   2.4  26:43.15 java
   7143 root      20   0 9218556 393940  29016 S 342.0   2.4  26:46.57 java
   7143 root      20   0 9218556 393940  29016 S 326.0   2.4  26:49.83 java
   7143 root      20   0 9218556 393940  29016 S 328.0   2.4  26:53.11 java
   7143 root      20   0 9218556 393940  29016 S 327.0   2.4  26:56.38 java
   7143 root      20   0 9218556 393940  29016 S 329.7   2.4  26:59.71 java
   7143 root      20   0 9218556 393940  29016 S 333.0   2.4  27:03.04 java
   7143 root      20   0 9218556 393940  29016 S 332.0   2.4  27:06.36 java
   7143 root      20   0 9218556 393940  29016 S 339.0   2.4  27:09.75 java
   7143 root      20   0 9218556 393940  29016 S 328.0   2.4  27:13.03 java
   7143 root      20   0 9218556 393940  29016 S 331.0   2.4  27:16.34 java
   7143 root      20   0 9218556 393940  29016 S 329.0   2.4  27:19.63 java
   7143 root      20   0 9218556 393940  29016 S 320.0   2.4  27:22.83 java
   7143 root      20   0 9218556 393940  29016 S 329.0   2.4  27:26.12 java
   7143 root      20   0 9218556 393940  29016 S 318.8   2.4  27:29.34 java
   7143 root      20   0 9218556 393940  29016 S 327.0   2.4  27:32.61 java
   7143 root      20   0 9218556 393940  29016 S 326.0   2.4  27:35.87 java
   7143 root      20   0 9218556 393940  29016 S 329.0   2.4  27:39.16 java
   7143 root      20   0 9218556 393940  29016 S 328.0   2.4  27:42.44 java
   7143 root      20   0 9218556 393940  29016 S 331.0   2.4  27:45.75 java
   7143 root      20   0 9218556 393940  29016 S 339.6   2.4  27:49.18 java
   7143 root      20   0 9218556 393940  29016 S 348.0   2.4  27:52.66 java
   7143 root      20   0 9218556 393940  29016 S 336.0   2.4  27:56.02 java
   7143 root      20   0 9218556 393940  29016 S 330.0   2.4  27:59.32 java
   7143 root      20   0 9218556 393940  29016 S 328.0   2.4  28:02.60 java
   7143 root      20   0 9218556 393940  29016 S 328.7   2.4  28:05.92 java
   7143 root      20   0 9218556 393940  29016 S 324.0   2.4  28:09.16 java
   7143 root      20   0 9218556 393940  29016 S 331.0   2.4  28:12.47 java
   7143 root      20   0 9218556 393940  29016 S 328.0   2.4  28:15.75 java
   7143 root      20   0 9218556 393940  29016 S 333.0   2.4  28:19.08 java
   7143 root      20   0 9218556 393940  29016 S 331.0   2.4  28:22.39 java
   7143 root      20   0 9218556 393940  29016 S 329.0   2.4  28:25.68 java
   7143 root      20   0 9218556 393940  29016 S 329.7   2.4  28:29.01 java
   7143 root      20   0 9218556 393940  29016 S 336.0   2.4  28:32.37 java
   7143 root      20   0 9218556 393940  29016 S 329.0   2.4  28:35.66 java
   7143 root      20   0 9218556 393940  29016 S 328.0   2.4  28:38.94 java
   7143 root      20   0 9218556 393940  29016 S 325.0   2.4  28:42.19 java
   7143 root      20   0 9218556 393940  29016 S 345.0   2.4  28:45.64 java
   7143 root      20   0 9218556 393940  29016 S 325.7   2.4  28:48.93 java
   7143 root      20   0 9218556 393940  29016 S 325.0   2.4  28:52.18 java
   7143 root      20   0 9218556 393940  29016 S 325.0   2.4  28:55.43 java
   7143 root      20   0 9218556 393940  29016 S 327.0   2.4  28:58.