   8272 root      20   0   12.6g 695996  29076 S 446.7   4.3  25:59.21 java
   8272 root      20   0   12.6g 695996  29076 S 400.0   4.3  26:03.21 java
   8272 root      20   0   12.6g 695996  29076 S 396.0   4.3  26:07.21 java
   8272 root      20   0   12.6g 695996  29076 S 400.0   4.3  26:11.21 java
   8272 root      20   0   12.6g 697508  29076 S 400.0   4.3  26:15.21 java
   8272 root      20   0   12.6g 698012  29076 S 400.0   4.3  26:19.21 java
   8272 root      20   0   12.6g 698548  29076 S 400.0   4.3  26:23.21 java
   8272 root      20   0   12.6g 698796  29076 S 400.0   4.3  26:27.21 java
   8272 root      20   0   12.6g 698796  29076 S 399.0   4.3  26:31.20 java
   8272 root      20   0   12.6g 698924  29076 S 397.0   4.3  26:35.21 java
   8272 root      20   0   12.6g 698924  29076 S 400.0   4.3  26:39.21 java
   8272 root      20   0   12.6g 698924  29076 S 400.0   4.3  26:43.21 java
   8272 root      20   0   12.6g 699704  29076 S 400.0   4.3  26:47.21 java
   8272 root      20   0   12.6g 699704  29076 S 400.0   4.3  26:51.21 java
   8272 root      20   0   12.6g 699704  29076 S 400.0   4.3  26:55.21 java
   8272 root      20   0   12.6g 699704  29076 S 400.0   4.3  26:59.21 java
   8272 root      20   0   12.6g 699860  29076 S 400.0   4.3  27:03.21 java
   8272 root      20   0   12.6g 701528  29076 S 396.0   4.3  27:07.21 java
   8272 root      20   0   12.6g 701628  29076 S 401.0   4.3  27:11.22 java
   8272 root      20   0   12.6g 701628  29076 S 401.0   4.3  27:15.23 java
   8272 root      20   0   12.6g 701628  29076 S 401.0   4.3  27:19.24 java
   8272 root      20   0   12.6g 701628  29076 S 400.0   4.3  27:23.24 java
   8272 root      20   0   12.6g 701716  29076 S 402.0   4.3  27:27.26 java
   8272 root      20   0   12.6g 702216  29076 S 400.0   4.3  27:31.26 java
   8272 root      20   0   12.6g 702216  29076 S 401.0   4.3  27:35.27 java
   8272 root      20   0   12.6g 702216  29076 S 400.0   4.3  27:39.27 java
   8272 root      20   0   12.6g 702216  29076 S 401.0   4.3  27:43.28 java
   8272 root      20   0   12.6g 702284  29076 S 401.0   4.3  27:47.33 java
   8272 root      20   0   12.6g 702284  29076 S 399.0   4.3  27:51.32 java
   8272 root      20   0   12.6g 702284  29076 S 401.0   4.3  27:55.33 java
   8272 root      20   0   12.6g 702284  29076 S 401.0   4.3  27:59.34 java
   8272 root      20   0   12.6g 702284  29076 S 400.0   4.3  28:03.34 java
   8272 root      20   0   12.6g 702284  29076 S 399.0   4.3  28:07.33 java
   8272 root      20   0   12.6g 702284  29076 S 404.0   4.3  28:11.37 java
   8272 root      20   0   12.6g 702576  29076 S 399.0   4.3  28:15.36 java
   8272 root      20   0   12.6g 702576  29076 S 399.0   4.3  28:19.35 java
   8272 root      20   0   12.6g 702804  29076 S 407.0   4.3  28:23.42 java
   8272 root      20   0   12.6g 702804  29076 S 394.1   4.3  28:27.40 java
   8272 root      20   0   12.6g 702804  29076 S 402.0   4.3  28:31.42 java
   8272 root      20   0   12.6g 702804  29076 S 400.0   4.3  28:35.42 java
   8272 root      20   0   12.6g 703260  29076 S 397.0   4.3  28:39.39 java
   8272 root      20   0   12.6g 703260  29076 S 403.0   4.3  28:43.42 java
   8272 root      20   0   12.6g 703260  29076 S 402.0   4.3  28:47.44 java
   8272 root      20   0   12.6g 703260  29076 S 406.0   4.3  28:51.50 java
   8272 root      20   0   12.6g 703260  29076 S 397.0   4.3  28:55.47 java
   8272 root      20   0   12.6g 703360  29076 S 400.0   4.3  28:59.47 java
   8272 root      20   0   12.6g 703360  29076 S 397.0   4.3  29:03.44 java
   8272 root      20   0   12.6g 703360  29076 S 403.0   4.3  29:07.51 java
   8272 root      20   0   12.6g 703360  29076 S 394.0   4.3  29:11.45 java
   8272 root      20   0   12.6g 703472  29076 S 401.0   4.3  29:15.46 java
   8272 root      20   0   12.6g 703472  29076 S 405.0   4.3  29:19.51 java
   8272 root      20   0   12.6g 703472  29076 S 400.0   4.3  29:23.51 java
   8272 root      20   0   12.6g 703472  29076 S 402.0   4.3  29:27.53 java
   8272 root      20   0   12.6g 703472  29076 S 401.0   4.3  29:31.