   7143 root      20   0 9218556 385640  29016 S   0.0   2.4   1:06.54 java
   7143 root      20   0 9218556 385640  29016 S   0.0   2.4   1:06.54 java
   7143 root      20   0 9218556 385640  29016 S   0.0   2.4   1:06.54 java
   7143 root      20   0 9218556 385640  29016 S   0.0   2.4   1:06.54 java
   7143 root      20   0 9218556 385640  29016 S   0.0   2.4   1:06.54 java
   7143 root      20   0 9218556 385672  29016 S   0.0   2.4   1:06.54 java
   7143 root      20   0 9218556 385672  29016 S   0.0   2.4   1:06.54 java
   7143 root      20   0 9218556 385672  29016 S   0.0   2.4   1:06.54 java
   7143 root      20   0 9218556 385672  29016 S   0.0   2.4   1:06.54 java
   7143 root      20   0 9218556 385672  29016 S   0.0   2.4   1:06.54 java
   7143 root      20   0 9218556 386392  29016 S  37.0   2.4   1:06.91 java
   7143 root      20   0 9218556 386592  29016 S  80.0   2.4   1:07.71 java
   7143 root      20   0 9218556 386592  29016 S  86.0   2.4   1:08.57 java
   7143 root      20   0 9218556 386592  29016 S  84.0   2.4   1:09.41 java
   7143 root      20   0 9218556 386592  29016 S  83.0   2.4   1:10.24 java
   7143 root      20   0 9218556 386592  29016 S  88.1   2.4   1:11.13 java
   7143 root      20   0 9218556 386592  29016 S  92.0   2.4   1:12.05 java
   7143 root      20   0 9218556 386592  29016 S  90.0   2.4   1:12.95 java
   7143 root      20   0 9218556 386592  29016 S  89.0   2.4   1:13.84 java
   7143 root      20   0 9218556 386592  29016 S  87.0   2.4   1:14.71 java
   7143 root      20   0 9218556 386592  29016 S  89.0   2.4   1:15.60 java
   7143 root      20   0 9218556 386592  29016 S  91.0   2.4   1:16.51 java
   7143 root      20   0 9218556 386592  29016 S  91.0   2.4   1:17.42 java
   7143 root      20   0 9218556 386592  29016 S  89.0   2.4   1:18.31 java
   7143 root      20   0 9218556 386592  29016 S  88.1   2.4   1:19.20 java
   7143 root      20   0 9218556 386592  29016 S  89.0   2.4   1:20.09 java
   7143 root      20   0 9218556 386592  29016 S  91.0   2.4   1:21.00 java
   7143 root      20   0 9218556 386592  29016 S  87.0   2.4   1:21.87 java
   7143 root      20   0 9218556 386964  29016 S  87.0   2.4   1:22.74 java
   7143 root      20   0 9218556 386964  29016 S  86.0   2.4   1:23.60 java
   7143 root      20   0 9218556 386964  29016 S  88.0   2.4   1:24.48 java
   7143 root      20   0 9218556 386964  29016 S  88.0   2.4   1:25.36 java
   7143 root      20   0 9218556 386964  29016 S  89.0   2.4   1:26.25 java
   7143 root      20   0 9218556 387112  29016 S  88.1   2.4   1:27.14 java
   7143 root      20   0 9218556 387112  29016 S  87.0   2.4   1:28.01 java
   7143 root      20   0 9218556 387112  29016 S  89.0   2.4   1:28.90 java
   7143 root      20   0 9218556 387112  29016 S  90.0   2.4   1:29.80 java
   7143 root      20   0 9218556 387112  29016 S  86.0   2.4   1:30.66 java
   7143 root      20   0 9218556 387112  29016 S  85.0   2.4   1:31.51 java
   7143 root      20   0 9218556 387112  29016 S  83.0   2.4   1:32.34 java
   7143 root      20   0 9218556 387112  29016 S  87.0   2.4   1:33.21 java
   7143 root      20   0 9218556 387112  29016 S  87.1   2.4   1:34.09 java
   7143 root      20   0 9218556 387112  29016 S  89.0   2.4   1:34.98 java
   7143 root      20   0 9218556 387112  29016 S  89.0   2.4   1:35.87 java
   7143 root      20   0 9218556 387112  29016 S  88.0   2.4   1:36.75 java
   7143 root      20   0 9218556 387112  29016 S  90.0   2.4   1:37.65 java
   7143 root      20   0 9218556 387112  29016 S  87.0   2.4   1:38.52 java
   7143 root      20   0 9218556 387112  29016 S  88.0   2.4   1:39.40 java
   7143 root      20   0 9218556 387112  29016 S  89.0   2.4   1:40.29 java
   7143 root      20   0 9218556 387112  29016 S  87.0   2.4   1:41.16 java
   7143 root      20   0 9218556 387112  29016 S  89.1   2.4   1:42.06 java
   7143 root      20   0 9218556 387112  29016 S  87.0   2.4   1:42.93 java
   7143 root      20   0 9218556 387112  29016 S  87.0   2.4   1:43.80 java
   7143 root      20   0 9218556 387112  29016 S  90.0   2.4   1:44.