   7143 root      20   0 9218556 448952  29016 S  53.3   2.8  57:08.80 java
   7143 root      20   0 9218556 448952  29016 S 390.1   2.8  57:12.74 java
   7143 root      20   0 9218556 448952  29016 S 401.0   2.8  57:16.75 java
   7143 root      20   0 9218556 448952  29016 S 403.0   2.8  57:20.78 java
   7143 root      20   0 9218556 449424  29016 S 398.0   2.8  57:24.80 java
   7143 root      20   0 9218556 449424  29016 S 401.0   2.8  57:28.81 java
   7143 root      20   0 9218556 449424  29016 S 402.0   2.8  57:32.83 java
   7143 root      20   0 9218556 449424  29016 S 400.0   2.8  57:36.83 java
   7143 root      20   0 9218556 449424  29016 S 397.0   2.8  57:40.84 java
   7143 root      20   0 9218556 449424  29016 S 402.0   2.8  57:44.86 java
   7143 root      20   0 9218556 449424  29016 S 402.0   2.8  57:48.88 java
   7143 root      20   0 9218556 449424  29016 S 400.0   2.8  57:52.88 java
   7143 root      20   0 9218556 449424  29016 S 400.0   2.8  57:56.88 java
   7143 root      20   0 9218556 449424  29016 S 400.0   2.8  58:00.88 java
   7143 root      20   0 9218556 449424  29016 S 403.0   2.8  58:04.91 java
   7143 root      20   0 9218556 449424  29016 S 395.0   2.8  58:08.90 java
   7143 root      20   0 9218556 449424  29016 S 399.0   2.8  58:12.89 java
   7143 root      20   0 9218556 449424  29016 S 403.0   2.8  58:16.92 java
   7143 root      20   0 9218556 449424  29016 S 400.0   2.8  58:20.92 java
   7143 root      20   0 9218556 449424  29016 S 402.0   2.8  58:24.94 java
   7143 root      20   0 9218556 449424  29016 S 397.0   2.8  58:28.91 java
   7143 root      20   0 9218556 449424  29016 S 403.0   2.8  58:32.94 java
   7143 root      20   0 9218556 449424  29016 S 402.0   2.8  58:36.96 java
   7143 root      20   0 9218556 449424  29016 S 399.0   2.8  58:40.99 java
   7143 root      20   0 9218556 449424  29016 S 400.0   2.8  58:44.99 java
   7143 root      20   0 9218556 449424  29016 S 399.0   2.8  58:48.98 java
   7143 root      20   0 9218556 449424  29016 S 400.0   2.8  58:52.98 java
   7143 root      20   0 9218556 449424  29016 S 402.0   2.8  58:57.00 java
   7143 root      20   0 9218556 449424  29016 S 401.0   2.8  59:01.01 java
   7143 root      20   0 9218556 449424  29016 S 399.0   2.8  59:05.00 java
   7143 root      20   0 9218556 449424  29016 S 398.0   2.8  59:09.02 java
   7143 root      20   0 9218556 449424  29016 S 401.0   2.8  59:13.03 java
   7143 root      20   0 9218556 449424  29016 S 402.0   2.8  59:17.05 java
   7143 root      20   0 9218556 449424  29016 S 401.0   2.8  59:21.06 java
   7143 root      20   0 9218556 449424  29016 S 400.0   2.8  59:25.06 java
   7143 root      20   0 9218556 449424  29016 S 400.0   2.8  59:29.06 java
   7143 root      20   0 9218556 449424  29016 S 396.0   2.8  59:33.06 java
   7143 root      20   0 9218556 449424  29016 S 400.0   2.8  59:37.06 java
   7143 root      20   0 9218556 449424  29016 S 400.0   2.8  59:41.06 java
   7143 root      20   0 9218556 449424  29016 S 400.0   2.8  59:45.06 java
   7143 root      20   0 9218556 449424  29016 S 399.0   2.8  59:49.05 java
   7143 root      20   0 9218556 449424  29016 S 400.0   2.8  59:53.05 java
   7143 root      20   0 9218556 449424  29016 S 400.0   2.8  59:57.05 java
   7143 root      20   0 9218556 449424  29016 S 401.0   2.8  60:01.06 java
   7143 root      20   0 9218556 449424  29016 S 395.0   2.8  60:05.05 java
   7143 root      20   0 9218556 449600  29016 S 400.0   2.8  60:09.05 java
   7143 root      20   0 9218556 449600  29016 S 400.0   2.8  60:13.05 java
   7143 root      20   0 9218556 449600  29016 S 400.0   2.8  60:17.05 java
   7143 root      20   0 9218556 449600  29016 S 401.0   2.8  60:21.06 java
   7143 root      20   0 9218556 449600  29016 S 399.0   2.8  60:25.05 java
   7143 root      20   0 9218556 449600  29016 S 400.0   2.8  60:29.05 java
   7143 root      20   0 9218556 449600  29016 S 400.0   2.8  60:33.05 java
   7143 root      20   0 9218556 449600  29016 S 396.0   2.8  60:37.05 java
   7143 root      20   0 9218556 449600  29016 S 401.0   2.8  60:41.