  18949 1001      20   0 5696244 430592  47228 S 100.0   2.6  21:16.61 application
  18949 1001      20   0 5696244 430856  47228 S 406.0   2.6  21:20.67 application
  18949 1001      20   0 5697268 431384  47228 S 396.0   2.6  21:24.67 application
  18949 1001      20   0 5749516 434816  47228 S 400.0   2.7  21:28.67 application
  18949 1001      20   0 5749516 434816  47228 S 400.0   2.7  21:32.67 application
  18949 1001      20   0 5749516 435080  47228 S 400.0   2.7  21:36.67 application
  18949 1001      20   0 5751564 436400  47228 S 400.0   2.7  21:40.67 application
  18949 1001      20   0 5751564 436664  47228 S 400.0   2.7  21:44.67 application
  18949 1001      20   0 5751564 436664  47228 S 400.0   2.7  21:48.67 application
  18949 1001      20   0 5751564 436664  47228 S 396.0   2.7  21:52.67 application
  18949 1001      20   0 5751564 436664  47228 S 402.0   2.7  21:56.69 application
  18949 1001      20   0 5751564 436664  47228 S 400.0   2.7  22:00.69 application
  18949 1001      20   0 5752588 436928  47228 S 401.0   2.7  22:04.70 application
  18949 1001      20   0 5752588 437192  47228 S 400.0   2.7  22:08.70 application
  18949 1001      20   0 5752588 437456  47228 S 402.0   2.7  22:12.72 application
  18949 1001      20   0 5753612 437716  47228 S 401.0   2.7  22:16.73 application
  18949 1001      20   0 5753612 438500  47228 S 400.0   2.7  22:20.73 application
  18949 1001      20   0 5753612 438764  47228 S 402.0   2.7  22:24.75 application
  18949 1001      20   0 5754636 439028  47228 S 399.0   2.7  22:28.74 application
  18949 1001      20   0 5754636 439292  47228 S 403.0   2.7  22:32.77 application
  18949 1001      20   0 5754636 439820  47228 S 397.0   2.7  22:36.78 application
  18949 1001      20   0 5755660 440348  47228 S 399.0   2.7  22:40.77 application
  18949 1001      20   0 5755660 441140  47228 S 404.0   2.7  22:44.81 application
  18949 1001      20   0 5756684 441404  47228 S 402.0   2.7  22:48.83 application
  18949 1001      20   0 5756684 442192  47228 S 401.0   2.7  22:52.84 application
  18949 1001      20   0 5756684 442716  47228 S 402.0   2.7  22:56.86 application
  18949 1001      20   0 5757708 442716  47228 S 403.0   2.7  23:00.89 application
  18949 1001      20   0 5757708 442980  47228 S 397.0   2.7  23:04.86 application
  18949 1001      20   0 5757708 443508  47228 S 399.0   2.7  23:08.85 application
  18949 1001      20   0 5758732 443772  47228 S 401.0   2.7  23:12.86 application
  18949 1001      20   0 5758732 444300  47228 S 395.0   2.7  23:16.85 application
  18949 1001      20   0 5758732 444564  47228 S 402.0   2.7  23:20.87 application
  18949 1001      20   0 5759756 444824  47228 S 400.0   2.7  23:24.87 application
  18949 1001      20   0 5710580 446368  47228 S 400.0   2.7  23:28.87 application
  18949 1001      20   0 5710580 446368  47228 S 397.0   2.7  23:32.84 application
  18949 1001      20   0 5711604 446368  47228 S 405.0   2.7  23:36.89 application
  18949 1001      20   0 5711604 446632  47228 S 398.0   2.7  23:40.87 application
  18949 1001      20   0 5711604 447160  47228 S 403.0   2.7  23:44.90 application
  18949 1001      20   0 5711604 447684  47228 S 404.0   2.7  23:48.94 application
  18949 1001      20   0 5712628 448472  47228 S 395.0   2.7  23:52.93 application
  18949 1001      20   0 5712628 448736  47228 S 408.0   2.8  23:57.01 application
  18949 1001      20   0 5713652 449264  47228 S 392.0   2.8  24:00.93 application
  18949 1001      20   0 5713652 449524  47228 S 405.0   2.8  24:04.98 application
  18949 1001      20   0 5714676 449524  47228 S 405.0   2.8  24:09.03 application
  18949 1001      20   0 5714676 450052  47228 S 399.0   2.8  24:13.02 application
  18949 1001      20   0 5714676 450052  47228 S 398.0   2.8  24:17.00 application
  18949 1001      20   0 5715700 450052  47228 S 403.0   2.8  24:21.03 application
  18949 1001      20   0 5715700 450576  47228 S 397.0   2.8  24:25.00 application
  18949 1001      20   0 5715700 450840  47228 S 397.0   2.8  24:28.97 application
  18949 1001      20   0 5716