  18949 1001      20   0 6384432 537872  47228 S 146.7   3.3  37:16.19 application
  18949 1001      20   0 6385456 538400  47228 S 407.0   3.3  37:20.26 application
  18949 1001      20   0 6385456 539188  47228 S 399.0   3.3  37:24.25 application
  18949 1001      20   0 6386480 539452  47228 S 400.0   3.3  37:28.25 application
  18949 1001      20   0 6386480 540244  47228 S 397.0   3.3  37:32.26 application
  18949 1001      20   0 6683456 542084  47228 S 399.0   3.3  37:36.25 application
  18949 1001      20   0 6683456 542344  47228 S 400.0   3.3  37:40.25 application
  18949 1001      20   0 6683456 542344  47228 S 401.0   3.3  37:44.26 application
  18949 1001      20   0 6684480 542608  47228 S 400.0   3.3  37:48.26 application
  18949 1001      20   0 6684480 543136  47228 S 399.0   3.3  37:52.25 application
  18949 1001      20   0 6685504 543400  47228 S 400.0   3.3  37:56.25 application
  18949 1001      20   0 6685504 543928  47228 S 400.0   3.3  38:00.25 application
  18949 1001      20   0 6685504 544192  47228 S 397.0   3.3  38:04.26 application
  18949 1001      20   0 6686528 544456  47228 S 400.0   3.3  38:08.26 application
  18949 1001      20   0 6686528 544984  47228 S 402.0   3.3  38:12.28 application
  18949 1001      20   0 6687552 546040  47228 S 401.0   3.3  38:16.29 application
  18949 1001      20   0 6687552 546040  47228 S 401.0   3.3  38:20.30 application
  18949 1001      20   0 6687552 546568  47228 S 399.0   3.4  38:24.29 application
  18949 1001      20   0 6688576 546832  47228 S 403.0   3.4  38:28.32 application
  18949 1001      20   0 6688576 547360  47228 S 400.0   3.4  38:32.32 application
  18949 1001      20   0 6690624 548416  47228 S 401.0   3.4  38:36.33 application
  18949 1001      20   0 6690624 548680  47228 S 397.0   3.4  38:40.34 application
  18949 1001      20   0 6690624 549204  47228 S 403.0   3.4  38:44.37 application
  18949 1001      20   0 6690624 549464  47228 S 400.0   3.4  38:48.37 application
  18949 1001      20   0 6690624 549464  47228 S 399.0   3.4  38:52.36 application
  18949 1001      20   0 6691648 549464  47228 S 405.0   3.4  38:56.41 application
  18949 1001      20   0 6691648 549992  47228 S 401.0   3.4  39:00.42 application
  18949 1001      20   0 6691648 550520  47228 S 401.0   3.4  39:04.43 application
  18949 1001      20   0 6692672 551312  47228 S 402.0   3.4  39:08.45 application
  18949 1001      20   0 6692672 551840  47228 S 400.0   3.4  39:12.45 application
  18949 1001      20   0 6693696 552104  47228 S 402.0   3.4  39:16.47 application
  18949 1001      20   0 6694720 552896  47228 S 401.0   3.4  39:20.48 application
  18949 1001      20   0 6694720 553160  47228 S 398.0   3.4  39:24.50 application
  18949 1001      20   0 6694720 553160  47228 S 394.0   3.4  39:28.44 application
  18949 1001      20   0 6694720 553160  47228 S 404.0   3.4  39:32.48 application
  18949 1001      20   0 6687548 554216  47228 S 398.0   3.4  39:36.46 application
  18949 1001      20   0 6687548 554480  47228 S 410.0   3.4  39:40.56 application
  18949 1001      20   0 6688572 555000  47228 S 396.0   3.4  39:44.52 application
  18949 1001      20   0 6688572 555788  47228 S 404.0   3.4  39:48.56 application
  18949 1001      20   0 6688572 556316  47228 S 400.0   3.4  39:52.56 application
  18949 1001      20   0 6690620 557900  47228 S 395.0   3.4  39:56.51 application
  18949 1001      20   0 6690620 558428  47228 S 407.0   3.4  40:00.58 application
  18949 1001      20   0 6690620 558692  47228 S 397.0   3.4  40:04.59 application
  18949 1001      20   0 6690620 558692  47228 S 393.0   3.4  40:08.52 application
  18949 1001      20   0 6690620 558692  47228 S 409.0   3.4  40:12.61 application
  18949 1001      20   0 6683448 559148  47228 S 404.0   3.4  40:16.65 application
  18949 1001      20   0 6683448 559408  47228 S 394.0   3.4  40:20.59 application
  18949 1001      20   0 6684472 559916  47228 S 400.0   3.4  40:24.59 application
  18949 1001      20   0 7146328 563876  47228 S 406.0   3.5  40:28.65 application
  18949 1001      20   0 7147