  18273 1001      20   0 1345964 370152  42904 S 186.7   2.3  55:24.57 application
  18273 1001      20   0 1345964 370152  42904 S 404.0   2.3  55:28.61 application
  18273 1001      20   0 1345964 370680  42904 S 401.0   2.3  55:32.62 application
  18273 1001      20   0 1345964 370680  42904 S 400.0   2.3  55:36.62 application
  18273 1001      20   0 1345964 370680  42904 S 400.0   2.3  55:40.62 application
  18273 1001      20   0 1345964 370680  42904 S 398.0   2.3  55:44.64 application
  18273 1001      20   0 1346988 370944  42904 S 402.0   2.3  55:48.66 application
  18273 1001      20   0 1346988 371208  42904 S 401.0   2.3  55:52.67 application
  18273 1001      20   0 1346988 371208  42904 S 400.0   2.3  55:56.67 application
  18273 1001      20   0 1346988 371208  42904 S 402.0   2.3  56:00.69 application
  18273 1001      20   0 1346988 371208  42904 S 401.0   2.3  56:04.70 application
  18273 1001      20   0 1346988 371208  42904 S 395.0   2.3  56:08.69 application
  18273 1001      20   0 1346988 371208  42904 S 404.0   2.3  56:12.73 application
  18273 1001      20   0 1346988 371208  42904 S 399.0   2.3  56:16.72 application
  18273 1001      20   0 1346988 371472  42904 S 404.0   2.3  56:20.76 application
  18273 1001      20   0 1346988 371736  42904 S 399.0   2.3  56:24.75 application
  18273 1001      20   0 1346988 371736  42904 S 401.0   2.3  56:28.76 application
  18273 1001      20   0 1346988 372000  42904 S 399.0   2.3  56:32.79 application
  18273 1001      20   0 1346988 372000  42904 S 400.0   2.3  56:36.79 application
  18273 1001      20   0 1348012 372000  42904 S 401.0   2.3  56:40.80 application
  18273 1001      20   0 1348012 372000  42904 S 402.0   2.3  56:44.82 application
  18273 1001      20   0 1348012 372000  42904 S 399.0   2.3  56:48.81 application
  18273 1001      20   0 1348012 372264  42904 S 401.0   2.3  56:52.82 application
  18273 1001      20   0 1348012 372264  42904 S 401.0   2.3  56:56.83 application
  18273 1001      20   0 1348012 372264  42904 S 399.0   2.3  57:00.82 application
  18273 1001      20   0 1348012 372264  42904 S 398.0   2.3  57:04.84 application
  18273 1001      20   0 1348012 372528  42904 S 402.0   2.3  57:08.86 application
  18273 1001      20   0 1348012 372528  42904 S 402.0   2.3  57:12.88 application
  18273 1001      20   0 1348012 372528  42904 S 402.0   2.3  57:16.90 application
  18273 1001      20   0 1348012 372528  42904 S 401.0   2.3  57:20.91 application
  18273 1001      20   0 1348012 372528  42904 S 400.0   2.3  57:24.91 application
  18273 1001      20   0 1349036 372528  42904 S 398.0   2.3  57:28.89 application
  18273 1001      20   0 1349036 372792  42904 S 404.0   2.3  57:32.93 application
  18273 1001      20   0 1349036 372792  42904 S 396.0   2.3  57:36.93 application
  18273 1001      20   0 1349036 373056  42904 S 401.0   2.3  57:40.94 application
  18273 1001      20   0 1349036 373320  42904 S 398.0   2.3  57:44.92 application
  18273 1001      20   0 1349036 373320  42904 S 402.0   2.3  57:48.94 application
  18273 1001      20   0 1349036 373320  42904 S 402.0   2.3  57:52.96 application
  18273 1001      20   0 1349036 373320  42904 S 400.0   2.3  57:56.96 application
  18273 1001      20   0 1349036 373320  42904 S 400.0   2.3  58:00.96 application
  18273 1001      20   0 1349036 373320  42904 S 399.0   2.3  58:04.95 application
  18273 1001      20   0 1349036 373320  42904 S 401.0   2.3  58:08.96 application
  18273 1001      20   0 1349036 373584  42904 S 396.0   2.3  58:12.96 application
  18273 1001      20   0 1349036 373848  42904 S 399.0   2.3  58:16.95 application
  18273 1001      20   0 1350060 373848  42904 S 401.0   2.3  58:20.96 application
  18273 1001      20   0 1350060 373848  42904 S 400.0   2.3  58:24.96 application
  18273 1001      20   0 1350060 374112  42904 S 400.0   2.3  58:28.96 application
  18273 1001      20   0 1350060 374376  42904 S 400.0   2.3  58:32.96 application
  18273 1001      20   0 1350060 374376  42904 S 400.0   2.3  58:36.96 application
  18273 1001      20   0 1350