  18273 1001      20   0 1339820 364344  42904 S   0.0   2.2  51:24.38 application
  18273 1001      20   0 1340844 364872  42904 S 397.0   2.2  51:28.35 application
  18273 1001      20   0 1340844 365400  42904 S 402.0   2.2  51:32.37 application
  18273 1001      20   0 1340844 365400  42904 S 397.0   2.2  51:36.38 application
  18273 1001      20   0 1340844 365400  42904 S 402.0   2.2  51:40.40 application
  18273 1001      20   0 1340844 365400  42904 S 397.0   2.2  51:44.37 application
  18273 1001      20   0 1340844 365400  42904 S 405.0   2.2  51:48.42 application
  18273 1001      20   0 1340844 365400  42904 S 400.0   2.2  51:52.42 application
  18273 1001      20   0 1340844 365400  42904 S 400.0   2.2  51:56.42 application
  18273 1001      20   0 1340844 365400  42904 S 399.0   2.2  52:00.45 application
  18273 1001      20   0 1340844 365400  42904 S 400.0   2.2  52:04.45 application
  18273 1001      20   0 1340844 365400  42904 S 402.0   2.2  52:08.47 application
  18273 1001      20   0 1341868 365400  42904 S 401.0   2.2  52:12.48 application
  18273 1001      20   0 1341868 365664  42904 S 400.0   2.2  52:16.48 application
  18273 1001      20   0 1341868 365928  42904 S 399.0   2.2  52:20.47 application
  18273 1001      20   0 1341868 365928  42904 S 406.0   2.2  52:24.53 application
  18273 1001      20   0 1341868 365928  42904 S 397.0   2.2  52:28.54 application
  18273 1001      20   0 1341868 365928  42904 S 398.0   2.2  52:32.52 application
  18273 1001      20   0 1341868 366192  42904 S 403.0   2.2  52:36.55 application
  18273 1001      20   0 1341868 366456  42904 S 400.0   2.2  52:40.55 application
  18273 1001      20   0 1341868 366456  42904 S 400.0   2.2  52:44.55 application
  18273 1001      20   0 1341868 366456  42904 S 400.0   2.2  52:48.55 application
  18273 1001      20   0 1341868 366456  42904 S 400.0   2.2  52:52.55 application
  18273 1001      20   0 1341868 366456  42904 S 396.0   2.2  52:56.55 application
  18273 1001      20   0 1342892 366720  42904 S 400.0   2.2  53:00.55 application
  18273 1001      20   0 1342892 366984  42904 S 400.0   2.3  53:04.55 application
  18273 1001      20   0 1342892 367248  42904 S 400.0   2.3  53:08.55 application
  18273 1001      20   0 1342892 367248  42904 S 400.0   2.3  53:12.55 application
  18273 1001      20   0 1342892 367248  42904 S 400.0   2.3  53:16.55 application
  18273 1001      20   0 1342892 367248  42904 S 400.0   2.3  53:20.55 application
  18273 1001      20   0 1342892 367248  42904 S 400.0   2.3  53:24.55 application
  18273 1001      20   0 1342892 367248  42904 S 396.0   2.3  53:28.55 application
  18273 1001      20   0 1342892 367248  42904 S 400.0   2.3  53:32.55 application
  18273 1001      20   0 1342892 367512  42904 S 400.0   2.3  53:36.55 application
  18273 1001      20   0 1342892 367512  42904 S 400.0   2.3  53:40.55 application
  18273 1001      20   0 1342892 367776  42904 S 399.0   2.3  53:44.54 application
  18273 1001      20   0 1343916 367776  42904 S 401.0   2.3  53:48.55 application
  18273 1001      20   0 1343916 367776  42904 S 400.0   2.3  53:52.55 application
  18273 1001      20   0 1343916 368040  42904 S 400.0   2.3  53:56.55 application
  18273 1001      20   0 1343916 368040  42904 S 400.0   2.3  54:00.55 application
  18273 1001      20   0 1343916 368040  42904 S 395.0   2.3  54:04.54 application
  18273 1001      20   0 1343916 368040  42904 S 401.0   2.3  54:08.55 application
  18273 1001      20   0 1343916 368040  42904 S 399.0   2.3  54:12.54 application
  18273 1001      20   0 1343916 368040  42904 S 401.0   2.3  54:16.55 application
  18273 1001      20   0 1343916 368040  42904 S 400.0   2.3  54:20.55 application
  18273 1001      20   0 1343916 368040  42904 S 400.0   2.3  54:24.55 application
  18273 1001      20   0 1343916 368304  42904 S 400.0   2.3  54:28.55 application
  18273 1001      20   0 1343916 368568  42904 S 400.0   2.3  54:32.55 application
  18273 1001      20   0 1343916 368568  42904 S 395.0   2.3  54:36.54 application
  18273 1001      20   0 1344