  18949 1001      20   0 3243664 345092  47100 S   0.0   2.1   6:07.76 application
  18949 1001      20   0 3244688 345620  47100 S 303.0   2.1   6:10.79 application
  18949 1001      20   0 3244688 345880  47100 S 318.0   2.1   6:13.97 application
  18949 1001      20   0 3244688 345880  47100 S 314.9   2.1   6:17.15 application
  18949 1001      20   0 3245712 345880  47100 S 318.0   2.1   6:20.33 application
  18949 1001      20   0 3245712 346144  47100 S 318.0   2.1   6:23.51 application
  18949 1001      20   0 3245712 346144  47100 S 315.0   2.1   6:26.66 application
  18949 1001      20   0 3245712 346144  47100 S 321.0   2.1   6:29.87 application
  18949 1001      20   0 3245712 346144  47100 S 315.0   2.1   6:33.02 application
  18949 1001      20   0 3245712 346144  47100 S 318.0   2.1   6:36.20 application
  18949 1001      20   0 3245712 346144  47100 S 312.0   2.1   6:39.32 application
  18949 1001      20   0 3246736 346144  47100 S 315.0   2.1   6:42.47 application
  18949 1001      20   0 3246736 346408  47100 S 312.9   2.1   6:45.63 application
  18949 1001      20   0 3246736 346672  47100 S 315.0   2.1   6:48.78 application
  18949 1001      20   0 3246736 347200  47100 S 311.0   2.1   6:51.89 application
  18949 1001      20   0 3246736 347200  47100 S 322.0   2.1   6:55.11 application
  18949 1001      20   0 3246736 347200  47100 S 316.0   2.1   6:58.27 application
  18949 1001      20   0 3247760 347460  47100 S 314.0   2.1   7:01.41 application
  18949 1001      20   0 3247760 347460  47100 S 310.0   2.1   7:04.51 application
  18949 1001      20   0 3247760 347460  47100 S 314.0   2.1   7:07.65 application
  18949 1001      20   0 3247760 347724  47100 S 313.0   2.1   7:10.78 application
  18949 1001      20   0 3247760 348252  47100 S 317.0   2.1   7:13.95 application
  18949 1001      20   0 3247760 348952  47100 S 318.0   2.1   7:17.13 application
  18949 1001      20   0 3247760 349216  47100 S 308.9   2.1   7:20.25 application
  18949 1001      20   0 3248784 349480  47100 S 316.0   2.1   7:23.41 application
  18949 1001      20   0 3248784 349480  47100 S 317.0   2.1   7:26.58 application
  18949 1001      20   0 3248784 349740  47100 S 315.0   2.1   7:29.73 application
  18949 1001      20   0 3248784 349740  47100 S 318.0   2.1   7:32.91 application
  18949 1001      20   0 3248784 350004  47100 S 312.0   2.1   7:36.03 application
  18949 1001      20   0 3248784 350004  47100 S 318.0   2.1   7:39.21 application
  18949 1001      20   0 3249808 350004  47100 S 318.0   2.1   7:42.39 application
  18949 1001      20   0 3249808 350004  47100 S 315.0   2.1   7:45.54 application
  18949 1001      20   0 3249808 350264  47100 S 317.0   2.1   7:48.71 application
  18949 1001      20   0 3249808 350708  47100 S 312.9   2.2   7:51.87 application
  18949 1001      20   0 3249808 350968  47100 S 315.0   2.2   7:55.02 application
  18949 1001      20   0 3249808 351232  47100 S 314.0   2.2   7:58.16 application
  18949 1001      20   0 3249808 351232  47100 S 316.0   2.2   8:01.32 application
  18949 1001      20   0 3250832 352024  47100 S 315.0   2.2   8:04.47 application
  18949 1001      20   0 3250832 352024  47100 S 316.0   2.2   8:07.63 application
  18949 1001      20   0 3250832 352552  47100 S 318.0   2.2   8:10.81 application
  18949 1001      20   0 3250832 352552  47100 S 314.0   2.2   8:13.95 application
  18949 1001      20   0 3250832 352552  47100 S 316.0   2.2   8:17.11 application
  18949 1001      20   0 3251856 352552  47100 S 316.8   2.2   8:20.31 application
  18949 1001      20   0 3251856 352816  47100 S 309.0   2.2   8:23.40 application
  18949 1001      20   0 3251856 352816  47100 S 316.0   2.2   8:26.56 application
  18949 1001      20   0 3251856 353080  47100 S 315.0   2.2   8:29.71 application
  18949 1001      20   0 3251856 353080  47100 S 321.0   2.2   8:32.92 application
  18949 1001      20   0 3251856 353080  47100 S 266.0   2.2   8:35.58 application
  18949 1001      20   0 3251856 353080  47100 S 327.0   2.2   8:38.85 application
  18949 1001      20   0 3252