  18949 1001      20   0 2911860 333456  47100 S   0.0   2.0   2:58.61 application
  18949 1001      20   0 2912884 334248  47100 S 296.0   2.0   3:01.57 application
  18949 1001      20   0 2912884 334512  47100 S 319.0   2.1   3:04.76 application
  18949 1001      20   0 3159692 335036  47100 S 314.0   2.1   3:07.90 application
  18949 1001      20   0 3234448 336356  47100 S 305.0   2.1   3:10.95 application
  18949 1001      20   0 3235472 336620  47100 S 312.0   2.1   3:14.07 application
  18949 1001      20   0 3235472 336620  47100 S 305.9   2.1   3:17.16 application
  18949 1001      20   0 3235472 336880  47100 S 309.0   2.1   3:20.25 application
  18949 1001      20   0 3235472 336880  47100 S 322.0   2.1   3:23.47 application
  18949 1001      20   0 3235472 336880  47100 S 316.0   2.1   3:26.63 application
  18949 1001      20   0 3235472 336880  47100 S 316.0   2.1   3:29.79 application
  18949 1001      20   0 3236496 337140  47100 S 315.0   2.1   3:32.94 application
  18949 1001      20   0 3236496 337140  47100 S 320.0   2.1   3:36.14 application
  18949 1001      20   0 3236496 337404  47100 S 311.0   2.1   3:39.25 application
  18949 1001      20   0 3236496 337668  47100 S 317.0   2.1   3:42.42 application
  18949 1001      20   0 3236496 337668  47100 S 317.8   2.1   3:45.63 application
  18949 1001      20   0 3236496 337668  47100 S 313.0   2.1   3:48.76 application
  18949 1001      20   0 3236496 337668  47100 S 321.0   2.1   3:51.97 application
  18949 1001      20   0 3237520 337668  47100 S 314.0   2.1   3:55.11 application
  18949 1001      20   0 3237520 337928  47100 S 318.0   2.1   3:58.29 application
  18949 1001      20   0 3237520 338192  47100 S 316.0   2.1   4:01.45 application
  18949 1001      20   0 3237520 338192  47100 S 315.0   2.1   4:04.60 application
  18949 1001      20   0 3237520 338456  47100 S 320.0   2.1   4:07.80 application
  18949 1001      20   0 3237520 338720  47100 S 322.0   2.1   4:11.02 application
  18949 1001      20   0 3238544 338984  47100 S 313.0   2.1   4:14.15 application
  18949 1001      20   0 3238544 339248  47100 S 321.0   2.1   4:17.36 application
  18949 1001      20   0 3238544 339248  47100 S 317.8   2.1   4:20.57 application
  18949 1001      20   0 3238544 339248  47100 S 316.0   2.1   4:23.73 application
  18949 1001      20   0 3238544 339508  47100 S 322.0   2.1   4:26.95 application
  18949 1001      20   0 3238544 339772  47100 S 320.0   2.1   4:30.15 application
  18949 1001      20   0 3238544 339772  47100 S 316.0   2.1   4:33.31 application
  18949 1001      20   0 3239568 340036  47100 S 322.0   2.1   4:36.53 application
  18949 1001      20   0 3239568 340300  47100 S 316.0   2.1   4:39.69 application
  18949 1001      20   0 3239568 340300  47100 S 308.0   2.1   4:42.77 application
  18949 1001      20   0 3239568 340616  47100 S 305.0   2.1   4:45.82 application
  18949 1001      20   0 3239568 340616  47100 S 316.0   2.1   4:48.98 application
  18949 1001      20   0 3239568 340616  47100 S 316.8   2.1   4:52.18 application
  18949 1001      20   0 3240592 340880  47100 S 318.0   2.1   4:55.36 application
  18949 1001      20   0 3240592 341144  47100 S 323.0   2.1   4:58.59 application
  18949 1001      20   0 3240592 341144  47100 S 321.0   2.1   5:01.80 application
  18949 1001      20   0 3240592 341404  47100 S 318.0   2.1   5:04.98 application
  18949 1001      20   0 3240592 341932  47100 S 314.0   2.1   5:08.12 application
  18949 1001      20   0 3240592 342196  47100 S 305.0   2.1   5:11.17 application
  18949 1001      20   0 3240592 342456  47100 S 316.0   2.1   5:14.33 application
  18949 1001      20   0 3241616 342720  47100 S 320.0   2.1   5:17.53 application
  18949 1001      20   0 3241616 342984  47100 S 313.9   2.1   5:20.70 application
  18949 1001      20   0 3241616 342984  47100 S 314.0   2.1   5:23.84 application
  18949 1001      20   0 3241616 343248  47100 S 313.0   2.1   5:26.97 application
  18949 1001      20   0 3241616 343248  47100 S 311.0   2.1   5:30.08 application
  18949 1001      20   0 3241