   5631 root      20   0 9220604 598816  29068 S 180.0   3.7  87:24.16 java
   5631 root      20   0 9220604 598816  29068 S 409.0   3.7  87:28.25 java
   5631 root      20   0 9220604 598864  29068 S 401.0   3.7  87:32.26 java
   5631 root      20   0 9220604 598864  29068 S 399.0   3.7  87:36.25 java
   5631 root      20   0 9220604 598864  29068 S 400.0   3.7  87:40.25 java
   5631 root      20   0 9220604 599356  29068 S 396.0   3.7  87:44.25 java
   5631 root      20   0 9220604 599356  29068 S 400.0   3.7  87:48.25 java
   5631 root      20   0 9220604 599356  29068 S 400.0   3.7  87:52.25 java
   5631 root      20   0 9220604 599356  29068 S 400.0   3.7  87:56.25 java
   5631 root      20   0 9220604 599356  29068 S 400.0   3.7  88:00.25 java
   5631 root      20   0 9220604 599356  29068 S 400.0   3.7  88:04.25 java
   5631 root      20   0 9220604 599356  29068 S 400.0   3.7  88:08.25 java
   5631 root      20   0 9220604 599356  29068 S 396.0   3.7  88:12.25 java
   5631 root      20   0 9220604 599356  29068 S 401.0   3.7  88:16.26 java
   5631 root      20   0 9220604 599356  29068 S 400.0   3.7  88:20.26 java
   5631 root      20   0 9220604 599356  29068 S 401.0   3.7  88:24.27 java
   5631 root      20   0 9220604 599356  29068 S 401.0   3.7  88:28.28 java
   5631 root      20   0 9220604 599356  29068 S 401.0   3.7  88:32.29 java
   5631 root      20   0 9220604 599356  29068 S 401.0   3.7  88:36.30 java
   5631 root      20   0 9220604 599356  29068 S 400.0   3.7  88:40.30 java
   5631 root      20   0 9220604 599356  29068 S 401.0   3.7  88:44.31 java
   5631 root      20   0 9220604 599356  29068 S 396.0   3.7  88:48.31 java
   5631 root      20   0 9220604 599356  29068 S 401.0   3.7  88:52.32 java
   5631 root      20   0 9220604 599356  29068 S 401.0   3.7  88:56.33 java
   5631 root      20   0 9220604 599356  29068 S 402.0   3.7  89:00.35 java
   5631 root      20   0 9220604 599356  29068 S 399.0   3.7  89:04.34 java
   5631 root      20   0 9220604 599356  29068 S 402.0   3.7  89:08.36 java
   5631 root      20   0 9220604 599356  29068 S 401.0   3.7  89:12.37 java
   5631 root      20   0 9220604 599356  29068 S 397.0   3.7  89:16.38 java
   5631 root      20   0 9220604 599356  29068 S 400.0   3.7  89:20.38 java
   5631 root      20   0 9220604 599356  29068 S 401.0   3.7  89:24.39 java
   5631 root      20   0 9220604 599356  29068 S 401.0   3.7  89:28.40 java
   5631 root      20   0 9220604 599356  29068 S 401.0   3.7  89:32.41 java
   5631 root      20   0 9220604 599356  29068 S 398.0   3.7  89:36.39 java
   5631 root      20   0 9220604 599356  29068 S 404.0   3.7  89:40.43 java
   5631 root      20   0 9220604 599356  29068 S 399.0   3.7  89:44.42 java
   5631 root      20   0 9220604 599356  29068 S 400.0   3.7  89:48.42 java
   5631 root      20   0 9220604 599356  29068 S 399.0   3.7  89:52.45 java
   5631 root      20   0 9220604 599356  29068 S 399.0   3.7  89:56.44 java
   5631 root      20   0 9220604 599356  29068 S 401.0   3.7  90:00.45 java
   5631 root      20   0 9220604 599356  29068 S 400.0   3.7  90:04.45 java
   5631 root      20   0 9220604 599356  29068 S 402.0   3.7  90:08.47 java
   5631 root      20   0 9220604 599356  29068 S 400.0   3.7  90:12.47 java
   5631 root      20   0 9220604 599356  29068 S 402.0   3.7  90:16.49 java
   5631 root      20   0 9220604 599356  29068 S 397.0   3.7  90:20.50 java
   5631 root      20   0 9220604 599356  29068 S 400.0   3.7  90:24.50 java
   5631 root      20   0 9220604 599356  29068 S 401.0   3.7  90:28.51 java
   5631 root      20   0 9220604 599356  29068 S 400.0   3.7  90:32.51 java
   5631 root      20   0 9220604 599356  29068 S 401.0   3.7  90:36.52 java
   5631 root      20   0 9220604 599356  29068 S 400.0   3.7  90:40.52 java
   5631 root      20   0 9220604 599356  29068 S 402.0   3.7  90:44.54 java
   5631 root      20   0 9220604 599356  29068 S 400.0   3.7  90:48.54 java
   5631 root      20   0 9220604 599356  29068 S 397.0   3.7  90:52.55 java
   5631 root      20   0 9220604 599356  29068 S 400.0   3.7  90:56.