   6798 root      20   0   13.6g 638728  29028 S 375.0   3.9  22:00.25 java
   6798 root      20   0   13.6g 661488  29028 S 397.0   4.1  22:04.22 java
   6798 root      20   0   13.6g 661488  29028 S 395.0   4.1  22:08.17 java
   6798 root      20   0   13.6g 661488  29028 S 400.0   4.1  22:12.17 java
   6798 root      20   0   13.6g 661488  29028 S 403.0   4.1  22:16.20 java
   6798 root      20   0   13.6g 661488  29028 S 400.0   4.1  22:20.20 java
   6798 root      20   0   13.6g 661676  29028 S 399.0   4.1  22:24.19 java
   6798 root      20   0   13.6g 661676  29028 S 401.0   4.1  22:28.20 java
   6798 root      20   0   13.6g 661676  29028 S 399.0   4.1  22:32.19 java
   6798 root      20   0   13.6g 661676  29028 S 402.0   4.1  22:36.21 java
   6798 root      20   0   13.6g 661676  29028 S 399.0   4.1  22:40.20 java
   6798 root      20   0   13.6g 661956  29028 S 397.0   4.1  22:44.21 java
   6798 root      20   0   13.6g 661956  29028 S 401.0   4.1  22:48.22 java
   6798 root      20   0   13.6g 661956  29028 S 399.0   4.1  22:52.21 java
   6798 root      20   0   13.6g 661956  29028 S 403.0   4.1  22:56.24 java
   6798 root      20   0   13.6g 661956  29028 S 397.0   4.1  23:00.21 java
   6798 root      20   0   13.6g 661980  29028 S 398.0   4.1  23:04.19 java
   6798 root      20   0   13.6g 662264  29028 S 405.0   4.1  23:08.24 java
   6798 root      20   0   13.6g 662264  29028 S 400.0   4.1  23:12.24 java
   6798 root      20   0   13.6g 662264  29028 S 401.0   4.1  23:16.25 java
   6798 root      20   0   13.6g 662264  29028 S 399.0   4.1  23:20.24 java
   6798 root      20   0   13.6g 662512  29028 S 396.0   4.1  23:24.24 java
   6798 root      20   0   13.6g 662512  29028 S 399.0   4.1  23:28.23 java
   6798 root      20   0   13.6g 662512  29028 S 402.0   4.1  23:32.25 java
   6798 root      20   0   13.6g 662512  29028 S 399.0   4.1  23:36.24 java
   6798 root      20   0   13.6g 662512  29028 S 400.0   4.1  23:40.24 java
   6798 root      20   0   13.6g 662512  29028 S 401.0   4.1  23:44.25 java
   6798 root      20   0   13.6g 662512  29028 S 399.0   4.1  23:48.24 java
   6798 root      20   0   13.6g 663884  29028 S 401.0   4.1  23:52.25 java
   6798 root      20   0   13.6g 663884  29028 S 395.0   4.1  23:56.24 java
   6798 root      20   0   13.6g 663884  29028 S 400.0   4.1  24:00.24 java
   6798 root      20   0   13.6g 663884  29028 S 400.0   4.1  24:04.24 java
   6798 root      20   0   13.6g 663960  29028 S 400.0   4.1  24:08.24 java
   6798 root      20   0   13.6g 663960  29028 S 400.0   4.1  24:12.24 java
   6798 root      20   0   13.6g 663960  29028 S 401.0   4.1  24:16.25 java
   6798 root      20   0   13.6g 663960  29028 S 400.0   4.1  24:20.25 java
   6798 root      20   0   13.6g 663960  29028 S 400.0   4.1  24:24.25 java
   6798 root      20   0   13.6g 663960  29028 S 396.0   4.1  24:28.25 java
   6798 root      20   0   13.6g 664212  29028 S 399.0   4.1  24:32.24 java
   6798 root      20   0   13.6g 664212  29028 S 401.0   4.1  24:36.25 java
   6798 root      20   0   13.6g 664212  29028 S 399.0   4.1  24:40.24 java
   6798 root      20   0   13.6g 664212  29028 S 400.0   4.1  24:44.24 java
   6798 root      20   0   13.6g 664420  29028 S 401.0   4.1  24:48.25 java
   6798 root      20   0   13.6g 664420  29028 S 399.0   4.1  24:52.24 java
   6798 root      20   0   13.6g 664524  29028 S 397.0   4.1  24:56.25 java
   6798 root      20   0   13.6g 664524  29028 S 401.0   4.1  25:00.26 java
   6798 root      20   0   13.6g 664524  29028 S 401.0   4.1  25:04.27 java
   6798 root      20   0   13.6g 664624  29028 S 400.0   4.1  25:08.27 java
   6798 root      20   0   13.6g 664624  29028 S 400.0   4.1  25:12.27 java
   6798 root      20   0   13.6g 664728  29028 S 403.0   4.1  25:16.30 java
   6798 root      20   0   13.6g 664728  29028 S 402.0   4.1  25:20.32 java
   6798 root      20   0   13.6g 664728  29028 S 401.0   4.1  25:24.33 java
   6798 root      20   0   13.6g 664728  29028 S 401.0   4.1  25:28.34 java
   6798 root      20   0   13.6g 664728  29028 S 401.0   4.1  25:32.