   6798 root      20   0   13.6g 605348  29028 S 286.7   3.7  10:39.32 java
   6798 root      20   0   13.6g 600884  29028 S 314.0   3.7  10:42.46 java
   6798 root      20   0   13.6g 600884  29028 S 380.0   3.7  10:46.26 java
   6798 root      20   0   13.6g 600884  29028 S 375.0   3.7  10:50.01 java
   6798 root      20   0   13.6g 600884  29028 S 379.0   3.7  10:53.80 java
   6798 root      20   0   13.6g 601048  29028 S 375.0   3.7  10:57.55 java
   6798 root      20   0   13.6g 601048  29028 S 379.0   3.7  11:01.34 java
   6798 root      20   0   13.6g 601204  29028 S 380.0   3.7  11:05.14 java
   6798 root      20   0   13.6g 601940  29028 S 376.0   3.7  11:08.90 java
   6798 root      20   0   13.6g 602944  29028 S 376.2   3.7  11:12.70 java
   6798 root      20   0   13.6g 602944  29028 S 376.0   3.7  11:16.46 java
   6798 root      20   0   13.6g 602944  29028 S 380.0   3.7  11:20.26 java
   6798 root      20   0   13.6g 602944  29028 S 380.0   3.7  11:24.06 java
   6798 root      20   0   13.6g 603276  29028 S 377.0   3.7  11:27.83 java
   6798 root      20   0   13.6g 603648  29028 S 379.0   3.7  11:31.62 java
   6798 root      20   0   13.6g 603868  29028 S 379.0   3.7  11:35.41 java
   6798 root      20   0   13.6g 603868  29028 S 378.0   3.7  11:39.19 java
   6798 root      20   0   13.6g 603868  29028 S 381.0   3.7  11:43.00 java
   6798 root      20   0   13.6g 603960  29028 S 380.0   3.7  11:46.80 java
   6798 root      20   0   13.6g 604200  29028 S 379.0   3.7  11:50.59 java
   6798 root      20   0   13.6g 604308  29028 S 376.2   3.7  11:54.39 java
   6798 root      20   0   13.6g 604308  29028 S 380.0   3.7  11:58.19 java
   6798 root      20   0   13.6g 604308  29028 S 379.0   3.7  12:01.98 java
   6798 root      20   0   13.6g 604308  29028 S 381.0   3.7  12:05.79 java
   6798 root      20   0   13.6g 604452  29028 S 377.0   3.7  12:09.56 java
   6798 root      20   0   13.6g 604452  29028 S 379.0   3.7  12:13.35 java
   6798 root      20   0   13.6g 604452  29028 S 377.0   3.7  12:17.12 java
   6798 root      20   0   13.6g 604676  29028 S 378.0   3.7  12:20.90 java
   6798 root      20   0   13.6g 604676  29028 S 380.0   3.7  12:24.70 java
   6798 root      20   0   13.6g 604676  29028 S 381.0   3.7  12:28.51 java
   6798 root      20   0   13.6g 604908  29028 S 373.3   3.7  12:32.28 java
   6798 root      20   0   13.6g 604908  29028 S 379.0   3.7  12:36.07 java
   6798 root      20   0   13.6g 604908  29028 S 380.0   3.7  12:39.87 java
   6798 root      20   0   13.6g 604908  29028 S 379.0   3.7  12:43.66 java
   6798 root      20   0   13.6g 604908  29028 S 381.0   3.7  12:47.47 java
   6798 root      20   0   13.6g 604908  29028 S 381.0   3.7  12:51.28 java
   6798 root      20   0   13.6g 604908  29028 S 379.0   3.7  12:55.07 java
   6798 root      20   0   13.6g 604908  29028 S 380.0   3.7  12:58.87 java
   6798 root      20   0   13.6g 604908  29028 S 380.0   3.7  13:02.67 java
   6798 root      20   0   13.6g 604908  29028 S 375.2   3.7  13:06.46 java
   6798 root      20   0   13.6g 604908  29028 S 380.0   3.7  13:10.26 java
   6798 root      20   0   13.6g 605040  29028 S 380.0   3.7  13:14.06 java
   6798 root      20   0   13.6g 605040  29028 S 377.0   3.7  13:17.83 java
   6798 root      20   0   13.6g 605188  29028 S 379.0   3.7  13:21.62 java
   6798 root      20   0   13.6g 605520  29028 S 379.0   3.7  13:25.41 java
   6798 root      20   0   13.6g 605680  29028 S 377.0   3.7  13:29.18 java
   6798 root      20   0   13.6g 605872  29028 S 382.0   3.7  13:33.00 java
   6798 root      20   0   13.6g 605872  29028 S 381.0   3.7  13:36.81 java
   6798 root      20   0   13.6g 605872  29028 S 379.0   3.7  13:40.60 java
   6798 root      20   0   13.6g 605872  29028 S 380.0   3.7  13:44.40 java
   6798 root      20   0   13.6g 606620  29028 S 375.2   3.7  13:48.19 java
   6798 root      20   0   13.6g 606620  29028 S 378.0   3.7  13:51.97 java
   6798 root      20   0   13.6g 606744  29028 S 382.0   3.7  13:55.79 java
   6798 root      20   0   13.6g 606744  29028 S 379.0   3.7  13:59.