   5631 root      20   0 9220604 604144  29068 S 200.0   3.7  63:24.64 java
   5631 root      20   0 9220604 604144  29068 S 408.0   3.7  63:28.72 java
   5631 root      20   0 9220604 604144  29068 S 400.0   3.7  63:32.72 java
   5631 root      20   0 9220604 604144  29068 S 400.0   3.7  63:36.72 java
   5631 root      20   0 9220604 604144  29068 S 395.0   3.7  63:40.71 java
   5631 root      20   0 9220604 604456  29068 S 401.0   3.7  63:44.72 java
   5631 root      20   0 9220604 604456  29068 S 400.0   3.7  63:48.72 java
   5631 root      20   0 9220604 604456  29068 S 399.0   3.7  63:52.71 java
   5631 root      20   0 9220604 604456  29068 S 400.0   3.7  63:56.71 java
   5631 root      20   0 9220604 604456  29068 S 401.0   3.7  64:00.72 java
   5631 root      20   0 9220604 604456  29068 S 400.0   3.7  64:04.72 java
   5631 root      20   0 9220604 604456  29068 S 399.0   3.7  64:08.71 java
   5631 root      20   0 9220604 604456  29068 S 401.0   3.7  64:12.72 java
   5631 root      20   0 9220604 604456  29068 S 396.0   3.7  64:16.72 java
   5631 root      20   0 9220604 604456  29068 S 401.0   3.7  64:20.73 java
   5631 root      20   0 9220604 604456  29068 S 400.0   3.7  64:24.73 java
   5631 root      20   0 9220604 604456  29068 S 400.0   3.7  64:28.73 java
   5631 root      20   0 9220604 604456  29068 S 401.0   3.7  64:32.74 java
   5631 root      20   0 9220604 604456  29068 S 402.0   3.7  64:36.76 java
   5631 root      20   0 9220604 604456  29068 S 400.0   3.7  64:40.76 java
   5631 root      20   0 9220604 604456  29068 S 401.0   3.7  64:44.77 java
   5631 root      20   0 9220604 604456  29068 S 397.0   3.7  64:48.78 java
   5631 root      20   0 9220604 604456  29068 S 400.0   3.7  64:52.78 java
   5631 root      20   0 9220604 604456  29068 S 401.0   3.7  64:56.79 java
   5631 root      20   0 9220604 604456  29068 S 401.0   3.7  65:00.80 java
   5631 root      20   0 9220604 604456  29068 S 402.0   3.7  65:04.82 java
   5631 root      20   0 9220604 604456  29068 S 399.0   3.7  65:08.81 java
   5631 root      20   0 9220604 604456  29068 S 402.0   3.7  65:12.83 java
   5631 root      20   0 9220604 604456  29068 S 401.0   3.7  65:16.84 java
   5631 root      20   0 9220604 604456  29068 S 397.0   3.7  65:20.85 java
   5631 root      20   0 9220604 604456  29068 S 400.0   3.7  65:24.85 java
   5631 root      20   0 9220604 604456  29068 S 401.0   3.7  65:28.86 java
   5631 root      20   0 9220604 604456  29068 S 399.0   3.7  65:32.85 java
   5631 root      20   0 9220604 604456  29068 S 403.0   3.7  65:36.88 java
   5631 root      20   0 9220604 604456  29068 S 398.0   3.7  65:40.86 java
   5631 root      20   0 9220604 604456  29068 S 403.0   3.7  65:44.89 java
   5631 root      20   0 9220604 604456  29068 S 400.0   3.7  65:48.89 java
   5631 root      20   0 9220604 604456  29068 S 400.0   3.7  65:52.89 java
   5631 root      20   0 9220604 604456  29068 S 402.0   3.7  65:56.91 java
   5631 root      20   0 9220604 604456  29068 S 395.0   3.7  66:00.90 java
   5631 root      20   0 9220604 604456  29068 S 403.0   3.7  66:04.93 java
   5631 root      20   0 9220604 604456  29068 S 402.0   3.7  66:08.95 java
   5631 root      20   0 9220604 604456  29068 S 399.0   3.7  66:12.94 java
   5631 root      20   0 9220604 604456  29068 S 401.0   3.7  66:16.95 java
   5631 root      20   0 9220604 604456  29068 S 400.0   3.7  66:20.95 java
   5631 root      20   0 9220604 604456  29068 S 400.0   3.7  66:24.95 java
   5631 root      20   0 9220604 604456  29068 S 398.0   3.7  66:28.97 java
   5631 root      20   0 9220604 604456  29068 S 400.0   3.7  66:32.97 java
   5631 root      20   0 9220604 604456  29068 S 402.0   3.7  66:36.99 java
   5631 root      20   0 9220604 604456  29068 S 400.0   3.7  66:40.99 java
   5631 root      20   0 9220604 604456  29068 S 401.0   3.7  66:45.00 java
   5631 root      20   0 9220604 604456  29068 S 398.0   3.7  66:48.98 java
   5631 root      20   0 9220604 604456  29068 S 402.0   3.7  66:53.00 java
   5631 root      20   0 9220604 604456  29068 S 399.0   3.7  66:56.