   5631 root      20   0 9218556 392468  29068 S 180.0   2.4   0:44.97 java
   5631 root      20   0 9218556 392732  29068 S  73.3   2.4   0:45.71 java
   5631 root      20   0 9218556 392732  29068 S  38.0   2.4   0:46.09 java
   5631 root      20   0 9218556 392732  29068 S  37.0   2.4   0:46.46 java
   5631 root      20   0 9218556 392732  29068 S  36.0   2.4   0:46.82 java
   5631 root      20   0 9218556 392732  29068 S  38.0   2.4   0:47.20 java
   5631 root      20   0 9218556 392744  29068 S  37.0   2.4   0:47.57 java
   5631 root      20   0 9218556 392744  29068 S  41.0   2.4   0:47.98 java
   5631 root      20   0 9218556 392744  29068 S  37.6   2.4   0:48.36 java
   5631 root      20   0 9218556 392744  29068 S  37.0   2.4   0:48.73 java
   5631 root      20   0 9218556 392744  29068 S  38.0   2.4   0:49.11 java
   5631 root      20   0 9218556 392744  29068 S  38.0   2.4   0:49.49 java
   5631 root      20   0 9218556 392744  29068 S  37.0   2.4   0:49.86 java
   5631 root      20   0 9218556 392744  29068 S  37.0   2.4   0:50.23 java
   5631 root      20   0 9218556 392744  29068 S  38.0   2.4   0:50.61 java
   5631 root      20   0 9218556 392744  29068 S  37.6   2.4   0:50.99 java
   5631 root      20   0 9218556 392744  29068 S  40.0   2.4   0:51.39 java
   5631 root      20   0 9218556 392744  29068 S  38.0   2.4   0:51.77 java
   5631 root      20   0 9218556 392744  29068 S  40.0   2.4   0:52.17 java
   5631 root      20   0 9218556 392744  29068 S  37.0   2.4   0:52.54 java
   5631 root      20   0 9218556 392744  29068 S  38.0   2.4   0:52.92 java
   5631 root      20   0 9218556 392744  29068 S  37.0   2.4   0:53.29 java
   5631 root      20   0 9218556 392744  29068 S  38.0   2.4   0:53.67 java
   5631 root      20   0 9218556 392744  29068 S  37.6   2.4   0:54.05 java
   5631 root      20   0 9218556 392848  29068 S  38.0   2.4   0:54.43 java
   5631 root      20   0 9218556 392848  29068 S  39.0   2.4   0:54.82 java
   5631 root      20   0 9218556 392848  29068 S  39.0   2.4   0:55.21 java
   5631 root      20   0 9218556 392848  29068 S  39.0   2.4   0:55.60 java
   5631 root      20   0 9218556 392848  29068 S  39.0   2.4   0:55.99 java
   5631 root      20   0 9218556 392848  29068 S  38.0   2.4   0:56.37 java
   5631 root      20   0 9218556 392848  29068 S  38.0   2.4   0:56.75 java
   5631 root      20   0 9218556 392848  29068 S  37.0   2.4   0:57.12 java
   5631 root      20   0 9218556 392848  29068 S  38.6   2.4   0:57.51 java
   5631 root      20   0 9218556 393224  29068 S  37.0   2.4   0:57.88 java
   5631 root      20   0 9218556 393224  29068 S  38.0   2.4   0:58.26 java
   5631 root      20   0 9218556 393224  29068 S  39.0   2.4   0:58.65 java
   5631 root      20   0 9218556 393224  29068 S  37.0   2.4   0:59.02 java
   5631 root      20   0 9218556 393224  29068 S  37.0   2.4   0:59.39 java
   5631 root      20   0 9218556 393224  29068 S  38.0   2.4   0:59.77 java
   5631 root      20   0 9218556 393224  29068 S  37.6   2.4   1:00.15 java
   5631 root      20   0 9218556 393224  29068 S  39.0   2.4   1:00.54 java
   5631 root      20   0 9218556 393224  29068 S  37.0   2.4   1:00.91 java
   5631 root      20   0 9218556 393224  29068 S  39.0   2.4   1:01.30 java
   5631 root      20   0 9218556 393224  29068 S  38.0   2.4   1:01.68 java
   5631 root      20   0 9218556 393224  29068 S  38.0   2.4   1:02.06 java
   5631 root      20   0 9218556 393224  29068 S  39.0   2.4   1:02.45 java
   5631 root      20   0 9218556 393224  29068 S  39.0   2.4   1:02.84 java
   5631 root      20   0 9218556 393224  29068 S  36.6   2.4   1:03.21 java
   5631 root      20   0 9218556 393224  29068 S  38.0   2.4   1:03.59 java
   5631 root      20   0 9218556 393224  29068 S  38.0   2.4   1:03.97 java
   5631 root      20   0 9218556 393224  29068 S  38.0   2.4   1:04.35 java
   5631 root      20   0 9218556 393224  29068 S  38.0   2.4   1:04.73 java
   5631 root      20   0 9218556 393224  29068 S  38.0   2.4   1:05.11 java
   5631 root      20   0 9218556 393224  29068 S  38.0   2.4   1:05.