   5631 root      20   0 9218556 393968  29068 S  73.3   2.4   1:59.25 java
   5631 root      20   0 9218556 394040  29068 S  80.0   2.4   2:00.05 java
   5631 root      20   0 9218556 394040  29068 S  80.2   2.4   2:00.86 java
   5631 root      20   0 9218556 394040  29068 S  81.0   2.4   2:01.67 java
   5631 root      20   0 9218556 394040  29068 S  82.0   2.4   2:02.49 java
   5631 root      20   0 9218556 394108  29068 S  81.0   2.4   2:03.30 java
   5631 root      20   0 9218556 394108  29068 S  81.0   2.4   2:04.11 java
   5631 root      20   0 9218556 394108  29068 S  82.0   2.4   2:04.93 java
   5631 root      20   0 9218556 394108  29068 S  80.0   2.4   2:05.73 java
   5631 root      20   0 9218556 394108  29068 S  80.0   2.4   2:06.53 java
   5631 root      20   0 9218556 394144  29068 S  82.0   2.4   2:07.35 java
   5631 root      20   0 9218556 394144  29068 S  78.2   2.4   2:08.14 java
   5631 root      20   0 9218556 394144  29068 S  79.0   2.4   2:08.93 java
   5631 root      20   0 9218556 394144  29068 S  78.0   2.4   2:09.71 java
   5631 root      20   0 9218556 394144  29068 S  83.0   2.4   2:10.54 java
   5631 root      20   0 9218556 394144  29068 S  82.0   2.4   2:11.36 java
   5631 root      20   0 9218556 394144  29068 S  82.0   2.4   2:12.18 java
   5631 root      20   0 9218556 394392  29068 S  84.0   2.4   2:13.02 java
   5631 root      20   0 9218556 394392  29068 S  83.0   2.4   2:13.85 java
   5631 root      20   0 9218556 394392  29068 S  81.2   2.4   2:14.67 java
   5631 root      20   0 9218556 394392  29068 S  81.0   2.4   2:15.48 java
   5631 root      20   0 9218556 394392  29068 S  79.0   2.4   2:16.27 java
   5631 root      20   0 9218556 394392  29068 S  78.0   2.4   2:17.05 java
   5631 root      20   0 9218556 394392  29068 S  80.0   2.4   2:17.85 java
   5631 root      20   0 9218556 394392  29068 S  80.0   2.4   2:18.65 java
   5631 root      20   0 9218556 394392  29068 S  78.0   2.4   2:19.43 java
   5631 root      20   0 9218556 394392  29068 S  76.2   2.4   2:20.20 java
   5631 root      20   0 9218556 394392  29068 S  80.0   2.4   2:21.00 java
   5631 root      20   0 9218556 394392  29068 S  80.0   2.4   2:21.80 java
   5631 root      20   0 9218556 394392  29068 S  80.0   2.4   2:22.60 java
   5631 root      20   0 9218556 394392  29068 S  78.0   2.4   2:23.38 java
   5631 root      20   0 9218556 394392  29068 S  78.0   2.4   2:24.16 java
   5631 root      20   0 9218556 394392  29068 S  79.0   2.4   2:24.95 java
   5631 root      20   0 9218556 394392  29068 S  80.0   2.4   2:25.75 java
   5631 root      20   0 9218556 394392  29068 S  78.2   2.4   2:26.54 java
   5631 root      20   0 9218556 394392  29068 S  80.0   2.4   2:27.34 java
   5631 root      20   0 9218556 394392  29068 S  81.0   2.4   2:28.15 java
   5631 root      20   0 9218556 394392  29068 S  81.0   2.4   2:28.96 java
   5631 root      20   0 9218556 394392  29068 S  82.0   2.4   2:29.78 java
   5631 root      20   0 9218556 394392  29068 S  84.0   2.4   2:30.62 java
   5631 root      20   0 9218556 394392  29068 S  85.0   2.4   2:31.47 java
   5631 root      20   0 9218556 394392  29068 S  81.0   2.4   2:32.28 java
   5631 root      20   0 9218556 394392  29068 S  80.2   2.4   2:33.09 java
   5631 root      20   0 9218556 394392  29068 S  83.0   2.4   2:33.92 java
   5631 root      20   0 9218556 394392  29068 S  79.0   2.4   2:34.71 java
   5631 root      20   0 9218556 394392  29068 S  82.0   2.4   2:35.53 java
   5631 root      20   0 9218556 394392  29068 S  81.0   2.4   2:36.34 java
   5631 root      20   0 9218556 394392  29068 S  83.0   2.4   2:37.17 java
   5631 root      20   0 9218556 394392  29068 S  85.0   2.4   2:38.02 java
   5631 root      20   0 9218556 394392  29068 S  82.0   2.4   2:38.84 java
   5631 root      20   0 9218556 394392  29068 S  83.0   2.4   2:39.67 java
   5631 root      20   0 9218556 394392  29068 S  82.2   2.4   2:40.50 java
   5631 root      20   0 9218556 394392  29068 S  82.0   2.4   2:41.32 java
   5631 root      20   0 9218556 394392  29068 S  82.0   2.4   2:42.