   5631 root      20   0 9220604 397600  29068 S 240.0   2.4  11:56.75 java
   5631 root      20   0 9220604 397600  29068 S 244.0   2.4  11:59.19 java
   5631 root      20   0 9220604 397600  29068 S 239.6   2.4  12:01.61 java
   5631 root      20   0 9220604 397600  29068 S 232.0   2.4  12:03.93 java
   5631 root      20   0 9220604 397600  29068 S 233.0   2.4  12:06.26 java
   5631 root      20   0 9220604 397600  29068 S 241.0   2.4  12:08.67 java
   5631 root      20   0 9220604 397756  29068 S 247.0   2.4  12:11.14 java
   5631 root      20   0 9220604 397756  29068 S 239.0   2.4  12:13.53 java
   5631 root      20   0 9220604 397756  29068 S 239.0   2.4  12:15.92 java
   5631 root      20   0 9220604 397756  29068 S 248.0   2.4  12:18.40 java
   5631 root      20   0 9220604 397756  29068 S 233.7   2.4  12:20.76 java
   5631 root      20   0 9220604 397756  29068 S 241.0   2.4  12:23.17 java
   5631 root      20   0 9220604 397756  29068 S 233.0   2.4  12:25.50 java
   5631 root      20   0 9220604 397756  29068 S 241.0   2.4  12:27.91 java
   5631 root      20   0 9220604 397756  29068 S 234.0   2.4  12:30.25 java
   5631 root      20   0 9220604 397756  29068 S 230.0   2.4  12:32.55 java
   5631 root      20   0 9220604 397756  29068 S 235.0   2.4  12:34.90 java
   5631 root      20   0 9220604 397756  29068 S 236.0   2.4  12:37.26 java
   5631 root      20   0 9220604 397756  29068 S 238.0   2.4  12:39.64 java
   5631 root      20   0 9220604 397756  29068 S 244.0   2.4  12:42.08 java
   5631 root      20   0 9220604 397756  29068 S 234.7   2.4  12:44.45 java
   5631 root      20   0 9220604 397756  29068 S 246.0   2.4  12:46.91 java
   5631 root      20   0 9220604 397756  29068 S 237.0   2.4  12:49.28 java
   5631 root      20   0 9220604 397756  29068 S 240.0   2.4  12:51.68 java
   5631 root      20   0 9220604 397756  29068 S 239.0   2.4  12:54.07 java
   5631 root      20   0 9220604 397756  29068 S 244.0   2.4  12:56.51 java
   5631 root      20   0 9220604 397756  29068 S 239.0   2.4  12:58.90 java
   5631 root      20   0 9220604 397756  29068 S 238.6   2.4  13:01.31 java
   5631 root      20   0 9220604 397756  29068 S 239.0   2.4  13:03.70 java
   5631 root      20   0 9220604 397756  29068 S 242.0   2.4  13:06.12 java
   5631 root      20   0 9220604 397756  29068 S 235.0   2.4  13:08.47 java
   5631 root      20   0 9220604 397756  29068 S 240.0   2.4  13:10.87 java
   5631 root      20   0 9220604 397756  29068 S 235.0   2.4  13:13.22 java
   5631 root      20   0 9220604 397756  29068 S 236.0   2.4  13:15.58 java
   5631 root      20   0 9220604 397756  29068 S 231.0   2.4  13:17.89 java
   5631 root      20   0 9220604 397756  29068 S 239.0   2.4  13:20.28 java
   5631 root      20   0 9220604 397756  29068 S 243.0   2.4  13:22.71 java
   5631 root      20   0 9220604 397756  29068 S 235.0   2.4  13:25.06 java
   5631 root      20   0 9220604 397756  29068 S 239.6   2.4  13:27.48 java
   5631 root      20   0 9220604 397756  29068 S 244.0   2.4  13:29.92 java
   5631 root      20   0 9220604 397756  29068 S 238.0   2.4  13:32.30 java
   5631 root      20   0 9220604 397756  29068 S 235.0   2.4  13:34.65 java
   5631 root      20   0 9220604 397756  29068 S 234.0   2.4  13:36.99 java
   5631 root      20   0 9220604 397756  29068 S 232.0   2.4  13:39.31 java
   5631 root      20   0 9220604 397756  29068 S 225.0   2.4  13:41.56 java
   5631 root      20   0 9220604 397756  29068 S 226.7   2.4  13:43.85 java
   5631 root      20   0 9220604 397756  29068 S 239.0   2.4  13:46.24 java
   5631 root      20   0 9220604 397756  29068 S 234.0   2.4  13:48.58 java
   5631 root      20   0 9220604 397756  29068 S 245.0   2.4  13:51.03 java
   5631 root      20   0 9220604 397756  29068 S 241.0   2.4  13:53.44 java
   5631 root      20   0 9220604 397756  29068 S 249.0   2.4  13:55.93 java
   5631 root      20   0 9220604 397756  29068 S 239.0   2.4  13:58.32 java
   5631 root      20   0 9220604 397756  29068 S 238.0   2.4  14:00.70 java
   5631 root      20   0 9220604 397756  29068 S 245.0   2.4  14:03.