   6798 root      20   0   13.6g 606960  29028 S 206.7   3.7  14:25.08 java
   6798 root      20   0   13.6g 606960  29028 S 355.0   3.7  14:28.63 java
   6798 root      20   0   13.6g 606960  29028 S 353.5   3.7  14:32.20 java
   6798 root      20   0   13.6g 606960  29028 S 359.0   3.7  14:35.79 java
   6798 root      20   0   13.6g 606960  29028 S 359.0   3.7  14:39.38 java
   6798 root      20   0   13.6g 607128  29028 S 359.0   3.7  14:42.97 java
   6798 root      20   0   13.6g 607128  29028 S 359.0   3.7  14:46.56 java
   6798 root      20   0   13.6g 607864  29028 S 358.0   3.7  14:50.14 java
   6798 root      20   0   13.6g 607864  29028 S 359.0   3.7  14:53.73 java
   6798 root      20   0   13.6g 607864  29028 S 358.0   3.7  14:57.31 java
   6798 root      20   0   13.6g 607864  29028 S 359.0   3.7  15:00.90 java
   6798 root      20   0   13.6g 608192  29028 S 359.0   3.7  15:04.49 java
   6798 root      20   0   13.6g 608192  29028 S 353.5   3.7  15:08.06 java
   6798 root      20   0   13.6g 608876  29028 S 358.0   3.7  15:11.64 java
   6798 root      20   0   13.6g 609124  29028 S 358.0   3.7  15:15.22 java
   6798 root      20   0   13.6g 609124  29028 S 361.0   3.7  15:18.83 java
   6798 root      20   0   13.6g 609124  29028 S 360.0   3.7  15:22.43 java
   6798 root      20   0   13.6g 609124  29028 S 360.0   3.7  15:26.03 java
   6798 root      20   0   13.6g 609432  29028 S 357.0   3.7  15:29.60 java
   6798 root      20   0   13.6g 609432  29028 S 359.0   3.7  15:33.19 java
   6798 root      20   0   13.6g 609432  29028 S 358.0   3.7  15:36.77 java
   6798 root      20   0   13.6g 609432  29028 S 356.4   3.7  15:40.37 java
   6798 root      20   0   13.6g 609568  29028 S 357.0   3.7  15:43.94 java
   6798 root      20   0   13.6g 609568  29028 S 361.0   3.7  15:47.55 java
   6798 root      20   0   13.6g 609568  29028 S 359.0   3.7  15:51.14 java
   6798 root      20   0   13.6g 609568  29028 S 360.0   3.7  15:54.74 java
   6798 root      20   0   13.6g 609568  29028 S 357.0   3.7  15:58.31 java
   6798 root      20   0   13.6g 609684  29028 S 358.0   3.7  16:01.89 java
   6798 root      20   0   13.6g 609936  29028 S 359.0   3.7  16:05.48 java
   6798 root      20   0   13.6g 609936  29028 S 358.0   3.7  16:09.06 java
   6798 root      20   0   13.6g 609936  29028 S 360.0   3.7  16:12.66 java
   6798 root      20   0   13.6g 609936  29028 S 360.0   3.7  16:16.26 java
   6798 root      20   0   13.6g 610364  29028 S 354.5   3.7  16:19.84 java
   6798 root      20   0   13.6g 610364  29028 S 359.0   3.7  16:23.43 java
   6798 root      20   0   13.6g 610648  29028 S 359.0   3.7  16:27.02 java
   6798 root      20   0   13.6g 610648  29028 S 356.0   3.7  16:30.58 java
   6798 root      20   0   13.6g 611036  29028 S 357.0   3.7  16:34.15 java
   6798 root      20   0   13.6g 611036  29028 S 359.0   3.7  16:37.74 java
   6798 root      20   0   13.6g 611036  29028 S 361.0   3.7  16:41.35 java
   6798 root      20   0   13.6g 611036  29028 S 357.0   3.7  16:44.92 java
   6798 root      20   0   13.6g 611172  29028 S 359.0   3.7  16:48.51 java
   6798 root      20   0   13.6g 611172  29028 S 357.0   3.7  16:52.08 java
   6798 root      20   0   13.6g 611172  29028 S 355.4   3.7  16:55.67 java
   6798 root      20   0   13.6g 611172  29028 S 357.0   3.7  16:59.24 java
   6798 root      20   0   13.6g 611172  29028 S 362.0   3.7  17:02.86 java
   6798 root      20   0   13.6g 611172  29028 S 358.0   3.7  17:06.44 java
   6798 root      20   0   13.6g 611172  29028 S 361.0   3.7  17:10.05 java
   6798 root      20   0   13.6g 611172  29028 S 362.0   3.7  17:13.67 java
   6798 root      20   0   13.6g 611172  29028 S 360.0   3.7  17:17.27 java
   6798 root      20   0   13.6g 611172  29028 S 358.0   3.7  17:20.85 java
   6798 root      20   0   13.6g 611172  29028 S 361.0   3.7  17:24.46 java
   6798 root      20   0   13.6g 611508  29028 S 354.5   3.7  17:28.04 java
   6798 root      20   0   13.6g 611508  29028 S 356.0   3.7  17:31.60 java
   6798 root      20   0   13.6g 611508  29028 S 357.0   3.7  17:35.