   6798 root      20   0   13.6g 839864  29028 S 446.7   5.1  42:00.90 java
   6798 root      20   0   13.6g 839864  29028 S 396.0   5.1  42:04.90 java
   6798 root      20   0   13.6g 840252  29028 S 400.0   5.2  42:08.90 java
   6798 root      20   0   13.6g 840252  29028 S 401.0   5.2  42:12.91 java
   6798 root      20   0   13.6g 840252  29028 S 400.0   5.2  42:16.91 java
   6798 root      20   0   13.6g 840776  29028 S 399.0   5.2  42:20.90 java
   6798 root      20   0   13.6g 841240  29028 S 400.0   5.2  42:24.90 java
   6798 root      20   0   13.6g 841240  29028 S 400.0   5.2  42:28.90 java
   6798 root      20   0   13.6g 841240  29028 S 396.0   5.2  42:32.90 java
   6798 root      20   0   13.6g 841240  29028 S 400.0   5.2  42:36.90 java
   6798 root      20   0   13.6g 841240  29028 S 400.0   5.2  42:40.90 java
   6798 root      20   0   13.6g 841240  29028 S 400.0   5.2  42:44.90 java
   6798 root      20   0   13.6g 841240  29028 S 400.0   5.2  42:48.90 java
   6798 root      20   0   13.6g 841240  29028 S 400.0   5.2  42:52.90 java
   6798 root      20   0   13.6g 841240  29028 S 400.0   5.2  42:56.90 java
   6798 root      20   0   13.6g 841240  29028 S 401.0   5.2  43:00.91 java
   6798 root      20   0   13.6g 841240  29028 S 396.0   5.2  43:04.91 java
   6798 root      20   0   13.6g 841380  29028 S 400.0   5.2  43:08.91 java
   6798 root      20   0   13.6g 841980  29028 S 400.0   5.2  43:12.91 java
   6798 root      20   0   13.6g 841980  29028 S 402.0   5.2  43:16.93 java
   6798 root      20   0   13.6g 841980  29028 S 400.0   5.2  43:20.93 java
   6798 root      20   0   13.6g 841980  29028 S 399.0   5.2  43:24.92 java
   6798 root      20   0   13.6g 841980  29028 S 403.0   5.2  43:28.95 java
   6798 root      20   0   13.6g 842100  29028 S 399.0   5.2  43:32.94 java
   6798 root      20   0   13.6g 842100  29028 S 402.0   5.2  43:36.96 java
   6798 root      20   0   13.6g 842100  29028 S 401.0   5.2  43:40.97 java
   6798 root      20   0   13.6g 842100  29028 S 403.0   5.2  43:45.00 java
   6798 root      20   0   13.6g 842100  29028 S 394.1   5.2  43:48.98 java
   6798 root      20   0   13.6g 842100  29028 S 404.0   5.2  43:53.02 java
   6798 root      20   0   13.6g 842100  29028 S 402.0   5.2  43:57.04 java
   6798 root      20   0   13.6g 842100  29028 S 401.0   5.2  44:01.05 java
   6798 root      20   0   13.6g 842100  29028 S 396.0   5.2  44:05.01 java
   6798 root      20   0   13.6g 842100  29028 S 405.0   5.2  44:09.06 java
   6798 root      20   0   13.6g 842100  29028 S 401.0   5.2  44:13.07 java
   6798 root      20   0   13.6g 842348  29028 S 401.0   5.2  44:17.08 java
   6798 root      20   0   13.6g 842348  29028 S 398.0   5.2  44:21.06 java
   6798 root      20   0   13.6g 842348  29028 S 395.0   5.2  44:25.05 java
   6798 root      20   0   13.6g 842348  29028 S 407.0   5.2  44:29.12 java
   6798 root      20   0   13.6g 842508  29028 S 397.0   5.2  44:33.09 java
   6798 root      20   0   13.6g 842508  29028 S 399.0   5.2  44:37.08 java
   6798 root      20   0   13.6g 842508  29028 S 401.0   5.2  44:41.09 java
   6798 root      20   0   13.6g 842508  29028 S 408.0   5.2  44:45.17 java
   6798 root      20   0   13.6g 842508  29028 S 400.0   5.2  44:49.17 java
   6798 root      20   0   13.6g 842508  29028 S 402.0   5.2  44:53.19 java
   6798 root      20   0   13.6g 842508  29028 S 401.0   5.2  44:57.20 java
   6798 root      20   0   13.6g 842508  29028 S 400.0   5.2  45:01.20 java
   6798 root      20   0   13.6g 842608  29028 S 401.0   5.2  45:05.21 java
   6798 root      20   0   13.6g 842608  29028 S 390.1   5.2  45:09.15 java
   6798 root      20   0   13.6g 842608  29028 S 406.0   5.2  45:13.21 java
   6798 root      20   0   13.6g 842608  29028 S 402.0   5.2  45:17.23 java
   6798 root      20   0   13.6g 842608  29028 S 395.0   5.2  45:21.18 java
   6798 root      20   0   13.6g 842608  29028 S 407.0   5.2  45:25.25 java
   6798 root      20   0   13.6g 842608  29028 S 401.0   5.2  45:29.26 java
   6798 root      20   0   13.6g 843252  29028 S 400.0   5.2  45:33.