   6798 root      20   0   13.6g 742244  29028 S 206.7   4.6  29:59.96 java
   6798 root      20   0   13.6g 742600  29028 S 408.0   4.6  30:04.04 java
   6798 root      20   0   13.6g 742600  29028 S 400.0   4.6  30:08.04 java
   6798 root      20   0   13.6g 742600  29028 S 400.0   4.6  30:12.04 java
   6798 root      20   0   13.6g 742860  29028 S 396.0   4.6  30:16.04 java
   6798 root      20   0   13.6g 742860  29028 S 400.0   4.6  30:20.04 java
   6798 root      20   0   13.6g 743124  29028 S 400.0   4.6  30:24.04 java
   6798 root      20   0   13.6g 743124  29028 S 400.0   4.6  30:28.04 java
   6798 root      20   0   13.6g 743224  29028 S 400.0   4.6  30:32.04 java
   6798 root      20   0   13.6g 743224  29028 S 400.0   4.6  30:36.04 java
   6798 root      20   0   13.6g 743224  29028 S 401.0   4.6  30:40.05 java
   6798 root      20   0   13.6g 743400  29028 S 399.0   4.6  30:44.04 java
   6798 root      20   0   13.6g 743536  29028 S 397.0   4.6  30:48.05 java
   6798 root      20   0   13.6g 743536  29028 S 400.0   4.6  30:52.05 java
   6798 root      20   0   13.6g 743720  29028 S 400.0   4.6  30:56.05 java
   6798 root      20   0   13.6g 743720  29028 S 403.0   4.6  31:00.08 java
   6798 root      20   0   13.6g 743720  29028 S 400.0   4.6  31:04.08 java
   6798 root      20   0   13.6g 743720  29028 S 401.0   4.6  31:08.09 java
   6798 root      20   0   13.6g 743720  29028 S 402.0   4.6  31:12.11 java
   6798 root      20   0   13.6g 743720  29028 S 399.0   4.6  31:16.10 java
   6798 root      20   0   13.6g 743720  29028 S 400.0   4.6  31:20.10 java
   6798 root      20   0   13.6g 743908  29028 S 401.0   4.6  31:24.15 java
   6798 root      20   0   13.6g 743908  29028 S 401.0   4.6  31:28.16 java
   6798 root      20   0   13.6g 743908  29028 S 398.0   4.6  31:32.14 java
   6798 root      20   0   13.6g 743908  29028 S 400.0   4.6  31:36.14 java
   6798 root      20   0   13.6g 743908  29028 S 403.0   4.6  31:40.17 java
   6798 root      20   0   13.6g 743908  29028 S 403.0   4.6  31:44.20 java
   6798 root      20   0   13.6g 743908  29028 S 402.0   4.6  31:48.22 java
   6798 root      20   0   13.6g 743908  29028 S 400.0   4.6  31:52.22 java
   6798 root      20   0   13.6g 743908  29028 S 394.0   4.6  31:56.16 java
   6798 root      20   0   13.6g 743908  29028 S 402.0   4.6  32:00.18 java
   6798 root      20   0   13.6g 744164  29028 S 407.0   4.6  32:04.25 java
   6798 root      20   0   13.6g 744164  29028 S 393.1   4.6  32:08.22 java
   6798 root      20   0   13.6g 744164  29028 S 404.0   4.6  32:12.26 java
   6798 root      20   0   13.6g 744164  29028 S 402.0   4.6  32:16.28 java
   6798 root      20   0   13.6g 744360  29028 S 402.0   4.6  32:20.30 java
   6798 root      20   0   13.6g 744360  29028 S 400.0   4.6  32:24.30 java
   6798 root      20   0   13.6g 744540  29028 S 398.0   4.6  32:28.28 java
   6798 root      20   0   13.6g 744540  29028 S 401.0   4.6  32:32.29 java
   6798 root      20   0   13.6g 744540  29028 S 400.0   4.6  32:36.29 java
   6798 root      20   0   13.6g 744540  29028 S 402.0   4.6  32:40.31 java
   6798 root      20   0   13.6g 744540  29028 S 397.0   4.6  32:44.32 java
   6798 root      20   0   13.6g 744540  29028 S 401.0   4.6  32:48.33 java
   6798 root      20   0   13.6g 744540  29028 S 400.0   4.6  32:52.33 java
   6798 root      20   0   13.6g 744540  29028 S 402.0   4.6  32:56.35 java
   6798 root      20   0   13.6g 744540  29028 S 400.0   4.6  33:00.35 java
   6798 root      20   0   13.6g 744540  29028 S 399.0   4.6  33:04.34 java
   6798 root      20   0   13.6g 744728  29028 S 399.0   4.6  33:08.33 java
   6798 root      20   0   13.6g 744728  29028 S 405.0   4.6  33:12.38 java
   6798 root      20   0   13.6g 744728  29028 S 401.0   4.6  33:16.39 java
   6798 root      20   0   13.6g 744728  29028 S 397.0   4.6  33:20.36 java
   6798 root      20   0   13.6g 744728  29028 S 401.0   4.6  33:24.41 java
   6798 root      20   0   13.6g 744728  29028 S 398.0   4.6  33:28.39 java
   6798 root      20   0   13.6g 744728  29028 S 402.0   4.6  33:32.