   5631 root      20   0 9220604 396992  29068 S  66.7   2.4  10:04.92 java
   5631 root      20   0 9220604 396992  29068 S 191.0   2.4  10:06.83 java
   5631 root      20   0 9220604 396992  29068 S 189.0   2.4  10:08.72 java
   5631 root      20   0 9220604 396992  29068 S 184.0   2.4  10:10.56 java
   5631 root      20   0 9220604 396992  29068 S 187.0   2.4  10:12.43 java
   5631 root      20   0 9220604 396992  29068 S 177.0   2.4  10:14.20 java
   5631 root      20   0 9220604 396992  29068 S 181.0   2.4  10:16.01 java
   5631 root      20   0 9220604 397448  29068 S 183.0   2.4  10:17.84 java
   5631 root      20   0 9220604 397448  29068 S 187.0   2.4  10:19.71 java
   5631 root      20   0 9220604 397448  29068 S 183.2   2.4  10:21.56 java
   5631 root      20   0 9220604 397448  29068 S 187.0   2.4  10:23.43 java
   5631 root      20   0 9220604 397448  29068 S 188.0   2.4  10:25.31 java
   5631 root      20   0 9220604 397448  29068 S 179.0   2.4  10:27.10 java
   5631 root      20   0 9220604 397448  29068 S 186.0   2.4  10:28.96 java
   5631 root      20   0 9220604 397448  29068 S 177.0   2.4  10:30.73 java
   5631 root      20   0 9220604 397448  29068 S 185.0   2.4  10:32.58 java
   5631 root      20   0 9220604 397448  29068 S 185.0   2.4  10:34.43 java
   5631 root      20   0 9220604 397448  29068 S 186.1   2.4  10:36.31 java
   5631 root      20   0 9220604 397448  29068 S 183.0   2.4  10:38.14 java
   5631 root      20   0 9220604 397448  29068 S 187.0   2.4  10:40.01 java
   5631 root      20   0 9220604 397448  29068 S 183.0   2.4  10:41.84 java
   5631 root      20   0 9220604 397448  29068 S 193.0   2.4  10:43.77 java
   5631 root      20   0 9220604 397448  29068 S 188.0   2.4  10:45.65 java
   5631 root      20   0 9220604 397448  29068 S 188.0   2.4  10:47.53 java
   5631 root      20   0 9220604 397448  29068 S 185.0   2.4  10:49.38 java
   5631 root      20   0 9220604 397448  29068 S 183.0   2.4  10:51.21 java
   5631 root      20   0 9220604 397448  29068 S 182.2   2.4  10:53.05 java
   5631 root      20   0 9220604 397584  29068 S 190.0   2.4  10:54.95 java
   5631 root      20   0 9220604 397584  29068 S 189.0   2.4  10:56.84 java
   5631 root      20   0 9220604 397584  29068 S 183.0   2.4  10:58.67 java
   5631 root      20   0 9220604 397584  29068 S 182.0   2.4  11:00.49 java
   5631 root      20   0 9220604 397584  29068 S 189.0   2.4  11:02.38 java
   5631 root      20   0 9220604 397584  29068 S 189.0   2.4  11:04.27 java
   5631 root      20   0 9220604 397584  29068 S 182.0   2.4  11:06.09 java
   5631 root      20   0 9220604 397584  29068 S 183.0   2.4  11:07.92 java
   5631 root      20   0 9220604 397584  29068 S 187.1   2.4  11:09.81 java
   5631 root      20   0 9220604 397584  29068 S 187.0   2.4  11:11.68 java
   5631 root      20   0 9220604 397584  29068 S 184.0   2.4  11:13.52 java
   5631 root      20   0 9220604 397600  29068 S 183.0   2.4  11:15.35 java
   5631 root      20   0 9220604 397600  29068 S 188.0   2.4  11:17.23 java
   5631 root      20   0 9220604 397600  29068 S 192.0   2.4  11:19.15 java
   5631 root      20   0 9220604 397600  29068 S 193.0   2.4  11:21.08 java
   5631 root      20   0 9220604 397600  29068 S 189.1   2.4  11:22.99 java
   5631 root      20   0 9220604 397600  29068 S 191.0   2.4  11:24.90 java
   5631 root      20   0 9220604 397600  29068 S 186.0   2.4  11:26.76 java
   5631 root      20   0 9220604 397600  29068 S 182.0   2.4  11:28.58 java
   5631 root      20   0 9220604 397600  29068 S 176.0   2.4  11:30.34 java
   5631 root      20   0 9220604 397600  29068 S 187.0   2.4  11:32.21 java
   5631 root      20   0 9220604 397600  29068 S 182.0   2.4  11:34.03 java
   5631 root      20   0 9220604 397600  29068 S 187.0   2.4  11:35.90 java
   5631 root      20   0 9220604 397600  29068 S 193.0   2.4  11:37.83 java
   5631 root      20   0 9220604 397600  29068 S 188.0   2.4  11:39.71 java
   5631 root      20   0 9220604 397600  29068 S 180.2   2.4  11:41.53 java
   5631 root      20   0 9220604 397600  29068 S 185.0   2.4  11:43.