   5631 root      20   0 9220604 396628  29068 S 162.5   2.4   8:17.63 java
   5631 root      20   0 9220604 396628  29068 S 181.0   2.4   8:19.44 java
   5631 root      20   0 9220604 396628  29068 S 182.0   2.4   8:21.26 java
   5631 root      20   0 9220604 396628  29068 S 190.0   2.4   8:23.16 java
   5631 root      20   0 9220604 396628  29068 S 180.0   2.4   8:24.96 java
   5631 root      20   0 9220604 396628  29068 S 177.0   2.4   8:26.73 java
   5631 root      20   0 9220604 396628  29068 S 175.0   2.4   8:28.48 java
   5631 root      20   0 9220604 396992  29068 S 175.0   2.4   8:30.23 java
   5631 root      20   0 9220604 396992  29068 S 178.0   2.4   8:32.01 java
   5631 root      20   0 9220604 396992  29068 S 174.3   2.4   8:33.77 java
   5631 root      20   0 9220604 396992  29068 S 179.0   2.4   8:35.56 java
   5631 root      20   0 9220604 396992  29068 S 171.0   2.4   8:37.27 java
   5631 root      20   0 9220604 396992  29068 S 178.0   2.4   8:39.05 java
   5631 root      20   0 9220604 396992  29068 S 176.0   2.4   8:40.81 java
   5631 root      20   0 9220604 396992  29068 S 177.0   2.4   8:42.58 java
   5631 root      20   0 9220604 396992  29068 S 185.0   2.4   8:44.43 java
   5631 root      20   0 9220604 396992  29068 S 178.0   2.4   8:46.21 java
   5631 root      20   0 9220604 396992  29068 S 178.0   2.4   8:47.99 java
   5631 root      20   0 9220604 396992  29068 S 180.2   2.4   8:49.81 java
   5631 root      20   0 9220604 396992  29068 S 177.0   2.4   8:51.58 java
   5631 root      20   0 9220604 396992  29068 S 181.0   2.4   8:53.39 java
   5631 root      20   0 9220604 396992  29068 S 178.0   2.4   8:55.17 java
   5631 root      20   0 9220604 396992  29068 S 176.0   2.4   8:56.93 java
   5631 root      20   0 9220604 396992  29068 S 178.0   2.4   8:58.71 java
   5631 root      20   0 9220604 396992  29068 S 181.0   2.4   9:00.52 java
   5631 root      20   0 9220604 396992  29068 S 183.0   2.4   9:02.35 java
   5631 root      20   0 9220604 396992  29068 S 176.0   2.4   9:04.11 java
   5631 root      20   0 9220604 396992  29068 S 171.3   2.4   9:05.84 java
   5631 root      20   0 9220604 396992  29068 S 179.0   2.4   9:07.63 java
   5631 root      20   0 9220604 396992  29068 S 179.0   2.4   9:09.42 java
   5631 root      20   0 9220604 396992  29068 S 177.0   2.4   9:11.19 java
   5631 root      20   0 9220604 396992  29068 S 179.0   2.4   9:12.98 java
   5631 root      20   0 9220604 396992  29068 S 179.0   2.4   9:14.77 java
   5631 root      20   0 9220604 396992  29068 S 179.0   2.4   9:16.56 java
   5631 root      20   0 9220604 396992  29068 S 184.0   2.4   9:18.40 java
   5631 root      20   0 9220604 396992  29068 S 181.0   2.4   9:20.21 java
   5631 root      20   0 9220604 396992  29068 S 181.2   2.4   9:22.04 java
   5631 root      20   0 9220604 396992  29068 S 181.0   2.4   9:23.85 java
   5631 root      20   0 9220604 396992  29068 S 179.0   2.4   9:25.64 java
   5631 root      20   0 9220604 396992  29068 S 184.0   2.4   9:27.48 java
   5631 root      20   0 9220604 396992  29068 S 185.0   2.4   9:29.33 java
   5631 root      20   0 9220604 396992  29068 S 188.0   2.4   9:31.21 java
   5631 root      20   0 9220604 396992  29068 S 180.0   2.4   9:33.01 java
   5631 root      20   0 9220604 396992  29068 S 177.0   2.4   9:34.78 java
   5631 root      20   0 9220604 396992  29068 S 180.0   2.4   9:36.58 java
   5631 root      20   0 9220604 396992  29068 S 186.1   2.4   9:38.46 java
   5631 root      20   0 9220604 396992  29068 S 193.0   2.4   9:40.39 java
   5631 root      20   0 9220604 396992  29068 S 184.0   2.4   9:42.23 java
   5631 root      20   0 9220604 396992  29068 S 178.0   2.4   9:44.01 java
   5631 root      20   0 9220604 396992  29068 S 179.0   2.4   9:45.80 java
   5631 root      20   0 9220604 396992  29068 S 179.0   2.4   9:47.59 java
   5631 root      20   0 9220604 396992  29068 S 178.0   2.4   9:49.37 java
   5631 root      20   0 9220604 396992  29068 S 165.3   2.4   9:51.04 java
   5631 root      20   0 9220604 396992  29068 S 173.0   2.4   9:52.