Running 1m test @ http://erik-pc.local:8080/greeting/Bob
  4 threads and 100 connections
  Thread calibration: mean lat.: 1.397ms, rate sampling interval: 10ms
  Thread calibration: mean lat.: 1.413ms, rate sampling interval: 10ms
  Thread calibration: mean lat.: 1.402ms, rate sampling interval: 10ms
  Thread calibration: mean lat.: 1.410ms, rate sampling interval: 10ms
  Thread Stats   Avg      Stdev     Max   +/- Stdev
    Latency     1.38ms  717.99us   7.68ms   64.12%
    Req/Sec    26.36k     2.11k   37.56k    70.62%
  Latency Distribution (HdrHistogram - Recorded Latency)
 50.000%    1.31ms
 75.000%    1.89ms
 90.000%    2.36ms
 99.000%    3.18ms
 99.900%    3.92ms
 99.990%    4.87ms
 99.999%    6.04ms
100.000%    7.68ms

  Detailed Percentile spectrum:
       Value   Percentile   TotalCount 1/(1-Percentile)

       0.108     0.000000            1         1.00
       0.472     0.100000       499125         1.11
       0.708     0.200000       997845         1.25
       0.929     0.300000      1496837         1.43
       1.131     0.400000      1995841         1.67
       1.311     0.500000      2495789         2.00
       1.400     0.550000      2744400         2.22
       1.497     0.600000      2992516         2.50
       1.610     0.650000      3241910         2.86
       1.742     0.700000      3491721         3.33
       1.888     0.750000      3740595         4.00
       1.963     0.775000      3865945         4.44
       2.038     0.800000      3990125         5.00
       2.111     0.825000      4115321         5.71
       2.185     0.850000      4240080         6.67
       2.265     0.875000      4364876         8.00
       2.309     0.887500      4427436         8.89
       2.357     0.900000      4489602        10.00
       2.411     0.912500      4551559        11.43
       2.477     0.925000      4615004        13.33
       2.555     0.937500      4676224        16.00
       2.601     0.943750      4707232        17.78
       2.653     0.950000      4738385        20.00
       2.711     0.956250      4769631        22.86
       2.775     0.962500      4800756        26.67
       2.847     0.968750      4832403        32.00
       2.883     0.971875      4847484        35.56
       2.921     0.975000      4862807        40.00
       2.963     0.978125      4878395        45.71
       3.009     0.981250      4894010        53.33
       3.061     0.984375      4909737        64.00
       3.091     0.985938      4917721        71.11
       3.123     0.987500      4925502        80.00
       3.157     0.989062      4932902        91.43
       3.199     0.990625      4940763       106.67
       3.251     0.992188      4948700       128.00
       3.281     0.992969      4952519       142.22
       3.315     0.993750      4956406       160.00
       3.355     0.994531      4960193       182.86
       3.405     0.995313      4964153       213.33
       3.465     0.996094      4967930       256.00
       3.503     0.996484      4969882       284.44
       3.543     0.996875      4971880       320.00
       3.585     0.997266      4973788       365.71
       3.637     0.997656      4975745       426.67
       3.701     0.998047      4977722       512.00
       3.737     0.998242      4978681       568.89
       3.777     0.998437      4979642       640.00
       3.821     0.998633      4980605       731.43
       3.869     0.998828      4981566       853.33
       3.927     0.999023      4982553      1024.00
       3.961     0.999121      4983025      1137.78
       4.001     0.999219      4983519      1280.00
       4.055     0.999316      4984001      1462.86
       4.119     0.999414      4984495      1706.67
       4.203     0.999512      4984988      2048.00
       4.259     0.999561      4985228      2275.56
       4.323     0.999609      4985470      2560.00
       4.391     0.999658      4985710      2925.71
       4.467     0.999707      4985951      3413.33
       4.539     0.999756      4986199      4096.00
       4.575     0.999780      4986324      4551.11
       4.615     0.999805      4986435      5120.00
       4.671     0.999829      4986563      5851.43
       4.723     0.999854      4986682      6826.67
       4.795     0.999878      4986801      8192.00
       4.839     0.999890      4986865      9102.22
       4.875     0.999902      4986923     10240.00
       4.919     0.999915      4986981     11702.86
       4.979     0.999927      4987045     13653.33
       5.051     0.999939      4987103     16384.00
       5.107     0.999945      4987134     18204.44
       5.167     0.999951      4987167     20480.00
       5.239     0.999957      4987195     23405.71
       5.351     0.999963      4987225     27306.67
       5.427     0.999969      4987255     32768.00
       5.471     0.999973      4987272     36408.89
       5.503     0.999976      4987286     40960.00
       5.547     0.999979      4987304     46811.43
       5.571     0.999982      4987316     54613.33
       5.667     0.999985      4987331     65536.00
       5.743     0.999986      4987340     72817.78
       5.883     0.999988      4987347     81920.00
       5.983     0.999989      4987354     93622.86
       6.079     0.999991      4987362    109226.67
       6.183     0.999992      4987369    131072.00
       6.255     0.999993      4987373    145635.56
       6.419     0.999994      4987378    163840.00
       6.551     0.999995      4987381    187245.71
       6.647     0.999995      4987385    218453.33
       6.687     0.999996      4987388    262144.00
       6.695     0.999997      4987390    291271.11
       6.703     0.999997      4987392    327680.00
       6.763     0.999997      4987394    374491.43
       6.843     0.999998      4987396    436906.67
       6.867     0.999998      4987398    524288.00
       6.871     0.999998      4987399    582542.22
       6.891     0.999998      4987401    655360.00
       6.891     0.999999      4987401    748982.86
       7.115     0.999999      4987402    873813.33
       7.211     0.999999      4987403   1048576.00
       7.211     0.999999      4987403   1165084.44
       7.283     0.999999      4987404   1310720.00
       7.283     0.999999      4987404   1497965.71
       7.423     0.999999      4987405   1747626.67
       7.423     1.000000      4987405   2097152.00
       7.423     1.000000      4987405   2330168.89
       7.463     1.000000      4987406   2621440.00
       7.463     1.000000      4987406   2995931.43
       7.463     1.000000      4987406   3495253.33
       7.463     1.000000      4987406   4194304.00
       7.463     1.000000      4987406   4660337.78
       7.683     1.000000      4987407   5242880.00
       7.683     1.000000      4987407          inf
#[Mean    =        1.384, StdDeviation   =        0.718]
#[Max     =        7.680, Total count    =      4987407]
#[Buckets =           27, SubBuckets     =         2048]
----------------------------------------------------------
  5993790 requests in 1.00m, 417.28MB read
Requests/sec:  99897.52
Transfer/sec:      6.95MB
