Running 1m test @ http://erik-pc.local:8080/greeting/Bob
  4 threads and 100 connections
  Thread calibration: mean lat.: 1.260ms, rate sampling interval: 10ms
  Thread calibration: mean lat.: 1.765ms, rate sampling interval: 10ms
  Thread calibration: mean lat.: 1.481ms, rate sampling interval: 10ms
  Thread calibration: mean lat.: 1.219ms, rate sampling interval: 10ms
  Thread Stats   Avg      Stdev     Max   +/- Stdev
    Latency     1.43ms  606.87us   5.60ms   62.11%
    Req/Sec     2.64k   527.52     5.55k    83.21%
  Latency Distribution (HdrHistogram - Recorded Latency)
 50.000%    1.36ms
 75.000%    1.91ms
 90.000%    2.26ms
 99.000%    2.86ms
 99.900%    3.35ms
 99.990%    3.74ms
 99.999%    4.05ms
100.000%    5.61ms

  Detailed Percentile spectrum:
       Value   Percentile   TotalCount 1/(1-Percentile)

       0.277     0.000000            1         1.00
       0.654     0.100000        49963         1.11
       0.842     0.200000        99817         1.25
       1.032     0.300000       149764         1.43
       1.205     0.400000       199801         1.67
       1.364     0.500000       249565         2.00
       1.453     0.550000       274370         2.22
       1.554     0.600000       299349         2.50
       1.670     0.650000       324288         2.86
       1.792     0.700000       349205         3.33
       1.906     0.750000       374208         4.00
       1.961     0.775000       386714         4.44
       2.015     0.800000       399121         5.00
       2.069     0.825000       411572         5.71
       2.127     0.850000       424026         6.67
       2.191     0.875000       436715         8.00
       2.225     0.887500       442923         8.89
       2.261     0.900000       449112        10.00
       2.301     0.912500       455240        11.43
       2.345     0.925000       461420        13.33
       2.397     0.937500       467607        16.00
       2.427     0.943750       470742        17.78
       2.461     0.950000       473933        20.00
       2.497     0.956250       477053        22.86
       2.537     0.962500       480105        26.67
       2.583     0.968750       483168        32.00
       2.609     0.971875       484760        35.56
       2.637     0.975000       486334        40.00
       2.669     0.978125       487850        45.71
       2.707     0.981250       489436        53.33
       2.751     0.984375       490965        64.00
       2.777     0.985938       491762        71.11
       2.803     0.987500       492525        80.00
       2.835     0.989062       493310        91.43
       2.875     0.990625       494109       106.67
       2.917     0.992188       494843       128.00
       2.945     0.992969       495233       142.22
       2.973     0.993750       495622       160.00
       3.007     0.994531       496029       182.86
       3.043     0.995313       496425       213.33
       3.083     0.996094       496795       256.00
       3.105     0.996484       496984       284.44
       3.131     0.996875       497189       320.00
       3.159     0.997266       497383       365.71
       3.187     0.997656       497571       426.67
       3.221     0.998047       497763       512.00
       3.239     0.998242       497860       568.89
       3.263     0.998437       497957       640.00
       3.289     0.998633       498057       731.43
       3.321     0.998828       498153       853.33
       3.355     0.999023       498251      1024.00
       3.375     0.999121       498298      1137.78
       3.395     0.999219       498354      1280.00
       3.411     0.999316       498397      1462.86
       3.437     0.999414       498449      1706.67
       3.461     0.999512       498495      2048.00
       3.479     0.999561       498518      2275.56
       3.501     0.999609       498543      2560.00
       3.523     0.999658       498566      2925.71
       3.553     0.999707       498592      3413.33
       3.581     0.999756       498616      4096.00
       3.597     0.999780       498627      4551.11
       3.623     0.999805       498639      5120.00
       3.645     0.999829       498651      5851.43
       3.683     0.999854       498663      6826.67
       3.711     0.999878       498676      8192.00
       3.731     0.999890       498682      9102.22
       3.753     0.999902       498688     10240.00
       3.767     0.999915       498694     11702.86
       3.791     0.999927       498700     13653.33
       3.815     0.999939       498706     16384.00
       3.827     0.999945       498709     18204.44
       3.861     0.999951       498712     20480.00
       3.871     0.999957       498715     23405.71
       3.881     0.999963       498718     27306.67
       3.941     0.999969       498721     32768.00
       3.979     0.999973       498723     36408.89
       3.987     0.999976       498724     40960.00
       3.999     0.999979       498726     46811.43
       4.001     0.999982       498727     54613.33
       4.021     0.999985       498729     65536.00
       4.045     0.999986       498730     72817.78
       4.045     0.999988       498730     81920.00
       4.047     0.999989       498731     93622.86
       4.057     0.999991       498732    109226.67
       4.065     0.999992       498733    131072.00
       4.065     0.999993       498733    145635.56
       4.065     0.999994       498733    163840.00
       4.107     0.999995       498734    187245.71
       4.107     0.999995       498734    218453.33
       4.171     0.999996       498735    262144.00
       4.171     0.999997       498735    291271.11
       4.171     0.999997       498735    327680.00
       4.171     0.999997       498735    374491.43
       4.171     0.999998       498735    436906.67
       5.607     0.999998       498736    524288.00
       5.607     1.000000       498736          inf
#[Mean    =        1.432, StdDeviation   =        0.607]
#[Max     =        5.604, Total count    =       498736]
#[Buckets =           27, SubBuckets     =         2048]
----------------------------------------------------------
  597077 requests in 1.00m, 49.54MB read
Requests/sec:   9951.14
Transfer/sec:    845.46KB
