Running 1m test @ http://erik-pc.local:8080/greeting/Bob
  4 threads and 100 connections
  Thread calibration: mean lat.: 1.299ms, rate sampling interval: 10ms
  Thread calibration: mean lat.: 1.323ms, rate sampling interval: 10ms
  Thread calibration: mean lat.: 1.308ms, rate sampling interval: 10ms
  Thread calibration: mean lat.: 1.310ms, rate sampling interval: 10ms
  Thread Stats   Avg      Stdev     Max   +/- Stdev
    Latency     1.31ms  617.15us   6.16ms   65.01%
    Req/Sec    21.06k     1.47k   29.56k    70.04%
  Latency Distribution (HdrHistogram - Recorded Latency)
 50.000%    1.28ms
 75.000%    1.72ms
 90.000%    2.17ms
 99.000%    2.74ms
 99.900%    3.31ms
 99.990%    3.99ms
 99.999%    4.85ms
100.000%    6.16ms

  Detailed Percentile spectrum:
       Value   Percentile   TotalCount 1/(1-Percentile)

       0.115     0.000000            1         1.00
       0.510     0.100000       399044         1.11
       0.731     0.200000       798574         1.25
       0.917     0.300000      1198885         1.43
       1.099     0.400000      1596465         1.67
       1.285     0.500000      1996570         2.00
       1.371     0.550000      2195474         2.22
       1.455     0.600000      2396227         2.50
       1.539     0.650000      2595181         2.86
       1.625     0.700000      2793370         3.33
       1.723     0.750000      2993818         4.00
       1.779     0.775000      3092395         4.44
       1.842     0.800000      3192674         5.00
       1.912     0.825000      3293043         5.71
       1.990     0.850000      3392204         6.67
       2.079     0.875000      3493173         8.00
       2.125     0.887500      3541905         8.89
       2.175     0.900000      3592493        10.00
       2.227     0.912500      3642480        11.43
       2.281     0.925000      3691322        13.33
       2.339     0.937500      3740861        16.00
       2.371     0.943750      3766968        17.78
       2.403     0.950000      3791694        20.00
       2.437     0.956250      3816353        22.86
       2.475     0.962500      3841503        26.67
       2.517     0.968750      3866234        32.00
       2.539     0.971875      3878011        35.56
       2.565     0.975000      3890840        40.00
       2.593     0.978125      3903329        45.71
       2.623     0.981250      3915603        53.33
       2.659     0.984375      3928226        64.00
       2.679     0.985938      3934461        71.11
       2.701     0.987500      3940567        80.00
       2.727     0.989062      3946761        91.43
       2.755     0.990625      3952636       106.67
       2.791     0.992188      3958936       128.00
       2.811     0.992969      3961990       142.22
       2.835     0.993750      3965089       160.00
       2.863     0.994531      3968253       182.86
       2.897     0.995313      3971402       213.33
       2.937     0.996094      3974439       256.00
       2.963     0.996484      3976088       284.44
       2.991     0.996875      3977605       320.00
       3.025     0.997266      3979127       365.71
       3.067     0.997656      3980665       426.67
       3.119     0.998047      3982216       512.00
       3.149     0.998242      3982992       568.89
       3.179     0.998437      3983752       640.00
       3.219     0.998633      3984556       731.43
       3.265     0.998828      3985331       853.33
       3.319     0.999023      3986112      1024.00
       3.349     0.999121      3986480      1137.78
       3.383     0.999219      3986879      1280.00
       3.417     0.999316      3987262      1462.86
       3.461     0.999414      3987652      1706.67
       3.505     0.999512      3988035      2048.00
       3.539     0.999561      3988232      2275.56
       3.573     0.999609      3988428      2560.00
       3.613     0.999658      3988621      2925.71
       3.653     0.999707      3988815      3413.33
       3.705     0.999756      3989015      4096.00
       3.735     0.999780      3989108      4551.11
       3.767     0.999805      3989206      5120.00
       3.823     0.999829      3989303      5851.43
       3.873     0.999854      3989398      6826.67
       3.923     0.999878      3989495      8192.00
       3.957     0.999890      3989547      9102.22
       3.999     0.999902      3989592     10240.00
       4.045     0.999915      3989644     11702.86
       4.095     0.999927      3989691     13653.33
       4.167     0.999939      3989741     16384.00
       4.191     0.999945      3989763     18204.44
       4.219     0.999951      3989787     20480.00
       4.267     0.999957      3989811     23405.71
       4.331     0.999963      3989835     27306.67
       4.383     0.999969      3989861     32768.00
       4.423     0.999973      3989874     36408.89
       4.459     0.999976      3989885     40960.00
       4.499     0.999979      3989897     46811.43
       4.567     0.999982      3989908     54613.33
       4.651     0.999985      3989921     65536.00
       4.695     0.999986      3989927     72817.78
       4.791     0.999988      3989933     81920.00
       4.839     0.999989      3989939     93622.86
       4.867     0.999991      3989945    109226.67
       5.047     0.999992      3989951    131072.00
       5.083     0.999993      3989954    145635.56
       5.107     0.999994      3989957    163840.00
       5.155     0.999995      3989960    187245.71
       5.415     0.999995      3989963    218453.33
       5.503     0.999996      3989966    262144.00
       5.639     0.999997      3989968    291271.11
       5.667     0.999997      3989969    327680.00
       5.731     0.999997      3989971    374491.43
       5.827     0.999998      3989972    436906.67
       6.019     0.999998      3989974    524288.00
       6.027     0.999998      3989975    582542.22
       6.027     0.999998      3989975    655360.00
       6.067     0.999999      3989977    748982.86
       6.067     0.999999      3989977    873813.33
       6.087     0.999999      3989978   1048576.00
       6.087     0.999999      3989978   1165084.44
       6.087     0.999999      3989978   1310720.00
       6.099     0.999999      3989979   1497965.71
       6.099     0.999999      3989979   1747626.67
       6.115     1.000000      3989980   2097152.00
       6.115     1.000000      3989980   2330168.89
       6.115     1.000000      3989980   2621440.00
       6.115     1.000000      3989980   2995931.43
       6.115     1.000000      3989980   3495253.33
       6.159     1.000000      3989981   4194304.00
       6.159     1.000000      3989981          inf
#[Mean    =        1.310, StdDeviation   =        0.617]
#[Max     =        6.156, Total count    =      3989981]
#[Buckets =           27, SubBuckets     =         2048]
----------------------------------------------------------
  4776329 requests in 1.00m, 332.52MB read
Requests/sec:  79605.51
Transfer/sec:      5.54MB
