Running 1m test @ http://erik-pc.local:8080/greeting/Bob
  4 threads and 100 connections
  Thread calibration: mean lat.: 245.900ms, rate sampling interval: 969ms
  Thread calibration: mean lat.: 273.150ms, rate sampling interval: 977ms
  Thread calibration: mean lat.: 262.669ms, rate sampling interval: 1017ms
  Thread calibration: mean lat.: 290.160ms, rate sampling interval: 1140ms
  Thread Stats   Avg      Stdev     Max   +/- Stdev
    Latency     2.93s     1.36s    6.34s    60.33%
    Req/Sec    32.24k     1.22k   35.63k    64.95%
  Latency Distribution (HdrHistogram - Recorded Latency)
 50.000%    2.86s 
 75.000%    4.06s 
 90.000%    4.78s 
 99.000%    5.71s 
 99.900%    6.10s 
 99.990%    6.30s 
 99.999%    6.33s 
100.000%    6.34s 

  Detailed Percentile spectrum:
       Value   Percentile   TotalCount 1/(1-Percentile)

     418.815     0.000000            1         1.00
    1103.871     0.100000       643756         1.11
    1582.079     0.200000      1286779         1.25
    2020.351     0.300000      1930286         1.43
    2433.023     0.400000      2575153         1.67
    2861.055     0.500000      3218609         2.00
    3129.343     0.550000      3540327         2.22
    3364.863     0.600000      3860800         2.50
    3594.239     0.650000      4182795         2.86
    3809.279     0.700000      4505107         3.33
    4055.039     0.750000      4827349         4.00
    4165.631     0.775000      4987661         4.44
    4284.415     0.800000      5150777         5.00
    4399.103     0.825000      5310531         5.71
    4521.983     0.850000      5471241         6.67
    4644.863     0.875000      5629856         8.00
    4714.495     0.887500      5712875         8.89
    4780.031     0.900000      5793540        10.00
    4849.663     0.912500      5874351        11.43
    4923.391     0.925000      5953820        13.33
    5001.215     0.937500      6031498        16.00
    5046.271     0.943750      6073145        17.78
    5087.231     0.950000      6112953        20.00
    5136.383     0.956250      6151786        22.86
    5210.111     0.962500      6191618        26.67
    5292.031     0.968750      6232149        32.00
    5341.183     0.971875      6252192        35.56
    5394.431     0.975000      6271988        40.00
    5447.679     0.978125      6293038        45.71
    5509.119     0.981250      6312847        53.33
    5574.655     0.984375      6332736        64.00
    5615.615     0.985938      6342990        71.11
    5652.479     0.987500      6352363        80.00
    5689.343     0.989062      6362842        91.43
    5726.207     0.990625      6372496       106.67
    5775.359     0.992188      6382387       128.00
    5812.223     0.992969      6387712       142.22
    5844.991     0.993750      6392399       160.00
    5885.951     0.994531      6397588       182.86
    5926.911     0.995313      6402632       213.33
    5959.679     0.996094      6408082       256.00
    5971.967     0.996484      6410133       284.44
    5996.543     0.996875      6412541       320.00
    6029.311     0.997266      6415357       365.71
    6053.887     0.997656      6417815       426.67
    6070.271     0.998047      6420480       512.00
    6078.463     0.998242      6422006       568.89
    6082.559     0.998437      6422780       640.00
    6090.751     0.998633      6424289       731.43
    6098.943     0.998828      6425577       853.33
    6107.135     0.999023      6426656      1024.00
    6111.231     0.999121      6427135      1137.78
    6119.423     0.999219      6427872      1280.00
    6127.615     0.999316      6428396      1462.86
    6139.903     0.999414      6428929      1706.67
    6168.575     0.999512      6429470      2048.00
    6184.959     0.999561      6429764      2275.56
    6221.823     0.999609      6430129      2560.00
    6242.303     0.999658      6430400      2925.71
    6262.783     0.999707      6430751      3413.33
    6270.975     0.999756      6431028      4096.00
    6275.071     0.999780      6431178      4551.11
    6279.167     0.999805      6431338      5120.00
    6287.359     0.999829      6431622      5851.43
    6291.455     0.999854      6431761      6826.67
    6295.551     0.999878      6431876      8192.00
    6299.647     0.999890      6431976      9102.22
    6299.647     0.999902      6431976     10240.00
    6303.743     0.999915      6432072     11702.86
    6307.839     0.999927      6432185     13653.33
    6311.935     0.999939      6432276     16384.00
    6311.935     0.999945      6432276     18204.44
    6311.935     0.999951      6432276     20480.00
    6316.031     0.999957      6432352     23405.71
    6316.031     0.999963      6432352     27306.67
    6320.127     0.999969      6432409     32768.00
    6320.127     0.999973      6432409     36408.89
    6324.223     0.999976      6432448     40960.00
    6324.223     0.999979      6432448     46811.43
    6328.319     0.999982      6432493     54613.33
    6328.319     0.999985      6432493     65536.00
    6332.415     0.999986      6432535     72817.78
    6332.415     0.999988      6432535     81920.00
    6332.415     0.999989      6432535     93622.86
    6332.415     0.999991      6432535    109226.67
    6336.511     0.999992      6432554    131072.00
    6336.511     0.999993      6432554    145635.56
    6336.511     0.999994      6432554    163840.00
    6336.511     0.999995      6432554    187245.71
    6340.607     0.999995      6432575    218453.33
    6340.607     0.999996      6432575    262144.00
    6340.607     0.999997      6432575    291271.11
    6340.607     0.999997      6432575    327680.00
    6340.607     0.999997      6432575    374491.43
    6340.607     0.999998      6432575    436906.67
    6340.607     0.999998      6432575    524288.00
    6340.607     0.999998      6432575    582542.22
    6344.703     0.999998      6432585    655360.00
    6344.703     1.000000      6432585          inf
#[Mean    =     2930.297, StdDeviation   =     1357.918]
#[Max     =     6340.608, Total count    =      6432585]
#[Buckets =           27, SubBuckets     =         2048]
----------------------------------------------------------
  7740980 requests in 1.00m, 538.91MB read
Requests/sec: 129017.34
Transfer/sec:      8.98MB
