Running 1m test @ http://erik-pc.local:8080/greeting/Bob
  4 threads and 100 connections
  Thread calibration: mean lat.: 327.555ms, rate sampling interval: 1420ms
  Thread calibration: mean lat.: 385.382ms, rate sampling interval: 1509ms
  Thread calibration: mean lat.: 357.967ms, rate sampling interval: 1383ms
  Thread calibration: mean lat.: 311.855ms, rate sampling interval: 1321ms
  Thread Stats   Avg      Stdev     Max   +/- Stdev
    Latency     2.90s     1.20s    6.04s    60.14%
    Req/Sec    32.25k   754.61    34.13k    66.67%
  Latency Distribution (HdrHistogram - Recorded Latency)
 50.000%    2.88s 
 75.000%    3.84s 
 90.000%    4.58s 
 99.000%    5.43s 
 99.900%    5.85s 
 99.990%    5.99s 
 99.999%    6.04s 
100.000%    6.05s 

  Detailed Percentile spectrum:
       Value   Percentile   TotalCount 1/(1-Percentile)

     630.271     0.000000            1         1.00
    1272.831     0.100000       644055         1.11
    1697.791     0.200000      1286538         1.25
    2113.535     0.300000      1929201         1.43
    2529.279     0.400000      2574933         1.67
    2881.535     0.500000      3216658         2.00
    3047.423     0.550000      3538024         2.22
    3217.407     0.600000      3860402         2.50
    3405.823     0.650000      4182083         2.86
    3604.479     0.700000      4502337         3.33
    3837.951     0.750000      4823187         4.00
    3966.975     0.775000      4983155         4.44
    4095.999     0.800000      5144022         5.00
    4214.783     0.825000      5305579         5.71
    4337.663     0.850000      5470076         6.67
    4452.351     0.875000      5630479         8.00
    4513.791     0.887500      5706169         8.89
    4579.327     0.900000      5790036        10.00
    4644.863     0.912500      5869083        11.43
    4714.495     0.925000      5948801        13.33
    4784.127     0.937500      6028056        16.00
    4829.183     0.943750      6070861        17.78
    4866.047     0.950000      6109150        20.00
    4907.007     0.956250      6149106        22.86
    4956.159     0.962500      6191064        26.67
    5009.407     0.968750      6231020        32.00
    5038.079     0.971875      6251089        35.56
    5066.751     0.975000      6269443        40.00
    5107.711     0.978125      6288964        45.71
    5169.151     0.981250      6309050        53.33
    5246.975     0.984375      6329070        64.00
    5287.935     0.985938      6339465        71.11
    5341.183     0.987500      6349729        80.00
    5398.527     0.989062      6359419        91.43
    5451.775     0.990625      6369497       106.67
    5509.119     0.992188      6379444       128.00
    5533.695     0.992969      6384564       142.22
    5570.559     0.993750      6389544       160.00
    5611.519     0.994531      6394327       182.86
    5636.095     0.995313      6399956       213.33
    5664.767     0.996094      6404308       256.00
    5693.439     0.996484      6406968       284.44
    5718.015     0.996875      6409483       320.00
    5742.591     0.997266      6412246       365.71
    5763.071     0.997656      6414324       426.67
    5795.839     0.998047      6417182       512.00
    5804.031     0.998242      6418297       568.89
    5812.223     0.998437      6419535       640.00
    5820.415     0.998633      6420727       731.43
    5832.703     0.998828      6421936       853.33
    5853.183     0.999023      6423258      1024.00
    5865.471     0.999121      6423877      1137.78
    5877.759     0.999219      6424371      1280.00
    5906.431     0.999316      6425049      1462.86
    5922.815     0.999414      6425628      1706.67
    5935.103     0.999512      6426363      2048.00
    5939.199     0.999561      6426598      2275.56
    5947.391     0.999609      6427099      2560.00
    5951.487     0.999658      6427333      2925.71
    5955.583     0.999707      6427584      3413.33
    5959.679     0.999756      6427819      4096.00
    5963.775     0.999780      6428034      4551.11
    5967.871     0.999805      6428227      5120.00
    5971.967     0.999829      6428388      5851.43
    5976.063     0.999854      6428487      6826.67
    5984.255     0.999878      6428650      8192.00
    5988.351     0.999890      6428731      9102.22
    5992.447     0.999902      6428825     10240.00
    5996.543     0.999915      6428893     11702.86
    6000.639     0.999927      6428943     13653.33
    6004.735     0.999939      6428996     16384.00
    6008.831     0.999945      6429061     18204.44
    6012.927     0.999951      6429116     20480.00
    6012.927     0.999957      6429116     23405.71
    6017.023     0.999963      6429182     27306.67
    6021.119     0.999969      6429234     32768.00
    6021.119     0.999973      6429234     36408.89
    6021.119     0.999976      6429234     40960.00
    6025.215     0.999979      6429258     46811.43
    6029.311     0.999982      6429289     54613.33
    6033.407     0.999985      6429322     65536.00
    6033.407     0.999986      6429322     72817.78
    6033.407     0.999988      6429322     81920.00
    6033.407     0.999989      6429322     93622.86
    6037.503     0.999991      6429354    109226.67
    6037.503     0.999992      6429354    131072.00
    6037.503     0.999993      6429354    145635.56
    6037.503     0.999994      6429354    163840.00
    6037.503     0.999995      6429354    187245.71
    6041.599     0.999995      6429373    218453.33
    6041.599     0.999996      6429373    262144.00
    6041.599     0.999997      6429373    291271.11
    6041.599     0.999997      6429373    327680.00
    6041.599     0.999997      6429373    374491.43
    6045.695     0.999998      6429388    436906.67
    6045.695     1.000000      6429388          inf
#[Mean    =     2902.615, StdDeviation   =     1203.462]
#[Max     =     6041.600, Total count    =      6429388]
#[Buckets =           27, SubBuckets     =         2048]
----------------------------------------------------------
  7704241 requests in 1.00m, 536.36MB read
Requests/sec: 128405.00
Transfer/sec:      8.94MB
