Running 1m test @ http://erik-pc.local:8080/greeting/Bob
  4 threads and 100 connections
  Thread calibration: mean lat.: 322.003ms, rate sampling interval: 1210ms
  Thread calibration: mean lat.: 332.335ms, rate sampling interval: 1272ms
  Thread calibration: mean lat.: 299.888ms, rate sampling interval: 1118ms
  Thread calibration: mean lat.: 337.520ms, rate sampling interval: 1177ms
  Thread Stats   Avg      Stdev     Max   +/- Stdev
    Latency     2.76s     1.17s    5.35s    60.90%
    Req/Sec    32.14k     1.03k   34.57k    63.86%
  Latency Distribution (HdrHistogram - Recorded Latency)
 50.000%    2.78s 
 75.000%    3.68s 
 90.000%    4.33s 
 99.000%    4.98s 
 99.900%    5.23s 
 99.990%    5.33s 
 99.999%    5.35s 
100.000%    5.35s 

  Detailed Percentile spectrum:
       Value   Percentile   TotalCount 1/(1-Percentile)

     501.503     0.000000            1         1.00
    1131.519     0.100000       642604         1.11
    1547.263     0.200000      1282684         1.25
    2009.087     0.300000      1924079         1.43
    2387.967     0.400000      2566989         1.67
    2781.183     0.500000      3205837         2.00
    3010.559     0.550000      3525998         2.22
    3211.263     0.600000      3848457         2.50
    3375.103     0.650000      4166579         2.86
    3526.655     0.700000      4487801         3.33
    3684.351     0.750000      4811281         4.00
    3764.223     0.775000      4969696         4.44
    3852.287     0.800000      5130715         5.00
    3958.783     0.825000      5289198         5.71
    4075.519     0.850000      5450460         6.67
    4198.399     0.875000      5609172         8.00
    4263.935     0.887500      5692033         8.89
    4325.375     0.900000      5772279        10.00
    4386.815     0.912500      5849739        11.43
    4464.639     0.925000      5930450        13.33
    4538.367     0.937500      6010432        16.00
    4575.231     0.943750      6051661        17.78
    4616.191     0.950000      6090066        20.00
    4665.343     0.956250      6130116        22.86
    4714.495     0.962500      6172384        26.67
    4763.647     0.968750      6211236        32.00
    4788.223     0.971875      6229856        35.56
    4820.991     0.975000      6251698        40.00
    4849.663     0.978125      6270449        45.71
    4882.431     0.981250      6290822        53.33
    4911.103     0.984375      6311179        64.00
    4927.487     0.985938      6320453        71.11
    4943.871     0.987500      6329660        80.00
    4968.447     0.989062      6340301        91.43
    4993.023     0.990625      6350394       106.67
    5017.599     0.992188      6359718       128.00
    5033.983     0.992969      6365178       142.22
    5050.367     0.993750      6370049       160.00
    5066.751     0.994531      6375279       182.86
    5083.135     0.995313      6379979       213.33
    5107.711     0.996094      6385144       256.00
    5119.999     0.996484      6387576       284.44
    5132.287     0.996875      6389815       320.00
    5148.671     0.997266      6392298       365.71
    5173.247     0.997656      6395185       426.67
    5189.631     0.998047      6397494       512.00
    5197.823     0.998242      6398766       568.89
    5206.015     0.998437      6400221       640.00
    5214.207     0.998633      6401547       731.43
    5222.399     0.998828      6402819       853.33
    5230.591     0.999023      6403882      1024.00
    5234.687     0.999121      6404308      1137.78
    5242.879     0.999219      6405031      1280.00
    5251.071     0.999316      6405554      1462.86
    5259.263     0.999414      6406020      1706.67
    5275.647     0.999512      6406670      2048.00
    5287.935     0.999561      6407068      2275.56
    5296.127     0.999609      6407465      2560.00
    5300.223     0.999658      6407670      2925.71
    5308.415     0.999707      6408074      3413.33
    5312.511     0.999756      6408290      4096.00
    5316.607     0.999780      6408489      4551.11
    5320.703     0.999805      6408747      5120.00
    5320.703     0.999829      6408747      5851.43
    5324.799     0.999854      6408966      6826.67
    5328.895     0.999878      6409136      8192.00
    5328.895     0.999890      6409136      9102.22
    5332.991     0.999902      6409289     10240.00
    5332.991     0.999915      6409289     11702.86
    5337.087     0.999927      6409468     13653.33
    5337.087     0.999939      6409468     16384.00
    5337.087     0.999945      6409468     18204.44
    5337.087     0.999951      6409468     20480.00
    5341.183     0.999957      6409624     23405.71
    5341.183     0.999963      6409624     27306.67
    5341.183     0.999969      6409624     32768.00
    5341.183     0.999973      6409624     36408.89
    5341.183     0.999976      6409624     40960.00
    5345.279     0.999979      6409711     46811.43
    5345.279     0.999982      6409711     54613.33
    5345.279     0.999985      6409711     65536.00
    5345.279     0.999986      6409711     72817.78
    5345.279     0.999988      6409711     81920.00
    5345.279     0.999989      6409711     93622.86
    5349.375     0.999991      6409756    109226.67
    5349.375     0.999992      6409756    131072.00
    5349.375     0.999993      6409756    145635.56
    5349.375     0.999994      6409756    163840.00
    5349.375     0.999995      6409756    187245.71
    5349.375     0.999995      6409756    218453.33
    5349.375     0.999996      6409756    262144.00
    5349.375     0.999997      6409756    291271.11
    5349.375     0.999997      6409756    327680.00
    5349.375     0.999997      6409756    374491.43
    5353.471     0.999998      6409772    436906.67
    5353.471     1.000000      6409772          inf
#[Mean    =     2758.882, StdDeviation   =     1165.300]
#[Max     =     5349.376, Total count    =      6409772]
#[Buckets =           27, SubBuckets     =         2048]
----------------------------------------------------------
  7691039 requests in 1.00m, 535.44MB read
Requests/sec: 128185.29
Transfer/sec:      8.92MB
