Running 1m test @ http://erik-pc.local:8080/greeting/Bob
  4 threads and 100 connections
  Thread calibration: mean lat.: 1.338ms, rate sampling interval: 10ms
  Thread calibration: mean lat.: 1.294ms, rate sampling interval: 10ms
  Thread calibration: mean lat.: 1.278ms, rate sampling interval: 10ms
  Thread calibration: mean lat.: 1.281ms, rate sampling interval: 10ms
  Thread Stats   Avg      Stdev     Max   +/- Stdev
    Latency     1.28ms  586.26us   4.87ms   65.22%
    Req/Sec    18.45k     1.21k   23.33k    71.23%
  Latency Distribution (HdrHistogram - Recorded Latency)
 50.000%    1.22ms
 75.000%    1.70ms
 90.000%    2.12ms
 99.000%    2.62ms
 99.900%    3.15ms
 99.990%    3.74ms
 99.999%    4.27ms
100.000%    4.87ms

  Detailed Percentile spectrum:
       Value   Percentile   TotalCount 1/(1-Percentile)

       0.115     0.000000            1         1.00
       0.517     0.100000       349335         1.11
       0.769     0.200000       698582         1.25
       0.926     0.300000      1047916         1.43
       1.064     0.400000      1398260         1.67
       1.215     0.500000      1746361         2.00
       1.296     0.550000      1921040         2.22
       1.384     0.600000      2095276         2.50
       1.483     0.650000      2270919         2.86
       1.588     0.700000      2445244         3.33
       1.697     0.750000      2619199         4.00
       1.755     0.775000      2706248         4.44
       1.818     0.800000      2793846         5.00
       1.887     0.825000      2880680         5.71
       1.962     0.850000      2968434         6.67
       2.041     0.875000      3055542         8.00
       2.081     0.887500      3099350         8.89
       2.123     0.900000      3143811        10.00
       2.163     0.912500      3185814        11.43
       2.207     0.925000      3229480        13.33
       2.255     0.937500      3273734        16.00
       2.281     0.943750      3295833        17.78
       2.307     0.950000      3316865        20.00
       2.337     0.956250      3339312        22.86
       2.369     0.962500      3360884        26.67
       2.405     0.968750      3382476        32.00
       2.425     0.971875      3393181        35.56
       2.449     0.975000      3404772        40.00
       2.473     0.978125      3415296        45.71
       2.501     0.981250      3426187        53.33
       2.535     0.984375      3437098        64.00
       2.555     0.985938      3442425        71.11
       2.579     0.987500      3448031        80.00
       2.605     0.989062      3453274        91.43
       2.637     0.990625      3458773       106.67
       2.675     0.992188      3464030       128.00
       2.701     0.992969      3466821       142.22
       2.731     0.993750      3469618       160.00
       2.763     0.994531      3472238       182.86
       2.801     0.995313      3474916       213.33
       2.847     0.996094      3477723       256.00
       2.871     0.996484      3478999       284.44
       2.899     0.996875      3480375       320.00
       2.931     0.997266      3481787       365.71
       2.965     0.997656      3483153       426.67
       3.003     0.998047      3484455       512.00
       3.027     0.998242      3485176       568.89
       3.051     0.998437      3485859       640.00
       3.079     0.998633      3486493       731.43
       3.115     0.998828      3487170       853.33
       3.157     0.999023      3487865      1024.00
       3.185     0.999121      3488210      1137.78
       3.213     0.999219      3488534      1280.00
       3.247     0.999316      3488880      1462.86
       3.289     0.999414      3489232      1706.67
       3.331     0.999512      3489557      2048.00
       3.361     0.999561      3489743      2275.56
       3.389     0.999609      3489903      2560.00
       3.421     0.999658      3490077      2925.71
       3.455     0.999707      3490239      3413.33
       3.503     0.999756      3490408      4096.00
       3.535     0.999780      3490495      4551.11
       3.563     0.999805      3490582      5120.00
       3.597     0.999829      3490668      5851.43
       3.645     0.999854      3490751      6826.67
       3.685     0.999878      3490835      8192.00
       3.719     0.999890      3490877      9102.22
       3.753     0.999902      3490923     10240.00
       3.797     0.999915      3490962     11702.86
       3.861     0.999927      3491005     13653.33
       3.915     0.999939      3491048     16384.00
       3.943     0.999945      3491069     18204.44
       3.975     0.999951      3491090     20480.00
       4.005     0.999957      3491111     23405.71
       4.045     0.999963      3491134     27306.67
       4.087     0.999969      3491154     32768.00
       4.107     0.999973      3491165     36408.89
       4.127     0.999976      3491175     40960.00
       4.163     0.999979      3491189     46811.43
       4.183     0.999982      3491197     54613.33
       4.215     0.999985      3491208     65536.00
       4.227     0.999986      3491213     72817.78
       4.247     0.999988      3491218     81920.00
       4.259     0.999989      3491223     93622.86
       4.275     0.999991      3491231    109226.67
       4.283     0.999992      3491234    131072.00
       4.307     0.999993      3491237    145635.56
       4.315     0.999994      3491239    163840.00
       4.331     0.999995      3491243    187245.71
       4.351     0.999995      3491245    218453.33
       4.375     0.999996      3491247    262144.00
       4.379     0.999997      3491249    291271.11
       4.411     0.999997      3491250    327680.00
       4.423     0.999997      3491251    374491.43
       4.555     0.999998      3491253    436906.67
       4.615     0.999998      3491254    524288.00
       4.647     0.999998      3491255    582542.22
       4.647     0.999998      3491255    655360.00
       4.683     0.999999      3491256    748982.86
       4.719     0.999999      3491257    873813.33
       4.719     0.999999      3491257   1048576.00
       4.743     0.999999      3491258   1165084.44
       4.743     0.999999      3491258   1310720.00
       4.743     0.999999      3491258   1497965.71
       4.839     0.999999      3491259   1747626.67
       4.839     1.000000      3491259   2097152.00
       4.839     1.000000      3491259   2330168.89
       4.839     1.000000      3491259   2621440.00
       4.839     1.000000      3491259   2995931.43
       4.871     1.000000      3491260   3495253.33
       4.871     1.000000      3491260          inf
#[Mean    =        1.282, StdDeviation   =        0.586]
#[Max     =        4.868, Total count    =      3491260]
#[Buckets =           27, SubBuckets     =         2048]
----------------------------------------------------------
  4195752 requests in 1.00m, 292.10MB read
Requests/sec:  69928.60
Transfer/sec:      4.87MB
