Running 1m test @ http://erik-pc.local:8080/greeting/Bob
  4 threads and 100 connections
  Thread calibration: mean lat.: 49.955ms, rate sampling interval: 207ms
  Thread calibration: mean lat.: 57.383ms, rate sampling interval: 227ms
  Thread calibration: mean lat.: 57.371ms, rate sampling interval: 241ms
  Thread calibration: mean lat.: 65.914ms, rate sampling interval: 269ms
  Thread Stats   Avg      Stdev     Max   +/- Stdev
    Latency   434.56ms  449.29ms   2.30s    84.47%
    Req/Sec    32.78k     2.70k   41.61k    71.76%
  Latency Distribution (HdrHistogram - Recorded Latency)
 50.000%  282.11ms
 75.000%  641.53ms
 90.000%    1.03s 
 99.000%    1.99s 
 99.900%    2.26s 
 99.990%    2.28s 
 99.999%    2.29s 
100.000%    2.30s 

  Detailed Percentile spectrum:
       Value   Percentile   TotalCount 1/(1-Percentile)

       0.133     0.000000            1         1.00
      26.591     0.100000       651904         1.11
      58.399     0.200000      1303613         1.25
     112.383     0.300000      1955487         1.43
     189.951     0.400000      2606980         1.67
     282.111     0.500000      3260043         2.00
     335.615     0.550000      3585445         2.22
     416.511     0.600000      3910568         2.50
     489.471     0.650000      4236600         2.86
     567.807     0.700000      4562369         3.33
     641.535     0.750000      4890128         4.00
     689.151     0.775000      5052227         4.44
     751.103     0.800000      5214138         5.00
     820.735     0.825000      5377771         5.71
     901.631     0.850000      5540167         6.67
     964.607     0.875000      5703838         8.00
    1001.471     0.887500      5784580         8.89
    1034.751     0.900000      5866500        10.00
    1075.199     0.912500      5947316        11.43
    1135.615     0.925000      6028732        13.33
    1195.007     0.937500      6111028        16.00
    1291.263     0.943750      6150895        17.78
    1393.663     0.950000      6191840        20.00
    1430.527     0.956250      6232564        22.86
    1547.263     0.962500      6273266        26.67
    1594.367     0.968750      6314445        32.00
    1647.615     0.971875      6334220        35.56
    1712.127     0.975000      6354570        40.00
    1773.567     0.978125      6374878        45.71
    1840.127     0.981250      6395392        53.33
    1900.543     0.984375      6415725        64.00
    1932.287     0.985938      6425824        71.11
    1951.743     0.987500      6436306        80.00
    1971.199     0.989062      6446247        91.43
    1999.871     0.990625      6456538       106.67
    2021.375     0.992188      6466644       128.00
    2075.647     0.992969      6471642       142.22
    2111.487     0.993750      6476772       160.00
    2146.303     0.994531      6482104       182.86
    2164.735     0.995313      6486973       213.33
    2181.119     0.996094      6492361       256.00
    2187.263     0.996484      6494834       284.44
    2195.455     0.996875      6497727       320.00
    2203.647     0.997266      6500065       365.71
    2215.935     0.997656      6502184       426.67
    2236.415     0.998047      6504830       512.00
    2242.559     0.998242      6506385       568.89
    2246.655     0.998437      6507634       640.00
    2250.751     0.998633      6509085       731.43
    2252.799     0.998828      6509812       853.33
    2256.895     0.999023      6511313      1024.00
    2258.943     0.999121      6511999      1137.78
    2260.991     0.999219      6512674      1280.00
    2263.039     0.999316      6513330      1462.86
    2265.087     0.999414      6513974      1706.67
    2267.135     0.999512      6514549      2048.00
    2269.183     0.999561      6515063      2275.56
    2269.183     0.999609      6515063      2560.00
    2271.231     0.999658      6515487      2925.71
    2273.279     0.999707      6515890      3413.33
    2273.279     0.999756      6515890      4096.00
    2275.327     0.999780      6516247      4551.11
    2275.327     0.999805      6516247      5120.00
    2277.375     0.999829      6516533      5851.43
    2277.375     0.999854      6516533      6826.67
    2279.423     0.999878      6516784      8192.00
    2279.423     0.999890      6516784      9102.22
    2281.471     0.999902      6516976     10240.00
    2281.471     0.999915      6516976     11702.86
    2281.471     0.999927      6516976     13653.33
    2283.519     0.999939      6517097     16384.00
    2283.519     0.999945      6517097     18204.44
    2285.567     0.999951      6517187     20480.00
    2285.567     0.999957      6517187     23405.71
    2287.615     0.999963      6517262     27306.67
    2287.615     0.999969      6517262     32768.00
    2287.615     0.999973      6517262     36408.89
    2289.663     0.999976      6517323     40960.00
    2289.663     0.999979      6517323     46811.43
    2289.663     0.999982      6517323     54613.33
    2291.711     0.999985      6517369     65536.00
    2291.711     0.999986      6517369     72817.78
    2291.711     0.999988      6517369     81920.00
    2291.711     0.999989      6517369     93622.86
    2293.759     0.999991      6517411    109226.67
    2293.759     0.999992      6517411    131072.00
    2293.759     0.999993      6517411    145635.56
    2293.759     0.999994      6517411    163840.00
    2293.759     0.999995      6517411    187245.71
    2293.759     0.999995      6517411    218453.33
    2293.759     0.999996      6517411    262144.00
    2293.759     0.999997      6517411    291271.11
    2295.807     0.999997      6517430    327680.00
    2295.807     0.999997      6517430    374491.43
    2295.807     0.999998      6517430    436906.67
    2295.807     0.999998      6517430    524288.00
    2295.807     0.999998      6517430    582542.22
    2295.807     0.999998      6517430    655360.00
    2295.807     0.999999      6517430    748982.86
    2295.807     0.999999      6517430    873813.33
    2295.807     0.999999      6517430   1048576.00
    2295.807     0.999999      6517430   1165084.44
    2295.807     0.999999      6517430   1310720.00
    2295.807     0.999999      6517430   1497965.71
    2295.807     0.999999      6517430   1747626.67
    2295.807     1.000000      6517430   2097152.00
    2295.807     1.000000      6517430   2330168.89
    2295.807     1.000000      6517430   2621440.00
    2295.807     1.000000      6517430   2995931.43
    2297.855     1.000000      6517432   3495253.33
    2297.855     1.000000      6517432          inf
#[Mean    =      434.557, StdDeviation   =      449.287]
#[Max     =     2295.808, Total count    =      6517432]
#[Buckets =           27, SubBuckets     =         2048]
----------------------------------------------------------
  7826673 requests in 1.00m, 544.88MB read
Requests/sec: 130415.63
Transfer/sec:      9.08MB
