Running 1m test @ http://erik-pc.local:8080/greeting/Bob
  4 threads and 100 connections
  Thread calibration: mean lat.: 383.902ms, rate sampling interval: 1350ms
  Thread calibration: mean lat.: 133.848ms, rate sampling interval: 507ms
  Thread calibration: mean lat.: 197.691ms, rate sampling interval: 689ms
  Thread calibration: mean lat.: 114.050ms, rate sampling interval: 448ms
  Thread Stats   Avg      Stdev     Max   +/- Stdev
    Latency     1.15s   746.28ms   3.25s    68.00%
    Req/Sec    17.01k     1.25k   20.24k    73.19%
  Latency Distribution (HdrHistogram - Recorded Latency)
 50.000%    1.01s 
 75.000%    1.57s 
 90.000%    2.33s 
 99.000%    3.05s 
 99.900%    3.19s 
 99.990%    3.23s 
 99.999%    3.24s 
100.000%    3.25s 

  Detailed Percentile spectrum:
       Value   Percentile   TotalCount 1/(1-Percentile)

       0.285     0.000000            1         1.00
     299.007     0.100000       338572         1.11
     471.807     0.200000       676868         1.25
     664.575     0.300000      1015303         1.43
     818.175     0.400000      1354023         1.67
    1006.079     0.500000      1691902         2.00
    1115.135     0.550000      1861732         2.22
    1206.271     0.600000      2030984         2.50
    1327.103     0.650000      2199291         2.86
    1431.551     0.700000      2369277         3.33
    1573.887     0.750000      2537809         4.00
    1662.975     0.775000      2622975         4.44
    1743.871     0.800000      2706705         5.00
    1832.959     0.825000      2791679         5.71
    2008.063     0.850000      2875888         6.67
    2203.647     0.875000      2960692         8.00
    2273.279     0.887500      3003076         8.89
    2332.671     0.900000      3046295        10.00
    2390.015     0.912500      3088222        11.43
    2473.983     0.925000      3130303        13.33
    2609.151     0.937500      3171975        16.00
    2654.207     0.943750      3194151        17.78
    2691.071     0.950000      3215238        20.00
    2725.887     0.956250      3235444        22.86
    2768.895     0.962500      3256833        26.67
    2813.951     0.968750      3278268        32.00
    2838.527     0.971875      3288921        35.56
    2865.151     0.975000      3299485        40.00
    2895.871     0.978125      3309462        45.71
    2928.639     0.981250      3320266        53.33
    2959.359     0.984375      3330708        64.00
    2977.791     0.985938      3335824        71.11
    3004.415     0.987500      3341341        80.00
    3033.087     0.989062      3346370        91.43
    3061.759     0.990625      3351657       106.67
    3094.527     0.992188      3356968       128.00
    3110.911     0.992969      3359942       142.22
    3121.151     0.993750      3362502       160.00
    3129.343     0.994531      3364881       182.86
    3139.583     0.995313      3367969       213.33
    3147.775     0.996094      3370507       256.00
    3151.871     0.996484      3371816       284.44
    3155.967     0.996875      3373114       320.00
    3160.063     0.997266      3374365       365.71
    3164.159     0.997656      3375482       426.67
    3170.303     0.998047      3377003       512.00
    3172.351     0.998242      3377447       568.89
    3176.447     0.998437      3378251       640.00
    3180.543     0.998633      3378998       731.43
    3184.639     0.998828      3379661       853.33
    3188.735     0.999023      3380260      1024.00
    3190.783     0.999121      3380539      1137.78
    3192.831     0.999219      3380789      1280.00
    3196.927     0.999316      3381258      1462.86
    3198.975     0.999414      3381487      1706.67
    3203.071     0.999512      3381844      2048.00
    3205.119     0.999561      3381996      2275.56
    3207.167     0.999609      3382149      2560.00
    3209.215     0.999658      3382292      2925.71
    3211.263     0.999707      3382418      3413.33
    3213.311     0.999756      3382527      4096.00
    3215.359     0.999780      3382631      4551.11
    3217.407     0.999805      3382732      5120.00
    3219.455     0.999829      3382820      5851.43
    3221.503     0.999854      3382908      6826.67
    3223.551     0.999878      3382978      8192.00
    3225.599     0.999890      3383043      9102.22
    3225.599     0.999902      3383043     10240.00
    3227.647     0.999915      3383096     11702.86
    3229.695     0.999927      3383141     13653.33
    3231.743     0.999939      3383181     16384.00
    3231.743     0.999945      3383181     18204.44
    3233.791     0.999951      3383214     20480.00
    3233.791     0.999957      3383214     23405.71
    3235.839     0.999963      3383243     27306.67
    3237.887     0.999969      3383267     32768.00
    3237.887     0.999973      3383267     36408.89
    3239.935     0.999976      3383288     40960.00
    3239.935     0.999979      3383288     46811.43
    3241.983     0.999982      3383305     54613.33
    3241.983     0.999985      3383305     65536.00
    3241.983     0.999986      3383305     72817.78
    3244.031     0.999988      3383326     81920.00
    3244.031     0.999989      3383326     93622.86
    3244.031     0.999991      3383326    109226.67
    3244.031     0.999992      3383326    131072.00
    3246.079     0.999993      3383333    145635.56
    3246.079     0.999994      3383333    163840.00
    3246.079     0.999995      3383333    187245.71
    3248.127     0.999995      3383339    218453.33
    3248.127     0.999996      3383339    262144.00
    3250.175     0.999997      3383346    291271.11
    3250.175     0.999997      3383346    327680.00
    3250.175     0.999997      3383346    374491.43
    3250.175     0.999998      3383346    436906.67
    3250.175     0.999998      3383346    524288.00
    3250.175     0.999998      3383346    582542.22
    3250.175     0.999998      3383346    655360.00
    3252.223     0.999999      3383348    748982.86
    3252.223     0.999999      3383348    873813.33
    3252.223     0.999999      3383348   1048576.00
    3254.271     0.999999      3383351   1165084.44
    3254.271     1.000000      3383351          inf
#[Mean    =     1150.494, StdDeviation   =      746.284]
#[Max     =     3252.224, Total count    =      3383351]
#[Buckets =           27, SubBuckets     =         2048]
----------------------------------------------------------
  4063050 requests in 1.00m, 337.11MB read
Requests/sec:  67691.95
Transfer/sec:      5.62MB
