Running 1m test @ http://erik-pc.local:8080/greeting/Bob
  4 threads and 100 connections
  Thread calibration: mean lat.: 1.195ms, rate sampling interval: 10ms
  Thread calibration: mean lat.: 1.180ms, rate sampling interval: 10ms
  Thread calibration: mean lat.: 1.201ms, rate sampling interval: 10ms
  Thread calibration: mean lat.: 1.170ms, rate sampling interval: 10ms
  Thread Stats   Avg      Stdev     Max   +/- Stdev
    Latency     1.18ms  517.28us   4.78ms   64.40%
    Req/Sec    15.83k     1.06k   20.33k    74.30%
  Latency Distribution (HdrHistogram - Recorded Latency)
 50.000%    1.15ms
 75.000%    1.55ms
 90.000%    1.87ms
 99.000%    2.41ms
 99.900%    2.97ms
 99.990%    3.53ms
 99.999%    4.38ms
100.000%    4.78ms

  Detailed Percentile spectrum:
       Value   Percentile   TotalCount 1/(1-Percentile)

       0.126     0.000000            1         1.00
       0.522     0.100000       300300         1.11
       0.686     0.200000       599667         1.25
       0.843     0.300000       898125         1.43
       0.996     0.400000      1198683         1.67
       1.148     0.500000      1497087         2.00
       1.226     0.550000      1647707         2.22
       1.302     0.600000      1795900         2.50
       1.382     0.650000      1945765         2.86
       1.463     0.700000      2095221         3.33
       1.550     0.750000      2245936         4.00
       1.594     0.775000      2319350         4.44
       1.641     0.800000      2394407         5.00
       1.691     0.825000      2469005         5.71
       1.745     0.850000      2544019         6.67
       1.804     0.875000      2619084         8.00
       1.837     0.887500      2656898         8.89
       1.870     0.900000      2693366        10.00
       1.907     0.912500      2731393        11.43
       1.946     0.925000      2768091        13.33
       1.991     0.937500      2806153        16.00
       2.016     0.943750      2824671        17.78
       2.043     0.950000      2843359        20.00
       2.073     0.956250      2862415        22.86
       2.107     0.962500      2881037        26.67
       2.147     0.968750      2899078        32.00
       2.173     0.971875      2909037        35.56
       2.199     0.975000      2918034        40.00
       2.229     0.978125      2927111        45.71
       2.265     0.981250      2936733        53.33
       2.307     0.984375      2945937        64.00
       2.333     0.985938      2950737        71.11
       2.359     0.987500      2955142        80.00
       2.393     0.989062      2960033        91.43
       2.429     0.990625      2964646       106.67
       2.473     0.992188      2969254       128.00
       2.501     0.992969      2971572       142.22
       2.533     0.993750      2973857       160.00
       2.571     0.994531      2976203       182.86
       2.611     0.995313      2978470       213.33
       2.661     0.996094      2980845       256.00
       2.689     0.996484      2982034       284.44
       2.719     0.996875      2983191       320.00
       2.751     0.997266      2984336       365.71
       2.789     0.997656      2985501       426.67
       2.829     0.998047      2986699       512.00
       2.849     0.998242      2987238       568.89
       2.877     0.998437      2987865       640.00
       2.903     0.998633      2988411       731.43
       2.939     0.998828      2989002       853.33
       2.979     0.999023      2989587      1024.00
       3.003     0.999121      2989887      1137.78
       3.027     0.999219      2990171      1280.00
       3.055     0.999316      2990476      1462.86
       3.085     0.999414      2990743      1706.67
       3.125     0.999512      2991043      2048.00
       3.143     0.999561      2991186      2275.56
       3.167     0.999609      2991332      2560.00
       3.193     0.999658      2991476      2925.71
       3.231     0.999707      2991625      3413.33
       3.277     0.999756      2991766      4096.00
       3.299     0.999780      2991843      4551.11
       3.331     0.999805      2991913      5120.00
       3.373     0.999829      2991985      5851.43
       3.419     0.999854      2992059      6826.67
       3.465     0.999878      2992134      8192.00
       3.495     0.999890      2992168      9102.22
       3.549     0.999902      2992204     10240.00
       3.609     0.999915      2992241     11702.86
       3.663     0.999927      2992278     13653.33
       3.709     0.999939      2992315     16384.00
       3.735     0.999945      2992333     18204.44
       3.751     0.999951      2992353     20480.00
       3.797     0.999957      2992369     23405.71
       3.859     0.999963      2992387     27306.67
       3.951     0.999969      2992406     32768.00
       3.985     0.999973      2992414     36408.89
       4.035     0.999976      2992423     40960.00
       4.093     0.999979      2992433     46811.43
       4.155     0.999982      2992443     54613.33
       4.219     0.999985      2992452     65536.00
       4.235     0.999986      2992455     72817.78
       4.303     0.999988      2992460     81920.00
       4.379     0.999989      2992465     93622.86
       4.395     0.999991      2992469    109226.67
       4.415     0.999992      2992474    131072.00
       4.431     0.999993      2992476    145635.56
       4.447     0.999994      2992478    163840.00
       4.455     0.999995      2992481    187245.71
       4.459     0.999995      2992483    218453.33
       4.479     0.999996      2992485    262144.00
       4.487     0.999997      2992486    291271.11
       4.491     0.999997      2992487    327680.00
       4.511     0.999997      2992489    374491.43
       4.515     0.999998      2992490    436906.67
       4.563     0.999998      2992491    524288.00
       4.563     0.999998      2992491    582542.22
       4.667     0.999998      2992492    655360.00
       4.671     0.999999      2992493    748982.86
       4.671     0.999999      2992493    873813.33
       4.695     0.999999      2992494   1048576.00
       4.695     0.999999      2992494   1165084.44
       4.695     0.999999      2992494   1310720.00
       4.723     0.999999      2992495   1497965.71
       4.723     0.999999      2992495   1747626.67
       4.723     1.000000      2992495   2097152.00
       4.723     1.000000      2992495   2330168.89
       4.723     1.000000      2992495   2621440.00
       4.783     1.000000      2992496   2995931.43
       4.783     1.000000      2992496          inf
#[Mean    =        1.176, StdDeviation   =        0.517]
#[Max     =        4.780, Total count    =      2992496]
#[Buckets =           27, SubBuckets     =         2048]
----------------------------------------------------------
  3596370 requests in 1.00m, 250.37MB read
Requests/sec:  59939.35
Transfer/sec:      4.17MB
