Running 1m test @ http://erik-pc.local:8080/greeting/Bob
  4 threads and 100 connections
  Thread calibration: mean lat.: 1.941ms, rate sampling interval: 10ms
  Thread calibration: mean lat.: 1.822ms, rate sampling interval: 10ms
  Thread calibration: mean lat.: 1.520ms, rate sampling interval: 10ms
  Thread calibration: mean lat.: 1.678ms, rate sampling interval: 10ms
  Thread Stats   Avg      Stdev     Max   +/- Stdev
    Latency     1.75ms  821.58us   7.89ms   65.26%
    Req/Sec     5.28k   830.36     8.33k    82.62%
  Latency Distribution (HdrHistogram - Recorded Latency)
 50.000%    1.65ms
 75.000%    2.30ms
 90.000%    2.94ms
 99.000%    3.74ms
 99.900%    4.18ms
 99.990%    4.55ms
 99.999%    4.88ms
100.000%    7.89ms

  Detailed Percentile spectrum:
       Value   Percentile   TotalCount 1/(1-Percentile)

       0.262     0.000000            1         1.00
       0.755     0.100000        99907         1.11
       0.975     0.200000       199617         1.25
       1.173     0.300000       299482         1.43
       1.390     0.400000       399002         1.67
       1.652     0.500000       498785         2.00
       1.781     0.550000       548774         2.22
       1.908     0.600000       598816         2.50
       2.031     0.650000       648552         2.86
       2.159     0.700000       698679         3.33
       2.295     0.750000       748562         4.00
       2.371     0.775000       773213         4.44
       2.461     0.800000       798300         5.00
       2.561     0.825000       823279         5.71
       2.671     0.850000       848029         6.67
       2.793     0.875000       872850         8.00
       2.863     0.887500       885490         8.89
       2.937     0.900000       897991        10.00
       3.015     0.912500       910421        11.43
       3.095     0.925000       922770        13.33
       3.181     0.937500       935208        16.00
       3.227     0.943750       941582        17.78
       3.275     0.950000       947777        20.00
       3.323     0.956250       953875        22.86
       3.377     0.962500       960200        26.67
       3.439     0.968750       966481        32.00
       3.473     0.971875       969571        35.56
       3.509     0.975000       972616        40.00
       3.549     0.978125       975812        45.71
       3.591     0.981250       978876        53.33
       3.637     0.984375       981954        64.00
       3.663     0.985938       983499        71.11
       3.693     0.987500       985096        80.00
       3.723     0.989062       986625        91.43
       3.759     0.990625       988219       106.67
       3.799     0.992188       989750       128.00
       3.823     0.992969       990525       142.22
       3.845     0.993750       991266       160.00
       3.875     0.994531       992089       182.86
       3.905     0.995313       992868       213.33
       3.939     0.996094       993636       256.00
       3.959     0.996484       994019       284.44
       3.983     0.996875       994386       320.00
       4.009     0.997266       994790       365.71
       4.039     0.997656       995175       426.67
       4.069     0.998047       995552       512.00
       4.089     0.998242       995763       568.89
       4.107     0.998437       995942       640.00
       4.131     0.998633       996147       731.43
       4.159     0.998828       996351       853.33
       4.187     0.999023       996531      1024.00
       4.203     0.999121       996630      1137.78
       4.223     0.999219       996728      1280.00
       4.251     0.999316       996843      1462.86
       4.271     0.999414       996921      1706.67
       4.303     0.999512       997024      2048.00
       4.315     0.999561       997067      2275.56
       4.335     0.999609       997121      2560.00
       4.363     0.999658       997173      2925.71
       4.383     0.999707       997208      3413.33
       4.419     0.999756       997258      4096.00
       4.431     0.999780       997283      4551.11
       4.455     0.999805       997312      5120.00
       4.475     0.999829       997332      5851.43
       4.491     0.999854       997354      6826.67
       4.519     0.999878       997379      8192.00
       4.535     0.999890       997391      9102.22
       4.555     0.999902       997403     10240.00
       4.567     0.999915       997415     11702.86
       4.595     0.999927       997428     13653.33
       4.623     0.999939       997440     16384.00
       4.643     0.999945       997446     18204.44
       4.663     0.999951       997454     20480.00
       4.679     0.999957       997460     23405.71
       4.695     0.999963       997464     27306.67
       4.711     0.999969       997470     32768.00
       4.719     0.999973       997473     36408.89
       4.727     0.999976       997476     40960.00
       4.755     0.999979       997479     46811.43
       4.779     0.999982       997482     54613.33
       4.815     0.999985       997485     65536.00
       4.827     0.999986       997487     72817.78
       4.847     0.999988       997488     81920.00
       4.875     0.999989       997490     93622.86
       4.891     0.999991       997491    109226.67
       4.923     0.999992       997493    131072.00
       4.947     0.999993       997494    145635.56
       4.947     0.999994       997494    163840.00
       4.963     0.999995       997495    187245.71
       4.983     0.999995       997496    218453.33
       4.987     0.999996       997497    262144.00
       4.987     0.999997       997497    291271.11
       4.987     0.999997       997497    327680.00
       5.147     0.999997       997498    374491.43
       5.147     0.999998       997498    436906.67
       5.723     0.999998       997499    524288.00
       5.723     0.999998       997499    582542.22
       5.723     0.999998       997499    655360.00
       5.723     0.999999       997499    748982.86
       5.723     0.999999       997499    873813.33
       7.895     0.999999       997500   1048576.00
       7.895     1.000000       997500          inf
#[Mean    =        1.746, StdDeviation   =        0.822]
#[Max     =        7.892, Total count    =       997500]
#[Buckets =           27, SubBuckets     =         2048]
----------------------------------------------------------
  1198827 requests in 1.00m, 99.47MB read
Requests/sec:  19979.78
Transfer/sec:      1.66MB
