Running 1m test @ http://erik-pc.local:8080/greeting/Bob
  4 threads and 100 connections
  Thread calibration: mean lat.: 1.197ms, rate sampling interval: 10ms
  Thread calibration: mean lat.: 1.158ms, rate sampling interval: 10ms
  Thread calibration: mean lat.: 1.100ms, rate sampling interval: 10ms
  Thread calibration: mean lat.: 1.076ms, rate sampling interval: 10ms
  Thread Stats   Avg      Stdev     Max   +/- Stdev
    Latency     1.13ms  513.97us   4.85ms   63.68%
    Req/Sec    13.13k   746.10    16.67k    73.47%
  Latency Distribution (HdrHistogram - Recorded Latency)
 50.000%    1.09ms
 75.000%    1.52ms
 90.000%    1.82ms
 99.000%    2.36ms
 99.900%    2.89ms
 99.990%    3.46ms
 99.999%    4.20ms
100.000%    4.86ms

  Detailed Percentile spectrum:
       Value   Percentile   TotalCount 1/(1-Percentile)

       0.146     0.000000            1         1.00
       0.475     0.100000       250233         1.11
       0.646     0.200000       498949         1.25
       0.795     0.300000       748253         1.43
       0.933     0.400000       998264         1.67
       1.088     0.500000      1247878         2.00
       1.166     0.550000      1372456         2.22
       1.251     0.600000      1496586         2.50
       1.338     0.650000      1621169         2.86
       1.430     0.700000      1746775         3.33
       1.525     0.750000      1871521         4.00
       1.571     0.775000      1933574         4.44
       1.616     0.800000      1996065         5.00
       1.660     0.825000      2057664         5.71
       1.707     0.850000      2119696         6.67
       1.760     0.875000      2183163         8.00
       1.788     0.887500      2213681         8.89
       1.819     0.900000      2244596        10.00
       1.853     0.912500      2276077        11.43
       1.890     0.925000      2307394        13.33
       1.933     0.937500      2338343        16.00
       1.957     0.943750      2353614        17.78
       1.985     0.950000      2369068        20.00
       2.017     0.956250      2385071        22.86
       2.051     0.962500      2400597        26.67
       2.089     0.968750      2416417        32.00
       2.109     0.971875      2424255        35.56
       2.129     0.975000      2431548        40.00
       2.155     0.978125      2439738        45.71
       2.187     0.981250      2447234        53.33
       2.235     0.984375      2455038        64.00
       2.265     0.985938      2458915        71.11
       2.299     0.987500      2462745        80.00
       2.337     0.989062      2466554        91.43
       2.383     0.990625      2470446       106.67
       2.433     0.992188      2474391       128.00
       2.459     0.992969      2476233       142.22
       2.491     0.993750      2478264       160.00
       2.525     0.994531      2480157       182.86
       2.563     0.995313      2482062       213.33
       2.609     0.996094      2484002       256.00
       2.635     0.996484      2484996       284.44
       2.663     0.996875      2485995       320.00
       2.695     0.997266      2486972       365.71
       2.727     0.997656      2487955       426.67
       2.761     0.998047      2488904       512.00
       2.781     0.998242      2489368       568.89
       2.805     0.998437      2489876       640.00
       2.835     0.998633      2490368       731.43
       2.865     0.998828      2490827       853.33
       2.899     0.999023      2491305      1024.00
       2.919     0.999121      2491560      1137.78
       2.939     0.999219      2491801      1280.00
       2.961     0.999316      2492036      1462.86
       2.995     0.999414      2492290      1706.67
       3.033     0.999512      2492527      2048.00
       3.057     0.999561      2492648      2275.56
       3.087     0.999609      2492768      2560.00
       3.127     0.999658      2492896      2925.71
       3.161     0.999707      2493013      3413.33
       3.211     0.999756      2493134      4096.00
       3.245     0.999780      2493196      4551.11
       3.283     0.999805      2493256      5120.00
       3.323     0.999829      2493314      5851.43
       3.361     0.999854      2493377      6826.67
       3.415     0.999878      2493439      8192.00
       3.437     0.999890      2493468      9102.22
       3.463     0.999902      2493498     10240.00
       3.497     0.999915      2493527     11702.86
       3.553     0.999927      2493558     13653.33
       3.607     0.999939      2493588     16384.00
       3.641     0.999945      2493604     18204.44
       3.683     0.999951      2493619     20480.00
       3.709     0.999957      2493634     23405.71
       3.741     0.999963      2493649     27306.67
       3.813     0.999969      2493664     32768.00
       3.855     0.999973      2493672     36408.89
       3.913     0.999976      2493680     40960.00
       3.955     0.999979      2493687     46811.43
       4.013     0.999982      2493695     54613.33
       4.079     0.999985      2493702     65536.00
       4.123     0.999986      2493706     72817.78
       4.155     0.999988      2493710     81920.00
       4.191     0.999989      2493714     93622.86
       4.231     0.999991      2493718    109226.67
       4.259     0.999992      2493721    131072.00
       4.271     0.999993      2493724    145635.56
       4.287     0.999994      2493725    163840.00
       4.303     0.999995      2493727    187245.71
       4.339     0.999995      2493729    218453.33
       4.363     0.999996      2493731    262144.00
       4.387     0.999997      2493732    291271.11
       4.395     0.999997      2493734    327680.00
       4.395     0.999997      2493734    374491.43
       4.403     0.999998      2493735    436906.67
       4.491     0.999998      2493736    524288.00
       4.491     0.999998      2493736    582542.22
       4.507     0.999998      2493737    655360.00
       4.507     0.999999      2493737    748982.86
       4.547     0.999999      2493738    873813.33
       4.547     0.999999      2493738   1048576.00
       4.547     0.999999      2493738   1165084.44
       4.779     0.999999      2493739   1310720.00
       4.779     0.999999      2493739   1497965.71
       4.779     0.999999      2493739   1747626.67
       4.779     1.000000      2493739   2097152.00
       4.779     1.000000      2493739   2330168.89
       4.855     1.000000      2493740   2621440.00
       4.855     1.000000      2493740          inf
#[Mean    =        1.131, StdDeviation   =        0.514]
#[Max     =        4.852, Total count    =      2493740]
#[Buckets =           27, SubBuckets     =         2048]
----------------------------------------------------------
  2985239 requests in 1.00m, 207.83MB read
Requests/sec:  49753.63
Transfer/sec:      3.46MB
