Running 1m test @ http://erik-pc.local:8080/greeting/Bob
  4 threads and 100 connections
  Thread calibration: mean lat.: 203.700ms, rate sampling interval: 788ms
  Thread calibration: mean lat.: 203.104ms, rate sampling interval: 766ms
  Thread calibration: mean lat.: 244.735ms, rate sampling interval: 991ms
  Thread calibration: mean lat.: 227.514ms, rate sampling interval: 865ms
  Thread Stats   Avg      Stdev     Max   +/- Stdev
    Latency     1.34s   625.17ms   3.22s    63.87%
    Req/Sec    17.12k   732.89    18.77k    66.81%
  Latency Distribution (HdrHistogram - Recorded Latency)
 50.000%    1.23s 
 75.000%    1.80s 
 90.000%    2.29s 
 99.000%    2.76s 
 99.900%    3.05s 
 99.990%    3.17s 
 99.999%    3.21s 
100.000%    3.22s 

  Detailed Percentile spectrum:
       Value   Percentile   TotalCount 1/(1-Percentile)

     219.647     0.000000            1         1.00
     589.311     0.100000       341870         1.11
     754.175     0.200000       683362         1.25
     902.143     0.300000      1025539         1.43
    1057.791     0.400000      1367362         1.67
    1231.871     0.500000      1707601         2.00
    1331.199     0.550000      1878931         2.22
    1441.791     0.600000      2050306         2.50
    1562.623     0.650000      2220125         2.86
    1689.599     0.700000      2390766         3.33
    1801.215     0.750000      2561777         4.00
    1858.559     0.775000      2647449         4.44
    1914.879     0.800000      2732204         5.00
    1993.727     0.825000      2817385         5.71
    2083.839     0.850000      2903246         6.67
    2185.215     0.875000      2988551         8.00
    2236.415     0.887500      3031427         8.89
    2287.615     0.900000      3074250        10.00
    2349.055     0.912500      3116561        11.43
    2402.303     0.925000      3159075        13.33
    2453.503     0.937500      3202227        16.00
    2488.319     0.943750      3223035        17.78
    2525.183     0.950000      3244378        20.00
    2555.903     0.956250      3265356        22.86
    2582.527     0.962500      3287072        26.67
    2607.103     0.968750      3308846        32.00
    2619.391     0.971875      3319019        35.56
    2633.727     0.975000      3329799        40.00
    2650.111     0.978125      3340055        45.71
    2670.591     0.981250      3351095        53.33
    2695.167     0.984375      3361761        64.00
    2707.455     0.985938      3366609        71.11
    2723.839     0.987500      3372111        80.00
    2744.319     0.989062      3377438        91.43
    2768.895     0.990625      3382695       106.67
    2793.471     0.992188      3387886       128.00
    2807.807     0.992969      3390876       142.22
    2822.143     0.993750      3393424       160.00
    2840.575     0.994531      3395899       182.86
    2865.151     0.995313      3398726       213.33
    2883.583     0.996094      3401227       256.00
    2893.823     0.996484      3402545       284.44
    2908.159     0.996875      3403959       320.00
    2924.543     0.997266      3405210       365.71
    2951.167     0.997656      3406616       426.67
    2975.743     0.998047      3407903       512.00
    2992.127     0.998242      3408538       568.89
    3012.607     0.998437      3409291       640.00
    3026.943     0.998633      3409909       731.43
    3041.279     0.998828      3410569       853.33
    3055.615     0.999023      3411266      1024.00
    3061.759     0.999121      3411563      1137.78
    3071.999     0.999219      3411925      1280.00
    3082.239     0.999316      3412255      1462.86
    3092.479     0.999414      3412543      1706.67
    3104.767     0.999512      3412893      2048.00
    3110.911     0.999561      3413064      2275.56
    3117.055     0.999609      3413232      2560.00
    3123.199     0.999658      3413409      2925.71
    3129.343     0.999707      3413564      3413.33
    3137.535     0.999756      3413740      4096.00
    3141.631     0.999780      3413814      4551.11
    3145.727     0.999805      3413885      5120.00
    3149.823     0.999829      3413955      5851.43
    3155.967     0.999854      3414070      6826.67
    3160.063     0.999878      3414133      8192.00
    3164.159     0.999890      3414194      9102.22
    3166.207     0.999902      3414220     10240.00
    3170.303     0.999915      3414258     11702.86
    3174.399     0.999927      3414294     13653.33
    3180.543     0.999939      3414338     16384.00
    3184.639     0.999945      3414362     18204.44
    3186.687     0.999951      3414374     20480.00
    3190.783     0.999957      3414399     23405.71
    3194.879     0.999963      3414422     27306.67
    3196.927     0.999969      3414435     32768.00
    3198.975     0.999973      3414446     36408.89
    3201.023     0.999976      3414459     40960.00
    3203.071     0.999979      3414471     46811.43
    3205.119     0.999982      3414482     54613.33
    3207.167     0.999985      3414497     65536.00
    3207.167     0.999986      3414497     72817.78
    3207.167     0.999988      3414497     81920.00
    3209.215     0.999989      3414516     93622.86
    3209.215     0.999991      3414516    109226.67
    3209.215     0.999992      3414516    131072.00
    3209.215     0.999993      3414516    145635.56
    3211.263     0.999994      3414524    163840.00
    3211.263     0.999995      3414524    187245.71
    3211.263     0.999995      3414524    218453.33
    3213.311     0.999996      3414531    262144.00
    3213.311     0.999997      3414531    291271.11
    3213.311     0.999997      3414531    327680.00
    3213.311     0.999997      3414531    374491.43
    3213.311     0.999998      3414531    436906.67
    3215.359     0.999998      3414533    524288.00
    3215.359     0.999998      3414533    582542.22
    3215.359     0.999998      3414533    655360.00
    3217.407     0.999999      3414536    748982.86
    3217.407     0.999999      3414536    873813.33
    3217.407     0.999999      3414536   1048576.00
    3217.407     0.999999      3414536   1165084.44
    3217.407     0.999999      3414536   1310720.00
    3217.407     0.999999      3414536   1497965.71
    3219.455     0.999999      3414538   1747626.67
    3219.455     1.000000      3414538          inf
#[Mean    =     1344.288, StdDeviation   =      625.173]
#[Max     =     3217.408, Total count    =      3414538]
#[Buckets =           27, SubBuckets     =         2048]
----------------------------------------------------------
  4095298 requests in 1.00m, 339.79MB read
Requests/sec:  68212.17
Transfer/sec:      5.66MB
