Running 1m test @ http://erik-pc.local:8080/greeting/Bob
  4 threads and 100 connections
  Thread calibration: mean lat.: 2.053ms, rate sampling interval: 10ms
  Thread calibration: mean lat.: 1.662ms, rate sampling interval: 10ms
  Thread calibration: mean lat.: 1.660ms, rate sampling interval: 10ms
  Thread calibration: mean lat.: 1.307ms, rate sampling interval: 10ms
  Thread Stats   Avg      Stdev     Max   +/- Stdev
    Latency     1.69ms  833.84us   8.59ms   65.62%
    Req/Sec     5.28k   760.97     8.33k    83.06%
  Latency Distribution (HdrHistogram - Recorded Latency)
 50.000%    1.53ms
 75.000%    2.22ms
 90.000%    2.95ms
 99.000%    3.71ms
 99.900%    4.10ms
 99.990%    4.76ms
 99.999%    7.79ms
100.000%    8.60ms

  Detailed Percentile spectrum:
       Value   Percentile   TotalCount 1/(1-Percentile)

       0.197     0.000000            1         1.00
       0.708     0.100000        99853         1.11
       0.933     0.200000       199749         1.25
       1.126     0.300000       299258         1.43
       1.311     0.400000       399503         1.67
       1.530     0.500000       498949         2.00
       1.658     0.550000       548692         2.22
       1.791     0.600000       598655         2.50
       1.929     0.650000       648606         2.86
       2.069     0.700000       698882         3.33
       2.221     0.750000       748287         4.00
       2.315     0.775000       773524         4.44
       2.431     0.800000       798137         5.00
       2.561     0.825000       823120         5.71
       2.689     0.850000       847956         6.67
       2.815     0.875000       872903         8.00
       2.879     0.887500       885299         8.89
       2.947     0.900000       897959        10.00
       3.019     0.912500       910506        11.43
       3.097     0.925000       922792        13.33
       3.183     0.937500       935338        16.00
       3.227     0.943750       941484        17.78
       3.273     0.950000       947810        20.00
       3.321     0.956250       953999        22.86
       3.373     0.962500       960150        26.67
       3.431     0.968750       966465        32.00
       3.461     0.971875       969661        35.56
       3.491     0.975000       972584        40.00
       3.525     0.978125       975793        45.71
       3.561     0.981250       978814        53.33
       3.607     0.984375       981916        64.00
       3.635     0.985938       983550        71.11
       3.661     0.987500       985066        80.00
       3.691     0.989062       986662        91.43
       3.721     0.990625       988161       106.67
       3.757     0.992188       989763       128.00
       3.777     0.992969       990560       142.22
       3.797     0.993750       991281       160.00
       3.821     0.994531       992077       182.86
       3.849     0.995313       992833       213.33
       3.881     0.996094       993621       256.00
       3.899     0.996484       994018       284.44
       3.921     0.996875       994421       320.00
       3.943     0.997266       994790       365.71
       3.969     0.997656       995169       426.67
       3.999     0.998047       995566       512.00
       4.017     0.998242       995762       568.89
       4.033     0.998437       995942       640.00
       4.055     0.998633       996150       731.43
       4.075     0.998828       996341       853.33
       4.103     0.999023       996538      1024.00
       4.119     0.999121       996632      1137.78
       4.139     0.999219       996742      1280.00
       4.155     0.999316       996822      1462.86
       4.183     0.999414       996929      1706.67
       4.211     0.999512       997017      2048.00
       4.227     0.999561       997064      2275.56
       4.247     0.999609       997117      2560.00
       4.271     0.999658       997164      2925.71
       4.299     0.999707       997208      3413.33
       4.335     0.999756       997258      4096.00
       4.363     0.999780       997284      4551.11
       4.379     0.999805       997308      5120.00
       4.407     0.999829       997331      5851.43
       4.459     0.999854       997355      6826.67
       4.571     0.999878       997380      8192.00
       4.671     0.999890       997391      9102.22
       4.799     0.999902       997403     10240.00
       5.087     0.999915       997415     11702.86
       5.451     0.999927       997427     13653.33
       5.751     0.999939       997440     16384.00
       5.827     0.999945       997446     18204.44
       5.855     0.999951       997452     20480.00
       6.059     0.999957       997458     23405.71
       6.267     0.999963       997464     27306.67
       6.463     0.999969       997470     32768.00
       6.599     0.999973       997473     36408.89
       6.911     0.999976       997476     40960.00
       7.043     0.999979       997479     46811.43
       7.303     0.999982       997482     54613.33
       7.455     0.999985       997485     65536.00
       7.659     0.999986       997487     72817.78
       7.699     0.999988       997488     81920.00
       7.787     0.999989       997490     93622.86
       7.799     0.999991       997491    109226.67
       7.863     0.999992       997494    131072.00
       7.863     0.999993       997494    145635.56
       7.863     0.999994       997494    163840.00
       7.995     0.999995       997495    187245.71
       8.143     0.999995       997496    218453.33
       8.255     0.999996       997497    262144.00
       8.255     0.999997       997497    291271.11
       8.255     0.999997       997497    327680.00
       8.367     0.999997       997498    374491.43
       8.367     0.999998       997498    436906.67
       8.567     0.999998       997499    524288.00
       8.567     0.999998       997499    582542.22
       8.567     0.999998       997499    655360.00
       8.567     0.999999       997499    748982.86
       8.567     0.999999       997499    873813.33
       8.599     0.999999       997500   1048576.00
       8.599     1.000000       997500          inf
#[Mean    =        1.687, StdDeviation   =        0.834]
#[Max     =        8.592, Total count    =       997500]
#[Buckets =           27, SubBuckets     =         2048]
----------------------------------------------------------
  1194142 requests in 1.00m, 83.13MB read
Requests/sec:  19901.33
Transfer/sec:      1.39MB
