Running 1m test @ http://erik-pc.local:8080/greeting/Bob
  4 threads and 100 connections
  Thread calibration: mean lat.: 1.218ms, rate sampling interval: 10ms
  Thread calibration: mean lat.: 1.284ms, rate sampling interval: 10ms
  Thread calibration: mean lat.: 1.333ms, rate sampling interval: 10ms
  Thread calibration: mean lat.: 1.355ms, rate sampling interval: 10ms
  Thread Stats   Avg      Stdev     Max   +/- Stdev
    Latency     1.32ms  591.74us   9.97ms   68.72%
    Req/Sec    10.55k     0.96k   15.67k    77.38%
  Latency Distribution (HdrHistogram - Recorded Latency)
 50.000%    1.26ms
 75.000%    1.73ms
 90.000%    2.05ms
 99.000%    2.68ms
 99.900%    5.11ms
 99.990%    6.93ms
 99.999%    7.72ms
100.000%    9.98ms

  Detailed Percentile spectrum:
       Value   Percentile   TotalCount 1/(1-Percentile)

       0.190     0.000000            1         1.00
       0.608     0.100000       200078         1.11
       0.804     0.200000       399209         1.25
       0.955     0.300000       598919         1.43
       1.104     0.400000       798960         1.67
       1.256     0.500000       998435         2.00
       1.340     0.550000      1097427         2.22
       1.432     0.600000      1197066         2.50
       1.531     0.650000      1296779         2.86
       1.632     0.700000      1397446         3.33
       1.731     0.750000      1497009         4.00
       1.779     0.775000      1546239         4.44
       1.828     0.800000      1596252         5.00
       1.878     0.825000      1646430         5.71
       1.929     0.850000      1695896         6.67
       1.986     0.875000      1746110         8.00
       2.017     0.887500      1771286         8.89
       2.051     0.900000      1796759        10.00
       2.087     0.912500      1821433        11.43
       2.127     0.925000      1846469        13.33
       2.171     0.937500      1870452        16.00
       2.197     0.943750      1883148        17.78
       2.225     0.950000      1895484        20.00
       2.257     0.956250      1908217        22.86
       2.293     0.962500      1920473        26.67
       2.337     0.968750      1932768        32.00
       2.363     0.971875      1939143        35.56
       2.391     0.975000      1945128        40.00
       2.425     0.978125      1951381        45.71
       2.467     0.981250      1957798        53.33
       2.519     0.984375      1963962        64.00
       2.553     0.985938      1967034        71.11
       2.593     0.987500      1970073        80.00
       2.645     0.989062      1973231        91.43
       2.719     0.990625      1976330       106.67
       2.843     0.992188      1979429       128.00
       2.941     0.992969      1980981       142.22
       3.087     0.993750      1982529       160.00
       3.287     0.994531      1984078       182.86
       3.549     0.995313      1985642       213.33
       3.859     0.996094      1987193       256.00
       4.015     0.996484      1987974       284.44
       4.175     0.996875      1988757       320.00
       4.319     0.997266      1989547       365.71
       4.463     0.997656      1990333       426.67
       4.615     0.998047      1991106       512.00
       4.699     0.998242      1991498       568.89
       4.783     0.998437      1991874       640.00
       4.883     0.998633      1992263       731.43
       4.991     0.998828      1992659       853.33
       5.119     0.999023      1993040      1024.00
       5.195     0.999121      1993236      1137.78
       5.291     0.999219      1993430      1280.00
       5.415     0.999316      1993624      1462.86
       5.591     0.999414      1993817      1706.67
       5.843     0.999512      1994011      2048.00
       6.019     0.999561      1994111      2275.56
       6.183     0.999609      1994210      2560.00
       6.299     0.999658      1994304      2925.71
       6.415     0.999707      1994401      3413.33
       6.515     0.999756      1994500      4096.00
       6.575     0.999780      1994548      4551.11
       6.639     0.999805      1994599      5120.00
       6.707     0.999829      1994645      5851.43
       6.763     0.999854      1994693      6826.67
       6.855     0.999878      1994744      8192.00
       6.903     0.999890      1994769      9102.22
       6.943     0.999902      1994792     10240.00
       6.987     0.999915      1994817     11702.86
       7.027     0.999927      1994841     13653.33
       7.059     0.999939      1994864     16384.00
       7.079     0.999945      1994876     18204.44
       7.115     0.999951      1994888     20480.00
       7.179     0.999957      1994900     23405.71
       7.227     0.999963      1994912     27306.67
       7.279     0.999969      1994925     32768.00
       7.315     0.999973      1994932     36408.89
       7.335     0.999976      1994937     40960.00
       7.363     0.999979      1994943     46811.43
       7.427     0.999982      1994949     54613.33
       7.483     0.999985      1994955     65536.00
       7.567     0.999986      1994958     72817.78
       7.583     0.999988      1994961     81920.00
       7.703     0.999989      1994964     93622.86
       7.851     0.999991      1994967    109226.67
       8.631     0.999992      1994970    131072.00
       8.727     0.999993      1994972    145635.56
       8.751     0.999994      1994973    163840.00
       8.847     0.999995      1994975    187245.71
       8.879     0.999995      1994977    218453.33
       8.887     0.999996      1994978    262144.00
       8.911     0.999997      1994980    291271.11
       8.911     0.999997      1994980    327680.00
       8.911     0.999997      1994980    374491.43
       9.303     0.999998      1994981    436906.67
       9.359     0.999998      1994982    524288.00
       9.359     0.999998      1994982    582542.22
       9.359     0.999998      1994982    655360.00
       9.367     0.999999      1994983    748982.86
       9.367     0.999999      1994983    873813.33
       9.415     0.999999      1994984   1048576.00
       9.415     0.999999      1994984   1165084.44
       9.415     0.999999      1994984   1310720.00
       9.415     0.999999      1994984   1497965.71
       9.415     0.999999      1994984   1747626.67
       9.975     1.000000      1994985   2097152.00
       9.975     1.000000      1994985          inf
#[Mean    =        1.319, StdDeviation   =        0.592]
#[Max     =        9.968, Total count    =      1994985]
#[Buckets =           27, SubBuckets     =         2048]
----------------------------------------------------------
  2388184 requests in 1.00m, 166.26MB read
Requests/sec:  39802.73
Transfer/sec:      2.77MB
