Running 1m test @ http://erik-pc.local:8080/greeting/Bob
  4 threads and 100 connections
  Thread calibration: mean lat.: 79.630ms, rate sampling interval: 359ms
  Thread calibration: mean lat.: 278.734ms, rate sampling interval: 1581ms
  Thread calibration: mean lat.: 125.263ms, rate sampling interval: 534ms
  Thread calibration: mean lat.: 87.658ms, rate sampling interval: 392ms
  Thread Stats   Avg      Stdev     Max   +/- Stdev
    Latency   741.07ms    1.33s    6.32s    87.53%
    Req/Sec    18.30k     2.87k   27.29k    72.49%
  Latency Distribution (HdrHistogram - Recorded Latency)
 50.000%  154.49ms
 75.000%  589.31ms
 90.000%    2.90s 
 99.000%    5.62s 
 99.900%    6.12s 
 99.990%    6.26s 
 99.999%    6.31s 
100.000%    6.32s 

  Detailed Percentile spectrum:
       Value   Percentile   TotalCount 1/(1-Percentile)

       0.160     0.000000            1         1.00
      22.095     0.100000       362063         1.11
      40.703     0.200000       724071         1.25
      63.551     0.300000      1085766         1.43
     100.863     0.400000      1447519         1.67
     154.495     0.500000      1809790         2.00
     195.583     0.550000      1990717         2.22
     252.543     0.600000      2171574         2.50
     325.631     0.650000      2352566         2.86
     424.959     0.700000      2533276         3.33
     589.311     0.750000      2714140         4.00
     744.447     0.775000      2804595         4.44
     907.775     0.800000      2895075         5.00
    1144.831     0.825000      2985629         5.71
    1482.751     0.850000      3076130         6.67
    2058.239     0.875000      3166534         8.00
    2519.039     0.887500      3211737         8.89
    2902.015     0.900000      3257001        10.00
    3289.087     0.912500      3302160        11.43
    3641.343     0.925000      3347473        13.33
    3913.727     0.937500      3392743        16.00
    4075.519     0.943750      3415234        17.78
    4227.071     0.950000      3438009        20.00
    4390.911     0.956250      3460790        22.86
    4591.615     0.962500      3483454        26.67
    4775.935     0.968750      3505812        32.00
    4898.815     0.971875      3517175        35.56
    5005.311     0.975000      3528701        40.00
    5103.615     0.978125      3540137        45.71
    5173.247     0.981250      3551365        53.33
    5279.743     0.984375      3562417        64.00
    5353.471     0.985938      3568018        71.11
    5439.487     0.987500      3573682        80.00
    5566.463     0.989062      3579361        91.43
    5652.479     0.990625      3585072       106.67
    5734.399     0.992188      3590659       128.00
    5783.551     0.992969      3593453       142.22
    5828.607     0.993750      3596381       160.00
    5873.663     0.994531      3599021       182.86
    5914.623     0.995313      3601974       213.33
    5955.583     0.996094      3604679       256.00
    5976.063     0.996484      3606275       284.44
    5992.447     0.996875      3607556       320.00
    6012.927     0.997266      3608955       365.71
    6037.503     0.997656      3610401       426.67
    6062.079     0.998047      3611888       512.00
    6070.271     0.998242      3612438       568.89
    6082.559     0.998437      3613238       640.00
    6094.847     0.998633      3613898       731.43
    6107.135     0.998828      3614580       853.33
    6123.519     0.999023      3615353      1024.00
    6131.711     0.999121      3615650      1137.78
    6139.903     0.999219      3615973      1280.00
    6152.191     0.999316      3616480      1462.86
    6160.383     0.999414      3616773      1706.67
    6168.575     0.999512      3617050      2048.00
    6172.671     0.999561      3617201      2275.56
    6180.863     0.999609      3617464      2560.00
    6184.959     0.999658      3617570      2925.71
    6193.151     0.999707      3617736      3413.33
    6205.439     0.999756      3617958      4096.00
    6209.535     0.999780      3618041      4551.11
    6213.631     0.999805      3618087      5120.00
    6225.919     0.999829      3618184      5851.43
    6242.303     0.999854      3618292      6826.67
    6250.495     0.999878      3618375      8192.00
    6254.591     0.999890      3618416      9102.22
    6258.687     0.999902      3618456     10240.00
    6262.783     0.999915      3618482     11702.86
    6270.975     0.999927      3618541     13653.33
    6275.071     0.999939      3618588     16384.00
    6279.167     0.999945      3618642     18204.44
    6279.167     0.999951      3618642     20480.00
    6279.167     0.999957      3618642     23405.71
    6283.263     0.999963      3618678     27306.67
    6287.359     0.999969      3618694     32768.00
    6287.359     0.999973      3618694     36408.89
    6291.455     0.999976      3618713     40960.00
    6291.455     0.999979      3618713     46811.43
    6295.551     0.999982      3618724     54613.33
    6303.743     0.999985      3618744     65536.00
    6303.743     0.999986      3618744     72817.78
    6307.839     0.999988      3618755     81920.00
    6307.839     0.999989      3618755     93622.86
    6311.935     0.999991      3618770    109226.67
    6311.935     0.999992      3618770    131072.00
    6311.935     0.999993      3618770    145635.56
    6311.935     0.999994      3618770    163840.00
    6316.031     0.999995      3618784    187245.71
    6316.031     0.999995      3618784    218453.33
    6316.031     0.999996      3618784    262144.00
    6316.031     0.999997      3618784    291271.11
    6316.031     0.999997      3618784    327680.00
    6316.031     0.999997      3618784    374491.43
    6316.031     0.999998      3618784    436906.67
    6316.031     0.999998      3618784    524288.00
    6316.031     0.999998      3618784    582542.22
    6320.127     0.999998      3618790    655360.00
    6320.127     1.000000      3618790          inf
#[Mean    =      741.070, StdDeviation   =     1325.626]
#[Max     =     6316.032, Total count    =      3618790]
#[Buckets =           27, SubBuckets     =         2048]
----------------------------------------------------------
  4344645 requests in 1.00m, 302.47MB read
Requests/sec:  72403.55
Transfer/sec:      5.04MB
