Running 1m test @ http://erik-pc.local:8080/greeting/Bob
  4 threads and 100 connections
  Thread calibration: mean lat.: 336.796ms, rate sampling interval: 2083ms
  Thread calibration: mean lat.: 116.122ms, rate sampling interval: 717ms
  Thread calibration: mean lat.: 73.863ms, rate sampling interval: 322ms
  Thread calibration: mean lat.: 53.354ms, rate sampling interval: 269ms
  Thread Stats   Avg      Stdev     Max   +/- Stdev
    Latency   743.84ms    1.90s    9.85s    90.96%
    Req/Sec    17.94k     2.67k   25.73k    73.32%
  Latency Distribution (HdrHistogram - Recorded Latency)
 50.000%   72.19ms
 75.000%  292.61ms
 90.000%    1.67s 
 99.000%    8.87s 
 99.900%    9.64s 
 99.990%    9.82s 
 99.999%    9.85s 
100.000%    9.85s 

  Detailed Percentile spectrum:
       Value   Percentile   TotalCount 1/(1-Percentile)

       0.159     0.000000            1         1.00
       8.279     0.100000       351817         1.11
      23.695     0.200000       703729         1.25
      35.615     0.300000      1056007         1.43
      46.751     0.400000      1407004         1.67
      72.191     0.500000      1759008         2.00
      90.943     0.550000      1935115         2.22
     113.599     0.600000      2110664         2.50
     145.663     0.650000      2286896         2.86
     196.607     0.700000      2462298         3.33
     292.607     0.750000      2638383         4.00
     356.095     0.775000      2726246         4.44
     443.647     0.800000      2814089         5.00
     563.199     0.825000      2902068         5.71
     710.655     0.850000      2989896         6.67
     908.287     0.875000      3077895         8.00
    1155.071     0.887500      3121878         8.89
    1671.167     0.900000      3165773        10.00
    3043.327     0.912500      3209749        11.43
    4155.391     0.925000      3253679        13.33
    5083.135     0.937500      3297805        16.00
    5521.407     0.943750      3319844        17.78
    6037.503     0.950000      3341684        20.00
    6504.447     0.956250      3363726        22.86
    7028.735     0.962500      3385730        26.67
    7569.407     0.968750      3407604        32.00
    7847.935     0.971875      3418747        35.56
    8052.735     0.975000      3429778        40.00
    8278.015     0.978125      3440687        45.71
    8478.719     0.981250      3451537        53.33
    8593.407     0.984375      3463192        64.00
    8667.135     0.985938      3468399        71.11
    8773.631     0.987500      3473774        80.00
    8839.167     0.989062      3479238        91.43
    8904.703     0.990625      3484891       106.67
    9027.583     0.992188      3490135       128.00
    9109.503     0.992969      3492805       142.22
    9175.039     0.993750      3495575       160.00
    9240.575     0.994531      3498430       182.86
    9322.495     0.995313      3501081       213.33
    9379.839     0.996094      3504012       256.00
    9396.223     0.996484      3505161       284.44
    9420.799     0.996875      3507149       320.00
    9437.183     0.997266      3508103       365.71
    9478.143     0.997656      3509315       426.67
    9527.295     0.998047      3510849       512.00
    9543.679     0.998242      3511349       568.89
    9584.639     0.998437      3512175       640.00
    9601.023     0.998633      3512680       731.43
    9625.599     0.998828      3513574       853.33
    9641.983     0.999023      3514067      1024.00
    9658.367     0.999121      3514437      1137.78
    9674.751     0.999219      3514825      1280.00
    9691.135     0.999316      3515238      1462.86
    9699.327     0.999414      3515475      1706.67
    9715.711     0.999512      3515842      2048.00
    9723.903     0.999561      3516014      2275.56
    9732.095     0.999609      3516168      2560.00
    9740.287     0.999658      3516302      2925.71
    9764.863     0.999707      3516470      3413.33
    9797.631     0.999756      3516717      4096.00
    9797.631     0.999780      3516717      4551.11
    9805.823     0.999805      3516866      5120.00
    9814.015     0.999829      3517013      5851.43
    9814.015     0.999854      3517013      6826.67
    9822.207     0.999878      3517197      8192.00
    9822.207     0.999890      3517197      9102.22
    9822.207     0.999902      3517197     10240.00
    9822.207     0.999915      3517197     11702.86
    9830.399     0.999927      3517337     13653.33
    9830.399     0.999939      3517337     16384.00
    9830.399     0.999945      3517337     18204.44
    9830.399     0.999951      3517337     20480.00
    9838.591     0.999957      3517429     23405.71
    9838.591     0.999963      3517429     27306.67
    9838.591     0.999969      3517429     32768.00
    9838.591     0.999973      3517429     36408.89
    9838.591     0.999976      3517429     40960.00
    9838.591     0.999979      3517429     46811.43
    9838.591     0.999982      3517429     54613.33
    9846.783     0.999985      3517470     65536.00
    9846.783     0.999986      3517470     72817.78
    9846.783     0.999988      3517470     81920.00
    9846.783     0.999989      3517470     93622.86
    9846.783     0.999991      3517470    109226.67
    9846.783     0.999992      3517470    131072.00
    9846.783     0.999993      3517470    145635.56
    9846.783     0.999994      3517470    163840.00
    9846.783     0.999995      3517470    187245.71
    9854.975     0.999995      3517488    218453.33
    9854.975     1.000000      3517488          inf
#[Mean    =      743.844, StdDeviation   =     1898.908]
#[Max     =     9846.784, Total count    =      3517488]
#[Buckets =           27, SubBuckets     =         2048]
----------------------------------------------------------
  4222792 requests in 1.00m, 293.98MB read
Requests/sec:  70371.95
Transfer/sec:      4.90MB
