Running 1m test @ http://erik-pc.local:8080/greeting/Bob
  4 threads and 100 connections
  Thread calibration: mean lat.: 1.396ms, rate sampling interval: 10ms
  Thread calibration: mean lat.: 1.383ms, rate sampling interval: 10ms
  Thread calibration: mean lat.: 1.349ms, rate sampling interval: 10ms
  Thread calibration: mean lat.: 1.394ms, rate sampling interval: 10ms
  Thread Stats   Avg      Stdev     Max   +/- Stdev
    Latency     1.38ms  560.19us   7.55ms   65.55%
    Req/Sec     2.64k   318.19     4.22k    84.99%
  Latency Distribution (HdrHistogram - Recorded Latency)
 50.000%    1.31ms
 75.000%    1.77ms
 90.000%    2.13ms
 99.000%    2.62ms
 99.900%    5.01ms
 99.990%    6.22ms
 99.999%    7.03ms
100.000%    7.55ms

  Detailed Percentile spectrum:
       Value   Percentile   TotalCount 1/(1-Percentile)

       0.310     0.000000            1         1.00
       0.710     0.100000        50175         1.11
       0.856     0.200000        99947         1.25
       0.994     0.300000       149893         1.43
       1.142     0.400000       199811         1.67
       1.309     0.500000       249594         2.00
       1.393     0.550000       274376         2.22
       1.480     0.600000       299481         2.50
       1.573     0.650000       324291         2.86
       1.672     0.700000       349308         3.33
       1.775     0.750000       374238         4.00
       1.827     0.775000       386677         4.44
       1.880     0.800000       399046         5.00
       1.936     0.825000       411473         5.71
       1.996     0.850000       424111         6.67
       2.061     0.875000       436422         8.00
       2.097     0.887500       442728         8.89
       2.135     0.900000       449022        10.00
       2.173     0.912500       455118        11.43
       2.215     0.925000       461366        13.33
       2.265     0.937500       467713        16.00
       2.289     0.943750       470720        17.78
       2.315     0.950000       473843        20.00
       2.343     0.956250       477091        22.86
       2.371     0.962500       480053        26.67
       2.407     0.968750       483258        32.00
       2.427     0.971875       484885        35.56
       2.447     0.975000       486333        40.00
       2.471     0.978125       487892        45.71
       2.499     0.981250       489446        53.33
       2.531     0.984375       490970        64.00
       2.551     0.985938       491801        71.11
       2.573     0.987500       492518        80.00
       2.599     0.989062       493322        91.43
       2.631     0.990625       494087       106.67
       2.671     0.992188       494854       128.00
       2.695     0.992969       495265       142.22
       2.723     0.993750       495651       160.00
       2.753     0.994531       496034       182.86
       2.797     0.995313       496425       213.33
       2.861     0.996094       496810       256.00
       2.901     0.996484       496995       284.44
       2.963     0.996875       497190       320.00
       3.059     0.997266       497385       365.71
       3.257     0.997656       497580       426.67
       4.243     0.998047       497776       512.00
       4.447     0.998242       497872       568.89
       4.619     0.998437       497970       640.00
       4.771     0.998633       498067       731.43
       4.907     0.998828       498167       853.33
       5.027     0.999023       498261      1024.00
       5.099     0.999121       498311      1137.78
       5.175     0.999219       498360      1280.00
       5.275     0.999316       498409      1462.86
       5.351     0.999414       498456      1706.67
       5.435     0.999512       498506      2048.00
       5.479     0.999561       498531      2275.56
       5.539     0.999609       498555      2560.00
       5.603     0.999658       498578      2925.71
       5.675     0.999707       498603      3413.33
       5.767     0.999756       498628      4096.00
       5.803     0.999780       498639      4551.11
       5.887     0.999805       498651      5120.00
       6.019     0.999829       498663      5851.43
       6.099     0.999854       498675      6826.67
       6.175     0.999878       498688      8192.00
       6.203     0.999890       498694      9102.22
       6.259     0.999902       498700     10240.00
       6.303     0.999915       498706     11702.86
       6.351     0.999927       498714     13653.33
       6.431     0.999939       498718     16384.00
       6.491     0.999945       498721     18204.44
       6.515     0.999951       498725     20480.00
       6.539     0.999957       498727     23405.71
       6.627     0.999963       498732     27306.67
       6.707     0.999969       498733     32768.00
       6.727     0.999973       498735     36408.89
       6.895     0.999976       498736     40960.00
       6.931     0.999979       498738     46811.43
       6.935     0.999982       498739     54613.33
       6.959     0.999985       498741     65536.00
       6.979     0.999986       498742     72817.78
       6.979     0.999988       498742     81920.00
       7.027     0.999989       498743     93622.86
       7.171     0.999991       498744    109226.67
       7.295     0.999992       498745    131072.00
       7.295     0.999993       498745    145635.56
       7.295     0.999994       498745    163840.00
       7.299     0.999995       498746    187245.71
       7.299     0.999995       498746    218453.33
       7.427     0.999996       498747    262144.00
       7.427     0.999997       498747    291271.11
       7.427     0.999997       498747    327680.00
       7.427     0.999997       498747    374491.43
       7.427     0.999998       498747    436906.67
       7.555     0.999998       498748    524288.00
       7.555     1.000000       498748          inf
#[Mean    =        1.375, StdDeviation   =        0.560]
#[Max     =        7.552, Total count    =       498748]
#[Buckets =           27, SubBuckets     =         2048]
----------------------------------------------------------
  599431 requests in 1.00m, 49.73MB read
Requests/sec:   9990.30
Transfer/sec:    848.79KB
