Running 1m test @ http://erik-pc.local:8080/fruits
  4 threads and 100 connections
  Thread calibration: mean lat.: 1.573ms, rate sampling interval: 10ms
  Thread calibration: mean lat.: 2.179ms, rate sampling interval: 10ms
  Thread calibration: mean lat.: 1.723ms, rate sampling interval: 10ms
  Thread calibration: mean lat.: 1.668ms, rate sampling interval: 10ms
  Thread Stats   Avg      Stdev     Max   +/- Stdev
    Latency     1.80ms  596.89us   7.68ms   66.01%
    Req/Sec     2.64k   424.86     5.55k    76.74%
  Latency Distribution (HdrHistogram - Recorded Latency)
 50.000%    1.74ms
 75.000%    2.19ms
 90.000%    2.62ms
 99.000%    3.26ms
 99.900%    4.12ms
 99.990%    5.77ms
 99.999%    7.05ms
100.000%    7.69ms

  Detailed Percentile spectrum:
       Value   Percentile   TotalCount 1/(1-Percentile)

       0.498     0.000000            1         1.00
       1.048     0.100000        49925         1.11
       1.256     0.200000        99824         1.25
       1.425     0.300000       149901         1.43
       1.585     0.400000       199769         1.67
       1.743     0.500000       249398         2.00
       1.827     0.550000       274570         2.22
       1.908     0.600000       299535         2.50
       1.993     0.650000       324381         2.86
       2.085     0.700000       349587         3.33
       2.189     0.750000       374331         4.00
       2.247     0.775000       386686         4.44
       2.313     0.800000       399277         5.00
       2.383     0.825000       411706         5.71
       2.457     0.850000       424027         6.67
       2.535     0.875000       436541         8.00
       2.577     0.887500       442856         8.89
       2.621     0.900000       449061        10.00
       2.665     0.912500       455115        11.43
       2.715     0.925000       461373        13.33
       2.771     0.937500       467785        16.00
       2.801     0.943750       470792        17.78
       2.835     0.950000       473939        20.00
       2.869     0.956250       476925        22.86
       2.909     0.962500       480059        26.67
       2.957     0.968750       483257        32.00
       2.983     0.971875       484791        35.56
       3.011     0.975000       486310        40.00
       3.045     0.978125       487833        45.71
       3.085     0.981250       489417        53.33
       3.133     0.984375       490949        64.00
       3.161     0.985938       491728        71.11
       3.193     0.987500       492524        80.00
       3.231     0.989062       493322        91.43
       3.275     0.990625       494071       106.67
       3.329     0.992188       494841       128.00
       3.365     0.992969       495246       142.22
       3.403     0.993750       495635       160.00
       3.447     0.994531       496013       182.86
       3.501     0.995313       496405       213.33
       3.567     0.996094       496797       256.00
       3.607     0.996484       496988       284.44
       3.653     0.996875       497182       320.00
       3.701     0.997266       497373       365.71
       3.775     0.997656       497573       426.67
       3.863     0.998047       497769       512.00
       3.905     0.998242       497862       568.89
       3.957     0.998437       497958       640.00
       4.011     0.998633       498056       731.43
       4.065     0.998828       498153       853.33
       4.123     0.999023       498249      1024.00
       4.159     0.999121       498304      1137.78
       4.191     0.999219       498349      1280.00
       4.231     0.999316       498400      1462.86
       4.279     0.999414       498444      1706.67
       4.359     0.999512       498493      2048.00
       4.403     0.999561       498519      2275.56
       4.487     0.999609       498542      2560.00
       4.571     0.999658       498566      2925.71
       4.715     0.999707       498591      3413.33
       4.887     0.999756       498615      4096.00
       5.031     0.999780       498627      4551.11
       5.123     0.999805       498639      5120.00
       5.231     0.999829       498651      5851.43
       5.403     0.999854       498663      6826.67
       5.535     0.999878       498676      8192.00
       5.667     0.999890       498682      9102.22
       5.775     0.999902       498688     10240.00
       5.923     0.999915       498694     11702.86
       6.031     0.999927       498700     13653.33
       6.127     0.999939       498706     16384.00
       6.151     0.999945       498709     18204.44
       6.175     0.999951       498712     20480.00
       6.235     0.999957       498715     23405.71
       6.359     0.999963       498718     27306.67
       6.467     0.999969       498721     32768.00
       6.487     0.999973       498723     36408.89
       6.519     0.999976       498724     40960.00
       6.895     0.999979       498726     46811.43
       6.979     0.999982       498727     54613.33
       7.003     0.999985       498729     65536.00
       7.035     0.999986       498730     72817.78
       7.035     0.999988       498730     81920.00
       7.047     0.999989       498731     93622.86
       7.103     0.999991       498732    109226.67
       7.151     0.999992       498733    131072.00
       7.151     0.999993       498733    145635.56
       7.151     0.999994       498733    163840.00
       7.251     0.999995       498734    187245.71
       7.251     0.999995       498734    218453.33
       7.439     0.999996       498735    262144.00
       7.439     0.999997       498735    291271.11
       7.439     0.999997       498735    327680.00
       7.439     0.999997       498735    374491.43
       7.439     0.999998       498735    436906.67
       7.687     0.999998       498736    524288.00
       7.687     1.000000       498736          inf
#[Mean    =        1.795, StdDeviation   =        0.597]
#[Max     =        7.684, Total count    =       498736]
#[Buckets =           27, SubBuckets     =         2048]
----------------------------------------------------------
  597074 requests in 1.00m, 96.80MB read
Requests/sec:   9950.98
Transfer/sec:      1.61MB
