Running 1m test @ http://erik-pc.local:8080/fruits
  4 threads and 100 connections
  Thread calibration: mean lat.: 1.507ms, rate sampling interval: 10ms
  Thread calibration: mean lat.: 1.525ms, rate sampling interval: 10ms
  Thread calibration: mean lat.: 1.491ms, rate sampling interval: 10ms
  Thread calibration: mean lat.: 1.407ms, rate sampling interval: 10ms
  Thread Stats   Avg      Stdev     Max   +/- Stdev
    Latency     1.44ms  490.11us   5.39ms   68.61%
    Req/Sec     1.31k   613.46     2.78k    77.28%
  Latency Distribution (HdrHistogram - Recorded Latency)
 50.000%    1.39ms
 75.000%    1.70ms
 90.000%    2.15ms
 99.000%    2.73ms
 99.900%    3.18ms
 99.990%    3.90ms
 99.999%    4.64ms
100.000%    5.39ms

  Detailed Percentile spectrum:
       Value   Percentile   TotalCount 1/(1-Percentile)

       0.439     0.000000            1         1.00
       0.833     0.100000        24997         1.11
       1.009     0.200000        50014         1.25
       1.155     0.300000        74816         1.43
       1.275     0.400000        99820         1.67
       1.387     0.500000       124873         2.00
       1.442     0.550000       137155         2.22
       1.499     0.600000       149618         2.50
       1.559     0.650000       162121         2.86
       1.624     0.700000       174561         3.33
       1.698     0.750000       187163         4.00
       1.742     0.775000       193365         4.44
       1.793     0.800000       199583         5.00
       1.852     0.825000       205720         5.71
       1.931     0.850000       211972         6.67
       2.033     0.875000       218243         8.00
       2.091     0.887500       221309         8.89
       2.153     0.900000       224420        10.00
       2.213     0.912500       227602        11.43
       2.275     0.925000       230725        13.33
       2.337     0.937500       233790        16.00
       2.371     0.943750       235361        17.78
       2.405     0.950000       236909        20.00
       2.439     0.956250       238445        22.86
       2.477     0.962500       240052        26.67
       2.517     0.968750       241630        32.00
       2.537     0.971875       242392        35.56
       2.563     0.975000       243149        40.00
       2.591     0.978125       243934        45.71
       2.619     0.981250       244709        53.33
       2.651     0.984375       245470        64.00
       2.669     0.985938       245876        71.11
       2.689     0.987500       246250        80.00
       2.713     0.989062       246633        91.43
       2.743     0.990625       247034       106.67
       2.779     0.992188       247415       128.00
       2.799     0.992969       247618       142.22
       2.819     0.993750       247812       160.00
       2.839     0.994531       247993       182.86
       2.863     0.995313       248192       213.33
       2.891     0.996094       248381       256.00
       2.909     0.996484       248479       284.44
       2.929     0.996875       248585       320.00
       2.951     0.997266       248675       365.71
       2.977     0.997656       248772       426.67
       3.009     0.998047       248870       512.00
       3.033     0.998242       248917       568.89
       3.059     0.998437       248966       640.00
       3.097     0.998633       249016       731.43
       3.141     0.998828       249062       853.33
       3.183     0.999023       249111      1024.00
       3.215     0.999121       249135      1137.78
       3.267     0.999219       249160      1280.00
       3.321     0.999316       249185      1462.86
       3.369     0.999414       249208      1706.67
       3.445     0.999512       249233      2048.00
       3.503     0.999561       249245      2275.56
       3.543     0.999609       249258      2560.00
       3.587     0.999658       249269      2925.71
       3.635     0.999707       249281      3413.33
       3.705     0.999756       249294      4096.00
       3.751     0.999780       249300      4551.11
       3.819     0.999805       249306      5120.00
       3.841     0.999829       249312      5851.43
       3.869     0.999854       249318      6826.67
       3.881     0.999878       249324      8192.00
       3.891     0.999890       249327      9102.22
       3.917     0.999902       249330     10240.00
       3.927     0.999915       249333     11702.86
       3.951     0.999927       249336     13653.33
       4.011     0.999939       249339     16384.00
       4.093     0.999945       249341     18204.44
       4.095     0.999951       249342     20480.00
       4.183     0.999957       249344     23405.71
       4.203     0.999963       249345     27306.67
       4.283     0.999969       249347     32768.00
       4.315     0.999973       249348     36408.89
       4.315     0.999976       249348     40960.00
       4.319     0.999979       249349     46811.43
       4.331     0.999982       249350     54613.33
       4.343     0.999985       249351     65536.00
       4.343     0.999986       249351     72817.78
       4.343     0.999988       249351     81920.00
       4.635     0.999989       249352     93622.86
       4.635     0.999991       249352    109226.67
       4.711     0.999992       249353    131072.00
       4.711     0.999993       249353    145635.56
       4.711     0.999994       249353    163840.00
       4.711     0.999995       249353    187245.71
       4.711     0.999995       249353    218453.33
       5.395     0.999996       249354    262144.00
       5.395     1.000000       249354          inf
#[Mean    =        1.437, StdDeviation   =        0.490]
#[Max     =        5.392, Total count    =       249354]
#[Buckets =           27, SubBuckets     =         2048]
----------------------------------------------------------
  298558 requests in 1.00m, 48.40MB read
Requests/sec:   4975.86
Transfer/sec:    826.07KB
