Running 1m test @ http://erik-pc.local:8080/fruits
  4 threads and 100 connections
  Thread calibration: mean lat.: 1.705ms, rate sampling interval: 10ms
  Thread calibration: mean lat.: 1.722ms, rate sampling interval: 10ms
  Thread calibration: mean lat.: 1.736ms, rate sampling interval: 10ms
  Thread calibration: mean lat.: 1.930ms, rate sampling interval: 10ms
  Thread Stats   Avg      Stdev     Max   +/- Stdev
    Latency     1.76ms  640.59us   8.12ms   64.86%
    Req/Sec     3.95k   597.90     6.44k    74.66%
  Latency Distribution (HdrHistogram - Recorded Latency)
 50.000%    1.70ms
 75.000%    2.21ms
 90.000%    2.61ms
 99.000%    3.33ms
 99.900%    4.26ms
 99.990%    5.46ms
 99.999%    7.51ms
100.000%    8.12ms

  Detailed Percentile spectrum:
       Value   Percentile   TotalCount 1/(1-Percentile)

       0.412     0.000000            1         1.00
       0.950     0.100000        75088         1.11
       1.158     0.200000       149837         1.25
       1.341     0.300000       224473         1.43
       1.521     0.400000       299542         1.67
       1.698     0.500000       374368         2.00
       1.791     0.550000       411527         2.22
       1.887     0.600000       448909         2.50
       1.990     0.650000       486543         2.86
       2.099     0.700000       524170         3.33
       2.211     0.750000       561230         4.00
       2.271     0.775000       580392         4.44
       2.331     0.800000       598643         5.00
       2.395     0.825000       617376         5.71
       2.461     0.850000       635933         6.67
       2.533     0.875000       654642         8.00
       2.573     0.887500       664257         8.89
       2.613     0.900000       673367        10.00
       2.659     0.912500       682673        11.43
       2.713     0.925000       692214        13.33
       2.771     0.937500       701411        16.00
       2.805     0.943750       706295        17.78
       2.841     0.950000       710901        20.00
       2.881     0.956250       715569        22.86
       2.925     0.962500       720196        26.67
       2.975     0.968750       724747        32.00
       3.007     0.971875       727196        35.56
       3.041     0.975000       729480        40.00
       3.081     0.978125       731855        45.71
       3.125     0.981250       734180        53.33
       3.179     0.984375       736484        64.00
       3.211     0.985938       737610        71.11
       3.251     0.987500       738785        80.00
       3.299     0.989062       739965        91.43
       3.351     0.990625       741115       106.67
       3.419     0.992188       742275       128.00
       3.461     0.992969       742859       142.22
       3.511     0.993750       743451       160.00
       3.563     0.994531       744029       182.86
       3.629     0.995313       744614       213.33
       3.703     0.996094       745210       256.00
       3.749     0.996484       745493       284.44
       3.795     0.996875       745780       320.00
       3.851     0.997266       746078       365.71
       3.907     0.997656       746363       426.67
       3.987     0.998047       746665       512.00
       4.027     0.998242       746801       568.89
       4.077     0.998437       746953       640.00
       4.127     0.998633       747094       731.43
       4.199     0.998828       747243       853.33
       4.267     0.999023       747387      1024.00
       4.319     0.999121       747466      1137.78
       4.363     0.999219       747531      1280.00
       4.423     0.999316       747605      1462.86
       4.503     0.999414       747679      1706.67
       4.587     0.999512       747754      2048.00
       4.639     0.999561       747787      2275.56
       4.707     0.999609       747823      2560.00
       4.783     0.999658       747860      2925.71
       4.871     0.999707       747897      3413.33
       4.963     0.999756       747933      4096.00
       5.027     0.999780       747952      4551.11
       5.107     0.999805       747970      5120.00
       5.203     0.999829       747989      5851.43
       5.279     0.999854       748006      6826.67
       5.359     0.999878       748025      8192.00
       5.423     0.999890       748033      9102.22
       5.475     0.999902       748042     10240.00
       5.611     0.999915       748052     11702.86
       5.675     0.999927       748061     13653.33
       5.823     0.999939       748070     16384.00
       5.863     0.999945       748074     18204.44
       5.975     0.999951       748079     20480.00
       6.055     0.999957       748084     23405.71
       6.111     0.999963       748088     27306.67
       6.227     0.999969       748093     32768.00
       6.275     0.999973       748095     36408.89
       6.459     0.999976       748097     40960.00
       6.603     0.999979       748100     46811.43
       6.647     0.999982       748102     54613.33
       6.871     0.999985       748104     65536.00
       7.287     0.999986       748105     72817.78
       7.339     0.999988       748106     81920.00
       7.515     0.999989       748108     93622.86
       7.559     0.999991       748109    109226.67
       7.619     0.999992       748110    131072.00
       7.619     0.999993       748110    145635.56
       7.751     0.999994       748111    163840.00
       7.755     0.999995       748112    187245.71
       7.755     0.999995       748112    218453.33
       7.855     0.999996       748113    262144.00
       7.855     0.999997       748113    291271.11
       7.855     0.999997       748113    327680.00
       8.067     0.999997       748114    374491.43
       8.067     0.999998       748114    436906.67
       8.067     0.999998       748114    524288.00
       8.067     0.999998       748114    582542.22
       8.067     0.999998       748114    655360.00
       8.123     0.999999       748115    748982.86
       8.123     1.000000       748115          inf
#[Mean    =        1.755, StdDeviation   =        0.641]
#[Max     =        8.120, Total count    =       748115]
#[Buckets =           27, SubBuckets     =         2048]
----------------------------------------------------------
  895590 requests in 1.00m, 145.20MB read
Requests/sec:  14926.43
Transfer/sec:      2.42MB
